-3.56203 -3.56465
-3.55499 -3.55619
-3.5534 -3.55295
-3.56634 -3.5667
-3.5587 -3.55741
-3.54932 -3.54908
-3.55891 -3.55765
-3.56333 -3.56288
-3.56045 -3.56001
-3.56009 -3.56102
-3.5617 -3.56286
-3.55265 -3.55275
-3.55785 -3.55745
-3.55406 -3.55563
-3.56688 -3.56705
-3.55918 -3.56066
-3.55353 -3.55491
-3.55619 -3.55678
-3.57005 -3.56991
-3.55098 -3.54975
-3.5602 -3.55986
-3.54932 -3.54909
-3.56019 -3.56082
-3.55856 -3.5589
-3.55451 -3.55581
-3.54511 -3.54614
-3.5514 -3.55044
-3.55839 -3.55806
-3.56148 -3.56024
-3.55352 -3.55427
-3.55708 -3.55649
-3.55606 -3.55585
-3.55554 -3.55368
-3.55472 -3.55308
-3.55663 -3.55522
-3.55419 -3.55444
-3.56077 -3.55869
-3.55748 -3.55606
-3.54833 -3.5469
-3.55211 -3.55237
-3.54848 -3.55065
-3.55656 -3.55754
-3.55378 -3.55305
-3.55953 -3.55922
-3.55559 -3.55308
-3.5576 -3.55809
-3.56059 -3.56188
-3.55469 -3.55403
-3.56904 -3.56965
-3.56057 -3.56095
-3.5471 -3.54768
-3.58469 -3.58363
-3.50555 -3.50511
-3.56851 -3.56857
-3.49116 -3.4927
-3.55683 -3.55583
-3.52461 -3.52373
-3.60091 -3.60236
-3.5424 -3.54134
-3.5304 -3.52764
-3.57519 -3.57474
-3.56139 -3.56175
-3.49709 -3.49719
-3.602 -3.60159
-3.59257 -3.59293
-3.58549 -3.58376
-3.55449 -3.55685
-3.52533 -3.52584
-3.58179 -3.57888
-3.58744 -3.59102
-3.61415 -3.61536
-3.58568 -3.58632
-3.49616 -3.497
-3.62069 -3.62179
-3.4652 -3.4647
-3.64342 -3.64397
-3.64051 -3.64046
-3.63851 -3.63846
-3.63505 -3.63486
-3.64149 -3.64144
-3.63861 -3.63831
-3.64457 -3.64456
-3.64198 -3.64245
-3.64519 -3.64557
-3.63589 -3.63548
-3.64413 -3.64433
-3.62133 -3.62093
-3.64507 -3.64545
-3.63282 -3.63244
-3.64119 -3.64115
-3.63398 -3.63376
-3.62549 -3.62511
-3.64397 -3.64415
-3.64457 -3.64484
-3.64422 -3.64444
-3.64495 -3.6452
-3.62639 -3.62601
-3.64459 -3.6446
-3.62209 -3.62167
-3.64343 -3.64407
