100     0.34034    0.03284    0.04046    0.00657      0.24140      0.09528      0.00000      0.00000      0.00000      
200     0.31005    0.03296    0.04127    0.00638      0.21108      0.09177      0.00000      0.00000      0.00000      
300     0.28530    0.03235    0.04056    0.01036      0.19109      0.05470      0.00000      0.00000      0.00000      
400     0.29026    0.03559    0.04453    0.00638      0.19010      0.06829      0.00000      0.00000      0.00000      
500     0.28278    0.03680    0.04612    0.00706      0.18054      0.06131      0.00000      0.00000      0.00000      
600     0.28907    0.03926    0.04946    0.00683      0.18028      0.06622      0.00000      0.00000      0.00000      
700     0.27471    0.03830    0.04857    0.00539      0.17582      0.03319      0.00000      0.00000      0.00000      
800     0.29417    0.04246    0.05364    0.00603      0.17074      0.10649      0.00000      0.00000      0.00000      
900     0.28276    0.04143    0.05312    0.00515      0.16375      0.09656      0.00000      0.00000      0.00000      
1000    0.26544    0.04041    0.05139    0.00805      0.15891      0.03342      0.00000      0.00000      0.00000      
1100    0.26266    0.04092    0.05208    0.00582      0.15329      0.05273      0.00000      0.00000      0.00000      
1200    0.27753    0.04443    0.05639    0.01291      0.15338      0.05207      0.00000      0.00000      0.00000      
1300    0.27601    0.04519    0.05727    0.00503      0.16221      0.03160      0.00000      0.00000      0.00000      
1400    0.26766    0.04475    0.05675    0.00292      0.15037      0.06433      0.00000      0.00000      0.00000      
1500    0.27548    0.04686    0.05916    0.00313      0.15719      0.04571      0.00000      0.00000      0.00000      
1600    0.26460    0.04548    0.05792    0.00382      0.14811      0.04628      0.00000      0.00000      0.00000      
1700    0.26734    0.04689    0.05972    0.00300      0.14274      0.07490      0.00000      0.00000      0.00000      
1800    0.24780    0.04391    0.05626    0.00391      0.13618      0.03774      0.00000      0.00000      0.00000      
1900    0.26707    0.04797    0.06139    0.00246      0.14393      0.05661      0.00000      0.00000      0.00000      
2000    0.25791    0.04630    0.05967    0.00572      0.13725      0.04480      0.00000      0.00000      0.00000      
2100    0.26382    0.04820    0.06169    0.00355      0.13786      0.06266      0.00000      0.00000      0.00000      
2200    0.26258    0.04849    0.06206    0.00406      0.13864      0.04664      0.00000      0.00000      0.00000      
2300    0.25028    0.04682    0.05973    0.00377      0.13597      0.01994      0.00000      0.00000      0.00000      
2400    0.25579    0.04828    0.06170    0.00256      0.13472      0.04263      0.00000      0.00000      0.00000      
2500    0.25357    0.04830    0.06145    0.00289      0.12705      0.06942      0.00000      0.00000      0.00000      
2600    0.25487    0.04880    0.06233    0.00380      0.13154      0.04209      0.00000      0.00000      0.00000      
2700    0.25485    0.04916    0.06269    0.00471      0.13221      0.03040      0.00000      0.00000      0.00000      
2800    0.24376    0.04712    0.06064    0.00381      0.12368      0.04257      0.00000      0.00000      0.00000      
2900    0.22505    0.04402    0.05643    0.00245      0.11678      0.02687      0.00000      0.00000      0.00000      
3000    0.23646    0.04664    0.06005    0.00241      0.12133      0.03016      0.00000      0.00000      0.00000      
3100    0.24400    0.04876    0.06275    0.00337      0.12049      0.04316      0.00000      0.00000      0.00000      
3200    0.23978    0.04788    0.06168    0.00237      0.12260      0.02628      0.00000      0.00000      0.00000      
3300    0.24162    0.04864    0.06262    0.00242      0.12264      0.02650      0.00000      0.00000      0.00000      
3400    0.24354    0.04931    0.06369    0.00268      0.12226      0.02802      0.00000      0.00000      0.00000      
3500    0.24247    0.04905    0.06363    0.00333      0.11892      0.03770      0.00000      0.00000      0.00000      
3600    0.23762    0.04861    0.06326    0.00279      0.11795      0.02508      0.00000      0.00000      0.00000      
3700    0.23207    0.04739    0.06165    0.00277      0.11521      0.02526      0.00000      0.00000      0.00000      
3800    0.23861    0.04919    0.06385    0.00308      0.11415      0.04170      0.00000      0.00000      0.00000      
3900    0.24159    0.05042    0.06542    0.00239      0.11725      0.03051      0.00000      0.00000      0.00000      
4000    0.23705    0.04923    0.06406    0.00378      0.11358      0.03199      0.00000      0.00000      0.00000      
4100    0.22677    0.04735    0.06158    0.00181      0.10984      0.03098      0.00000      0.00000      0.00000      
4200    0.24120    0.05042    0.06563    0.00239      0.11300      0.04882      0.00000      0.00000      0.00000      
4300    0.23329    0.04923    0.06397    0.00440      0.11098      0.02354      0.00000      0.00000      0.00000      
4400    0.22919    0.04875    0.06349    0.00265      0.10624      0.04029      0.00000      0.00000      0.00000      
4500    0.22984    0.04895    0.06370    0.00245      0.10852      0.03110      0.00000      0.00000      0.00000      
4600    0.23405    0.05023    0.06500    0.00241      0.11305      0.01680      0.00000      0.00000      0.00000      
4700    0.22294    0.04812    0.06224    0.00220      0.10589      0.02242      0.00000      0.00000      0.00000      
4800    0.22852    0.04944    0.06411    0.00266      0.10817      0.02069      0.00000      0.00000      0.00000      
4900    0.22438    0.04881    0.06298    0.00205      0.10683      0.01854      0.00000      0.00000      0.00000      
5000    0.23142    0.05046    0.06548    0.00214      0.10579      0.03779      0.00000      0.00000      0.00000      
5100    0.22002    0.04820    0.06270    0.00292      0.10327      0.01465      0.00000      0.00000      0.00000      
5200    0.22357    0.04878    0.06358    0.00300      0.10425      0.01986      0.00000      0.00000      0.00000      
5300    0.22191    0.04862    0.06326    0.00254      0.10344      0.02020      0.00000      0.00000      0.00000      
5400    0.22607    0.04955    0.06468    0.00448      0.10324      0.02059      0.00000      0.00000      0.00000      
5500    0.22064    0.04859    0.06322    0.00201      0.10367      0.01576      0.00000      0.00000      0.00000      
5600    0.21861    0.04841    0.06303    0.00172      0.10106      0.02191      0.00000      0.00000      0.00000      
5700    0.21695    0.04813    0.06249    0.00230      0.10122      0.01402      0.00000      0.00000      0.00000      
5800    0.22439    0.05004    0.06497    0.00201      0.10158      0.02897      0.00000      0.00000      0.00000      
5900    0.22261    0.04964    0.06465    0.00286      0.10114      0.02159      0.00000      0.00000      0.00000      
6000    0.22029    0.04915    0.06412    0.00239      0.10066      0.01985      0.00000      0.00000      0.00000      
6100    0.22011    0.04920    0.06440    0.00248      0.09991      0.02052      0.00000      0.00000      0.00000      
6200    0.21519    0.04828    0.06318    0.00206      0.09847      0.01607      0.00000      0.00000      0.00000      
6300    0.21746    0.04884    0.06379    0.00175      0.09914      0.01970      0.00000      0.00000      0.00000      
6400    0.21462    0.04839    0.06320    0.00194      0.09838      0.01355      0.00000      0.00000      0.00000      
6500    0.21567    0.04875    0.06377    0.00192      0.09745      0.01898      0.00000      0.00000      0.00000      
6600    0.21753    0.04913    0.06466    0.00247      0.09805      0.01609      0.00000      0.00000      0.00000      
6700    0.21322    0.04811    0.06346    0.00245      0.09650      0.01354      0.00000      0.00000      0.00000      
6800    0.21576    0.04877    0.06437    0.00255      0.09650      0.01790      0.00000      0.00000      0.00000      
6900    0.21395    0.04833    0.06396    0.00218      0.09493      0.02273      0.00000      0.00000      0.00000      
7000    0.21273    0.04834    0.06374    0.00243      0.09480      0.01707      0.00000      0.00000      0.00000      
7100    0.21438    0.04873    0.06427    0.00241      0.09407      0.02453      0.00000      0.00000      0.00000      
7200    0.21309    0.04843    0.06371    0.00208      0.09497      0.01949      0.00000      0.00000      0.00000      
7300    0.21172    0.04831    0.06352    0.00173      0.09550      0.01329      0.00000      0.00000      0.00000      
7400    0.20863    0.04757    0.06295    0.00161      0.09344      0.01536      0.00000      0.00000      0.00000      
7500    0.21324    0.04858    0.06425    0.00292      0.09460      0.01443      0.00000      0.00000      0.00000      
7600    0.20810    0.04740    0.06271    0.00233      0.09258      0.01540      0.00000      0.00000      0.00000      
7700    0.20386    0.04651    0.06161    0.00216      0.09105      0.01262      0.00000      0.00000      0.00000      
7800    0.20729    0.04717    0.06275    0.00204      0.08986      0.02735      0.00000      0.00000      0.00000      
7900    0.20557    0.04683    0.06244    0.00162      0.09090      0.01890      0.00000      0.00000      0.00000      
8000    0.20732    0.04736    0.06260    0.00266      0.09148      0.01610      0.00000      0.00000      0.00000      
8100    0.20525    0.04688    0.06217    0.00159      0.09153      0.01537      0.00000      0.00000      0.00000      
8200    0.20301    0.04627    0.06151    0.00230      0.09009      0.01414      0.00000      0.00000      0.00000      
8300    0.20466    0.04663    0.06200    0.00192      0.09135      0.01384      0.00000      0.00000      0.00000      
8400    0.20318    0.04626    0.06162    0.00172      0.09011      0.01731      0.00000      0.00000      0.00000      
8500    0.20413    0.04656    0.06184    0.00156      0.09157      0.01306      0.00000      0.00000      0.00000      
8600    0.19939    0.04534    0.06031    0.00239      0.08891      0.01218      0.00000      0.00000      0.00000      
8700    0.19975    0.04558    0.06056    0.00162      0.08953      0.01231      0.00000      0.00000      0.00000      
8800    0.19920    0.04537    0.06007    0.00151      0.08987      0.01185      0.00000      0.00000      0.00000      
8900    0.19947    0.04539    0.06037    0.00151      0.08825      0.01971      0.00000      0.00000      0.00000      
9000    0.19850    0.04511    0.06025    0.00195      0.08874      0.01226      0.00000      0.00000      0.00000      
9100    0.19493    0.04437    0.05880    0.00179      0.08784      0.01066      0.00000      0.00000      0.00000      
9200    0.19933    0.04526    0.06016    0.00256      0.08804      0.01659      0.00000      0.00000      0.00000      
9300    0.19578    0.04448    0.05900    0.00165      0.08793      0.01357      0.00000      0.00000      0.00000      
9400    0.19678    0.04471    0.05913    0.00163      0.08881      0.01254      0.00000      0.00000      0.00000      
9500    0.19682    0.04482    0.05909    0.00148      0.08824      0.01597      0.00000      0.00000      0.00000      
9600    0.19411    0.04402    0.05835    0.00217      0.08700      0.01285      0.00000      0.00000      0.00000      
9700    0.19237    0.04381    0.05774    0.00168      0.08681      0.01168      0.00000      0.00000      0.00000      
9800    0.19439    0.04431    0.05823    0.00198      0.08721      0.01333      0.00000      0.00000      0.00000      
9900    0.19419    0.04414    0.05835    0.00171      0.08691      0.01544      0.00000      0.00000      0.00000      
10000   0.19300    0.04373    0.05791    0.00132      0.08725      0.01394      0.00000      0.00000      0.00000      
10100   0.19053    0.04315    0.05727    0.00150      0.08594      0.01332      0.00000      0.00000      0.00000      
10200   0.19114    0.04304    0.05749    0.00204      0.08563      0.01471      0.00000      0.00000      0.00000      
10300   0.19107    0.04310    0.05742    0.00150      0.08551      0.01775      0.00000      0.00000      0.00000      
10400   0.19135    0.04336    0.05743    0.00154      0.08663      0.01194      0.00000      0.00000      0.00000      
10500   0.18912    0.04287    0.05669    0.00199      0.08512      0.01228      0.00000      0.00000      0.00000      
10600   0.19021    0.04301    0.05689    0.00233      0.08575      0.01114      0.00000      0.00000      0.00000      
10700   0.19083    0.04324    0.05699    0.00191      0.08643      0.01126      0.00000      0.00000      0.00000      
10800   0.18962    0.04297    0.05676    0.00164      0.08593      0.01159      0.00000      0.00000      0.00000      
10900   0.19182    0.04348    0.05748    0.00170      0.08604      0.01560      0.00000      0.00000      0.00000      
11000   0.18909    0.04265    0.05664    0.00156      0.08544      0.01399      0.00000      0.00000      0.00000      
11100   0.18762    0.04233    0.05598    0.00143      0.08549      0.01192      0.00000      0.00000      0.00000      
11200   0.18697    0.04189    0.05565    0.00137      0.08502      0.01518      0.00000      0.00000      0.00000      
11300   0.18682    0.04191    0.05547    0.00157      0.08469      0.01587      0.00000      0.00000      0.00000      
11400   0.18655    0.04169    0.05523    0.00151      0.08591      0.01102      0.00000      0.00000      0.00000      
11500   0.18469    0.04115    0.05471    0.00161      0.08479      0.01215      0.00000      0.00000      0.00000      
11600   0.18362    0.04098    0.05421    0.00149      0.08453      0.01203      0.00000      0.00000      0.00000      
11700   0.18330    0.04066    0.05405    0.00156      0.08455      0.01244      0.00000      0.00000      0.00000      
11800   0.18312    0.04065    0.05372    0.00231      0.08364      0.01396      0.00000      0.00000      0.00000      
11900   0.18198    0.04057    0.05344    0.00154      0.08405      0.01194      0.00000      0.00000      0.00000      
12000   0.18013    0.04003    0.05269    0.00142      0.08373      0.01133      0.00000      0.00000      0.00000      
12100   0.18208    0.04057    0.05350    0.00148      0.08369      0.01426      0.00000      0.00000      0.00000      
12200   0.18179    0.04042    0.05342    0.00144      0.08418      0.01160      0.00000      0.00000      0.00000      
12300   0.18008    0.04013    0.05308    0.00155      0.08335      0.00988      0.00000      0.00000      0.00000      
12400   0.18200    0.04059    0.05367    0.00170      0.08349      0.01275      0.00000      0.00000      0.00000      
12500   0.18059    0.04006    0.05306    0.00157      0.08371      0.01093      0.00000      0.00000      0.00000      
12600   0.18097    0.04008    0.05296    0.00149      0.08428      0.01077      0.00000      0.00000      0.00000      
12700   0.18148    0.04016    0.05310    0.00143      0.08446      0.01163      0.00000      0.00000      0.00000      
12800   0.17824    0.03962    0.05215    0.00142      0.08295      0.01057      0.00000      0.00000      0.00000      
12900   0.17901    0.03963    0.05215    0.00163      0.08366      0.00969      0.00000      0.00000      0.00000      
13000   0.17833    0.03968    0.05190    0.00181      0.08295      0.00996      0.00000      0.00000      0.00000      
13100   0.17756    0.03935    0.05163    0.00187      0.08221      0.01246      0.00000      0.00000      0.00000      
13200   0.17821    0.03960    0.05180    0.00157      0.08316      0.01037      0.00000      0.00000      0.00000      
13300   0.17712    0.03927    0.05156    0.00144      0.08264      0.01106      0.00000      0.00000      0.00000      
13400   0.17471    0.03879    0.05067    0.00154      0.08179      0.00963      0.00000      0.00000      0.00000      
13500   0.17366    0.03849    0.05028    0.00172      0.08111      0.01035      0.00000      0.00000      0.00000      
13600   0.17530    0.03892    0.05088    0.00147      0.08202      0.01007      0.00000      0.00000      0.00000      
13700   0.17357    0.03851    0.05032    0.00165      0.08086      0.01121      0.00000      0.00000      0.00000      
13800   0.17348    0.03834    0.05036    0.00171      0.08107      0.01003      0.00000      0.00000      0.00000      
13900   0.17439    0.03849    0.05042    0.00153      0.08157      0.01193      0.00000      0.00000      0.00000      
14000   0.17242    0.03791    0.04975    0.00136      0.08099      0.01209      0.00000      0.00000      0.00000      
14100   0.17336    0.03811    0.05007    0.00131      0.08157      0.01149      0.00000      0.00000      0.00000      
14200   0.17251    0.03783    0.04980    0.00139      0.08132      0.01081      0.00000      0.00000      0.00000      
14300   0.17245    0.03771    0.04956    0.00188      0.08140      0.00953      0.00000      0.00000      0.00000      
14400   0.17154    0.03756    0.04941    0.00150      0.08073      0.01167      0.00000      0.00000      0.00000      
14500   0.17109    0.03741    0.04932    0.00133      0.08068      0.01172      0.00000      0.00000      0.00000      
14600   0.17046    0.03716    0.04900    0.00169      0.08055      0.01029      0.00000      0.00000      0.00000      
14700   0.16928    0.03699    0.04863    0.00137      0.07994      0.01178      0.00000      0.00000      0.00000      
14800   0.17079    0.03715    0.04893    0.00179      0.08062      0.01153      0.00000      0.00000      0.00000      
14900   0.16915    0.03671    0.04819    0.00142      0.08033      0.01245      0.00000      0.00000      0.00000      
15000   0.16790    0.03627    0.04764    0.00141      0.08030      0.01141      0.00000      0.00000      0.00000      
15100   0.16891    0.03647    0.04809    0.00136      0.08036      0.01312      0.00000      0.00000      0.00000      
15200   0.16731    0.03615    0.04766    0.00138      0.08011      0.01003      0.00000      0.00000      0.00000      
15300   0.16706    0.03599    0.04758    0.00154      0.08001      0.00971      0.00000      0.00000      0.00000      
15400   0.16630    0.03564    0.04716    0.00136      0.07997      0.01081      0.00000      0.00000      0.00000      
15500   0.16469    0.03503    0.04649    0.00137      0.07932      0.01242      0.00000      0.00000      0.00000      
15600   0.16448    0.03498    0.04652    0.00143      0.07954      0.01006      0.00000      0.00000      0.00000      
15700   0.16368    0.03465    0.04612    0.00133      0.07940      0.01097      0.00000      0.00000      0.00000      
15800   0.16384    0.03448    0.04597    0.00135      0.07967      0.01185      0.00000      0.00000      0.00000      
15900   0.16332    0.03429    0.04575    0.00144      0.07988      0.00982      0.00000      0.00000      0.00000      
16000   0.16297    0.03433    0.04567    0.00141      0.07929      0.01135      0.00000      0.00000      0.00000      
16100   0.16378    0.03447    0.04592    0.00146      0.07909      0.01422      0.00000      0.00000      0.00000      
16200   0.16375    0.03441    0.04588    0.00188      0.07969      0.00943      0.00000      0.00000      0.00000      
16300   0.16226    0.03391    0.04543    0.00144      0.07943      0.01026      0.00000      0.00000      0.00000      
16400   0.16036    0.03349    0.04482    0.00152      0.07861      0.00960      0.00000      0.00000      0.00000      
16500   0.16027    0.03366    0.04479    0.00140      0.07843      0.01000      0.00000      0.00000      0.00000      
16600   0.16140    0.03374    0.04505    0.00184      0.07885      0.00958      0.00000      0.00000      0.00000      
16700   0.16027    0.03340    0.04450    0.00150      0.07861      0.01126      0.00000      0.00000      0.00000      
16800   0.15938    0.03311    0.04417    0.00178      0.07833      0.00999      0.00000      0.00000      0.00000      
16900   0.15859    0.03282    0.04379    0.00130      0.07880      0.00938      0.00000      0.00000      0.00000      
17000   0.15863    0.03275    0.04385    0.00169      0.07828      0.01030      0.00000      0.00000      0.00000      
17100   0.15778    0.03254    0.04349    0.00141      0.07845      0.00946      0.00000      0.00000      0.00000      
17200   0.15710    0.03227    0.04317    0.00134      0.07843      0.00941      0.00000      0.00000      0.00000      
17300   0.15693    0.03216    0.04314    0.00152      0.07815      0.00981      0.00000      0.00000      0.00000      
17400   0.15652    0.03200    0.04282    0.00141      0.07815      0.01075      0.00000      0.00000      0.00000      
17500   0.15560    0.03163    0.04248    0.00142      0.07804      0.01010      0.00000      0.00000      0.00000      
17600   0.15530    0.03150    0.04232    0.00137      0.07786      0.01123      0.00000      0.00000      0.00000      
17700   0.15546    0.03143    0.04213    0.00170      0.07796      0.01119      0.00000      0.00000      0.00000      
17800   0.15421    0.03097    0.04174    0.00173      0.07781      0.00977      0.00000      0.00000      0.00000      
17900   0.15442    0.03125    0.04185    0.00160      0.07780      0.00956      0.00000      0.00000      0.00000      
18000   0.15382    0.03105    0.04172    0.00143      0.07773      0.00943      0.00000      0.00000      0.00000      
18100   0.15403    0.03123    0.04175    0.00139      0.07779      0.00941      0.00000      0.00000      0.00000      
18200   0.15426    0.03118    0.04184    0.00142      0.07783      0.00995      0.00000      0.00000      0.00000      
18300   0.15365    0.03096    0.04158    0.00160      0.07762      0.00952      0.00000      0.00000      0.00000      
18400   0.15412    0.03104    0.04169    0.00152      0.07788      0.00993      0.00000      0.00000      0.00000      
18500   0.15373    0.03095    0.04160    0.00147      0.07748      0.01113      0.00000      0.00000      0.00000      
18600   0.15274    0.03073    0.04131    0.00141      0.07733      0.00986      0.00000      0.00000      0.00000      
18700   0.15184    0.03041    0.04090    0.00141      0.07715      0.00981      0.00000      0.00000      0.00000      
18800   0.15203    0.03042    0.04090    0.00135      0.07736      0.01002      0.00000      0.00000      0.00000      
18900   0.15177    0.03032    0.04068    0.00158      0.07699      0.01105      0.00000      0.00000      0.00000      
19000   0.15134    0.03016    0.04056    0.00126      0.07729      0.01034      0.00000      0.00000      0.00000      
19100   0.15087    0.03005    0.04036    0.00132      0.07701      0.01065      0.00000      0.00000      0.00000      
19200   0.15055    0.02973    0.04013    0.00144      0.07737      0.00949      0.00000      0.00000      0.00000      
19300   0.15027    0.02965    0.03989    0.00132      0.07744      0.00981      0.00000      0.00000      0.00000      
19400   0.14954    0.02938    0.03967    0.00132      0.07731      0.00934      0.00000      0.00000      0.00000      
19500   0.14936    0.02927    0.03956    0.00140      0.07725      0.00938      0.00000      0.00000      0.00000      
19600   0.14873    0.02896    0.03926    0.00137      0.07717      0.00991      0.00000      0.00000      0.00000      
19700   0.14730    0.02861    0.03879    0.00128      0.07679      0.00913      0.00000      0.00000      0.00000      
19800   0.14753    0.02863    0.03878    0.00143      0.07673      0.00987      0.00000      0.00000      0.00000      
19900   0.14666    0.02835    0.03843    0.00139      0.07674      0.00875      0.00000      0.00000      0.00000      
20000   0.14733    0.02845    0.03863    0.00181      0.07656      0.00940      0.00000      0.00000      0.00000      
20100   0.14617    0.02812    0.03816    0.00136      0.07667      0.00929      0.00000      0.00000      0.00000      
20200   0.14515    0.02780    0.03775    0.00139      0.07637      0.00919      0.00000      0.00000      0.00000      
20300   0.14535    0.02777    0.03771    0.00134      0.07657      0.00986      0.00000      0.00000      0.00000      
20400   0.14530    0.02775    0.03762    0.00123      0.07680      0.00950      0.00000      0.00000      0.00000      
20500   0.14504    0.02760    0.03737    0.00142      0.07652      0.01065      0.00000      0.00000      0.00000      
20600   0.14387    0.02723    0.03698    0.00125      0.07638      0.01016      0.00000      0.00000      0.00000      
20700   0.14416    0.02735    0.03701    0.00123      0.07665      0.00961      0.00000      0.00000      0.00000      
20800   0.14388    0.02717    0.03687    0.00134      0.07660      0.00947      0.00000      0.00000      0.00000      
20900   0.14293    0.02664    0.03640    0.00139      0.07655      0.00971      0.00000      0.00000      0.00000      
21000   0.14219    0.02653    0.03617    0.00128      0.07629      0.00965      0.00000      0.00000      0.00000      
21100   0.14166    0.02612    0.03588    0.00158      0.07624      0.00923      0.00000      0.00000      0.00000      
21200   0.14153    0.02614    0.03584    0.00136      0.07633      0.00929      0.00000      0.00000      0.00000      
21300   0.14174    0.02618    0.03580    0.00159      0.07627      0.00953      0.00000      0.00000      0.00000      
21400   0.14114    0.02590    0.03554    0.00138      0.07637      0.00974      0.00000      0.00000      0.00000      
21500   0.14095    0.02578    0.03543    0.00149      0.07631      0.00971      0.00000      0.00000      0.00000      
21600   0.14023    0.02548    0.03508    0.00142      0.07635      0.00947      0.00000      0.00000      0.00000      
21700   0.13976    0.02537    0.03484    0.00136      0.07622      0.00986      0.00000      0.00000      0.00000      
21800   0.13942    0.02516    0.03466    0.00131      0.07613      0.01079      0.00000      0.00000      0.00000      
21900   0.13886    0.02490    0.03440    0.00154      0.07601      0.01007      0.00000      0.00000      0.00000      
22000   0.13867    0.02495    0.03432    0.00128      0.07628      0.00924      0.00000      0.00000      0.00000      
22100   0.13816    0.02474    0.03421    0.00131      0.07609      0.00905      0.00000      0.00000      0.00000      
22200   0.13819    0.02447    0.03403    0.00145      0.07633      0.00956      0.00000      0.00000      0.00000      
22300   0.13776    0.02462    0.03403    0.00130      0.07603      0.00894      0.00000      0.00000      0.00000      
22400   0.13767    0.02456    0.03397    0.00130      0.07595      0.00943      0.00000      0.00000      0.00000      
22500   0.13733    0.02445    0.03376    0.00135      0.07578      0.00989      0.00000      0.00000      0.00000      
22600   0.13697    0.02424    0.03357    0.00136      0.07589      0.00952      0.00000      0.00000      0.00000      
22700   0.13685    0.02421    0.03351    0.00128      0.07590      0.00978      0.00000      0.00000      0.00000      
22800   0.13628    0.02404    0.03327    0.00124      0.07582      0.00957      0.00000      0.00000      0.00000      
22900   0.13601    0.02395    0.03312    0.00129      0.07569      0.00976      0.00000      0.00000      0.00000      
23000   0.13597    0.02384    0.03312    0.00131      0.07569      0.01002      0.00000      0.00000      0.00000      
23100   0.13542    0.02357    0.03280    0.00139      0.07575      0.00953      0.00000      0.00000      0.00000      
23200   0.13513    0.02332    0.03256    0.00149      0.07581      0.00974      0.00000      0.00000      0.00000      
23300   0.13435    0.02315    0.03238    0.00126      0.07563      0.00964      0.00000      0.00000      0.00000      
23400   0.13405    0.02303    0.03214    0.00125      0.07572      0.00956      0.00000      0.00000      0.00000      
23500   0.13395    0.02303    0.03201    0.00136      0.07560      0.00977      0.00000      0.00000      0.00000      
23600   0.13354    0.02283    0.03191    0.00130      0.07560      0.00949      0.00000      0.00000      0.00000      
23700   0.13348    0.02288    0.03192    0.00124      0.07540      0.01017      0.00000      0.00000      0.00000      
23800   0.13357    0.02276    0.03190    0.00122      0.07557      0.01062      0.00000      0.00000      0.00000      
23900   0.13301    0.02262    0.03173    0.00123      0.07560      0.00915      0.00000      0.00000      0.00000      
24000   0.13286    0.02252    0.03157    0.00136      0.07557      0.00918      0.00000      0.00000      0.00000      
24100   0.13240    0.02235    0.03141    0.00137      0.07545      0.00915      0.00000      0.00000      0.00000      
24200   0.13202    0.02224    0.03121    0.00132      0.07530      0.00976      0.00000      0.00000      0.00000      
24300   0.13212    0.02232    0.03128    0.00128      0.07545      0.00895      0.00000      0.00000      0.00000      
24400   0.13184    0.02226    0.03121    0.00130      0.07526      0.00902      0.00000      0.00000      0.00000      
24500   0.13187    0.02220    0.03117    0.00143      0.07524      0.00919      0.00000      0.00000      0.00000      
24600   0.13139    0.02211    0.03103    0.00128      0.07515      0.00906      0.00000      0.00000      0.00000      
24700   0.13080    0.02180    0.03078    0.00127      0.07518      0.00891      0.00000      0.00000      0.00000      
24800   0.13092    0.02182    0.03076    0.00131      0.07525      0.00888      0.00000      0.00000      0.00000      
24900   0.13016    0.02150    0.03045    0.00130      0.07510      0.00902      0.00000      0.00000      0.00000      
25000   0.13002    0.02148    0.03042    0.00127      0.07506      0.00895      0.00000      0.00000      0.00000      
25100   0.12955    0.02135    0.03027    0.00131      0.07484      0.00887      0.00000      0.00000      0.00000      
25200   0.12988    0.02144    0.03032    0.00130      0.07514      0.00835      0.00000      0.00000      0.00000      
25300   0.12945    0.02131    0.03014    0.00126      0.07495      0.00895      0.00000      0.00000      0.00000      
25400   0.12967    0.02143    0.03016    0.00126      0.07503      0.00891      0.00000      0.00000      0.00000      
25500   0.12988    0.02150    0.03018    0.00134      0.07508      0.00893      0.00000      0.00000      0.00000      
25600   0.12968    0.02142    0.03012    0.00124      0.07497      0.00961      0.00000      0.00000      0.00000      
25700   0.12937    0.02124    0.02993    0.00124      0.07517      0.00891      0.00000      0.00000      0.00000      
25800   0.12911    0.02119    0.02983    0.00130      0.07502      0.00888      0.00000      0.00000      0.00000      
25900   0.12912    0.02108    0.02979    0.00128      0.07523      0.00874      0.00000      0.00000      0.00000      
26000   0.12863    0.02103    0.02968    0.00129      0.07490      0.00864      0.00000      0.00000      0.00000      
26100   0.12829    0.02092    0.02952    0.00124      0.07496      0.00824      0.00000      0.00000      0.00000      
26200   0.12850    0.02094    0.02951    0.00125      0.07512      0.00838      0.00000      0.00000      0.00000      
26300   0.12815    0.02085    0.02945    0.00122      0.07492      0.00852      0.00000      0.00000      0.00000      
26400   0.12776    0.02063    0.02925    0.00123      0.07496      0.00845      0.00000      0.00000      0.00000      
26500   0.12763    0.02068    0.02920    0.00125      0.07478      0.00862      0.00000      0.00000      0.00000      
26600   0.12726    0.02047    0.02912    0.00129      0.07480      0.00789      0.00000      0.00000      0.00000      
26700   0.12697    0.02034    0.02898    0.00132      0.07470      0.00816      0.00000      0.00000      0.00000      
26800   0.12675    0.02028    0.02891    0.00129      0.07459      0.00839      0.00000      0.00000      0.00000      
26900   0.12706    0.02030    0.02897    0.00126      0.07475      0.00890      0.00000      0.00000      0.00000      
27000   0.12627    0.02006    0.02871    0.00125      0.07458      0.00833      0.00000      0.00000      0.00000      
27100   0.12667    0.02018    0.02882    0.00128      0.07458      0.00904      0.00000      0.00000      0.00000      
27200   0.12625    0.02002    0.02861    0.00128      0.07470      0.00818      0.00000      0.00000      0.00000      
27300   0.12608    0.02005    0.02854    0.00122      0.07452      0.00870      0.00000      0.00000      0.00000      
27400   0.12570    0.02002    0.02842    0.00116      0.07439      0.00857      0.00000      0.00000      0.00000      
27500   0.12574    0.01998    0.02834    0.00122      0.07440      0.00904      0.00000      0.00000      0.00000      
27600   0.12543    0.01990    0.02825    0.00121      0.07429      0.00887      0.00000      0.00000      0.00000      
27700   0.12510    0.01963    0.02811    0.00123      0.07440      0.00863      0.00000      0.00000      0.00000      
27800   0.12493    0.01957    0.02802    0.00119      0.07440      0.00873      0.00000      0.00000      0.00000      
27900   0.12442    0.01940    0.02785    0.00126      0.07425      0.00825      0.00000      0.00000      0.00000      
28000   0.12454    0.01941    0.02792    0.00118      0.07430      0.00865      0.00000      0.00000      0.00000      
28100   0.12448    0.01937    0.02783    0.00124      0.07420      0.00924      0.00000      0.00000      0.00000      
28200   0.12464    0.01948    0.02787    0.00124      0.07429      0.00878      0.00000      0.00000      0.00000      
28300   0.12402    0.01921    0.02767    0.00125      0.07430      0.00793      0.00000      0.00000      0.00000      
28400   0.12391    0.01924    0.02757    0.00127      0.07427      0.00781      0.00000      0.00000      0.00000      
28500   0.12384    0.01920    0.02752    0.00122      0.07431      0.00797      0.00000      0.00000      0.00000      
28600   0.12371    0.01912    0.02749    0.00121      0.07420      0.00842      0.00000      0.00000      0.00000      
28700   0.12377    0.01915    0.02749    0.00131      0.07417      0.00826      0.00000      0.00000      0.00000      
28800   0.12329    0.01903    0.02737    0.00122      0.07404      0.00814      0.00000      0.00000      0.00000      
28900   0.12320    0.01886    0.02725    0.00127      0.07417      0.00830      0.00000      0.00000      0.00000      
29000   0.12287    0.01881    0.02714    0.00122      0.07405      0.00826      0.00000      0.00000      0.00000      
29100   0.12263    0.01859    0.02702    0.00122      0.07413      0.00834      0.00000      0.00000      0.00000      
29200   0.12269    0.01861    0.02700    0.00132      0.07405      0.00856      0.00000      0.00000      0.00000      
29300   0.12242    0.01852    0.02688    0.00122      0.07416      0.00819      0.00000      0.00000      0.00000      
29400   0.12221    0.01846    0.02679    0.00120      0.07406      0.00850      0.00000      0.00000      0.00000      
29500   0.12185    0.01828    0.02666    0.00121      0.07400      0.00855      0.00000      0.00000      0.00000      
29600   0.12182    0.01838    0.02663    0.00121      0.07393      0.00828      0.00000      0.00000      0.00000      
29700   0.12157    0.01812    0.02650    0.00119      0.07410      0.00834      0.00000      0.00000      0.00000      
29800   0.12171    0.01818    0.02655    0.00121      0.07411      0.00827      0.00000      0.00000      0.00000      
29900   0.12146    0.01809    0.02646    0.00114      0.07411      0.00830      0.00000      0.00000      0.00000      
30000   0.12140    0.01804    0.02645    0.00119      0.07406      0.00834      0.00000      0.00000      0.00000      
30100   0.12135    0.01804    0.02642    0.00122      0.07406      0.00802      0.00000      0.00000      0.00000      
30200   0.12131    0.01806    0.02642    0.00124      0.07397      0.00810      0.00000      0.00000      0.00000      
30300   0.12103    0.01794    0.02633    0.00117      0.07395      0.00825      0.00000      0.00000      0.00000      
30400   0.12108    0.01785    0.02629    0.00116      0.07409      0.00846      0.00000      0.00000      0.00000      
30500   0.12086    0.01775    0.02616    0.00116      0.07416      0.00815      0.00000      0.00000      0.00000      
30600   0.12032    0.01756    0.02602    0.00121      0.07393      0.00801      0.00000      0.00000      0.00000      
30700   0.12027    0.01749    0.02596    0.00118      0.07401      0.00814      0.00000      0.00000      0.00000      
30800   0.11999    0.01733    0.02580    0.00119      0.07400      0.00839      0.00000      0.00000      0.00000      
30900   0.11988    0.01733    0.02579    0.00126      0.07391      0.00791      0.00000      0.00000      0.00000      
31000   0.11958    0.01712    0.02557    0.00119      0.07381      0.00949      0.00000      0.00000      0.00000      
31100   0.11958    0.01714    0.02559    0.00121      0.07400      0.00821      0.00000      0.00000      0.00000      
31200   0.11936    0.01712    0.02559    0.00117      0.07378      0.00852      0.00000      0.00000      0.00000      
31300   0.11932    0.01710    0.02559    0.00120      0.07382      0.00808      0.00000      0.00000      0.00000      
31400   0.11910    0.01696    0.02545    0.00117      0.07387      0.00824      0.00000      0.00000      0.00000      
31500   0.11886    0.01688    0.02532    0.00127      0.07381      0.00785      0.00000      0.00000      0.00000      
31600   0.11896    0.01688    0.02530    0.00121      0.07391      0.00836      0.00000      0.00000      0.00000      
31700   0.11846    0.01673    0.02518    0.00114      0.07373      0.00836      0.00000      0.00000      0.00000      
31800   0.11881    0.01674    0.02524    0.00118      0.07392      0.00865      0.00000      0.00000      0.00000      
31900   0.11843    0.01660    0.02511    0.00117      0.07393      0.00816      0.00000      0.00000      0.00000      
32000   0.11841    0.01661    0.02507    0.00119      0.07389      0.00828      0.00000      0.00000      0.00000      
32100   0.11828    0.01660    0.02506    0.00119      0.07376      0.00834      0.00000      0.00000      0.00000      
32200   0.11801    0.01648    0.02492    0.00120      0.07374      0.00832      0.00000      0.00000      0.00000      
32300   0.11801    0.01654    0.02496    0.00115      0.07362      0.00872      0.00000      0.00000      0.00000      
32400   0.11787    0.01645    0.02485    0.00117      0.07377      0.00811      0.00000      0.00000      0.00000      
32500   0.11792    0.01642    0.02485    0.00119      0.07376      0.00850      0.00000      0.00000      0.00000      
32600   0.11800    0.01649    0.02486    0.00118      0.07381      0.00824      0.00000      0.00000      0.00000      
32700   0.11775    0.01641    0.02478    0.00119      0.07375      0.00804      0.00000      0.00000      0.00000      
32800   0.11753    0.01629    0.02471    0.00123      0.07360      0.00849      0.00000      0.00000      0.00000      
32900   0.11718    0.01608    0.02457    0.00131      0.07359      0.00811      0.00000      0.00000      0.00000      
33000   0.11699    0.01615    0.02456    0.00116      0.07349      0.00816      0.00000      0.00000      0.00000      
33100   0.11702    0.01613    0.02453    0.00118      0.07355      0.00813      0.00000      0.00000      0.00000      
33200   0.11701    0.01610    0.02452    0.00119      0.07357      0.00815      0.00000      0.00000      0.00000      
33300   0.11696    0.01610    0.02453    0.00124      0.07348      0.00808      0.00000      0.00000      0.00000      
33400   0.11672    0.01600    0.02446    0.00121      0.07341      0.00819      0.00000      0.00000      0.00000      
33500   0.11664    0.01591    0.02442    0.00118      0.07346      0.00834      0.00000      0.00000      0.00000      
33600   0.11664    0.01592    0.02439    0.00124      0.07345      0.00827      0.00000      0.00000      0.00000      
33700   0.11637    0.01586    0.02436    0.00115      0.07333      0.00833      0.00000      0.00000      0.00000      
33800   0.11621    0.01583    0.02431    0.00117      0.07324      0.00829      0.00000      0.00000      0.00000      
33900   0.11639    0.01593    0.02435    0.00122      0.07325      0.00817      0.00000      0.00000      0.00000      
34000   0.11618    0.01583    0.02425    0.00119      0.07325      0.00830      0.00000      0.00000      0.00000      
34100   0.11621    0.01586    0.02426    0.00123      0.07326      0.00805      0.00000      0.00000      0.00000      
34200   0.11601    0.01578    0.02421    0.00118      0.07315      0.00839      0.00000      0.00000      0.00000      
34300   0.11582    0.01570    0.02410    0.00118      0.07318      0.00830      0.00000      0.00000      0.00000      
34400   0.11569    0.01573    0.02411    0.00118      0.07303      0.00820      0.00000      0.00000      0.00000      
34500   0.11570    0.01565    0.02406    0.00118      0.07314      0.00838      0.00000      0.00000      0.00000      
34600   0.11579    0.01569    0.02409    0.00115      0.07305      0.00901      0.00000      0.00000      0.00000      
34700   0.11570    0.01569    0.02407    0.00128      0.07301      0.00827      0.00000      0.00000      0.00000      
34800   0.11547    0.01560    0.02400    0.00117      0.07301      0.00843      0.00000      0.00000      0.00000      
34900   0.11558    0.01558    0.02405    0.00117      0.07315      0.00816      0.00000      0.00000      0.00000      
35000   0.11539    0.01553    0.02398    0.00123      0.07304      0.00812      0.00000      0.00000      0.00000      
35100   0.11545    0.01554    0.02399    0.00121      0.07302      0.00844      0.00000      0.00000      0.00000      
35200   0.11534    0.01549    0.02395    0.00118      0.07300      0.00861      0.00000      0.00000      0.00000      
35300   0.11538    0.01553    0.02396    0.00118      0.07306      0.00827      0.00000      0.00000      0.00000      
35400   0.11518    0.01547    0.02387    0.00118      0.07300      0.00829      0.00000      0.00000      0.00000      
35500   0.11515    0.01541    0.02383    0.00117      0.07307      0.00832      0.00000      0.00000      0.00000      
35600   0.11516    0.01543    0.02386    0.00124      0.07295      0.00843      0.00000      0.00000      0.00000      
35700   0.11498    0.01529    0.02375    0.00124      0.07304      0.00826      0.00000      0.00000      0.00000      
35800   0.11473    0.01525    0.02366    0.00116      0.07303      0.00813      0.00000      0.00000      0.00000      
35900   0.11455    0.01513    0.02361    0.00120      0.07298      0.00813      0.00000      0.00000      0.00000      
36000   0.11456    0.01510    0.02358    0.00120      0.07303      0.00819      0.00000      0.00000      0.00000      
36100   0.11430    0.01500    0.02352    0.00115      0.07302      0.00806      0.00000      0.00000      0.00000      
36200   0.11438    0.01506    0.02353    0.00114      0.07300      0.00823      0.00000      0.00000      0.00000      
36300   0.11443    0.01511    0.02353    0.00114      0.07303      0.00812      0.00000      0.00000      0.00000      
36400   0.11423    0.01502    0.02345    0.00118      0.07296      0.00815      0.00000      0.00000      0.00000      
36500   0.11413    0.01495    0.02340    0.00119      0.07293      0.00835      0.00000      0.00000      0.00000      
36600   0.11406    0.01493    0.02336    0.00118      0.07290      0.00842      0.00000      0.00000      0.00000      
36700   0.11407    0.01491    0.02339    0.00118      0.07295      0.00826      0.00000      0.00000      0.00000      
36800   0.11393    0.01491    0.02338    0.00113      0.07290      0.00807      0.00000      0.00000      0.00000      
36900   0.11402    0.01492    0.02338    0.00116      0.07293      0.00811      0.00000      0.00000      0.00000      
37000   0.11390    0.01485    0.02334    0.00113      0.07300      0.00787      0.00000      0.00000      0.00000      
37100   0.11391    0.01480    0.02332    0.00123      0.07294      0.00812      0.00000      0.00000      0.00000      
37200   0.11378    0.01478    0.02328    0.00113      0.07296      0.00812      0.00000      0.00000      0.00000      
37300   0.11368    0.01470    0.02323    0.00121      0.07293      0.00800      0.00000      0.00000      0.00000      
37400   0.11356    0.01469    0.02322    0.00118      0.07283      0.00818      0.00000      0.00000      0.00000      
37500   0.11337    0.01459    0.02314    0.00114      0.07291      0.00803      0.00000      0.00000      0.00000      
37600   0.11340    0.01467    0.02315    0.00119      0.07282      0.00789      0.00000      0.00000      0.00000      
37700   0.11336    0.01457    0.02312    0.00118      0.07283      0.00830      0.00000      0.00000      0.00000      
37800   0.11304    0.01442    0.02301    0.00115      0.07282      0.00819      0.00000      0.00000      0.00000      
37900   0.11298    0.01440    0.02299    0.00115      0.07283      0.00802      0.00000      0.00000      0.00000      
38000   0.11279    0.01431    0.02293    0.00120      0.07274      0.00803      0.00000      0.00000      0.00000      
38100   0.11269    0.01423    0.02288    0.00117      0.07279      0.00804      0.00000      0.00000      0.00000      
38200   0.11273    0.01434    0.02288    0.00113      0.07277      0.00802      0.00000      0.00000      0.00000      
38300   0.11259    0.01424    0.02281    0.00114      0.07275      0.00827      0.00000      0.00000      0.00000      
38400   0.11257    0.01422    0.02279    0.00115      0.07271      0.00851      0.00000      0.00000      0.00000      
38500   0.11244    0.01418    0.02275    0.00117      0.07265      0.00845      0.00000      0.00000      0.00000      
38600   0.11225    0.01413    0.02270    0.00114      0.07266      0.00810      0.00000      0.00000      0.00000      
38700   0.11244    0.01416    0.02272    0.00117      0.07277      0.00810      0.00000      0.00000      0.00000      
38800   0.11218    0.01403    0.02265    0.00118      0.07271      0.00802      0.00000      0.00000      0.00000      
38900   0.11209    0.01398    0.02260    0.00118      0.07266      0.00833      0.00000      0.00000      0.00000      
39000   0.11191    0.01391    0.02254    0.00121      0.07260      0.00823      0.00000      0.00000      0.00000      
39100   0.11195    0.01387    0.02254    0.00116      0.07272      0.00829      0.00000      0.00000      0.00000      
39200   0.11181    0.01382    0.02251    0.00122      0.07260      0.00830      0.00000      0.00000      0.00000      
39300   0.11168    0.01379    0.02249    0.00117      0.07262      0.00809      0.00000      0.00000      0.00000      
39400   0.11172    0.01385    0.02248    0.00116      0.07258      0.00826      0.00000      0.00000      0.00000      
39500   0.11161    0.01375    0.02243    0.00120      0.07259      0.00822      0.00000      0.00000      0.00000      
39600   0.11173    0.01381    0.02245    0.00118      0.07265      0.00820      0.00000      0.00000      0.00000      
39700   0.11166    0.01384    0.02241    0.00116      0.07264      0.00803      0.00000      0.00000      0.00000      
39800   0.11164    0.01383    0.02241    0.00118      0.07261      0.00803      0.00000      0.00000      0.00000      
39900   0.11149    0.01383    0.02240    0.00119      0.07244      0.00814      0.00000      0.00000      0.00000      
40000   0.11163    0.01388    0.02241    0.00121      0.07250      0.00814      0.00000      0.00000      0.00000      
40100   0.11154    0.01386    0.02238    0.00114      0.07253      0.00815      0.00000      0.00000      0.00000      
40200   0.11157    0.01384    0.02237    0.00117      0.07248      0.00846      0.00000      0.00000      0.00000      
40300   0.11139    0.01375    0.02233    0.00124      0.07242      0.00832      0.00000      0.00000      0.00000      
40400   0.11124    0.01368    0.02227    0.00117      0.07251      0.00803      0.00000      0.00000      0.00000      
40500   0.11106    0.01364    0.02222    0.00116      0.07240      0.00818      0.00000      0.00000      0.00000      
40600   0.11116    0.01366    0.02222    0.00123      0.07244      0.00806      0.00000      0.00000      0.00000      
40700   0.11095    0.01357    0.02215    0.00117      0.07241      0.00823      0.00000      0.00000      0.00000      
40800   0.11090    0.01353    0.02214    0.00117      0.07243      0.00810      0.00000      0.00000      0.00000      
40900   0.11090    0.01356    0.02213    0.00116      0.07242      0.00821      0.00000      0.00000      0.00000      
41000   0.11077    0.01350    0.02209    0.00115      0.07241      0.00812      0.00000      0.00000      0.00000      
41100   0.11065    0.01343    0.02205    0.00119      0.07239      0.00798      0.00000      0.00000      0.00000      
41200   0.11055    0.01341    0.02200    0.00113      0.07240      0.00806      0.00000      0.00000      0.00000      
41300   0.11047    0.01339    0.02196    0.00114      0.07238      0.00800      0.00000      0.00000      0.00000      
41400   0.11038    0.01330    0.02193    0.00115      0.07237      0.00814      0.00000      0.00000      0.00000      
41500   0.11025    0.01324    0.02189    0.00116      0.07233      0.00816      0.00000      0.00000      0.00000      
41600   0.11024    0.01324    0.02188    0.00116      0.07231      0.00826      0.00000      0.00000      0.00000      
41700   0.11015    0.01316    0.02185    0.00118      0.07231      0.00827      0.00000      0.00000      0.00000      
41800   0.11012    0.01319    0.02183    0.00115      0.07226      0.00846      0.00000      0.00000      0.00000      
41900   0.10998    0.01313    0.02178    0.00113      0.07230      0.00818      0.00000      0.00000      0.00000      
42000   0.10994    0.01310    0.02178    0.00116      0.07226      0.00817      0.00000      0.00000      0.00000      
42100   0.10995    0.01308    0.02175    0.00116      0.07233      0.00817      0.00000      0.00000      0.00000      
42200   0.10981    0.01304    0.02170    0.00115      0.07224      0.00839      0.00000      0.00000      0.00000      
42300   0.10974    0.01299    0.02169    0.00118      0.07223      0.00826      0.00000      0.00000      0.00000      
42400   0.10962    0.01299    0.02163    0.00115      0.07222      0.00815      0.00000      0.00000      0.00000      
42500   0.10966    0.01295    0.02163    0.00115      0.07223      0.00851      0.00000      0.00000      0.00000      
42600   0.10958    0.01295    0.02160    0.00115      0.07224      0.00818      0.00000      0.00000      0.00000      
42700   0.10956    0.01293    0.02159    0.00120      0.07219      0.00826      0.00000      0.00000      0.00000      
42800   0.10947    0.01293    0.02157    0.00115      0.07218      0.00820      0.00000      0.00000      0.00000      
42900   0.10952    0.01293    0.02158    0.00115      0.07226      0.00803      0.00000      0.00000      0.00000      
43000   0.10945    0.01290    0.02156    0.00114      0.07222      0.00819      0.00000      0.00000      0.00000      
43100   0.10941    0.01289    0.02153    0.00113      0.07220      0.00830      0.00000      0.00000      0.00000      
43200   0.10932    0.01287    0.02149    0.00117      0.07217      0.00810      0.00000      0.00000      0.00000      
43300   0.10922    0.01282    0.02147    0.00113      0.07217      0.00823      0.00000      0.00000      0.00000      
43400   0.10919    0.01278    0.02146    0.00114      0.07218      0.00818      0.00000      0.00000      0.00000      
43500   0.10921    0.01283    0.02146    0.00114      0.07218      0.00801      0.00000      0.00000      0.00000      
43600   0.10922    0.01281    0.02145    0.00119      0.07209      0.00837      0.00000      0.00000      0.00000      
43700   0.10907    0.01277    0.02142    0.00114      0.07206      0.00840      0.00000      0.00000      0.00000      
43800   0.10901    0.01271    0.02139    0.00114      0.07214      0.00813      0.00000      0.00000      0.00000      
43900   0.10887    0.01263    0.02135    0.00113      0.07215      0.00807      0.00000      0.00000      0.00000      
44000   0.10884    0.01260    0.02133    0.00115      0.07210      0.00830      0.00000      0.00000      0.00000      
44100   0.10868    0.01253    0.02130    0.00115      0.07209      0.00809      0.00000      0.00000      0.00000      
44200   0.10871    0.01253    0.02130    0.00118      0.07206      0.00818      0.00000      0.00000      0.00000      
44300   0.10860    0.01251    0.02127    0.00111      0.07205      0.00828      0.00000      0.00000      0.00000      
44400   0.10851    0.01246    0.02123    0.00110      0.07207      0.00829      0.00000      0.00000      0.00000      
44500   0.10856    0.01248    0.02123    0.00114      0.07206      0.00828      0.00000      0.00000      0.00000      
44600   0.10844    0.01248    0.02121    0.00112      0.07200      0.00814      0.00000      0.00000      0.00000      
44700   0.10850    0.01245    0.02122    0.00114      0.07198      0.00853      0.00000      0.00000      0.00000      
44800   0.10846    0.01243    0.02121    0.00112      0.07202      0.00836      0.00000      0.00000      0.00000      
44900   0.10829    0.01234    0.02116    0.00114      0.07201      0.00820      0.00000      0.00000      0.00000      
45000   0.10829    0.01236    0.02116    0.00116      0.07198      0.00814      0.00000      0.00000      0.00000      
45100   0.10826    0.01233    0.02115    0.00116      0.07197      0.00821      0.00000      0.00000      0.00000      
45200   0.10819    0.01230    0.02112    0.00114      0.07200      0.00815      0.00000      0.00000      0.00000      
45300   0.10813    0.01228    0.02108    0.00114      0.07202      0.00800      0.00000      0.00000      0.00000      
45400   0.10806    0.01224    0.02107    0.00117      0.07195      0.00814      0.00000      0.00000      0.00000      
45500   0.10792    0.01216    0.02101    0.00113      0.07200      0.00813      0.00000      0.00000      0.00000      
45600   0.10780    0.01214    0.02099    0.00113      0.07194      0.00798      0.00000      0.00000      0.00000      
45700   0.10781    0.01215    0.02097    0.00114      0.07196      0.00795      0.00000      0.00000      0.00000      
45800   0.10774    0.01213    0.02096    0.00112      0.07192      0.00813      0.00000      0.00000      0.00000      
45900   0.10770    0.01212    0.02095    0.00111      0.07189      0.00816      0.00000      0.00000      0.00000      
46000   0.10778    0.01217    0.02095    0.00114      0.07189      0.00815      0.00000      0.00000      0.00000      
46100   0.10766    0.01217    0.02093    0.00113      0.07183      0.00799      0.00000      0.00000      0.00000      
46200   0.10763    0.01208    0.02091    0.00113      0.07186      0.00827      0.00000      0.00000      0.00000      
46300   0.10764    0.01213    0.02092    0.00111      0.07184      0.00822      0.00000      0.00000      0.00000      
46400   0.10756    0.01202    0.02089    0.00112      0.07191      0.00802      0.00000      0.00000      0.00000      
46500   0.10760    0.01210    0.02090    0.00110      0.07186      0.00817      0.00000      0.00000      0.00000      
46600   0.10760    0.01209    0.02089    0.00113      0.07188      0.00804      0.00000      0.00000      0.00000      
46700   0.10758    0.01210    0.02087    0.00113      0.07184      0.00817      0.00000      0.00000      0.00000      
46800   0.10760    0.01210    0.02087    0.00118      0.07183      0.00814      0.00000      0.00000      0.00000      
46900   0.10750    0.01206    0.02085    0.00113      0.07181      0.00827      0.00000      0.00000      0.00000      
47000   0.10745    0.01203    0.02084    0.00113      0.07184      0.00806      0.00000      0.00000      0.00000      
47100   0.10743    0.01202    0.02083    0.00114      0.07185      0.00792      0.00000      0.00000      0.00000      
47200   0.10739    0.01202    0.02081    0.00113      0.07181      0.00810      0.00000      0.00000      0.00000      
47300   0.10733    0.01201    0.02079    0.00111      0.07182      0.00796      0.00000      0.00000      0.00000      
47400   0.10732    0.01199    0.02079    0.00111      0.07178      0.00823      0.00000      0.00000      0.00000      
47500   0.10729    0.01198    0.02077    0.00112      0.07180      0.00817      0.00000      0.00000      0.00000      
47600   0.10723    0.01197    0.02073    0.00111      0.07176      0.00827      0.00000      0.00000      0.00000      
47700   0.10715    0.01194    0.02071    0.00110      0.07176      0.00820      0.00000      0.00000      0.00000      
47800   0.10708    0.01189    0.02070    0.00112      0.07174      0.00821      0.00000      0.00000      0.00000      
47900   0.10709    0.01188    0.02071    0.00114      0.07173      0.00821      0.00000      0.00000      0.00000      
48000   0.10693    0.01185    0.02066    0.00113      0.07167      0.00808      0.00000      0.00000      0.00000      
48100   0.10691    0.01184    0.02066    0.00112      0.07168      0.00811      0.00000      0.00000      0.00000      
48200   0.10687    0.01179    0.02064    0.00115      0.07166      0.00816      0.00000      0.00000      0.00000      
48300   0.10679    0.01181    0.02061    0.00110      0.07166      0.00805      0.00000      0.00000      0.00000      
48400   0.10677    0.01179    0.02059    0.00112      0.07167      0.00803      0.00000      0.00000      0.00000      
48500   0.10667    0.01172    0.02057    0.00111      0.07166      0.00802      0.00000      0.00000      0.00000      
48600   0.10668    0.01172    0.02055    0.00112      0.07166      0.00813      0.00000      0.00000      0.00000      
48700   0.10660    0.01170    0.02053    0.00111      0.07163      0.00814      0.00000      0.00000      0.00000      
48800   0.10661    0.01166    0.02052    0.00112      0.07163      0.00840      0.00000      0.00000      0.00000      
48900   0.10656    0.01163    0.02050    0.00111      0.07167      0.00824      0.00000      0.00000      0.00000      
49000   0.10651    0.01162    0.02048    0.00112      0.07164      0.00820      0.00000      0.00000      0.00000      
49100   0.10648    0.01163    0.02047    0.00111      0.07163      0.00822      0.00000      0.00000      0.00000      
49200   0.10645    0.01161    0.02046    0.00110      0.07162      0.00827      0.00000      0.00000      0.00000      
49300   0.10642    0.01160    0.02045    0.00112      0.07161      0.00823      0.00000      0.00000      0.00000      
49400   0.10640    0.01160    0.02043    0.00108      0.07166      0.00816      0.00000      0.00000      0.00000      
49500   0.10632    0.01158    0.02042    0.00111      0.07162      0.00799      0.00000      0.00000      0.00000      
49600   0.10628    0.01153    0.02039    0.00113      0.07161      0.00809      0.00000      0.00000      0.00000      
49700   0.10622    0.01150    0.02037    0.00112      0.07159      0.00820      0.00000      0.00000      0.00000      
49800   0.10614    0.01149    0.02036    0.00112      0.07159      0.00794      0.00000      0.00000      0.00000      
49900   0.10609    0.01144    0.02035    0.00110      0.07157      0.00811      0.00000      0.00000      0.00000      
50000   0.10604    0.01143    0.02033    0.00109      0.07159      0.00798      0.00000      0.00000      0.00000      
50100   0.10602    0.01140    0.02032    0.00111      0.07157      0.00808      0.00000      0.00000      0.00000      
50200   0.10594    0.01137    0.02030    0.00110      0.07154      0.00816      0.00000      0.00000      0.00000      
50300   0.10594    0.01139    0.02029    0.00111      0.07152      0.00807      0.00000      0.00000      0.00000      
50400   0.10583    0.01133    0.02027    0.00111      0.07150      0.00808      0.00000      0.00000      0.00000      
50500   0.10585    0.01134    0.02027    0.00110      0.07154      0.00803      0.00000      0.00000      0.00000      
50600   0.10579    0.01131    0.02024    0.00109      0.07150      0.00820      0.00000      0.00000      0.00000      
50700   0.10579    0.01132    0.02024    0.00111      0.07149      0.00815      0.00000      0.00000      0.00000      
50800   0.10579    0.01132    0.02024    0.00110      0.07152      0.00811      0.00000      0.00000      0.00000      
50900   0.10573    0.01129    0.02020    0.00110      0.07151      0.00809      0.00000      0.00000      0.00000      
51000   0.10565    0.01127    0.02019    0.00109      0.07149      0.00801      0.00000      0.00000      0.00000      
51100   0.10562    0.01125    0.02019    0.00110      0.07146      0.00814      0.00000      0.00000      0.00000      
51200   0.10558    0.01122    0.02016    0.00111      0.07144      0.00824      0.00000      0.00000      0.00000      
51300   0.10559    0.01123    0.02014    0.00110      0.07152      0.00796      0.00000      0.00000      0.00000      
51400   0.10546    0.01116    0.02011    0.00111      0.07148      0.00796      0.00000      0.00000      0.00000      
51500   0.10541    0.01115    0.02009    0.00111      0.07144      0.00806      0.00000      0.00000      0.00000      
51600   0.10537    0.01112    0.02008    0.00110      0.07145      0.00804      0.00000      0.00000      0.00000      
51700   0.10527    0.01107    0.02005    0.00109      0.07144      0.00811      0.00000      0.00000      0.00000      
51800   0.10523    0.01105    0.02004    0.00111      0.07143      0.00802      0.00000      0.00000      0.00000      
51900   0.10527    0.01109    0.02004    0.00109      0.07144      0.00810      0.00000      0.00000      0.00000      
52000   0.10526    0.01108    0.02003    0.00109      0.07147      0.00794      0.00000      0.00000      0.00000      
52100   0.10512    0.01103    0.02000    0.00109      0.07141      0.00793      0.00000      0.00000      0.00000      
52200   0.10512    0.01101    0.02000    0.00108      0.07137      0.00829      0.00000      0.00000      0.00000      
52300   0.10511    0.01102    0.01998    0.00109      0.07138      0.00817      0.00000      0.00000      0.00000      
52400   0.10504    0.01099    0.01996    0.00108      0.07136      0.00827      0.00000      0.00000      0.00000      
52500   0.10499    0.01098    0.01995    0.00111      0.07136      0.00798      0.00000      0.00000      0.00000      
52600   0.10495    0.01096    0.01994    0.00110      0.07136      0.00795      0.00000      0.00000      0.00000      
52700   0.10489    0.01092    0.01992    0.00109      0.07137      0.00795      0.00000      0.00000      0.00000      
52800   0.10483    0.01090    0.01990    0.00109      0.07132      0.00809      0.00000      0.00000      0.00000      
52900   0.10484    0.01092    0.01990    0.00107      0.07133      0.00808      0.00000      0.00000      0.00000      
53000   0.10478    0.01089    0.01987    0.00109      0.07133      0.00804      0.00000      0.00000      0.00000      
53100   0.10469    0.01084    0.01985    0.00109      0.07131      0.00805      0.00000      0.00000      0.00000      
53200   0.10472    0.01086    0.01984    0.00108      0.07134      0.00799      0.00000      0.00000      0.00000      
53300   0.10468    0.01083    0.01983    0.00108      0.07134      0.00803      0.00000      0.00000      0.00000      
53400   0.10465    0.01080    0.01982    0.00108      0.07135      0.00798      0.00000      0.00000      0.00000      
53500   0.10456    0.01075    0.01979    0.00107      0.07135      0.00799      0.00000      0.00000      0.00000      
53600   0.10452    0.01073    0.01978    0.00109      0.07131      0.00802      0.00000      0.00000      0.00000      
53700   0.10456    0.01078    0.01979    0.00111      0.07129      0.00796      0.00000      0.00000      0.00000      
53800   0.10453    0.01077    0.01978    0.00108      0.07131      0.00792      0.00000      0.00000      0.00000      
53900   0.10450    0.01074    0.01977    0.00109      0.07131      0.00792      0.00000      0.00000      0.00000      
54000   0.10444    0.01070    0.01975    0.00108      0.07132      0.00794      0.00000      0.00000      0.00000      
54100   0.10436    0.01066    0.01973    0.00109      0.07129      0.00794      0.00000      0.00000      0.00000      
54200   0.10435    0.01065    0.01972    0.00109      0.07131      0.00791      0.00000      0.00000      0.00000      
54300   0.10429    0.01064    0.01971    0.00108      0.07128      0.00789      0.00000      0.00000      0.00000      
54400   0.10424    0.01064    0.01969    0.00109      0.07125      0.00787      0.00000      0.00000      0.00000      
54500   0.10421    0.01062    0.01968    0.00111      0.07122      0.00791      0.00000      0.00000      0.00000      
54600   0.10421    0.01064    0.01967    0.00109      0.07122      0.00792      0.00000      0.00000      0.00000      
54700   0.10417    0.01060    0.01967    0.00110      0.07120      0.00801      0.00000      0.00000      0.00000      
54800   0.10410    0.01057    0.01965    0.00109      0.07120      0.00798      0.00000      0.00000      0.00000      
54900   0.10405    0.01055    0.01963    0.00109      0.07120      0.00793      0.00000      0.00000      0.00000      
55000   0.10404    0.01054    0.01961    0.00109      0.07120      0.00797      0.00000      0.00000      0.00000      
55100   0.10400    0.01054    0.01960    0.00108      0.07120      0.00786      0.00000      0.00000      0.00000      
55200   0.10395    0.01050    0.01959    0.00108      0.07119      0.00796      0.00000      0.00000      0.00000      
55300   0.10394    0.01051    0.01958    0.00109      0.07115      0.00803      0.00000      0.00000      0.00000      
55400   0.10391    0.01048    0.01959    0.00108      0.07118      0.00794      0.00000      0.00000      0.00000      
55500   0.10393    0.01050    0.01958    0.00108      0.07116      0.00806      0.00000      0.00000      0.00000      
55600   0.10385    0.01046    0.01955    0.00108      0.07115      0.00798      0.00000      0.00000      0.00000      
55700   0.10385    0.01046    0.01955    0.00109      0.07116      0.00797      0.00000      0.00000      0.00000      
55800   0.10385    0.01044    0.01953    0.00110      0.07120      0.00792      0.00000      0.00000      0.00000      
55900   0.10380    0.01044    0.01953    0.00110      0.07116      0.00795      0.00000      0.00000      0.00000      
56000   0.10377    0.01041    0.01951    0.00109      0.07115      0.00801      0.00000      0.00000      0.00000      
56100   0.10375    0.01039    0.01950    0.00109      0.07116      0.00807      0.00000      0.00000      0.00000      
56200   0.10373    0.01039    0.01949    0.00109      0.07114      0.00806      0.00000      0.00000      0.00000      
100     0.10366    0.01036    0.01947    0.00109      0.07114      0.00806      0.00135      0.07231      0.00683      
100     0.10362    0.01035    0.01946    0.00109      0.07114      0.00790      0.00137      0.07229      0.00679      
200     0.10360    0.01033    0.01945    0.00110      0.07116      0.00788      0.00140      0.07230      0.00679      
300     0.10355    0.01032    0.01944    0.00109      0.07109      0.00806      0.00135      0.07225      0.00682      
400     0.10355    0.01032    0.01943    0.00108      0.07111      0.00802      0.00135      0.07228      0.00679      
500     0.10351    0.01028    0.01942    0.00109      0.07113      0.00800      0.00135      0.07230      0.00681      
600     0.10350    0.01027    0.01940    0.00109      0.07113      0.00802      0.00134      0.07228      0.00677      
700     0.10344    0.01026    0.01939    0.00108      0.07112      0.00794      0.00136      0.07229      0.00676      
800     0.10340    0.01026    0.01937    0.00111      0.07108      0.00792      0.00137      0.07224      0.00682      
900     0.10341    0.01026    0.01937    0.00109      0.07110      0.00795      0.00136      0.07226      0.00680      
1000    0.10338    0.01023    0.01935    0.00108      0.07111      0.00803      0.00135      0.07230      0.00682      
