0.498903 0.458392 0.481671 -0.0349562 0.0482979 -0.039522 0.493853 0.45786 0.472414 -0.0398588 0.0478158 -0.0404388
0.521848 0.47465 0.501935 0.0271331 0.0692014 0.0259088 0.524542 0.458668 0.490102 0.0302711 0.0671501 0.0259524
0.450954 0.524833 0.428155 -0.0104054 -0.00833601 -0.0106032 0.445929 0.528378 0.430916 -0.0161442 0.00245853 -0.0146398
0.450713 0.423208 0.441123 -0.0154502 -0.0437111 0.0345727 0.452919 0.425389 0.437958 -0.0154443 -0.0456882 0.0425336
0.467282 0.459646 0.454458 0.0159936 -0.0221406 -0.0297106 0.498069 0.476984 0.45027 0.0171437 -0.0242755 -0.0440118
0.492312 0.530585 0.525062 -0.0289477 -6.01604e-05 -0.0212574 0.49634 0.532207 0.526141 -0.0211527 0.00426541 -0.0162742
0.379223 0.406451 0.434686 -0.0218902 -0.0243169 -0.0112685 0.379662 0.408609 0.433422 -0.0269522 -0.0146883 -0.0147941
0.366427 0.425459 0.377421 0.00260905 -0.022362 -0.0241087 0.357203 0.433841 0.387412 -0.00833175 -0.0289762 -0.0272347
0.467301 0.438833 0.467579 -0.0108928 0.0273164 0.00589205 0.473086 0.440252 0.464531 -0.00847351 0.0345547 0.00120636
0.437958 0.437913 0.478787 0.0125887 -0.01007 -0.0514244 0.442545 0.454861 0.486716 0.00938368 -0.00968043 -0.0457941
0.460934 0.44427 0.451339 0.00310174 0.00502242 -0.0451943 0.477016 0.448772 0.455543 -0.00638043 0.00927012 -0.0418012
0.562063 0.510442 0.471528 0.0159752 0.0176894 -0.00941021 0.554521 0.502294 0.463961 0.0126509 0.0156128 -0.0132553
0.459316 0.454713 0.443336 0.00480322 0.0131219 0.0115327 0.471427 0.462012 0.440237 0.00683932 0.0121714 0.00178921
0.431547 0.43524 0.476221 0.02004 0.00118589 0.00508373 0.431747 0.438046 0.472825 0.0297194 -0.000666469 0.0054045
0.354409 0.353995 0.40654 3.92541e-05 -0.0378667 -0.0224048 0.36779 0.372695 0.419539 0.00577564 -0.0375386 -0.0259482
0.40528 0.353282 0.390593 -0.0355104 0.0157215 -0.0324921 0.420799 0.370034 0.405254 -0.0383461 0.0115225 -0.0317232
0.477139 0.453613 0.451709 -0.0169446 -0.0292153 -0.000573157 0.486674 0.469593 0.472349 -0.0198254 -0.0301031 0.0035296
0.441595 0.385368 0.402045 0.0144527 0.00151825 -0.0388346 0.449739 0.393246 0.413958 0.0134594 -0.00291399 -0.0432313
0.410392 0.330581 0.372533 -0.00581974 -0.0149733 0.0088243 0.407984 0.341726 0.380022 -0.0122662 -0.0115208 0.0138574
0.446762 0.511121 0.441971 0.000510673 -0.0347907 -0.0288946 0.45288 0.515267 0.442991 -0.0132451 -0.0309982 -0.0307311
0.371532 0.427857 0.49719 0.00399195 -0.00872515 -0.0120361 0.365508 0.425342 0.494485 0.00239638 0.00418316 -0.0163212
0.442184 0.408293 0.434063 -0.0253489 -0.0118361 -0.0235825 0.445978 0.409694 0.427018 -0.0301133 -0.00738495 -0.0260281
0.42107 0.358083 0.439994 0.0231066 0.0393778 -0.0423269 0.41348 0.352254 0.434274 0.0228333 0.044718 -0.0374573
0.446192 0.390855 0.390879 0.0340837 0.0142109 -0.00926417 0.441913 0.386659 0.390883 0.029703 0.0251255 -0.00672989
0.473436 0.502331 0.485969 -0.0443033 0.00452273 -0.00385237 0.461459 0.496764 0.491789 -0.0468247 0.0145941 -0.00609167
0.500511 0.614394 0.485715 0.0234582 0.00562271 0.0188598 0.511886 0.619125 0.483635 0.0219245 0.0168807 0.0176467
0.509322 0.489271 0.512079 0.0432263 0.0130705 0.00327405 0.5126 0.495605 0.515486 0.0403159 0.00679579 0.00457754
0.459691 0.471185 0.449228 -0.00822896 -0.0418441 0.023926 0.471124 0.472473 0.448868 -0.00766916 -0.0313196 0.0192235
0.454497 0.451973 0.412053 0.00286404 -0.0409628 -0.00655285 0.467336 0.446957 0.404581 0.00476166 -0.0407844 0.000465671
0.449054 0.405137 0.465158 0.0180429 0.0109208 0.0532128 0.460218 0.400898 0.449966 0.0169888 0.012626 0.0547128
0.4307 0.397286 0.440151 -0.0411431 -0.00273533 0.0148722 0.445083 0.400996 0.443214 -0.0499949 -0.00672582 0.0172438
0.48949 0.4474 0.460092 -0.0517664 -0.00133357 -0.0168055 0.499476 0.446882 0.448508 -0.047705 -0.0130105 -0.0144109
0.456758 0.447605 0.476091 -0.0248155 0.0405078 0.0402941 0.453179 0.45177 0.4781 -0.0256168 0.040128 0.046099
0.448891 0.426249 0.437987 -0.0312337 -0.0323784 0.0066888 0.456359 0.428385 0.442856 -0.0317537 -0.0327825 0.00807983
0.496721 0.417811 0.394278 0.0335128 -0.00928122 -0.0186711 0.497803 0.417281 0.390835 0.0301588 -0.00240576 -0.0126719
0.406187 0.427624 0.41039 -0.00139747 0.0130353 -0.0404076 0.410684 0.438268 0.423373 -0.00232603 0.020277 -0.0362753
0.423285 0.350027 0.398862 -0.0168313 -0.0637461 -0.0414634 0.433355 0.359671 0.402355 -0.0132808 -0.0613592 -0.0377653
0.444993 0.398156 0.499185 -0.020496 0.0231428 -0.0394686 0.430757 0.393689 0.505054 -0.0242779 0.0245665 -0.0426957
0.518743 0.443234 0.575147 0.0282489 -0.00558804 0.0284188 0.512122 0.446255 0.578286 0.0242417 -0.00171864 0.0307368
0.462404 0.41083 0.447413 -0.0431345 0.00826611 -0.0191675 0.454532 0.3987 0.443928 -0.0439254 0.00814646 -0.0208365
0.490851 0.41131 0.464805 -0.00845712 0.00944759 -0.0220607 0.495206 0.399635 0.466459 -0.0152428 0.00550806 -0.0283782
0.414784 0.414866 0.452647 0.0256776 -0.0192533 0.0227954 0.409966 0.412614 0.447323 0.0259103 -0.0157398 0.0268122
0.446474 0.422559 0.463561 -0.000711481 -0.0410285 0.00188028 0.438219 0.419815 0.466068 -0.00710277 -0.033397 0.0037412
0.457935 0.394562 0.369083 -0.0175646 -0.0338002 -0.00733368 0.45598 0.389634 0.386525 -0.0139735 -0.0297842 -0.00928088
0.510113 0.407454 0.467619 -0.011629 -0.0250003 0.0222467 0.511934 0.41198 0.460957 -0.0101693 -0.0265485 0.0224282
0.409199 0.359812 0.398502 -0.0178739 0.0206677 0.0130271 0.401907 0.356422 0.401654 -0.0214863 0.0199587 0.0172934
0.333477 0.427783 0.401774 0.0282775 0.0551986 -0.0246656 0.325838 0.434839 0.393868 0.030475 0.0485165 -0.0255679
0.42854 0.437713 0.437881 -0.0198855 -0.0226086 -0.0234148 0.425209 0.436105 0.440555 -0.00674213 -0.0213253 -0.0290699
0.410593 0.440475 0.407909 -0.0119812 -0.0308751 -0.00983396 0.406738 0.440484 0.400644 -0.00151795 -0.0237232 -0.0195912
0.440592 0.430987 0.403292 -0.00996974 0.00781452 -0.0222722 0.457791 0.427964 0.408336 -0.00955828 0.00245516 -0.0279712
0.604249 0.511556 0.712404 -0.293643 0.170451 -0.203466 0.617166 0.523667 0.725763 -0.298269 0.157362 -0.197367
0.510773 0.45173 0.47689 0.0217749 -0.129959 0.119747 0.509941 0.462832 0.484906 0.0193631 -0.120371 0.115618
0.779663 0.569744 0.717432 -0.104433 -0.244441 0.329753 0.785123 0.572344 0.736852 -0.119461 -0.240382 0.32524
0.491625 0.5291 0.583213 0.254742 -0.212122 0.167737 0.510605 0.54355 0.594224 0.251475 -0.191089 0.158254
0.846255 0.86555 0.860585 0.465383 0.270774 0.208271 0.836354 0.863295 0.86777 0.451099 0.258893 0.22744
0.488999 0.586943 0.538635 0.0706126 -0.167819 -0.200037 0.491213 0.593123 0.533243 0.0716724 -0.165022 -0.200177
0.700386 0.620546 0.697753 -0.18383 -0.107759 0.23705 0.696068 0.621418 0.699333 -0.184953 -0.104967 0.252657
0.423648 0.47372 0.390435 0.0636091 0.00555549 0.126676 0.413968 0.480468 0.385694 0.0551343 0.00904489 0.127714
0.659326 0.744054 0.517797 -0.0644671 -0.234258 -0.0532531 0.646578 0.741584 0.499701 -0.0626769 -0.217289 -0.0458232
0.728092 0.77198 0.636291 -0.104465 -0.34945 0.335276 0.726805 0.777031 0.615871 -0.0968724 -0.342005 0.319866
0.506161 0.447746 0.569925 -0.0353438 -0.0305349 0.00556904 0.513591 0.453142 0.581157 -0.056578 -0.0387897 0.0170067
0.698709 0.521066 0.5926 0.0933026 -0.0662945 -0.106524 0.699537 0.514922 0.61953 0.117544 -0.0867119 -0.113126
0.710186 0.876767 0.893709 0.531585 -0.127203 0.0831318 0.727524 0.897878 0.903474 0.507388 -0.11485 0.0942329
0.355677 0.398071 0.372404 -0.01206 0.0472713 0.238369 0.361558 0.393452 0.391262 0.00138416 0.0375404 0.228664
0.444852 0.483174 0.420758 -0.0969711 -0.154777 -0.0649875 0.464362 0.489569 0.430167 -0.0935728 -0.150541 -0.0594678
0.465012 0.49891 0.432556 -0.0378612 -0.323559 -0.0762251 0.469095 0.497615 0.428782 -0.0320998 -0.308283 -0.0689004
0.485951 0.575432 0.649494 0.254041 0.0561902 0.0988061 0.484593 0.594949 0.673017 0.258155 0.0621976 0.0999039
0.640701 0.647195 0.770377 0.10292 0.405206 0.221273 0.635408 0.63742 0.764431 0.0940839 0.399808 0.201613
0.463488 0.550232 0.557752 -0.0618372 -0.128053 -0.0746112 0.469086 0.548924 0.560924 -0.0518175 -0.123895 -0.0647554
0.51463 0.560822 0.403685 0.127461 0.178102 0.149403 0.508601 0.57415 0.390749 0.135736 0.155164 0.129023
0.34355 0.351702 0.350248 0.158074 0.251811 0.0426349 0.353773 0.365553 0.363541 0.1455 0.239491 0.0454981
0.422707 0.513999 0.461585 0.260067 -0.0225921 0.0765824 0.431976 0.517587 0.46149 0.238768 -0.00891074 0.0664818
0.840198 0.745871 0.849128 0.23717 -0.111744 0.00392822 0.814701 0.723197 0.821493 0.249268 -0.0950929 -0.00500261
0.327676 0.3319 0.351383 0.0169811 -0.0904514 -0.0430618 0.331472 0.335143 0.364124 0.0338027 -0.0796434 -0.0335154
0.983292 0.936691 1.00785 0.0873822 0.128425 0.708601 0.992688 0.932643 1.01163 0.0933144 0.110695 0.685945
-0.171663 -0.173103 -0.170977 -2.23567e-08 2.50698e-08 1.79736e-08 -0.180569 -0.178382 -0.167294 0 -0 0
0.294701 0.294173 0.292635 1.68077e-08 1.1009e-07 6.23033e-09 0.298517 0.287291 0.295527 0 0 -0
0.351593 0.352398 0.352524 -2.65198e-08 -6.73186e-08 -1.30703e-07 0.345704 0.35287 0.353143 0 0 0
0.435948 0.438085 0.436255 -3.89841e-08 -3.44292e-08 -1.57731e-08 0.433446 0.436348 0.434995 0 0 0
0.25035 0.266694 0.25245 -2.15866e-08 9.38736e-09 8.56124e-09 0.245588 0.273361 0.242553 0 0 0
0.349229 0.353815 0.348972 -9.69464e-10 1.70834e-08 -6.2672e-08 0.355295 0.339796 0.354877 0 0 -0
0.0912537 0.0868476 0.106591 3.29251e-08 -9.07257e-09 -1.6432e-08 0.0774467 0.077032 0.114711 0 -0 0
-0.222921 -0.227315 -0.227463 1.88112e-08 6.18064e-08 1.93141e-08 -0.2178 -0.240877 -0.240644 0 0 0
-0.0294605 -0.033516 -0.0318326 -5.70452e-09 5.82805e-08 -1.64441e-08 -0.0272056 -0.0380904 -0.0420233 -0 0 0
0.422482 0.419494 0.41548 -1.18301e-08 -1.01136e-08 -1.24421e-07 0.408277 0.424523 0.419767 0 0 0
0.141858 0.140793 0.140859 -2.68812e-08 -1.63811e-08 1.02848e-08 0.142209 0.140022 0.134074 0 0 0
0.687361 0.684795 0.683749 3.93112e-08 -4.36376e-09 4.72728e-08 0.686432 0.681745 0.678839 0 0 0
-0.0582043 -0.0593711 -0.0562113 5.38243e-09 2.57317e-09 -1.01821e-08 -0.0557185 -0.0569761 -0.0671373 0 0 0
0.482384 0.486768 0.486159 7.59161e-08 -7.49627e-08 1.41147e-07 0.487039 0.491546 0.476499 -0 0 0
0.272086 0.272058 0.270142 1.39776e-08 5.64773e-08 2.29991e-09 0.268408 0.279831 0.27693 0 -0 0
0.464626 0.458665 0.457015 9.24157e-08 2.03595e-08 -1.20662e-07 0.46877 0.451829 0.456885 0 0 -0
0.618345 0.619263 0.620331 7.31016e-08 1.22747e-07 1.58495e-07 0.611581 0.619025 0.620789 0 0 0
0.148216 0.148689 0.152382 7.35418e-08 -1.61932e-08 6.77057e-09 0.145583 0.14326 0.155804 0 0 0
0.109363 0.109503 0.110074 1.50278e-07 -1.23465e-07 -3.14136e-08 0.105374 0.108781 0.109133 0 0 0
0.135409 0.135376 0.134936 -1.86623e-08 -3.19371e-08 -5.57184e-08 0.134989 0.134875 0.128525 -0 0 0
0.0748683 0.0735858 0.0717331 -9.37646e-09 1.28821e-07 2.2283e-08 0.0769395 0.0660744 0.0716078 0 0 0
0.606399 0.602757 0.603273 1.07376e-08 2.5589e-08 -4.00509e-08 0.607063 0.601643 0.595968 0 0 0
0.0919527 0.0992937 0.108649 1.24338e-08 5.80354e-08 1.11709e-08 0.0879526 0.0833863 0.115451 0 0 -0
0.677444 0.671489 0.671497 2.11092e-08 -1.05783e-07 2.61978e-08 0.677742 0.668661 0.667298 0 0 0
-0.171792 -0.172282 -0.171538 -6.16953e-09 3.18567e-08 -9.06392e-09 -0.171204 -0.174475 -0.178621 0 0 0
