-3.56406 -3.56465
-3.55495 -3.55619
-3.55369 -3.55295
-3.5663 -3.5667
-3.55872 -3.55741
-3.54932 -3.54908
-3.55861 -3.55765
-3.56279 -3.56288
-3.56026 -3.56001
-3.56184 -3.56102
-3.56372 -3.56286
-3.55216 -3.55275
-3.55711 -3.55745
-3.55489 -3.55563
-3.56696 -3.56705
-3.56009 -3.56066
-3.55327 -3.55491
-3.55642 -3.55678
-3.57044 -3.56991
-3.55011 -3.54975
-3.55992 -3.55986
-3.5475 -3.54909
-3.55981 -3.56082
-3.55839 -3.5589
-3.55551 -3.55581
-3.54477 -3.54614
-3.55149 -3.55044
-3.55838 -3.55806
-3.56141 -3.56024
-3.55339 -3.55427
-3.55834 -3.55649
-3.55568 -3.55585
-3.55474 -3.55368
-3.55419 -3.55308
-3.55603 -3.55522
-3.55507 -3.55444
-3.56089 -3.55869
-3.55714 -3.55606
-3.54782 -3.5469
-3.55171 -3.55237
-3.54839 -3.55065
-3.55676 -3.55754
-3.55243 -3.55305
-3.55925 -3.55922
-3.55363 -3.55308
-3.55713 -3.55809
-3.56109 -3.56188
-3.55456 -3.55403
-3.56839 -3.56965
-3.56103 -3.56095
-3.54848 -3.54768
-3.58371 -3.58363
-3.50681 -3.50511
-3.56829 -3.56857
-3.49194 -3.4927
-3.55751 -3.55583
-3.52375 -3.52373
-3.60156 -3.60236
-3.54136 -3.54134
-3.5295 -3.52764
-3.57381 -3.57474
-3.56082 -3.56175
-3.49817 -3.49719
-3.60095 -3.60159
-3.59315 -3.59293
-3.58447 -3.58376
-3.55506 -3.55685
-3.52452 -3.52584
-3.58045 -3.57888
-3.58867 -3.59102
-3.61495 -3.61536
-3.58659 -3.58632
-3.49568 -3.497
-3.62033 -3.62179
-3.46439 -3.4647
-3.64363 -3.64397
-3.64067 -3.64046
-3.63869 -3.63846
-3.63524 -3.63486
-3.64164 -3.64144
-3.63871 -3.63831
-3.64475 -3.64456
-3.64222 -3.64245
-3.64539 -3.64557
-3.63597 -3.63548
-3.64432 -3.64433
-3.62162 -3.62093
-3.64527 -3.64545
-3.63294 -3.63244
-3.64135 -3.64115
-3.63414 -3.63376
-3.62571 -3.62511
-3.64416 -3.64415
-3.64477 -3.64484
-3.64441 -3.64444
-3.64514 -3.6452
-3.62659 -3.62601
-3.64477 -3.6446
-3.62236 -3.62167
-3.64364 -3.64407
-3.69219 -3.69201
-3.69146 -3.69223
-3.68899 -3.68965
-3.69129 -3.69172
-3.69166 -3.69207
-3.68885 -3.68954
-3.69068 -3.69091
-3.69071 -3.6907
-3.69024 -3.69107
-3.69017 -3.69065
-3.68672 -3.68617
-3.68699 -3.68604
-3.684 -3.68467
-3.68344 -3.68284
-3.6851 -3.68511
-3.68429 -3.68437
-3.68514 -3.68461
-3.68259 -3.68253
-3.68401 -3.68419
-3.68443 -3.68476
-3.66359 -3.66445
-3.66793 -3.66706
-3.66258 -3.66317
-3.66956 -3.66953
-3.66768 -3.66865
-3.6578 -3.65656
-3.66351 -3.66261
-3.66782 -3.6669
-3.66482 -3.66405
-3.66478 -3.66496
-3.6339 -3.63324
-3.63455 -3.63431
-3.63299 -3.63221
-3.6383 -3.63822
-3.63117 -3.63078
-3.63243 -3.63287
-3.63489 -3.6342
-3.63224 -3.63205
-3.6377 -3.63644
-3.6326 -3.63241
-3.60908 -3.6095
-3.60754 -3.60616
-3.61418 -3.6143
-3.60458 -3.60562
-3.60481 -3.60363
-3.60932 -3.60923
-3.59803 -3.5979
-3.60711 -3.60588
-3.60625 -3.60528
-3.60764 -3.60836
-3.58785 -3.58561
-3.58187 -3.58053
-3.57856 -3.5779
-3.59119 -3.59024
-3.58068 -3.5815
-3.58636 -3.58725
-3.57805 -3.5774
-3.58475 -3.58487
-3.58366 -3.58417
-3.58302 -3.58245
-3.55442 -3.5527
-3.56317 -3.56279
-3.56476 -3.56319
-3.56377 -3.56282
-3.5594 -3.5591
-3.56073 -3.56373
-3.56526 -3.56446
-3.56669 -3.56624
-3.56297 -3.56266
-3.55287 -3.55146
-3.53695 -3.5368
-3.53901 -3.54054
-3.53334 -3.5332
-3.52486 -3.52081
-3.53531 -3.53491
-3.54704 -3.54567
-3.53828 -3.53744
-3.53939 -3.53785
-3.54038 -3.53913
-3.60937 -3.60873
-3.61558 -3.61556
-3.6203 -3.61972
-3.6214 -3.62021
-3.61566 -3.61476
-3.62744 -3.62849
-3.61922 -3.61793
-3.62134 -3.62132
-3.62249 -3.62409
-3.61786 -3.61784
-3.61468 -3.61665
-3.61885 -3.62045
-3.61192 -3.61423
-3.62119 -3.62224
-3.61495 -3.61494
-3.6102 -3.61106
-3.60377 -3.60534
-3.61286 -3.61362
-3.6175 -3.61873
-3.6173 -3.61826
-3.55431 -3.55547
-3.61795 -3.61778
-3.56894 -3.56731
-3.57162 -3.57096
-3.56899 -3.56911
-3.56697 -3.56676
-3.6121 -3.61263
-3.61775 -3.61761
-3.61675 -3.61777
-3.57066 -3.56946
-3.61512 -3.61499
-3.61373 -3.61343
-3.61958 -3.61973
-3.57068 -3.5698
-3.61937 -3.61919
-3.61685 -3.61646
-3.61528 -3.61492
-3.5744 -3.57367
-3.56829 -3.56863
-3.56825 -3.56844
-3.56552 -3.5648
-3.56052 -3.55953
-3.61068 -3.61089
-3.56577 -3.56721
-3.56756 -3.56812
-3.60914 -3.61032
-3.56516 -3.56716
-3.56667 -3.56731
-3.60545 -3.60646
-3.56348 -3.56265
-3.61137 -3.61154
-3.5678 -3.56878
-3.56508 -3.5645
-3.61196 -3.61308
-3.60858 -3.60912
-3.62131 -3.62385
-3.61679 -3.6177
-3.60909 -3.6103
-3.56202 -3.56416
-3.56355 -3.56435
-3.61192 -3.61397
-3.57444 -3.579
-3.66008 -3.65593
-3.59035 -3.58755
-3.69538 -3.69479
-3.60194 -3.60097
-3.60295 -3.60358
-3.67613 -3.67396
-3.6051 -3.60538
-3.69747 -3.69821
-3.59711 -3.59762
-3.60272 -3.60208
-3.59436 -3.59805
-3.68816 -3.68833
-3.62872 -3.62704
-3.69127 -3.69234
-3.60174 -3.60453
-3.69667 -3.69627
-3.57397 -3.57539
-3.60182 -3.59698
-3.59973 -3.60023
-3.58926 -3.59396
-3.59853 -3.60285
-3.58511 -3.58734
-3.57595 -3.57166
-3.56595 -3.56685
-3.59259 -3.59613
-3.59033 -3.59523
-3.56737 -3.56705
-3.59083 -3.58785
-3.61859 -3.62263
-3.70134 -3.70189
-3.70219 -3.70229
-3.70057 -3.70057
-3.70231 -3.70236
-3.69817 -3.69833
-3.70023 -3.70057
-3.703 -3.70343
-3.6994 -3.69952
-3.70238 -3.70293
-3.70114 -3.70131
-3.70238 -3.70252
-3.70245 -3.70286
-3.69886 -3.69955
-3.70283 -3.70361
-3.7028 -3.7028
-3.70307 -3.70355
-3.70205 -3.70224
-3.70362 -3.70389
-3.69901 -3.69861
-3.70258 -3.70313
-3.69111 -3.69161
-3.68804 -3.68858
-3.69139 -3.69212
-3.69062 -3.69042
-3.68975 -3.68982
-3.69064 -3.69047
-3.6887 -3.68915
-3.69054 -3.69159
-3.69195 -3.69292
-3.68901 -3.68905
-3.68613 -3.68643
-3.68448 -3.6841
-3.68385 -3.68327
-3.68566 -3.68587
-3.68482 -3.68525
-3.68307 -3.68283
-3.68602 -3.68629
-3.6837 -3.68439
-3.68417 -3.68411
-3.68257 -3.68323
-3.66776 -3.66818
-3.66434 -3.66368
-3.66715 -3.66672
-3.66196 -3.66137
-3.66472 -3.66381
-3.66505 -3.66509
-3.66237 -3.66216
-3.66343 -3.66339
-3.66465 -3.66483
-3.66021 -3.66051
-3.63533 -3.63582
-3.63808 -3.63742
-3.63861 -3.63905
-3.63109 -3.63057
-3.63202 -3.63229
-3.63691 -3.63587
-3.63274 -3.63323
-3.63906 -3.63871
-3.63279 -3.63154
-3.63246 -3.63181
-3.6115 -3.6115
-3.60831 -3.60733
-3.60802 -3.60652
-3.61042 -3.6106
-3.60266 -3.60261
-3.60812 -3.6074
-3.60862 -3.60879
-3.60309 -3.60078
-3.61046 -3.61099
-3.60674 -3.60559
-3.58284 -3.5826
-3.57955 -3.5779
-3.58207 -3.57995
-3.58025 -3.57949
-3.58305 -3.58276
-3.57951 -3.58053
-3.58106 -3.58068
-3.58375 -3.5851
-3.57905 -3.5787
-3.57664 -3.5746
-3.55642 -3.55639
-3.56189 -3.56221
-3.55172 -3.55248
-3.5523 -3.54986
-3.55215 -3.55168
-3.56158 -3.56083
-3.56024 -3.56023
-3.56271 -3.56184
-3.5587 -3.55926
-3.56132 -3.56069
-3.52983 -3.52907
-3.53389 -3.53368
-3.5338 -3.53219
-3.54031 -3.54016
-3.53664 -3.53666
-3.54825 -3.54867
-3.53216 -3.52993
-3.5361 -3.53532
-3.53752 -3.5369
-3.53853 -3.53887
