0.49058 0.454495 0.474257 -0.0359009 0.0467033 -0.0383394 0.493853 0.45786 0.472414 -0.0398588 0.0478158 -0.0404388
0.520522 0.465778 0.492656 0.0269093 0.0691242 0.0274813 0.524542 0.458668 0.490102 0.0302711 0.0671501 0.0259524
0.450767 0.529952 0.431006 -0.00975114 -0.00468503 -0.00889579 0.445929 0.528378 0.430916 -0.0161442 0.00245853 -0.0146398
0.44604 0.420839 0.438837 -0.0134064 -0.0439577 0.0359196 0.452919 0.425389 0.437958 -0.0154443 -0.0456882 0.0425336
0.48088 0.468154 0.461062 0.0168359 -0.0234438 -0.0317118 0.498069 0.476984 0.45027 0.0171437 -0.0242755 -0.0440118
0.492923 0.52774 0.530375 -0.0234709 -0.00167109 -0.0151333 0.49634 0.532207 0.526141 -0.0211527 0.00426541 -0.0162742
0.382142 0.40976 0.431494 -0.0223981 -0.0221798 -0.0159913 0.379662 0.408609 0.433422 -0.0269522 -0.0146883 -0.0147941
0.367763 0.431343 0.381836 0.00109129 -0.0272062 -0.025621 0.357203 0.433841 0.387412 -0.00833175 -0.0289762 -0.0272347
0.467483 0.432621 0.469308 -0.0110819 0.0278371 0.00286905 0.473086 0.440252 0.464531 -0.00847351 0.0345547 0.00120636
0.433591 0.4373 0.48398 0.0123385 -0.00938085 -0.0476871 0.442545 0.454861 0.486716 0.00938368 -0.00968043 -0.0457941
0.463005 0.448285 0.455072 0.000875767 0.0022843 -0.043123 0.477016 0.448772 0.455543 -0.00638043 0.00927012 -0.0418012
0.559525 0.507342 0.476241 0.0140032 0.0160448 -0.0100091 0.554521 0.502294 0.463961 0.0126509 0.0156128 -0.0132553
0.463189 0.451358 0.441925 0.00470638 0.0164028 0.0064149 0.471427 0.462012 0.440237 0.00683932 0.0121714 0.00178921
0.427778 0.426854 0.473036 0.0222645 -0.00217964 0.00818568 0.431747 0.438046 0.472825 0.0297194 -0.000666469 0.0054045
0.367694 0.367416 0.422994 -0.00146218 -0.0355886 -0.0286605 0.36779 0.372695 0.419539 0.00577564 -0.0375386 -0.0259482
0.423357 0.366214 0.407859 -0.033835 0.0181494 -0.0352531 0.420799 0.370034 0.405254 -0.0383461 0.0115225 -0.0317232
0.487472 0.463703 0.459674 -0.0173796 -0.0300522 -0.000527496 0.486674 0.469593 0.472349 -0.0198254 -0.0301031 0.0035296
0.446905 0.384088 0.400992 0.0132758 -0.00104326 -0.0424785 0.449739 0.393246 0.413958 0.0134594 -0.00291399 -0.0432313
0.411887 0.337903 0.377912 -0.00762017 -0.0176593 0.0125418 0.407984 0.341726 0.380022 -0.0122662 -0.0115208 0.0138574
0.451274 0.51508 0.440354 -0.00256855 -0.0311142 -0.0276802 0.45288 0.515267 0.442991 -0.0132451 -0.0309982 -0.0307311
0.356663 0.416826 0.489082 0.0017774 -0.00195227 -0.00953319 0.365508 0.425342 0.494485 0.00239638 0.00418316 -0.0163212
0.449949 0.413516 0.435277 -0.0271847 -0.0118309 -0.0223192 0.445978 0.409694 0.427018 -0.0301133 -0.00738495 -0.0260281
0.414868 0.354528 0.442033 0.0235448 0.0415752 -0.0429016 0.41348 0.352254 0.434274 0.0228333 0.044718 -0.0374573
0.443725 0.389444 0.389749 0.0275752 0.0162363 -0.0110301 0.441913 0.386659 0.390883 0.029703 0.0251255 -0.00672989
0.468014 0.503157 0.489226 -0.0464336 0.00829244 -0.00730101 0.461459 0.496764 0.491789 -0.0468247 0.0145941 -0.00609167
0.518186 0.629765 0.494144 0.0245725 0.00668639 0.0199026 0.511886 0.619125 0.483635 0.0219245 0.0168807 0.0176467
0.513049 0.490477 0.51337 0.046131 0.0108057 0.00516309 0.5126 0.495605 0.515486 0.0403159 0.00679579 0.00457754
0.462123 0.473438 0.443013 -0.00649614 -0.0346415 0.0227363 0.471124 0.472473 0.448868 -0.00766916 -0.0313196 0.0192235
0.457436 0.451666 0.40653 0.00604881 -0.0394308 -0.00543086 0.467336 0.446957 0.404581 0.00476166 -0.0407844 0.000465671
0.454785 0.406049 0.464303 0.0197434 0.0096339 0.0550393 0.460218 0.400898 0.449966 0.0169888 0.012626 0.0547128
0.435196 0.397767 0.439727 -0.0446102 -0.00444954 0.0130873 0.445083 0.400996 0.443214 -0.0499949 -0.00672582 0.0172438
0.487085 0.448354 0.458899 -0.0536262 -0.00208866 -0.015103 0.499476 0.446882 0.448508 -0.047705 -0.0130105 -0.0144109
0.462478 0.452247 0.4719 -0.0241513 0.0393644 0.0423704 0.453179 0.45177 0.4781 -0.0256168 0.040128 0.046099
0.456182 0.439001 0.441707 -0.0295624 -0.0303754 0.00963232 0.456359 0.428385 0.442856 -0.0317537 -0.0327825 0.00807983
0.504727 0.42236 0.395626 0.0339448 -0.00419551 -0.0196153 0.497803 0.417281 0.390835 0.0301588 -0.00240576 -0.0126719
0.419029 0.438539 0.414616 0.000242325 0.0171254 -0.0455466 0.410684 0.438268 0.423373 -0.00232603 0.020277 -0.0362753
0.429891 0.348443 0.396826 -0.0183425 -0.0594524 -0.0444594 0.433355 0.359671 0.402355 -0.0132808 -0.0613592 -0.0377653
0.446433 0.39609 0.504906 -0.0247937 0.024248 -0.0412093 0.430757 0.393689 0.505054 -0.0242779 0.0245665 -0.0426957
0.527406 0.447718 0.585996 0.027494 -0.00484125 0.028144 0.512122 0.446255 0.578286 0.0242417 -0.00171864 0.0307368
0.453866 0.397878 0.442553 -0.0437603 0.00764137 -0.0183448 0.454532 0.3987 0.443928 -0.0439254 0.00814646 -0.0208365
0.494701 0.405839 0.465952 -0.0139241 0.00325773 -0.0250213 0.495206 0.399635 0.466459 -0.0152428 0.00550806 -0.0283782
0.419732 0.414226 0.452543 0.0252152 -0.0204941 0.0202881 0.409966 0.412614 0.447323 0.0259103 -0.0157398 0.0268122
0.446057 0.419076 0.461651 -0.00446845 -0.0421451 0.000430123 0.438219 0.419815 0.466068 -0.00710277 -0.033397 0.0037412
0.455279 0.393782 0.37014 -0.018903 -0.035297 -0.0105663 0.45598 0.389634 0.386525 -0.0139735 -0.0297842 -0.00928088
0.514148 0.41211 0.473814 -0.0134518 -0.0254932 0.0184209 0.511934 0.41198 0.460957 -0.0101693 -0.0265485 0.0224282
0.407832 0.364543 0.402415 -0.020005 0.0237314 0.00968995 0.401907 0.356422 0.401654 -0.0214863 0.0199587 0.0172934
0.327546 0.428036 0.395002 0.0303463 0.0560288 -0.0263987 0.325838 0.434839 0.393868 0.030475 0.0485165 -0.0255679
0.424739 0.43325 0.43823 -0.0193582 -0.0237883 -0.0291858 0.425209 0.436105 0.440555 -0.00674213 -0.0213253 -0.0290699
0.407543 0.444112 0.406641 -0.0138036 -0.0298938 -0.0125824 0.406738 0.440484 0.400644 -0.00151795 -0.0237232 -0.0195912
0.447613 0.439004 0.406678 -0.0078303 0.00282867 -0.0211584 0.457791 0.427964 0.408336 -0.00955828 0.00245516 -0.0279712
0.61477 0.520138 0.71324 -0.286777 0.159825 -0.191116 0.617166 0.523667 0.725763 -0.298269 0.157362 -0.197367
0.517897 0.465626 0.48684 0.0253341 -0.129578 0.122041 0.509941 0.462832 0.484906 0.0193631 -0.120371 0.115618
0.782086 0.557474 0.725888 -0.0986457 -0.233327 0.322495 0.785123 0.572344 0.736852 -0.119461 -0.240382 0.32524
0.505243 0.535417 0.58709 0.248767 -0.198847 0.16158 0.510605 0.54355 0.594224 0.251475 -0.191089 0.158254
0.848504 0.84855 0.860577 0.441482 0.247725 0.203713 0.836354 0.863295 0.86777 0.451099 0.258893 0.22744
0.482242 0.584141 0.524079 0.0687206 -0.166176 -0.202824 0.491213 0.593123 0.533243 0.0716724 -0.165022 -0.200177
0.707469 0.617429 0.697273 -0.175084 -0.105846 0.245223 0.696068 0.621418 0.699333 -0.184953 -0.104967 0.252657
0.415166 0.473332 0.393407 0.055529 0.00382501 0.127465 0.413968 0.480468 0.385694 0.0551343 0.00904489 0.127714
0.652945 0.742955 0.505778 -0.0664792 -0.2234 -0.0453508 0.646578 0.741584 0.499701 -0.0626769 -0.217289 -0.0458232
0.744973 0.776078 0.631485 -0.0926788 -0.339871 0.312455 0.726805 0.777031 0.615871 -0.0968724 -0.342005 0.319866
0.512193 0.454067 0.572421 -0.0439495 -0.0407041 0.0147922 0.513591 0.453142 0.581157 -0.056578 -0.0387897 0.0170067
0.694439 0.534234 0.600913 0.0989496 -0.0734439 -0.107826 0.699537 0.514922 0.61953 0.117544 -0.0867119 -0.113126
0.723889 0.883547 0.910852 0.517833 -0.120057 0.0838715 0.727524 0.897878 0.903474 0.507388 -0.11485 0.0942329
0.364795 0.404343 0.382396 -0.00235283 0.0412299 0.233508 0.361558 0.393452 0.391262 0.00138416 0.0375404 0.228664
0.450108 0.481343 0.434323 -0.0965243 -0.143549 -0.0705084 0.464362 0.489569 0.430167 -0.0935728 -0.150541 -0.0594678
0.464193 0.496209 0.435696 -0.0364803 -0.309613 -0.075114 0.469095 0.497615 0.428782 -0.0320998 -0.308283 -0.0689004
0.489776 0.575871 0.651901 0.253669 0.0542794 0.104546 0.484593 0.594949 0.673017 0.258155 0.0621976 0.0999039
0.637273 0.638293 0.762915 0.095982 0.400576 0.209202 0.635408 0.63742 0.764431 0.0940839 0.399808 0.201613
0.472401 0.5563 0.568928 -0.0531567 -0.130341 -0.063677 0.469086 0.548924 0.560924 -0.0518175 -0.123895 -0.0647554
0.513043 0.56859 0.414996 0.134789 0.162862 0.138631 0.508601 0.57415 0.390749 0.135736 0.155164 0.129023
0.354023 0.360414 0.365917 0.150713 0.232125 0.0464433 0.353773 0.365553 0.363541 0.1455 0.239491 0.0454981
0.428697 0.512519 0.459457 0.246331 -0.0127665 0.0707102 0.431976 0.517587 0.46149 0.238768 -0.00891074 0.0664818
0.824318 0.72319 0.855356 0.243072 -0.106512 -0.00441139 0.814701 0.723197 0.821493 0.249268 -0.0950929 -0.00500261
0.334284 0.334979 0.356028 0.0268902 -0.0806056 -0.0371777 0.331472 0.335143 0.364124 0.0338027 -0.0796434 -0.0335154
0.988913 0.962002 1.01339 0.0863927 0.108197 0.663472 0.992688 0.932643 1.01163 0.0933144 0.110695 0.685945
-0.170336 -0.172043 -0.171411 -1.39686e-08 9.92098e-09 -7.72096e-09 -0.180569 -0.178382 -0.167294 0 -0 0
0.296989 0.293293 0.29452 7.74702e-08 1.03537e-07 3.04464e-08 0.298517 0.287291 0.295527 0 0 -0
0.350408 0.353146 0.353312 -3.77621e-08 -1.66338e-08 -8.33861e-08 0.345704 0.35287 0.353143 0 0 0
0.433697 0.438156 0.435528 -4.68872e-08 -6.24947e-08 -6.00473e-08 0.433446 0.436348 0.434995 0 0 0
0.251457 0.270669 0.252815 -3.66366e-08 -2.26934e-08 9.32732e-08 0.245588 0.273361 0.242553 0 0 0
0.353468 0.351401 0.35316 -8.65282e-09 2.5958e-08 4.03593e-08 0.355295 0.339796 0.354877 0 0 -0
0.0929491 0.089503 0.110878 4.83141e-08 -1.92624e-08 -4.26941e-08 0.0774467 0.077032 0.114711 0 -0 0
-0.223466 -0.224423 -0.224574 3.50299e-08 3.08335e-08 -3.33994e-08 -0.2178 -0.240877 -0.240644 0 0 0
-0.0293393 -0.0327321 -0.0310608 -2.38577e-08 8.22876e-09 -1.22453e-08 -0.0272056 -0.0380904 -0.0420233 -0 0 0
0.418143 0.422815 0.418838 -2.09116e-08 1.45395e-08 -8.42048e-08 0.408277 0.424523 0.419767 0 0 0
0.142634 0.141462 0.141059 4.03823e-08 5.4197e-09 2.80335e-08 0.142209 0.140022 0.134074 0 0 0
0.680149 0.676759 0.674361 4.64331e-08 2.1636e-08 6.18903e-08 0.686432 0.681745 0.678839 0 0 0
-0.0577851 -0.0587498 -0.0553959 -7.98144e-09 -2.27971e-08 -2.66005e-08 -0.0557185 -0.0569761 -0.0671373 0 0 0
0.483096 0.48762 0.48082 6.31776e-08 -2.06691e-08 2.84631e-08 0.487039 0.491546 0.476499 -0 0 0
0.271356 0.27451 0.272261 8.98174e-09 4.44391e-08 -1.89255e-09 0.268408 0.279831 0.27693 0 -0 0
0.465013 0.455261 0.455917 1.10894e-07 7.20203e-08 -1.67203e-07 0.46877 0.451829 0.456885 0 0 -0
0.609836 0.614851 0.616103 -8.74357e-09 2.45343e-08 1.06104e-07 0.611581 0.619025 0.620789 0 0 0
0.14886 0.149099 0.153573 7.35296e-08 2.59142e-08 -7.72586e-09 0.145583 0.14326 0.155804 0 0 0
0.10961 0.10984 0.110467 3.92062e-08 -7.34466e-08 -1.00498e-08 0.105374 0.108781 0.109133 0 0 0
0.136014 0.135977 0.135141 -1.85305e-10 -2.28781e-08 -6.09977e-08 0.134989 0.134875 0.128525 -0 0 0
0.0757835 0.0740067 0.0726374 -5.10243e-09 5.81284e-08 4.11247e-08 0.0769395 0.0660744 0.0716078 0 0 0
0.603062 0.598867 0.59516 9.52612e-08 -6.54082e-09 -9.41511e-09 0.607063 0.601643 0.595968 0 0 0
0.0946532 0.10029 0.112416 1.90076e-09 -1.84e-08 2.5648e-08 0.0879526 0.0833863 0.115451 0 0 -0
0.671558 0.663892 0.662464 -1.76181e-08 -5.42033e-08 1.4847e-08 0.677742 0.668661 0.667298 0 0 0
-0.171918 -0.171833 -0.170689 1.36176e-08 -9.0373e-09 -8.67479e-09 -0.171204 -0.174475 -0.178621 0 0 0
0.0560573 0.00979563 0.0310182 0.0108029 0.0119247 0.0139444 0.0589898 0.00687377 0.0314435 0.0105006 0.00748173 0.012436
0.0402588 0.0128094 0.0175296 0.000582202 0.00728818 -0.0152076 0.0418313 0.00548645 0.014592 0.0012484 0.00383685 -0.0121875
0.0112406 0.0124943 0.0317354 -0.00667892 0.0156024 0.00560778 0.00800546 0.0187456 0.0279598 -0.00737083 0.0124776 0.00677049
0.0222671 0.0314198 0.0310702 -0.00804647 0.00505595 0.00167445 0.02106 0.0301729 0.0247506 -0.0046167 0.00201469 0.00753012
0.0197927 0.00972301 0.00848024 0.0150743 0.0287624 -0.00330138 0.0224803 0.00759204 0.00664796 0.0163148 0.0282773 -0.00471497
0.0005427 -0.0188958 0.0202603 -0.0133807 -0.00699431 0.00983053 0.000295988 -0.0127507 0.0188854 -0.00950827 -0.0075546 0.013716
0.043542 0.0214606 0.0336948 0.00889139 0.0123547 -0.000355121 0.044642 0.0212311 0.0261276 0.0125274 0.00905799 -1.9321e-05
0.0125039 0.0108575 0.0342011 0.0161059 0.0112782 0.0200004 0.010757 0.00746204 0.0293294 0.0158106 0.0133363 0.022473
0.034591 0.00157174 0.0209665 0.00595347 0.0185154 0.0179677 0.034228 0.00147444 0.0204877 0.00809497 0.019215 0.0166585
0.0135499 0.0139494 0.0187947 0.0204414 0.00299498 0.00631978 0.011399 0.0102531 0.0136956 0.0218155 -0.00190062 0.00915164
0.0421532 0.0528571 0.0174687 -0.00140331 -0.00186194 0.00886631 0.0368725 0.0497764 0.00734068 -0.000555864 -0.00249747 0.0117462
0.020844 0.0370302 -0.0171832 0.000527937 -0.0156843 -0.00730445 0.0137578 0.0357153 -0.0235905 0.0027562 -0.0158409 -0.00752938
0.063078 0.0681407 0.0315197 -0.00878188 -0.00659654 0.0245628 0.0546604 0.0593723 0.0179874 -0.00562738 -0.00599673 0.0284289
0.0638687 0.022095 0.0351249 -0.0126859 -0.00446713 0.00103645 0.062073 0.0236732 0.0335825 -0.0163966 -0.0114124 0.000507747
0.0710056 0.0785488 0.0466047 0.00138298 -0.0108522 0.0102866 0.0659975 0.0762861 0.0394346 -0.00208636 -0.0099196 0.0116669
0.0317929 -0.000286102 -0.00276485 -0.0298314 -0.000684933 -0.0231424 0.0328336 0.00685565 -0.00126772 -0.0298 0.00183991 -0.0204346
0.0368522 0.0217576 -0.00937341 0.0137517 0.0136972 -0.00481746 0.0294669 0.0276381 -0.0177429 0.01374 0.0100376 -0.00692182
0.0123218 -0.000682133 -0.0258835 -0.0210733 0.011571 -0.00478994 0.0082737 0.00793383 -0.0243486 -0.0167428 0.0095742 -0.00548839
0.00758884 0.0464043 0.0138423 0.00583245 -0.0276292 0.00376437 -0.00159426 0.0431426 0.00590086 0.00328645 -0.0304928 0.00170179
0.00304605 0.0446551 -0.000516617 0.000671489 0.00634388 0.00349606 -0.00159849 0.0512565 -0.00376784 -0.000330802 0.00354043 0.00687404
-0.00314662 -0.0163166 -0.0129715 -0.00840975 0.0137294 0.0191946 -0.00809089 -0.00696787 -0.0129518 -0.00982571 0.0161883 0.0204187
-0.0163061 0.0116135 -0.00666104 -0.0351356 0.00902338 0.00672184 -0.0158464 0.00726324 0.00153506 -0.0390613 0.00422988 0.0120871
0.0191658 0.000883557 -0.0278341 -0.0331359 -0.0175227 -0.00149841 0.0184413 -0.00346614 -0.0276514 -0.0388461 -0.0172206 0.00504358
-0.010591 -0.0202297 -0.0384216 0.0205451 -0.0179947 -0.00224308 -0.0116021 -0.0136703 -0.0456799 0.0191284 -0.0155466 -0.0020971
0.00701321 -0.00613296 0.0260655 -0.0163972 0.0211716 -0.017321 0.00717713 0.00469982 0.0227665 -0.00823105 0.0166307 -0.0197132
0.00311019 0.00810221 0.00465667 -0.023944 0.00432169 0.0252294 0.00295694 0.00427938 0.00923293 -0.0272297 0.00158747 0.029684
0.00233938 -0.00144579 0.0334053 -0.0118964 -0.0111546 -0.00759883 -0.00808111 0.00187596 0.0339569 -0.0123669 -0.0148798 -0.00559438
-0.0348767 -0.0101669 -0.0427474 0.0162155 -0.00143762 0.0335383 -0.0339301 -0.0102894 -0.0416294 0.0205274 -0.00283731 0.0313291
0.00268847 -0.0163806 -0.0116398 0.00673185 0.00746693 0.000447897 -0.00448071 -0.0113041 -0.00480401 0.00335049 0.00305006 0.00145935
0.0279596 -0.000328103 -0.0122223 0.00491116 0.00861507 0.020026 0.0359829 -4.78395e-06 -0.00260512 0.00297469 0.0056904 0.017887
0.010631 -0.0203906 -0.00162786 -0.0222605 -0.00655019 -0.0433848 0.0112759 -0.0167811 0.0109463 -0.0222157 -0.00790349 -0.0462465
-0.0198064 -0.0623632 -0.0117365 0.018667 -0.0018166 -0.0136819 -0.0155415 -0.0659603 -0.0100511 0.0137789 -0.00573306 -0.0170389
-0.0416718 -0.0403793 -0.0489375 -0.0230579 0.00272885 -0.00739704 -0.0449921 -0.03348 -0.0437763 -0.0229574 0.0059187 -0.00718593
-0.00923296 0.0207294 -0.0695662 0.00424717 -0.00714191 0.00720718 -0.00939586 0.0276563 -0.0779335 0.00480454 -0.00370525 0.00931762
-0.0061434 -0.0577078 -0.0221871 0.00575399 0.0088692 -0.00701416 0.00781809 -0.0580479 -0.0163735 0.00320346 0.00812574 -0.00400725
0.00150838 -0.0493972 0.0189406 0.00289173 0.0299971 -0.0228013 -0.000916636 -0.0398777 0.0128827 -1.7284e-05 0.030324 -0.0222268
0.00868695 -0.0333254 -0.046854 0.0410757 -0.00737382 0.0115249 0.00353105 -0.0339527 -0.0395275 0.0465723 -0.00855383 0.0132847
-0.0296596 -0.0399727 0.00407893 -0.00267744 0.0160671 -0.0278249 -0.0256402 -0.0337501 0.0115559 0.00111812 0.00983293 -0.0235534
-0.0406592 -0.037001 -0.00490338 -0.0192509 0.000104978 -0.00541698 -0.0444696 -0.0331845 -0.00512031 -0.0181285 0.00939793 0.00227509
0.0116088 -0.0100953 -0.0147343 0.0264438 0.0221635 0.0013811 0.0122911 -0.0145377 -0.0175768 0.0231096 0.0282186 -0.00681895
-0.0589211 -0.0557546 -0.0525501 -0.00308813 0.0116049 0.0175887 -0.0615946 -0.0581871 -0.0521398 -0.00697312 0.013734 0.0162102
-0.0141759 -0.0227062 -0.0391911 -0.0427107 0.0271793 0.00109957 -0.0139724 -0.0224233 -0.033275 -0.0386177 0.0255622 0.00775867
-0.0758146 -0.0850892 -0.068149 -0.0266327 -0.00495372 -0.0268321 -0.0711567 -0.0847544 -0.0706285 -0.0292126 -0.00696725 -0.030828
-0.0481235 -0.093275 -0.0729729 -0.00197922 0.00706542 -0.00313935 -0.0462549 -0.082917 -0.0692941 0.00321515 0.00461793 -0.00892309
-0.0611683 -0.0105732 -0.050242 0.000255939 -0.0144069 0.0159808 -0.059473 -0.00917052 -0.0466552 -0.00155401 -0.0197984 0.0193471
-0.0509625 -0.0515052 -0.058642 0.00568283 0.0251286 0.00664164 -0.0425927 -0.0546525 -0.0596395 0.0129505 0.0299786 0.00191287
-0.00666318 -0.0580794 -0.0316855 -0.0090965 0.00243695 -0.00634229 -0.0091316 -0.0582795 -0.0371293 -0.00684244 -0.00184333 -0.00708839
-0.0912572 -0.123946 -0.0542434 -0.018468 -0.00660814 -0.0166364 -0.0976726 -0.130068 -0.0476364 -0.0219824 -0.00536225 -0.0163311
-0.0645216 -0.0167113 -0.0976942 0.00790544 -0.00803463 0.015284 -0.053798 -0.0103526 -0.0966905 0.00627216 -0.00859679 0.0173787
-0.034154 -0.0246936 -0.000285026 0.0112237 -0.0304597 0.0024852 -0.0365791 -0.0193383 -0.00234843 0.00811361 -0.0259255 0.00215509
0.0350099 -0.0394451 -0.0274947 0.0333885 0.0133822 0.0334855 0.0315991 -0.0407389 -0.0239172 0.0372939 0.0170623 0.0399379
-0.104404 -0.108399 -0.0884894 0.0179853 0.0175257 0.0280806 -0.0982314 -0.104362 -0.0844532 0.0167847 0.0194419 0.0320552
-0.0879394 -0.106377 -0.126886 0.0124054 -0.000937103 -0.0245933 -0.0764505 -0.103682 -0.119289 0.0125451 0.00913142 -0.0215874
-0.132782 -0.156194 -0.127346 0.0137806 0.0335494 -0.00991099 -0.121005 -0.155259 -0.128729 0.012803 0.0373716 -0.00949386
-0.0683768 -0.0279439 -0.090815 -0.0712527 -0.0162658 -0.0171118 -0.0627573 -0.0427374 -0.0955433 -0.0726768 -0.0103589 -0.0103661
-0.060342 -0.0278097 -0.0410571 0.0181873 0.0111872 -0.0237612 -0.051714 -0.0270242 -0.0422779 0.0120276 0.00906463 -0.0204198
-0.0458564 -0.0878897 -0.0520706 -0.00619879 -0.0124406 -0.000559743 -0.0464483 -0.0883288 -0.0451871 -0.008705 -0.0119071 -0.00804213
-0.0909729 -0.147099 -0.131322 -0.0384688 -0.0271831 0.0137952 -0.0862865 -0.135133 -0.134606 -0.0396731 -0.0277632 0.0193626
-0.10143 -0.108725 -0.105068 0.0606441 0.0046317 0.012823 -0.097168 -0.107299 -0.101869 0.0628973 0.00551676 0.0116084
-0.101634 -0.103424 -0.0780174 -0.00728578 0.0176896 0.017894 -0.0976177 -0.0985034 -0.0849998 -0.00319481 0.0253124 0.0225834
-0.142469 -0.109335 -0.125047 -0.00303391 -0.0152762 0.035184 -0.149075 -0.12241 -0.128136 0.000764105 -0.00835651 0.0383102
-0.134257 -0.14297 -0.161017 -0.00507648 -0.00301529 -0.020996 -0.137398 -0.148749 -0.161613 -0.0103903 -0.0034084 -0.0173139
-0.0613676 -0.079169 -0.0989089 0.00357451 -0.00871508 -0.0479537 -0.0627407 -0.0824413 -0.0998809 0.00216605 -0.0106328 -0.0595544
-0.0612565 -0.0973549 -0.115902 0.000234306 -0.0240521 0.0110941 -0.0522292 -0.0978895 -0.116938 -0.00169315 -0.0317363 0.0117735
-0.105879 -0.0486743 -0.0530399 0.0559118 -0.0454816 0.0240428 -0.113055 -0.0478672 -0.055598 0.0555473 -0.0499502 0.0256529
-0.125961 -0.158053 -0.130116 -0.0287916 0.0101581 -0.00653327 -0.130505 -0.163601 -0.121842 -0.021273 0.0147398 -0.0105468
-0.176082 -0.183138 -0.1879 0.00726853 0.0222427 -0.00187884 -0.186758 -0.176423 -0.184392 0.00472222 0.0216104 -0.00609488
-0.158351 -0.139838 -0.158496 -0.0256812 0.0107379 0.00114444 -0.159005 -0.133997 -0.154103 -0.0274713 0.0212327 0.00269574
-0.127645 -0.0711878 -0.148296 -0.0293319 0.0204363 -0.00808106 -0.122617 -0.0695567 -0.142957 -0.0306701 0.0210315 -0.0112802
-0.0565206 -0.121129 -0.131383 -0.0289998 0.0314092 0.0203469 -0.0549875 -0.119837 -0.125124 -0.0251728 0.033267 0.0204937
-0.1093 -0.120217 -0.110374 -0.0281558 0.00241986 0.0345059 -0.106177 -0.120741 -0.105228 -0.0325649 0.00486306 0.0400757
-0.100283 -0.109308 -0.120587 -0.0059939 0.0489851 -0.01301 -0.0957208 -0.116043 -0.117 -0.00730077 0.0514701 -0.0148898
-0.0836865 -0.129818 -0.125129 -0.00595642 0.0123954 0.0308946 -0.0755487 -0.122246 -0.127714 -0.00967707 0.019948 0.0304683
-0.105813 -0.103374 -0.137133 0.0056063 0.00803462 -0.0310765 -0.0939652 -0.096089 -0.115513 0.00396235 0.0106531 -0.033116
-0.111937 -0.0861664 -0.0941828 -0.000669908 0.00867091 0.00768519 -0.118866 -0.0817173 -0.0926 -0.000605926 0.0059875 0.00191275
-0.113499 -0.101698 -0.11426 0.00581756 -0.0209649 0.0119993 -0.109459 -0.0987809 -0.109453 0.00627491 -0.0248546 0.0127736
-0.124762 -0.112003 -0.125432 -0.0273971 -0.00699327 0.00893995 -0.138115 -0.113039 -0.128209 -0.0283837 -0.00631293 0.0115581
-0.102552 -0.164334 -0.0871855 0.0544166 0.00160299 0.00206534 -0.0998301 -0.165629 -0.0828882 0.0565148 0.0107544 0.00488546
-0.0774082 -0.181647 -0.11901 0.0139542 0.0287072 0.0271429 -0.0879805 -0.184763 -0.122978 0.024135 0.0281468 0.028348
-0.0712035 -0.0786958 -0.088747 0.0124675 -0.0195719 -0.0152063 -0.0608561 -0.0693584 -0.103801 0.0190128 -0.0208477 -0.0171945
-0.0581345 -0.0742841 -0.0630227 -0.00587542 -0.0224248 0.0103758 -0.0526782 -0.0652453 -0.0836053 -0.00318254 -0.0221306 0.00580778
-0.0814646 -0.0251693 -0.0803495 0.0288089 0.00603153 -0.00160988 -0.0734231 -0.0155524 -0.0943847 0.0313115 0.0068789 -0.00369346
-0.0687244 -0.0641481 -0.0461483 -0.0114086 0.0317385 0.0117934 -0.0540392 -0.050038 -0.0543705 -0.00938639 0.035995 0.0131634
-0.0432323 -0.0297523 -0.0700722 -0.00442677 -0.0160993 -0.0117948 -0.031921 -0.0141516 -0.0787643 -0.00871024 -0.0163446 -0.0144784
-0.0610161 -0.0649049 -0.0438169 -0.0173527 -0.0193857 0.0184195 -0.0469187 -0.0495752 -0.0571619 -0.0261446 -0.0184393 0.0221124
-0.040846 -0.0385559 -0.0456938 0.00811383 -0.00239967 0.0278232 -0.0288217 -0.0323493 -0.0570982 0.00899315 -0.00916729 0.0289138
-0.0894714 -0.0916803 -0.0809374 -0.00816256 -0.0224601 -0.0144337 -0.0829756 -0.0843331 -0.0987348 -0.00964671 -0.0160315 -0.0159609
-0.0414797 -0.0908914 -0.0745761 -0.0205754 -0.0320856 -0.0023408 -0.0313403 -0.0831655 -0.0866696 -0.0218483 -0.0346473 -0.00384761
-0.0613573 -0.080022 -0.0722466 -0.0027831 0.00366683 -0.00356329 -0.0581441 -0.0750213 -0.0879067 0.00296839 0.00205503 -0.00806948
-0.0628892 -0.0402027 -0.0194754 -0.00296484 0.00263531 -0.0120162 -0.0505039 -0.038622 -0.0365201 0.000119765 0.000661258 -0.0121731
-0.0660274 -0.0866834 -0.0508277 0.00791422 -0.00520717 0.000710013 -0.0534149 -0.0837075 -0.0604759 0.00337012 -0.00628669 0.00324294
-0.0512733 -0.0465436 -0.0558553 0.00789154 0.0195576 0.00399259 -0.0437793 -0.0412955 -0.0717154 0.0122682 0.0212648 0.0047072
-0.0376815 -0.0448052 -0.0616753 -0.0119813 -0.0155581 0.00255865 -0.0270905 -0.0332534 -0.0852488 -0.0131154 -0.0187126 0.00696146
-0.0697715 -0.0865576 -0.0559068 -0.000917525 -0.0136661 -0.0227776 -0.0646972 -0.0816633 -0.0715811 0.00198059 -0.0102634 -0.0252649
-0.108044 -0.0506942 -0.0638956 -0.000927939 0.0376685 -0.00928938 -0.0975364 -0.039704 -0.0755421 0.000252215 0.0392077 -0.00682149
-0.0726491 -0.0624675 -0.0840968 -0.00507198 0.0017274 -0.0217036 -0.0612711 -0.0519991 -0.095697 -0.00440956 0.000431493 -0.0219118
-0.0293861 -0.010043 -0.0403201 0.0116735 0.00495651 0.00357011 -0.0172193 -0.00230503 -0.0510868 0.00884898 0.00445274 0.000348792
-0.0697861 -0.0275332 -0.0409356 0.00816339 -0.0122107 0.000675524 -0.0651707 -0.018211 -0.0572321 0.0102285 -0.0138297 -0.0013894
-0.0653035 -0.0579438 -0.0708901 0.0210263 -0.00667568 0.0137537 -0.0528861 -0.053936 -0.0905693 0.0204531 -0.00257836 0.00979148
0.535547 0.471332 0.486023 0.0171414 0.0470268 -0.0519895 0.538544 0.465549 0.480832 0.00834161 0.045554 -0.0515612
-0.0499081 -0.0028255 -0.0164105 -0.00504684 0.0383765 0.0120239 -0.0421881 -0.000358085 -0.0292978 -0.00830434 0.038829 0.00906364
-0.117359 -0.100635 -0.0927853 0.00220363 0.0084936 0.0057228 -0.102653 -0.0930504 -0.114611 0.00216929 0.00581707 0.00804939
-0.076003 -0.109727 -0.0789385 -0.0186209 0.00826114 -0.00900317 -0.060483 -0.097054 -0.0915854 -0.013576 0.00794771 -0.00750159
-0.0621838 -0.0207962 -0.0603525 0.0159571 -0.000216181 0.0278442 -0.0560363 -0.00954831 -0.0738864 0.00805475 0.00170108 0.0248694
-0.052715 -0.0613561 -0.100196 0.0115994 0.0192775 -0.00923025 -0.0404444 -0.0469416 -0.118592 0.0168758 0.0151697 -0.00758081
-0.0573346 -0.0430116 -0.084118 0.00869895 -0.00251124 0.0152788 -0.0487791 -0.0340497 -0.0994129 0.00670117 -0.00224495 0.0191443
-0.0563234 -0.0465603 -0.0413293 -0.00912307 -0.0169033 -0.00519899 -0.0454491 -0.0337124 -0.0601011 -0.00937471 -0.0211818 -0.00435332
-0.0626848 -0.077929 -0.0546568 0.00890183 -0.00367504 0.003006 -0.0560879 -0.0715934 -0.0717978 0.00613224 -0.00254892 0.00138593
-0.0945391 -0.083354 -0.101515 -0.0126282 -0.00543821 -0.013565 -0.0873404 -0.0758509 -0.120255 -0.010506 -0.0106237 -0.0148833
-0.0700587 -0.0461139 -0.0999961 0.0101009 0.00430402 0.00968526 -0.0568148 -0.0413345 -0.116476 0.00838808 0.00604769 0.0115322
-0.00820703 -0.0380068 -0.0403858 0.00237958 -0.000161532 -0.0227322 0.00631254 -0.0337049 -0.0508038 0.00416537 -0.00604178 -0.0215748
-0.0232592 0.0121212 -0.0169413 0.00457201 0.0122916 -0.00553923 -0.0107051 0.0181559 -0.0289141 0.00876556 0.0168128 -0.00341144
-0.114135 -0.0732514 -0.0965128 0.0263971 0.0185361 0.0140567 -0.101682 -0.0591521 -0.108892 0.0243551 0.0215297 0.0151112
-0.0268977 -0.0452077 -0.0400823 -0.00110652 -0.0112704 -0.0152171 -0.0201516 -0.0343122 -0.0519214 0.00369863 -0.0125373 -0.0143257
-0.0649053 -0.03691 -0.0491345 -0.0208972 0.00536003 -0.00364311 -0.0513636 -0.0279149 -0.0629859 -0.017045 0.0117761 -0.00136241
-0.0328744 -0.0363201 -0.0253928 -0.00610575 0.0114761 0.0212964 -0.0284642 -0.0272115 -0.0446773 -0.0039519 0.00945614 0.0236763
-0.0699235 -0.0370699 -0.0723334 0.0350111 0.0273819 0.00583292 -0.0602203 -0.0244213 -0.089891 0.0340765 0.0278204 0.0102239
-0.0498868 -0.0380728 -0.0357438 -0.0202677 -0.0151854 0.012221 -0.041164 -0.0200584 -0.0472636 -0.0145112 -0.0171221 0.015691
-0.07032 -0.0546518 -0.0695826 0.00846494 0.00136443 0.0262511 -0.0682399 -0.0452909 -0.09998 0.00576166 0.00184785 0.0227197
-0.0775597 -0.0570752 -0.125178 0.026118 -0.00760276 0.00541422 -0.0597771 -0.040957 -0.143437 0.02789 -0.00116075 0.00204097
-0.0319839 -0.0809957 -0.0721681 0.00769268 0.00439394 -0.00607564 -0.0209619 -0.069412 -0.0901096 0.00461743 0.0012648 -0.0152171
-0.063482 -0.0583809 -0.0513088 8.66544e-05 -0.0173571 -0.0165516 -0.0490534 -0.0559447 -0.0707865 -0.00462775 -0.0170466 -0.0173017
-0.0670032 -0.0620195 -0.0470388 0.0254022 0.00625697 0.0191901 -0.0524903 -0.041905 -0.0574157 0.0317591 0.0031525 0.0206733
-0.0844181 -0.051932 -0.0499384 -0.0011804 0.0035198 -0.0164229 -0.0807424 -0.0329994 -0.0652715 0.00112275 0.00821376 -0.0222025
-0.0752323 -0.063351 -0.0925383 -0.0111933 -0.00710032 0.0040671 -0.065373 -0.0551033 -0.1069 -0.00579869 -0.00822339 0.00535138
-0.0434179 -0.0870786 -0.0545372 0.0253924 -0.0195385 -0.0319137 -0.0403405 -0.0813622 -0.0743775 0.0287026 -0.0169757 -0.0284449
-0.0482241 -0.0455637 -0.047312 0.0142107 -0.022668 -0.0072655 -0.0436398 -0.0323414 -0.0701379 0.00802844 -0.0212718 -0.00813322
-0.0700957 -0.027667 -0.0227939 -0.0280767 -0.00266974 -0.00888447 -0.0647343 -0.0205128 -0.0409281 -0.0286847 0.00154117 -0.00672151
-0.0301425 -0.0411406 -0.0499956 -0.0226752 -0.0085877 -0.0104655 -0.0275405 -0.0277634 -0.0656209 -0.0247908 -0.00456527 -0.0149783
-0.0432846 -0.0368152 -0.0347486 0.0155215 0.011431 -0.0154107 -0.040526 -0.0233759 -0.0491482 0.0155605 0.00497493 -0.0129699
-0.0651099 -0.0949423 -0.0934215 -0.0217235 0.0273009 0.0143865 -0.0550286 -0.082939 -0.113679 -0.0204715 0.0306263 0.0141839
-0.087285 -0.0909462 -0.110513 -0.0253217 -0.00992259 0.0112401 -0.0776213 -0.0865907 -0.13486 -0.0298343 -0.0104955 0.0110675
-0.0767665 -0.0511819 -0.0643431 -0.00761458 -0.00629011 -0.00531429 -0.0618743 -0.0414571 -0.0779963 -0.0102493 -0.00778992 -0.0052053
-0.0370274 -0.0496899 -0.0578356 0.018006 0.00685348 -0.0069218 -0.0319796 -0.0431659 -0.0745164 0.0213753 0.002295 -0.00739272
-0.0115692 -0.0106299 -0.0666058 -0.00460101 0.000279452 0.00966646 -0.00850584 0.00108265 -0.0788278 -0.0112988 -0.00392106 0.00668773
-0.0374114 -0.074943 -0.0401136 -0.0100783 -0.00683265 0.0257074 -0.0222358 -0.066099 -0.0578521 -0.00457136 -0.00907132 0.0331563
-0.072993 -0.0282578 -0.061377 -0.00447355 0.0375891 0.00917771 -0.071269 -0.0135832 -0.0809865 -0.00453146 0.0365233 0.00738468
-0.0535655 -0.125288 -0.147203 0.0197999 0.0205494 -0.0154177 -0.0359059 -0.111687 -0.16 0.0199741 0.0176394 -0.00751141
-0.0910342 -0.100769 -0.0777484 -0.000161961 0.00275105 -0.0351156 -0.0745909 -0.0944512 -0.10351 -0.00133227 0.00661668 -0.031088
-0.0251449 -0.0432896 -0.0796177 0.0138033 0.00551198 0.0478193 -0.01075 -0.0351798 -0.0978618 0.0118904 0.00474176 0.048682
-0.136702 0.0485654 0.0875285 0.111821 -0.187651 0.232286 -0.190231 0.0405067 0.0807725 0.141187 -0.194027 0.270728
0.122746 -0.0931442 -0.0783701 -0.0885834 -0.100445 0.145035 0.130903 -0.0801967 -0.072655 -0.0634417 -0.102388 0.163737
0.139316 -0.0122988 0.122602 0.138623 -0.0976568 -0.165129 0.123735 -0.0271575 0.114594 0.139045 -0.103739 -0.177282
-0.0499939 -0.207003 0.0269115 -0.0126925 -0.13984 0.0182208 -0.0391892 -0.225707 0.043955 -0.0156642 -0.141519 0.02626
-0.308867 -0.32126 -0.273459 -0.227918 -0.0610046 0.021401 -0.304696 -0.324088 -0.263993 -0.246634 -0.0432825 0.0282192
0.382824 0.0592149 -0.0159947 0.049182 -0.132291 0.105565 0.377417 0.0538625 -0.0211042 0.06644 -0.141422 0.119643
-0.0427864 -0.0576479 0.276055 -0.000232448 -0.0351948 0.0484046 -0.057705 -0.0703108 0.28123 0.00119 -0.0471458 0.0501308
0.0154934 -0.194845 -0.240829 -0.0740605 -0.0103049 0.110866 0.00940417 -0.198304 -0.249792 -0.0979092 0.00158667 0.0717542
-0.0577573 -0.113794 0.00749092 0.0333015 -0.12362 -0.0276736 -0.0767667 -0.125172 0.0199867 0.03998 -0.128325 -0.03142
-0.309938 -0.233204 0.093257 0.0584248 0.0675066 0.0896342 -0.290713 -0.229652 0.0925967 0.04998 0.0728058 0.0750092
-0.182037 -0.151877 -0.242053 0.177635 0.0637166 -0.0196121 -0.181956 -0.109219 -0.246768 0.153504 0.0723025 -0.00392583
-0.117128 -0.10247 0.0554062 0.0847116 0.160822 0.0883867 -0.111267 -0.0965508 0.0326075 0.0859683 0.182414 0.087635
-0.158776 -0.201295 0.0636335 0.0337362 -0.146616 0.0273665 -0.167185 -0.206052 0.0924825 0.0281242 -0.15618 0.0259133
0.09706 0.0561915 0.0355101 0.18267 -0.0664663 0.0258406 0.0985575 0.0673367 0.0201858 0.178459 -0.0600225 0.0314408
-0.00190531 0.0212179 0.0755896 0.0123036 -0.0705715 0.0471191 -0.00866083 0.0197142 0.100316 0.0147558 -0.0799867 0.0484417
0.143319 -0.0526546 -0.0934898 0.200372 0.122085 -0.135873 0.129367 0.00516083 -0.0623117 0.159318 0.0998175 -0.124245
-0.0513834 -0.185675 0.0686637 -0.0261671 -0.135977 -0.0121808 -0.0514175 -0.211353 0.0857158 -0.0239342 -0.139702 -0.0129408
-0.00773598 0.194081 -0.00441034 0.176201 -0.21789 -0.165119 -0.0336158 0.180908 -0.00805083 0.199996 -0.206926 -0.168733
-0.0521947 -0.0717001 -0.285349 -0.022696 0.0659232 -0.0538238 -0.0675717 -0.0641067 -0.282616 -0.0510333 0.0625917 -0.0613258
-0.277064 -0.169036 -0.0835518 -0.0301611 0.0205102 0.155726 -0.288114 -0.191966 -0.113322 -0.0577325 -0.0214525 0.157566
-0.43445 -0.0405925 -0.268545 0.0686891 0.174541 0.154151 -0.471017 -0.11073 -0.211071 0.087625 0.185494 0.170205
-0.158095 -0.159389 -0.0604852 -0.0147243 0.161819 0.0930973 -0.156068 -0.156251 -0.0830075 -0.02291 0.165267 0.08479
0.0654381 -0.280469 -0.275674 0.0856588 -0.170924 -0.0448457 0.0651492 -0.285259 -0.281377 0.0745208 -0.138623 -0.0558975
-0.0957326 0.0789197 -0.0782994 -0.073303 -0.168521 -0.0973201 -0.0982592 0.0674 -0.0877 -0.06181 -0.156923 -0.0903
-0.321959 -0.291699 -0.301342 0.167651 0.0824362 0.0575795 -0.298533 -0.292191 -0.299733 0.184801 0.0741725 0.0713808
-0.266802 -0.556829 -0.42149 0.0205076 0.0232036 -0.0562383 -0.296935 -0.565633 -0.365109 0.0273708 0.0340508 -0.0474317
-0.0439079 -0.131715 -0.127218 -0.00636439 0.0879241 0.0851049 -0.0767842 -0.160657 -0.131774 0.00639 0.0857883 0.0888525
-0.00386 -0.125302 -0.0343473 -0.153327 0.0564011 0.00472957 0.0223517 -0.143495 -0.0171833 -0.135696 0.05947 -0.0337542
-0.158316 -0.146409 -0.155534 -0.149303 -0.0251856 0.0598471 -0.131485 -0.114917 -0.169818 -0.178854 -0.0303333 0.0624633
-0.482915 -0.351924 -0.341749 0.0899434 -0.120839 -0.0266298 -0.480848 -0.341256 -0.353505 0.0771125 -0.117395 -0.0274042
-0.0660067 -0.133266 0.0792731 -0.00484666 -0.12117 0.0107213 -0.0726217 -0.145476 0.0972367 0.0045625 -0.129937 0.00801917
-0.0609321 -0.0923089 0.0783761 -0.00709577 -0.0938496 -0.00298478 -0.0647708 -0.102466 0.09544 -0.00921583 -0.10341 -0.00227917
-0.021482 -0.106196 0.065994 -0.024732 -0.112395 0.0233295 -0.0207433 -0.115321 0.0869942 -0.019245 -0.114593 0.02476
-0.0728991 -0.1319 0.068098 0.00122025 -0.10578 0.00287486 -0.0752208 -0.143038 0.0848267 0.00131167 -0.11353 0.00353167
-0.0615919 -0.09688 0.0628071 0.00694106 -0.109576 -0.00504423 -0.0680967 -0.105958 0.0796483 -0.0015575 -0.119738 -0.000808333
-0.0662772 -0.117656 0.0667793 0.0223718 -0.111439 0.0192049 -0.073025 -0.128988 0.0883883 0.0243417 -0.117218 0.0144683
-0.0503932 -0.133299 0.0447384 0.00967123 -0.106347 0.00146696 -0.0558025 -0.149269 0.0642467 0.0104517 -0.113157 -0.0007475
-0.0774331 -0.0933966 0.0204125 0.0320632 -0.085616 -0.0210117 -0.0821308 -0.1039 0.0362892 0.0288075 -0.0938017 -0.02584
-0.0454845 -0.124767 0.0572051 -0.00682156 -0.111689 0.0113781 -0.0567758 -0.140207 0.0741225 -0.00454167 -0.119261 0.0106392
-0.0777106 -0.10005 0.0460287 0.0284561 -0.101477 -0.000984616 -0.0832125 -0.110202 0.0654258 0.0263467 -0.104412 -0.0026925
-0.0588906 -0.109361 0.0754652 0.0124736 -0.0988603 -0.00848014 -0.06881 -0.126423 0.0844858 0.0100192 -0.104032 -0.0086775
-0.0763367 -0.123745 0.0655221 0.00409621 -0.1089 -0.0127651 -0.0770875 -0.130505 0.0858783 0.00191833 -0.11355 -0.0122933
-0.0728134 -0.0746623 0.0286381 0.00295364 -0.0927669 -0.0169222 -0.0811833 -0.0924683 0.0424742 0.0030425 -0.101098 -0.0183892
-0.0686128 -0.139507 0.0254801 -0.00664807 -0.104917 -0.000576189 -0.0717592 -0.150486 0.04233 -0.0055375 -0.110354 -9.16667e-06
-0.0312136 -0.111663 0.065741 -0.00143543 -0.110106 -0.00450827 -0.0379275 -0.127507 0.0804992 0.0039725 -0.115986 -0.00175917
-0.0502112 -0.10894 0.0470566 0.00497667 -0.106533 0.00165789 -0.0553925 -0.116795 0.0668 0.00455667 -0.108775 0.000949167
-0.0660491 -0.11949 0.100573 -0.00101682 -0.13039 0.00414431 -0.0679242 -0.127829 0.120827 -0.0017525 -0.137328 0.00578833
-0.0770193 -0.112316 0.0478284 -0.0106353 -0.0973439 -0.00021427 -0.0836458 -0.120198 0.0654625 -0.0076925 -0.09909 -0.000410833
-0.0338366 -0.0958197 0.123028 0.0115884 -0.0956369 0.0111374 -0.0380117 -0.104591 0.141087 0.0119708 -0.103125 0.0102667
-0.0770056 -0.124047 0.0524869 0.0148443 -0.108353 -0.0158789 -0.073225 -0.13445 0.0707008 0.0150875 -0.112177 -0.0143917
0.00428286 -0.00454393 0.00546531 0.0246538 0.0194629 -0.00502252 0.0107726 -0.00425454 0.00190142 0.026386 0.0203322 -0.00264667
-0.00113115 -0.0203703 0.0107085 -0.000724329 -0.00962913 0.00765675 -0.000570525 -0.0107267 0.00861299 0.00140207 -0.0126484 0.00599136
0.0376236 -0.00281405 0.0267441 0.00324521 0.00754421 0.00212995 0.0393924 -0.00692614 0.0202886 0.00614352 0.00369287 0.00549836
0.0272003 0.0151082 0.0404906 0.00943793 0.00193161 0.00305892 0.0320556 0.0119918 0.0407844 0.0122108 -0.0010633 0.000976975
0.010483 -0.00293287 0.0152323 0.00621401 0.00454845 0.00971914 0.00874756 -0.00338991 0.0106578 0.00585315 0.00161944 0.0112645
0.0196542 -0.00608349 0.00886206 0.0138886 0.0137034 0.00232983 0.0207121 -0.0117441 0.000653858 0.0154934 0.0151395 0.00305972
0.0392526 -0.00795059 0.0251938 0.00811557 -0.00658614 -0.00342997 0.0381278 -0.00313457 0.0284231 0.011294 -0.00844019 -0.000760401
0.0112251 0.0208788 0.0208594 -0.00584558 0.00997292 0.00784876 0.0120873 0.016513 0.0147503 -0.00372988 0.00265559 0.0100703
0.00321562 0.00935611 0.00601111 0.00889598 0.021876 -0.00075964 0.00307762 0.0072213 -0.00390062 0.0113818 0.0204173 -0.00141753
0.0387954 -0.0207045 0.0331777 -0.00912066 0.00692936 -0.00378828 0.0427277 -0.0105621 0.034741 -0.00886056 0.00410043 -0.00719232
-0.00463711 0.020525 -0.0120295 0.0104665 0.0128827 -0.0195533 -0.011395 0.0188479 -0.0204082 0.00792673 0.0144756 -0.0226599
-0.0116644 0.0092216 0.0169643 0.00932024 0.000904979 -0.0274921 -0.0164338 0.0132562 0.0108875 0.00543725 -0.000854136 -0.0239883
0.0195726 0.00859919 0.00742739 -0.0246673 -0.00101714 -0.00415103 0.0220528 0.00955806 -0.000411543 -0.0213675 -0.00266664 -0.00295664
0.00648969 0.0260684 0.00490741 -0.00238807 -0.0149333 -0.00999052 -0.00414744 0.021355 -0.0120565 -0.00104713 -0.0118784 -0.0102948
-0.00369744 0.0399468 -0.0291448 -0.00291707 -0.000687296 -0.00982596 -0.00756377 0.0395621 -0.0405539 -0.00835275 0.000970185 -0.0115412
0.0111848 0.010037 0.0326126 0.00609434 -0.00407632 -0.0153658 0.0057184 0.0130261 0.0292007 0.00954318 -0.00318 -0.0181876
0.00342692 0.00575951 0.0043573 -0.0225014 -0.00234472 -0.012785 -0.005675 -0.00229068 -0.0106532 -0.0226133 -0.00587673 -0.00911225
0.0140056 0.037561 0.0221869 -0.0196614 -0.00742247 -0.00415345 0.014166 0.0520086 0.0227233 -0.017375 -0.00418392 -0.00488151
0.00206306 0.0143734 0.0294536 -0.0148933 0.00468345 0.000983132 -0.00106321 0.0117152 0.0264184 -0.0134947 0.0056787 0.00397685
0.0283051 0.0134783 -0.0247559 0.00332694 0.0114921 0.0061954 0.022432 0.0109223 -0.035948 0.000492747 0.00933867 0.00997864
0.0408466 0.0286823 0.0376731 -0.0222246 -0.0128006 -0.0391588 0.0337683 0.0283143 0.0453423 -0.023185 -0.0135189 -0.038331
-0.00855036 0.0167838 -0.0383161 0.0348994 -0.0314443 -0.0201038 -0.00273302 0.0194469 -0.0384284 0.0372158 -0.0356069 -0.0219145
0.0160635 -0.0143364 0.0289407 -0.0134752 0.00118538 0.00404128 0.011491 -0.0151122 0.0289255 -0.0127337 -0.000537593 0.00675219
0.00381882 -0.0386802 -0.018678 0.00648925 -0.0107048 0.0219116 -0.00195059 -0.0379755 -0.0149044 0.0124927 -0.00507213 0.0278448
-0.0228017 -0.00930364 -0.000407862 -0.00717745 0.0187138 -0.00987489 -0.0145046 -0.00982818 0.00745735 -0.00802951 0.0219455 -0.00325494
-0.0184977 -0.0255786 0.00661039 0.00983404 -0.000469543 5.57844e-05 -0.0275408 -0.0203847 0.0067684 0.00865349 0.00217636 0.00217988
-0.00473062 -0.0145274 -0.0101026 -0.00730902 -0.00723856 -0.0153375 -0.0032467 -0.00676201 0.00294728 -0.0108751 -0.0125534 -0.0200132
-0.0212985 0.0288482 0.0242228 -0.0178881 -0.00793728 0.00159822 -0.0214477 0.0299349 0.0330981 -0.0159515 -0.00398704 0.000751667
0.0139892 -0.000801147 -0.00284917 -0.0288151 0.0186572 0.00134254 0.00732404 -0.00187917 -0.0107681 -0.0358214 0.0144447 0.00290417
-0.00744334 -0.00954476 -0.022434 -0.0182517 -0.00155888 0.00916343 0.00415062 -0.0114128 -0.0219444 -0.020538 -0.0021358 0.0101383
0.00170132 0.0050188 0.00969565 0.0115374 -0.00343948 0.00824339 0.00970688 0.00652157 0.0208227 0.00822133 -0.00426772 0.0148597
-0.0858357 -0.0297548 -0.0799449 0.0194601 0.0165645 0.0247856 -0.0875423 -0.0232634 -0.0748507 0.0205991 0.0177617 0.0264688
-0.0314534 -0.0677047 -0.0640725 -0.00868246 -0.0184182 0.0157639 -0.0260311 -0.0604238 -0.0604555 -0.00897966 -0.0150101 0.0164221
-0.0238556 0.0261133 -0.0148722 -0.0124604 -0.00871846 -0.00975317 -0.023993 0.0271584 -0.0131498 -0.0147552 -0.0116643 -0.0100645
-0.0519504 -0.0759476 -0.0666302 0.0410252 0.00117969 -0.00242093 -0.0495054 -0.0715742 -0.0607449 0.0409456 0.00712562 -0.00203747
-0.0182322 -0.00644807 0.0183606 -0.0299713 -0.0104384 -0.00469858 -0.0202329 -0.0100569 0.0144602 -0.0298442 -0.0117426 -0.00916994
-0.0267953 -0.0546417 -0.0479468 -0.00313879 -4.74349e-06 0.00357502 -0.0359428 -0.0472187 -0.0471885 -0.00379583 0.00325435 -0.00267096
-0.043034 -0.0222834 -0.00572472 -0.0179243 0.0260198 -0.0230655 -0.0373527 -0.0267793 -0.00237568 -0.0179573 0.0361619 -0.0209647
-0.0146612 -0.00528022 -0.00597407 -0.00142193 0.0105528 -0.0316346 -0.0196461 -0.012811 -0.00592469 0.00169713 0.00693667 -0.031278
-0.0333661 -0.00432407 -0.0612647 0.0344517 0.00374368 -0.0228195 -0.0248515 -0.00370639 -0.0553901 0.0350733 0.00112611 -0.0264313
-0.0294426 -0.0635745 -0.0824659 -0.00796643 0.00944954 0.0131016 -0.0239388 -0.0600663 -0.0777679 -0.00683883 0.0108615 0.00814907
-0.0666512 -0.0754186 -0.0872749 0.0152897 -0.0173484 0.0131975 -0.0563185 -0.0706719 -0.0806169 0.0188746 -0.00973071 0.0150946
-0.031543 -0.0216117 -0.0128318 -0.0225691 -0.016519 -0.0029968 -0.0308461 -0.0166096 -0.00216278 -0.0246721 -0.0238167 -0.0111566
-0.0845549 -0.0933532 -0.0729327 0.00757534 0.0209084 0.0225988 -0.0789686 -0.0841971 -0.0704124 0.0169709 0.0246383 0.0255363
-0.0316628 -0.014804 -0.0337948 -2.60461e-05 0.025887 -0.00804301 -0.0252294 -0.0102105 -0.0310358 -0.00248654 0.0198186 -0.0135978
-0.0392527 -0.0271719 -0.0240467 0.00762262 0.0183384 -0.00523228 -0.0390516 -0.029873 -0.0226223 0.00983821 0.0235157 -0.00315519
-0.0870835 -0.0877638 -0.0673031 -0.0285355 0.0284062 -0.0158627 -0.0890736 -0.0818426 -0.0588366 -0.0303984 0.0289928 -0.0162044
-0.057435 -0.0337372 -0.0200271 0.0120528 -0.00181459 -0.000504428 -0.0570414 -0.0319072 -0.0200538 0.0113488 4.53704e-06 0.000288889
-0.069379 -0.0395876 -0.0720345 -0.00400403 0.0244313 -0.00638742 -0.0667989 -0.0334437 -0.0668362 -0.00395478 0.0218551 -0.00915586
-0.0983295 -0.0588724 -0.0448172 -0.0167357 -0.00340401 0.00118706 -0.0876777 -0.0426982 -0.0409027 -0.013476 0.000632747 0.00535336
-0.0295709 -0.0369211 0.027075 0.0355697 -0.00204358 -0.0125774 -0.0216098 -0.0346136 0.0310817 0.0388051 7.38889e-05 -0.00523139
-0.0562733 -0.032632 -0.0431749 -0.0277961 -0.0059881 -0.0127863 -0.0594057 -0.0340306 -0.0414671 -0.0325481 -0.00682633 -0.00951046
-0.0397701 -0.102097 -0.0776276 0.00526212 -0.0118645 -0.00801682 -0.0286432 -0.0906676 -0.0783041 0.00414145 -0.0161974 -0.0104641
-0.0642158 -0.085411 -0.0490995 0.0133092 -0.00666031 -0.0275012 -0.0614871 -0.0931138 -0.0426871 0.0129979 -0.0084371 -0.0290848
-0.14996 -0.139895 -0.0849724 -0.000195017 -0.00766311 -0.02181 -0.145634 -0.141528 -0.0804469 0.00324265 -0.0122724 -0.0202817
-0.0972534 -0.088459 -0.139401 0.00786018 -0.00279476 0.013351 -0.0932144 -0.0915044 -0.136284 0.00732518 -0.00617654 0.0168471
-0.100307 -0.0826156 -0.0369886 0.00337122 -0.0246647 0.0218625 -0.0967131 -0.0873726 -0.0334314 0.00109404 -0.023371 0.0251351
-0.10283 -0.104289 -0.0958057 -0.00548905 0.0119371 0.0343583 -0.107409 -0.108526 -0.0901963 -0.00432673 0.0133203 0.0280894
-0.0391979 -0.0623335 -0.0459439 0.00203062 -0.00519742 0.00109706 -0.0315261 -0.0625411 -0.0558965 -0.00864682 -0.0110602 -0.000453673
-0.0698606 -0.0344489 -0.0813825 -0.00923234 0.0264879 0.00409327 -0.0647966 -0.0280855 -0.0816347 -0.0080512 0.023446 -0.00272716
-0.0731222 -0.140371 -0.0990449 -0.0135534 -0.00167734 0.00244565 -0.0738735 -0.134446 -0.0976157 -0.0202052 -0.000544938 0.000867191
-0.104829 -0.11984 -0.0869948 0.0048138 0.00941974 -0.0105677 -0.10864 -0.120511 -0.0882367 -0.00176586 0.00587815 -0.0113053
-0.158815 -0.170319 -0.128456 -0.0120109 0.0291549 0.0430536 -0.158086 -0.166129 -0.122526 -0.0043612 0.0319003 0.0410641
-0.147219 -0.199206 -0.132032 -0.0130249 0.0139684 -0.0309929 -0.149023 -0.198661 -0.123165 -0.012495 0.00953481 -0.0298485
-0.0847733 -0.107474 -0.123883 -0.0168116 0.0346472 0.0139116 -0.0819149 -0.107763 -0.119749 -0.0273727 0.0346361 0.0184888
-0.184028 -0.142419 -0.143363 -0.00505195 0.0065628 -0.00910712 -0.185527 -0.131306 -0.132527 -0.0107904 0.0088129 -0.0110017
-0.106548 -0.103416 -0.0632431 -0.00572278 0.0194024 -0.00955424 -0.107268 -0.0968129 -0.0641861 3.14815e-05 0.0184203 -0.00983651
-0.157219 -0.0810961 -0.0395946 0.00581696 -0.02665 -0.0152442 -0.159243 -0.0790861 -0.037424 0.0106195 -0.0215518 -0.0120208
-0.086204 -0.073552 -0.0764881 -0.00509537 0.0330067 -0.012874 -0.080416 -0.0613715 -0.0814356 -0.00419296 0.0288502 -0.00834812
-0.151423 -0.140113 -0.158909 -0.0113391 0.00242863 -0.0188024 -0.152278 -0.13788 -0.153045 -0.0106124 0.00554025 -0.0219919
-0.143499 -0.0744535 -0.0706582 0.00673514 0.0185804 0.00863035 -0.138619 -0.0729769 -0.0635291 0.0129712 0.0199182 0.018473
-0.234249 -0.185273 -0.165565 0.00982088 -0.000696058 0.014915 -0.25288 -0.183137 -0.178846 0.0233602 -0.00422191 0.00590661
-0.124229 -0.137779 -0.163589 0.0220101 0.00205482 0.044419 -0.122734 -0.13936 -0.159413 0.0167293 0.0116912 0.0466281
-0.0909101 -0.101187 -0.0874861 0.00338338 0.0203775 0.0372435 -0.113975 -0.113073 -0.0887861 0.00385213 0.0212781 0.0390209
-0.133808 -0.179887 -0.175288 -0.00233917 -0.0274463 0.0109338 -0.133044 -0.180659 -0.180764 0.000172562 -0.0319749 0.0103548
-0.221214 -0.0927418 -0.132765 -0.0110312 0.0229114 -0.0260985 -0.223267 -0.0908062 -0.123429 -0.016475 0.0256628 -0.0278447
-0.0882073 -0.0253205 -0.0857813 -0.0340718 0.0469214 -0.0130988 -0.0826455 -0.0171766 -0.0880463 -0.0477732 0.0444273 -0.0213463
-0.161968 -0.183542 -0.165375 0.0323887 0.013594 -0.00454958 -0.158989 -0.19367 -0.161661 0.0334345 0.0127507 0.000343086
-0.112415 -0.162539 -0.142966 0.0346787 -0.00813139 -0.030773 -0.128297 -0.16349 -0.14054 0.0274354 -0.0112221 -0.0340176
-0.208376 -0.216763 -0.153673 -0.0260893 0.00452876 -0.00203091 -0.211648 -0.216277 -0.14941 -0.0262359 0.00564583 -0.0130952
