-3.56352 -3.56465
-3.55468 -3.55619
-3.5537 -3.55295
-3.5665 -3.5667
-3.55892 -3.55741
-3.54953 -3.54908
-3.55796 -3.55765
-3.56262 -3.56288
-3.55972 -3.56001
-3.56128 -3.56102
-3.5632 -3.56286
-3.55227 -3.55275
-3.55657 -3.55745
-3.55417 -3.55563
-3.56651 -3.56705
-3.55966 -3.56066
-3.5527 -3.55491
-3.55626 -3.55678
-3.57052 -3.56991
-3.55007 -3.54975
-3.55978 -3.55986
-3.54766 -3.54909
-3.55932 -3.56082
-3.55802 -3.5589
-3.55551 -3.55581
-3.54513 -3.54614
-3.55112 -3.55044
-3.55764 -3.55806
-3.56117 -3.56024
-3.55321 -3.55427
-3.55799 -3.55649
-3.55565 -3.55585
-3.55465 -3.55368
-3.55397 -3.55308
-3.55633 -3.55522
-3.55482 -3.55444
-3.56056 -3.55869
-3.55726 -3.55606
-3.54788 -3.5469
-3.55162 -3.55237
-3.54863 -3.55065
-3.55685 -3.55754
-3.55247 -3.55305
-3.55915 -3.55922
-3.55417 -3.55308
-3.55708 -3.55809
-3.56052 -3.56188
-3.55438 -3.55403
-3.56797 -3.56965
-3.56043 -3.56095
-3.54771 -3.54768
-3.58464 -3.58363
-3.50602 -3.50511
-3.56833 -3.56857
-3.49121 -3.4927
-3.55736 -3.55583
-3.52331 -3.52373
-3.60212 -3.60236
-3.54276 -3.54134
-3.52944 -3.52764
-3.57518 -3.57474
-3.5609 -3.56175
-3.49768 -3.49719
-3.60166 -3.60159
-3.59379 -3.59293
-3.58499 -3.58376
-3.55462 -3.55685
-3.52507 -3.52584
-3.58166 -3.57888
-3.58967 -3.59102
-3.61562 -3.61536
-3.5868 -3.58632
-3.49641 -3.497
-3.62091 -3.62179
-3.46401 -3.4647
-3.64349 -3.64397
-3.64054 -3.64046
-3.63859 -3.63846
-3.63514 -3.63486
-3.64144 -3.64144
-3.63854 -3.63831
-3.6445 -3.64456
-3.64208 -3.64245
-3.64523 -3.64557
-3.63579 -3.63548
-3.64419 -3.64433
-3.62148 -3.62093
-3.64511 -3.64545
-3.63279 -3.63244
-3.64122 -3.64115
-3.63401 -3.63376
-3.62556 -3.62511
-3.64403 -3.64415
-3.64464 -3.64484
-3.64429 -3.64444
-3.64499 -3.6452
-3.62645 -3.62601
-3.64455 -3.6446
-3.62221 -3.62167
-3.64351 -3.64407
-3.69211 -3.69201
-3.69148 -3.69223
-3.68877 -3.68965
-3.69125 -3.69172
-3.69147 -3.69207
-3.68849 -3.68954
-3.69066 -3.69091
-3.69058 -3.6907
-3.6901 -3.69107
-3.69005 -3.69065
-3.68739 -3.68617
-3.68723 -3.68604
-3.68425 -3.68467
-3.68362 -3.68284
-3.68529 -3.68511
-3.68411 -3.68437
-3.68483 -3.68461
-3.68266 -3.68253
-3.68409 -3.68419
-3.68436 -3.68476
-3.66424 -3.66445
-3.66807 -3.66706
-3.66261 -3.66317
-3.6697 -3.66953
-3.6679 -3.66865
-3.65773 -3.65656
-3.66389 -3.66261
-3.66805 -3.6669
-3.66481 -3.66405
-3.66479 -3.66496
-3.63359 -3.63324
-3.63466 -3.63431
-3.63322 -3.63221
-3.63823 -3.63822
-3.63127 -3.63078
-3.63258 -3.63287
-3.63505 -3.6342
-3.6321 -3.63205
-3.6379 -3.63644
-3.63238 -3.63241
-3.60922 -3.6095
-3.60737 -3.60616
-3.61411 -3.6143
-3.60458 -3.60562
-3.60507 -3.60363
-3.60946 -3.60923
-3.59837 -3.5979
-3.60688 -3.60588
-3.60616 -3.60528
-3.60736 -3.60836
-3.58805 -3.58561
-3.58179 -3.58053
-3.57863 -3.5779
-3.59117 -3.59024
-3.58061 -3.5815
-3.58674 -3.58725
-3.57861 -3.5774
-3.5852 -3.58487
-3.58335 -3.58417
-3.583 -3.58245
-3.55424 -3.5527
-3.5628 -3.56279
-3.56518 -3.56319
-3.56378 -3.56282
-3.55971 -3.5591
-3.56095 -3.56373
-3.56505 -3.56446
-3.56715 -3.56624
-3.56344 -3.56266
-3.55274 -3.55146
-3.53656 -3.5368
-3.53885 -3.54054
-3.53385 -3.5332
-3.52408 -3.52081
-3.53563 -3.53491
-3.54727 -3.54567
-3.53834 -3.53744
-3.53951 -3.53785
-3.54055 -3.53913
-3.60951 -3.60873
-3.61527 -3.61556
-3.6201 -3.61972
-3.62154 -3.62021
-3.6156 -3.61476
-3.6278 -3.62849
-3.61949 -3.61793
-3.62155 -3.62132
-3.62254 -3.62409
-3.61783 -3.61784
-3.61489 -3.61665
-3.61883 -3.62045
-3.61171 -3.61423
-3.62107 -3.62224
-3.61471 -3.61494
-3.61006 -3.61106
-3.60376 -3.60534
-3.6128 -3.61362
-3.61785 -3.61873
-3.61718 -3.61826
-3.55444 -3.55547
-3.61797 -3.61778
-3.56899 -3.56731
-3.5719 -3.57096
-3.56909 -3.56911
-3.56715 -3.56676
-3.61212 -3.61263
-3.61764 -3.61761
-3.61703 -3.61777
-3.57054 -3.56946
-3.61518 -3.61499
-3.61374 -3.61343
-3.61947 -3.61973
-3.57053 -3.5698
-3.61957 -3.61919
-3.61681 -3.61646
-3.61519 -3.61492
-3.57485 -3.57367
-3.56839 -3.56863
-3.56815 -3.56844
-3.56558 -3.5648
-3.56029 -3.55953
-3.6108 -3.61089
-3.56591 -3.56721
-3.56753 -3.56812
-3.60914 -3.61032
-3.56499 -3.56716
-3.5668 -3.56731
-3.60541 -3.60646
-3.5633 -3.56265
-3.61121 -3.61154
-3.56777 -3.56878
-3.56501 -3.5645
-3.61207 -3.61308
-3.60863 -3.60912
-3.62164 -3.62385
-3.61664 -3.6177
-3.60895 -3.6103
-3.56216 -3.56416
-3.56362 -3.56435
-3.61182 -3.61397
-3.57538 -3.579
-3.66118 -3.65593
-3.58944 -3.58755
-3.69547 -3.69479
-3.6022 -3.60097
-3.60248 -3.60358
-3.67559 -3.67396
-3.60428 -3.60538
-3.69758 -3.69821
-3.59721 -3.59762
-3.60284 -3.60208
-3.59427 -3.59805
-3.68889 -3.68833
-3.62827 -3.62704
-3.69053 -3.69234
-3.60268 -3.60453
-3.69684 -3.69627
-3.57425 -3.57539
-3.60066 -3.59698
-3.59955 -3.60023
-3.59056 -3.59396
-3.59877 -3.60285
-3.58479 -3.58734
-3.57421 -3.57166
-3.56626 -3.56685
-3.59167 -3.59613
-3.58955 -3.59523
-3.56684 -3.56705
-3.59093 -3.58785
-3.61876 -3.62263
-3.70149 -3.70189
-3.70207 -3.70229
-3.7005 -3.70057
-3.70241 -3.70236
-3.69814 -3.69833
-3.70025 -3.70057
-3.70301 -3.70343
-3.69918 -3.69952
-3.70242 -3.70293
-3.7011 -3.70131
-3.70234 -3.70252
-3.70258 -3.70286
-3.69878 -3.69955
-3.70292 -3.70361
-3.7027 -3.7028
-3.70304 -3.70355
-3.70213 -3.70224
-3.70361 -3.70389
-3.69891 -3.69861
-3.7027 -3.70313
-3.69113 -3.69161
-3.68777 -3.68858
-3.6913 -3.69212
-3.69042 -3.69042
-3.68959 -3.68982
-3.69055 -3.69047
-3.68836 -3.68915
-3.6902 -3.69159
-3.6919 -3.69292
-3.68847 -3.68905
-3.68605 -3.68643
-3.68425 -3.6841
-3.68345 -3.68327
-3.68618 -3.68587
-3.68483 -3.68525
-3.68277 -3.68283
-3.68637 -3.68629
-3.68392 -3.68439
-3.68446 -3.68411
-3.68214 -3.68323
-3.66743 -3.66818
-3.66471 -3.66368
-3.66695 -3.66672
-3.66221 -3.66137
-3.66476 -3.66381
-3.66494 -3.66509
-3.66258 -3.66216
-3.66326 -3.66339
-3.66453 -3.66483
-3.66015 -3.66051
-3.63548 -3.63582
-3.63813 -3.63742
-3.63891 -3.63905
-3.63118 -3.63057
-3.63233 -3.63229
-3.63707 -3.63587
-3.63248 -3.63323
-3.63921 -3.63871
-3.63262 -3.63154
-3.63236 -3.63181
-3.61146 -3.6115
-3.60802 -3.60733
-3.60782 -3.60652
-3.61058 -3.6106
-3.60282 -3.60261
-3.60841 -3.6074
-3.60897 -3.60879
-3.60291 -3.60078
-3.61046 -3.61099
-3.60661 -3.60559
-3.58289 -3.5826
-3.57894 -3.5779
-3.58195 -3.57995
-3.58056 -3.57949
-3.58264 -3.58276
-3.57939 -3.58053
-3.58092 -3.58068
-3.58409 -3.5851
-3.57936 -3.5787
-3.57648 -3.5746
-3.55666 -3.55639
-3.56208 -3.56221
-3.55227 -3.55248
-3.55305 -3.54986
-3.55252 -3.55168
-3.56094 -3.56083
-3.5603 -3.56023
-3.56268 -3.56184
-3.55859 -3.55926
-3.56156 -3.56069
-3.53062 -3.52907
-3.53486 -3.53368
-3.53387 -3.53219
-3.54014 -3.54016
-3.53743 -3.53666
-3.54856 -3.54867
-3.53227 -3.52993
-3.53618 -3.53532
-3.53792 -3.5369
-3.53919 -3.53887
