0.491382 0.456569 0.478635 -0.0348603 0.0487372 -0.039246 0.493853 0.45786 0.472414 -0.0398588 0.0478158 -0.0404388
0.52587 0.470232 0.497115 0.0257357 0.0691664 0.0267422 0.524542 0.458668 0.490102 0.0302711 0.0671501 0.0259524
0.452674 0.534498 0.431291 -0.00763637 -0.00431312 -0.00929711 0.445929 0.528378 0.430916 -0.0161442 0.00245853 -0.0146398
0.448188 0.421245 0.439054 -0.0128224 -0.0419482 0.0361703 0.452919 0.425389 0.437958 -0.0154443 -0.0456882 0.0425336
0.483127 0.468689 0.454078 0.0173698 -0.0236872 -0.0332806 0.498069 0.476984 0.45027 0.0171437 -0.0242755 -0.0440118
0.490417 0.52755 0.530213 -0.0240391 0.00125283 -0.0177937 0.49634 0.532207 0.526141 -0.0211527 0.00426541 -0.0162742
0.381791 0.41024 0.435493 -0.0244922 -0.0187536 -0.0157734 0.379662 0.408609 0.433422 -0.0269522 -0.0146883 -0.0147941
0.360776 0.42917 0.377996 -0.000998277 -0.0268912 -0.0234157 0.357203 0.433841 0.387412 -0.00833175 -0.0289762 -0.0272347
0.462438 0.431251 0.464019 -0.010079 0.0262499 0.00260698 0.473086 0.440252 0.464531 -0.00847351 0.0345547 0.00120636
0.43256 0.436559 0.486171 0.00739691 -0.0115885 -0.0471179 0.442545 0.454861 0.486716 0.00938368 -0.00968043 -0.0457941
0.465778 0.448117 0.457284 -0.00224859 0.00411402 -0.0442494 0.477016 0.448772 0.455543 -0.00638043 0.00927012 -0.0418012
0.56353 0.511097 0.473058 0.0163479 0.0159001 -0.00648124 0.554521 0.502294 0.463961 0.0126509 0.0156128 -0.0132553
0.464944 0.453486 0.443012 0.0037203 0.012511 0.00815153 0.471427 0.462012 0.440237 0.00683932 0.0121714 0.00178921
0.421628 0.425478 0.467776 0.0242672 -0.00243161 0.00461896 0.431747 0.438046 0.472825 0.0297194 -0.000666469 0.0054045
0.370067 0.371244 0.424889 -0.000651589 -0.0359835 -0.0277408 0.36779 0.372695 0.419539 0.00577564 -0.0375386 -0.0259482
0.419837 0.365106 0.405243 -0.0353415 0.0166545 -0.0372614 0.420799 0.370034 0.405254 -0.0383461 0.0115225 -0.0317232
0.485847 0.460827 0.46019 -0.0178731 -0.0288482 -0.00124194 0.486674 0.469593 0.472349 -0.0198254 -0.0301031 0.0035296
0.445794 0.389154 0.402119 0.0133111 0.000970687 -0.042066 0.449739 0.393246 0.413958 0.0134594 -0.00291399 -0.0432313
0.410713 0.335638 0.377872 -0.00816839 -0.0171091 0.0120643 0.407984 0.341726 0.380022 -0.0122662 -0.0115208 0.0138574
0.452149 0.51466 0.437893 -0.00163417 -0.0325132 -0.026861 0.45288 0.515267 0.442991 -0.0132451 -0.0309982 -0.0307311
0.359289 0.416444 0.488649 0.00139908 -0.00147146 -0.0103892 0.365508 0.425342 0.494485 0.00239638 0.00418316 -0.0163212
0.450345 0.411788 0.435178 -0.0251179 -0.00925828 -0.0224074 0.445978 0.409694 0.427018 -0.0301133 -0.00738495 -0.0260281
0.421121 0.36047 0.445821 0.0225383 0.0440942 -0.0393264 0.41348 0.352254 0.434274 0.0228333 0.044718 -0.0374573
0.44612 0.390988 0.392584 0.0307159 0.017411 -0.00958329 0.441913 0.386659 0.390883 0.029703 0.0251255 -0.00672989
0.468607 0.504298 0.490068 -0.0460083 0.00730865 -0.00622861 0.461459 0.496764 0.491789 -0.0468247 0.0145941 -0.00609167
0.512122 0.628737 0.489895 0.0237227 0.00574713 0.0213029 0.511886 0.619125 0.483635 0.0219245 0.0168807 0.0176467
0.51227 0.487571 0.51094 0.0447273 0.0119337 0.00490215 0.5126 0.495605 0.515486 0.0403159 0.00679579 0.00457754
0.458985 0.47125 0.442436 -0.00419498 -0.0337625 0.0226284 0.471124 0.472473 0.448868 -0.00766916 -0.0313196 0.0192235
0.462547 0.453958 0.407709 0.00718625 -0.0379916 -0.00344546 0.467336 0.446957 0.404581 0.00476166 -0.0407844 0.000465671
0.463606 0.409808 0.469002 0.019642 0.0100215 0.0567889 0.460218 0.400898 0.449966 0.0169888 0.012626 0.0547128
0.436142 0.399495 0.441998 -0.0441585 -0.00527216 0.0142106 0.445083 0.400996 0.443214 -0.0499949 -0.00672582 0.0172438
0.488384 0.449514 0.458917 -0.0507674 -0.0060505 -0.0160696 0.499476 0.446882 0.448508 -0.047705 -0.0130105 -0.0144109
0.458211 0.450342 0.477205 -0.0238175 0.0401326 0.0430084 0.453179 0.45177 0.4781 -0.0256168 0.040128 0.046099
0.458776 0.437405 0.445063 -0.029427 -0.0289994 0.01084 0.456359 0.428385 0.442856 -0.0317537 -0.0327825 0.00807983
0.498374 0.419735 0.394262 0.0328944 -0.0049229 -0.018496 0.497803 0.417281 0.390835 0.0301588 -0.00240576 -0.0126719
0.413857 0.436696 0.415344 -0.00237314 0.015658 -0.043248 0.410684 0.438268 0.423373 -0.00232603 0.020277 -0.0362753
0.427162 0.347156 0.397459 -0.0179653 -0.0592705 -0.0430325 0.433355 0.359671 0.402355 -0.0132808 -0.0613592 -0.0377653
0.440978 0.392857 0.501571 -0.0241131 0.0263881 -0.0377529 0.430757 0.393689 0.505054 -0.0242779 0.0245665 -0.0426957
0.521619 0.445339 0.582276 0.025599 -0.00298845 0.0292528 0.512122 0.446255 0.578286 0.0242417 -0.00171864 0.0307368
0.458018 0.401918 0.449009 -0.0437353 0.0101143 -0.0188202 0.454532 0.3987 0.443928 -0.0439254 0.00814646 -0.0208365
0.494681 0.407908 0.468934 -0.0156247 0.00307534 -0.0215746 0.495206 0.399635 0.466459 -0.0152428 0.00550806 -0.0283782
0.416757 0.415271 0.45352 0.0245912 -0.0204745 0.0195414 0.409966 0.412614 0.447323 0.0259103 -0.0157398 0.0268122
0.444547 0.416389 0.459817 -0.00283049 -0.0407569 -0.000630707 0.438219 0.419815 0.466068 -0.00710277 -0.033397 0.0037412
0.454073 0.390607 0.369339 -0.0182874 -0.0322911 -0.0083913 0.45598 0.389634 0.386525 -0.0139735 -0.0297842 -0.00928088
0.511164 0.406224 0.466992 -0.0150653 -0.0247065 0.0179379 0.511934 0.41198 0.460957 -0.0101693 -0.0265485 0.0224282
0.407725 0.362909 0.404194 -0.0192261 0.0239147 0.0130078 0.401907 0.356422 0.401654 -0.0214863 0.0199587 0.0172934
0.326171 0.424991 0.396891 0.0287666 0.0529466 -0.0245491 0.325838 0.434839 0.393868 0.030475 0.0485165 -0.0255679
0.422334 0.431713 0.439597 -0.0197028 -0.0241277 -0.0301581 0.425209 0.436105 0.440555 -0.00674213 -0.0213253 -0.0290699
0.409229 0.442235 0.404941 -0.0113694 -0.0283578 -0.0125289 0.406738 0.440484 0.400644 -0.00151795 -0.0237232 -0.0195912
0.448963 0.43898 0.41055 -0.00775764 0.00546142 -0.0228785 0.457791 0.427964 0.408336 -0.00955828 0.00245516 -0.0279712
0.618047 0.518851 0.719572 -0.282107 0.157383 -0.197923 0.617166 0.523667 0.725763 -0.298269 0.157362 -0.197367
0.507561 0.459587 0.474284 0.02899 -0.122556 0.114288 0.509941 0.462832 0.484906 0.0193631 -0.120371 0.115618
0.788176 0.549976 0.729616 -0.114874 -0.236113 0.324949 0.785123 0.572344 0.736852 -0.119461 -0.240382 0.32524
0.508984 0.539771 0.594986 0.246945 -0.198208 0.157845 0.510605 0.54355 0.594224 0.251475 -0.191089 0.158254
0.841846 0.85094 0.858099 0.443073 0.252046 0.203711 0.836354 0.863295 0.86777 0.451099 0.258893 0.22744
0.471174 0.581363 0.516367 0.0713055 -0.158888 -0.196815 0.491213 0.593123 0.533243 0.0716724 -0.165022 -0.200177
0.700417 0.617682 0.699296 -0.17393 -0.105923 0.242993 0.696068 0.621418 0.699333 -0.184953 -0.104967 0.252657
0.399667 0.462184 0.379567 0.0575765 0.00856888 0.121629 0.413968 0.480468 0.385694 0.0551343 0.00904489 0.127714
0.637051 0.734565 0.492691 -0.0632443 -0.217728 -0.0484829 0.646578 0.741584 0.499701 -0.0626769 -0.217289 -0.0458232
0.747571 0.787398 0.631542 -0.102468 -0.333536 0.31389 0.726805 0.777031 0.615871 -0.0968724 -0.342005 0.319866
0.512246 0.454579 0.581034 -0.0450925 -0.0365606 0.0174413 0.513591 0.453142 0.581157 -0.056578 -0.0387897 0.0170067
0.700862 0.534255 0.608052 0.0926126 -0.0675403 -0.106056 0.699537 0.514922 0.61953 0.117544 -0.0867119 -0.113126
0.707597 0.881517 0.904571 0.509724 -0.110886 0.0801634 0.727524 0.897878 0.903474 0.507388 -0.11485 0.0942329
0.368934 0.407825 0.389992 -0.00448137 0.0414642 0.229967 0.361558 0.393452 0.391262 0.00138416 0.0375404 0.228664
0.443877 0.47676 0.427786 -0.0915847 -0.145376 -0.062691 0.464362 0.489569 0.430167 -0.0935728 -0.150541 -0.0594678
0.465598 0.497503 0.432174 -0.0350895 -0.30338 -0.0707372 0.469095 0.497615 0.428782 -0.0320998 -0.308283 -0.0689004
0.488362 0.579856 0.665376 0.253741 0.0600513 0.109369 0.484593 0.594949 0.673017 0.258155 0.0621976 0.0999039
0.634008 0.642682 0.766417 0.100102 0.400822 0.212673 0.635408 0.63742 0.764431 0.0940839 0.399808 0.201613
0.464186 0.54723 0.558208 -0.0524225 -0.121687 -0.0608433 0.469086 0.548924 0.560924 -0.0518175 -0.123895 -0.0647554
0.509575 0.570185 0.405489 0.130799 0.160334 0.140635 0.508601 0.57415 0.390749 0.135736 0.155164 0.129023
0.350595 0.360286 0.366946 0.147552 0.227571 0.044928 0.353773 0.365553 0.363541 0.1455 0.239491 0.0454981
0.421153 0.509063 0.449681 0.236639 -0.0149882 0.0706554 0.431976 0.517587 0.46149 0.238768 -0.00891074 0.0664818
0.812771 0.712643 0.842678 0.249059 -0.111538 -0.0112389 0.814701 0.723197 0.821493 0.249268 -0.0950929 -0.00500261
0.333128 0.334445 0.357924 0.025398 -0.080411 -0.0385143 0.331472 0.335143 0.364124 0.0338027 -0.0796434 -0.0335154
0.973283 0.946223 1.00051 0.0826744 0.112001 0.670102 0.992688 0.932643 1.01163 0.0933144 0.110695 0.685945
-0.168772 -0.170211 -0.167613 -3.93114e-08 2.27486e-08 6.40831e-08 -0.180569 -0.178382 -0.167294 0 -0 0
0.298076 0.290664 0.294533 2.36751e-09 8.0303e-08 3.22995e-08 0.298517 0.287291 0.295527 0 0 -0
0.348233 0.35346 0.353709 -5.0546e-08 -6.80848e-08 -1.2948e-07 0.345704 0.35287 0.353143 0 0 0
0.432423 0.439941 0.435932 -1.23853e-07 -9.19697e-08 -7.74474e-08 0.433446 0.436348 0.434995 0 0 0
0.248403 0.275207 0.249684 -5.19775e-08 -3.0659e-08 3.70383e-08 0.245588 0.273361 0.242553 0 0 0
0.355209 0.349515 0.354791 -5.70926e-08 7.31803e-09 6.75131e-08 0.355295 0.339796 0.354877 0 0 -0
0.090207 0.0864144 0.115884 3.54438e-08 1.48847e-08 -1.85909e-08 0.0774467 0.077032 0.114711 0 -0 0
-0.217005 -0.221912 -0.222065 9.52494e-09 -3.57324e-08 -1.29725e-09 -0.2178 -0.240877 -0.240644 0 0 0
-0.0276093 -0.0335487 -0.0322953 4.15076e-09 4.17011e-08 1.52168e-08 -0.0272056 -0.0380904 -0.0420233 -0 0 0
0.416337 0.424818 0.420039 -8.67118e-11 8.6495e-09 -1.12556e-07 0.408277 0.424523 0.419767 0 0 0
0.141913 0.140029 0.138365 5.48701e-08 -4.27992e-08 8.42553e-08 0.142209 0.140022 0.134074 0 0 0
0.684537 0.680336 0.677261 5.61033e-08 4.32205e-08 7.98093e-08 0.686432 0.681745 0.678839 0 0 0
-0.0565983 -0.0581725 -0.0561968 1.80856e-08 2.17906e-08 -1.78207e-08 -0.0557185 -0.0569761 -0.0671373 0 0 0
0.484546 0.490055 0.478949 1.00495e-07 -2.66517e-08 3.26704e-09 0.487039 0.491546 0.476499 -0 0 0
0.26857 0.275344 0.272138 -5.09496e-09 5.6346e-08 -1.23739e-08 0.268408 0.279831 0.27693 0 -0 0
0.468105 0.453363 0.455632 7.04174e-08 1.85731e-07 -1.33958e-07 0.46877 0.451829 0.456885 0 0 -0
0.609934 0.617675 0.61923 2.07763e-08 3.75443e-08 1.13687e-07 0.611581 0.619025 0.620789 0 0 0
0.146513 0.14638 0.15405 9.84488e-08 -1.41493e-08 4.82627e-08 0.145583 0.14326 0.155804 0 0 0
0.107509 0.108198 0.109351 1.17649e-08 -1.1917e-07 7.96472e-09 0.105374 0.108781 0.109133 0 0 0
0.134845 0.134785 0.132573 1.07013e-08 1.5151e-08 -1.69623e-08 0.134989 0.134875 0.128525 -0 0 0
0.0761271 0.0714705 0.0712464 1.23674e-08 6.9682e-08 7.8938e-08 0.0769395 0.0660744 0.0716078 0 0 0
0.606397 0.601197 0.594875 1.08765e-07 -1.67678e-08 -3.22517e-08 0.607063 0.601643 0.595968 0 0 0
0.0918013 0.0977294 0.116321 -4.3366e-09 -2.35809e-08 4.16914e-08 0.0879526 0.0833863 0.115451 0 0 -0
0.676427 0.666938 0.664701 1.49209e-08 -7.54663e-08 5.97808e-08 0.677742 0.668661 0.667298 0 0 0
-0.168988 -0.16961 -0.168896 -1.26454e-08 -6.98104e-08 -3.04734e-08 -0.171204 -0.174475 -0.178621 0 0 0
0.0577612 0.0113682 0.0319732 0.00872221 0.0108814 0.0136779 0.0589898 0.00687377 0.0314435 0.0105006 0.00748173 0.012436
0.0412771 0.0145396 0.0194652 0.000664464 0.00599363 -0.0147479 0.0418313 0.00548645 0.014592 0.0012484 0.00383685 -0.0121875
0.0117784 0.0145114 0.0315008 -0.00728264 0.0136049 0.00539796 0.00800546 0.0187456 0.0279598 -0.00737083 0.0124776 0.00677049
0.0227808 0.0317231 0.0290115 -0.00874294 0.00466846 0.00252471 0.02106 0.0301729 0.0247506 -0.0046167 0.00201469 0.00753012
0.0215865 0.0106957 0.00941177 0.0155485 0.0276949 -0.00271687 0.0224803 0.00759204 0.00664796 0.0163148 0.0282773 -0.00471497
0.00166563 -0.0169498 0.0207284 -0.0138336 -0.00808013 0.00976244 0.000295988 -0.0127507 0.0188854 -0.00950827 -0.0075546 0.013716
0.0429586 0.0214857 0.0325249 0.00931759 0.00924502 0.000151555 0.044642 0.0212311 0.0261276 0.0125274 0.00905799 -1.9321e-05
0.0149678 0.0130682 0.033623 0.0155404 0.0109127 0.0197095 0.010757 0.00746204 0.0293294 0.0158106 0.0133363 0.022473
0.0353648 0.00195322 0.0212478 0.00608679 0.0182513 0.0181402 0.034228 0.00147444 0.0204877 0.00809497 0.019215 0.0166585
0.014437 0.0129313 0.0171559 0.0216173 0.00138699 0.00748551 0.011399 0.0102531 0.0136956 0.0218155 -0.00190062 0.00915164
0.0378121 0.0499879 0.01575 0.00183385 -0.000537388 0.00729073 0.0368725 0.0497764 0.00734068 -0.000555864 -0.00249747 0.0117462
0.0209247 0.0351866 -0.0188998 0.00190328 -0.0141975 -0.00776238 0.0137578 0.0357153 -0.0235905 0.0027562 -0.0158409 -0.00752938
0.0610936 0.0652245 0.0279581 -0.00672232 -0.00502496 0.0223877 0.0546604 0.0593723 0.0179874 -0.00562738 -0.00599673 0.0284289
0.0637355 0.0221873 0.0369999 -0.0132775 -0.0030755 0.000978751 0.062073 0.0236732 0.0335825 -0.0163966 -0.0114124 0.000507747
0.0723746 0.078176 0.0450995 0.00334196 -0.00912399 0.00942951 0.0659975 0.0762861 0.0394346 -0.00208636 -0.0099196 0.0116669
0.0330209 -0.000438146 -0.000481164 -0.0300425 0.000445892 -0.0231225 0.0328336 0.00685565 -0.00126772 -0.0298 0.00183991 -0.0204346
0.0368248 0.0239377 -0.00786119 0.0136638 0.0135899 -0.00512089 0.0294669 0.0276381 -0.0177429 0.01374 0.0100376 -0.00692182
0.0134878 3.07623e-05 -0.0220167 -0.0195877 0.0121041 -0.00592804 0.0082737 0.00793383 -0.0243486 -0.0167428 0.0095742 -0.00548839
0.00723034 0.044472 0.013215 0.00733106 -0.0272791 0.00329994 -0.00159426 0.0431426 0.00590086 0.00328645 -0.0304928 0.00170179
0.00396917 0.0444057 0.0014792 0.00137694 0.00737101 0.00360615 -0.00159849 0.0512565 -0.00376784 -0.000330802 0.00354043 0.00687404
-0.00324911 -0.0143441 -0.0143582 -0.00819033 0.0135271 0.0176667 -0.00809089 -0.00696787 -0.0129518 -0.00982571 0.0161883 0.0204187
-0.0151834 0.0103283 -0.00726917 -0.036492 0.00867352 0.00485573 -0.0158464 0.00726324 0.00153506 -0.0390613 0.00422988 0.0120871
0.0189619 0.00193794 -0.0271877 -0.0345284 -0.0188199 -0.000426596 0.0184413 -0.00346614 -0.0276514 -0.0388461 -0.0172206 0.00504358
-0.00890802 -0.0208429 -0.0388367 0.0179252 -0.0167178 -0.00330239 -0.0116021 -0.0136703 -0.0456799 0.0191284 -0.0155466 -0.0020971
0.00303868 -0.0108527 0.0208468 -0.0170484 0.0203204 -0.0170709 0.00717713 0.00469982 0.0227665 -0.00823105 0.0166307 -0.0197132
0.0027879 0.00521171 0.00418845 -0.0237844 0.00397703 0.0241839 0.00295694 0.00427938 0.00923293 -0.0272297 0.00158747 0.029684
0.0027368 -0.00116711 0.0344474 -0.012208 -0.0101522 -0.0077894 -0.00808111 0.00187596 0.0339569 -0.0123669 -0.0148798 -0.00559438
-0.0373764 -0.010695 -0.0430244 0.0160895 -0.00122659 0.0345727 -0.0339301 -0.0102894 -0.0416294 0.0205274 -0.00283731 0.0313291
0.00267852 -0.0149854 -0.0125705 0.00580704 0.00844711 -0.000327993 -0.00448071 -0.0113041 -0.00480401 0.00335049 0.00305006 0.00145935
0.0318392 0.00307391 -0.00809531 0.0029343 0.0109856 0.0192945 0.0359829 -4.78395e-06 -0.00260512 0.00297469 0.0056904 0.017887
0.00995412 -0.0198133 0.000339314 -0.0218869 -0.00545731 -0.0433925 0.0112759 -0.0167811 0.0109463 -0.0222157 -0.00790349 -0.0462465
-0.0240534 -0.0642651 -0.0141923 0.018806 -0.00238229 -0.0146295 -0.0155415 -0.0659603 -0.0100511 0.0137789 -0.00573306 -0.0170389
-0.0403767 -0.0388339 -0.044246 -0.0223676 0.00272266 -0.00654841 -0.0449921 -0.03348 -0.0437763 -0.0229574 0.0059187 -0.00718593
-0.0114759 0.0214326 -0.0734411 0.00497428 -0.00740345 0.00618061 -0.00939586 0.0276563 -0.0779335 0.00480454 -0.00370525 0.00931762
-0.00322769 -0.0580681 -0.0231931 0.00744496 0.00801127 -0.00613147 0.00781809 -0.0580479 -0.0163735 0.00320346 0.00812574 -0.00400725
-0.00262333 -0.0484801 0.0163694 0.00256957 0.0294949 -0.0220859 -0.000916636 -0.0398777 0.0128827 -1.7284e-05 0.030324 -0.0222268
0.0109875 -0.0327278 -0.0459432 0.0380498 -0.0074206 0.0122342 0.00353105 -0.0339527 -0.0395275 0.0465723 -0.00855383 0.0132847
-0.0278112 -0.0367337 0.00420221 -0.00388633 0.0157115 -0.0262821 -0.0256402 -0.0337501 0.0115559 0.00111812 0.00983293 -0.0235534
-0.0424348 -0.040068 -0.00698364 -0.0192875 -0.000536969 -0.00459571 -0.0444696 -0.0331845 -0.00512031 -0.0181285 0.00939793 0.00227509
0.00992365 -0.0103885 -0.018679 0.0268115 0.022837 0.00184372 0.0122911 -0.0145377 -0.0175768 0.0231096 0.0282186 -0.00681895
-0.0619168 -0.0610629 -0.0565559 -0.00478018 0.0120308 0.0172795 -0.0615946 -0.0581871 -0.0521398 -0.00697312 0.013734 0.0162102
-0.0122334 -0.0224509 -0.0379895 -0.0418825 0.0255192 0.0029032 -0.0139724 -0.0224233 -0.033275 -0.0386177 0.0255622 0.00775867
-0.0766564 -0.0816627 -0.0660733 -0.0278478 -0.00566566 -0.0281712 -0.0711567 -0.0847544 -0.0706285 -0.0292126 -0.00696725 -0.030828
-0.0496905 -0.0898141 -0.0727049 -0.00148541 0.00856628 -0.00287058 -0.0462549 -0.082917 -0.0692941 0.00321515 0.00461793 -0.00892309
-0.0622752 -0.0124587 -0.0485015 0.000205782 -0.0164111 0.0152456 -0.059473 -0.00917052 -0.0466552 -0.00155401 -0.0197984 0.0193471
-0.0480279 -0.0515613 -0.0589858 0.00679237 0.0249904 0.00821297 -0.0425927 -0.0546525 -0.0596395 0.0129505 0.0299786 0.00191287
-0.00717594 -0.0591863 -0.0349631 -0.00968533 0.00409717 -0.00559685 -0.0091316 -0.0582795 -0.0371293 -0.00684244 -0.00184333 -0.00708839
-0.0950619 -0.1267 -0.0537361 -0.0191277 -0.00593991 -0.0165253 -0.0976726 -0.130068 -0.0476364 -0.0219824 -0.00536225 -0.0163311
-0.0650515 -0.0203739 -0.0978792 0.0102219 -0.00745517 0.0164378 -0.053798 -0.0103526 -0.0966905 0.00627216 -0.00859679 0.0173787
-0.0343559 -0.0239019 -0.00160001 0.00989301 -0.0301926 0.00128216 -0.0365791 -0.0193383 -0.00234843 0.00811361 -0.0259255 0.00215509
0.0308083 -0.0427499 -0.0313397 0.032096 0.0141293 0.0337399 0.0315991 -0.0407389 -0.0239172 0.0372939 0.0170623 0.0399379
-0.103445 -0.107686 -0.0864196 0.0177572 0.018517 0.027675 -0.0982314 -0.104362 -0.0844532 0.0167847 0.0194419 0.0320552
-0.0830116 -0.10151 -0.117329 0.0125383 0.000801452 -0.022417 -0.0764505 -0.103682 -0.119289 0.0125451 0.00913142 -0.0215874
-0.13083 -0.157117 -0.127769 0.014992 0.0342698 -0.00811653 -0.121005 -0.155259 -0.128729 0.012803 0.0373716 -0.00949386
-0.0682918 -0.029936 -0.0935677 -0.0702814 -0.0175531 -0.0188638 -0.0627573 -0.0427374 -0.0955433 -0.0726768 -0.0103589 -0.0103661
-0.0598013 -0.0242833 -0.0357118 0.0166744 0.0115693 -0.0248106 -0.051714 -0.0270242 -0.0422779 0.0120276 0.00906463 -0.0204198
-0.0451994 -0.0871514 -0.0477895 -0.00701715 -0.0113432 -0.00276668 -0.0464483 -0.0883288 -0.0451871 -0.008705 -0.0119071 -0.00804213
-0.0853107 -0.143236 -0.127955 -0.039211 -0.0282365 0.0159399 -0.0862865 -0.135133 -0.134606 -0.0396731 -0.0277632 0.0193626
-0.0991522 -0.108409 -0.10642 0.0630688 0.00331084 0.0120172 -0.097168 -0.107299 -0.101869 0.0628973 0.00551676 0.0116084
-0.100741 -0.103072 -0.0781493 -0.00788461 0.0185773 0.0189767 -0.0976177 -0.0985034 -0.0849998 -0.00319481 0.0253124 0.0225834
-0.148111 -0.114434 -0.128524 -0.000869763 -0.0134589 0.0365872 -0.149075 -0.12241 -0.128136 0.000764105 -0.00835651 0.0383102
-0.131742 -0.142301 -0.158309 -0.00464011 -0.00583113 -0.02192 -0.137398 -0.148749 -0.161613 -0.0103903 -0.0034084 -0.0173139
-0.0602344 -0.0787934 -0.0965077 0.00479033 -0.00747314 -0.0479399 -0.0627407 -0.0824413 -0.0998809 0.00216605 -0.0106328 -0.0595544
-0.0602843 -0.099382 -0.115381 0.000983137 -0.0228149 0.0120573 -0.0522292 -0.0978895 -0.116938 -0.00169315 -0.0317363 0.0117735
-0.101082 -0.0468641 -0.0515685 0.0554733 -0.0462334 0.0220972 -0.113055 -0.0478672 -0.055598 0.0555473 -0.0499502 0.0256529
-0.122757 -0.153584 -0.126767 -0.0288975 0.0113804 -0.00802132 -0.130505 -0.163601 -0.121842 -0.021273 0.0147398 -0.0105468
-0.173048 -0.179705 -0.184623 0.00796146 0.0224725 -0.00067828 -0.186758 -0.176423 -0.184392 0.00472222 0.0216104 -0.00609488
-0.161353 -0.13913 -0.16043 -0.0257199 0.0128226 0.00128895 -0.159005 -0.133997 -0.154103 -0.0274713 0.0212327 0.00269574
-0.124233 -0.0672187 -0.147355 -0.0309207 0.0196892 -0.00751437 -0.122617 -0.0695567 -0.142957 -0.0306701 0.0210315 -0.0112802
-0.0582942 -0.122526 -0.1316 -0.0275152 0.030237 0.0203261 -0.0549875 -0.119837 -0.125124 -0.0251728 0.033267 0.0204937
-0.110603 -0.121118 -0.114726 -0.0272549 0.00443887 0.0348579 -0.106177 -0.120741 -0.105228 -0.0325649 0.00486306 0.0400757
-0.101057 -0.108463 -0.120865 -0.00615262 0.04989 -0.0112906 -0.0957208 -0.116043 -0.117 -0.00730077 0.0514701 -0.0148898
-0.0827492 -0.129518 -0.125568 -0.00778429 0.0117359 0.033632 -0.0755487 -0.122246 -0.127714 -0.00967707 0.019948 0.0304683
-0.10972 -0.109946 -0.134179 0.0062894 0.0097151 -0.0281048 -0.0939652 -0.096089 -0.115513 0.00396235 0.0106531 -0.033116
-0.113562 -0.085416 -0.0947058 -0.000207078 0.00845308 0.00634826 -0.118866 -0.0817173 -0.0926 -0.000605926 0.0059875 0.00191275
-0.112153 -0.100736 -0.109804 0.00532252 -0.0202766 0.0112177 -0.109459 -0.0987809 -0.109453 0.00627491 -0.0248546 0.0127736
-0.125861 -0.11498 -0.126627 -0.0267057 -0.00523147 0.00923049 -0.138115 -0.113039 -0.128209 -0.0283837 -0.00631293 0.0115581
-0.100121 -0.162537 -0.0840349 0.0542876 0.0017973 0.00052261 -0.0998301 -0.165629 -0.0828882 0.0565148 0.0107544 0.00488546
-0.0827253 -0.18407 -0.12284 0.0156314 0.029554 0.0297758 -0.0879805 -0.184763 -0.122978 0.024135 0.0281468 0.028348
-0.072529 -0.0786721 -0.0878782 0.012018 -0.0197222 -0.0158702 -0.0608561 -0.0693584 -0.103801 0.0190128 -0.0208477 -0.0171945
-0.0565008 -0.0749507 -0.0637672 -0.00521565 -0.0226488 0.0102187 -0.0526782 -0.0652453 -0.0836053 -0.00318254 -0.0221306 0.00580778
-0.0823246 -0.025278 -0.0813913 0.028357 0.00671821 -0.00140282 -0.0734231 -0.0155524 -0.0943847 0.0313115 0.0068789 -0.00369346
-0.0659028 -0.0622331 -0.0442661 -0.010481 0.0324378 0.0116949 -0.0540392 -0.050038 -0.0543705 -0.00938639 0.035995 0.0131634
-0.0411942 -0.0273688 -0.0668186 -0.00357037 -0.0162163 -0.0125501 -0.031921 -0.0141516 -0.0787643 -0.00871024 -0.0163446 -0.0144784
-0.0576113 -0.0631384 -0.0428591 -0.0168782 -0.0198694 0.0177249 -0.0469187 -0.0495752 -0.0571619 -0.0261446 -0.0184393 0.0221124
-0.0391087 -0.0378014 -0.0451012 0.0084577 -0.00473058 0.0283266 -0.0288217 -0.0323493 -0.0570982 0.00899315 -0.00916729 0.0289138
-0.0900337 -0.0936963 -0.0821412 -0.00792913 -0.0226298 -0.01462 -0.0829756 -0.0843331 -0.0987348 -0.00964671 -0.0160315 -0.0159609
-0.0421294 -0.0908619 -0.0738526 -0.0202268 -0.034352 -0.00215073 -0.0313403 -0.0831655 -0.0866696 -0.0218483 -0.0346473 -0.00384761
-0.0630664 -0.0830497 -0.0742327 -0.00154135 0.00220497 -0.00401971 -0.0581441 -0.0750213 -0.0879067 0.00296839 0.00205503 -0.00806948
-0.0629331 -0.0413992 -0.019001 -0.00291264 0.00179029 -0.0118189 -0.0505039 -0.038622 -0.0365201 0.000119765 0.000661258 -0.0121731
-0.0629219 -0.0857811 -0.0494861 0.007342 -0.00530222 0.00129984 -0.0534149 -0.0837075 -0.0604759 0.00337012 -0.00628669 0.00324294
-0.0524305 -0.0477838 -0.0558454 0.0074633 0.0207502 0.00530016 -0.0437793 -0.0412955 -0.0717154 0.0122682 0.0212648 0.0047072
-0.0364762 -0.0447712 -0.0598215 -0.012584 -0.014567 0.00347922 -0.0270905 -0.0332534 -0.0852488 -0.0131154 -0.0187126 0.00696146
-0.0732897 -0.0890184 -0.0566593 -0.00208418 -0.0136236 -0.0226148 -0.0646972 -0.0816633 -0.0715811 0.00198059 -0.0102634 -0.0252649
-0.108827 -0.0513253 -0.064888 -0.000950873 0.0378561 -0.00901885 -0.0975364 -0.039704 -0.0755421 0.000252215 0.0392077 -0.00682149
-0.0713641 -0.063295 -0.0847505 -0.004663 0.00289626 -0.0210673 -0.0612711 -0.0519991 -0.095697 -0.00440956 0.000431493 -0.0219118
-0.0283503 -0.00871897 -0.0397602 0.010297 0.00350296 0.0020331 -0.0172193 -0.00230503 -0.0510868 0.00884898 0.00445274 0.000348792
-0.0705472 -0.0293364 -0.0393814 0.0098798 -0.0116336 -0.000378719 -0.0651707 -0.018211 -0.0572321 0.0102285 -0.0138297 -0.0013894
-0.0673719 -0.0585558 -0.0729777 0.0213639 -0.00506266 0.013498 -0.0528861 -0.053936 -0.0905693 0.0204531 -0.00257836 0.00979148
0.537482 0.469315 0.480524 0.0209692 0.0470437 -0.0498996 0.538544 0.465549 0.480832 0.00834161 0.045554 -0.0515612
-0.0494378 -0.00456423 -0.0154264 -0.00596583 0.0390536 0.0128552 -0.0421881 -0.000358085 -0.0292978 -0.00830434 0.038829 0.00906364
-0.115516 -0.101146 -0.0946393 0.00232137 0.0084493 0.00699889 -0.102653 -0.0930504 -0.114611 0.00216929 0.00581707 0.00804939
-0.0726567 -0.10912 -0.0782702 -0.0192127 0.00911663 -0.00852849 -0.060483 -0.097054 -0.0915854 -0.013576 0.00794771 -0.00750159
-0.0612741 -0.0191568 -0.0590655 0.016835 -0.0010846 0.0289766 -0.0560363 -0.00954831 -0.0738864 0.00805475 0.00170108 0.0248694
-0.0543721 -0.0575761 -0.0982634 0.0127866 0.0189533 -0.00955463 -0.0404444 -0.0469416 -0.118592 0.0168758 0.0151697 -0.00758081
-0.0568726 -0.0439697 -0.0859041 0.0101652 -0.00190745 0.0148848 -0.0487791 -0.0340497 -0.0994129 0.00670117 -0.00224495 0.0191443
-0.0554996 -0.0461795 -0.0409956 -0.00945858 -0.0174816 -0.00631174 -0.0454491 -0.0337124 -0.0601011 -0.00937471 -0.0211818 -0.00435332
-0.0606647 -0.0761991 -0.0532412 0.010655 -0.00350266 0.00274729 -0.0560879 -0.0715934 -0.0717978 0.00613224 -0.00254892 0.00138593
-0.094292 -0.0814032 -0.0976807 -0.0118695 -0.00521903 -0.0144821 -0.0873404 -0.0758509 -0.120255 -0.010506 -0.0106237 -0.0148833
-0.0701166 -0.0475109 -0.0972742 0.0103316 0.00672455 0.0112463 -0.0568148 -0.0413345 -0.116476 0.00838808 0.00604769 0.0115322
-0.0113609 -0.0400187 -0.0430282 0.00167118 -0.000841209 -0.0229211 0.00631254 -0.0337049 -0.0508038 0.00416537 -0.00604178 -0.0215748
-0.0224755 0.0122495 -0.0165134 0.0063284 0.0124413 -0.00504931 -0.0107051 0.0181559 -0.0289141 0.00876556 0.0168128 -0.00341144
-0.109486 -0.0693372 -0.094937 0.0254711 0.0184001 0.0141634 -0.101682 -0.0591521 -0.108892 0.0243551 0.0215297 0.0151112
-0.0267117 -0.0438279 -0.0368074 0.000166519 -0.0111579 -0.0156737 -0.0201516 -0.0343122 -0.0519214 0.00369863 -0.0125373 -0.0143257
-0.0637487 -0.0370771 -0.0468811 -0.020421 0.00506287 -0.00401269 -0.0513636 -0.0279149 -0.0629859 -0.017045 0.0117761 -0.00136241
-0.0354728 -0.03879 -0.0290913 -0.00611519 0.010782 0.0212229 -0.0284642 -0.0272115 -0.0446773 -0.0039519 0.00945614 0.0236763
-0.0721992 -0.0362366 -0.0714946 0.0329581 0.0267971 0.00692051 -0.0602203 -0.0244213 -0.089891 0.0340765 0.0278204 0.0102239
-0.0454794 -0.0315888 -0.0325384 -0.021365 -0.0147865 0.0140862 -0.041164 -0.0200584 -0.0472636 -0.0145112 -0.0171221 0.015691
-0.0678137 -0.0520547 -0.0699612 0.00826271 0.00183407 0.0252009 -0.0682399 -0.0452909 -0.09998 0.00576166 0.00184785 0.0227197
-0.0716686 -0.0523639 -0.117253 0.0251536 -0.00651085 0.00457335 -0.0597771 -0.040957 -0.143437 0.02789 -0.00116075 0.00204097
-0.030145 -0.0804978 -0.0701994 0.00691579 0.00350168 -0.00606025 -0.0209619 -0.069412 -0.0901096 0.00461743 0.0012648 -0.0152171
-0.0692004 -0.0641053 -0.0564718 0.000194121 -0.0165024 -0.0171763 -0.0490534 -0.0559447 -0.0707865 -0.00462775 -0.0170466 -0.0173017
-0.0649497 -0.0589641 -0.0428707 0.0257069 0.00592624 0.0191386 -0.0524903 -0.041905 -0.0574157 0.0317591 0.0031525 0.0206733
-0.0831602 -0.0510038 -0.0495898 -0.00015718 0.00357851 -0.0178998 -0.0807424 -0.0329994 -0.0652715 0.00112275 0.00821376 -0.0222025
-0.0730247 -0.0610004 -0.0914142 -0.0105798 -0.00605982 0.00488842 -0.065373 -0.0551033 -0.1069 -0.00579869 -0.00822339 0.00535138
-0.0487139 -0.088406 -0.0581101 0.0257425 -0.0192132 -0.0307141 -0.0403405 -0.0813622 -0.0743775 0.0287026 -0.0169757 -0.0284449
-0.0462488 -0.0476969 -0.0495211 0.0132018 -0.0220724 -0.00707712 -0.0436398 -0.0323414 -0.0701379 0.00802844 -0.0212718 -0.00813322
-0.0729894 -0.0304787 -0.0245657 -0.0293532 -0.00180382 -0.00922116 -0.0647343 -0.0205128 -0.0409281 -0.0286847 0.00154117 -0.00672151
-0.0304435 -0.0406753 -0.0491181 -0.0223489 -0.00750578 -0.00966595 -0.0275405 -0.0277634 -0.0656209 -0.0247908 -0.00456527 -0.0149783
-0.0421645 -0.0359091 -0.0340658 0.0176157 0.0110513 -0.014608 -0.040526 -0.0233759 -0.0491482 0.0155605 0.00497493 -0.0129699
-0.066194 -0.0933713 -0.091385 -0.0216427 0.0277572 0.0136527 -0.0550286 -0.082939 -0.113679 -0.0204715 0.0306263 0.0141839
-0.0904344 -0.0955627 -0.113336 -0.0256483 -0.0104258 0.0106059 -0.0776213 -0.0865907 -0.13486 -0.0298343 -0.0104955 0.0110675
-0.075687 -0.051069 -0.0626745 -0.0090456 -0.00716461 -0.00458897 -0.0618743 -0.0414571 -0.0779963 -0.0102493 -0.00778992 -0.0052053
-0.0360315 -0.0468396 -0.053585 0.0181944 0.00642151 -0.00694393 -0.0319796 -0.0431659 -0.0745164 0.0213753 0.002295 -0.00739272
-0.0119001 -0.0104377 -0.0659128 -0.00379872 0.000896038 0.00967706 -0.00850584 0.00108265 -0.0788278 -0.0112988 -0.00392106 0.00668773
-0.0347017 -0.0734614 -0.0396208 -0.00972621 -0.00501249 0.0269934 -0.0222358 -0.066099 -0.0578521 -0.00457136 -0.00907132 0.0331563
-0.0735514 -0.0299173 -0.0613678 -0.0040355 0.0363347 0.00895645 -0.071269 -0.0135832 -0.0809865 -0.00453146 0.0365233 0.00738468
-0.049463 -0.122218 -0.144281 0.0201642 0.0189793 -0.0154138 -0.0359059 -0.111687 -0.16 0.0199741 0.0176394 -0.00751141
-0.0896441 -0.102519 -0.0781475 -0.000510388 0.00253639 -0.0346253 -0.0745909 -0.0944512 -0.10351 -0.00133227 0.00661668 -0.031088
-0.0262199 -0.0424263 -0.078772 0.0143207 0.0062511 0.0471933 -0.01075 -0.0351798 -0.0978618 0.0118904 0.00474176 0.048682
-0.140942 0.0576728 0.092794 0.113169 -0.193097 0.224104 -0.190231 0.0405067 0.0807725 0.141187 -0.194027 0.270728
0.111356 -0.0964305 -0.0935821 -0.0835471 -0.102876 0.150342 0.130903 -0.0801967 -0.072655 -0.0634417 -0.102388 0.163737
0.131889 -0.0128156 0.104034 0.135321 -0.0817688 -0.159974 0.123735 -0.0271575 0.114594 0.139045 -0.103739 -0.177282
-0.0464719 -0.208218 0.0261748 -0.0128202 -0.145667 0.0238129 -0.0391892 -0.225707 0.043955 -0.0156642 -0.141519 0.02626
-0.333119 -0.349799 -0.304469 -0.222843 -0.0664425 0.0231667 -0.304696 -0.324088 -0.263993 -0.246634 -0.0432825 0.0282192
0.38674 0.0475963 -0.0345227 0.0442045 -0.142626 0.0939939 0.377417 0.0538625 -0.0211042 0.06644 -0.141422 0.119643
-0.0465181 -0.0525234 0.280142 -0.00302812 -0.0398306 0.0512083 -0.057705 -0.0703108 0.28123 0.00119 -0.0471458 0.0501308
0.00892005 -0.193602 -0.251587 -0.0751019 -0.00680735 0.109085 0.00940417 -0.198304 -0.249792 -0.0979092 0.00158667 0.0717542
-0.0585089 -0.115292 0.00408136 0.0336704 -0.124322 -0.0309174 -0.0767667 -0.125172 0.0199867 0.03998 -0.128325 -0.03142
-0.312958 -0.229464 0.100926 0.0589069 0.0666493 0.0850702 -0.290713 -0.229652 0.0925967 0.04998 0.0728058 0.0750092
-0.18948 -0.150184 -0.235806 0.183925 0.0618215 -0.0173875 -0.181956 -0.109219 -0.246768 0.153504 0.0723025 -0.00392583
-0.106476 -0.0861973 0.0706115 0.0740856 0.154245 0.093431 -0.111267 -0.0965508 0.0326075 0.0859683 0.182414 0.087635
-0.16068 -0.203233 0.0615603 0.0329945 -0.150581 0.0261666 -0.167185 -0.206052 0.0924825 0.0281242 -0.15618 0.0259133
0.0873213 0.0596127 0.0235393 0.174298 -0.0571159 0.0224602 0.0985575 0.0673367 0.0201858 0.178459 -0.0600225 0.0314408
-0.00189507 0.0256191 0.076953 0.0145019 -0.0704584 0.0466984 -0.00866083 0.0197142 0.100316 0.0147558 -0.0799867 0.0484417
0.134837 -0.0534469 -0.102439 0.206356 0.112292 -0.137522 0.129367 0.00516083 -0.0623117 0.159318 0.0998175 -0.124245
-0.0488093 -0.186867 0.0694091 -0.0234726 -0.142026 -0.0121666 -0.0514175 -0.211353 0.0857158 -0.0239342 -0.139702 -0.0129408
-0.00328526 0.196019 -0.00505197 0.181221 -0.219218 -0.164574 -0.0336158 0.180908 -0.00805083 0.199996 -0.206926 -0.168733
-0.057337 -0.0719722 -0.284639 -0.0225855 0.066464 -0.0526049 -0.0675717 -0.0641067 -0.282616 -0.0510333 0.0625917 -0.0613258
-0.295703 -0.186988 -0.0930071 -0.0335296 0.0220492 0.156219 -0.288114 -0.191966 -0.113322 -0.0577325 -0.0214525 0.157566
-0.454267 -0.0787948 -0.273312 0.0761167 0.184342 0.152822 -0.471017 -0.11073 -0.211071 0.087625 0.185494 0.170205
-0.155304 -0.156594 -0.0637193 -0.0196877 0.154295 0.0959356 -0.156068 -0.156251 -0.0830075 -0.02291 0.165267 0.08479
0.0711991 -0.275655 -0.277765 0.0872699 -0.178914 -0.043047 0.0651492 -0.285259 -0.281377 0.0745208 -0.138623 -0.0558975
-0.104935 0.0683237 -0.0930786 -0.0764731 -0.163745 -0.0961547 -0.0982592 0.0674 -0.0877 -0.06181 -0.156923 -0.0903
-0.321553 -0.284131 -0.294627 0.170924 0.0908116 0.0636621 -0.298533 -0.292191 -0.299733 0.184801 0.0741725 0.0713808
-0.283296 -0.56764 -0.411268 0.0248896 0.0279605 -0.0590562 -0.296935 -0.565633 -0.365109 0.0273708 0.0340508 -0.0474317
-0.0387913 -0.137732 -0.120813 -0.00440411 0.0867654 0.0815541 -0.0767842 -0.160657 -0.131774 0.00639 0.0857883 0.0888525
-0.00871504 -0.138454 -0.0507 -0.150145 0.0542195 0.00453305 0.0223517 -0.143495 -0.0171833 -0.135696 0.05947 -0.0337542
-0.15831 -0.153457 -0.171712 -0.155982 -0.0234966 0.0561482 -0.131485 -0.114917 -0.169818 -0.178854 -0.0303333 0.0624633
-0.487112 -0.348079 -0.347307 0.0933998 -0.125509 -0.0318141 -0.480848 -0.341256 -0.353505 0.0771125 -0.117395 -0.0274042
-0.0635785 -0.133981 0.0786446 -0.00507538 -0.122836 0.0108473 -0.0726217 -0.145476 0.0972367 0.0045625 -0.129937 0.00801917
-0.057087 -0.0900923 0.0800592 -0.00759291 -0.0949499 -0.00283477 -0.0647708 -0.102466 0.09544 -0.00921583 -0.10341 -0.00227917
-0.015691 -0.104101 0.0699585 -0.0251977 -0.114804 0.0241111 -0.0207433 -0.115321 0.0869942 -0.019245 -0.114593 0.02476
-0.071476 -0.132582 0.0682804 0.00096514 -0.107763 0.00316203 -0.0752208 -0.143038 0.0848267 0.00131167 -0.11353 0.00353167
-0.0575685 -0.0959729 0.0617668 0.00721873 -0.110853 -0.00345517 -0.0680967 -0.105958 0.0796483 -0.0015575 -0.119738 -0.000808333
-0.0624785 -0.115114 0.0681811 0.023237 -0.111899 0.0175268 -0.073025 -0.128988 0.0883883 0.0243417 -0.117218 0.0144683
-0.0475371 -0.131927 0.046528 0.00930173 -0.108572 0.00123411 -0.0558025 -0.149269 0.0642467 0.0104517 -0.113157 -0.0007475
-0.0759408 -0.0941485 0.0186592 0.0304417 -0.086956 -0.0227064 -0.0821308 -0.1039 0.0362892 0.0288075 -0.0938017 -0.02584
-0.0412801 -0.122834 0.0588451 -0.00719612 -0.113047 0.0112371 -0.0567758 -0.140207 0.0741225 -0.00454167 -0.119261 0.0106392
-0.074623 -0.0985103 0.0474452 0.0288155 -0.102624 -0.00253857 -0.0832125 -0.110202 0.0654258 0.0263467 -0.104412 -0.0026925
-0.0551229 -0.107105 0.0773476 0.0123783 -0.101431 -0.00958565 -0.06881 -0.126423 0.0844858 0.0100192 -0.104032 -0.0086775
-0.0732167 -0.1231 0.0657946 0.0032873 -0.110358 -0.0131914 -0.0770875 -0.130505 0.0858783 0.00191833 -0.11355 -0.0122933
-0.0713306 -0.0738844 0.0280387 0.00615949 -0.092591 -0.0172743 -0.0811833 -0.0924683 0.0424742 0.0030425 -0.101098 -0.0183892
-0.0661676 -0.138117 0.0263349 -0.00606339 -0.106085 -0.000267831 -0.0717592 -0.150486 0.04233 -0.0055375 -0.110354 -9.16667e-06
-0.0271315 -0.110183 0.0676803 -0.000989417 -0.111759 -0.00421232 -0.0379275 -0.127507 0.0804992 0.0039725 -0.115986 -0.00175917
-0.0474447 -0.10823 0.0481903 0.00376362 -0.107484 0.000543258 -0.0553925 -0.116795 0.0668 0.00455667 -0.108775 0.000949167
-0.0625726 -0.119667 0.101525 -0.000891661 -0.13228 0.00513732 -0.0679242 -0.127829 0.120827 -0.0017525 -0.137328 0.00578833
-0.0746864 -0.111525 0.0485106 -0.0105119 -0.0988069 0.00107266 -0.0836458 -0.120198 0.0654625 -0.0076925 -0.09909 -0.000410833
-0.0303186 -0.0934797 0.126612 0.014106 -0.0981011 0.0100712 -0.0380117 -0.104591 0.141087 0.0119708 -0.103125 0.0102667
-0.0743978 -0.123778 0.0528871 0.014911 -0.110454 -0.0169547 -0.073225 -0.13445 0.0707008 0.0150875 -0.112177 -0.0143917
0.00551633 -0.00446149 0.00504608 0.0249159 0.0189359 -0.00495301 0.0107726 -0.00425454 0.00190142 0.026386 0.0203322 -0.00264667
-0.0014913 -0.0184707 0.00998231 -0.00219154 -0.00982606 0.00667584 -0.000570525 -0.0107267 0.00861299 0.00140207 -0.0126484 0.00599136
0.0379608 -0.000781017 0.0289946 0.00341697 0.00615516 0.00310029 0.0393924 -0.00692614 0.0202886 0.00614352 0.00369287 0.00549836
0.0279171 0.0154945 0.0431547 0.00959172 -0.000734258 0.00408376 0.0320556 0.0119918 0.0407844 0.0122108 -0.0010633 0.000976975
0.0116886 -0.0018292 0.0158258 0.00668636 0.00292186 0.00952392 0.00874756 -0.00338991 0.0106578 0.00585315 0.00161944 0.0112645
0.0201571 -0.00477113 0.0076111 0.0124138 0.0139681 0.00213011 0.0207121 -0.0117441 0.000653858 0.0154934 0.0151395 0.00305972
0.0391955 -0.00469935 0.0274683 0.00853936 -0.0065881 -0.00269 0.0381278 -0.00313457 0.0284231 0.011294 -0.00844019 -0.000760401
0.015034 0.0222473 0.0235688 -0.00609083 0.00860992 0.00873987 0.0120873 0.016513 0.0147503 -0.00372988 0.00265559 0.0100703
0.0031424 0.00770672 0.00518073 0.00925454 0.0213031 -7.78475e-06 0.00307762 0.0072213 -0.00390062 0.0113818 0.0204173 -0.00141753
0.0380597 -0.0164165 0.0333287 -0.008254 0.00684309 -0.00413933 0.0427277 -0.0105621 0.034741 -0.00886056 0.00410043 -0.00719232
-0.00488362 0.0188216 -0.0105676 0.0114588 0.0147312 -0.0209936 -0.011395 0.0188479 -0.0204082 0.00792673 0.0144756 -0.0226599
-0.00900523 0.0106372 0.0213404 0.00804633 0.00277224 -0.0277792 -0.0164338 0.0132562 0.0108875 0.00543725 -0.000854136 -0.0239883
0.0202768 0.00503889 0.0081014 -0.0237714 0.000802339 -0.00471589 0.0220528 0.00955806 -0.000411543 -0.0213675 -0.00266664 -0.00295664
0.0052875 0.0232468 0.0020085 -0.000139137 -0.0120889 -0.00982936 -0.00414744 0.021355 -0.0120565 -0.00104713 -0.0118784 -0.0102948
-0.003616 0.0376722 -0.0292656 -0.00248052 0.000572556 -0.0100682 -0.00756377 0.0395621 -0.0405539 -0.00835275 0.000970185 -0.0115412
0.0141591 0.00964109 0.0377037 0.00671446 -0.00269842 -0.0153953 0.0057184 0.0130261 0.0292007 0.00954318 -0.00318 -0.0181876
0.0018444 0.00377518 0.00195171 -0.0200476 -0.00139201 -0.0128547 -0.005675 -0.00229068 -0.0106532 -0.0226133 -0.00587673 -0.00911225
0.0155666 0.0397271 0.0240626 -0.018344 -0.00736009 -0.00618884 0.014166 0.0520086 0.0227233 -0.017375 -0.00418392 -0.00488151
0.0028089 0.014705 0.0301362 -0.0152571 0.00640594 -0.000390719 -0.00106321 0.0117152 0.0264184 -0.0134947 0.0056787 0.00397685
0.0279633 0.0135211 -0.024879 0.00233502 0.0112193 0.00606621 0.022432 0.0109223 -0.035948 0.000492747 0.00933867 0.00997864
0.039207 0.0270928 0.0369825 -0.022529 -0.0113513 -0.0386561 0.0337683 0.0283143 0.0453423 -0.023185 -0.0135189 -0.038331
-0.00832439 0.01552 -0.0386697 0.0342667 -0.0323093 -0.0195247 -0.00273302 0.0194469 -0.0384284 0.0372158 -0.0356069 -0.0219145
0.0169609 -0.0174265 0.0253726 -0.0142591 0.000130406 0.00294386 0.011491 -0.0151122 0.0289255 -0.0127337 -0.000537593 0.00675219
0.00563768 -0.0353963 -0.0171995 0.00719629 -0.0111457 0.0228149 -0.00195059 -0.0379755 -0.0149044 0.0124927 -0.00507213 0.0278448
-0.0199902 -0.00603215 0.0013757 -0.0069946 0.0194147 -0.0111397 -0.0145046 -0.00982818 0.00745735 -0.00802951 0.0219455 -0.00325494
-0.0162723 -0.0240267 0.0070985 0.0103117 -0.00123732 0.000549439 -0.0275408 -0.0203847 0.0067684 0.00865349 0.00217636 0.00217988
-0.00583983 -0.0150873 -0.011778 -0.00724196 -0.00711483 -0.0153065 -0.0032467 -0.00676201 0.00294728 -0.0108751 -0.0125534 -0.0200132
-0.0159442 0.0298386 0.0256928 -0.0195607 -0.00624112 -0.000178556 -0.0214477 0.0299349 0.0330981 -0.0159515 -0.00398704 0.000751667
0.0172467 -0.000378536 -0.00355004 -0.0300519 0.0180399 0.00116226 0.00732404 -0.00187917 -0.0107681 -0.0358214 0.0144447 0.00290417
-0.00530206 -0.0084595 -0.0199768 -0.0188325 -0.00169175 0.00789216 0.00415062 -0.0114128 -0.0219444 -0.020538 -0.0021358 0.0101383
0.00137997 0.00546766 0.0104011 0.010262 -0.00398345 0.0101031 0.00970688 0.00652157 0.0208227 0.00822133 -0.00426772 0.0148597
-0.0841776 -0.0321217 -0.0821743 0.0206483 0.0171606 0.0259464 -0.0875423 -0.0232634 -0.0748507 0.0205991 0.0177617 0.0264688
-0.0289164 -0.0662873 -0.0617532 -0.00911222 -0.0187278 0.0147063 -0.0260311 -0.0604238 -0.0604555 -0.00897966 -0.0150101 0.0164221
-0.0241487 0.023463 -0.0171634 -0.01218 -0.00906843 -0.0105512 -0.023993 0.0271584 -0.0131498 -0.0147552 -0.0116643 -0.0100645
-0.0516523 -0.0725865 -0.0625261 0.0402758 4.25e-05 -0.00257721 -0.0495054 -0.0715742 -0.0607449 0.0409456 0.00712562 -0.00203747
-0.0218476 -0.00755706 0.0172113 -0.0288947 -0.0103268 -0.00524791 -0.0202329 -0.0100569 0.0144602 -0.0298442 -0.0117426 -0.00916994
-0.0294081 -0.0569994 -0.048336 -0.00494042 -3.43493e-05 0.000882744 -0.0359428 -0.0472187 -0.0471885 -0.00379583 0.00325435 -0.00267096
-0.044177 -0.0257532 -0.0102954 -0.0179493 0.0243348 -0.0215274 -0.0373527 -0.0267793 -0.00237568 -0.0179573 0.0361619 -0.0209647
-0.0162861 -0.00773927 -0.00632407 -0.00263001 0.00944611 -0.0314658 -0.0196461 -0.012811 -0.00592469 0.00169713 0.00693667 -0.031278
-0.0334848 -0.0026151 -0.0593484 0.0359823 0.00324023 -0.0215748 -0.0248515 -0.00370639 -0.0553901 0.0350733 0.00112611 -0.0264313
-0.0328284 -0.0629275 -0.0835417 -0.00775414 0.00967261 0.0128402 -0.0239388 -0.0600663 -0.0777679 -0.00683883 0.0108615 0.00814907
-0.0679189 -0.0778799 -0.0892658 0.0142446 -0.0148939 0.0140245 -0.0563185 -0.0706719 -0.0806169 0.0188746 -0.00973071 0.0150946
-0.0309416 -0.0250231 -0.011882 -0.0218209 -0.0186359 -0.00374186 -0.0308461 -0.0166096 -0.00216278 -0.0246721 -0.0238167 -0.0111566
-0.082885 -0.0898814 -0.0717934 0.00793286 0.0218028 0.0214646 -0.0789686 -0.0841971 -0.0704124 0.0169709 0.0246383 0.0255363
-0.0285241 -0.0113233 -0.0324127 -0.00198931 0.0239948 -0.00872361 -0.0252294 -0.0102105 -0.0310358 -0.00248654 0.0198186 -0.0135978
-0.0407574 -0.0294756 -0.0258974 0.00859421 0.0197441 -0.00411085 -0.0390516 -0.029873 -0.0226223 0.00983821 0.0235157 -0.00315519
-0.0869067 -0.0858843 -0.0687971 -0.0281192 0.0283159 -0.0167075 -0.0890736 -0.0818426 -0.0588366 -0.0303984 0.0289928 -0.0162044
-0.0547247 -0.0344184 -0.0189374 0.0114816 -0.00293791 -7.78922e-05 -0.0570414 -0.0319072 -0.0200538 0.0113488 4.53704e-06 0.000288889
-0.0699097 -0.0417481 -0.0729918 -0.00447333 0.0227149 -0.00535745 -0.0667989 -0.0334437 -0.0668362 -0.00395478 0.0218551 -0.00915586
-0.0932018 -0.0604135 -0.0426103 -0.0164486 -0.00453795 0.00239754 -0.0876777 -0.0426982 -0.0409027 -0.013476 0.000632747 0.00535336
-0.0259641 -0.0338427 0.0281381 0.0344336 -0.00144581 -0.0127023 -0.0216098 -0.0346136 0.0310817 0.0388051 7.38889e-05 -0.00523139
-0.0574472 -0.0345558 -0.0448035 -0.027757 -0.00449362 -0.01303 -0.0594057 -0.0340306 -0.0414671 -0.0325481 -0.00682633 -0.00951046
-0.0397464 -0.105873 -0.0815454 0.00635782 -0.0131535 -0.00799727 -0.0286432 -0.0906676 -0.0783041 0.00414145 -0.0161974 -0.0104641
-0.0659766 -0.085838 -0.0481712 0.0127434 -0.00683806 -0.026992 -0.0614871 -0.0931138 -0.0426871 0.0129979 -0.0084371 -0.0290848
-0.152426 -0.141588 -0.0838804 -0.000519241 -0.00785626 -0.0210828 -0.145634 -0.141528 -0.0804469 0.00324265 -0.0122724 -0.0202817
-0.0994081 -0.0864741 -0.139096 0.00567444 -0.00342581 0.0139879 -0.0932144 -0.0915044 -0.136284 0.00732518 -0.00617654 0.0168471
-0.101248 -0.0807965 -0.0349381 0.0015776 -0.0238148 0.0239369 -0.0967131 -0.0873726 -0.0334314 0.00109404 -0.023371 0.0251351
-0.102948 -0.102799 -0.0958607 -0.00502735 0.0105625 0.0341558 -0.107409 -0.108526 -0.0901963 -0.00432673 0.0133203 0.0280894
-0.0453426 -0.0654538 -0.0520173 0.000109319 -0.00589295 0.00116762 -0.0315261 -0.0625411 -0.0558965 -0.00864682 -0.0110602 -0.000453673
-0.0686739 -0.0305902 -0.0801508 -0.00820615 0.0236525 0.00522793 -0.0647966 -0.0280855 -0.0816347 -0.0080512 0.023446 -0.00272716
-0.0714957 -0.140428 -0.0979817 -0.0132284 -0.00140483 0.00303221 -0.0738735 -0.134446 -0.0976157 -0.0202052 -0.000544938 0.000867191
-0.107694 -0.118809 -0.0896628 0.00437858 0.00855186 -0.0110135 -0.10864 -0.120511 -0.0882367 -0.00176586 0.00587815 -0.0113053
-0.151903 -0.16375 -0.121377 -0.0125081 0.0276329 0.0404258 -0.158086 -0.166129 -0.122526 -0.0043612 0.0319003 0.0410641
-0.1399 -0.192906 -0.125056 -0.0159271 0.0156464 -0.0291228 -0.149023 -0.198661 -0.123165 -0.012495 0.00953481 -0.0298485
-0.0827134 -0.105661 -0.121953 -0.0175664 0.0356134 0.0159755 -0.0819149 -0.107763 -0.119749 -0.0273727 0.0346361 0.0184888
-0.180657 -0.139272 -0.142182 -0.0044809 0.00704479 -0.00855434 -0.185527 -0.131306 -0.132527 -0.0107904 0.0088129 -0.0110017
-0.101101 -0.0975936 -0.0607143 -0.00512275 0.0174818 -0.00830428 -0.107268 -0.0968129 -0.0641861 3.14815e-05 0.0184203 -0.00983651
-0.156897 -0.0776396 -0.0382252 0.00552442 -0.0263813 -0.0145723 -0.159243 -0.0790861 -0.037424 0.0106195 -0.0215518 -0.0120208
-0.0848514 -0.0729585 -0.0771489 -0.00538322 0.0326665 -0.011921 -0.080416 -0.0613715 -0.0814356 -0.00419296 0.0288502 -0.00834812
-0.155392 -0.139954 -0.157349 -0.0117154 0.00117569 -0.0188486 -0.152278 -0.13788 -0.153045 -0.0106124 0.00554025 -0.0219919
-0.140352 -0.0742995 -0.0683695 0.00802821 0.0168796 0.00991805 -0.138619 -0.0729769 -0.0635291 0.0129712 0.0199182 0.018473
-0.231312 -0.182595 -0.165724 0.0114565 0.00119261 0.0158932 -0.25288 -0.183137 -0.178846 0.0233602 -0.00422191 0.00590661
-0.126253 -0.139874 -0.164265 0.02323 0.00301679 0.04663 -0.122734 -0.13936 -0.159413 0.0167293 0.0116912 0.0466281
-0.0977422 -0.104739 -0.092913 0.00387691 0.0176725 0.0354295 -0.113975 -0.113073 -0.0887861 0.00385213 0.0212781 0.0390209
-0.133736 -0.176638 -0.173515 -0.00123545 -0.0276856 0.0105247 -0.133044 -0.180659 -0.180764 0.000172562 -0.0319749 0.0103548
-0.222191 -0.0908564 -0.12992 -0.00991227 0.0219188 -0.0270629 -0.223267 -0.0908062 -0.123429 -0.016475 0.0256628 -0.0278447
-0.0878046 -0.0280881 -0.0865518 -0.0319956 0.0467367 -0.0105661 -0.0826455 -0.0171766 -0.0880463 -0.0477732 0.0444273 -0.0213463
-0.159502 -0.184942 -0.164124 0.0328547 0.0151323 -0.00360142 -0.158989 -0.19367 -0.161661 0.0334345 0.0127507 0.000343086
-0.109684 -0.162144 -0.139988 0.0323198 -0.00864233 -0.0307189 -0.128297 -0.16349 -0.14054 0.0274354 -0.0112221 -0.0340176
-0.20703 -0.214828 -0.148876 -0.0271093 0.00424149 -0.00406527 -0.211648 -0.216277 -0.14941 -0.0262359 0.00564583 -0.0130952
