-3.56341 -3.56465
-3.55496 -3.55619
-3.55362 -3.55295
-3.56658 -3.5667
-3.55869 -3.55741
-3.54977 -3.54908
-3.55817 -3.55765
-3.56247 -3.56288
-3.55989 -3.56001
-3.56148 -3.56102
-3.56322 -3.56286
-3.5524 -3.55275
-3.55699 -3.55745
-3.5541 -3.55563
-3.56671 -3.56705
-3.56004 -3.56066
-3.55336 -3.55491
-3.55654 -3.55678
-3.57018 -3.56991
-3.55039 -3.54975
-3.55968 -3.55986
-3.54737 -3.54909
-3.55975 -3.56082
-3.55802 -3.5589
-3.55537 -3.55581
-3.54472 -3.54614
-3.55092 -3.55044
-3.55748 -3.55806
-3.56155 -3.56024
-3.55313 -3.55427
-3.5583 -3.55649
-3.55565 -3.55585
-3.55501 -3.55368
-3.55409 -3.55308
-3.55559 -3.55522
-3.55478 -3.55444
-3.5608 -3.55869
-3.55772 -3.55606
-3.54808 -3.5469
-3.55162 -3.55237
-3.54853 -3.55065
-3.55675 -3.55754
-3.55241 -3.55305
-3.55861 -3.55922
-3.55408 -3.55308
-3.55727 -3.55809
-3.56075 -3.56188
-3.55434 -3.55403
-3.56823 -3.56965
-3.56081 -3.56095
-3.54754 -3.54768
-3.58389 -3.58363
-3.50641 -3.50511
-3.56757 -3.56857
-3.4919 -3.4927
-3.55737 -3.55583
-3.5231 -3.52373
-3.60084 -3.60236
-3.54254 -3.54134
-3.52981 -3.52764
-3.57384 -3.57474
-3.55958 -3.56175
-3.49803 -3.49719
-3.60087 -3.60159
-3.59295 -3.59293
-3.58463 -3.58376
-3.55394 -3.55685
-3.52511 -3.52584
-3.58053 -3.57888
-3.58807 -3.59102
-3.61486 -3.61536
-3.58605 -3.58632
-3.49592 -3.497
-3.61985 -3.62179
-3.46427 -3.4647
-3.6437 -3.64397
-3.64083 -3.64046
-3.6388 -3.63846
-3.63535 -3.63486
-3.64184 -3.64144
-3.63901 -3.63831
-3.64498 -3.64456
-3.6423 -3.64245
-3.64549 -3.64557
-3.63631 -3.63548
-3.6444 -3.64433
-3.62179 -3.62093
-3.64538 -3.64545
-3.63321 -3.63244
-3.64152 -3.64115
-3.63431 -3.63376
-3.62591 -3.62511
-3.64425 -3.64415
-3.64483 -3.64484
-3.64448 -3.64444
-3.64524 -3.6452
-3.6268 -3.62601
-3.64499 -3.6446
-3.62254 -3.62167
-3.6437 -3.64407
-3.69205 -3.69201
-3.69138 -3.69223
-3.68895 -3.68965
-3.69111 -3.69172
-3.6914 -3.69207
-3.68876 -3.68954
-3.6905 -3.69091
-3.69029 -3.6907
-3.69014 -3.69107
-3.68996 -3.69065
-3.68713 -3.68617
-3.68717 -3.68604
-3.68404 -3.68467
-3.68336 -3.68284
-3.68517 -3.68511
-3.68446 -3.68437
-3.68478 -3.68461
-3.68277 -3.68253
-3.684 -3.68419
-3.68419 -3.68476
-3.66391 -3.66445
-3.66823 -3.66706
-3.66251 -3.66317
-3.6697 -3.66953
-3.66808 -3.66865
-3.65761 -3.65656
-3.66366 -3.66261
-3.66784 -3.6669
-3.66491 -3.66405
-3.66482 -3.66496
-3.63369 -3.63324
-3.63485 -3.63431
-3.63291 -3.63221
-3.63828 -3.63822
-3.63128 -3.63078
-3.63255 -3.63287
-3.63505 -3.6342
-3.63185 -3.63205
-3.63795 -3.63644
-3.63228 -3.63241
-3.60939 -3.6095
-3.60746 -3.60616
-3.61419 -3.6143
-3.6045 -3.60562
-3.60532 -3.60363
-3.60939 -3.60923
-3.59815 -3.5979
-3.60672 -3.60588
-3.60591 -3.60528
-3.60742 -3.60836
-3.58806 -3.58561
-3.5819 -3.58053
-3.57865 -3.5779
-3.59106 -3.59024
-3.58081 -3.5815
-3.58662 -3.58725
-3.57843 -3.5774
-3.58515 -3.58487
-3.58365 -3.58417
-3.58289 -3.58245
-3.55417 -3.5527
-3.56273 -3.56279
-3.56483 -3.56319
-3.56346 -3.56282
-3.55999 -3.5591
-3.56111 -3.56373
-3.56533 -3.56446
-3.56708 -3.56624
-3.56326 -3.56266
-3.55303 -3.55146
-3.53708 -3.5368
-3.53926 -3.54054
-3.53384 -3.5332
-3.52335 -3.52081
-3.53551 -3.53491
-3.54736 -3.54567
-3.53862 -3.53744
-3.53973 -3.53785
-3.54007 -3.53913
-3.60957 -3.60873
-3.6154 -3.61556
-3.62016 -3.61972
-3.62136 -3.62021
-3.61579 -3.61476
-3.62759 -3.62849
-3.61936 -3.61793
-3.62144 -3.62132
-3.62278 -3.62409
-3.61792 -3.61784
-3.6148 -3.61665
-3.61867 -3.62045
-3.61184 -3.61423
-3.62101 -3.62224
-3.61445 -3.61494
-3.61047 -3.61106
-3.60398 -3.60534
-3.61283 -3.61362
-3.6175 -3.61873
-3.61702 -3.61826
-3.55458 -3.55547
-3.61813 -3.61778
-3.56882 -3.56731
-3.57209 -3.57096
-3.56906 -3.56911
-3.56719 -3.56676
-3.61207 -3.61263
-3.61772 -3.61761
-3.61668 -3.61777
-3.57103 -3.56946
-3.615 -3.61499
-3.61373 -3.61343
-3.61949 -3.61973
-3.57091 -3.5698
-3.61959 -3.61919
-3.61675 -3.61646
-3.61515 -3.61492
-3.57497 -3.57367
-3.56836 -3.56863
-3.56815 -3.56844
-3.56562 -3.5648
-3.56044 -3.55953
-3.61064 -3.61089
-3.56592 -3.56721
-3.56755 -3.56812
-3.60897 -3.61032
-3.56497 -3.56716
-3.56687 -3.56731
-3.60519 -3.60646
-3.56348 -3.56265
-3.61115 -3.61154
-3.56786 -3.56878
-3.56523 -3.5645
-3.61219 -3.61308
-3.60866 -3.60912
-3.6213 -3.62385
-3.6166 -3.6177
-3.60901 -3.6103
-3.56244 -3.56416
-3.56362 -3.56435
-3.612 -3.61397
-3.57409 -3.579
-3.66166 -3.65593
-3.59065 -3.58755
-3.69547 -3.69479
-3.60287 -3.60097
-3.60389 -3.60358
-3.67637 -3.67396
-3.6053 -3.60538
-3.69789 -3.69821
-3.59684 -3.59762
-3.60272 -3.60208
-3.59421 -3.59805
-3.68872 -3.68833
-3.62864 -3.62704
-3.6907 -3.69234
-3.60137 -3.60453
-3.69702 -3.69627
-3.57386 -3.57539
-3.60213 -3.59698
-3.6001 -3.60023
-3.59005 -3.59396
-3.59711 -3.60285
-3.58503 -3.58734
-3.57499 -3.57166
-3.56533 -3.56685
-3.59289 -3.59613
-3.58725 -3.59523
-3.56726 -3.56705
-3.59062 -3.58785
-3.61721 -3.62263
-3.70141 -3.70189
-3.70207 -3.70229
-3.70076 -3.70057
-3.70267 -3.70236
-3.69827 -3.69833
-3.70018 -3.70057
-3.70304 -3.70343
-3.6994 -3.69952
-3.70248 -3.70293
-3.7013 -3.70131
-3.70238 -3.70252
-3.70243 -3.70286
-3.69888 -3.69955
-3.70292 -3.70361
-3.70287 -3.7028
-3.70309 -3.70355
-3.70207 -3.70224
-3.70353 -3.70389
-3.69893 -3.69861
-3.70245 -3.70313
-3.69099 -3.69161
-3.68794 -3.68858
-3.69136 -3.69212
-3.6904 -3.69042
-3.68948 -3.68982
-3.69039 -3.69047
-3.68848 -3.68915
-3.6902 -3.69159
-3.69178 -3.69292
-3.68871 -3.68905
-3.68608 -3.68643
-3.68441 -3.6841
-3.68375 -3.68327
-3.68597 -3.68587
-3.68469 -3.68525
-3.68329 -3.68283
-3.68611 -3.68629
-3.68383 -3.68439
-3.68433 -3.68411
-3.68248 -3.68323
-3.66779 -3.66818
-3.6645 -3.66368
-3.66704 -3.66672
-3.66205 -3.66137
-3.66474 -3.66381
-3.66512 -3.66509
-3.66251 -3.66216
-3.66309 -3.66339
-3.66459 -3.66483
-3.66043 -3.66051
-3.63532 -3.63582
-3.63795 -3.63742
-3.63885 -3.63905
-3.63141 -3.63057
-3.63182 -3.63229
-3.63674 -3.63587
-3.63222 -3.63323
-3.63944 -3.63871
-3.63285 -3.63154
-3.63277 -3.63181
-3.61142 -3.6115
-3.60825 -3.60733
-3.60806 -3.60652
-3.61071 -3.6106
-3.6028 -3.60261
-3.60804 -3.6074
-3.60873 -3.60879
-3.60282 -3.60078
-3.61061 -3.61099
-3.60643 -3.60559
-3.58265 -3.5826
-3.57937 -3.5779
-3.58215 -3.57995
-3.58096 -3.57949
-3.58259 -3.58276
-3.57971 -3.58053
-3.58112 -3.58068
-3.58396 -3.5851
-3.57944 -3.5787
-3.57681 -3.5746
-3.55663 -3.55639
-3.56196 -3.56221
-3.55223 -3.55248
-3.55285 -3.54986
-3.55268 -3.55168
-3.56148 -3.56083
-3.56039 -3.56023
-3.56263 -3.56184
-3.55885 -3.55926
-3.56141 -3.56069
-3.53044 -3.52907
-3.53446 -3.53368
-3.53388 -3.53219
-3.54099 -3.54016
-3.53715 -3.53666
-3.54849 -3.54867
-3.53242 -3.52993
-3.53606 -3.53532
-3.53773 -3.5369
-3.53899 -3.53887
