0.491794 0.459179 0.477511 -0.0356757 0.0482102 -0.0397112 0.493853 0.45786 0.472414 -0.0398588 0.0478158 -0.0404388
0.519778 0.468315 0.49184 0.022128 0.0670892 0.0267929 0.524542 0.458668 0.490102 0.0302711 0.0671501 0.0259524
0.452592 0.534573 0.430968 -0.0108301 -0.00469604 -0.00975174 0.445929 0.528378 0.430916 -0.0161442 0.00245853 -0.0146398
0.446023 0.423567 0.439393 -0.0147039 -0.0419417 0.0365575 0.452919 0.425389 0.437958 -0.0154443 -0.0456882 0.0425336
0.480152 0.466124 0.457052 0.0167122 -0.0234532 -0.0350823 0.498069 0.476984 0.45027 0.0171437 -0.0242755 -0.0440118
0.489716 0.527492 0.529205 -0.0248309 -0.00188261 -0.0188229 0.49634 0.532207 0.526141 -0.0211527 0.00426541 -0.0162742
0.38201 0.412543 0.43759 -0.0227746 -0.0201894 -0.017152 0.379662 0.408609 0.433422 -0.0269522 -0.0146883 -0.0147941
0.363209 0.429221 0.38191 0.00074925 -0.0284869 -0.0245903 0.357203 0.433841 0.387412 -0.00833175 -0.0289762 -0.0272347
0.466533 0.43621 0.468141 -0.00880181 0.0272148 0.00158301 0.473086 0.440252 0.464531 -0.00847351 0.0345547 0.00120636
0.434456 0.438267 0.483643 0.0105859 -0.0127146 -0.0462982 0.442545 0.454861 0.486716 0.00938368 -0.00968043 -0.0457941
0.467458 0.448558 0.457765 0.000318944 0.00177621 -0.0445765 0.477016 0.448772 0.455543 -0.00638043 0.00927012 -0.0418012
0.556108 0.506535 0.46989 0.0153179 0.0184893 -0.00892614 0.554521 0.502294 0.463961 0.0126509 0.0156128 -0.0132553
0.458651 0.447379 0.441878 0.00451971 0.0150006 0.00762302 0.471427 0.462012 0.440237 0.00683932 0.0121714 0.00178921
0.424289 0.42492 0.473268 0.0217798 -0.00236622 0.00501915 0.431747 0.438046 0.472825 0.0297194 -0.000666469 0.0054045
0.365546 0.365409 0.423001 -0.00144124 -0.0357395 -0.0268993 0.36779 0.372695 0.419539 0.00577564 -0.0375386 -0.0259482
0.415646 0.359281 0.403827 -0.035535 0.0151835 -0.0357211 0.420799 0.370034 0.405254 -0.0383461 0.0115225 -0.0317232
0.484316 0.455256 0.455772 -0.0163186 -0.0295695 -0.00179495 0.486674 0.469593 0.472349 -0.0198254 -0.0301031 0.0035296
0.443418 0.385596 0.398665 0.014164 0.000266161 -0.0438228 0.449739 0.393246 0.413958 0.0134594 -0.00291399 -0.0432313
0.409434 0.334309 0.378635 -0.00955087 -0.0156215 0.010145 0.407984 0.341726 0.380022 -0.0122662 -0.0115208 0.0138574
0.445493 0.510425 0.432759 -0.00190146 -0.0302759 -0.0272616 0.45288 0.515267 0.442991 -0.0132451 -0.0309982 -0.0307311
0.362494 0.422008 0.492537 0.00289416 -0.00220081 -0.0100901 0.365508 0.425342 0.494485 0.00239638 0.00418316 -0.0163212
0.448713 0.406421 0.435677 -0.0262943 -0.0111662 -0.0222741 0.445978 0.409694 0.427018 -0.0301133 -0.00738495 -0.0260281
0.416379 0.352538 0.441568 0.0245428 0.0422219 -0.0409747 0.41348 0.352254 0.434274 0.0228333 0.044718 -0.0374573
0.444221 0.387841 0.389147 0.0278949 0.0178654 -0.00860763 0.441913 0.386659 0.390883 0.029703 0.0251255 -0.00672989
0.468649 0.505247 0.491634 -0.0454922 0.00767675 -0.00672122 0.461459 0.496764 0.491789 -0.0468247 0.0145941 -0.00609167
0.516681 0.62925 0.493709 0.0227548 0.00652116 0.0187732 0.511886 0.619125 0.483635 0.0219245 0.0168807 0.0176467
0.515935 0.49435 0.514719 0.0456863 0.0131435 0.00331002 0.5126 0.495605 0.515486 0.0403159 0.00679579 0.00457754
0.461891 0.471137 0.444704 -0.00562523 -0.0358836 0.0244792 0.471124 0.472473 0.448868 -0.00766916 -0.0313196 0.0192235
0.457283 0.447735 0.403036 0.00546527 -0.039328 -0.00603396 0.467336 0.446957 0.404581 0.00476166 -0.0407844 0.000465671
0.452499 0.404756 0.460009 0.0204204 0.00905039 0.0540496 0.460218 0.400898 0.449966 0.0169888 0.012626 0.0547128
0.435462 0.396855 0.437292 -0.0441372 -0.00497823 0.0149533 0.445083 0.400996 0.443214 -0.0499949 -0.00672582 0.0172438
0.487878 0.446063 0.460692 -0.051089 -0.00345758 -0.0144513 0.499476 0.446882 0.448508 -0.047705 -0.0130105 -0.0144109
0.452436 0.446394 0.470688 -0.0254274 0.0395393 0.0435262 0.453179 0.45177 0.4781 -0.0256168 0.040128 0.046099
0.457583 0.437709 0.441013 -0.0296789 -0.0329228 0.00972324 0.456359 0.428385 0.442856 -0.0317537 -0.0327825 0.00807983
0.503704 0.424157 0.397099 0.0328234 -0.00422923 -0.0190046 0.497803 0.417281 0.390835 0.0301588 -0.00240576 -0.0126719
0.413698 0.433384 0.412811 -0.000906464 0.0175284 -0.0431974 0.410684 0.438268 0.423373 -0.00232603 0.020277 -0.0362753
0.427369 0.346156 0.399825 -0.0184993 -0.0593971 -0.0431647 0.433355 0.359671 0.402355 -0.0132808 -0.0613592 -0.0377653
0.43944 0.388533 0.502229 -0.0237587 0.0228475 -0.0386605 0.430757 0.393689 0.505054 -0.0242779 0.0245665 -0.0426957
0.528075 0.447665 0.587699 0.0263995 -0.00366125 0.0298278 0.512122 0.446255 0.578286 0.0242417 -0.00171864 0.0307368
0.458791 0.402807 0.449191 -0.0433274 0.00827581 -0.0157877 0.454532 0.3987 0.443928 -0.0439254 0.00814646 -0.0208365
0.496486 0.406243 0.466288 -0.0126001 0.00355888 -0.0214362 0.495206 0.399635 0.466459 -0.0152428 0.00550806 -0.0283782
0.416365 0.411014 0.451403 0.0261645 -0.0191496 0.021982 0.409966 0.412614 0.447323 0.0259103 -0.0157398 0.0268122
0.447353 0.421685 0.463178 -0.00541436 -0.042852 0.00215737 0.438219 0.419815 0.466068 -0.00710277 -0.033397 0.0037412
0.455593 0.396518 0.372146 -0.0183822 -0.0329505 -0.00794323 0.45598 0.389634 0.386525 -0.0139735 -0.0297842 -0.00928088
0.510554 0.406109 0.468298 -0.0124033 -0.0262972 0.0183868 0.511934 0.41198 0.460957 -0.0101693 -0.0265485 0.0224282
0.40828 0.365794 0.40276 -0.0179112 0.0229228 0.0111803 0.401907 0.356422 0.401654 -0.0214863 0.0199587 0.0172934
0.330398 0.427444 0.395291 0.0306394 0.0548512 -0.0259818 0.325838 0.434839 0.393868 0.030475 0.0485165 -0.0255679
0.426352 0.432048 0.438474 -0.018453 -0.0240886 -0.0279713 0.425209 0.436105 0.440555 -0.00674213 -0.0213253 -0.0290699
0.409237 0.443408 0.408211 -0.0129858 -0.02935 -0.0125055 0.406738 0.440484 0.400644 -0.00151795 -0.0237232 -0.0195912
0.449686 0.439313 0.40873 -0.00683461 0.00735173 -0.0225722 0.457791 0.427964 0.408336 -0.00955828 0.00245516 -0.0279712
0.614489 0.51969 0.715464 -0.284379 0.160581 -0.197495 0.617166 0.523667 0.725763 -0.298269 0.157362 -0.197367
0.519725 0.465642 0.483563 0.0269142 -0.128859 0.118391 0.509941 0.462832 0.484906 0.0193631 -0.120371 0.115618
0.79336 0.555158 0.733606 -0.0994257 -0.221242 0.317982 0.785123 0.572344 0.736852 -0.119461 -0.240382 0.32524
0.50394 0.53682 0.592898 0.253673 -0.200169 0.160947 0.510605 0.54355 0.594224 0.251475 -0.191089 0.158254
0.840097 0.841114 0.851697 0.436235 0.254559 0.198742 0.836354 0.863295 0.86777 0.451099 0.258893 0.22744
0.479571 0.589626 0.525735 0.0697028 -0.162217 -0.197945 0.491213 0.593123 0.533243 0.0716724 -0.165022 -0.200177
0.706505 0.621319 0.702155 -0.174373 -0.106233 0.241191 0.696068 0.621418 0.699333 -0.184953 -0.104967 0.252657
0.419221 0.477431 0.393439 0.0610543 0.00937273 0.125607 0.413968 0.480468 0.385694 0.0551343 0.00904489 0.127714
0.648483 0.742688 0.511523 -0.0643134 -0.219326 -0.0449073 0.646578 0.741584 0.499701 -0.0626769 -0.217289 -0.0458232
0.74495 0.777087 0.629519 -0.101799 -0.33033 0.313258 0.726805 0.777031 0.615871 -0.0968724 -0.342005 0.319866
0.512859 0.458243 0.580406 -0.0444554 -0.0373541 0.0167145 0.513591 0.453142 0.581157 -0.056578 -0.0387897 0.0170067
0.697576 0.537033 0.598984 0.0944747 -0.0706259 -0.108054 0.699537 0.514922 0.61953 0.117544 -0.0867119 -0.113126
0.709371 0.875198 0.905807 0.497435 -0.114431 0.0817815 0.727524 0.897878 0.903474 0.507388 -0.11485 0.0942329
0.365529 0.405879 0.385543 -0.00496752 0.0450833 0.236452 0.361558 0.393452 0.391262 0.00138416 0.0375404 0.228664
0.446236 0.481806 0.433709 -0.0951059 -0.148166 -0.065701 0.464362 0.489569 0.430167 -0.0935728 -0.150541 -0.0594678
0.469967 0.503706 0.438308 -0.0374223 -0.310479 -0.0752484 0.469095 0.497615 0.428782 -0.0320998 -0.308283 -0.0689004
0.496919 0.572651 0.662262 0.249782 0.0571458 0.106289 0.484593 0.594949 0.673017 0.258155 0.0621976 0.0999039
0.63287 0.644142 0.764477 0.0993542 0.393841 0.213484 0.635408 0.63742 0.764431 0.0940839 0.399808 0.201613
0.469261 0.555968 0.570514 -0.054993 -0.122004 -0.0622365 0.469086 0.548924 0.560924 -0.0518175 -0.123895 -0.0647554
0.516346 0.571925 0.415386 0.131755 0.163409 0.141836 0.508601 0.57415 0.390749 0.135736 0.155164 0.129023
0.355326 0.358859 0.369175 0.151326 0.232443 0.0433158 0.353773 0.365553 0.363541 0.1455 0.239491 0.0454981
0.429252 0.519202 0.464236 0.240414 -0.0154385 0.0721548 0.431976 0.517587 0.46149 0.238768 -0.00891074 0.0664818
0.82972 0.726265 0.857845 0.244104 -0.107342 -0.00232097 0.814701 0.723197 0.821493 0.249268 -0.0950929 -0.00500261
0.333225 0.335215 0.356766 0.0240621 -0.0823147 -0.0383971 0.331472 0.335143 0.364124 0.0338027 -0.0796434 -0.0335154
0.96735 0.953735 1.00192 0.069236 0.108191 0.660765 0.992688 0.932643 1.01163 0.0933144 0.110695 0.685945
-0.170741 -0.17344 -0.174836 -9.17842e-09 9.11212e-09 4.30377e-09 -0.180569 -0.178382 -0.167294 0 -0 0
0.292009 0.297784 0.290511 3.23e-08 6.23396e-08 -1.0271e-08 0.298517 0.287291 0.295527 0 0 -0
0.352269 0.349604 0.349678 -5.99624e-08 -7.78487e-08 -9.31861e-08 0.345704 0.35287 0.353143 0 0 0
0.434085 0.433498 0.432379 -5.0547e-08 -6.92772e-08 -7.8501e-08 0.433446 0.436348 0.434995 0 0 0
0.252105 0.263237 0.255736 -1.95617e-08 -6.96944e-09 3.33048e-08 0.245588 0.273361 0.242553 0 0 0
0.346 0.358797 0.345759 3.18999e-08 -5.77228e-09 1.20135e-08 0.355295 0.339796 0.354877 0 0 -0
0.0959209 0.0894575 0.102866 2.27916e-08 -4.91007e-08 -4.859e-08 0.0774467 0.077032 0.114711 0 -0 0
-0.22945 -0.227063 -0.227258 -7.62414e-09 1.50666e-09 -3.42938e-08 -0.2178 -0.240877 -0.240644 0 0 0
-0.0324874 -0.0328301 -0.0291105 -3.78774e-08 3.47056e-08 -4.63225e-09 -0.0272056 -0.0380904 -0.0420233 -0 0 0
0.426285 0.415059 0.41138 -3.20426e-08 1.32611e-08 -7.91866e-08 0.408277 0.424523 0.419767 0 0 0
0.140596 0.14038 0.143284 4.53092e-09 2.2575e-08 -2.40587e-08 0.142209 0.140022 0.134074 0 0 0
0.677345 0.674849 0.674577 5.48055e-09 -1.53951e-10 7.30174e-08 0.686432 0.681745 0.678839 0 0 0
-0.0606647 -0.0610435 -0.0527644 3.77358e-09 -1.3804e-08 -2.43814e-08 -0.0557185 -0.0569761 -0.0671373 0 0 0
0.477071 0.481083 0.486988 9.96102e-08 1.35816e-08 8.66206e-09 0.487039 0.491546 0.476499 -0 0 0
0.276207 0.269446 0.268042 1.0675e-08 4.50612e-08 -3.5872e-08 0.268408 0.279831 0.27693 0 -0 0
0.458999 0.457597 0.453059 8.19414e-08 1.20839e-07 -1.21172e-07 0.46877 0.451829 0.456885 0 0 -0
0.613032 0.610954 0.611998 -4.17676e-08 1.22773e-09 9.04663e-08 0.611581 0.619025 0.620789 0 0 0
0.149269 0.150886 0.150072 5.9049e-08 1.02787e-08 -3.80135e-08 0.145583 0.14326 0.155804 0 0 0
0.110579 0.109765 0.109528 3.77265e-08 -1.0118e-07 -1.53746e-09 0.105374 0.108781 0.109133 0 0 0
0.134721 0.134718 0.137044 -2.63631e-08 -3.27775e-08 -1.09478e-08 0.134989 0.134875 0.128525 -0 0 0
0.0726315 0.0772364 0.0714668 -5.7672e-08 5.36969e-08 4.83792e-08 0.0769395 0.0660744 0.0716078 0 0 0
0.598453 0.594915 0.598766 5.59736e-08 2.14583e-08 6.51403e-09 0.607063 0.601643 0.595968 0 0 0
0.0930401 0.104475 0.104894 -5.07249e-08 2.67449e-09 4.2987e-08 0.0879526 0.0833863 0.115451 0 0 -0
0.668081 0.662256 0.663138 4.26013e-09 -8.52281e-08 5.78866e-09 0.677742 0.668661 0.667298 0 0 0
-0.174158 -0.173252 -0.171181 -1.55919e-08 -3.59878e-08 -1.85692e-08 -0.171204 -0.174475 -0.178621 0 0 0
0.0572878 0.00969157 0.0307638 0.00942161 0.0120286 0.0147817 0.0589898 0.00687377 0.0314435 0.0105006 0.00748173 0.012436
0.040436 0.0128534 0.0170871 0.000209044 0.00803201 -0.013559 0.0418313 0.00548645 0.014592 0.0012484 0.00383685 -0.0121875
0.0146282 0.0148124 0.0335706 -0.00799902 0.0146768 0.00640568 0.00800546 0.0187456 0.0279598 -0.00737083 0.0124776 0.00677049
0.0243475 0.031772 0.030994 -0.0088007 0.00608238 0.00254107 0.02106 0.0301729 0.0247506 -0.0046167 0.00201469 0.00753012
0.0221285 0.0105707 0.00806978 0.0154099 0.0294067 -0.00194902 0.0224803 0.00759204 0.00664796 0.0163148 0.0282773 -0.00471497
0.0051687 -0.0163501 0.0233597 -0.0126627 -0.00801696 0.00964159 0.000295988 -0.0127507 0.0188854 -0.00950827 -0.0075546 0.013716
0.044309 0.0212122 0.0327008 0.00907559 0.0117453 0.000550713 0.044642 0.0212311 0.0261276 0.0125274 0.00905799 -1.9321e-05
0.0149668 0.010456 0.0346806 0.0150558 0.0119467 0.0212162 0.010757 0.00746204 0.0293294 0.0158106 0.0133363 0.022473
0.034244 0.000407813 0.0190564 0.00462032 0.0199456 0.0184408 0.034228 0.00147444 0.0204877 0.00809497 0.019215 0.0166585
0.0141053 0.0117579 0.0166792 0.0209872 0.00274022 0.00783638 0.011399 0.0102531 0.0136956 0.0218155 -0.00190062 0.00915164
0.0377147 0.0510928 0.0155287 0.00224133 -0.000928431 0.00771655 0.0368725 0.0497764 0.00734068 -0.000555864 -0.00249747 0.0117462
0.017201 0.0348591 -0.022284 0.00232519 -0.015065 -0.00804649 0.0137578 0.0357153 -0.0235905 0.0027562 -0.0158409 -0.00752938
0.0615143 0.0672321 0.0301713 -0.00667351 -0.00626105 0.0223136 0.0546604 0.0593723 0.0179874 -0.00562738 -0.00599673 0.0284289
0.0610606 0.0214756 0.0343779 -0.0116707 -0.00406502 0.000373989 0.062073 0.0236732 0.0335825 -0.0163966 -0.0114124 0.000507747
0.0715574 0.077857 0.0444085 0.00374527 -0.00930566 0.00848989 0.0659975 0.0762861 0.0394346 -0.00208636 -0.0099196 0.0116669
0.0303085 -0.0033153 -0.00223719 -0.0296322 -0.00188177 -0.023564 0.0328336 0.00685565 -0.00126772 -0.0298 0.00183991 -0.0204346
0.0366104 0.0229488 -0.00768084 0.0146091 0.012899 -0.00425512 0.0294669 0.0276381 -0.0177429 0.01374 0.0100376 -0.00692182
0.00888967 -0.00149012 -0.02712 -0.0183399 0.0108869 -0.00552955 0.0082737 0.00793383 -0.0243486 -0.0167428 0.0095742 -0.00548839
0.000624556 0.041614 0.0103851 0.0084932 -0.0281052 0.00300144 -0.00159426 0.0431426 0.00590086 0.00328645 -0.0304928 0.00170179
0.00185954 0.0423023 -0.000662022 0.00410205 0.00526061 0.00367885 -0.00159849 0.0512565 -0.00376784 -0.000330802 0.00354043 0.00687404
-0.00380191 -0.0162443 -0.0161694 -0.0100914 0.0145219 0.0201299 -0.00809089 -0.00696787 -0.0129518 -0.00982571 0.0161883 0.0204187
-0.0194692 0.00899409 -0.00812947 -0.0382706 0.00744526 0.00457583 -0.0158464 0.00726324 0.00153506 -0.0390613 0.00422988 0.0120871
0.0186338 -0.00127668 -0.0262541 -0.0347028 -0.0194889 0.00129634 0.0184413 -0.00346614 -0.0276514 -0.0388461 -0.0172206 0.00504358
-0.0104741 -0.0213841 -0.0390696 0.0168533 -0.0173991 -0.00217888 -0.0116021 -0.0136703 -0.0456799 0.0191284 -0.0155466 -0.0020971
0.00450541 -0.00773859 0.0247335 -0.0172584 0.0216504 -0.0169788 0.00717713 0.00469982 0.0227665 -0.00823105 0.0166307 -0.0197132
0.00473575 0.00732663 0.00657336 -0.0232812 0.00424725 0.0233398 0.00295694 0.00427938 0.00923293 -0.0272297 0.00158747 0.029684
0.00294935 -0.000130993 0.0352174 -0.0139232 -0.0115326 -0.0078545 -0.00808111 0.00187596 0.0339569 -0.0123669 -0.0148798 -0.00559438
-0.0372005 -0.0104837 -0.04386 0.0156477 -0.00229019 0.0341926 -0.0339301 -0.0102894 -0.0416294 0.0205274 -0.00283731 0.0313291
-0.00183132 -0.0178373 -0.0146096 0.00545835 0.00695493 0.000437584 -0.00448071 -0.0113041 -0.00480401 0.00335049 0.00305006 0.00145935
0.0279573 9.944e-05 -0.0105708 0.00251991 0.0106349 0.0191707 0.0359829 -4.78395e-06 -0.00260512 0.00297469 0.0056904 0.017887
0.0113143 -0.0199302 0.00030125 -0.021251 -0.00699693 -0.0431361 0.0112759 -0.0167811 0.0109463 -0.0222157 -0.00790349 -0.0462465
-0.0215515 -0.0667149 -0.0143763 0.0200579 -0.000931543 -0.0140555 -0.0155415 -0.0659603 -0.0100511 0.0137789 -0.00573306 -0.0170389
-0.0393405 -0.0398541 -0.0484275 -0.0235795 0.00287093 -0.00665945 -0.0449921 -0.03348 -0.0437763 -0.0229574 0.0059187 -0.00718593
-0.00729132 0.0235669 -0.0683727 0.00500152 -0.00725444 0.00556915 -0.00939586 0.0276563 -0.0779335 0.00480454 -0.00370525 0.00931762
-0.00337183 -0.0571394 -0.023011 0.00615466 0.0093483 -0.00696215 0.00781809 -0.0580479 -0.0163735 0.00320346 0.00812574 -0.00400725
0.00243661 -0.0470709 0.0198238 0.00274523 0.0288867 -0.022208 -0.000916636 -0.0398777 0.0128827 -1.7284e-05 0.030324 -0.0222268
0.00999764 -0.0346302 -0.0463537 0.0401887 -0.00638861 0.01263 0.00353105 -0.0339527 -0.0395275 0.0465723 -0.00855383 0.0132847
-0.0298634 -0.0395938 0.00349488 -0.00370327 0.0166274 -0.0262781 -0.0256402 -0.0337501 0.0115559 0.00111812 0.00983293 -0.0235534
-0.0418794 -0.0398801 -0.00765069 -0.0206152 0.00040632 -0.00424392 -0.0444696 -0.0331845 -0.00512031 -0.0181285 0.00939793 0.00227509
0.00935546 -0.0141492 -0.0193224 0.0285472 0.0227462 0.00166588 0.0122911 -0.0145377 -0.0175768 0.0231096 0.0282186 -0.00681895
-0.0607037 -0.0590818 -0.0540208 -0.00501801 0.0113831 0.0176349 -0.0615946 -0.0581871 -0.0521398 -0.00697312 0.013734 0.0162102
-0.0130246 -0.022441 -0.0361232 -0.0428944 0.0266178 0.00171512 -0.0139724 -0.0224233 -0.033275 -0.0386177 0.0255622 0.00775867
-0.0764748 -0.0823673 -0.0659542 -0.0268674 -0.00641896 -0.0287241 -0.0711567 -0.0847544 -0.0706285 -0.0292126 -0.00696725 -0.030828
-0.0471367 -0.0925783 -0.0719753 -0.00186353 0.00812731 -0.00182229 -0.0462549 -0.082917 -0.0692941 0.00321515 0.00461793 -0.00892309
-0.0614952 -0.0119982 -0.0480992 -0.000507965 -0.0160124 0.0148945 -0.059473 -0.00917052 -0.0466552 -0.00155401 -0.0197984 0.0193471
-0.0508321 -0.0523863 -0.060897 0.00796205 0.0261813 0.00745579 -0.0425927 -0.0546525 -0.0596395 0.0129505 0.0299786 0.00191287
-0.00673389 -0.0584275 -0.0344668 -0.00969064 0.00248148 -0.00569862 -0.0091316 -0.0582795 -0.0371293 -0.00684244 -0.00184333 -0.00708839
-0.0957703 -0.126334 -0.0533747 -0.0191381 -0.00726331 -0.016253 -0.0976726 -0.130068 -0.0476364 -0.0219824 -0.00536225 -0.0163311
-0.0645924 -0.0156542 -0.0965514 0.00902083 -0.00758764 0.0164818 -0.053798 -0.0103526 -0.0966905 0.00627216 -0.00859679 0.0173787
-0.0353172 -0.0242526 -0.00144492 0.0101715 -0.0313479 0.0017415 -0.0365791 -0.0193383 -0.00234843 0.00811361 -0.0259255 0.00215509
0.0327117 -0.0401107 -0.028262 0.0343945 0.0149119 0.0340312 0.0315991 -0.0407389 -0.0239172 0.0372939 0.0170623 0.0399379
-0.10326 -0.108122 -0.0870717 0.0203368 0.0172388 0.0260433 -0.0982314 -0.104362 -0.0844532 0.0167847 0.0194419 0.0320552
-0.0874819 -0.107112 -0.123338 0.0133049 0.00130933 -0.0220684 -0.0764505 -0.103682 -0.119289 0.0125451 0.00913142 -0.0215874
-0.129751 -0.158064 -0.129142 0.0148754 0.0345003 -0.00821819 -0.121005 -0.155259 -0.128729 0.012803 0.0373716 -0.00949386
-0.0687648 -0.0293246 -0.0940157 -0.0706495 -0.0171102 -0.0168262 -0.0627573 -0.0427374 -0.0955433 -0.0726768 -0.0103589 -0.0103661
-0.0591445 -0.028111 -0.0378348 0.0168173 0.0119389 -0.0239233 -0.051714 -0.0270242 -0.0422779 0.0120276 0.00906463 -0.0204198
-0.0479143 -0.0900457 -0.0497595 -0.00806238 -0.0123852 -0.00214661 -0.0464483 -0.0883288 -0.0451871 -0.008705 -0.0119071 -0.00804213
-0.0889309 -0.148705 -0.13176 -0.0380479 -0.0287987 0.0130322 -0.0862865 -0.135133 -0.134606 -0.0396731 -0.0277632 0.0193626
-0.100655 -0.110487 -0.107549 0.0627333 0.00286359 0.0119808 -0.097168 -0.107299 -0.101869 0.0628973 0.00551676 0.0116084
-0.10091 -0.103177 -0.0767867 -0.00622205 0.0166532 0.0166059 -0.0976177 -0.0985034 -0.0849998 -0.00319481 0.0253124 0.0225834
-0.147257 -0.117415 -0.128347 -0.00226035 -0.0136583 0.0368353 -0.149075 -0.12241 -0.128136 0.000764105 -0.00835651 0.0383102
-0.13455 -0.142759 -0.160458 -0.00564964 -0.00445474 -0.0211748 -0.137398 -0.148749 -0.161613 -0.0103903 -0.0034084 -0.0173139
-0.0616153 -0.0821513 -0.100615 0.00590442 -0.00817446 -0.0480666 -0.0627407 -0.0824413 -0.0998809 0.00216605 -0.0106328 -0.0595544
-0.0594713 -0.0978893 -0.115107 0.000453704 -0.0246557 0.0126793 -0.0522292 -0.0978895 -0.116938 -0.00169315 -0.0317363 0.0117735
-0.106737 -0.050346 -0.0559125 0.0565489 -0.0455327 0.0230679 -0.113055 -0.0478672 -0.055598 0.0555473 -0.0499502 0.0256529
-0.12453 -0.158183 -0.12722 -0.0284168 0.0118089 -0.00985214 -0.130505 -0.163601 -0.121842 -0.021273 0.0147398 -0.0105468
-0.172586 -0.181325 -0.184105 0.00858021 0.0231998 -0.00137814 -0.186758 -0.176423 -0.184392 0.00472222 0.0216104 -0.00609488
-0.158819 -0.137247 -0.158436 -0.0264081 0.0127903 0.00235131 -0.159005 -0.133997 -0.154103 -0.0274713 0.0212327 0.00269574
-0.126393 -0.0699279 -0.149436 -0.0287829 0.0185968 -0.0072786 -0.122617 -0.0695567 -0.142957 -0.0306701 0.0210315 -0.0112802
-0.0563875 -0.120655 -0.134452 -0.0293713 0.0301724 0.0199158 -0.0549875 -0.119837 -0.125124 -0.0251728 0.033267 0.0204937
-0.109069 -0.123414 -0.112783 -0.028522 0.00370722 0.0337038 -0.106177 -0.120741 -0.105228 -0.0325649 0.00486306 0.0400757
-0.106366 -0.111091 -0.125377 -0.00673726 0.0496772 -0.0139381 -0.0957208 -0.116043 -0.117 -0.00730077 0.0514701 -0.0148898
-0.0804267 -0.128635 -0.122307 -0.00767815 0.0137975 0.0344041 -0.0755487 -0.122246 -0.127714 -0.00967707 0.019948 0.0304683
-0.103442 -0.103879 -0.134613 0.00462939 0.0097448 -0.0289825 -0.0939652 -0.096089 -0.115513 0.00396235 0.0106531 -0.033116
-0.113465 -0.0859703 -0.0957828 -6.07682e-05 0.0107458 0.0069251 -0.118866 -0.0817173 -0.0926 -0.000605926 0.0059875 0.00191275
-0.111644 -0.0999225 -0.111987 0.00479386 -0.0207735 0.0103233 -0.109459 -0.0987809 -0.109453 0.00627491 -0.0248546 0.0127736
-0.126414 -0.113669 -0.126683 -0.0286874 -0.00578751 0.00957631 -0.138115 -0.113039 -0.128209 -0.0283837 -0.00631293 0.0115581
-0.103331 -0.164281 -0.0863262 0.053923 0.0017055 0.000745178 -0.0998301 -0.165629 -0.0828882 0.0565148 0.0107544 0.00488546
-0.0832136 -0.186232 -0.122322 0.0154734 0.0314982 0.0263907 -0.0879805 -0.184763 -0.122978 0.024135 0.0281468 0.028348
-0.0677834 -0.07879 -0.0864627 0.0123774 -0.0197889 -0.0163957 -0.0608561 -0.0693584 -0.103801 0.0190128 -0.0208477 -0.0171945
-0.0566645 -0.073823 -0.062198 -0.00567286 -0.0239429 0.0097536 -0.0526782 -0.0652453 -0.0836053 -0.00318254 -0.0221306 0.00580778
-0.0784647 -0.0239765 -0.0789034 0.0302223 0.00564256 -0.000319094 -0.0734231 -0.0155524 -0.0943847 0.0313115 0.0068789 -0.00369346
-0.0637924 -0.0589571 -0.0412452 -0.00960031 0.0315348 0.0126568 -0.0540392 -0.050038 -0.0543705 -0.00938639 0.035995 0.0131634
-0.0408593 -0.0256685 -0.0663787 -0.0054302 -0.0142782 -0.0112274 -0.031921 -0.0141516 -0.0787643 -0.00871024 -0.0163446 -0.0144784
-0.0599741 -0.062033 -0.0412605 -0.0207116 -0.0199286 0.0190354 -0.0469187 -0.0495752 -0.0571619 -0.0261446 -0.0184393 0.0221124
-0.0393803 -0.0385194 -0.0445757 0.00932807 -0.00417037 0.0287071 -0.0288217 -0.0323493 -0.0570982 0.00899315 -0.00916729 0.0289138
-0.087697 -0.0915385 -0.0796412 -0.00829021 -0.0221211 -0.0148975 -0.0829756 -0.0843331 -0.0987348 -0.00964671 -0.0160315 -0.0159609
-0.0423963 -0.0900306 -0.0728535 -0.0230348 -0.0355578 0.000743171 -0.0313403 -0.0831655 -0.0866696 -0.0218483 -0.0346473 -0.00384761
-0.0599356 -0.0792509 -0.0700859 -0.00189531 0.00347536 -0.00473152 -0.0581441 -0.0750213 -0.0879067 0.00296839 0.00205503 -0.00806948
-0.0640989 -0.0412643 -0.0197018 -0.0011471 0.00154497 -0.0131326 -0.0505039 -0.038622 -0.0365201 0.000119765 0.000661258 -0.0121731
-0.067313 -0.0895366 -0.0528723 0.00545951 -0.00725617 0.00339615 -0.0534149 -0.0837075 -0.0604759 0.00337012 -0.00628669 0.00324294
-0.0532741 -0.0481547 -0.0560918 0.00693391 0.0202183 0.00325874 -0.0437793 -0.0412955 -0.0717154 0.0122682 0.0212648 0.0047072
-0.0385158 -0.0472985 -0.0632162 -0.0153373 -0.0175978 0.00393184 -0.0270905 -0.0332534 -0.0852488 -0.0131154 -0.0187126 0.00696146
-0.0713738 -0.0877316 -0.0548237 -0.00073106 -0.0139913 -0.0223825 -0.0646972 -0.0816633 -0.0715811 0.00198059 -0.0102634 -0.0252649
-0.106223 -0.0489101 -0.0628123 -0.00125473 0.035317 -0.00936225 -0.0975364 -0.039704 -0.0755421 0.000252215 0.0392077 -0.00682149
-0.0713754 -0.062681 -0.0846179 -0.00420743 0.00300273 -0.0222332 -0.0612711 -0.0519991 -0.095697 -0.00440956 0.000431493 -0.0219118
-0.0292392 -0.00988865 -0.0408757 0.0113217 0.00299865 0.00183556 -0.0172193 -0.00230503 -0.0510868 0.00884898 0.00445274 0.000348792
-0.0695077 -0.0276457 -0.0389618 0.00966537 -0.012823 -0.00239134 -0.0651707 -0.018211 -0.0572321 0.0102285 -0.0138297 -0.0013894
-0.0653219 -0.0606558 -0.072962 0.021161 -0.00591466 0.0147189 -0.0528861 -0.053936 -0.0905693 0.0204531 -0.00257836 0.00979148
0.527184 0.464717 0.477879 0.0183351 0.0474407 -0.0512559 0.538544 0.465549 0.480832 0.00834161 0.045554 -0.0515612
-0.0501667 -0.00437526 -0.0158314 -0.00556301 0.0402435 0.011526 -0.0421881 -0.000358085 -0.0292978 -0.00830434 0.038829 0.00906364
-0.114728 -0.0985042 -0.0938294 0.00161135 0.00753482 0.00708003 -0.102653 -0.0930504 -0.114611 0.00216929 0.00581707 0.00804939
-0.0726128 -0.108559 -0.0780566 -0.0183219 0.0083309 -0.00803964 -0.060483 -0.097054 -0.0915854 -0.013576 0.00794771 -0.00750159
-0.0601609 -0.0200196 -0.0627648 0.0167248 -0.00123285 0.0284476 -0.0560363 -0.00954831 -0.0738864 0.00805475 0.00170108 0.0248694
-0.0532858 -0.0573018 -0.0962892 0.0136387 0.0195854 -0.00820972 -0.0404444 -0.0469416 -0.118592 0.0168758 0.0151697 -0.00758081
-0.0550434 -0.041625 -0.0842652 0.00951418 -0.0032648 0.0155421 -0.0487791 -0.0340497 -0.0994129 0.00670117 -0.00224495 0.0191443
-0.0572591 -0.0478026 -0.0409174 -0.00814306 -0.0180525 -0.00636279 -0.0454491 -0.0337124 -0.0601011 -0.00937471 -0.0211818 -0.00435332
-0.0613611 -0.0788857 -0.0541886 0.0101871 -0.0024082 0.00270382 -0.0560879 -0.0715934 -0.0717978 0.00613224 -0.00254892 0.00138593
-0.0974625 -0.083813 -0.102972 -0.0125214 -0.00503068 -0.0131089 -0.0873404 -0.0758509 -0.120255 -0.010506 -0.0106237 -0.0148833
-0.07006 -0.0467617 -0.0985229 0.00928038 0.00504708 0.0110151 -0.0568148 -0.0413345 -0.116476 0.00838808 0.00604769 0.0115322
-0.00821092 -0.0368559 -0.0402341 0.00155243 -0.000481969 -0.023221 0.00631254 -0.0337049 -0.0508038 0.00416537 -0.00604178 -0.0215748
-0.0253629 0.00965188 -0.0188118 0.00695064 0.0119491 -0.00514121 -0.0107051 0.0181559 -0.0289141 0.00876556 0.0168128 -0.00341144
-0.111896 -0.0715998 -0.0957016 0.0255931 0.0186037 0.0130137 -0.101682 -0.0591521 -0.108892 0.0243551 0.0215297 0.0151112
-0.0275149 -0.0452733 -0.0397184 0.000906093 -0.0110936 -0.0161393 -0.0201516 -0.0343122 -0.0519214 0.00369863 -0.0125373 -0.0143257
-0.0640284 -0.0367862 -0.0499417 -0.0218502 0.00375844 -0.00317577 -0.0513636 -0.0279149 -0.0629859 -0.017045 0.0117761 -0.00136241
-0.0301706 -0.0322434 -0.0220169 -0.00513061 0.011853 0.0232241 -0.0284642 -0.0272115 -0.0446773 -0.0039519 0.00945614 0.0236763
-0.0695062 -0.0356525 -0.0711275 0.0337805 0.0280187 0.00823303 -0.0602203 -0.0244213 -0.089891 0.0340765 0.0278204 0.0102239
-0.0470126 -0.0331217 -0.0330516 -0.0214583 -0.0151301 0.0130941 -0.041164 -0.0200584 -0.0472636 -0.0145112 -0.0171221 0.015691
-0.0711056 -0.0563897 -0.0737163 0.0082064 0.00199298 0.0256418 -0.0682399 -0.0452909 -0.09998 0.00576166 0.00184785 0.0227197
-0.0771722 -0.0568126 -0.124535 0.0261158 -0.0064389 0.00493356 -0.0597771 -0.040957 -0.143437 0.02789 -0.00116075 0.00204097
-0.036173 -0.082677 -0.0736103 0.00854948 0.00375355 -0.00662964 -0.0209619 -0.069412 -0.0901096 0.00461743 0.0012648 -0.0152171
-0.0641232 -0.0592449 -0.0524706 -0.000970462 -0.0170148 -0.0170138 -0.0490534 -0.0559447 -0.0707865 -0.00462775 -0.0170466 -0.0173017
-0.0653704 -0.0586866 -0.0425016 0.0258315 0.00646185 0.020007 -0.0524903 -0.041905 -0.0574157 0.0317591 0.0031525 0.0206733
-0.0839094 -0.0523932 -0.051121 0.000222111 0.00342394 -0.0162998 -0.0807424 -0.0329994 -0.0652715 0.00112275 0.00821376 -0.0222025
-0.0769484 -0.0643788 -0.0943753 -0.0107762 -0.0063279 0.00512174 -0.065373 -0.0551033 -0.1069 -0.00579869 -0.00822339 0.00535138
-0.0461005 -0.0889255 -0.0566282 0.0253278 -0.0188592 -0.0314518 -0.0403405 -0.0813622 -0.0743775 0.0287026 -0.0169757 -0.0284449
-0.0469267 -0.0478223 -0.0500807 0.0139556 -0.0230307 -0.00700016 -0.0436398 -0.0323414 -0.0701379 0.00802844 -0.0212718 -0.00813322
-0.0737406 -0.0296301 -0.0257349 -0.0289177 -0.00241266 -0.00905082 -0.0647343 -0.0205128 -0.0409281 -0.0286847 0.00154117 -0.00672151
-0.0316262 -0.0406793 -0.0504802 -0.0222501 -0.00773641 -0.0100345 -0.0275405 -0.0277634 -0.0656209 -0.0247908 -0.00456527 -0.0149783
-0.0395319 -0.0337649 -0.0323874 0.0179464 0.0121595 -0.0169113 -0.040526 -0.0233759 -0.0491482 0.0155605 0.00497493 -0.0129699
-0.0650666 -0.0944229 -0.092062 -0.0210753 0.0291182 0.0148527 -0.0550286 -0.082939 -0.113679 -0.0204715 0.0306263 0.0141839
-0.0868372 -0.0923917 -0.112161 -0.0270939 -0.00980901 0.0110852 -0.0776213 -0.0865907 -0.13486 -0.0298343 -0.0104955 0.0110675
-0.073547 -0.0507405 -0.0615247 -0.00778012 -0.00784374 -0.00294494 -0.0618743 -0.0414571 -0.0779963 -0.0102493 -0.00778992 -0.0052053
-0.0388274 -0.0488095 -0.0563487 0.0188506 0.00709388 -0.00756581 -0.0319796 -0.0431659 -0.0745164 0.0213753 0.002295 -0.00739272
-0.0126754 -0.0101842 -0.0661707 -0.00459168 -0.00120515 0.0109545 -0.00850584 0.00108265 -0.0788278 -0.0112988 -0.00392106 0.00668773
-0.0348816 -0.0731814 -0.0382214 -0.0111552 -0.00599292 0.0279373 -0.0222358 -0.066099 -0.0578521 -0.00457136 -0.00907132 0.0331563
-0.0758071 -0.030347 -0.0648021 -0.00511366 0.0356907 0.00959329 -0.071269 -0.0135832 -0.0809865 -0.00453146 0.0365233 0.00738468
-0.0507972 -0.123283 -0.147056 0.0203056 0.0199227 -0.0150688 -0.0359059 -0.111687 -0.16 0.0199741 0.0176394 -0.00751141
-0.0914929 -0.100478 -0.0790238 0.000108829 0.00225879 -0.0342581 -0.0745909 -0.0944512 -0.10351 -0.00133227 0.00661668 -0.031088
-0.0263488 -0.0413083 -0.0781046 0.0132939 0.00597634 0.0475755 -0.01075 -0.0351798 -0.0978618 0.0118904 0.00474176 0.048682
-0.141115 0.0530883 0.0830246 0.108835 -0.191487 0.219764 -0.190231 0.0405067 0.0807725 0.141187 -0.194027 0.270728
0.122335 -0.0762534 -0.0706722 -0.0894516 -0.108941 0.152424 0.130903 -0.0801967 -0.072655 -0.0634417 -0.102388 0.163737
0.133912 -0.0184201 0.105257 0.131552 -0.0860104 -0.165093 0.123735 -0.0271575 0.114594 0.139045 -0.103739 -0.177282
-0.0463931 -0.206264 0.022939 -0.0128247 -0.142674 0.0237459 -0.0391892 -0.225707 0.043955 -0.0156642 -0.141519 0.02626
-0.327136 -0.340917 -0.295653 -0.228306 -0.0586466 0.0181698 -0.304696 -0.324088 -0.263993 -0.246634 -0.0432825 0.0282192
0.402833 0.0606145 -0.0219139 0.0436371 -0.144961 0.101227 0.377417 0.0538625 -0.0211042 0.06644 -0.141422 0.119643
-0.039812 -0.0471653 0.290133 -0.00119143 -0.037732 0.0529953 -0.057705 -0.0703108 0.28123 0.00119 -0.0471458 0.0501308
0.0140349 -0.186837 -0.239084 -0.0815913 -0.00676094 0.109925 0.00940417 -0.198304 -0.249792 -0.0979092 0.00158667 0.0717542
-0.0556896 -0.110958 0.000763262 0.0347913 -0.121447 -0.0289623 -0.0767667 -0.125172 0.0199867 0.03998 -0.128325 -0.03142
-0.322606 -0.238248 0.0894752 0.0601618 0.0664558 0.0888299 -0.290713 -0.229652 0.0925967 0.04998 0.0728058 0.0750092
-0.195546 -0.156872 -0.239642 0.188056 0.0625505 -0.0190375 -0.181956 -0.109219 -0.246768 0.153504 0.0723025 -0.00392583
-0.12348 -0.0915427 0.0602113 0.0739085 0.154743 0.0900511 -0.111267 -0.0965508 0.0326075 0.0859683 0.182414 0.087635
-0.160074 -0.198643 0.0586582 0.0336803 -0.151478 0.0259467 -0.167185 -0.206052 0.0924825 0.0281242 -0.15618 0.0259133
0.0987419 0.0661713 0.0457851 0.169713 -0.0647423 0.0159886 0.0985575 0.0673367 0.0201858 0.178459 -0.0600225 0.0314408
0.00165964 0.0303141 0.0780659 0.0105776 -0.071459 0.0451565 -0.00866083 0.0197142 0.100316 0.0147558 -0.0799867 0.0484417
0.136174 -0.0507746 -0.0892422 0.20478 0.129148 -0.130059 0.129367 0.00516083 -0.0623117 0.159318 0.0998175 -0.124245
-0.0509591 -0.184973 0.0631657 -0.0266654 -0.142154 -0.0132675 -0.0514175 -0.211353 0.0857158 -0.0239342 -0.139702 -0.0129408
-0.0104103 0.199371 0.00666417 0.181058 -0.211021 -0.163145 -0.0336158 0.180908 -0.00805083 0.199996 -0.206926 -0.168733
-0.0559476 -0.0662205 -0.283378 -0.0230873 0.06932 -0.0529065 -0.0675717 -0.0641067 -0.282616 -0.0510333 0.0625917 -0.0613258
-0.28607 -0.183152 -0.0852489 -0.0334922 0.0177573 0.154486 -0.288114 -0.191966 -0.113322 -0.0577325 -0.0214525 0.157566
-0.447848 -0.064531 -0.281006 0.0664814 0.183426 0.151302 -0.471017 -0.11073 -0.211071 0.087625 0.185494 0.170205
-0.157353 -0.151638 -0.0644104 -0.0232046 0.159768 0.0996588 -0.156068 -0.156251 -0.0830075 -0.02291 0.165267 0.08479
0.0757483 -0.27351 -0.272891 0.0900529 -0.171971 -0.0488461 0.0651492 -0.285259 -0.281377 0.0745208 -0.138623 -0.0558975
-0.0999477 0.080678 -0.0755186 -0.0773202 -0.167427 -0.094875 -0.0982592 0.0674 -0.0877 -0.06181 -0.156923 -0.0903
-0.325029 -0.283521 -0.301253 0.155146 0.0848305 0.0630392 -0.298533 -0.292191 -0.299733 0.184801 0.0741725 0.0713808
-0.278247 -0.562481 -0.41605 0.0207783 0.0227451 -0.0592182 -0.296935 -0.565633 -0.365109 0.0273708 0.0340508 -0.0474317
-0.0537016 -0.131958 -0.127551 -0.00157998 0.0935125 0.0845381 -0.0767842 -0.160657 -0.131774 0.00639 0.0857883 0.0888525
-0.00155522 -0.133263 -0.0519497 -0.149087 0.0550645 0.0113272 0.0223517 -0.143495 -0.0171833 -0.135696 0.05947 -0.0337542
-0.157222 -0.141044 -0.16213 -0.151228 -0.0265423 0.0559191 -0.131485 -0.114917 -0.169818 -0.178854 -0.0303333 0.0624633
-0.484949 -0.354135 -0.348108 0.0939475 -0.12739 -0.0332293 -0.480848 -0.341256 -0.353505 0.0771125 -0.117395 -0.0274042
-0.0609193 -0.12825 0.073967 -0.00558949 -0.124081 0.0108111 -0.0726217 -0.145476 0.0972367 0.0045625 -0.129937 0.00801917
-0.0583239 -0.0872525 0.072994 -0.00709253 -0.0960168 -0.00301454 -0.0647708 -0.102466 0.09544 -0.00921583 -0.10341 -0.00227917
-0.0136433 -0.100215 0.0666204 -0.0253886 -0.113152 0.023706 -0.0207433 -0.115321 0.0869942 -0.019245 -0.114593 0.02476
-0.0704237 -0.127823 0.0636093 0.00135709 -0.108573 0.00350582 -0.0752208 -0.143038 0.0848267 0.00131167 -0.11353 0.00353167
-0.0562002 -0.0905287 0.0581568 0.00891308 -0.111146 -0.00299552 -0.0680967 -0.105958 0.0796483 -0.0015575 -0.119738 -0.000808333
-0.0627497 -0.113555 0.059922 0.0222826 -0.11385 0.0178775 -0.073025 -0.128988 0.0883883 0.0243417 -0.117218 0.0144683
-0.0473335 -0.128964 0.0404088 0.00924975 -0.109079 0.00192634 -0.0558025 -0.149269 0.0642467 0.0104517 -0.113157 -0.0007475
-0.0751526 -0.0887888 0.0133429 0.0323022 -0.0867916 -0.02177 -0.0821308 -0.1039 0.0362892 0.0288075 -0.0938017 -0.02584
-0.0425373 -0.120598 0.0509764 -0.00782187 -0.114281 0.011539 -0.0567758 -0.140207 0.0741225 -0.00454167 -0.119261 0.0106392
-0.074282 -0.0945935 0.0412924 0.0294906 -0.101892 -0.00243873 -0.0832125 -0.110202 0.0654258 0.0263467 -0.104412 -0.0026925
-0.0556318 -0.104294 0.0718391 0.0124718 -0.100847 -0.00952362 -0.06881 -0.126423 0.0844858 0.0100192 -0.104032 -0.0086775
-0.0719923 -0.119389 0.0596187 0.00434364 -0.110302 -0.0131881 -0.0770875 -0.130505 0.0858783 0.00191833 -0.11355 -0.0122933
-0.069873 -0.0694112 0.0218217 0.00354344 -0.0938496 -0.0177927 -0.0811833 -0.0924683 0.0424742 0.0030425 -0.101098 -0.0183892
-0.0646861 -0.13375 0.0201467 -0.00639367 -0.106893 -0.000160021 -0.0717592 -0.150486 0.04233 -0.0055375 -0.110354 -9.16667e-06
-0.0279773 -0.107762 0.0611294 -0.00112018 -0.112455 -0.00502481 -0.0379275 -0.127507 0.0804992 0.0039725 -0.115986 -0.00175917
-0.0469765 -0.105565 0.0418176 0.00437359 -0.107624 0.000415469 -0.0553925 -0.116795 0.0668 0.00455667 -0.108775 0.000949167
-0.0628392 -0.116446 0.095487 -0.000456839 -0.132618 0.00564837 -0.0679242 -0.127829 0.120827 -0.0017525 -0.137328 0.00578833
-0.0742808 -0.108774 0.0417392 -0.0108425 -0.0978469 0.00153094 -0.0836458 -0.120198 0.0654625 -0.0076925 -0.09909 -0.000410833
-0.0315213 -0.0917003 0.121069 0.0138514 -0.0968678 0.00876206 -0.0380117 -0.104591 0.141087 0.0119708 -0.103125 0.0102667
-0.0745751 -0.121453 0.0455588 0.0161068 -0.109322 -0.0172891 -0.073225 -0.13445 0.0707008 0.0150875 -0.112177 -0.0143917
0.00668711 -0.00505328 0.00590555 0.0239206 0.0197395 -0.00346015 0.0107726 -0.00425454 0.00190142 0.026386 0.0203322 -0.00264667
0.00247398 -0.0164278 0.0132452 -0.00164453 -0.00898493 0.0081028 -0.000570525 -0.0107267 0.00861299 0.00140207 -0.0126484 0.00599136
0.039322 -0.00300672 0.0269764 0.00245736 0.0081236 0.0040129 0.0393924 -0.00692614 0.0202886 0.00614352 0.00369287 0.00549836
0.0296277 0.0163914 0.0432495 0.0097058 0.00150296 0.00449461 0.0320556 0.0119918 0.0407844 0.0122108 -0.0010633 0.000976975
0.0117997 -0.00291565 0.0147839 0.00619354 0.00470725 0.0103266 0.00874756 -0.00338991 0.0106578 0.00585315 0.00161944 0.0112645
0.0202525 -0.00767865 0.00682376 0.0122426 0.0153486 0.00276758 0.0207121 -0.0117441 0.000653858 0.0154934 0.0151395 0.00305972
0.0446927 -0.0025126 0.0313269 0.00790404 -0.00643206 -0.00287822 0.0381278 -0.00313457 0.0284231 0.011294 -0.00844019 -0.000760401
0.0134413 0.0196663 0.0213607 -0.00683191 0.0102313 0.00821561 0.0120873 0.016513 0.0147503 -0.00372988 0.00265559 0.0100703
0.00358367 0.00845495 0.00398835 0.00959319 0.0229083 -0.000263372 0.00307762 0.0072213 -0.00390062 0.0113818 0.0204173 -0.00141753
0.0434646 -0.0160941 0.0366972 -0.00849195 0.0068291 -0.00372316 0.0427277 -0.0105621 0.034741 -0.00886056 0.00410043 -0.00719232
-0.00781656 0.0197732 -0.0110405 0.0123899 0.0147559 -0.0205859 -0.011395 0.0188479 -0.0204082 0.00792673 0.0144756 -0.0226599
-0.014784 0.00456148 0.0163736 0.00985993 0.00319382 -0.0297315 -0.0164338 0.0132562 0.0108875 0.00543725 -0.000854136 -0.0239883
0.0229266 0.00767326 0.0096871 -0.0238816 -0.000375426 -0.00379141 0.0220528 0.00955806 -0.000411543 -0.0213675 -0.00266664 -0.00295664
0.00352313 0.021817 -0.000738341 -0.000646154 -0.012135 -0.00962459 -0.00414744 0.021355 -0.0120565 -0.00104713 -0.0118784 -0.0102948
-0.0066725 0.0361773 -0.0297986 -0.00116371 -2.18929e-05 -0.0110472 -0.00756377 0.0395621 -0.0405539 -0.00835275 0.000970185 -0.0115412
0.0105109 0.005144 0.0309284 0.00754672 -0.00381095 -0.0147718 0.0057184 0.0130261 0.0292007 0.00954318 -0.00318 -0.0181876
-0.000212794 0.00116493 -0.000995314 -0.0197983 -0.000858065 -0.013329 -0.005675 -0.00229068 -0.0106532 -0.0226133 -0.00587673 -0.00911225
0.0148269 0.03887 0.0226189 -0.0185383 -0.00788829 -0.00466419 0.014166 0.0520086 0.0227233 -0.017375 -0.00418392 -0.00488151
-0.000449105 0.0122181 0.0271531 -0.0137937 0.00576237 -0.00045637 -0.00106321 0.0117152 0.0264184 -0.0134947 0.0056787 0.00397685
0.0256813 0.0125368 -0.0292761 0.0023957 0.0103198 0.00579115 0.022432 0.0109223 -0.035948 0.000492747 0.00933867 0.00997864
0.0365211 0.0277516 0.0351934 -0.0226888 -0.0114494 -0.0382258 0.0337683 0.0283143 0.0453423 -0.023185 -0.0135189 -0.038331
-0.00697554 0.0173667 -0.0373648 0.0331811 -0.0328544 -0.0204179 -0.00273302 0.0194469 -0.0384284 0.0372158 -0.0356069 -0.0219145
0.0157296 -0.0176731 0.0249043 -0.0157141 0.000649898 0.00360074 0.011491 -0.0151122 0.0289255 -0.0127337 -0.000537593 0.00675219
0.00496748 -0.0364112 -0.0183847 0.00781544 -0.0117961 0.0223981 -0.00195059 -0.0379755 -0.0149044 0.0124927 -0.00507213 0.0278448
-0.0217334 -0.0086455 7.51585e-05 -0.00914027 0.0189035 -0.00896172 -0.0145046 -0.00982818 0.00745735 -0.00802951 0.0219455 -0.00325494
-0.0205184 -0.0267521 0.00470165 0.00964412 -0.000562811 0.000230142 -0.0275408 -0.0203847 0.0067684 0.00865349 0.00217636 0.00217988
-0.00548399 -0.0155006 -0.0120073 -0.00885511 -0.00755678 -0.016743 -0.0032467 -0.00676201 0.00294728 -0.0108751 -0.0125534 -0.0200132
-0.0201335 0.0291662 0.0245675 -0.0177096 -0.00887247 0.000475262 -0.0214477 0.0299349 0.0330981 -0.0159515 -0.00398704 0.000751667
0.0127403 -0.00405425 -0.00469175 -0.0316294 0.0174367 0.000735378 0.00732404 -0.00187917 -0.0107681 -0.0358214 0.0144447 0.00290417
-0.010476 -0.0113563 -0.0243597 -0.0190943 -0.00221459 0.00864713 0.00415062 -0.0114128 -0.0219444 -0.020538 -0.0021358 0.0101383
0.000503721 0.00539882 0.00905625 0.00980816 -0.00405511 0.0108665 0.00970688 0.00652157 0.0208227 0.00822133 -0.00426772 0.0148597
-0.0874407 -0.033431 -0.0821901 0.019275 0.0161261 0.0260109 -0.0875423 -0.0232634 -0.0748507 0.0205991 0.0177617 0.0264688
-0.0326423 -0.0680921 -0.064448 -0.0106086 -0.019309 0.0152149 -0.0260311 -0.0604238 -0.0604555 -0.00897966 -0.0150101 0.0164221
-0.0240246 0.0226226 -0.0157572 -0.0136874 -0.00830163 -0.00968751 -0.023993 0.0271584 -0.0131498 -0.0147552 -0.0116643 -0.0100645
-0.0509134 -0.0717856 -0.0612211 0.0398174 0.0013235 -0.00277758 -0.0495054 -0.0715742 -0.0607449 0.0409456 0.00712562 -0.00203747
-0.0186584 -0.00495264 0.018685 -0.0294381 -0.00885126 -0.00424396 -0.0202329 -0.0100569 0.0144602 -0.0298442 -0.0117426 -0.00916994
-0.029757 -0.0571728 -0.0501638 -0.00444606 -0.00105187 0.00056635 -0.0359428 -0.0472187 -0.0471885 -0.00379583 0.00325435 -0.00267096
-0.0430609 -0.0230128 -0.00733328 -0.018835 0.0239114 -0.0221359 -0.0373527 -0.0267793 -0.00237568 -0.0179573 0.0361619 -0.0209647
-0.0150968 -0.00598968 -0.00839735 -0.00338021 0.0111419 -0.0323252 -0.0196461 -0.012811 -0.00592469 0.00169713 0.00693667 -0.031278
-0.0350177 -0.00500022 -0.0623243 0.0350684 0.0027298 -0.0226505 -0.0248515 -0.00370639 -0.0553901 0.0350733 0.00112611 -0.0264313
-0.0304933 -0.0627618 -0.0847031 -0.00766529 0.00941321 0.0120781 -0.0239388 -0.0600663 -0.0777679 -0.00683883 0.0108615 0.00814907
-0.0671949 -0.0754847 -0.0860951 0.0151586 -0.0169204 0.0137024 -0.0563185 -0.0706719 -0.0806169 0.0188746 -0.00973071 0.0150946
-0.0325864 -0.0252829 -0.0136255 -0.0205712 -0.0185214 -0.00411814 -0.0308461 -0.0166096 -0.00216278 -0.0246721 -0.0238167 -0.0111566
-0.0872024 -0.092703 -0.0748883 0.00852164 0.0218918 0.0215265 -0.0789686 -0.0841971 -0.0704124 0.0169709 0.0246383 0.0255363
-0.0302147 -0.0139703 -0.0333125 -0.000413354 0.0246583 -0.00635667 -0.0252294 -0.0102105 -0.0310358 -0.00248654 0.0198186 -0.0135978
-0.0413823 -0.0291978 -0.0272897 0.00809005 0.0199852 -0.00393431 -0.0390516 -0.029873 -0.0226223 0.00983821 0.0235157 -0.00315519
-0.0894934 -0.0879598 -0.0677545 -0.028279 0.0278582 -0.0173594 -0.0890736 -0.0818426 -0.0588366 -0.0303984 0.0289928 -0.0162044
-0.0562873 -0.0325611 -0.0203504 0.0125691 -0.00139168 0.000128036 -0.0570414 -0.0319072 -0.0200538 0.0113488 4.53704e-06 0.000288889
-0.0705809 -0.0423123 -0.0726683 -0.00293512 0.0229336 -0.00675456 -0.0667989 -0.0334437 -0.0668362 -0.00395478 0.0218551 -0.00915586
-0.0939186 -0.0593204 -0.042036 -0.0170625 -0.00507524 0.00317568 -0.0876777 -0.0426982 -0.0409027 -0.013476 0.000632747 0.00535336
-0.0270388 -0.0363211 0.0260223 0.0343275 -0.00114913 -0.0126654 -0.0216098 -0.0346136 0.0310817 0.0388051 7.38889e-05 -0.00523139
-0.0577947 -0.0335238 -0.0447958 -0.027264 -0.00632157 -0.0127595 -0.0594057 -0.0340306 -0.0414671 -0.0325481 -0.00682633 -0.00951046
-0.0371941 -0.102291 -0.0768894 0.00695499 -0.0145339 -0.00622351 -0.0286432 -0.0906676 -0.0783041 0.00414145 -0.0161974 -0.0104641
-0.065933 -0.0850787 -0.0490558 0.0127464 -0.00664146 -0.0276796 -0.0614871 -0.0931138 -0.0426871 0.0129979 -0.0084371 -0.0290848
-0.151149 -0.143705 -0.0866062 -0.0013609 -0.0077173 -0.022056 -0.145634 -0.141528 -0.0804469 0.00324265 -0.0122724 -0.0202817
-0.097532 -0.0841538 -0.136401 0.00426746 -0.00205563 0.0143062 -0.0932144 -0.0915044 -0.136284 0.00732518 -0.00617654 0.0168471
-0.0997663 -0.0821219 -0.035341 0.00409597 -0.0258539 0.0225431 -0.0967131 -0.0873726 -0.0334314 0.00109404 -0.023371 0.0251351
-0.104426 -0.108284 -0.098637 -0.00381127 0.0100792 0.0348521 -0.107409 -0.108526 -0.0901963 -0.00432673 0.0133203 0.0280894
-0.0452303 -0.0657245 -0.0493417 -0.000471188 -0.00385181 -0.000398553 -0.0315261 -0.0625411 -0.0558965 -0.00864682 -0.0110602 -0.000453673
-0.0727181 -0.0353261 -0.0829683 -0.00935507 0.024589 0.00309167 -0.0647966 -0.0280855 -0.0816347 -0.0080512 0.023446 -0.00272716
-0.0695791 -0.137228 -0.0959945 -0.0120666 -0.00117336 0.00320475 -0.0738735 -0.134446 -0.0976157 -0.0202052 -0.000544938 0.000867191
-0.109677 -0.121461 -0.0910012 0.00403779 0.00790455 -0.010444 -0.10864 -0.120511 -0.0882367 -0.00176586 0.00587815 -0.0113053
-0.154622 -0.162973 -0.122185 -0.0111825 0.026778 0.0428227 -0.158086 -0.166129 -0.122526 -0.0043612 0.0319003 0.0410641
-0.142562 -0.193269 -0.129863 -0.0149437 0.0146318 -0.0299371 -0.149023 -0.198661 -0.123165 -0.012495 0.00953481 -0.0298485
-0.0825371 -0.104958 -0.122521 -0.0176157 0.036097 0.0146347 -0.0819149 -0.107763 -0.119749 -0.0273727 0.0346361 0.0184888
-0.18098 -0.138952 -0.141374 -0.00599292 0.00592947 -0.00712258 -0.185527 -0.131306 -0.132527 -0.0107904 0.0088129 -0.0110017
-0.10071 -0.0990712 -0.0641442 -0.00606226 0.0169789 -0.0110815 -0.107268 -0.0968129 -0.0641861 3.14815e-05 0.0184203 -0.00983651
-0.152866 -0.0751979 -0.0363933 0.00665243 -0.0251314 -0.0155875 -0.159243 -0.0790861 -0.037424 0.0106195 -0.0215518 -0.0120208
-0.0861535 -0.0777279 -0.0787482 -0.00438434 0.0332925 -0.0118847 -0.080416 -0.0613715 -0.0814356 -0.00419296 0.0288502 -0.00834812
-0.156154 -0.136427 -0.154206 -0.0118063 0.00288136 -0.0190509 -0.152278 -0.13788 -0.153045 -0.0106124 0.00554025 -0.0219919
-0.142519 -0.0741776 -0.069675 0.00874788 0.0176 0.00940181 -0.138619 -0.0729769 -0.0635291 0.0129712 0.0199182 0.018473
-0.235437 -0.186891 -0.168972 0.0113156 5.22772e-05 0.015113 -0.25288 -0.183137 -0.178846 0.0233602 -0.00422191 0.00590661
-0.124368 -0.137376 -0.163181 0.0228843 0.00368798 0.0451394 -0.122734 -0.13936 -0.159413 0.0167293 0.0116912 0.0466281
-0.0994681 -0.105693 -0.0900035 0.00579059 0.0188091 0.0354215 -0.113975 -0.113073 -0.0887861 0.00385213 0.0212781 0.0390209
-0.13451 -0.181343 -0.177331 -0.00201624 -0.0290824 0.0111976 -0.133044 -0.180659 -0.180764 0.000172562 -0.0319749 0.0103548
-0.223254 -0.0946741 -0.134006 -0.00999361 0.0229452 -0.0272133 -0.223267 -0.0908062 -0.123429 -0.016475 0.0256628 -0.0278447
-0.0852441 -0.0240484 -0.0858278 -0.0325106 0.0456036 -0.0115388 -0.0826455 -0.0171766 -0.0880463 -0.0477732 0.0444273 -0.0213463
-0.159145 -0.187747 -0.16128 0.0347607 0.0130392 -0.00347821 -0.158989 -0.19367 -0.161661 0.0334345 0.0127507 0.000343086
-0.113749 -0.165224 -0.143487 0.0335525 -0.0100188 -0.0311967 -0.128297 -0.16349 -0.14054 0.0274354 -0.0112221 -0.0340176
-0.206509 -0.214625 -0.151321 -0.0271193 0.00452665 -0.00489757 -0.211648 -0.216277 -0.14941 -0.0262359 0.00564583 -0.0130952
