-3.56124 -3.56465
-3.55349 -3.55619
-3.55262 -3.55295
-3.56563 -3.5667
-3.55844 -3.55741
-3.54861 -3.54908
-3.55752 -3.55765
-3.56327 -3.56288
-3.56006 -3.56001
-3.56041 -3.56102
-3.56239 -3.56286
-3.55144 -3.55275
-3.55805 -3.55745
-3.55352 -3.55563
-3.56746 -3.56705
-3.55928 -3.56066
-3.55328 -3.55491
-3.55633 -3.55678
-3.56995 -3.56991
-3.55064 -3.54975
-3.55898 -3.55986
-3.54869 -3.54909
-3.55972 -3.56082
-3.55951 -3.5589
-3.55469 -3.55581
-3.54599 -3.54614
-3.55165 -3.55044
-3.55911 -3.55806
-3.56132 -3.56024
-3.55296 -3.55427
-3.55784 -3.55649
-3.55476 -3.55585
-3.55458 -3.55368
-3.55405 -3.55308
-3.5562 -3.55522
-3.55342 -3.55444
-3.56079 -3.55869
-3.55749 -3.55606
-3.54716 -3.5469
-3.55159 -3.55237
-3.54782 -3.55065
-3.55636 -3.55754
-3.55364 -3.55305
-3.55906 -3.55922
-3.55506 -3.55308
-3.55715 -3.55809
-3.56043 -3.56188
-3.55438 -3.55403
-3.56819 -3.56965
-3.56038 -3.56095
-3.54742 -3.54768
-3.58402 -3.58363
-3.508 -3.50511
-3.56825 -3.56857
-3.49131 -3.4927
-3.5575 -3.55583
-3.52373 -3.52373
-3.6006 -3.60236
-3.54237 -3.54134
-3.52949 -3.52764
-3.57365 -3.57474
-3.56067 -3.56175
-3.49855 -3.49719
-3.60073 -3.60159
-3.59221 -3.59293
-3.58536 -3.58376
-3.55431 -3.55685
-3.52493 -3.52584
-3.58089 -3.57888
-3.5863 -3.59102
-3.61392 -3.61536
-3.58645 -3.58632
-3.49642 -3.497
-3.62014 -3.62179
-3.4644 -3.4647
-3.64362 -3.64397
-3.64078 -3.64046
-3.63875 -3.63846
-3.63525 -3.63486
-3.64183 -3.64144
-3.63887 -3.63831
-3.64494 -3.64456
-3.64216 -3.64245
-3.64546 -3.64557
-3.63614 -3.63548
-3.64441 -3.64433
-3.62147 -3.62093
-3.64533 -3.64545
-3.63305 -3.63244
-3.64147 -3.64115
-3.6342 -3.63376
-3.62569 -3.62511
-3.64427 -3.64415
-3.64486 -3.64484
-3.64451 -3.64444
-3.64524 -3.6452
-3.62661 -3.62601
-3.64494 -3.6446
-3.62229 -3.62167
-3.64362 -3.64407
-3.69222 -3.69201
-3.69236 -3.69223
-3.68906 -3.68965
-3.69204 -3.69172
-3.69175 -3.69207
-3.68867 -3.68954
-3.69074 -3.69091
-3.69114 -3.6907
-3.69071 -3.69107
-3.69069 -3.69065
-3.68658 -3.68617
-3.68714 -3.68604
-3.68462 -3.68467
-3.68363 -3.68284
-3.68523 -3.68511
-3.68325 -3.68437
-3.68512 -3.68461
-3.68282 -3.68253
-3.6841 -3.68419
-3.68466 -3.68476
-3.66386 -3.66445
-3.66788 -3.66706
-3.66296 -3.66317
-3.66881 -3.66953
-3.66783 -3.66865
-3.65671 -3.65656
-3.66301 -3.66261
-3.66717 -3.6669
-3.66469 -3.66405
-3.66491 -3.66496
-3.63383 -3.63324
-3.63487 -3.63431
-3.63249 -3.63221
-3.63752 -3.63822
-3.6315 -3.63078
-3.63307 -3.63287
-3.63517 -3.6342
-3.63216 -3.63205
-3.63772 -3.63644
-3.63174 -3.63241
-3.60913 -3.6095
-3.60759 -3.60616
-3.6135 -3.6143
-3.60469 -3.60562
-3.60519 -3.60363
-3.60898 -3.60923
-3.59777 -3.5979
-3.607 -3.60588
-3.60652 -3.60528
-3.60819 -3.60836
-3.58753 -3.58561
-3.57967 -3.58053
-3.57879 -3.5779
-3.59057 -3.59024
-3.58046 -3.5815
-3.58602 -3.58725
-3.57841 -3.5774
-3.584 -3.58487
-3.58429 -3.58417
-3.5828 -3.58245
-3.55576 -3.5527
-3.56342 -3.56279
-3.56458 -3.56319
-3.56268 -3.56282
-3.55901 -3.5591
-3.56131 -3.56373
-3.56589 -3.56446
-3.56794 -3.56624
-3.5637 -3.56266
-3.55368 -3.55146
-3.53773 -3.5368
-3.53994 -3.54054
-3.53364 -3.5332
-3.52678 -3.52081
-3.53668 -3.53491
-3.54694 -3.54567
-3.52205 -3.52483
-3.53975 -3.53744
-3.54039 -3.53785
-3.54168 -3.53913
-3.67107 -3.67129
-3.67025 -3.67227
-3.67389 -3.67352
-3.67083 -3.67305
-3.67715 -3.67898
-3.67803 -3.67897
-3.67476 -3.67407
-3.6754 -3.67578
-3.67172 -3.67281
-3.67613 -3.67597
-3.69866 -3.69891
-3.69889 -3.69956
-3.69918 -3.69912
-3.69688 -3.69711
-3.69847 -3.69964
-3.69835 -3.69853
-3.69963 -3.70048
-3.69911 -3.69999
-3.69847 -3.69973
-3.69856 -3.69969
-3.64761 -3.64831
-3.64522 -3.64467
-3.65135 -3.65207
-3.64563 -3.64666
-3.64362 -3.64335
-3.64234 -3.64273
-3.65335 -3.65518
-3.64618 -3.64466
-3.65138 -3.65322
-3.64692 -3.64678
-3.59794 -3.5973
-3.60315 -3.5996
-3.60978 -3.60986
-3.59874 -3.59915
-3.60116 -3.60209
-3.59441 -3.5935
-3.59852 -3.59786
-3.60392 -3.6036
-3.59371 -3.5934
-3.59787 -3.59848
-3.69113 -3.69273
-3.68839 -3.6903
-3.68868 -3.68949
-3.68832 -3.68875
-3.68766 -3.69068
-3.68771 -3.68884
-3.68888 -3.69141
-3.68959 -3.69173
-3.69073 -3.69258
-3.68616 -3.68816
-3.57891 -3.58027
-3.57781 -3.57653
-3.57418 -3.57315
-3.57606 -3.57595
-3.5777 -3.57885
-3.57705 -3.57564
-3.57298 -3.5718
-3.57892 -3.57637
-3.57807 -3.57947
-3.57 -3.56698
-3.62498 -3.62405
-3.62014 -3.62077
-3.62268 -3.62294
-3.62648 -3.62755
-3.61831 -3.61737
-3.62488 -3.62464
-3.62077 -3.62103
-3.62407 -3.6253
-3.62503 -3.62529
-3.62291 -3.62342
-3.55063 -3.54938
-3.55941 -3.55912
-3.56709 -3.56562
-3.5608 -3.55991
-3.55851 -3.55708
-3.56577 -3.56488
-3.56442 -3.56263
-3.56301 -3.56319
-3.55461 -3.55366
-3.55755 -3.55537
