0.495554 0.457744 0.47877 -0.03395 0.0483353 -0.0399749 0.493853 0.45786 0.472414 -0.0398588 0.0478158 -0.0404388
0.520991 0.470215 0.494676 0.0283349 0.0683989 0.0252382 0.524542 0.458668 0.490102 0.0302711 0.0671501 0.0259524
0.454179 0.529726 0.431219 -0.0109132 -0.00677799 -0.0086283 0.445929 0.528378 0.430916 -0.0161442 0.00245853 -0.0146398
0.451336 0.429776 0.447455 -0.01441 -0.0427646 0.0378304 0.452919 0.425389 0.437958 -0.0154443 -0.0456882 0.0425336
0.483176 0.469201 0.467229 0.0135411 -0.0217179 -0.0315681 0.498069 0.476984 0.45027 0.0171437 -0.0242755 -0.0440118
0.498615 0.535189 0.531762 -0.0306995 0.000140062 -0.018285 0.49634 0.532207 0.526141 -0.0211527 0.00426541 -0.0162742
0.383503 0.411033 0.441613 -0.0208026 -0.0252975 -0.0104232 0.379662 0.408609 0.433422 -0.0269522 -0.0146883 -0.0147941
0.368575 0.427906 0.381844 0.0044791 -0.0249555 -0.0250804 0.357203 0.433841 0.387412 -0.00833175 -0.0289762 -0.0272347
0.472768 0.440869 0.472068 -0.0134258 0.0248775 0.00997846 0.473086 0.440252 0.464531 -0.00847351 0.0345547 0.00120636
0.443086 0.440094 0.480546 0.0134472 -0.00852717 -0.04879 0.442545 0.454861 0.486716 0.00938368 -0.00968043 -0.0457941
0.46143 0.442591 0.447667 0.00338251 0.00215162 -0.045401 0.477016 0.448772 0.455543 -0.00638043 0.00927012 -0.0418012
0.565837 0.509511 0.475591 0.0143542 0.0152702 -0.009021 0.554521 0.502294 0.463961 0.0126509 0.0156128 -0.0132553
0.45853 0.44842 0.439333 0.0065124 0.0130243 0.00945237 0.471427 0.462012 0.440237 0.00683932 0.0121714 0.00178921
0.424832 0.429785 0.477529 0.0213638 -0.00131392 0.00658375 0.431747 0.438046 0.472825 0.0297194 -0.000666469 0.0054045
0.366318 0.368505 0.424075 0.000249504 -0.0391003 -0.0251256 0.36779 0.372695 0.419539 0.00577564 -0.0375386 -0.0259482
0.421118 0.361673 0.397495 -0.0368253 0.0164371 -0.0324509 0.420799 0.370034 0.405254 -0.0383461 0.0115225 -0.0317232
0.49157 0.464948 0.463664 -0.0168988 -0.0301907 -0.00132012 0.486674 0.469593 0.472349 -0.0198254 -0.0301031 0.0035296
0.447402 0.389157 0.406799 0.0115143 -7.63925e-05 -0.0364899 0.449739 0.393246 0.413958 0.0134594 -0.00291399 -0.0432313
0.417075 0.335452 0.37854 -0.00234922 -0.0169783 0.0110517 0.407984 0.341726 0.380022 -0.0122662 -0.0115208 0.0138574
0.449181 0.512383 0.436232 0.00209276 -0.0328577 -0.0295126 0.45288 0.515267 0.442991 -0.0132451 -0.0309982 -0.0307311
0.375273 0.428992 0.49521 0.0020838 -0.00647041 -0.0117174 0.365508 0.425342 0.494485 0.00239638 0.00418316 -0.0163212
0.441574 0.413078 0.427769 -0.0241633 -0.0101462 -0.0188876 0.445978 0.409694 0.427018 -0.0301133 -0.00738495 -0.0260281
0.420422 0.361674 0.443485 0.0208317 0.0353023 -0.0401451 0.41348 0.352254 0.434274 0.0228333 0.044718 -0.0374573
0.44048 0.381885 0.379414 0.0372547 0.0110301 -0.00683224 0.441913 0.386659 0.390883 0.029703 0.0251255 -0.00672989
0.473807 0.50235 0.478871 -0.0381962 0.00407114 -0.00592359 0.461459 0.496764 0.491789 -0.0468247 0.0145941 -0.00609167
0.502239 0.615944 0.480758 0.0247586 0.00484731 0.0176495 0.511886 0.619125 0.483635 0.0219245 0.0168807 0.0176467
0.506489 0.488623 0.511013 0.0461125 0.0149871 0.00270897 0.5126 0.495605 0.515486 0.0403159 0.00679579 0.00457754
0.46308 0.474815 0.450742 -0.00561136 -0.0400456 0.0217657 0.471124 0.472473 0.448868 -0.00766916 -0.0313196 0.0192235
0.451049 0.44501 0.403678 0.00441212 -0.0393759 -0.00326852 0.467336 0.446957 0.404581 0.00476166 -0.0407844 0.000465671
0.455798 0.40799 0.470646 0.0195393 0.00879126 0.0546516 0.460218 0.400898 0.449966 0.0169888 0.012626 0.0547128
0.43146 0.396752 0.437324 -0.0400715 -0.00201673 0.016895 0.445083 0.400996 0.443214 -0.0499949 -0.00672582 0.0172438
0.485793 0.446148 0.457783 -0.0519561 -6.60503e-05 -0.0141014 0.499476 0.446882 0.448508 -0.047705 -0.0130105 -0.0144109
0.456312 0.44429 0.47302 -0.0238644 0.0385953 0.0426033 0.453179 0.45177 0.4781 -0.0256168 0.040128 0.046099
0.451004 0.426107 0.438339 -0.0290381 -0.032579 0.00865049 0.456359 0.428385 0.442856 -0.0317537 -0.0327825 0.00807983
0.497631 0.419551 0.396725 0.0303651 -0.00920176 -0.0199799 0.497803 0.417281 0.390835 0.0301588 -0.00240576 -0.0126719
0.413604 0.434802 0.418405 -0.00159716 0.0123906 -0.042469 0.410684 0.438268 0.423373 -0.00232603 0.020277 -0.0362753
0.424836 0.351858 0.398179 -0.017482 -0.066395 -0.0419888 0.433355 0.359671 0.402355 -0.0132808 -0.0613592 -0.0377653
0.44406 0.393364 0.495727 -0.0225304 0.0230355 -0.0379484 0.430757 0.393689 0.505054 -0.0242779 0.0245665 -0.0426957
0.524055 0.452806 0.582901 0.0250428 -0.00154202 0.0282268 0.512122 0.446255 0.578286 0.0242417 -0.00171864 0.0307368
0.455503 0.409047 0.443683 -0.0427298 0.0109441 -0.0184807 0.454532 0.3987 0.443928 -0.0439254 0.00814646 -0.0208365
0.483228 0.407075 0.458913 -0.0105927 0.00682147 -0.0234029 0.495206 0.399635 0.466459 -0.0152428 0.00550806 -0.0283782
0.411335 0.412323 0.443903 0.0240902 -0.019136 0.021195 0.409966 0.412614 0.447323 0.0259103 -0.0157398 0.0268122
0.442185 0.413701 0.457667 0.00171636 -0.0412778 0.00100591 0.438219 0.419815 0.466068 -0.00710277 -0.033397 0.0037412
0.455967 0.397022 0.371312 -0.015504 -0.0339463 -0.00484724 0.45598 0.389634 0.386525 -0.0139735 -0.0297842 -0.00928088
0.509096 0.403959 0.465489 -0.010429 -0.0236673 0.0217027 0.511934 0.41198 0.460957 -0.0101693 -0.0265485 0.0224282
0.41227 0.361234 0.399303 -0.0166567 0.0192498 0.0130286 0.401907 0.356422 0.401654 -0.0214863 0.0199587 0.0172934
0.337879 0.432386 0.402798 0.0299432 0.052763 -0.0238575 0.325838 0.434839 0.393868 0.030475 0.0485165 -0.0255679
0.425185 0.433218 0.433232 -0.0233292 -0.0259176 -0.0255988 0.425209 0.436105 0.440555 -0.00674213 -0.0213253 -0.0290699
0.423248 0.450146 0.418063 -0.0158061 -0.0337686 -0.0100006 0.406738 0.440484 0.400644 -0.00151795 -0.0237232 -0.0195912
0.444351 0.438744 0.402893 -0.00859776 0.00653363 -0.0242934 0.457791 0.427964 0.408336 -0.00955828 0.00245516 -0.0279712
0.615983 0.519497 0.729384 -0.300309 0.167361 -0.20506 0.617166 0.523667 0.725763 -0.298269 0.157362 -0.197367
0.512127 0.462878 0.49049 0.0167361 -0.131056 0.126919 0.509941 0.462832 0.484906 0.0193631 -0.120371 0.115618
0.767848 0.581779 0.710173 -0.104787 -0.240374 0.324745 0.785123 0.572344 0.736852 -0.119461 -0.240382 0.32524
0.49695 0.53485 0.591803 0.247378 -0.213145 0.169442 0.510605 0.54355 0.594224 0.251475 -0.191089 0.158254
0.824313 0.850685 0.833757 0.455276 0.2633 0.204588 0.836354 0.863295 0.86777 0.451099 0.258893 0.22744
0.490077 0.586936 0.544264 0.0680674 -0.169101 -0.192396 0.491213 0.593123 0.533243 0.0716724 -0.165022 -0.200177
0.70133 0.629834 0.701909 -0.187522 -0.108109 0.249308 0.696068 0.621418 0.699333 -0.184953 -0.104967 0.252657
0.432801 0.482094 0.39272 0.0665005 0.00401463 0.131269 0.413968 0.480468 0.385694 0.0551343 0.00904489 0.127714
0.658141 0.748222 0.511396 -0.0658474 -0.234147 -0.0491723 0.646578 0.741584 0.499701 -0.0626769 -0.217289 -0.0458232
0.723144 0.775578 0.628877 -0.104885 -0.342449 0.340423 0.726805 0.777031 0.615871 -0.0968724 -0.342005 0.319866
0.519785 0.453293 0.578535 -0.0337544 -0.0321733 0.00249444 0.513591 0.453142 0.581157 -0.056578 -0.0387897 0.0170067
0.708227 0.507486 0.603741 0.0986502 -0.067797 -0.107551 0.699537 0.514922 0.61953 0.117544 -0.0867119 -0.113126
0.713099 0.88762 0.89097 0.52932 -0.123526 0.0853147 0.727524 0.897878 0.903474 0.507388 -0.11485 0.0942329
0.360033 0.408584 0.383742 -0.0132929 0.0452612 0.234354 0.361558 0.393452 0.391262 0.00138416 0.0375404 0.228664
0.455369 0.485835 0.427588 -0.0914449 -0.157164 -0.0617952 0.464362 0.489569 0.430167 -0.0935728 -0.150541 -0.0594678
0.480139 0.508975 0.439116 -0.0385976 -0.331172 -0.078284 0.469095 0.497615 0.428782 -0.0320998 -0.308283 -0.0689004
0.475669 0.587474 0.650329 0.248467 0.0544539 0.093989 0.484593 0.594949 0.673017 0.258155 0.0621976 0.0999039
0.637832 0.63995 0.772091 0.0940965 0.405787 0.217603 0.635408 0.63742 0.764431 0.0940839 0.399808 0.201613
0.467338 0.562028 0.561492 -0.0633348 -0.12951 -0.0788392 0.469086 0.548924 0.560924 -0.0518175 -0.123895 -0.0647554
0.531755 0.582388 0.411286 0.12774 0.186049 0.15185 0.508601 0.57415 0.390749 0.135736 0.155164 0.129023
0.355634 0.367018 0.369441 0.160053 0.256315 0.0455416 0.353773 0.365553 0.363541 0.1455 0.239491 0.0454981
0.429013 0.522526 0.473775 0.261809 -0.0172515 0.0752934 0.431976 0.517587 0.46149 0.238768 -0.00891074 0.0664818
0.831633 0.739791 0.842411 0.230337 -0.117156 0.00859829 0.814701 0.723197 0.821493 0.249268 -0.0950929 -0.00500261
0.334926 0.339804 0.365624 0.0222188 -0.0910164 -0.0412975 0.331472 0.335143 0.364124 0.0338027 -0.0796434 -0.0335154
0.981706 0.925955 0.987652 0.0862256 0.117602 0.692354 0.992688 0.932643 1.01163 0.0933144 0.110695 0.685945
-0.176659 -0.178204 -0.177738 2.34256e-08 2.71907e-08 1.41224e-08 -0.180569 -0.178382 -0.167294 0 -0 0
0.296887 0.297607 0.295549 1.05921e-09 5.96979e-08 3.85403e-08 0.298517 0.287291 0.295527 0 0 -0
0.356268 0.35618 0.356257 -7.60203e-08 -8.07595e-08 -1.40113e-07 0.345704 0.35287 0.353143 0 0 0
0.442492 0.443348 0.442269 -1.14529e-07 6.31427e-08 -8.8101e-08 0.433446 0.436348 0.434995 0 0 0
0.252934 0.260312 0.25463 1.46756e-08 2.02546e-08 -1.70572e-08 0.245588 0.273361 0.242553 0 0 0
0.353077 0.357737 0.352897 -1.6633e-08 2.97047e-08 -1.24906e-07 0.355295 0.339796 0.354877 0 0 -0
0.0919871 0.0883824 0.101661 4.3432e-08 2.63466e-09 3.23758e-08 0.0774467 0.077032 0.114711 0 -0 0
-0.232273 -0.233116 -0.233257 1.28913e-08 2.9309e-08 7.73899e-09 -0.2178 -0.240877 -0.240644 0 0 0
-0.0337033 -0.0357328 -0.0339873 -3.13455e-08 3.92963e-08 -1.27435e-08 -0.0272056 -0.0380904 -0.0420233 -0 0 0
0.423701 0.412045 0.4157 1.52522e-08 4.47413e-08 -1.3338e-07 0.408277 0.424523 0.419767 0 0 0
0.141511 0.140926 0.141507 5.29554e-08 -8.51217e-09 3.74502e-08 0.142209 0.140022 0.134074 0 0 0
0.669611 0.677065 0.686838 3.93026e-08 2.89003e-08 4.90779e-08 0.686432 0.681745 0.678839 0 0 0
-0.062076 -0.0627233 -0.0589731 -1.02717e-08 -1.20407e-08 -8.42607e-09 -0.0557185 -0.0569761 -0.0671373 0 0 0
0.481154 0.475885 0.487942 3.64176e-08 -5.31491e-08 2.71397e-08 0.487039 0.491546 0.476499 -0 0 0
0.275043 0.273865 0.272616 2.14401e-08 7.3665e-09 2.82801e-08 0.268408 0.279831 0.27693 0 -0 0
0.457256 0.462719 0.461075 4.4122e-08 6.21142e-08 -4.48169e-08 0.46877 0.451829 0.456885 0 0 -0
0.619232 0.605981 0.604062 9.50407e-08 8.07749e-08 2.05477e-07 0.611581 0.619025 0.620789 0 0 0
0.149085 0.149628 0.151385 1.90117e-08 5.20067e-08 5.84238e-08 0.145583 0.14326 0.155804 0 0 0
0.109246 0.109158 0.1094 1.24576e-07 -1.00659e-07 3.70589e-08 0.105374 0.108781 0.109133 0 0 0
0.13523 0.135212 0.13543 1.12015e-08 2.32584e-08 -4.63121e-08 0.134989 0.134875 0.128525 -0 0 0
0.0728639 0.073178 0.0710422 1.94574e-09 6.71065e-08 4.50961e-08 0.0769395 0.0660744 0.0716078 0 0 0
0.587364 0.593515 0.604098 -2.16695e-08 1.77092e-09 -3.01185e-08 0.607063 0.601643 0.595968 0 0 0
0.0934641 0.0996055 0.104665 2.29383e-09 2.86145e-08 -1.32856e-09 0.0879526 0.0833863 0.115451 0 0 -0
0.653494 0.66911 0.674229 -3.80118e-09 -1.32359e-07 -9.53426e-09 0.677742 0.668661 0.667298 0 0 0
-0.177843 -0.177763 -0.176752 -2.17923e-08 -8.61995e-09 -1.47049e-08 -0.171204 -0.174475 -0.178621 0 0 0
0.0582245 0.0126634 0.0299851 0.0060027 0.00855087 0.0180465 0.0589898 0.00687377 0.0314435 0.0105006 0.00748173 0.012436
0.0391323 0.0137507 0.0159902 -0.00731287 0.00688854 -0.0126735 0.0418313 0.00548645 0.014592 0.0012484 0.00383685 -0.0121875
0.0134624 0.0124015 0.0289891 -0.0108801 0.0124005 0.00593407 0.00800546 0.0187456 0.0279598 -0.00737083 0.0124776 0.00677049
0.0215354 0.0336144 0.0266776 -0.0149701 0.0030275 0.00474721 0.02106 0.0301729 0.0247506 -0.0046167 0.00201469 0.00753012
0.0186703 0.00968337 0.00714719 0.0101474 0.0269795 0.000259594 0.0224803 0.00759204 0.00664796 0.0163148 0.0282773 -0.00471497
0.00258912 -0.0159385 0.0190748 -0.0160251 -0.00959491 0.0122816 0.000295988 -0.0127507 0.0188854 -0.00950827 -0.0075546 0.013716
0.0440435 0.018566 0.0324458 0.000294698 0.00829303 0.00176137 0.044642 0.0212311 0.0261276 0.0125274 0.00905799 -1.9321e-05
0.0134841 0.0139934 0.0352621 0.0110026 0.0104093 0.020743 0.010757 0.00746204 0.0293294 0.0158106 0.0133363 0.022473
0.0355038 0.00267563 0.0206479 -0.000694482 0.0163281 0.0190569 0.034228 0.00147444 0.0204877 0.00809497 0.019215 0.0166585
0.0128278 0.0114231 0.0159904 0.0170717 0.000408357 0.00983958 0.011399 0.0102531 0.0136956 0.0218155 -0.00190062 0.00915164
0.0342239 0.0455453 0.0189183 0.00428742 0.00103952 0.00688048 0.0368725 0.0497764 0.00734068 -0.000555864 -0.00249747 0.0117462
0.00824423 0.0279172 -0.0213495 0.00349419 -0.0169107 -0.00808527 0.0137578 0.0357153 -0.0235905 0.0027562 -0.0158409 -0.00752938
0.0587905 0.067092 0.0346476 -0.00588916 -0.0043429 0.0222824 0.0546604 0.0593723 0.0179874 -0.00562738 -0.00599673 0.0284289
0.0570094 0.0163348 0.0353155 -0.00838729 -0.00307151 -0.00256158 0.062073 0.0236732 0.0335825 -0.0163966 -0.0114124 0.000507747
0.0679516 0.0735897 0.0519566 0.00632325 -0.00756131 0.0118393 0.0659975 0.0762861 0.0394346 -0.00208636 -0.0099196 0.0116669
0.0318062 -0.00278527 0.00633081 -0.025448 -0.00177189 -0.0249167 0.0328336 0.00685565 -0.00126772 -0.0298 0.00183991 -0.0204346
0.0358583 0.0160414 -0.00444744 0.0156796 0.0119187 -0.00620575 0.0294669 0.0276381 -0.0177429 0.01374 0.0100376 -0.00692182
0.0127322 -0.00123182 -0.022504 -0.0181035 0.0093526 -0.00229241 0.0082737 0.00793383 -0.0243486 -0.0167428 0.0095742 -0.00548839
0.00728334 0.041712 0.0125239 0.0081424 -0.0271594 0.0030237 -0.00159426 0.0431426 0.00590086 0.00328645 -0.0304928 0.00170179
0.00338998 0.046386 0.00271982 0.00681447 0.00249086 -0.00146873 -0.00159849 0.0512565 -0.00376784 -0.000330802 0.00354043 0.00687404
-0.00380988 -0.00953988 -0.0129298 -0.0118979 0.0134918 0.0168711 -0.00809089 -0.00696787 -0.0129518 -0.00982571 0.0161883 0.0204187
-0.017249 0.0131766 -0.0107779 -0.0349599 0.00472281 0.00683877 -0.0158464 0.00726324 0.00153506 -0.0390613 0.00422988 0.0120871
0.0125409 -0.00500375 -0.0316527 -0.0299751 -0.0237095 0.000218897 0.0184413 -0.00346614 -0.0276514 -0.0388461 -0.0172206 0.00504358
-0.011994 -0.0214691 -0.0363622 0.0175474 -0.0178451 -0.00112473 -0.0116021 -0.0136703 -0.0456799 0.0191284 -0.0155466 -0.0020971
0.00818258 -0.00313908 0.0270941 -0.017641 0.023784 -0.0157816 0.00717713 0.00469982 0.0227665 -0.00823105 0.0166307 -0.0197132
0.00451888 0.00696791 0.00917568 -0.0211111 0.00617013 0.0228808 0.00295694 0.00427938 0.00923293 -0.0272297 0.00158747 0.029684
-0.00497036 -0.00778979 0.0269995 -0.0111235 -0.0155045 -0.00937109 -0.00808111 0.00187596 0.0339569 -0.0123669 -0.0148798 -0.00559438
-0.0328289 -0.00550214 -0.0387551 0.0147893 -0.00523119 0.0350108 -0.0339301 -0.0102894 -0.0416294 0.0205274 -0.00283731 0.0313291
0.00164375 -0.0128017 -0.0156538 0.00690239 0.00849721 -0.000864098 -0.00448071 -0.0113041 -0.00480401 0.00335049 0.00305006 0.00145935
0.0286471 0.00614324 -0.00876719 0.00590523 0.0100465 0.0210383 0.0359829 -4.78395e-06 -0.00260512 0.00297469 0.0056904 0.017887
0.0134108 -0.0152431 0.00465138 -0.0250345 -0.00254114 -0.0442839 0.0112759 -0.0167811 0.0109463 -0.0222157 -0.00790349 -0.0462465
-0.0206116 -0.0646294 -0.0153864 0.015042 -0.000591252 -0.0163428 -0.0155415 -0.0659603 -0.0100511 0.0137789 -0.00573306 -0.0170389
-0.0358844 -0.0398008 -0.0441219 -0.0220333 0.00425106 -0.00984172 -0.0449921 -0.03348 -0.0437763 -0.0229574 0.0059187 -0.00718593
-0.00967487 0.0182773 -0.0713795 0.000576526 -0.00800854 0.00195853 -0.00939586 0.0276563 -0.0779335 0.00480454 -0.00370525 0.00931762
0.00470331 -0.0500953 -0.0203779 0.00423368 0.00982685 -0.00506331 0.00781809 -0.0580479 -0.0163735 0.00320346 0.00812574 -0.00400725
0.0115257 -0.0441572 0.0198799 0.00256137 0.0282308 -0.0185201 -0.000916636 -0.0398777 0.0128827 -1.7284e-05 0.030324 -0.0222268
0.0104885 -0.0383137 -0.0502311 0.0407751 -0.004459 0.0171223 0.00353105 -0.0339527 -0.0395275 0.0465723 -0.00855383 0.0132847
-0.0267807 -0.0420513 0.00653417 -0.00637687 0.0182583 -0.0232727 -0.0256402 -0.0337501 0.0115559 0.00111812 0.00983293 -0.0235534
-0.0454422 -0.0431524 -0.00897592 -0.018666 0.00158607 -0.00513566 -0.0444696 -0.0331845 -0.00512031 -0.0181285 0.00939793 0.00227509
0.00773611 -0.0148884 -0.0169467 0.0240813 0.0222612 0.0058919 0.0122911 -0.0145377 -0.0175768 0.0231096 0.0282186 -0.00681895
-0.0610284 -0.0592627 -0.0609896 -0.00203196 0.011889 0.0131393 -0.0615946 -0.0581871 -0.0521398 -0.00697312 0.013734 0.0162102
-0.00925035 -0.0167727 -0.0334183 -0.0471368 0.023137 0.0050565 -0.0139724 -0.0224233 -0.033275 -0.0386177 0.0255622 0.00775867
-0.0747489 -0.0804015 -0.0731046 -0.0301565 -0.00244229 -0.021498 -0.0711567 -0.0847544 -0.0706285 -0.0292126 -0.00696725 -0.030828
-0.0511908 -0.0944477 -0.0730976 0.00168884 0.0118601 0.000969045 -0.0462549 -0.082917 -0.0692941 0.00321515 0.00461793 -0.00892309
-0.0590507 -0.00577941 -0.0476029 0.00211016 -0.0140484 0.0111321 -0.059473 -0.00917052 -0.0466552 -0.00155401 -0.0197984 0.0193471
-0.0515064 -0.0569517 -0.0644932 0.00667167 0.0208504 0.013611 -0.0425927 -0.0546525 -0.0596395 0.0129505 0.0299786 0.00191287
-0.00482588 -0.0567568 -0.0354076 -0.010038 0.00715717 -0.00559466 -0.0091316 -0.0582795 -0.0371293 -0.00684244 -0.00184333 -0.00708839
-0.100476 -0.134347 -0.054909 -0.0249272 -0.00752152 -0.0137071 -0.0976726 -0.130068 -0.0476364 -0.0219824 -0.00536225 -0.0163311
-0.0594629 -0.0156016 -0.0927955 0.0120837 -0.00378896 0.0183794 -0.053798 -0.0103526 -0.0966905 0.00627216 -0.00859679 0.0173787
-0.0319697 -0.0208935 -0.000333937 0.0110704 -0.0344991 0.00163816 -0.0365791 -0.0193383 -0.00234843 0.00811361 -0.0259255 0.00215509
0.0387523 -0.035399 -0.023268 0.0347951 0.0115853 0.033983 0.0315991 -0.0407389 -0.0239172 0.0372939 0.0170623 0.0399379
-0.101975 -0.10394 -0.0824222 0.0192461 0.0134316 0.0284964 -0.0982314 -0.104362 -0.0844532 0.0167847 0.0194419 0.0320552
-0.0924537 -0.100969 -0.115581 0.00567859 -0.00317538 -0.023643 -0.0764505 -0.103682 -0.119289 0.0125451 0.00913142 -0.0215874
-0.124004 -0.157374 -0.122153 0.015413 0.0323504 -0.00592531 -0.121005 -0.155259 -0.128729 0.012803 0.0373716 -0.00949386
-0.0680146 -0.0260602 -0.0958914 -0.0699006 -0.0155461 -0.0169429 -0.0627573 -0.0427374 -0.0955433 -0.0726768 -0.0103589 -0.0103661
-0.0624126 -0.031682 -0.0407921 0.0150579 0.0137 -0.0189188 -0.051714 -0.0270242 -0.0422779 0.0120276 0.00906463 -0.0204198
-0.044343 -0.0878337 -0.0509604 -0.00689745 -0.0109735 0.00110843 -0.0464483 -0.0883288 -0.0451871 -0.008705 -0.0119071 -0.00804213
-0.0900169 -0.143944 -0.129322 -0.0374408 -0.0293949 0.0154005 -0.0862865 -0.135133 -0.134606 -0.0396731 -0.0277632 0.0193626
-0.09997 -0.112123 -0.108914 0.064131 0.00705307 0.00596346 -0.097168 -0.107299 -0.101869 0.0628973 0.00551676 0.0116084
-0.100978 -0.107628 -0.0758198 -0.00760342 0.0192254 0.0172999 -0.0976177 -0.0985034 -0.0849998 -0.00319481 0.0253124 0.0225834
-0.144773 -0.107586 -0.120199 -0.00184754 -0.0119446 0.0370832 -0.149075 -0.12241 -0.128136 0.000764105 -0.00835651 0.0383102
-0.133904 -0.13792 -0.15858 -0.00753849 -0.00553319 -0.0203841 -0.137398 -0.148749 -0.161613 -0.0103903 -0.0034084 -0.0173139
-0.0606618 -0.0760573 -0.101534 0.00867472 -0.010393 -0.0482854 -0.0627407 -0.0824413 -0.0998809 0.00216605 -0.0106328 -0.0595544
-0.0548981 -0.09144 -0.113462 0.00216331 -0.0201197 0.00726185 -0.0522292 -0.0978895 -0.116938 -0.00169315 -0.0317363 0.0117735
-0.102021 -0.0437938 -0.0467955 0.0516867 -0.0459938 0.0260099 -0.113055 -0.0478672 -0.055598 0.0555473 -0.0499502 0.0256529
-0.126561 -0.156743 -0.125118 -0.0314976 0.00926884 -0.0106886 -0.130505 -0.163601 -0.121842 -0.021273 0.0147398 -0.0105468
-0.171653 -0.175635 -0.18591 0.00845983 0.0227215 0.0027114 -0.186758 -0.176423 -0.184392 0.00472222 0.0216104 -0.00609488
-0.157384 -0.136259 -0.158753 -0.0250443 0.0135594 0.0032774 -0.159005 -0.133997 -0.154103 -0.0274713 0.0212327 0.00269574
-0.117134 -0.070248 -0.146238 -0.0229849 0.0184425 -0.00663812 -0.122617 -0.0695567 -0.142957 -0.0306701 0.0210315 -0.0112802
-0.0556909 -0.116753 -0.135948 -0.0248959 0.0295882 0.0132308 -0.0549875 -0.119837 -0.125124 -0.0251728 0.033267 0.0204937
-0.105913 -0.120629 -0.108182 -0.0290219 0.00353544 0.0322719 -0.106177 -0.120741 -0.105228 -0.0325649 0.00486306 0.0400757
-0.0969435 -0.0990438 -0.119143 -0.0043109 0.0489034 -0.0113478 -0.0957208 -0.116043 -0.117 -0.00730077 0.0514701 -0.0148898
-0.070939 -0.120398 -0.123302 -0.00839 0.00851015 0.0312267 -0.0755487 -0.122246 -0.127714 -0.00967707 0.019948 0.0304683
-0.0943811 -0.0877923 -0.116215 0.00703559 0.00764589 -0.0259788 -0.0939652 -0.096089 -0.115513 0.00396235 0.0106531 -0.033116
-0.107255 -0.0763829 -0.0878814 -0.0027824 0.00783948 0.00757421 -0.118866 -0.0817173 -0.0926 -0.000605926 0.0059875 0.00191275
-0.114796 -0.0978881 -0.113631 0.00579889 -0.0202062 0.00876964 -0.109459 -0.0987809 -0.109453 0.00627491 -0.0248546 0.0127736
-0.0474691 -0.117121 -0.0711294 0.00648288 0.0569107 0.0331443 -0.0457168 -0.130769 -0.0849716 0.00440787 0.0583903 0.0303245
-0.126395 -0.111993 -0.131302 -0.024774 -0.00550418 0.00188373 -0.138115 -0.113039 -0.128209 -0.0283837 -0.00631293 0.0115581
-0.0994987 -0.163907 -0.0825225 0.0523165 -0.00131544 0.00262276 -0.0998301 -0.165629 -0.0828882 0.0565148 0.0107544 0.00488546
-0.0837417 -0.174777 -0.121975 0.0194084 0.026124 0.0299783 -0.0879805 -0.184763 -0.122978 0.024135 0.0281468 0.028348
-0.019632 -0.0349097 -0.0577565 0.00889779 0.0127233 0.00827787 -0.00161664 -0.0315145 -0.0547694 0.0121171 0.0138436 0.00418506
-0.0396065 -0.0154023 -0.0303053 -0.0106479 0.0116215 0.0246577 -0.0343527 -0.00592605 -0.0427611 -0.0109383 0.01163 0.0260866
-0.0218527 -0.000910464 0.0187083 0.0034008 0.00578807 0.004436 -0.0160219 -0.00415978 0.0216925 0.00193296 0.00846154 -0.00188176
-0.0195667 -0.0195732 -0.0171963 -0.0253745 0.0267787 0.019047 -0.0232849 -0.0177465 -0.0163869 -0.0219109 0.0203092 0.0200466
0.0142198 -0.00606091 -0.00991669 -0.00283982 0.00400431 0.00087908 0.0204778 -0.0112979 -0.00668222 -0.0045342 -0.00189793 3.03395e-05
0.0275977 -0.0171184 -0.0114569 0.0150434 -0.0156535 0.0248771 0.040659 -0.0230216 -0.0144173 0.0131825 -0.014647 0.0186017
-0.0141979 -0.0191993 -0.0317251 0.016759 0.00970394 0.038414 -0.00505574 -0.00626383 -0.0355593 0.0148272 0.00824114 0.0291944
-0.0138458 -0.0709293 -0.0239196 -0.00348846 -0.0400151 0.00146282 0.00101145 -0.0730669 -0.0317104 -0.0040362 -0.0357064 -0.00948167
-0.0157688 -0.00550791 -0.0189227 -0.0129296 0.0165284 -0.00185829 -0.0135905 0.00324602 -0.0181836 -0.00635951 0.022182 -0.00257657
-0.0142216 -0.0176994 -0.0226039 -0.00119883 -0.00565635 0.0102455 -0.00346568 -0.0123363 -0.0227892 0.000663673 -0.00320324 0.0092546
0.00266788 -0.00927112 0.0231004 0.006268 0.00597668 0.0170243 -0.000692994 -0.018386 0.0207375 0.00215164 0.00804034 0.0160761
0.0164132 -0.00763956 0.010688 -0.0209267 -0.00587322 0.0221256 0.0101668 -0.0137636 0.00127784 -0.0208846 -0.00282278 0.0235882
-0.0316628 0.00803391 -0.0068596 -0.00463233 0.00859101 0.00958135 -0.0353523 0.00513657 -0.0136321 -0.00293917 0.0134463 0.00478562
0.0217391 -0.0225753 0.00891624 0.00118496 0.017523 0.00447462 0.0150414 -0.0276931 0.0032683 0.00249549 0.0176717 0.00100864
0.00861437 0.0264348 -0.016468 -0.00918329 0.00171084 0.0175658 0.00201444 0.0196343 -0.0236482 -0.00820179 0.00182352 0.0170275
-0.0292542 -0.0378208 -0.0169993 -0.00700693 -0.00559272 0.0172274 -0.0310654 -0.0434018 -0.022583 -0.0097563 -0.00243395 0.0134865
-0.0152238 0.00541965 -0.00950711 -0.0166714 0.00593985 0.00897927 -0.0216956 -0.00115278 -0.0161825 -0.0200724 0.008495 0.0104944
-0.0139212 0.00333754 0.00761481 -0.0214887 0.0157826 0.0148721 -0.0138383 0.000372469 0.00411694 -0.0270911 0.0189702 0.0161137
0.00374675 0.0143759 0.00712056 -0.0100371 0.00158353 0.0229675 0.00228926 0.00788108 -0.00153426 -0.0108109 0.0027616 0.0176498
0.00963171 0.0295306 0.000180047 -0.00823154 -0.00459826 -0.00426821 0.00233552 0.0222332 -0.00934488 -0.00386802 -0.00330861 -0.0085408
-0.00980529 -0.0462585 -0.0557675 -0.0140572 -0.0139008 0.0204777 0.00767481 -0.0439387 -0.0452804 -0.00160593 -0.0159224 0.0195102
-0.0284824 -0.00448583 -0.031329 0.0271447 -0.00676296 0.00807163 -0.0252917 0.00888364 -0.0301973 0.0245176 0.000461235 0.0101551
-0.0308872 -0.0169689 -0.00828414 0.0219093 -0.0349218 -0.0038609 -0.0334262 -0.0105209 0.00437864 0.0197868 -0.038166 -0.00590232
0.0239324 -0.0271952 -0.0532612 -0.000277429 -0.00547336 -0.00803689 0.0312229 -0.0253447 -0.0566674 -0.00371438 -0.00806944 -0.000775926
0.00962133 -0.0201716 -0.0422543 -0.0229884 -0.0128122 -0.0110474 0.0237913 -0.000916173 -0.0312006 -0.0252483 -0.0154528 -0.0127386
0.00192839 0.000128596 -0.00178351 -0.00366993 -0.0138379 0.00506284 0.00582932 0.00846324 0.00211605 -0.0140781 -0.0127792 0.0127325
-0.0551553 -0.0347281 -0.00603941 0.00299372 0.0212426 0.0176816 -0.0576265 -0.0200135 0.00746164 0.00443481 0.0148653 0.0181211
-0.0166346 0.0265515 -0.043273 -0.0328865 0.000186477 -0.0113037 -0.00946225 0.0280463 -0.0459804 -0.0363215 0.00422018 -0.00984509
-0.00420353 -0.0731411 -0.0567082 0.0123559 0.0121235 -0.0173153 0.0106994 -0.0638369 -0.0568155 0.00406179 0.012627 -0.0155248
-0.0114613 -0.0267234 -0.0513294 0.0108611 0.00290625 -0.0168258 -0.00350377 -0.0353785 -0.045983 0.0118482 -0.00386327 -0.0172659
-0.00607158 -0.0281747 0.0145775 -0.00981001 0.0138884 0.0286968 -0.00455299 -0.0219784 0.012709 -0.018959 0.0150652 0.0270642
0.0248809 0.0500558 0.0214591 -0.00515156 0.0600922 -0.00439846 0.0315514 0.0401586 0.0237414 -0.000233302 0.0657917 -0.00563485
-0.0996151 -0.0790362 -0.0441565 -0.0228941 -0.0149031 -0.0061666 -0.0962847 -0.0728933 -0.0430427 -0.0203257 -0.0189165 -0.00831315
-0.0664603 -0.0513432 -0.0471819 -0.00937405 -0.0165664 -0.00280189 -0.0578775 -0.04753 -0.0382618 -0.00961975 -0.0246128 -0.0114989
-0.0936125 -0.112171 -0.11279 0.0104246 -0.0100879 0.0286391 -0.089231 -0.104358 -0.10495 0.00896145 -0.00402235 0.0341857
-0.0732851 -0.0434463 -0.083926 -0.0102192 -0.00513454 0.0197049 -0.0507954 -0.0260522 -0.0740616 -0.013158 -0.0134655 0.0187169
-0.0558187 -0.0428942 -0.0833046 -0.0150027 -0.0147504 -0.0252673 -0.0468134 -0.0370182 -0.0766761 -0.0187095 -0.0150573 -0.0190834
-0.0935439 -0.0390273 -0.0169724 -0.0188425 -0.00036207 -0.033217 -0.0935542 -0.0288357 -0.0138967 -0.0185242 0.00734349 -0.041524
0.000130284 -0.0629455 -0.0830689 0.0134683 0.0371711 -0.0197891 0.00811648 -0.049245 -0.0791895 0.0151271 0.0387122 -0.026939
-0.00334967 -0.03885 0.0484414 -0.0152127 -0.0214999 0.00634314 -0.000408272 -0.0489112 0.0461852 -0.0145892 -0.0183275 0.0134641
-0.00697733 -0.0102225 -0.00444147 -0.0147963 0.0312915 -0.0150321 -0.00497657 -0.00709466 -0.00976596 -0.0205734 0.0325414 -0.0115006
-0.021902 0.0126986 0.0290572 -0.0242389 0.0144725 -0.0135188 -0.029881 0.0101857 0.0273932 -0.0217165 0.0171077 -0.00912457
0.0101076 0.0205512 0.024852 -0.0340636 0.00513415 0.0138205 -0.00173056 0.0130543 0.0314578 -0.0324345 0.00844772 0.0195385
0.0226745 -0.0133415 -0.0114482 -0.00972757 0.0201573 0.0231647 0.0276616 -0.0146957 -0.00994605 -0.0136765 0.0230035 0.027972
-0.0409737 -0.0327243 -0.0169271 -0.0228704 0.0119123 -0.010692 -0.035169 -0.0435832 -0.0080167 -0.0277894 0.0151333 -0.00429207
-0.036299 -0.0322963 -0.00534992 -0.0299174 0.00868563 0.018554 -0.0359677 -0.0356539 0.00651179 -0.0372003 0.00475407 0.0198171
-0.0094722 0.00104246 -0.0105023 -0.00367808 0.0221368 -0.00169604 -0.012638 0.00729778 -0.0134276 -0.00267262 0.0193789 0.00229627
-0.00231532 -0.00299995 0.0219423 -0.0407386 0.0307717 -0.0120279 -0.00489605 -0.00178306 0.0199934 -0.0416738 0.0337386 -0.00955892
-0.022966 0.0025954 -0.00951446 -0.0243142 0.0319175 -0.00274946 -0.0283999 0.00522488 -0.013704 -0.0261136 0.0402031 -0.00285022
0.0130743 -0.00702025 -0.00669547 -0.0431167 0.0352435 0.0215873 0.0201497 -0.00345664 0.00041284 -0.0455088 0.025995 0.0174768
-0.0980705 -0.0649967 -0.104955 0.0113348 0.0443127 -0.0232781 -0.101375 -0.0574188 -0.106999 0.0154702 0.049855 -0.0218627
-0.0112697 -0.0839495 -0.0298054 -0.00644485 -0.0150594 0.0185522 -0.0157915 -0.071455 -0.0237671 -0.00617664 -0.0184304 0.0167214
-0.0941149 -0.124423 -0.0996741 -0.0054624 0.00491629 0.0208922 -0.0766689 -0.113202 -0.0832623 -0.00288025 0.00100302 0.0185685
-0.0724087 -0.118675 -0.0781222 0.027883 -0.00551956 -0.0077656 -0.0514126 -0.116164 -0.076931 0.029913 0.00111123 -0.0122822
-0.14686 0.0112074 -0.105173 -0.0415378 -0.0165854 -0.0353749 -0.141789 0.0140528 -0.106212 -0.0505733 -0.0180064 -0.0325349
-0.0265933 -0.0407638 -0.0182567 -0.00880623 -0.0385374 -0.00660897 -0.0206558 -0.0355687 -0.00281617 -0.01483 -0.0437721 -0.000887438
-0.0573063 -0.0818881 -0.11427 0.0136621 0.0371592 -0.0198767 -0.045711 -0.0671765 -0.110507 0.0179811 0.039697 -0.0287308
-0.124564 -0.0540543 -0.116311 -0.00400377 0.00365958 -0.0182741 -0.105551 -0.0466353 -0.109185 -0.00311559 0.00833716 -0.0160926
-0.0183287 -0.0710994 -0.0641093 0.00384484 0.00842505 -0.0226654 -0.0124639 -0.0645646 -0.0511092 0.00814602 0.00337972 -0.018383
-0.0684091 -0.00973615 -0.0606175 -0.00920848 0.0296171 0.0166007 -0.0550062 -0.00155778 -0.0486745 -0.0143137 0.0379974 0.0117848
-0.0576578 -0.00375084 -0.0160886 0.0205499 -0.0218099 0.0147995 -0.0538362 0.0103044 -0.001185 0.0262385 -0.0196801 0.0153495
-0.017996 -0.0548437 -0.0401239 0.0127556 -0.0239129 -0.0296101 -0.0129107 -0.0569065 -0.0287526 0.00103728 -0.0167631 -0.0358528
-0.0464396 -0.055159 -0.0850835 -0.0118469 -0.00824503 0.00562315 -0.0409806 -0.0393588 -0.0796868 -0.00855997 -0.00530423 0.0137274
-0.0430689 -0.065192 -0.0702846 0.0102897 0.00617738 0.0180215 -0.0390744 -0.0414432 -0.0624496 0.00557481 0.00133065 0.0266137
-0.0982388 -0.0574635 -0.0582455 0.00844861 0.0176598 -0.0064763 -0.092816 -0.0607846 -0.0621649 7.33333e-05 0.0128097 -0.00384167
-0.0517107 -0.0775829 -0.0429834 0.0378917 -0.0222624 0.00115424 -0.0396094 -0.0737045 -0.0340367 0.038702 -0.0101756 -0.00145071
-0.0664533 -0.0394299 -0.071186 0.0183926 0.00254772 0.012895 -0.0620404 -0.0284842 -0.0663266 0.0204006 0.00206605 0.0178977
-0.0154922 -0.00267749 -0.0243689 0.00302173 0.0226869 -0.00135571 -0.00631654 -0.00622213 -0.0141845 0.0143299 0.0243218 0.00700231
-0.0119414 -0.0624413 -0.0782903 -0.00386014 -0.0137494 -0.0406711 0.00434957 -0.0501704 -0.0732353 -0.00808796 -0.00911367 -0.0389019
-0.0387615 -0.0202427 0.0455773 0.0141124 -0.00219483 -0.0211613 -0.0292569 -0.0123373 0.0523119 0.0140429 0.00311253 -0.0170938
-0.0333317 -0.0254194 0.047133 0.000159312 -0.0129479 -0.0288152 -0.0194179 -0.025471 0.0569537 0.00445623 -0.0127821 -0.0295302
0.0200664 -0.0309841 -0.0220133 -0.00808843 -0.0135157 -0.0531026 0.0260532 -0.0247755 -0.0259607 -0.00865719 -0.00718049 -0.0540629
-0.0535875 -0.0983971 -0.11203 0.00239392 -0.0239957 0.00577686 -0.0515422 -0.0914751 -0.12948 -0.00151525 -0.0256194 0.0017487
-0.12021 -0.101205 -0.0340413 0.0448331 0.029773 -0.0153451 -0.119558 -0.102123 -0.0163275 0.0403997 0.0276326 -0.0146409
0.0239231 -0.0268397 -0.0518038 0.0145984 0.00787964 0.0248955 0.023266 -0.0136991 -0.0501943 0.0232003 0.0173212 0.0185385
-0.00897231 -0.0396309 -0.0135327 -0.000130883 0.00344325 -0.0145051 0.000114074 -0.0359156 -0.0107702 -0.000527562 0.00515438 -0.0142103
-0.110218 -0.163561 -0.119437 0.0293879 0.00356444 -0.0328171 -0.0985173 -0.148999 -0.100603 0.0296028 0.00275772 -0.0363235
-0.182542 -0.147631 -0.182502 -0.0464029 -0.0132784 0.01145 -0.190844 -0.147649 -0.169306 -0.0575276 -0.000207778 0.0118918
-0.0718811 -0.0759525 -0.111705 -0.0122521 -0.00393607 0.0519578 -0.0527672 -0.0511147 -0.106848 -0.0135082 -0.00333056 0.0359048
-0.0220846 -0.0675568 -0.0513639 0.0344916 -0.0119955 0.0255191 -0.00455639 -0.0614673 -0.0524232 0.0261891 -0.0224754 0.0286281
