-3.56429 -3.56465
-3.55498 -3.55619
-3.55374 -3.55295
-3.56666 -3.5667
-3.55883 -3.55741
-3.54959 -3.54908
-3.55863 -3.55765
-3.56302 -3.56288
-3.56028 -3.56001
-3.56146 -3.56102
-3.56415 -3.56286
-3.55253 -3.55275
-3.55753 -3.55745
-3.55435 -3.55563
-3.56671 -3.56705
-3.56009 -3.56066
-3.55319 -3.55491
-3.55618 -3.55678
-3.5706 -3.56991
-3.55028 -3.54975
-3.56032 -3.55986
-3.54787 -3.54909
-3.55998 -3.56082
-3.5586 -3.5589
-3.55557 -3.55581
-3.54479 -3.54614
-3.55163 -3.55044
-3.55783 -3.55806
-3.56097 -3.56024
-3.55309 -3.55427
-3.55767 -3.55649
-3.55565 -3.55585
-3.55544 -3.55368
-3.55441 -3.55308
-3.55662 -3.55522
-3.5549 -3.55444
-3.56088 -3.55869
-3.55745 -3.55606
-3.54769 -3.5469
-3.55179 -3.55237
-3.54868 -3.55065
-3.55719 -3.55754
-3.55284 -3.55305
-3.55889 -3.55922
-3.55398 -3.55308
-3.55724 -3.55809
-3.56135 -3.56188
-3.55424 -3.55403
-3.56828 -3.56965
-3.56098 -3.56095
-3.54768 -3.54768
-3.58434 -3.58363
-3.50777 -3.50511
-3.56778 -3.56857
-3.49092 -3.4927
-3.55746 -3.55583
-3.52375 -3.52373
-3.60088 -3.60236
-3.54147 -3.54134
-3.52949 -3.52764
-3.57395 -3.57474
-3.55972 -3.56175
-3.49715 -3.49719
-3.60068 -3.60159
-3.59285 -3.59293
-3.58496 -3.58376
-3.55449 -3.55685
-3.5249 -3.52584
-3.58076 -3.57888
-3.58832 -3.59102
-3.61513 -3.61536
-3.58658 -3.58632
-3.49571 -3.497
-3.61974 -3.62179
-3.46434 -3.4647
-3.64368 -3.64397
-3.64055 -3.64046
-3.63857 -3.63846
-3.6351 -3.63486
-3.64151 -3.64144
-3.63854 -3.63831
-3.64464 -3.64456
-3.6422 -3.64245
-3.64542 -3.64557
-3.63579 -3.63548
-3.64429 -3.64433
-3.62158 -3.62093
-3.6453 -3.64545
-3.6328 -3.63244
-3.64124 -3.64115
-3.634 -3.63376
-3.62563 -3.62511
-3.64412 -3.64415
-3.64476 -3.64484
-3.64439 -3.64444
-3.64513 -3.6452
-3.6265 -3.62601
-3.64468 -3.6446
-3.62231 -3.62167
-3.64371 -3.64407
-3.6924 -3.69201
-3.69169 -3.69223
-3.6893 -3.68965
-3.69159 -3.69172
-3.69179 -3.69207
-3.68905 -3.68954
-3.69075 -3.69091
-3.69097 -3.6907
-3.69045 -3.69107
-3.69034 -3.69065
-3.68744 -3.68617
-3.68732 -3.68604
-3.68461 -3.68467
-3.68367 -3.68284
-3.6857 -3.68511
-3.6844 -3.68437
-3.68492 -3.68461
-3.68291 -3.68253
-3.6845 -3.68419
-3.68457 -3.68476
-3.66407 -3.66445
-3.66835 -3.66706
-3.66275 -3.66317
-3.66964 -3.66953
-3.66825 -3.66865
-3.6581 -3.65656
-3.66408 -3.66261
-3.66829 -3.6669
-3.66521 -3.66405
-3.66512 -3.66496
-3.63401 -3.63324
-3.63496 -3.63431
-3.63314 -3.63221
-3.63834 -3.63822
-3.63132 -3.63078
-3.63284 -3.63287
-3.63531 -3.6342
-3.63251 -3.63205
-3.63831 -3.63644
-3.63255 -3.63241
-3.60936 -3.6095
-3.60795 -3.60616
-3.61413 -3.6143
-3.60475 -3.60562
-3.60527 -3.60363
-3.60973 -3.60923
-3.59859 -3.5979
-3.6073 -3.60588
-3.60666 -3.60528
-3.60769 -3.60836
-3.58814 -3.58561
-3.58207 -3.58053
-3.57838 -3.5779
-3.59112 -3.59024
-3.58095 -3.5815
-3.5868 -3.58725
-3.57836 -3.5774
-3.58508 -3.58487
-3.58356 -3.58417
-3.58351 -3.58245
-3.55433 -3.5527
-3.56272 -3.56279
-3.56499 -3.56319
-3.56366 -3.56282
-3.55937 -3.5591
-3.56095 -3.56373
-3.56515 -3.56446
-3.56692 -3.56624
-3.56325 -3.56266
-3.55276 -3.55146
-3.53697 -3.5368
-3.53897 -3.54054
-3.53296 -3.5332
-3.52354 -3.52081
-3.53545 -3.53491
-3.54662 -3.54567
-3.53811 -3.53744
-3.5388 -3.53785
-3.54036 -3.53913
-3.60856 -3.60873
-3.61417 -3.61556
-3.61904 -3.61972
-3.62031 -3.62021
-3.61436 -3.61476
-3.62634 -3.62849
-3.61799 -3.61793
-3.62014 -3.62132
-3.62132 -3.62409
-3.61674 -3.61784
-3.61413 -3.61665
-3.61809 -3.62045
-3.61111 -3.61423
-3.62064 -3.62224
-3.61449 -3.61494
-3.60969 -3.61106
-3.6033 -3.60534
-3.61213 -3.61362
-3.61698 -3.61873
-3.61672 -3.61826
-3.55408 -3.55547
-3.61673 -3.61778
-3.56745 -3.56731
-3.5705 -3.57096
-3.56774 -3.56911
-3.56597 -3.56676
-3.61089 -3.61263
-3.61654 -3.61761
-3.61579 -3.61777
-3.56938 -3.56946
-3.61427 -3.61499
-3.61255 -3.61343
-3.61821 -3.61973
-3.56924 -3.5698
-3.61818 -3.61919
-3.6154 -3.61646
-3.61414 -3.61492
-3.57342 -3.57367
-3.56683 -3.56863
-3.56695 -3.56844
-3.56434 -3.5648
-3.55938 -3.55953
-3.61042 -3.61089
-3.56525 -3.56721
-3.56702 -3.56812
-3.60864 -3.61032
-3.56437 -3.56716
-3.56632 -3.56731
-3.60476 -3.60646
-3.56264 -3.56265
-3.61099 -3.61154
-3.56721 -3.56878
-3.56445 -3.5645
-3.61163 -3.61308
-3.60806 -3.60912
-3.62073 -3.62385
-3.61604 -3.6177
-3.60867 -3.6103
-3.56173 -3.56416
-3.56298 -3.56435
-3.61116 -3.61397
-3.57346 -3.579
-3.66168 -3.65593
-3.59003 -3.58755
-3.69477 -3.69479
-3.60361 -3.60097
-3.60397 -3.60358
-3.67561 -3.67396
-3.60402 -3.60538
-3.69679 -3.69821
-3.59756 -3.59762
-3.60179 -3.60208
-3.59364 -3.59805
-3.68776 -3.68833
-3.62863 -3.62704
-3.69045 -3.69234
-3.60089 -3.60453
-3.69605 -3.69627
-3.57521 -3.57539
-3.60149 -3.59698
-3.59993 -3.60023
-3.58971 -3.59396
-3.59871 -3.60285
-3.58511 -3.58734
-3.57522 -3.57166
-3.56476 -3.56685
-3.59224 -3.59613
-3.59031 -3.59523
-3.56735 -3.56705
-3.58927 -3.58785
-3.61946 -3.62263
-3.7006 -3.70189
-3.70152 -3.70229
-3.70013 -3.70057
-3.70171 -3.70236
-3.69771 -3.69833
-3.69965 -3.70057
-3.70232 -3.70343
-3.69867 -3.69952
-3.70166 -3.70293
-3.70058 -3.70131
-3.70172 -3.70252
-3.70173 -3.70286
-3.69815 -3.69955
-3.70224 -3.70361
-3.7021 -3.7028
-3.70221 -3.70355
-3.70124 -3.70224
-3.70271 -3.70389
-3.6984 -3.69861
-3.7018 -3.70313
-3.69142 -3.69161
-3.68836 -3.68858
-3.69162 -3.69212
-3.69074 -3.69042
-3.68991 -3.68982
-3.69085 -3.69047
-3.68883 -3.68915
-3.69053 -3.69159
-3.6922 -3.69292
-3.68901 -3.68905
-3.68647 -3.68643
-3.68478 -3.6841
-3.68398 -3.68327
-3.68641 -3.68587
-3.6851 -3.68525
-3.68315 -3.68283
-3.68647 -3.68629
-3.68427 -3.68439
-3.6847 -3.68411
-3.68271 -3.68323
-3.66781 -3.66818
-3.66489 -3.66368
-3.66739 -3.66672
-3.66258 -3.66137
-3.66487 -3.66381
-3.66513 -3.66509
-3.66268 -3.66216
-3.66349 -3.66339
-3.66524 -3.66483
-3.66032 -3.66051
-3.63561 -3.63582
-3.63874 -3.63742
-3.63906 -3.63905
-3.63168 -3.63057
-3.63207 -3.63229
-3.63712 -3.63587
-3.63245 -3.63323
-3.63949 -3.63871
-3.63312 -3.63154
-3.63252 -3.63181
-3.61162 -3.6115
-3.60861 -3.60733
-3.6082 -3.60652
-3.61101 -3.6106
-3.60287 -3.60261
-3.6086 -3.6074
-3.60907 -3.60879
-3.60324 -3.60078
-3.61086 -3.61099
-3.60724 -3.60559
-3.58257 -3.5826
-3.57929 -3.5779
-3.58257 -3.57995
-3.58075 -3.57949
-3.58292 -3.58276
-3.57965 -3.58053
-3.58088 -3.58068
-3.58451 -3.5851
-3.57902 -3.5787
-3.57701 -3.5746
-3.55635 -3.55639
-3.56201 -3.56221
-3.55238 -3.55248
-3.55269 -3.54986
-3.55226 -3.55168
-3.56148 -3.56083
-3.56039 -3.56023
-3.56272 -3.56184
-3.55853 -3.55926
-3.56134 -3.56069
-3.53045 -3.52907
-3.53423 -3.53368
-3.5333 -3.53219
-3.5399 -3.54016
-3.53649 -3.53666
-3.54862 -3.54867
-3.5314 -3.52993
-3.53658 -3.53532
-3.5372 -3.5369
-3.53859 -3.53887
-3.57028 -3.57098
-3.5321 -3.53271
-3.53637 -3.53715
-3.52431 -3.52438
-3.52568 -3.52651
-3.52634 -3.52656
-3.52802 -3.52774
-3.52265 -3.52176
-3.52224 -3.52111
-3.52821 -3.52899
-3.53417 -3.53461
-3.52669 -3.52648
-3.52847 -3.52798
-3.53275 -3.53234
-3.5264 -3.52572
-3.52602 -3.52709
-3.53086 -3.53131
-3.51949 -3.51903
-3.52402 -3.52276
-3.52565 -3.52524
-3.52017 -3.52077
-3.53264 -3.53387
-3.52103 -3.52131
-3.52606 -3.52493
-3.53047 -3.53026
-3.53387 -3.53366
-3.5341 -3.53356
-3.52428 -3.52444
-3.52681 -3.52711
-3.53151 -3.53405
-3.52019 -3.52116
-3.5185 -3.51894
-3.52507 -3.52449
-3.53203 -3.53125
-3.53015 -3.52965
-3.5266 -3.52707
-3.52821 -3.52838
-3.52981 -3.52939
-3.52004 -3.52099
-3.51493 -3.51597
-3.52559 -3.52694
-3.53569 -3.53648
-3.52699 -3.52657
-3.51247 -3.51133
-3.52574 -3.52592
-3.5267 -3.52683
-3.51846 -3.519
-3.51929 -3.51957
-3.5259 -3.52629
-3.52367 -3.52443
-3.52578 -3.52681
-3.52465 -3.52451
-3.53214 -3.5322
-3.53391 -3.53328
-3.52706 -3.5277
-3.52745 -3.5274
-3.53175 -3.53068
-3.53334 -3.5336
-3.53563 -3.53607
-3.52196 -3.52133
-3.51564 -3.51491
-3.52474 -3.52406
-3.52556 -3.52531
-3.52678 -3.52652
-3.52653 -3.52616
-3.52045 -3.5206
-3.5176 -3.51793
-3.52164 -3.52069
-3.52492 -3.52582
-3.52718 -3.52754
-3.52108 -3.52287
-3.52283 -3.52245
-3.525 -3.52589
-3.53201 -3.53251
-3.53706 -3.53642
-3.52896 -3.52856
-3.52702 -3.52707
-3.52534 -3.52402
-3.52266 -3.52103
-3.51812 -3.5173
-3.52763 -3.52756
-3.53499 -3.53473
-3.52819 -3.52899
-3.53694 -3.53659
-3.52399 -3.52448
-3.53008 -3.53043
-3.51911 -3.51776
-3.5182 -3.51781
-3.52929 -3.52926
-3.52456 -3.52469
-3.52357 -3.5245
-3.53111 -3.53208
-3.53018 -3.53107
-3.53235 -3.53155
-3.52517 -3.52569
-3.52171 -3.52217
-3.53176 -3.53283
-3.52323 -3.52425
-3.51539 -3.51578
-3.52662 -3.52663
-3.54988 -3.55074
-3.5551 -3.55659
-3.54919 -3.55058
-3.55527 -3.55597
-3.55252 -3.55379
-3.5308 -3.53076
-3.53519 -3.53628
-3.53785 -3.5389
-3.53421 -3.53503
-3.52951 -3.52944
-3.51633 -3.51702
-3.52451 -3.52378
-3.5172 -3.51802
-3.5187 -3.51713
-3.51754 -3.51757
-3.47661 -3.47307
-3.47685 -3.47387
-3.48022 -3.47817
-3.47645 -3.47344
-3.47558 -3.4711
-3.53485 -3.53477
-3.53999 -3.54115
-3.53391 -3.53457
-3.54128 -3.54169
-3.54004 -3.54001
-3.50104 -3.49784
-3.49721 -3.49224
-3.51095 -3.51215
-3.49465 -3.48677
-3.49057 -3.48665
-3.48296 -3.47954
-3.47448 -3.47207
-3.47457 -3.47212
-3.4768 -3.47344
-3.48033 -3.47716
-3.46825 -3.46684
-3.4602 -3.45745
-3.46857 -3.46479
-3.4665 -3.46315
-3.45655 -3.45448
