0.477944 0.444612 0.463223 -0.0344963 0.0482324 -0.0387711 0.493853 0.45786 0.472414 -0.0398588 0.0478158 -0.0404388
0.515359 0.463194 0.489765 0.0255199 0.0702578 0.025508 0.524542 0.458668 0.490102 0.0302711 0.0671501 0.0259524
0.447189 0.530139 0.426902 -0.00954613 -0.00474493 -0.00907561 0.445929 0.528378 0.430916 -0.0161442 0.00245853 -0.0146398
0.447327 0.42027 0.438233 -0.0132574 -0.0419937 0.0352546 0.452919 0.425389 0.437958 -0.0154443 -0.0456882 0.0425336
0.481735 0.467133 0.459012 0.0140943 -0.0237611 -0.0352865 0.498069 0.476984 0.45027 0.0171437 -0.0242755 -0.0440118
0.492859 0.524461 0.526197 -0.0238617 0.0007075 -0.0176049 0.49634 0.532207 0.526141 -0.0211527 0.00426541 -0.0162742
0.382515 0.408401 0.434177 -0.023536 -0.0202073 -0.0170887 0.379662 0.408609 0.433422 -0.0269522 -0.0146883 -0.0147941
0.366543 0.428307 0.380535 0.00105148 -0.0288423 -0.0231585 0.357203 0.433841 0.387412 -0.00833175 -0.0289762 -0.0272347
0.465326 0.432291 0.463384 -0.0103943 0.0253147 0.00211986 0.473086 0.440252 0.464531 -0.00847351 0.0345547 0.00120636
0.436851 0.439477 0.487657 0.00878667 -0.0117366 -0.0463477 0.442545 0.454861 0.486716 0.00938368 -0.00968043 -0.0457941
0.466914 0.445598 0.456516 -0.000247013 0.00282918 -0.0432915 0.477016 0.448772 0.455543 -0.00638043 0.00927012 -0.0418012
0.562458 0.509189 0.473749 0.0160072 0.0152885 -0.0079335 0.554521 0.502294 0.463961 0.0126509 0.0156128 -0.0132553
0.464238 0.453392 0.441524 0.0027146 0.0137651 0.00569718 0.471427 0.462012 0.440237 0.00683932 0.0121714 0.00178921
0.432379 0.431659 0.478885 0.0215363 -0.00134777 0.00624619 0.431747 0.438046 0.472825 0.0297194 -0.000666469 0.0054045
0.369677 0.368766 0.422958 -0.00250902 -0.0348258 -0.0276828 0.36779 0.372695 0.419539 0.00577564 -0.0375386 -0.0259482
0.421144 0.368345 0.40583 -0.0357294 0.0164385 -0.0366675 0.420799 0.370034 0.405254 -0.0383461 0.0115225 -0.0317232
0.49 0.466407 0.466083 -0.0167971 -0.0292456 -0.00201784 0.486674 0.469593 0.472349 -0.0198254 -0.0301031 0.0035296
0.449192 0.391794 0.406293 0.0136359 -0.00105835 -0.0434382 0.449739 0.393246 0.413958 0.0134594 -0.00291399 -0.0432313
0.41464 0.339391 0.38055 -0.0086371 -0.0152916 0.0110637 0.407984 0.341726 0.380022 -0.0122662 -0.0115208 0.0138574
0.45223 0.517662 0.441112 -0.00313146 -0.0311736 -0.0276383 0.45288 0.515267 0.442991 -0.0132451 -0.0309982 -0.0307311
0.362185 0.421918 0.490231 0.0006126 -0.00440391 -0.0108258 0.365508 0.425342 0.494485 0.00239638 0.00418316 -0.0163212
0.452882 0.413811 0.437545 -0.0264325 -0.0106079 -0.0220682 0.445978 0.409694 0.427018 -0.0301133 -0.00738495 -0.0260281
0.41725 0.355918 0.442357 0.0231233 0.040824 -0.0407412 0.41348 0.352254 0.434274 0.0228333 0.044718 -0.0374573
0.445739 0.387686 0.388267 0.0298221 0.0175489 -0.0109468 0.441913 0.386659 0.390883 0.029703 0.0251255 -0.00672989
0.47217 0.505386 0.494184 -0.0441863 0.00840185 -0.00506326 0.461459 0.496764 0.491789 -0.0468247 0.0145941 -0.00609167
0.51527 0.63011 0.493462 0.0219683 0.00778798 0.0172334 0.511886 0.619125 0.483635 0.0219245 0.0168807 0.0176467
0.512999 0.488079 0.51245 0.0455895 0.0133992 0.00609632 0.5126 0.495605 0.515486 0.0403159 0.00679579 0.00457754
0.464421 0.472495 0.445054 -0.00438085 -0.0329131 0.0236456 0.471124 0.472473 0.448868 -0.00766916 -0.0313196 0.0192235
0.460422 0.447622 0.406664 0.00774386 -0.0385647 -0.00443737 0.467336 0.446957 0.404581 0.00476166 -0.0407844 0.000465671
0.456515 0.407334 0.462031 0.0207696 0.0111295 0.0562078 0.460218 0.400898 0.449966 0.0169888 0.012626 0.0547128
0.437493 0.400414 0.442648 -0.0458228 -0.00538977 0.014862 0.445083 0.400996 0.443214 -0.0499949 -0.00672582 0.0172438
0.486584 0.450757 0.461952 -0.0534488 -0.00530058 -0.0156439 0.499476 0.446882 0.448508 -0.047705 -0.0130105 -0.0144109
0.455739 0.447647 0.472393 -0.0256283 0.0382638 0.0403279 0.453179 0.45177 0.4781 -0.0256168 0.040128 0.046099
0.459778 0.438404 0.446687 -0.0289701 -0.0302721 0.00945461 0.456359 0.428385 0.442856 -0.0317537 -0.0327825 0.00807983
0.502446 0.423643 0.395479 0.0327764 -0.00453175 -0.0194126 0.497803 0.417281 0.390835 0.0301588 -0.00240576 -0.0126719
0.414261 0.437338 0.419157 -0.00247191 0.0150827 -0.0428383 0.410684 0.438268 0.423373 -0.00232603 0.020277 -0.0362753
0.429512 0.351959 0.399251 -0.0185554 -0.0567932 -0.043512 0.433355 0.359671 0.402355 -0.0132808 -0.0613592 -0.0377653
0.445263 0.397209 0.504013 -0.0240088 0.0248089 -0.0401448 0.430757 0.393689 0.505054 -0.0242779 0.0245665 -0.0426957
0.52169 0.446187 0.58267 0.0264871 -0.00301568 0.0300555 0.512122 0.446255 0.578286 0.0242417 -0.00171864 0.0307368
0.457826 0.403016 0.447333 -0.0412203 0.0101093 -0.0176976 0.454532 0.3987 0.443928 -0.0439254 0.00814646 -0.0208365
0.492413 0.406836 0.467257 -0.013659 0.00275405 -0.0238335 0.495206 0.399635 0.466459 -0.0152428 0.00550806 -0.0283782
0.419021 0.416706 0.453832 0.0260822 -0.0198454 0.0222647 0.409966 0.412614 0.447323 0.0259103 -0.0157398 0.0268122
0.445037 0.419228 0.462259 -0.0037944 -0.0406083 0.00139424 0.438219 0.419815 0.466068 -0.00710277 -0.033397 0.0037412
0.458254 0.394578 0.373164 -0.0201082 -0.0343453 -0.00876053 0.45598 0.389634 0.386525 -0.0139735 -0.0297842 -0.00928088
0.512637 0.407855 0.468947 -0.014973 -0.0244523 0.0202094 0.511934 0.41198 0.460957 -0.0101693 -0.0265485 0.0224282
0.412498 0.364781 0.403844 -0.0202442 0.0243286 0.00951163 0.401907 0.356422 0.401654 -0.0214863 0.0199587 0.0172934
0.333048 0.433319 0.402277 0.0320763 0.0536859 -0.0266312 0.325838 0.434839 0.393868 0.030475 0.0485165 -0.0255679
0.429971 0.436765 0.442972 -0.0193042 -0.0216594 -0.0293801 0.425209 0.436105 0.440555 -0.00674213 -0.0213253 -0.0290699
0.410389 0.447223 0.407392 -0.0127541 -0.0278752 -0.0106816 0.406738 0.440484 0.400644 -0.00151795 -0.0237232 -0.0195912
0.446876 0.438623 0.406914 -0.0092812 0.00462064 -0.0234174 0.457791 0.427964 0.408336 -0.00955828 0.00245516 -0.0279712
0.61293 0.512942 0.712663 -0.285377 0.159296 -0.195089 0.617166 0.523667 0.725763 -0.298269 0.157362 -0.197367
0.513016 0.464242 0.485777 0.0306002 -0.127117 0.118558 0.509941 0.462832 0.484906 0.0193631 -0.120371 0.115618
0.767137 0.533846 0.704757 -0.100422 -0.232334 0.31626 0.785123 0.572344 0.736852 -0.119461 -0.240382 0.32524
0.498469 0.528536 0.586615 0.252528 -0.201618 0.160407 0.510605 0.54355 0.594224 0.251475 -0.191089 0.158254
0.847762 0.852135 0.868487 0.448365 0.246697 0.204497 0.836354 0.863295 0.86777 0.451099 0.258893 0.22744
0.481133 0.588708 0.525399 0.0686565 -0.161317 -0.198731 0.491213 0.593123 0.533243 0.0716724 -0.165022 -0.200177
0.69393 0.608092 0.688589 -0.178621 -0.10216 0.239401 0.696068 0.621418 0.699333 -0.184953 -0.104967 0.252657
0.418328 0.47775 0.392264 0.0580904 0.00703778 0.124175 0.413968 0.480468 0.385694 0.0551343 0.00904489 0.127714
0.664698 0.758941 0.516664 -0.0656587 -0.223124 -0.0453593 0.646578 0.741584 0.499701 -0.0626769 -0.217289 -0.0458232
0.740132 0.780423 0.635891 -0.0953273 -0.336729 0.318916 0.726805 0.777031 0.615871 -0.0968724 -0.342005 0.319866
0.515939 0.453323 0.580266 -0.0418256 -0.0346299 0.0120788 0.513591 0.453142 0.581157 -0.056578 -0.0387897 0.0170067
0.696147 0.524792 0.598482 0.0977093 -0.0720591 -0.107884 0.699537 0.514922 0.61953 0.117544 -0.0867119 -0.113126
0.722066 0.891206 0.903099 0.516765 -0.113364 0.0829059 0.727524 0.897878 0.903474 0.507388 -0.11485 0.0942329
0.367712 0.403695 0.388672 -0.00650958 0.042707 0.237018 0.361558 0.393452 0.391262 0.00138416 0.0375404 0.228664
0.445984 0.478877 0.43057 -0.0929699 -0.149478 -0.0655488 0.464362 0.489569 0.430167 -0.0935728 -0.150541 -0.0594678
0.457882 0.494565 0.43019 -0.037248 -0.309381 -0.0765879 0.469095 0.497615 0.428782 -0.0320998 -0.308283 -0.0689004
0.480662 0.572493 0.654914 0.250111 0.0518023 0.100647 0.484593 0.594949 0.673017 0.258155 0.0621976 0.0999039
0.636653 0.6433 0.770245 0.091182 0.391846 0.206103 0.635408 0.63742 0.764431 0.0940839 0.399808 0.201613
0.480572 0.560751 0.568413 -0.0563422 -0.126986 -0.0614828 0.469086 0.548924 0.560924 -0.0518175 -0.123895 -0.0647554
0.512571 0.565515 0.400883 0.131783 0.161103 0.140281 0.508601 0.57415 0.390749 0.135736 0.155164 0.129023
0.349023 0.355192 0.367921 0.15001 0.234477 0.0448681 0.353773 0.365553 0.363541 0.1455 0.239491 0.0454981
0.420843 0.507456 0.451506 0.244178 -0.0170324 0.0697094 0.431976 0.517587 0.46149 0.238768 -0.00891074 0.0664818
0.8344 0.7397 0.859068 0.241678 -0.104601 -0.00239056 0.814701 0.723197 0.821493 0.249268 -0.0950929 -0.00500261
0.334438 0.336886 0.360719 0.0252605 -0.0832176 -0.0399073 0.331472 0.335143 0.364124 0.0338027 -0.0796434 -0.0335154
1.00157 0.951318 1.03188 0.0854101 0.117369 0.678165 0.992688 0.932643 1.01163 0.0933144 0.110695 0.685945
-0.173757 -0.174153 -0.170335 -3.90471e-08 1.2356e-08 1.2913e-08 -0.180569 -0.178382 -0.167294 0 -0 0
0.301362 0.294854 0.298511 4.82206e-08 1.01258e-07 3.60111e-08 0.298517 0.287291 0.295527 0 0 -0
0.352071 0.356183 0.356377 -4.31397e-08 -1.05266e-07 -1.21133e-07 0.345704 0.35287 0.353143 0 0 0
0.433746 0.439221 0.436235 -7.90551e-08 -6.3218e-08 -3.34663e-08 0.433446 0.436348 0.434995 0 0 0
0.253396 0.275566 0.254109 -4.70016e-08 -5.82758e-09 4.07624e-08 0.245588 0.273361 0.242553 0 0 0
0.355883 0.350613 0.355549 9.10592e-09 1.65506e-08 6.2117e-09 0.355295 0.339796 0.354877 0 0 -0
0.0930647 0.0909603 0.117665 2.68393e-08 4.90282e-10 -1.008e-08 0.0774467 0.077032 0.114711 0 -0 0
-0.223121 -0.230918 -0.230998 -4.58707e-09 3.48634e-08 1.52847e-08 -0.2178 -0.240877 -0.240644 0 0 0
-0.0243873 -0.0306501 -0.0305737 -1.34452e-08 7.74946e-09 -9.49868e-09 -0.0272056 -0.0380904 -0.0420233 -0 0 0
0.415347 0.421528 0.418236 -1.26919e-09 2.57955e-08 -7.72238e-08 0.408277 0.424523 0.419767 0 0 0
0.14796 0.146263 0.144247 -1.00588e-08 -1.80464e-08 -2.07868e-08 0.142209 0.140022 0.134074 0 0 0
0.669426 0.667275 0.666325 5.2364e-09 -2.26622e-09 9.75279e-08 0.686432 0.681745 0.678839 0 0 0
-0.0540593 -0.0556543 -0.0565683 2.16473e-08 -1.93929e-08 -4.37282e-08 -0.0557185 -0.0569761 -0.0671373 0 0 0
0.480649 0.484245 0.477267 1.27327e-07 -5.96497e-09 2.87643e-08 0.487039 0.491546 0.476499 -0 0 0
0.272796 0.279079 0.276474 3.45065e-08 3.36084e-08 -1.04049e-08 0.268408 0.279831 0.27693 0 -0 0
0.463796 0.453646 0.455085 9.4642e-08 1.71711e-07 -1.13537e-07 0.46877 0.451829 0.456885 0 0 -0
0.603158 0.606709 0.607629 -6.3322e-08 9.32292e-09 8.14027e-08 0.611581 0.619025 0.620789 0 0 0
0.152706 0.152318 0.159499 8.74595e-08 -1.3121e-08 4.32822e-09 0.145583 0.14326 0.155804 0 0 0
0.11353 0.114332 0.115461 1.00782e-07 -1.24405e-07 -2.46076e-08 0.105374 0.108781 0.109133 0 0 0
0.141037 0.140981 0.138545 -2.24013e-08 -5.32378e-09 -1.63551e-08 0.134989 0.134875 0.128525 -0 0 0
0.081433 0.0757704 0.076912 -2.46603e-08 9.60449e-08 5.98038e-08 0.0769395 0.0660744 0.0716078 0 0 0
0.594785 0.591658 0.588832 7.77088e-08 3.5053e-08 -1.88468e-08 0.607063 0.601643 0.595968 0 0 0
0.0971685 0.100192 0.11897 -8.42756e-09 1.4573e-09 4.65781e-08 0.0879526 0.0833863 0.115451 0 0 -0
0.660436 0.655386 0.654612 3.11215e-10 -6.95859e-08 -2.00212e-09 0.677742 0.668661 0.667298 0 0 0
-0.171988 -0.173164 -0.173312 -1.00181e-08 -1.03131e-08 -1.50645e-08 -0.171204 -0.174475 -0.178621 0 0 0
0.0595446 0.0140443 0.0339849 0.00770515 0.0135662 0.014399 0.0589898 0.00687377 0.0314435 0.0105006 0.00748173 0.012436
0.0445209 0.017602 0.0220652 -0.00164441 0.00882806 -0.0145275 0.0418313 0.00548645 0.014592 0.0012484 0.00383685 -0.0121875
0.0151633 0.0182494 0.0349353 -0.00757893 0.0154649 0.0062812 0.00800546 0.0187456 0.0279598 -0.00737083 0.0124776 0.00677049
0.0262225 0.0363558 0.0332926 -0.0109029 0.00569095 0.00204412 0.02106 0.0301729 0.0247506 -0.0046167 0.00201469 0.00753012
0.0231826 0.0147582 0.0123187 0.0144932 0.0293054 -0.00249479 0.0224803 0.00759204 0.00664796 0.0163148 0.0282773 -0.00471497
0.00580603 -0.0132314 0.0247381 -0.0134245 -0.00563905 0.00977809 0.000295988 -0.0127507 0.0188854 -0.00950827 -0.0075546 0.013716
0.0481167 0.0263335 0.0361873 0.00819547 0.0123956 0.00081288 0.044642 0.0212311 0.0261276 0.0125274 0.00905799 -1.9321e-05
0.016582 0.0154773 0.0373477 0.0139834 0.0128745 0.0213345 0.010757 0.00746204 0.0293294 0.0158106 0.0133363 0.022473
0.0384576 0.00723689 0.0248079 0.00457518 0.019881 0.0189534 0.034228 0.00147444 0.0204877 0.00809497 0.019215 0.0166585
0.0194025 0.0207661 0.0222743 0.0196085 0.00273051 0.00736621 0.011399 0.0102531 0.0136956 0.0218155 -0.00190062 0.00915164
0.0389906 0.0529525 0.0185662 0.00128282 0.00030354 0.00889036 0.0368725 0.0497764 0.00734068 -0.000555864 -0.00249747 0.0117462
0.0184259 0.0368791 -0.0180539 0.00207828 -0.0136923 -0.00776698 0.0137578 0.0357153 -0.0235905 0.0027562 -0.0158409 -0.00752938
0.0632126 0.069278 0.0339523 -0.00558456 -0.00502626 0.0223929 0.0546604 0.0593723 0.0179874 -0.00562738 -0.00599673 0.0284289
0.0629129 0.0243985 0.0374221 -0.0116081 -0.00294616 0.00125982 0.062073 0.0236732 0.0335825 -0.0163966 -0.0114124 0.000507747
0.0718828 0.0793827 0.0474227 0.00187868 -0.00911072 0.00994289 0.0659975 0.0762861 0.0394346 -0.00208636 -0.0099196 0.0116669
0.0345024 0.00142626 0.00265886 -0.0285167 -0.00082954 -0.0213932 0.0328336 0.00685565 -0.00126772 -0.0298 0.00183991 -0.0204346
0.0405881 0.0256508 -0.00613716 0.0142077 0.0143271 -0.00380732 0.0294669 0.0276381 -0.0177429 0.01374 0.0100376 -0.00692182
0.0151859 0.00214911 -0.0220938 -0.0188765 0.0109088 -0.00372185 0.0082737 0.00793383 -0.0243486 -0.0167428 0.0095742 -0.00548839
0.00739401 0.0441953 0.0148055 0.00953 -0.0275522 0.00491597 -0.00159426 0.0431426 0.00590086 0.00328645 -0.0304928 0.00170179
0.00401841 0.0448057 0.000560395 0.00425676 0.00780838 0.00544797 -0.00159849 0.0512565 -0.00376784 -0.000330802 0.00354043 0.00687404
-0.00547853 -0.0176278 -0.0161944 -0.0115395 0.013021 0.0204041 -0.00809089 -0.00696787 -0.0129518 -0.00982571 0.0161883 0.0204187
-0.0161139 0.0101137 -0.00480951 -0.0394446 0.00689132 0.00884649 -0.0158464 0.00726324 0.00153506 -0.0390613 0.00422988 0.0120871
0.0183598 0.00108505 -0.0267862 -0.0347657 -0.020579 -0.00024585 0.0184413 -0.00346614 -0.0276514 -0.0388461 -0.0172206 0.00504358
-0.0109994 -0.0212708 -0.0405714 0.0175115 -0.0190321 -0.0019474 -0.0116021 -0.0136703 -0.0456799 0.0191284 -0.0155466 -0.0020971
0.0036371 -0.00767629 0.0233786 -0.0179742 0.022564 -0.0160155 0.00717713 0.00469982 0.0227665 -0.00823105 0.0166307 -0.0197132
0.00478747 0.00801181 0.00678971 -0.0247728 0.00479363 0.0236985 0.00295694 0.00427938 0.00923293 -0.0272297 0.00158747 0.029684
0.00313496 0.000604824 0.0338583 -0.0126551 -0.0123537 -0.00750835 -0.00808111 0.00187596 0.0339569 -0.0123669 -0.0148798 -0.00559438
-0.0354563 -0.00778368 -0.0422773 0.014232 -0.00203791 0.0351305 -0.0339301 -0.0102894 -0.0416294 0.0205274 -0.00283731 0.0313291
0.00225532 -0.0155572 -0.012498 0.00485803 0.00532362 0.00245474 -0.00448071 -0.0113041 -0.00480401 0.00335049 0.00305006 0.00145935
0.0287672 5.42557e-05 -0.0145571 0.000473782 0.00818247 0.0199468 0.0359829 -4.78395e-06 -0.00260512 0.00297469 0.0056904 0.017887
0.0109896 -0.0205943 0.000593695 -0.0232539 -0.00550482 -0.0437081 0.0112759 -0.0167811 0.0109463 -0.0222157 -0.00790349 -0.0462465
-0.0213234 -0.0639365 -0.01255 0.0174211 -0.00119179 -0.0145075 -0.0155415 -0.0659603 -0.0100511 0.0137789 -0.00573306 -0.0170389
-0.0398931 -0.0382678 -0.0481617 -0.0227883 0.00218372 -0.00692138 -0.0449921 -0.03348 -0.0437763 -0.0229574 0.0059187 -0.00718593
-0.00905263 0.0226576 -0.0701145 0.0059066 -0.00672289 0.00522854 -0.00939586 0.0276563 -0.0779335 0.00480454 -0.00370525 0.00931762
-0.00205124 -0.0558331 -0.0199338 0.00500668 0.00934065 -0.00839752 0.00781809 -0.0580479 -0.0163735 0.00320346 0.00812574 -0.00400725
0.00276144 -0.0497374 0.0180461 0.0036102 0.0290034 -0.0232654 -0.000916636 -0.0398777 0.0128827 -1.7284e-05 0.030324 -0.0222268
0.00761705 -0.0379469 -0.0484469 0.0400373 -0.00818306 0.0152418 0.00353105 -0.0339527 -0.0395275 0.0465723 -0.00855383 0.0132847
-0.0295184 -0.0397753 0.00283145 -0.00441149 0.0175993 -0.0285447 -0.0256402 -0.0337501 0.0115559 0.00111812 0.00983293 -0.0235534
-0.0414344 -0.0403579 -0.00565126 -0.0206368 0.000426685 -0.00406895 -0.0444696 -0.0331845 -0.00512031 -0.0181285 0.00939793 0.00227509
0.00930023 -0.0119237 -0.0166278 0.02739 0.0240114 -0.000261007 0.0122911 -0.0145377 -0.0175768 0.0231096 0.0282186 -0.00681895
-0.0625539 -0.0600983 -0.0551891 -0.00356632 0.011198 0.01705 -0.0615946 -0.0581871 -0.0521398 -0.00697312 0.013734 0.0162102
-0.0142471 -0.0238503 -0.0365835 -0.04194 0.025762 0.00315461 -0.0139724 -0.0224233 -0.033275 -0.0386177 0.0255622 0.00775867
-0.0776775 -0.0860466 -0.0710259 -0.0261202 -0.00579521 -0.0276013 -0.0711567 -0.0847544 -0.0706285 -0.0292126 -0.00696725 -0.030828
-0.0530047 -0.0946227 -0.0755295 -0.00173047 0.0064994 -0.0023874 -0.0462549 -0.082917 -0.0692941 0.00321515 0.00461793 -0.00892309
-0.0624091 -0.0128677 -0.0511468 -0.00100349 -0.0156736 0.0175632 -0.059473 -0.00917052 -0.0466552 -0.00155401 -0.0197984 0.0193471
-0.0504977 -0.0533765 -0.0626536 0.00619852 0.0251108 0.00887448 -0.0425927 -0.0546525 -0.0596395 0.0129505 0.0299786 0.00191287
-0.00679165 -0.0586859 -0.0340308 -0.00943448 0.00188552 -0.00691869 -0.0091316 -0.0582795 -0.0371293 -0.00684244 -0.00184333 -0.00708839
-0.0960061 -0.128485 -0.0549888 -0.0202129 -0.0056754 -0.0164692 -0.0976726 -0.130068 -0.0476364 -0.0219824 -0.00536225 -0.0163311
-0.0622163 -0.0172914 -0.0954036 0.00804 -0.00647441 0.0171456 -0.053798 -0.0103526 -0.0966905 0.00627216 -0.00859679 0.0173787
-0.0329976 -0.0214268 -0.00141349 0.0124146 -0.0312918 0.00325313 -0.0365791 -0.0193383 -0.00234843 0.00811361 -0.0259255 0.00215509
0.0331563 -0.0402414 -0.0299866 0.0330974 0.0139475 0.0338179 0.0315991 -0.0407389 -0.0239172 0.0372939 0.0170623 0.0399379
-0.105102 -0.108869 -0.0890848 0.0198101 0.0160119 0.0277152 -0.0982314 -0.104362 -0.0844532 0.0167847 0.0194419 0.0320552
-0.0894718 -0.107283 -0.125954 0.0134796 0.000783954 -0.024032 -0.0764505 -0.103682 -0.119289 0.0125451 0.00913142 -0.0215874
-0.130304 -0.157327 -0.127019 0.016206 0.0337753 -0.00784866 -0.121005 -0.155259 -0.128729 0.012803 0.0373716 -0.00949386
-0.0712317 -0.0333694 -0.096137 -0.0710622 -0.0170567 -0.017738 -0.0627573 -0.0427374 -0.0955433 -0.0726768 -0.0103589 -0.0103661
-0.0639762 -0.029728 -0.0425827 0.016158 0.0112052 -0.0250233 -0.051714 -0.0270242 -0.0422779 0.0120276 0.00906463 -0.0204198
-0.0459797 -0.0900799 -0.0528674 -0.00605487 -0.0128616 -0.000827046 -0.0464483 -0.0883288 -0.0451871 -0.008705 -0.0119071 -0.00804213
-0.0918912 -0.153011 -0.137792 -0.0390871 -0.0279046 0.0125716 -0.0862865 -0.135133 -0.134606 -0.0396731 -0.0277632 0.0193626
-0.100831 -0.10883 -0.110654 0.0625297 0.00336381 0.0117027 -0.097168 -0.107299 -0.101869 0.0628973 0.00551676 0.0116084
-0.0997474 -0.102535 -0.0739321 -0.00906992 0.0192221 0.0170403 -0.0976177 -0.0985034 -0.0849998 -0.00319481 0.0253124 0.0225834
-0.14594 -0.114538 -0.127592 -0.0012887 -0.0156966 0.0375125 -0.149075 -0.12241 -0.128136 0.000764105 -0.00835651 0.0383102
-0.136867 -0.144459 -0.163418 -0.00510446 -0.0045469 -0.0230505 -0.137398 -0.148749 -0.161613 -0.0103903 -0.0034084 -0.0173139
-0.0603078 -0.0831722 -0.101591 0.00457766 -0.00836467 -0.0496769 -0.0627407 -0.0824413 -0.0998809 0.00216605 -0.0106328 -0.0595544
-0.0606731 -0.0979876 -0.115981 -0.000280497 -0.0232843 0.0128429 -0.0522292 -0.0978895 -0.116938 -0.00169315 -0.0317363 0.0117735
-0.107158 -0.0514531 -0.0551389 0.0571986 -0.0449734 0.0228178 -0.113055 -0.0478672 -0.055598 0.0555473 -0.0499502 0.0256529
-0.124575 -0.15557 -0.12981 -0.0275894 0.0110848 -0.00724724 -0.130505 -0.163601 -0.121842 -0.021273 0.0147398 -0.0105468
-0.17733 -0.181213 -0.184909 0.00905316 0.0218471 -0.00158493 -0.186758 -0.176423 -0.184392 0.00472222 0.0216104 -0.00609488
-0.161117 -0.142588 -0.161101 -0.0263767 0.0123835 0.000903539 -0.159005 -0.133997 -0.154103 -0.0274713 0.0212327 0.00269574
-0.127778 -0.0709738 -0.150414 -0.0299553 0.0191465 -0.00931412 -0.122617 -0.0695567 -0.142957 -0.0306701 0.0210315 -0.0112802
-0.0575135 -0.124402 -0.136263 -0.0285718 0.0311218 0.0189018 -0.0549875 -0.119837 -0.125124 -0.0251728 0.033267 0.0204937
-0.109059 -0.122327 -0.11273 -0.0272343 0.0038022 0.0320175 -0.106177 -0.120741 -0.105228 -0.0325649 0.00486306 0.0400757
-0.104402 -0.114038 -0.124216 -0.00744359 0.0509151 -0.0137986 -0.0957208 -0.116043 -0.117 -0.00730077 0.0514701 -0.0148898
-0.0824423 -0.128912 -0.123577 -0.0102089 0.0111332 0.0330964 -0.0755487 -0.122246 -0.127714 -0.00967707 0.019948 0.0304683
-0.104645 -0.101427 -0.132808 0.00671133 0.00938795 -0.0322372 -0.0939652 -0.096089 -0.115513 0.00396235 0.0106531 -0.033116
-0.108042 -0.0829132 -0.0883734 -0.000103921 0.00993768 0.00671101 -0.118866 -0.0817173 -0.0926 -0.000605926 0.0059875 0.00191275
-0.115656 -0.102863 -0.114318 0.00563814 -0.0235941 0.0119466 -0.109459 -0.0987809 -0.109453 0.00627491 -0.0248546 0.0127736
-0.121204 -0.113398 -0.123693 -0.0277435 -0.00413131 0.00853677 -0.138115 -0.113039 -0.128209 -0.0283837 -0.00631293 0.0115581
-0.0988691 -0.161563 -0.0856582 0.0553089 0.00167291 0.00148893 -0.0998301 -0.165629 -0.0828882 0.0565148 0.0107544 0.00488546
-0.0796443 -0.181541 -0.122775 0.014332 0.0281946 0.0294259 -0.0879805 -0.184763 -0.122978 0.024135 0.0281468 0.028348
-0.072801 -0.0810453 -0.0913463 0.0113589 -0.0201267 -0.016457 -0.0608561 -0.0693584 -0.103801 0.0190128 -0.0208477 -0.0171945
-0.0590695 -0.0760958 -0.06611 -0.00567737 -0.0241388 0.0106717 -0.0526782 -0.0652453 -0.0836053 -0.00318254 -0.0221306 0.00580778
-0.0816327 -0.0261466 -0.0824225 0.0300336 0.00682633 -0.000958654 -0.0734231 -0.0155524 -0.0943847 0.0313115 0.0068789 -0.00369346
-0.0639762 -0.0611894 -0.0418087 -0.00990551 0.0333201 0.011801 -0.0540392 -0.050038 -0.0543705 -0.00938639 0.035995 0.0131634
-0.0426601 -0.0296498 -0.0688406 -0.00424673 -0.015542 -0.0109723 -0.031921 -0.0141516 -0.0787643 -0.00871024 -0.0163446 -0.0144784
-0.0602983 -0.064953 -0.0448703 -0.0202479 -0.0198414 0.0195986 -0.0469187 -0.0495752 -0.0571619 -0.0261446 -0.0184393 0.0221124
-0.0401076 -0.0380592 -0.0466445 0.00778566 -0.00448241 0.0279585 -0.0288217 -0.0323493 -0.0570982 0.00899315 -0.00916729 0.0289138
-0.0889775 -0.0912878 -0.0794158 -0.00897516 -0.0215607 -0.0133185 -0.0829756 -0.0843331 -0.0987348 -0.00964671 -0.0160315 -0.0159609
-0.0420889 -0.0911421 -0.0735659 -0.0225121 -0.0352866 -0.000274909 -0.0313403 -0.0831655 -0.0866696 -0.0218483 -0.0346473 -0.00384761
-0.0635383 -0.0830866 -0.0750806 -0.00281612 0.00287139 -0.00385036 -0.0581441 -0.0750213 -0.0879067 0.00296839 0.00205503 -0.00806948
-0.0651802 -0.0433823 -0.0199051 -0.00142149 0.00218747 -0.0125471 -0.0505039 -0.038622 -0.0365201 0.000119765 0.000661258 -0.0121731
-0.0696156 -0.0898078 -0.0543146 0.00514237 -0.00672854 0.00226828 -0.0534149 -0.0837075 -0.0604759 0.00337012 -0.00628669 0.00324294
-0.0519766 -0.0473173 -0.0580899 0.0070145 0.0197477 0.0032701 -0.0437793 -0.0412955 -0.0717154 0.0122682 0.0212648 0.0047072
-0.0404406 -0.0474391 -0.0640326 -0.015247 -0.0177812 0.00490314 -0.0270905 -0.0332534 -0.0852488 -0.0131154 -0.0187126 0.00696146
-0.0724128 -0.0881481 -0.0566808 -0.00107435 -0.0138292 -0.0225343 -0.0646972 -0.0816633 -0.0715811 0.00198059 -0.0102634 -0.0252649
-0.109244 -0.0520743 -0.0653845 -0.00162509 0.0367125 -0.00843293 -0.0975364 -0.039704 -0.0755421 0.000252215 0.0392077 -0.00682149
-0.0709988 -0.0626266 -0.0836852 -0.00571601 0.0031444 -0.0225127 -0.0612711 -0.0519991 -0.095697 -0.00440956 0.000431493 -0.0219118
-0.0285573 -0.00884964 -0.0390365 0.0120869 0.00230146 0.00204527 -0.0172193 -0.00230503 -0.0510868 0.00884898 0.00445274 0.000348792
-0.0751242 -0.0315432 -0.044796 0.0107755 -0.0125386 -0.00179995 -0.0651707 -0.018211 -0.0572321 0.0102285 -0.0138297 -0.0013894
-0.0692034 -0.0606063 -0.0747774 0.0222659 -0.00668682 0.0162396 -0.0528861 -0.053936 -0.0905693 0.0204531 -0.00257836 0.00979148
0.533809 0.468196 0.484339 0.0172606 0.0463013 -0.0510936 0.538544 0.465549 0.480832 0.00834161 0.045554 -0.0515612
-0.0525192 -0.00566337 -0.0152754 -0.00473925 0.0395692 0.0117025 -0.0421881 -0.000358085 -0.0292978 -0.00830434 0.038829 0.00906364
-0.115432 -0.102174 -0.0933802 0.00187376 0.00678141 0.0074472 -0.102653 -0.0930504 -0.114611 0.00216929 0.00581707 0.00804939
-0.0702249 -0.107482 -0.0777387 -0.0198266 0.00978213 -0.00878121 -0.060483 -0.097054 -0.0915854 -0.013576 0.00794771 -0.00750159
-0.0600353 -0.0194117 -0.0590633 0.0160283 0.000378216 0.0295377 -0.0560363 -0.00954831 -0.0738864 0.00805475 0.00170108 0.0248694
-0.0553216 -0.0612568 -0.101069 0.0112842 0.0194594 -0.00936117 -0.0404444 -0.0469416 -0.118592 0.0168758 0.0151697 -0.00758081
-0.0557547 -0.0422615 -0.085314 0.00865018 -0.00256978 0.0135866 -0.0487791 -0.0340497 -0.0994129 0.00670117 -0.00224495 0.0191443
-0.0567044 -0.0482576 -0.0421886 -0.00742967 -0.0198989 -0.00720413 -0.0454491 -0.0337124 -0.0601011 -0.00937471 -0.0211818 -0.00435332
-0.0656484 -0.0818611 -0.057243 0.00961666 -0.00250292 0.00210684 -0.0560879 -0.0715934 -0.0717978 0.00613224 -0.00254892 0.00138593
-0.0968364 -0.0836569 -0.10221 -0.0108558 -0.004553 -0.0139527 -0.0873404 -0.0758509 -0.120255 -0.010506 -0.0106237 -0.0148833
-0.0699957 -0.048148 -0.0973299 0.0109503 0.00482833 0.00994762 -0.0568148 -0.0413345 -0.116476 0.00838808 0.00604769 0.0115322
-0.00818669 -0.0378565 -0.0413223 0.00199219 -5.42249e-05 -0.0222369 0.00631254 -0.0337049 -0.0508038 0.00416537 -0.00604178 -0.0215748
-0.0254261 0.0122347 -0.0171309 0.00460503 0.0109669 -0.0057047 -0.0107051 0.0181559 -0.0289141 0.00876556 0.0168128 -0.00341144
-0.112647 -0.0713743 -0.095664 0.0256199 0.0182963 0.013531 -0.101682 -0.0591521 -0.108892 0.0243551 0.0215297 0.0151112
-0.0255666 -0.0453461 -0.0386924 5.86221e-05 -0.0105213 -0.0157558 -0.0201516 -0.0343122 -0.0519214 0.00369863 -0.0125373 -0.0143257
-0.0655224 -0.0380525 -0.0514719 -0.0224535 0.00377884 -0.00299453 -0.0513636 -0.0279149 -0.0629859 -0.017045 0.0117761 -0.00136241
-0.0335662 -0.0350849 -0.0251488 -0.00583354 0.0108794 0.0220761 -0.0284642 -0.0272115 -0.0446773 -0.0039519 0.00945614 0.0236763
-0.0721763 -0.0385486 -0.0743126 0.0351471 0.0280946 0.00754382 -0.0602203 -0.0244213 -0.089891 0.0340765 0.0278204 0.0102239
-0.0491913 -0.0349098 -0.0321766 -0.0203774 -0.0152846 0.0133239 -0.041164 -0.0200584 -0.0472636 -0.0145112 -0.0171221 0.015691
-0.0717184 -0.0545992 -0.0749961 0.00722037 0.00045925 0.0252004 -0.0682399 -0.0452909 -0.09998 0.00576166 0.00184785 0.0227197
-0.0726158 -0.0564845 -0.122753 0.0256289 -0.00719168 0.00527207 -0.0597771 -0.040957 -0.143437 0.02789 -0.00116075 0.00204097
-0.0338756 -0.0816954 -0.0737668 0.00777313 0.00362712 -0.00645681 -0.0209619 -0.069412 -0.0901096 0.00461743 0.0012648 -0.0152171
-0.0667187 -0.0625448 -0.055482 -0.00105415 -0.0174312 -0.0162399 -0.0490534 -0.0559447 -0.0707865 -0.00462775 -0.0170466 -0.0173017
-0.0650047 -0.0604696 -0.0435234 0.0276202 0.00534253 0.0199181 -0.0524903 -0.041905 -0.0574157 0.0317591 0.0031525 0.0206733
-0.08388 -0.0535153 -0.0518462 -0.000490018 0.00384088 -0.0180322 -0.0807424 -0.0329994 -0.0652715 0.00112275 0.00821376 -0.0222025
-0.0789483 -0.0673397 -0.0977625 -0.0107448 -0.00684097 0.00425036 -0.065373 -0.0551033 -0.1069 -0.00579869 -0.00822339 0.00535138
-0.0470844 -0.0892146 -0.0584424 0.0254536 -0.0200978 -0.0310314 -0.0403405 -0.0813622 -0.0743775 0.0287026 -0.0169757 -0.0284449
-0.0496626 -0.0500059 -0.0510666 0.0145418 -0.0231645 -0.00738918 -0.0436398 -0.0323414 -0.0701379 0.00802844 -0.0212718 -0.00813322
-0.0743238 -0.0283036 -0.0237784 -0.029581 -0.0020799 -0.00951456 -0.0647343 -0.0205128 -0.0409281 -0.0286847 0.00154117 -0.00672151
-0.0317944 -0.0416285 -0.0512757 -0.0234496 -0.00811657 -0.0102395 -0.0275405 -0.0277634 -0.0656209 -0.0247908 -0.00456527 -0.0149783
-0.0435053 -0.0386115 -0.0346164 0.0174465 0.0111859 -0.0170336 -0.040526 -0.0233759 -0.0491482 0.0155605 0.00497493 -0.0129699
-0.0675595 -0.0968414 -0.0952199 -0.021066 0.0280438 0.0140502 -0.0550286 -0.082939 -0.113679 -0.0204715 0.0306263 0.0141839
-0.0898245 -0.0944034 -0.114828 -0.0251689 -0.00977117 0.0097326 -0.0776213 -0.0865907 -0.13486 -0.0298343 -0.0104955 0.0110675
-0.0783377 -0.0530164 -0.066262 -0.00738968 -0.00872422 -0.00360098 -0.0618743 -0.0414571 -0.0779963 -0.0102493 -0.00778992 -0.0052053
-0.0378374 -0.0500756 -0.0572256 0.0176496 0.00669078 -0.00601433 -0.0319796 -0.0431659 -0.0745164 0.0213753 0.002295 -0.00739272
-0.015056 -0.012272 -0.0688174 -0.00667843 -0.00195981 0.0123759 -0.00850584 0.00108265 -0.0788278 -0.0112988 -0.00392106 0.00668773
-0.0366786 -0.0767727 -0.0415078 -0.0115599 -0.00616092 0.0276438 -0.0222358 -0.066099 -0.0578521 -0.00457136 -0.00907132 0.0331563
-0.0749083 -0.0307775 -0.0645048 -0.00532724 0.0371746 0.00872863 -0.071269 -0.0135832 -0.0809865 -0.00453146 0.0365233 0.00738468
-0.0487028 -0.121991 -0.145055 0.0189425 0.0186405 -0.0151558 -0.0359059 -0.111687 -0.16 0.0199741 0.0176394 -0.00751141
-0.0926162 -0.104304 -0.07973 -0.00061133 0.00368449 -0.0350147 -0.0745909 -0.0944512 -0.10351 -0.00133227 0.00661668 -0.031088
-0.0288143 -0.042688 -0.0798458 0.0146004 0.00741583 0.0477653 -0.01075 -0.0351798 -0.0978618 0.0118904 0.00474176 0.048682
-0.151274 0.0482441 0.0820424 0.119299 -0.187638 0.234778 -0.190231 0.0405067 0.0807725 0.141187 -0.194027 0.270728
0.102429 -0.0912676 -0.0904965 -0.0874638 -0.110016 0.147673 0.130903 -0.0801967 -0.072655 -0.0634417 -0.102388 0.163737
0.134147 -0.00183924 0.119516 0.144774 -0.0850911 -0.171229 0.123735 -0.0271575 0.114594 0.139045 -0.103739 -0.177282
-0.0487214 -0.205605 0.0112543 -0.0138429 -0.14053 0.0243461 -0.0391892 -0.225707 0.043955 -0.0156642 -0.141519 0.02626
-0.330607 -0.339692 -0.293484 -0.219746 -0.0627905 0.0188022 -0.304696 -0.324088 -0.263993 -0.246634 -0.0432825 0.0282192
0.408815 0.0782569 -0.000974168 0.0521694 -0.138537 0.104448 0.377417 0.0538625 -0.0211042 0.06644 -0.141422 0.119643
-0.029142 -0.0411006 0.279908 -0.00200356 -0.0413195 0.0500443 -0.057705 -0.0703108 0.28123 0.00119 -0.0471458 0.0501308
0.0159529 -0.188408 -0.237317 -0.0853636 -0.00787128 0.108362 0.00940417 -0.198304 -0.249792 -0.0979092 0.00158667 0.0717542
-0.0506911 -0.105899 0.00303698 0.0351284 -0.118493 -0.0288468 -0.0767667 -0.125172 0.0199867 0.03998 -0.128325 -0.03142
-0.312965 -0.231467 0.107919 0.0625362 0.0644557 0.0846109 -0.290713 -0.229652 0.0925967 0.04998 0.0728058 0.0750092
-0.197586 -0.146187 -0.248997 0.185902 0.0630111 -0.0158979 -0.181956 -0.109219 -0.246768 0.153504 0.0723025 -0.00392583
-0.113241 -0.095576 0.0638348 0.0766094 0.164879 0.0845667 -0.111267 -0.0965508 0.0326075 0.0859683 0.182414 0.087635
-0.155268 -0.194992 0.0516707 0.0318348 -0.146619 0.024524 -0.167185 -0.206052 0.0924825 0.0281242 -0.15618 0.0259133
0.0971037 0.058341 0.0442635 0.181777 -0.0663544 0.0223226 0.0985575 0.0673367 0.0201858 0.178459 -0.0600225 0.0314408
0.00478679 0.0299654 0.0725045 0.0116257 -0.0712123 0.0432993 -0.00866083 0.0197142 0.100316 0.0147558 -0.0799867 0.0484417
0.134035 -0.0616537 -0.0921009 0.200782 0.119547 -0.142273 0.129367 0.00516083 -0.0623117 0.159318 0.0998175 -0.124245
-0.0500185 -0.18338 0.0533107 -0.0251619 -0.138919 -0.0136101 -0.0514175 -0.211353 0.0857158 -0.0239342 -0.139702 -0.0129408
-0.0164113 0.183867 -0.0113776 0.182567 -0.209955 -0.154638 -0.0336158 0.180908 -0.00805083 0.199996 -0.206926 -0.168733
-0.0477637 -0.0566007 -0.281676 -0.0294219 0.0664658 -0.0564304 -0.0675717 -0.0641067 -0.282616 -0.0510333 0.0625917 -0.0613258
-0.28771 -0.181948 -0.0908153 -0.0308684 0.0167675 0.155624 -0.288114 -0.191966 -0.113322 -0.0577325 -0.0214525 0.157566
-0.437821 -0.0582565 -0.26657 0.0693085 0.175892 0.161971 -0.471017 -0.11073 -0.211071 0.087625 0.185494 0.170205
-0.159766 -0.163437 -0.0721095 -0.0194976 0.153396 0.095542 -0.156068 -0.156251 -0.0830075 -0.02291 0.165267 0.08479
0.0646991 -0.274549 -0.278399 0.083441 -0.174263 -0.0537875 0.0651492 -0.285259 -0.281377 0.0745208 -0.138623 -0.0558975
-0.110905 0.0644302 -0.0866652 -0.0781573 -0.168787 -0.0970068 -0.0982592 0.0674 -0.0877 -0.06181 -0.156923 -0.0903
-0.329036 -0.292595 -0.307961 0.161163 0.0900569 0.0588865 -0.298533 -0.292191 -0.299733 0.184801 0.0741725 0.0713808
-0.275106 -0.563403 -0.400441 0.0201811 0.0298668 -0.0598152 -0.296935 -0.565633 -0.365109 0.0273708 0.0340508 -0.0474317
-0.0480223 -0.131617 -0.116996 -0.00645279 0.0844257 0.0805341 -0.0767842 -0.160657 -0.131774 0.00639 0.0857883 0.0888525
0.00128658 -0.126248 -0.0415451 -0.14181 0.054834 0.00608637 0.0223517 -0.143495 -0.0171833 -0.135696 0.05947 -0.0337542
-0.163919 -0.145544 -0.163398 -0.148802 -0.027891 0.0479345 -0.131485 -0.114917 -0.169818 -0.178854 -0.0303333 0.0624633
-0.486254 -0.355208 -0.346676 0.0866503 -0.120908 -0.0300253 -0.480848 -0.341256 -0.353505 0.0771125 -0.117395 -0.0274042
-0.0615429 -0.128757 0.0672856 -0.00492578 -0.121147 0.0102572 -0.0726217 -0.145476 0.0972367 0.0045625 -0.129937 0.00801917
-0.0583887 -0.0867417 0.0667234 -0.00707832 -0.0936117 -0.00284357 -0.0647708 -0.102466 0.09544 -0.00921583 -0.10341 -0.00227917
-0.0137447 -0.0983958 0.0602292 -0.0255121 -0.11103 0.0218601 -0.0207433 -0.115321 0.0869942 -0.019245 -0.114593 0.02476
-0.0672063 -0.125145 0.0588185 0.00125313 -0.105846 0.00350313 -0.0752208 -0.143038 0.0848267 0.00131167 -0.11353 0.00353167
-0.0579999 -0.0911964 0.0526319 0.00771924 -0.109141 -0.00102708 -0.0680967 -0.105958 0.0796483 -0.0015575 -0.119738 -0.000808333
-0.0641074 -0.113575 0.0524107 0.0225242 -0.111456 0.0184727 -0.073025 -0.128988 0.0883883 0.0243417 -0.117218 0.0144683
-0.0462232 -0.127857 0.033197 0.00934807 -0.107564 0.00185068 -0.0558025 -0.149269 0.0642467 0.0104517 -0.113157 -0.0007475
-0.074249 -0.0890512 0.0120021 0.0312775 -0.0819729 -0.0207553 -0.0821308 -0.1039 0.0362892 0.0288075 -0.0938017 -0.02584
-0.042124 -0.119399 0.0448869 -0.00684222 -0.112762 0.0102935 -0.0567758 -0.140207 0.0741225 -0.00454167 -0.119261 0.0106392
-0.071856 -0.0934383 0.0376243 0.0288212 -0.100342 -0.00127438 -0.0832125 -0.110202 0.0654258 0.0263467 -0.104412 -0.0026925
-0.0543948 -0.102483 0.0648051 0.0126021 -0.0992782 -0.00968977 -0.06881 -0.126423 0.0844858 0.0100192 -0.104032 -0.0086775
-0.0728176 -0.11859 0.0536391 0.00391203 -0.108139 -0.0126071 -0.0770875 -0.130505 0.0858783 0.00191833 -0.11355 -0.0122933
-0.0697942 -0.0704899 0.0184725 0.00383798 -0.0914084 -0.0171049 -0.0811833 -0.0924683 0.0424742 0.0030425 -0.101098 -0.0183892
-0.065091 -0.134749 0.0139689 -0.00628483 -0.105066 -0.000235412 -0.0717592 -0.150486 0.04233 -0.0055375 -0.110354 -9.16667e-06
-0.0263692 -0.104768 0.0554536 -0.00166102 -0.109945 -0.0043134 -0.0379275 -0.127507 0.0804992 0.0039725 -0.115986 -0.00175917
-0.0456392 -0.102149 0.0377113 0.00424661 -0.105509 6.11047e-05 -0.0553925 -0.116795 0.0668 0.00455667 -0.108775 0.000949167
-0.060376 -0.112845 0.0901031 -0.000992768 -0.129864 0.0057711 -0.0679242 -0.127829 0.120827 -0.0017525 -0.137328 0.00578833
-0.0730577 -0.106166 0.037253 -0.0102198 -0.0959705 0.00109016 -0.0836458 -0.120198 0.0654625 -0.0076925 -0.09909 -0.000410833
-0.0302493 -0.0894105 0.113989 0.0117738 -0.0944413 0.0111345 -0.0380117 -0.104591 0.141087 0.0119708 -0.103125 0.0102667
-0.0758305 -0.120117 0.0387812 0.0149885 -0.107308 -0.0165909 -0.073225 -0.13445 0.0707008 0.0150875 -0.112177 -0.0143917
0.00801008 -0.000300928 0.0078599 0.0227079 0.020758 -0.00419139 0.0107726 -0.00425454 0.00190142 0.026386 0.0203322 -0.00264667
0.00329903 -0.0142419 0.0150773 -0.00233949 -0.00789571 0.00817691 -0.000570525 -0.0107267 0.00861299 0.00140207 -0.0126484 0.00599136
0.0421377 0.00260429 0.0309593 0.00161201 0.00860086 0.00326212 0.0393924 -0.00692614 0.0202886 0.00614352 0.00369287 0.00549836
0.0317617 0.0208235 0.0468049 0.00802776 0.00195313 0.00455601 0.0320556 0.0119918 0.0407844 0.0122108 -0.0010633 0.000976975
0.0135343 0.00240338 0.0192266 0.00554085 0.00431416 0.00938133 0.00874756 -0.00338991 0.0106578 0.00585315 0.00161944 0.0112645
0.0233347 -0.00168124 0.0104384 0.0114693 0.015872 0.00330525 0.0207121 -0.0117441 0.000653858 0.0154934 0.0151395 0.00305972
0.0446346 0.000297019 0.0322565 0.00747722 -0.00519579 -0.00299121 0.0381278 -0.00313457 0.0284231 0.011294 -0.00844019 -0.000760401
0.0165439 0.027077 0.0254831 -0.00672743 0.011347 0.00774528 0.0120873 0.016513 0.0147503 -0.00372988 0.00265559 0.0100703
0.00547406 0.0122446 0.00718284 0.00834932 0.0244972 -0.000253615 0.00307762 0.0072213 -0.00390062 0.0113818 0.0204173 -0.00141753
0.0442382 -0.0136543 0.0375802 -0.00868146 0.00872357 -0.00260338 0.0427277 -0.0105621 0.034741 -0.00886056 0.00410043 -0.00719232
-0.00125077 0.0234862 -0.0082087 0.0130838 0.0165171 -0.0199647 -0.011395 0.0188479 -0.0204082 0.00792673 0.0144756 -0.0226599
-0.0109311 0.0089285 0.0209771 0.00973783 0.00257223 -0.0283877 -0.0164338 0.0132562 0.0108875 0.00543725 -0.000854136 -0.0239883
0.0241221 0.0115505 0.0119987 -0.0232577 -0.000295726 -0.00257677 0.0220528 0.00955806 -0.000411543 -0.0213675 -0.00266664 -0.00295664
0.00920011 0.0257179 0.00542146 0.000268376 -0.0124844 -0.0100803 -0.00414744 0.021355 -0.0120565 -0.00104713 -0.0118784 -0.0102948
-0.00297658 0.0400556 -0.0258107 -0.0017663 0.000975274 -0.0102527 -0.00756377 0.0395621 -0.0405539 -0.00835275 0.000970185 -0.0115412
0.0155157 0.0129092 0.0370532 0.0088676 -0.00362073 -0.0145397 0.0057184 0.0130261 0.0292007 0.00954318 -0.00318 -0.0181876
0.00429 0.0050319 0.00646502 -0.019461 -0.000987767 -0.0126753 -0.005675 -0.00229068 -0.0106532 -0.0226133 -0.00587673 -0.00911225
0.0140804 0.0398277 0.0223199 -0.0184894 -0.00697245 -0.00451507 0.014166 0.0520086 0.0227233 -0.017375 -0.00418392 -0.00488151
0.00123492 0.0149847 0.0302962 -0.0132509 0.00527625 -1.71543e-05 -0.00106321 0.0117152 0.0264184 -0.0134947 0.0056787 0.00397685
0.0300772 0.016063 -0.0241072 0.00514237 0.0101392 0.00686221 0.022432 0.0109223 -0.035948 0.000492747 0.00933867 0.00997864
0.0357612 0.0287619 0.0348127 -0.0242441 -0.0132104 -0.0361637 0.0337683 0.0283143 0.0453423 -0.023185 -0.0135189 -0.038331
-0.00751209 0.015886 -0.0368077 0.0334842 -0.0327091 -0.0196351 -0.00273302 0.0194469 -0.0384284 0.0372158 -0.0356069 -0.0219145
0.0152107 -0.0171469 0.0271919 -0.0160812 0.000383043 0.00264147 0.011491 -0.0151122 0.0289255 -0.0127337 -0.000537593 0.00675219
0.00834559 -0.0333226 -0.0169242 0.00673802 -0.0124076 0.0242426 -0.00195059 -0.0379755 -0.0149044 0.0124927 -0.00507213 0.0278448
-0.0235948 -0.0104942 -0.00181616 -0.00923 0.0190548 -0.00848768 -0.0145046 -0.00982818 0.00745735 -0.00802951 0.0219455 -0.00325494
-0.019039 -0.0252177 0.00696689 0.00831822 0.000321594 -0.000358112 -0.0275408 -0.0203847 0.0067684 0.00865349 0.00217636 0.00217988
-0.000457749 -0.0115795 -0.00657443 -0.0100273 -0.00740566 -0.015222 -0.0032467 -0.00676201 0.00294728 -0.0108751 -0.0125534 -0.0200132
-0.0193362 0.0288789 0.0264557 -0.0198165 -0.0080656 0.00208217 -0.0214477 0.0299349 0.0330981 -0.0159515 -0.00398704 0.000751667
0.0150955 -0.00283103 -0.00337581 -0.0324107 0.0158108 0.00212085 0.00732404 -0.00187917 -0.0107681 -0.0358214 0.0144447 0.00290417
-0.00410493 -0.00513678 -0.0181743 -0.0198611 -0.00211703 0.00853623 0.00415062 -0.0114128 -0.0219444 -0.020538 -0.0021358 0.0101383
0.00066456 0.00654462 0.00962889 0.00976574 -0.00385122 0.0104301 0.00970688 0.00652157 0.0208227 0.00822133 -0.00426772 0.0148597
-0.0896564 -0.0350496 -0.0872079 0.0219491 0.0159642 0.0258848 -0.0875423 -0.0232634 -0.0748507 0.0205991 0.0177617 0.0264688
-0.0310881 -0.0680577 -0.0630804 -0.00889782 -0.018779 0.0150611 -0.0260311 -0.0604238 -0.0604555 -0.00897966 -0.0150101 0.0164221
-0.0263286 0.025367 -0.0143646 -0.0122083 -0.00828727 -0.00963525 -0.023993 0.0271584 -0.0131498 -0.0147552 -0.0116643 -0.0100645
-0.0507452 -0.070939 -0.0605026 0.0410815 0.000404982 -0.00261201 -0.0495054 -0.0715742 -0.0607449 0.0409456 0.00712562 -0.00203747
-0.0188875 -0.00612332 0.0206636 -0.0296769 -0.00678792 -0.00403306 -0.0202329 -0.0100569 0.0144602 -0.0298442 -0.0117426 -0.00916994
-0.0279454 -0.0558852 -0.0476169 -0.00481488 0.00102264 0.00177413 -0.0359428 -0.0472187 -0.0471885 -0.00379583 0.00325435 -0.00267096
-0.0416758 -0.0225624 -0.00632416 -0.01702 0.022117 -0.0209542 -0.0373527 -0.0267793 -0.00237568 -0.0179573 0.0361619 -0.0209647
-0.0144834 -0.00612052 -0.00411561 -0.002642 0.0122188 -0.0330435 -0.0196461 -0.012811 -0.00592469 0.00169713 0.00693667 -0.031278
-0.0351558 -0.00452452 -0.061001 0.0340043 0.00309858 -0.022328 -0.0248515 -0.00370639 -0.0553901 0.0350733 0.00112611 -0.0264313
-0.0317465 -0.0633954 -0.0832729 -0.00684791 0.0090678 0.0141441 -0.0239388 -0.0600663 -0.0777679 -0.00683883 0.0108615 0.00814907
-0.0675624 -0.0759872 -0.0884512 0.0156826 -0.0174412 0.0119434 -0.0563185 -0.0706719 -0.0806169 0.0188746 -0.00973071 0.0150946
-0.033263 -0.0239325 -0.0134394 -0.0207123 -0.0171165 -0.00506313 -0.0308461 -0.0166096 -0.00216278 -0.0246721 -0.0238167 -0.0111566
-0.0854863 -0.0916199 -0.0712828 0.00791516 0.0206088 0.0196882 -0.0789686 -0.0841971 -0.0704124 0.0169709 0.0246383 0.0255363
-0.0324633 -0.0164119 -0.0361222 -0.000816747 0.0266324 -0.00702256 -0.0252294 -0.0102105 -0.0310358 -0.00248654 0.0198186 -0.0135978
-0.0399247 -0.0279892 -0.0270777 0.00746254 0.0202427 -0.0038196 -0.0390516 -0.029873 -0.0226223 0.00983821 0.0235157 -0.00315519
-0.0909125 -0.090054 -0.0707636 -0.0292045 0.0270861 -0.0166015 -0.0890736 -0.0818426 -0.0588366 -0.0303984 0.0289928 -0.0162044
-0.0578433 -0.0346335 -0.0207107 0.0123308 -0.00135004 -0.000149753 -0.0570414 -0.0319072 -0.0200538 0.0113488 4.53704e-06 0.000288889
-0.0715908 -0.0414669 -0.0725785 -0.00391259 0.0255194 -0.00596625 -0.0667989 -0.0334437 -0.0668362 -0.00395478 0.0218551 -0.00915586
-0.0974085 -0.0603835 -0.0459992 -0.0172023 -0.00465884 0.00239589 -0.0876777 -0.0426982 -0.0409027 -0.013476 0.000632747 0.00535336
-0.0285029 -0.0351082 0.0278543 0.0358602 0.000702965 -0.0119859 -0.0216098 -0.0346136 0.0310817 0.0388051 7.38889e-05 -0.00523139
-0.0579053 -0.033409 -0.0446568 -0.0294438 -0.00459245 -0.013209 -0.0594057 -0.0340306 -0.0414671 -0.0325481 -0.00682633 -0.00951046
-0.0364092 -0.101919 -0.0792205 0.00540216 -0.0154233 -0.00770261 -0.0286432 -0.0906676 -0.0783041 0.00414145 -0.0161974 -0.0104641
-0.0671206 -0.0867968 -0.0479123 0.0130022 -0.0053413 -0.0260041 -0.0614871 -0.0931138 -0.0426871 0.0129979 -0.0084371 -0.0290848
-0.152859 -0.144405 -0.0854959 0.000226631 -0.00746198 -0.0217642 -0.145634 -0.141528 -0.0804469 0.00324265 -0.0122724 -0.0202817
-0.0968 -0.0837166 -0.137963 0.00519491 -0.00349247 0.0139532 -0.0932144 -0.0915044 -0.136284 0.00732518 -0.00617654 0.0168471
-0.10188 -0.0790323 -0.0344633 0.00460311 -0.0247996 0.0235724 -0.0967131 -0.0873726 -0.0334314 0.00109404 -0.023371 0.0251351
-0.107507 -0.106443 -0.100231 -0.00376354 0.0104888 0.0345749 -0.107409 -0.108526 -0.0901963 -0.00432673 0.0133203 0.0280894
-0.0450228 -0.0658237 -0.0501924 0.0015763 -0.00636308 0.00210219 -0.0315261 -0.0625411 -0.0558965 -0.00864682 -0.0110602 -0.000453673
-0.0705338 -0.0321368 -0.0819458 -0.00807774 0.0242433 0.00535491 -0.0647966 -0.0280855 -0.0816347 -0.0080512 0.023446 -0.00272716
-0.0721226 -0.141514 -0.100665 -0.0146219 -0.000540449 0.00227416 -0.0738735 -0.134446 -0.0976157 -0.0202052 -0.000544938 0.000867191
-0.106723 -0.120407 -0.0877162 0.00345738 0.00842898 -0.0112293 -0.10864 -0.120511 -0.0882367 -0.00176586 0.00587815 -0.0113053
-0.150966 -0.16167 -0.120399 -0.0123172 0.0262677 0.0427573 -0.158086 -0.166129 -0.122526 -0.0043612 0.0319003 0.0410641
-0.14528 -0.20038 -0.131644 -0.0150066 0.0144945 -0.0297266 -0.149023 -0.198661 -0.123165 -0.012495 0.00953481 -0.0298485
-0.0894588 -0.111713 -0.126669 -0.0184378 0.0344652 0.0134852 -0.0819149 -0.107763 -0.119749 -0.0273727 0.0346361 0.0184888
-0.183975 -0.138562 -0.141228 -0.00699771 0.00595713 -0.00814333 -0.185527 -0.131306 -0.132527 -0.0107904 0.0088129 -0.0110017
-0.107668 -0.101318 -0.0656626 -0.00521702 0.0178154 -0.0100977 -0.107268 -0.0968129 -0.0641861 3.14815e-05 0.0184203 -0.00983651
-0.158112 -0.0799769 -0.0400584 0.00691709 -0.0256031 -0.0172941 -0.159243 -0.0790861 -0.037424 0.0106195 -0.0215518 -0.0120208
-0.0847542 -0.0724695 -0.0784746 -0.00631511 0.0324813 -0.0127016 -0.080416 -0.0613715 -0.0814356 -0.00419296 0.0288502 -0.00834812
-0.154544 -0.1429 -0.162247 -0.0107146 0.00239738 -0.0191444 -0.152278 -0.13788 -0.153045 -0.0106124 0.00554025 -0.0219919
-0.140926 -0.0743771 -0.0684554 0.00679686 0.0172033 0.0101161 -0.138619 -0.0729769 -0.0635291 0.0129712 0.0199182 0.018473
-0.238494 -0.189282 -0.172881 0.0120553 0.0011587 0.0165517 -0.25288 -0.183137 -0.178846 0.0233602 -0.00422191 0.00590661
-0.122992 -0.137731 -0.165357 0.0235489 0.0038906 0.0441888 -0.122734 -0.13936 -0.159413 0.0167293 0.0116912 0.0466281
-0.0974773 -0.106501 -0.0892124 0.00406695 0.0188997 0.0366917 -0.113975 -0.113073 -0.0887861 0.00385213 0.0212781 0.0390209
-0.132414 -0.179121 -0.175387 -0.00167085 -0.0275259 0.0125442 -0.133044 -0.180659 -0.180764 0.000172562 -0.0319749 0.0103548
-0.223852 -0.0919671 -0.135511 -0.0112878 0.0235147 -0.0277019 -0.223267 -0.0908062 -0.123429 -0.016475 0.0256628 -0.0278447
-0.0887188 -0.0280526 -0.085666 -0.0337526 0.0473398 -0.0140588 -0.0826455 -0.0171766 -0.0880463 -0.0477732 0.0444273 -0.0213463
-0.160003 -0.185796 -0.166041 0.0331614 0.0121051 -0.0038647 -0.158989 -0.19367 -0.161661 0.0334345 0.0127507 0.000343086
-0.112731 -0.162256 -0.140431 0.0319624 -0.0076082 -0.0327478 -0.128297 -0.16349 -0.14054 0.0274354 -0.0112221 -0.0340176
-0.210973 -0.215983 -0.152945 -0.0256993 0.00411915 -0.00561072 -0.211648 -0.216277 -0.14941 -0.0262359 0.00564583 -0.0130952
0.59089 0.576823 0.511813 -0.0138318 0.00914975 0.0254437 0.596334 0.579761 0.509947 -0.0124962 0.00578605 0.0275787
0.491053 0.461353 0.501515 -0.010433 0.0177024 0.0239377 0.501996 0.472982 0.488427 -0.00962932 0.0146102 0.0226338
0.478206 0.490581 0.528287 -0.0187131 0.00701079 0.0215954 0.486464 0.49701 0.518657 -0.0188474 0.00668449 0.0183625
0.532391 0.495588 0.494124 0.00712805 0.0220945 -0.00416193 0.539541 0.507208 0.481322 0.00734807 0.0300861 -0.00835318
0.505367 0.51258 0.53484 -0.0108339 0.00518459 -0.000171299 0.512243 0.520325 0.515495 -0.009515 0.00785384 -0.000198825
0.4946 0.490321 0.436863 -0.0357141 -0.0330198 0.0413796 0.50885 0.495848 0.414903 -0.0356445 -0.0291005 0.0414109
0.488192 0.505097 0.504293 0.024217 0.00128334 -0.0307337 0.498392 0.523543 0.483945 0.0292656 -0.000373818 -0.0337296
0.552303 0.543903 0.525007 -0.0231802 -0.0173618 0.0223457 0.575362 0.559968 0.507377 -0.0189264 -0.0158505 0.02393
0.518403 0.539971 0.552296 -0.0389448 0.0267676 0.0424818 0.535115 0.553448 0.530728 -0.03963 0.0283006 0.0395456
0.473978 0.494586 0.529734 -0.0179268 0.0379645 0.0132216 0.489804 0.509392 0.507771 -0.0233042 0.0424822 0.0136777
0.494404 0.485431 0.49254 0.0116484 -0.0238836 -0.0138445 0.510091 0.499573 0.468233 0.0121352 -0.0198425 -0.0106548
0.482382 0.518324 0.520127 -0.0147348 -0.0243913 0.0328431 0.499542 0.529931 0.499533 -0.0186757 -0.0205583 0.0322176
0.482992 0.477042 0.466114 -0.00727245 -0.018272 -0.0239282 0.500183 0.491557 0.437291 -0.0124808 -0.017993 -0.0290881
0.515648 0.42713 0.381345 0.00266592 -0.0368546 0.0188745 0.529546 0.43829 0.340629 0.000287188 -0.0359452 0.0164907
0.522528 0.432726 0.479619 0.00412738 -0.00406315 0.008696 0.538656 0.449574 0.442541 0.00809021 -0.0063881 0.0103197
0.527114 0.539387 0.489606 0.00151806 -0.00614071 -0.00735517 0.540908 0.548221 0.464531 0.00531655 -0.00982262 -0.00688488
0.455904 0.449941 0.444571 -0.0110321 0.0288157 -0.0120387 0.464484 0.459231 0.416244 -0.012417 0.0226266 -0.0139518
0.469355 0.463072 0.454237 0.0259802 -0.00270187 0.00165291 0.479056 0.474531 0.432102 0.0235234 -0.00697139 0.00251799
0.456159 0.496162 0.512726 -0.0179716 0.0137939 -0.0119219 0.463353 0.5101 0.493289 -0.0124173 0.0107549 -0.00532955
0.513918 0.511022 0.503103 -0.0233689 0.0128063 0.00176589 0.525729 0.523584 0.47875 -0.0252382 0.00782467 0.000358717
0.532512 0.524871 0.506482 -0.0212214 0.00112414 0.000941415 0.540623 0.541713 0.484638 -0.0177557 0.00241462 0.00222113
0.536238 0.495325 0.483097 0.00775237 -0.000202215 -0.0159658 0.546511 0.498299 0.447078 0.0103927 0.00317047 -0.01526
0.517254 0.4964 0.533734 -0.0104542 -0.00412271 0.00665693 0.53142 0.500724 0.496329 -0.00755113 -0.00359932 0.0119681
0.469974 0.491762 0.470973 0.0063351 -0.0478526 0.000720585 0.480938 0.511619 0.447728 0.00467247 -0.0414949 0.00136644
0.504977 0.497689 0.476732 -0.0414729 -0.00591404 -0.00828905 0.520456 0.512299 0.446583 -0.0386014 0.00368768 -0.00461093
0.418368 0.505035 0.436853 -0.0370457 -0.0210833 0.0134446 0.434262 0.518955 0.413327 -0.036378 -0.0166408 0.0142824
0.446811 0.458671 0.448185 -0.00550143 -0.0195111 0.0164295 0.464845 0.463451 0.426778 -0.00359926 -0.0193163 0.0166981
0.531084 0.44099 0.436244 0.00695851 -0.0419045 0.0177884 0.54588 0.451185 0.408392 0.00917919 -0.044125 0.0192583
0.496894 0.518885 0.517744 -0.00134529 -0.0292504 0.0133712 0.512109 0.531978 0.486886 0.0013269 -0.0286617 0.01381
0.503591 0.514887 0.496125 -0.0340706 -0.0324899 0.0381884 0.511098 0.52237 0.463088 -0.0297319 -0.0307924 0.0447967
0.507422 0.546084 0.520939 -0.015523 0.0109773 0.010523 0.521642 0.552766 0.49414 -0.0146166 0.0153201 0.00547787
0.475414 0.494662 0.475318 -0.00266989 0.0178206 0.0141244 0.494798 0.510692 0.450005 -0.0026574 0.0183159 0.0119151
0.404174 0.427067 0.481562 -0.00288214 0.0227371 0.00395784 0.421029 0.439909 0.449746 -0.00213493 0.0261804 0.00357384
0.471008 0.437688 0.527669 0.0123572 -0.000132273 -0.0219991 0.485713 0.45283 0.496598 0.00959584 0.00145682 -0.0151579
0.466977 0.499892 0.478389 -0.0321507 0.0313428 0.015899 0.478643 0.516632 0.447118 -0.0285485 0.0339428 0.0276199
0.483456 0.486639 0.4819 0.00123606 0.00163014 0.0181024 0.498671 0.502238 0.456813 0.00255845 -0.00432412 0.0281902
0.49749 0.514447 0.47483 0.011074 0.00531398 -0.0427332 0.513923 0.532371 0.448777 0.0114585 0.00609933 -0.0401985
0.470561 0.496334 0.445941 -0.0259649 -0.00305812 -0.0296542 0.481338 0.510279 0.42477 -0.0287583 -0.00297938 -0.0242143
0.554727 0.494879 0.514341 0.00523884 0.0403141 -0.01554 0.566596 0.510645 0.486735 0.00362086 0.0353158 -0.0101766
0.529088 0.50978 0.477452 0.0280282 -0.00423578 -0.0254871 0.541784 0.524056 0.447728 0.0288399 -0.0056152 -0.0195754
0.42906 0.465149 0.460649 0.0153053 0.0144712 -0.0171091 0.441214 0.474781 0.436288 0.0112695 0.0215295 -0.0116737
0.4721 0.45059 0.4678 0.00740414 0.0300168 -0.0238262 0.477946 0.466229 0.439461 0.0056015 0.0336037 -0.0176479
0.536665 0.500803 0.451896 -0.0159355 0.0160546 0.0149687 0.542132 0.509406 0.425428 -0.017647 0.02556 0.014244
0.557319 0.480245 0.540489 0.00484396 -0.02872 -0.0144956 0.574418 0.499356 0.51274 0.00708409 -0.0290044 -0.0164393
0.404458 0.425709 0.40846 -0.00364179 0.0144813 0.0254737 0.412015 0.445659 0.375262 0.000109058 0.0117885 0.0208607
0.463375 0.481065 0.489023 0.0236859 0.00611153 0.00377748 0.468537 0.491436 0.461477 0.0253292 0.0059305 0.00792018
0.509473 0.467581 0.51097 -0.00556716 0.0333309 -0.026197 0.520441 0.47866 0.48747 -0.00924781 0.0365169 -0.0259259
0.519733 0.515105 0.489937 0.0216657 0.00145157 -0.00109083 0.535028 0.515201 0.471548 0.0208646 -0.00487036 -0.00197311
0.383099 0.496366 0.475485 0.0133347 0.0291319 0.0108414 0.398206 0.506128 0.455958 0.0111434 0.0263339 0.0118919
0.431153 0.455046 0.519902 0.00173574 -0.017922 0.0476967 0.455659 0.471392 0.501883 0.00350457 -0.0120601 0.0531275
0.486882 0.442048 0.467878 0.027153 0.0202933 -0.0239159 0.503242 0.459107 0.43819 0.025107 0.0297715 -0.0164814
0.447922 0.430107 0.474725 -0.00487265 0.034947 -0.00870803 0.471172 0.443209 0.440506 -0.00583341 0.0401091 -0.00628539
0.483427 0.424589 0.491694 0.0107397 -0.0176205 0.00375373 0.496688 0.431562 0.459962 0.00973412 -0.019569 0.00119842
0.440407 0.407759 0.432008 0.0253184 0.024696 -0.000458824 0.456583 0.42497 0.396817 0.017815 0.0265729 -0.0039749
0.496231 0.452029 0.466362 0.00491232 0.00872787 -0.0158878 0.509129 0.470489 0.428815 0.00646476 0.0101783 -0.0191879
0.41857 0.43648 0.422875 0.0219326 0.00850731 -0.0122059 0.435533 0.457982 0.390822 0.0202875 0.0101829 -0.0169859
0.455031 0.473034 0.438423 -0.000714519 -0.0247673 -0.00101373 0.476053 0.486612 0.408721 0.00646751 -0.0226818 -0.00187927
0.44231 0.502545 0.467017 -0.0129862 -0.00594642 -0.0183566 0.456453 0.517509 0.431636 -0.0097893 -0.00438538 -0.0199016
0.503286 0.473862 0.457087 0.0108702 0.0307831 -0.000905597 0.515222 0.489658 0.435429 0.0103241 0.0356842 -0.00486856
0.50964 0.50512 0.527933 0.0138603 0.0314781 0.00763128 0.521217 0.518858 0.507827 0.00764198 0.0302083 0.0111557
0.483665 0.534214 0.449796 0.00827439 0.000963724 -0.0121399 0.504821 0.54889 0.42597 0.00620364 -0.000489849 -0.0088934
0.499441 0.477342 0.461003 -0.0320137 0.0152863 0.00686614 0.511372 0.491444 0.41625 -0.0323028 0.0111877 0.0095386
0.489749 0.488698 0.465206 -0.00147402 0.00947571 0.00679165 0.5076 0.502474 0.438178 -0.00513824 0.0101108 0.00565331
0.52475 0.45464 0.481418 -0.034191 0.0113401 -0.00298085 0.542383 0.477197 0.450971 -0.0324805 0.0125456 -0.000591478
0.474748 0.46907 0.453944 0.00961344 0.0163507 0.041768 0.487422 0.491111 0.417613 0.0134806 0.0169343 0.0366524
0.580357 0.528029 0.517279 0.0295126 0.0016549 -0.00713524 0.5879 0.548651 0.484694 0.0297043 0.00162256 -0.0139162
0.455737 0.43124 0.386767 -0.00987864 -0.0166998 0.0134502 0.466096 0.453428 0.363898 -0.00788151 -0.0217404 0.00389812
0.514664 0.51623 0.497463 0.00771053 -0.0257608 -0.0114273 0.530962 0.537356 0.472194 0.00200855 -0.0286067 -0.0125333
0.485991 0.510273 0.431898 -0.0400126 0.00101571 -0.00283531 0.499664 0.52825 0.402918 -0.0411319 0.00417357 -0.00515274
0.503387 0.51178 0.483723 0.0110349 0.0183246 -0.0303823 0.522065 0.523457 0.449076 0.0110458 0.0153359 -0.0337362
0.495848 0.481424 0.464654 -0.0224587 0.00951049 -0.00700003 0.516342 0.488046 0.436053 -0.0191252 0.0031741 -0.00967488
0.434536 0.456984 0.472641 0.0064115 0.00137187 -0.0130184 0.4505 0.469759 0.452881 0.0126881 -0.00119268 -0.0197018
0.48465 0.516491 0.498614 -0.00578464 0.000415948 -0.0051876 0.497212 0.527929 0.475989 -0.0037669 -0.00091133 -0.0126598
0.457111 0.409122 0.464753 0.0301249 -0.0219056 0.0263497 0.472787 0.422172 0.440634 0.0281877 -0.0173578 0.0204658
0.479785 0.447263 0.42001 0.0195636 0.0505968 -0.010469 0.490183 0.467166 0.390999 0.0221723 0.0509081 -0.0190734
0.51877 0.463188 0.490606 -0.000442249 -0.00237731 0.0274794 0.529429 0.481431 0.464891 0.000226242 0.00414591 0.0291769
0.486241 0.482526 0.461026 0.0413742 -0.00908204 -0.0058039 0.498656 0.499343 0.436234 0.038627 -0.00519376 -0.00406167
0.516662 0.45939 0.471167 -0.0168604 -0.0221064 0.0105681 0.54037 0.47739 0.442546 -0.0106226 -0.0233672 0.00785133
0.513928 0.501413 0.477213 -0.00989604 -0.00168601 -0.00225561 0.541177 0.516255 0.454999 -0.00750543 0.00234323 -0.00161899
0.517403 0.522491 0.483943 0.00305051 -0.0408083 0.003751 0.536441 0.542495 0.455156 -0.000154795 -0.0419589 0.00467779
0.488162 0.475175 0.458877 -0.0456067 -0.0023097 -0.0225763 0.502701 0.488967 0.4244 -0.0469318 -0.00632691 -0.0205669
0.454009 0.474555 0.474512 0.00406827 0.0308495 -0.0166947 0.467391 0.487178 0.446602 0.0058357 0.0342016 -0.0116085
0.53056 0.487494 0.527544 0.00955467 -0.00372342 0.00586363 0.539492 0.49987 0.496092 0.0083294 -0.00511729 0.00647786
0.434664 0.463535 0.44778 -0.0135007 0.00589861 0.00532576 0.449945 0.468917 0.411915 -0.0164343 0.00371753 0.00529228
0.5353 0.530913 0.53442 0.0148362 -0.0135522 0.0144883 0.554796 0.532726 0.503015 0.0115756 -0.016275 0.0134039
0.466095 0.482092 0.423443 0.02224 0.0144385 -0.00786979 0.487853 0.496664 0.383915 0.0178151 0.0153106 -0.00553769
0.54503 0.514587 0.537594 0.00309466 -0.000308033 -0.0123823 0.567523 0.534455 0.501891 0.000857284 0.00573896 -0.0139487
0.538624 0.514829 0.512764 0.00477453 -0.0268494 -0.021459 0.556507 0.533194 0.479368 0.000558307 -0.0180317 -0.0182169
0.485939 0.520552 0.528611 -0.071587 -0.00464837 -0.0305917 0.506832 0.535802 0.50126 -0.0707666 -0.000268957 -0.0260002
0.546775 0.492699 0.503675 -0.0273965 -0.01962 0.0104634 0.570476 0.509754 0.483036 -0.0267341 -0.0233081 0.0152906
0.531783 0.534395 0.600943 -0.0308814 0.0104678 -0.0107059 0.550635 0.54792 0.575141 -0.0297977 0.00832705 -0.00828902
0.502014 0.464374 0.472893 -0.0177527 -0.000893414 -0.00176904 0.52149 0.477768 0.441778 -0.0148055 6.34959e-05 0.00207226
0.50801 0.513184 0.498504 -0.0250998 0.00259519 -0.0167236 0.528817 0.533121 0.469805 -0.0253413 -0.000125908 -0.0148643
0.457223 0.500516 0.439872 -0.00660126 -0.0238655 0.0120551 0.470949 0.519959 0.416317 -0.00768026 -0.0293834 0.0175707
0.492304 0.512237 0.509403 -0.0235529 -0.0300468 0.0289196 0.495167 0.519875 0.477542 -0.0299271 -0.0356396 0.0300922
0.517973 0.531594 0.475814 0.0112202 -0.00335794 -0.00621353 0.530518 0.549348 0.445639 0.0101036 -0.00604745 -0.00706794
0.438181 0.443388 0.43368 -0.0264637 0.00973505 0.0149819 0.446404 0.457727 0.400485 -0.0306947 0.0091659 0.013525
0.534322 0.553844 0.467634 -0.0214444 0.0128233 -0.00869814 0.544041 0.565501 0.426561 -0.0227057 0.0185378 -0.0108487
0.507568 0.508897 0.520407 0.0346497 -0.0399487 -0.0327835 0.523756 0.520082 0.491315 0.0370108 -0.0342229 -0.030773
0.472979 0.515457 0.534077 0.00521383 0.0137668 0.00363868 0.482268 0.52557 0.505157 0.00593785 0.0167002 0.00147044
-0.00654952 -0.0172174 -0.0304888 -0.027519 -0.0170586 -0.029625 0.000229814 -0.0153992 -0.0485327 -0.0255029 -0.0135156 -0.0290263
-0.0695172 -0.0912291 -0.0776281 -0.0205968 0.00986424 0.00873307 -0.0623149 -0.087755 -0.0899125 -0.0235767 0.00829478 0.00812907
-0.0952672 -0.0895468 -0.151065 0.000860592 0.0204671 -0.0252743 -0.0875571 -0.0796945 -0.161727 0.00355993 0.0201806 -0.0262755
-0.0571843 -0.021497 -0.0564429 0.00840296 0.0144455 0.0169917 -0.0439916 -0.00738524 -0.0698052 0.00822527 0.0147825 0.0138974
-0.0495218 -0.0928049 -0.127637 0.00534591 -0.0149967 0.0104364 -0.0381798 -0.0838797 -0.14815 0.00418163 -0.0157196 0.013875
-0.102799 -0.088104 -0.113492 0.00702593 0.0243527 0.0121752 -0.092125 -0.0690406 -0.130466 0.0103352 0.0207619 0.0138117
-0.130513 -0.0338388 -0.0192232 -0.00544481 0.0110772 0.0171064 -0.116951 -0.0251008 -0.0281814 -0.00375095 0.0144819 0.011195
-0.0772512 -0.0734157 -0.0894782 -0.00151955 0.00673218 -0.0164306 -0.0680021 -0.0638963 -0.10929 0.000509322 0.00626176 -0.0178747
-0.0777742 -0.0895332 -0.111484 0.0269213 0.010663 0.0272569 -0.0701119 -0.0841545 -0.122141 0.0319762 0.0123179 0.0265374
-0.103249 -0.106106 -0.0591618 0.0147263 -0.0201766 0.0254401 -0.091543 -0.0959842 -0.0736197 0.01774 -0.0224153 0.0216189
-0.0514834 -0.052348 0.00937378 0.0319157 0.00191892 0.0078475 -0.0412357 -0.0485981 -0.0018942 0.0321789 0.0015692 0.0104597
-0.153021 -0.145067 -0.104838 -0.0175446 0.0244503 0.000236651 -0.141631 -0.135172 -0.116559 -0.015652 0.0251182 0.00506768
-0.0290761 -0.107747 -0.00926031 -0.000487507 -0.0110606 0.0021203 -0.0207263 -0.0956683 -0.0249834 -0.00126892 -0.0153821 0.0055238
-0.0554143 -0.0599125 -0.0623324 -0.00463165 0.0157654 -0.0204918 -0.0511007 -0.0570433 -0.0803945 -0.00987437 0.014749 -0.0151101
-0.171769 -0.0963973 -0.112999 -0.0153775 -0.0210682 -0.030128 -0.159986 -0.0802431 -0.112801 -0.0157284 -0.0164161 -0.0296109
-0.0592537 -0.078913 -0.0688839 0.0434899 0.0419205 -0.00467417 -0.0517508 -0.0664454 -0.0605584 0.0372174 0.0366144 0.00194595
-0.0396612 -0.0377781 -0.121916 0.00371393 0.0133274 -0.0144002 -0.0271151 -0.0269675 -0.107215 0.000299932 0.0152342 -0.0161782
-0.119529 -0.117868 -0.182764 0.000125602 0.0060065 -0.0286716 -0.110626 -0.105268 -0.169847 0.0042911 0.00356569 -0.0233361
-0.157779 -0.112762 -0.0852974 0.00565981 -0.03 0.013844 -0.159588 -0.0956225 -0.0649164 0.00546956 -0.0335636 0.0168883
-0.128355 -0.102202 -0.109247 0.0454001 -0.0273133 -0.0109923 -0.103278 -0.0929517 -0.0934532 0.0453087 -0.0203196 -0.00802464
-0.146884 -0.129677 -0.125372 -0.0130147 -0.0285175 0.0348239 -0.124532 -0.114964 -0.138277 -0.0110862 -0.0257961 0.0359438
-0.0841427 -0.0728462 -0.0305944 0.00576787 0.0408319 -0.0192152 -0.0732066 -0.0667428 -0.0394443 0.00488917 0.047279 -0.0182277
-0.0971234 -0.0290012 -0.039287 -0.0249129 -0.0126641 0.0206168 -0.0868626 -0.0145908 -0.0449216 -0.0193618 -0.0142318 0.0221303
-0.0780314 -0.0601449 -0.070246 -0.00607362 -0.00302777 -0.0178316 -0.0662429 -0.0477648 -0.0774323 -0.00494032 -0.00511222 -0.0102464
-0.135626 -0.107666 -0.111167 0.0203308 0.0159382 0.0117517 -0.121994 -0.093863 -0.124553 0.0166482 0.0112075 0.0141213
-0.105468 -0.0762521 -0.106165 0.0359542 0.0478501 0.00559765 -0.10466 -0.0718324 -0.0969151 0.0376914 0.0436475 0.00959383
-0.100385 -0.108947 -0.134508 -0.0316565 0.0236975 -0.00602503 -0.0888355 -0.0973767 -0.12555 -0.0372932 0.0160724 -0.00827675
-0.0671202 -0.12181 -0.145633 -0.00811338 0.00443169 -0.0316451 -0.0553275 -0.10849 -0.15421 -0.00968998 0.00730156 -0.0329622
-0.104522 -0.0911009 -0.134597 0.0296856 0.02039 -0.0151691 -0.10205 -0.0855932 -0.121556 0.0310982 0.0194566 -0.0134464
-0.0878909 -0.0558815 -0.103158 0.0283469 -0.0387774 0.0146218 -0.076593 -0.0480715 -0.0874846 0.0306282 -0.034004 0.016882
-0.0441617 -0.00923475 -0.12884 -0.00613976 0.00807151 -0.0194097 -0.0357187 -0.000765881 -0.122795 -0.00458878 0.0115893 -0.0212529
-0.0366047 -0.0444066 -0.0333621 -0.00339789 0.028827 0.0184346 -0.0373552 -0.0295963 -0.021203 0.00703129 0.0334968 0.0136075
-0.0609661 -0.0426132 -0.0141247 -0.00175265 0.0117657 0.00809853 -0.0534466 -0.0466644 -0.00581161 0.000557763 0.0108435 0.0114233
-0.135725 -0.140942 -0.10475 0.020254 0.0068971 0.0139093 -0.125284 -0.137577 -0.104958 0.020502 0.00981476 0.0138262
-0.115889 -0.0604707 -0.129292 -0.0308815 0.0178915 0.00194781 -0.0978446 -0.058191 -0.119297 -0.0343194 0.0111876 0.00685715
-0.12927 -0.174638 -0.170039 0.0289828 -0.0221563 -0.0118226 -0.119191 -0.169793 -0.164089 0.0309299 -0.0230438 -0.0182944
-0.0437626 -0.0682398 -0.096917 -0.0073805 0.0292697 0.0134528 -0.0458051 -0.0590462 -0.0935241 -0.0112159 0.02848 0.011134
-0.0940855 -0.0769402 -0.0744314 -0.00231124 -0.0142817 0.0183234 -0.0917843 -0.0691462 -0.0578542 -0.0103532 -0.0122452 0.0259322
-0.00501074 -0.097987 -0.0905796 0.0451834 -0.0300885 0.020555 0.000241441 -0.104947 -0.0770773 0.0512846 -0.0251935 0.0231337
-0.0996548 -0.0340694 -0.0925651 -0.0236503 0.0123855 -0.0377795 -0.0902591 -0.0265462 -0.0797013 -0.0210168 0.0108401 -0.0360438
