-3.56328 -3.56465
-3.55477 -3.55619
-3.55361 -3.55295
-3.56607 -3.5667
-3.55876 -3.55741
-3.54958 -3.54908
-3.55871 -3.55765
-3.56316 -3.56288
-3.56039 -3.56001
-3.56165 -3.56102
-3.56332 -3.56286
-3.55212 -3.55275
-3.55741 -3.55745
-3.55433 -3.55563
-3.56664 -3.56705
-3.55972 -3.56066
-3.55301 -3.55491
-3.55627 -3.55678
-3.57036 -3.56991
-3.55023 -3.54975
-3.56028 -3.55986
-3.54756 -3.54909
-3.55989 -3.56082
-3.55855 -3.5589
-3.55534 -3.55581
-3.54515 -3.54614
-3.55185 -3.55044
-3.55857 -3.55806
-3.56136 -3.56024
-3.55339 -3.55427
-3.55857 -3.55649
-3.55599 -3.55585
-3.55483 -3.55368
-3.55438 -3.55308
-3.55569 -3.55522
-3.55465 -3.55444
-3.5606 -3.55869
-3.55719 -3.55606
-3.54804 -3.5469
-3.55162 -3.55237
-3.5485 -3.55065
-3.55662 -3.55754
-3.55268 -3.55305
-3.5594 -3.55922
-3.55376 -3.55308
-3.55738 -3.55809
-3.56072 -3.56188
-3.55414 -3.55403
-3.56839 -3.56965
-3.56079 -3.56095
-3.54731 -3.54768
-3.58482 -3.58363
-3.50573 -3.50511
-3.56829 -3.56857
-3.49184 -3.4927
-3.55693 -3.55583
-3.52373 -3.52373
-3.60219 -3.60236
-3.54223 -3.54134
-3.52925 -3.52764
-3.57377 -3.57474
-3.56036 -3.56175
-3.4965 -3.49719
-3.60086 -3.60159
-3.59351 -3.59293
-3.58471 -3.58376
-3.55389 -3.55685
-3.52473 -3.52584
-3.58169 -3.57888
-3.58885 -3.59102
-3.61553 -3.61536
-3.58699 -3.58632
-3.49559 -3.497
-3.62083 -3.62179
-3.46451 -3.4647
-3.6436 -3.64397
-3.6406 -3.64046
-3.63859 -3.63846
-3.6351 -3.63486
-3.64159 -3.64144
-3.63867 -3.63831
-3.64471 -3.64456
-3.64217 -3.64245
-3.64535 -3.64557
-3.63592 -3.63548
-3.64426 -3.64433
-3.62141 -3.62093
-3.64523 -3.64545
-3.63285 -3.63244
-3.64129 -3.64115
-3.63402 -3.63376
-3.62554 -3.62511
-3.64411 -3.64415
-3.64472 -3.64484
-3.64436 -3.64444
-3.6451 -3.6452
-3.62643 -3.62601
-3.64473 -3.6446
-3.62216 -3.62167
-3.64361 -3.64407
-3.69222 -3.69201
-3.69145 -3.69223
-3.68864 -3.68965
-3.69127 -3.69172
-3.69152 -3.69207
-3.68869 -3.68954
-3.69065 -3.69091
-3.69043 -3.6907
-3.69026 -3.69107
-3.69009 -3.69065
-3.68697 -3.68617
-3.68691 -3.68604
-3.68398 -3.68467
-3.68343 -3.68284
-3.68535 -3.68511
-3.68424 -3.68437
-3.68484 -3.68461
-3.68281 -3.68253
-3.684 -3.68419
-3.6841 -3.68476
-3.66415 -3.66445
-3.66809 -3.66706
-3.66263 -3.66317
-3.66964 -3.66953
-3.66804 -3.66865
-3.65755 -3.65656
-3.66365 -3.66261
-3.66791 -3.6669
-3.66492 -3.66405
-3.66474 -3.66496
-3.63384 -3.63324
-3.63445 -3.63431
-3.63284 -3.63221
-3.63825 -3.63822
-3.63123 -3.63078
-3.63237 -3.63287
-3.63517 -3.6342
-3.63205 -3.63205
-3.63782 -3.63644
-3.6323 -3.63241
-3.60944 -3.6095
-3.60742 -3.60616
-3.61379 -3.6143
-3.60438 -3.60562
-3.60502 -3.60363
-3.60922 -3.60923
-3.59812 -3.5979
-3.60663 -3.60588
-3.60634 -3.60528
-3.60736 -3.60836
-3.58802 -3.58561
-3.58205 -3.58053
-3.57859 -3.5779
-3.5913 -3.59024
-3.58058 -3.5815
-3.58636 -3.58725
-3.57848 -3.5774
-3.58476 -3.58487
-3.58351 -3.58417
-3.58326 -3.58245
-3.55434 -3.5527
-3.56271 -3.56279
-3.5651 -3.56319
-3.56364 -3.56282
-3.55966 -3.5591
-3.56117 -3.56373
-3.56534 -3.56446
-3.56654 -3.56624
-3.5632 -3.56266
-3.55294 -3.55146
-3.53743 -3.5368
-3.53933 -3.54054
-3.53379 -3.5332
-3.52394 -3.52081
-3.53572 -3.53491
-3.54692 -3.54567
-3.53863 -3.53744
-3.53931 -3.53785
-3.54026 -3.53913
-3.60943 -3.60873
-3.61531 -3.61556
-3.62008 -3.61972
-3.62149 -3.62021
-3.61575 -3.61476
-3.6277 -3.62849
-3.6193 -3.61793
-3.6214 -3.62132
-3.62285 -3.62409
-3.61787 -3.61784
-3.61467 -3.61665
-3.61886 -3.62045
-3.61201 -3.61423
-3.62137 -3.62224
-3.61468 -3.61494
-3.60998 -3.61106
-3.60382 -3.60534
-3.61288 -3.61362
-3.61758 -3.61873
-3.61714 -3.61826
-3.55432 -3.55547
-3.61786 -3.61778
-3.56891 -3.56731
-3.57162 -3.57096
-3.56898 -3.56911
-3.56715 -3.56676
-3.61211 -3.61263
-3.61768 -3.61761
-3.61672 -3.61777
-3.57086 -3.56946
-3.61515 -3.61499
-3.61366 -3.61343
-3.61962 -3.61973
-3.57045 -3.5698
-3.61974 -3.61919
-3.61706 -3.61646
-3.61499 -3.61492
-3.5746 -3.57367
-3.56837 -3.56863
-3.5682 -3.56844
-3.5656 -3.5648
-3.56025 -3.55953
-3.6104 -3.61089
-3.56593 -3.56721
-3.56753 -3.56812
-3.60907 -3.61032
-3.56503 -3.56716
-3.56669 -3.56731
-3.60551 -3.60646
-3.56337 -3.56265
-3.61106 -3.61154
-3.56748 -3.56878
-3.56516 -3.5645
-3.61225 -3.61308
-3.6086 -3.60912
-3.62137 -3.62385
-3.61693 -3.6177
-3.60907 -3.6103
-3.5624 -3.56416
-3.56352 -3.56435
-3.61198 -3.61397
-3.57455 -3.579
-3.66034 -3.65593
-3.59001 -3.58755
-3.69553 -3.69479
-3.60228 -3.60097
-3.60406 -3.60358
-3.67589 -3.67396
-3.60465 -3.60538
-3.69767 -3.69821
-3.59677 -3.59762
-3.6027 -3.60208
-3.59493 -3.59805
-3.68869 -3.68833
-3.62783 -3.62704
-3.69078 -3.69234
-3.60237 -3.60453
-3.69683 -3.69627
-3.5744 -3.57539
-3.60177 -3.59698
-3.59931 -3.60023
-3.59129 -3.59396
-3.59775 -3.60285
-3.5859 -3.58734
-3.57606 -3.57166
-3.56413 -3.56685
-3.59326 -3.59613
-3.58931 -3.59523
-3.56649 -3.56705
-3.58989 -3.58785
-3.61843 -3.62263
-3.7014 -3.70189
-3.7021 -3.70229
-3.70072 -3.70057
-3.70243 -3.70236
-3.69817 -3.69833
-3.70032 -3.70057
-3.70305 -3.70343
-3.69942 -3.69952
-3.70242 -3.70293
-3.70133 -3.70131
-3.7024 -3.70252
-3.70252 -3.70286
-3.69894 -3.69955
-3.703 -3.70361
-3.70276 -3.7028
-3.70301 -3.70355
-3.70205 -3.70224
-3.70365 -3.70389
-3.69902 -3.69861
-3.70265 -3.70313
-3.69101 -3.69161
-3.68799 -3.68858
-3.69136 -3.69212
-3.69047 -3.69042
-3.68965 -3.68982
-3.69055 -3.69047
-3.6884 -3.68915
-3.69028 -3.69159
-3.692 -3.69292
-3.68893 -3.68905
-3.68609 -3.68643
-3.68444 -3.6841
-3.68355 -3.68327
-3.68623 -3.68587
-3.68467 -3.68525
-3.68295 -3.68283
-3.68607 -3.68629
-3.68393 -3.68439
-3.68445 -3.68411
-3.68276 -3.68323
-3.66783 -3.66818
-3.66472 -3.66368
-3.66724 -3.66672
-3.66171 -3.66137
-3.66476 -3.66381
-3.66496 -3.66509
-3.66244 -3.66216
-3.66317 -3.66339
-3.6647 -3.66483
-3.6602 -3.66051
-3.63533 -3.63582
-3.63811 -3.63742
-3.63841 -3.63905
-3.63123 -3.63057
-3.63187 -3.63229
-3.63704 -3.63587
-3.63252 -3.63323
-3.63892 -3.63871
-3.63268 -3.63154
-3.6325 -3.63181
-3.6112 -3.6115
-3.60833 -3.60733
-3.60773 -3.60652
-3.61017 -3.6106
-3.60282 -3.60261
-3.60811 -3.6074
-3.60869 -3.60879
-3.60262 -3.60078
-3.61034 -3.61099
-3.60664 -3.60559
-3.58279 -3.5826
-3.57943 -3.5779
-3.58188 -3.57995
-3.58045 -3.57949
-3.5827 -3.58276
-3.57965 -3.58053
-3.58069 -3.58068
-3.58405 -3.5851
-3.57917 -3.5787
-3.57656 -3.5746
-3.55677 -3.55639
-3.56201 -3.56221
-3.552 -3.55248
-3.55252 -3.54986
-3.55237 -3.55168
-3.5619 -3.56083
-3.56002 -3.56023
-3.56254 -3.56184
-3.55886 -3.55926
-3.56119 -3.56069
-3.53039 -3.52907
-3.53434 -3.53368
-3.53402 -3.53219
-3.5404 -3.54016
-3.5371 -3.53666
-3.54856 -3.54867
-3.5323 -3.52993
-3.53619 -3.53532
-3.53767 -3.5369
-3.53881 -3.53887
