0.494179 0.460361 0.47706 -0.0362878 0.0472682 -0.0397228 0.493853 0.45786 0.472414 -0.0398588 0.0478158 -0.0404388
0.523691 0.469727 0.498277 0.0252635 0.0704802 0.026171 0.524542 0.458668 0.490102 0.0302711 0.0671501 0.0259524
0.453913 0.534333 0.432354 -0.00871879 -0.00575528 -0.00892906 0.445929 0.528378 0.430916 -0.0161442 0.00245853 -0.0146398
0.449586 0.426688 0.443558 -0.014653 -0.0443134 0.0363097 0.452919 0.425389 0.437958 -0.0154443 -0.0456882 0.0425336
0.480834 0.466492 0.458405 0.0169114 -0.0233371 -0.0337888 0.498069 0.476984 0.45027 0.0171437 -0.0242755 -0.0440118
0.495904 0.528158 0.531723 -0.0262678 -5.31909e-05 -0.01829 0.49634 0.532207 0.526141 -0.0211527 0.00426541 -0.0162742
0.382777 0.410269 0.434636 -0.0219289 -0.0192682 -0.0165538 0.379662 0.408609 0.433422 -0.0269522 -0.0146883 -0.0147941
0.364599 0.426907 0.379144 0.000481991 -0.0256891 -0.0257161 0.357203 0.433841 0.387412 -0.00833175 -0.0289762 -0.0272347
0.466477 0.434415 0.467189 -0.00927791 0.0281659 0.0022048 0.473086 0.440252 0.464531 -0.00847351 0.0345547 0.00120636
0.433727 0.440028 0.486353 0.00825783 -0.00992509 -0.0475549 0.442545 0.454861 0.486716 0.00938368 -0.00968043 -0.0457941
0.469103 0.450617 0.459191 -0.000144684 0.00467422 -0.0444243 0.477016 0.448772 0.455543 -0.00638043 0.00927012 -0.0418012
0.558083 0.508482 0.471137 0.0148042 0.0169515 -0.00934941 0.554521 0.502294 0.463961 0.0126509 0.0156128 -0.0132553
0.463707 0.452534 0.444491 0.00662975 0.0150279 0.00754423 0.471427 0.462012 0.440237 0.00683932 0.0121714 0.00178921
0.426758 0.427002 0.474 0.0218826 -0.00169696 0.00697369 0.431747 0.438046 0.472825 0.0297194 -0.000666469 0.0054045
0.367536 0.367541 0.42117 -0.00141685 -0.0349878 -0.0292143 0.36779 0.372695 0.419539 0.00577564 -0.0375386 -0.0259482
0.42326 0.367185 0.409588 -0.0353325 0.0167587 -0.0379669 0.420799 0.370034 0.405254 -0.0383461 0.0115225 -0.0317232
0.492248 0.467058 0.46253 -0.017655 -0.0271099 -0.0027539 0.486674 0.469593 0.472349 -0.0198254 -0.0301031 0.0035296
0.446836 0.386201 0.400773 0.0141423 1.32556e-06 -0.0425625 0.449739 0.393246 0.413958 0.0134594 -0.00291399 -0.0432313
0.411754 0.340622 0.38225 -0.00887635 -0.0165965 0.01233 0.407984 0.341726 0.380022 -0.0122662 -0.0115208 0.0138574
0.449767 0.514757 0.438293 -0.00432658 -0.0323669 -0.0273368 0.45288 0.515267 0.442991 -0.0132451 -0.0309982 -0.0307311
0.361015 0.419194 0.490198 0.00094058 -0.00329318 -0.00958824 0.365508 0.425342 0.494485 0.00239638 0.00418316 -0.0163212
0.448887 0.410083 0.434825 -0.0223384 -0.00959092 -0.0231522 0.445978 0.409694 0.427018 -0.0301133 -0.00738495 -0.0260281
0.416616 0.352181 0.438299 0.0243785 0.0404593 -0.0414531 0.41348 0.352254 0.434274 0.0228333 0.044718 -0.0374573
0.447093 0.392785 0.387948 0.0291956 0.0168893 -0.00901387 0.441913 0.386659 0.390883 0.029703 0.0251255 -0.00672989
0.470136 0.504487 0.492081 -0.0486096 0.00700579 -0.0065378 0.461459 0.496764 0.491789 -0.0468247 0.0145941 -0.00609167
0.513914 0.626964 0.490006 0.0231888 0.00735897 0.0185182 0.511886 0.619125 0.483635 0.0219245 0.0168807 0.0176467
0.512199 0.487746 0.51297 0.0450039 0.0126769 0.00408804 0.5126 0.495605 0.515486 0.0403159 0.00679579 0.00457754
0.46366 0.471905 0.443327 -0.00673234 -0.0349242 0.0232963 0.471124 0.472473 0.448868 -0.00766916 -0.0313196 0.0192235
0.458922 0.452743 0.40892 0.0076234 -0.0382865 -0.00399673 0.467336 0.446957 0.404581 0.00476166 -0.0407844 0.000465671
0.455285 0.405489 0.462357 0.0202464 0.00943033 0.0562958 0.460218 0.400898 0.449966 0.0169888 0.012626 0.0547128
0.43372 0.398253 0.435107 -0.0460312 -0.0043267 0.0136293 0.445083 0.400996 0.443214 -0.0499949 -0.00672582 0.0172438
0.490507 0.450503 0.463138 -0.0534987 -0.00535188 -0.0150867 0.499476 0.446882 0.448508 -0.047705 -0.0130105 -0.0144109
0.460756 0.451182 0.475287 -0.0270136 0.03878 0.0441648 0.453179 0.45177 0.4781 -0.0256168 0.040128 0.046099
0.458852 0.439602 0.444111 -0.0284674 -0.0309029 0.0114048 0.456359 0.428385 0.442856 -0.0317537 -0.0327825 0.00807983
0.503956 0.427321 0.398328 0.0336878 -0.0054006 -0.019651 0.497803 0.417281 0.390835 0.0301588 -0.00240576 -0.0126719
0.417219 0.438758 0.419279 -0.00164706 0.0169657 -0.0443838 0.410684 0.438268 0.423373 -0.00232603 0.020277 -0.0362753
0.43029 0.346942 0.401212 -0.0181143 -0.0592978 -0.0442806 0.433355 0.359671 0.402355 -0.0132808 -0.0613592 -0.0377653
0.443196 0.394248 0.502133 -0.0251324 0.0239398 -0.0403086 0.430757 0.393689 0.505054 -0.0242779 0.0245665 -0.0426957
0.523569 0.445966 0.582534 0.0263955 -0.00342586 0.0303509 0.512122 0.446255 0.578286 0.0242417 -0.00171864 0.0307368
0.458965 0.40318 0.446656 -0.0419357 0.0103776 -0.0157356 0.454532 0.3987 0.443928 -0.0439254 0.00814646 -0.0208365
0.491593 0.403181 0.461406 -0.0132629 0.00529376 -0.0226156 0.495206 0.399635 0.466459 -0.0152428 0.00550806 -0.0283782
0.416507 0.41237 0.450515 0.0265194 -0.019228 0.0202343 0.409966 0.412614 0.447323 0.0259103 -0.0157398 0.0268122
0.440942 0.416013 0.458409 -0.00333553 -0.0416053 0.000360214 0.438219 0.419815 0.466068 -0.00710277 -0.033397 0.0037412
0.454372 0.391105 0.369251 -0.0201674 -0.0338859 -0.00914204 0.45598 0.389634 0.386525 -0.0139735 -0.0297842 -0.00928088
0.513257 0.40984 0.471196 -0.0147685 -0.0254784 0.0193073 0.511934 0.41198 0.460957 -0.0101693 -0.0265485 0.0224282
0.407407 0.365259 0.402355 -0.0201559 0.0220214 0.0104559 0.401907 0.356422 0.401654 -0.0214863 0.0199587 0.0172934
0.330408 0.429106 0.398948 0.0311556 0.0544573 -0.0249665 0.325838 0.434839 0.393868 0.030475 0.0485165 -0.0255679
0.427056 0.437251 0.441095 -0.0196814 -0.0224588 -0.0299844 0.425209 0.436105 0.440555 -0.00674213 -0.0213253 -0.0290699
0.409688 0.445941 0.408654 -0.0124892 -0.0297621 -0.0124161 0.406738 0.440484 0.400644 -0.00151795 -0.0237232 -0.0195912
0.450777 0.441548 0.413969 -0.00537765 0.00453699 -0.0246231 0.457791 0.427964 0.408336 -0.00955828 0.00245516 -0.0279712
0.623098 0.525019 0.722804 -0.289981 0.160921 -0.196125 0.617166 0.523667 0.725763 -0.298269 0.157362 -0.197367
0.506812 0.455409 0.475582 0.0259133 -0.129508 0.120497 0.509941 0.462832 0.484906 0.0193631 -0.120371 0.115618
0.788358 0.565285 0.729451 -0.0905937 -0.226581 0.31547 0.785123 0.572344 0.736852 -0.119461 -0.240382 0.32524
0.501942 0.532209 0.583721 0.254545 -0.199821 0.159544 0.510605 0.54355 0.594224 0.251475 -0.191089 0.158254
0.842861 0.841132 0.848031 0.442541 0.245932 0.189524 0.836354 0.863295 0.86777 0.451099 0.258893 0.22744
0.480014 0.586581 0.525797 0.0688943 -0.16123 -0.213206 0.491213 0.593123 0.533243 0.0716724 -0.165022 -0.200177
0.696455 0.611109 0.690089 -0.172993 -0.100363 0.235451 0.696068 0.621418 0.699333 -0.184953 -0.104967 0.252657
0.411741 0.468391 0.387682 0.0593933 0.0100036 0.129133 0.413968 0.480468 0.385694 0.0551343 0.00904489 0.127714
0.641915 0.735627 0.505589 -0.0681492 -0.226099 -0.0475365 0.646578 0.741584 0.499701 -0.0626769 -0.217289 -0.0458232
0.739051 0.774916 0.635274 -0.101653 -0.349178 0.313932 0.726805 0.777031 0.615871 -0.0968724 -0.342005 0.319866
0.517842 0.456284 0.579779 -0.051409 -0.0391016 0.0163806 0.513591 0.453142 0.581157 -0.056578 -0.0387897 0.0170067
0.697452 0.535215 0.599971 0.0949594 -0.0757326 -0.109774 0.699537 0.514922 0.61953 0.117544 -0.0867119 -0.113126
0.73447 0.898284 0.921071 0.530761 -0.120333 0.088419 0.727524 0.897878 0.903474 0.507388 -0.11485 0.0942329
0.366457 0.403349 0.384965 -0.00119665 0.0418898 0.236671 0.361558 0.393452 0.391262 0.00138416 0.0375404 0.228664
0.443223 0.474699 0.432142 -0.0949497 -0.145567 -0.0655502 0.464362 0.489569 0.430167 -0.0935728 -0.150541 -0.0594678
0.460393 0.495439 0.43331 -0.0361273 -0.312412 -0.0725447 0.469095 0.497615 0.428782 -0.0320998 -0.308283 -0.0689004
0.501534 0.585625 0.667198 0.257228 0.0533199 0.10526 0.484593 0.594949 0.673017 0.258155 0.0621976 0.0999039
0.63519 0.643506 0.763247 0.0968868 0.402601 0.208365 0.635408 0.63742 0.764431 0.0940839 0.399808 0.201613
0.462721 0.545458 0.55465 -0.0541254 -0.125661 -0.0632423 0.469086 0.548924 0.560924 -0.0518175 -0.123895 -0.0647554
0.512864 0.566394 0.417748 0.139999 0.163251 0.141897 0.508601 0.57415 0.390749 0.135736 0.155164 0.129023
0.347423 0.357439 0.366902 0.152152 0.232274 0.048183 0.353773 0.365553 0.363541 0.1455 0.239491 0.0454981
0.425559 0.509444 0.453328 0.245729 -0.0135279 0.0704365 0.431976 0.517587 0.46149 0.238768 -0.00891074 0.0664818
0.820957 0.721061 0.845318 0.246973 -0.0986897 -0.00429875 0.814701 0.723197 0.821493 0.249268 -0.0950929 -0.00500261
0.332965 0.331726 0.354155 0.024993 -0.080992 -0.0384059 0.331472 0.335143 0.364124 0.0338027 -0.0796434 -0.0335154
0.979074 0.952399 0.998474 0.0739365 0.101749 0.669729 0.992688 0.932643 1.01163 0.0933144 0.110695 0.685945
-0.170454 -0.171627 -0.170055 -2.46298e-08 -4.31963e-09 -1.16142e-08 -0.180569 -0.178382 -0.167294 0 -0 0
0.298356 0.29709 0.296093 8.12946e-08 6.31047e-08 1.64669e-08 0.298517 0.287291 0.295527 0 0 -0
0.354388 0.355639 0.355782 -6.75957e-08 -9.86437e-08 -1.01139e-07 0.345704 0.35287 0.353143 0 0 0
0.438156 0.441124 0.438902 -3.27769e-08 -5.24725e-09 -4.61216e-08 0.433446 0.436348 0.434995 0 0 0
0.25319 0.270121 0.255131 -4.05122e-08 -1.89129e-08 4.33612e-08 0.245588 0.273361 0.242553 0 0 0
0.353956 0.356345 0.353663 1.3559e-09 -1.6031e-08 2.2451e-08 0.355295 0.339796 0.354877 0 0 -0
0.0927979 0.0890136 0.109454 8.0326e-09 -4.54802e-08 -4.70737e-08 0.0774467 0.077032 0.114711 0 -0 0
-0.221795 -0.225564 -0.225667 2.43452e-08 2.03258e-08 -8.11041e-09 -0.2178 -0.240877 -0.240644 0 0 0
-0.0289952 -0.0325365 -0.0310046 -2.04396e-08 1.54314e-08 -9.00123e-09 -0.0272056 -0.0380904 -0.0420233 -0 0 0
0.4236 0.421714 0.418797 -2.66569e-08 1.22358e-08 -8.44973e-08 0.408277 0.424523 0.419767 0 0 0
0.143419 0.142386 0.142503 3.26143e-09 2.76863e-08 -1.57044e-08 0.142209 0.140022 0.134074 0 0 0
0.679579 0.677943 0.678017 2.47717e-08 -8.33966e-09 6.39972e-08 0.686432 0.681745 0.678839 0 0 0
-0.057582 -0.0586014 -0.0558743 7.05671e-09 7.03368e-09 -1.27038e-08 -0.0557185 -0.0569761 -0.0671373 0 0 0
0.483992 0.487105 0.486457 8.87462e-08 -3.1145e-08 -5.30264e-08 0.487039 0.491546 0.476499 -0 0 0
0.274789 0.275499 0.273421 1.12874e-08 2.36135e-08 9.6128e-09 0.268408 0.279831 0.27693 0 -0 0
0.465754 0.459927 0.458867 8.5242e-08 7.35498e-08 -1.56298e-07 0.46877 0.451829 0.456885 0 0 -0
0.614688 0.614946 0.615723 -3.28982e-08 -1.84318e-08 5.48867e-08 0.611581 0.619025 0.620789 0 0 0
0.150008 0.150479 0.154123 3.66575e-08 -1.27287e-08 1.20199e-08 0.145583 0.14326 0.155804 0 0 0
0.110717 0.110812 0.111332 3.96923e-08 -7.85628e-08 -2.87397e-09 0.105374 0.108781 0.109133 0 0 0
0.136912 0.13688 0.136521 -2.97054e-08 8.83354e-09 1.83696e-09 0.134989 0.134875 0.128525 -0 0 0
0.0759266 0.0747327 0.0729533 1.14164e-08 5.58345e-08 6.38496e-08 0.0769395 0.0660744 0.0716078 0 0 0
0.602195 0.599538 0.600179 8.80193e-08 7.99119e-09 1.43329e-08 0.607063 0.601643 0.595968 0 0 0
0.0940468 0.100376 0.111121 -3.53562e-08 -2.05746e-08 7.72091e-08 0.0879526 0.0833863 0.115451 0 0 -0
0.669998 0.666046 0.6663 -1.22172e-08 -4.77612e-08 1.0745e-08 0.677742 0.668661 0.667298 0 0 0
-0.170633 -0.170931 -0.170256 -2.0244e-08 -1.22914e-08 -1.56932e-08 -0.171204 -0.174475 -0.178621 0 0 0
0.0596224 0.0130627 0.0336541 0.0103909 0.0120571 0.0150384 0.0589898 0.00687377 0.0314435 0.0105006 0.00748173 0.012436
0.0436997 0.0149458 0.019783 0.000275443 0.0077231 -0.0141862 0.0418313 0.00548645 0.014592 0.0012484 0.00383685 -0.0121875
0.0154138 0.0175679 0.033961 -0.0061983 0.0153402 0.00636709 0.00800546 0.0187456 0.0279598 -0.00737083 0.0124776 0.00677049
0.0276808 0.0345757 0.0319075 -0.00879496 0.00572636 0.00253614 0.02106 0.0301729 0.0247506 -0.0046167 0.00201469 0.00753012
0.0238492 0.0124016 0.0112009 0.0155687 0.0281528 -0.00171018 0.0224803 0.00759204 0.00664796 0.0163148 0.0282773 -0.00471497
0.00674016 -0.0135502 0.023549 -0.0113748 -0.00592819 0.00963291 0.000295988 -0.0127507 0.0188854 -0.00950827 -0.0075546 0.013716
0.0486221 0.0249635 0.0360248 0.00945938 0.0126278 0.000581384 0.044642 0.0212311 0.0261276 0.0125274 0.00905799 -1.9321e-05
0.0196129 0.0147719 0.0375964 0.0153303 0.0122548 0.0203821 0.010757 0.00746204 0.0293294 0.0158106 0.0133363 0.022473
0.0361586 0.00351123 0.0217263 0.00529531 0.0195838 0.0185777 0.034228 0.00147444 0.0204877 0.00809497 0.019215 0.0166585
0.0195232 0.0186304 0.0206938 0.0204599 0.00210793 0.00805773 0.011399 0.0102531 0.0136956 0.0218155 -0.00190062 0.00915164
0.0393096 0.0524277 0.0167731 0.000345975 -0.00194566 0.00845533 0.0368725 0.0497764 0.00734068 -0.000555864 -0.00249747 0.0117462
0.0201523 0.0381493 -0.0159179 0.00109082 -0.0166781 -0.00800675 0.0137578 0.0357153 -0.0235905 0.0027562 -0.0158409 -0.00752938
0.0639497 0.066053 0.0323037 -0.00723655 -0.00668721 0.0239279 0.0546604 0.0593723 0.0179874 -0.00562738 -0.00599673 0.0284289
0.0634697 0.0234206 0.0369309 -0.0112781 -0.00365217 0.000266871 0.062073 0.0236732 0.0335825 -0.0163966 -0.0114124 0.000507747
0.0703819 0.0756651 0.0450418 0.00141972 -0.0101034 0.00911594 0.0659975 0.0762861 0.0394346 -0.00208636 -0.0099196 0.0116669
0.031679 -0.000372186 -0.00012339 -0.0290448 -0.00112217 -0.0222521 0.0328336 0.00685565 -0.00126772 -0.0298 0.00183991 -0.0204346
0.0402874 0.0237978 -0.0070767 0.0146047 0.0143743 -0.00544587 0.0294669 0.0276381 -0.0177429 0.01374 0.0100376 -0.00692182
0.00967375 -0.000420797 -0.0249706 -0.0198607 0.0104372 -0.00473186 0.0082737 0.00793383 -0.0243486 -0.0167428 0.0095742 -0.00548839
0.00572543 0.0437919 0.013743 0.0084222 -0.0292301 0.00394604 -0.00159426 0.0431426 0.00590086 0.00328645 -0.0304928 0.00170179
0.00453184 0.044918 0.00167015 0.0036302 0.00626254 0.00296752 -0.00159849 0.0512565 -0.00376784 -0.000330802 0.00354043 0.00687404
-0.00502411 -0.0153244 -0.0144369 -0.00917059 0.0119159 0.0191696 -0.00809089 -0.00696787 -0.0129518 -0.00982571 0.0161883 0.0204187
-0.0154018 0.0112166 -0.00792471 -0.0368729 0.00861242 0.00606783 -0.0158464 0.00726324 0.00153506 -0.0390613 0.00422988 0.0120871
0.015996 -0.00255986 -0.0291396 -0.0327095 -0.018871 -0.00204826 0.0184413 -0.00346614 -0.0276514 -0.0388461 -0.0172206 0.00504358
-0.0125252 -0.0220624 -0.0394513 0.0193417 -0.0178757 -0.00281633 -0.0116021 -0.0136703 -0.0456799 0.0191284 -0.0155466 -0.0020971
0.0028697 -0.00988892 0.023269 -0.0168498 0.0224874 -0.0182504 0.00717713 0.00469982 0.0227665 -0.00823105 0.0166307 -0.0197132
0.0033958 0.00792845 0.00656311 -0.024406 0.00484842 0.0227876 0.00295694 0.00427938 0.00923293 -0.0272297 0.00158747 0.029684
0.00191941 -0.00101825 0.0326177 -0.0120038 -0.012701 -0.00679032 -0.00808111 0.00187596 0.0339569 -0.0123669 -0.0148798 -0.00559438
-0.0379034 -0.0119118 -0.04455 0.0150951 -0.00183803 0.0343838 -0.0339301 -0.0102894 -0.0416294 0.0205274 -0.00283731 0.0313291
-0.000456633 -0.0176283 -0.0147108 0.00682552 0.00762098 0.000256778 -0.00448071 -0.0113041 -0.00480401 0.00335049 0.00305006 0.00145935
0.0327544 0.00118665 -0.00900732 0.00363839 0.0100446 0.0189685 0.0359829 -4.78395e-06 -0.00260512 0.00297469 0.0056904 0.017887
0.00838089 -0.0231713 -0.00224347 -0.021573 -0.0062794 -0.0436317 0.0112759 -0.0167811 0.0109463 -0.0222157 -0.00790349 -0.0462465
-0.0232546 -0.0628679 -0.0138149 0.0195189 -0.00142303 -0.0142764 -0.0155415 -0.0659603 -0.0100511 0.0137789 -0.00573306 -0.0170389
-0.0390081 -0.0398807 -0.0471289 -0.0232381 0.00375771 -0.00617339 -0.0449921 -0.03348 -0.0437763 -0.0229574 0.0059187 -0.00718593
-0.0131838 0.0165635 -0.0741204 0.00491458 -0.00657148 0.00665376 -0.00939586 0.0276563 -0.0779335 0.00480454 -0.00370525 0.00931762
-0.00357094 -0.0572684 -0.0233667 0.00584339 0.00799777 -0.00660433 0.00781809 -0.0580479 -0.0163735 0.00320346 0.00812574 -0.00400725
-0.000378151 -0.0486179 0.0177918 0.00236514 0.0294656 -0.023213 -0.000916636 -0.0398777 0.0128827 -1.7284e-05 0.030324 -0.0222268
0.00602977 -0.0344259 -0.0473719 0.0390652 -0.00779782 0.0123648 0.00353105 -0.0339527 -0.0395275 0.0465723 -0.00855383 0.0132847
-0.0290111 -0.0359676 0.0039781 -0.00444143 0.0158743 -0.026393 -0.0256402 -0.0337501 0.0115559 0.00111812 0.00983293 -0.0235534
-0.0442219 -0.0414529 -0.00682806 -0.019446 -0.000919212 -0.00310677 -0.0444696 -0.0331845 -0.00512031 -0.0181285 0.00939793 0.00227509
0.00647212 -0.0120537 -0.0179015 0.0261576 0.0223004 0.0019269 0.0122911 -0.0145377 -0.0175768 0.0231096 0.0282186 -0.00681895
-0.0617178 -0.0597698 -0.0548373 -0.00344753 0.011595 0.0183938 -0.0615946 -0.0581871 -0.0521398 -0.00697312 0.013734 0.0162102
-0.015235 -0.0248871 -0.0367238 -0.041294 0.0265726 0.00166793 -0.0139724 -0.0224233 -0.033275 -0.0386177 0.0255622 0.00775867
-0.0789134 -0.0839746 -0.06737 -0.0260782 -0.0047951 -0.0279301 -0.0711567 -0.0847544 -0.0706285 -0.0292126 -0.00696725 -0.030828
-0.052045 -0.0927088 -0.0729443 -0.0028084 0.00915569 -0.00222576 -0.0462549 -0.082917 -0.0692941 0.00321515 0.00461793 -0.00892309
-0.0616734 -0.0129947 -0.0516717 -0.000807917 -0.0153023 0.0159801 -0.059473 -0.00917052 -0.0466552 -0.00155401 -0.0197984 0.0193471
-0.0521517 -0.0549589 -0.0634297 0.00709093 0.0263779 0.00722075 -0.0425927 -0.0546525 -0.0596395 0.0129505 0.0299786 0.00191287
-0.00782358 -0.0579924 -0.0351067 -0.00911276 0.0005938 -0.0062002 -0.0091316 -0.0582795 -0.0371293 -0.00684244 -0.00184333 -0.00708839
-0.0955182 -0.126743 -0.0558134 -0.0198503 -0.00752097 -0.016989 -0.0976726 -0.130068 -0.0476364 -0.0219824 -0.00536225 -0.0163311
-0.0641869 -0.0193254 -0.0985039 0.00806937 -0.00746451 0.0171944 -0.053798 -0.0103526 -0.0966905 0.00627216 -0.00859679 0.0173787
-0.035025 -0.0255176 -0.00134953 0.0111016 -0.0303201 0.00261807 -0.0365791 -0.0193383 -0.00234843 0.00811361 -0.0259255 0.00215509
0.0298947 -0.0423428 -0.0302693 0.0333742 0.0130912 0.0335489 0.0315991 -0.0407389 -0.0239172 0.0372939 0.0170623 0.0399379
-0.10729 -0.110892 -0.0911641 0.0203867 0.0171529 0.0281293 -0.0982314 -0.104362 -0.0844532 0.0167847 0.0194419 0.0320552
-0.0885646 -0.108398 -0.126001 0.0125934 0.00039329 -0.0240149 -0.0764505 -0.103682 -0.119289 0.0125451 0.00913142 -0.0215874
-0.131904 -0.15875 -0.12759 0.0140412 0.0333645 -0.0102495 -0.121005 -0.155259 -0.128729 0.012803 0.0373716 -0.00949386
-0.0665088 -0.0277322 -0.0928095 -0.0712804 -0.0164677 -0.016788 -0.0627573 -0.0427374 -0.0955433 -0.0726768 -0.0103589 -0.0103661
-0.0610734 -0.0301876 -0.0413169 0.0166221 0.0113564 -0.0242644 -0.051714 -0.0270242 -0.0422779 0.0120276 0.00906463 -0.0204198
-0.0473232 -0.0913489 -0.0540144 -0.00759622 -0.0127301 -0.00232572 -0.0464483 -0.0883288 -0.0451871 -0.008705 -0.0119071 -0.00804213
-0.0879447 -0.145644 -0.129948 -0.039127 -0.0282048 0.0134818 -0.0862865 -0.135133 -0.134606 -0.0396731 -0.0277632 0.0193626
-0.103021 -0.111811 -0.112911 0.0628011 0.00446552 0.0127731 -0.097168 -0.107299 -0.101869 0.0628973 0.00551676 0.0116084
-0.0984387 -0.103104 -0.0782205 -0.00717786 0.0176342 0.0177846 -0.0976177 -0.0985034 -0.0849998 -0.00319481 0.0253124 0.0225834
-0.1468 -0.114567 -0.129753 -0.000914663 -0.0138517 0.0377856 -0.149075 -0.12241 -0.128136 0.000764105 -0.00835651 0.0383102
-0.13238 -0.14295 -0.162593 -0.00537334 -0.00461948 -0.0217319 -0.137398 -0.148749 -0.161613 -0.0103903 -0.0034084 -0.0173139
-0.0606676 -0.0804449 -0.10043 0.0041444 -0.0087135 -0.0486095 -0.0627407 -0.0824413 -0.0998809 0.00216605 -0.0106328 -0.0595544
-0.0620043 -0.0978822 -0.116382 -0.000938843 -0.0236013 0.0123507 -0.0522292 -0.0978895 -0.116938 -0.00169315 -0.0317363 0.0117735
-0.105256 -0.0509005 -0.0528877 0.0560819 -0.046037 0.0230685 -0.113055 -0.0478672 -0.055598 0.0555473 -0.0499502 0.0256529
-0.122787 -0.155369 -0.122122 -0.0297531 0.010206 -0.00852917 -0.130505 -0.163601 -0.121842 -0.021273 0.0147398 -0.0105468
-0.172024 -0.180524 -0.187497 0.00936742 0.0219456 -0.00153098 -0.186758 -0.176423 -0.184392 0.00472222 0.0216104 -0.00609488
-0.159793 -0.138117 -0.158206 -0.0267513 0.0110616 0.000321874 -0.159005 -0.133997 -0.154103 -0.0274713 0.0212327 0.00269574
-0.126875 -0.069893 -0.14981 -0.0293229 0.0178991 -0.00872061 -0.122617 -0.0695567 -0.142957 -0.0306701 0.0210315 -0.0112802
-0.0589286 -0.120884 -0.134847 -0.0290591 0.031143 0.0207829 -0.0549875 -0.119837 -0.125124 -0.0251728 0.033267 0.0204937
-0.105169 -0.121726 -0.110397 -0.028627 0.00353443 0.0348252 -0.106177 -0.120741 -0.105228 -0.0325649 0.00486306 0.0400757
-0.0991902 -0.108949 -0.118329 -0.00570332 0.049594 -0.0123946 -0.0957208 -0.116043 -0.117 -0.00730077 0.0514701 -0.0148898
-0.0768734 -0.125878 -0.120051 -0.00833508 0.0109471 0.0312803 -0.0755487 -0.122246 -0.127714 -0.00967707 0.019948 0.0304683
-0.102542 -0.0973661 -0.125388 0.00754791 0.00986636 -0.0314457 -0.0939652 -0.096089 -0.115513 0.00396235 0.0106531 -0.033116
-0.108516 -0.080973 -0.0907935 -0.00248616 0.00802037 0.00674663 -0.118866 -0.0817173 -0.0926 -0.000605926 0.0059875 0.00191275
-0.111233 -0.0992423 -0.113654 0.0047052 -0.0215129 0.0123013 -0.109459 -0.0987809 -0.109453 0.00627491 -0.0248546 0.0127736
-0.123951 -0.11359 -0.122987 -0.027413 -0.00566977 0.00874566 -0.138115 -0.113039 -0.128209 -0.0283837 -0.00631293 0.0115581
-0.0993406 -0.164397 -0.0822851 0.0523899 0.000226194 0.00146811 -0.0998301 -0.165629 -0.0828882 0.0565148 0.0107544 0.00488546
-0.0811429 -0.183741 -0.122668 0.0166024 0.0297441 0.0266386 -0.0879805 -0.184763 -0.122978 0.024135 0.0281468 0.028348
-0.074829 -0.0811433 -0.09128 0.013152 -0.0200186 -0.016561 -0.0608561 -0.0693584 -0.103801 0.0190128 -0.0208477 -0.0171945
-0.0545175 -0.0722612 -0.0620401 -0.00507514 -0.0213516 0.0102899 -0.0526782 -0.0652453 -0.0836053 -0.00318254 -0.0221306 0.00580778
-0.0806122 -0.0258448 -0.0809709 0.027556 0.00474339 -0.0014707 -0.0734231 -0.0155524 -0.0943847 0.0313115 0.0068789 -0.00369346
-0.0649631 -0.0616136 -0.0419087 -0.0108215 0.0310999 0.0109825 -0.0540392 -0.050038 -0.0543705 -0.00938639 0.035995 0.0131634
-0.0419414 -0.0271683 -0.0670313 -0.00487444 -0.0157811 -0.0125169 -0.031921 -0.0141516 -0.0787643 -0.00871024 -0.0163446 -0.0144784
-0.0616768 -0.0650378 -0.046095 -0.0157944 -0.0168507 0.0161472 -0.0469187 -0.0495752 -0.0571619 -0.0261446 -0.0184393 0.0221124
-0.0397908 -0.0390874 -0.0463393 0.010156 -0.00194087 0.0271637 -0.0288217 -0.0323493 -0.0570982 0.00899315 -0.00916729 0.0289138
-0.0910561 -0.0931286 -0.0821207 -0.00798871 -0.0220909 -0.0134769 -0.0829756 -0.0843331 -0.0987348 -0.00964671 -0.0160315 -0.0159609
-0.0432589 -0.0909382 -0.0747935 -0.0195271 -0.0325857 -0.00179601 -0.0313403 -0.0831655 -0.0866696 -0.0218483 -0.0346473 -0.00384761
-0.063117 -0.0835135 -0.0733353 -0.00213125 0.00285731 -0.00485736 -0.0581441 -0.0750213 -0.0879067 0.00296839 0.00205503 -0.00806948
-0.0658277 -0.0412357 -0.0210693 -0.00298361 0.00272425 -0.0108783 -0.0505039 -0.038622 -0.0365201 0.000119765 0.000661258 -0.0121731
-0.0679978 -0.0900734 -0.0529249 0.00835629 -0.00426344 -0.000764344 -0.0534149 -0.0837075 -0.0604759 0.00337012 -0.00628669 0.00324294
-0.0540956 -0.047698 -0.0578137 0.00715987 0.020606 0.00416493 -0.0437793 -0.0412955 -0.0717154 0.0122682 0.0212648 0.0047072
-0.0393075 -0.047712 -0.0645156 -0.0127669 -0.0148582 0.00188449 -0.0270905 -0.0332534 -0.0852488 -0.0131154 -0.0187126 0.00696146
-0.0692324 -0.0858107 -0.0568248 2.18958e-05 -0.0125195 -0.0228257 -0.0646972 -0.0816633 -0.0715811 0.00198059 -0.0102634 -0.0252649
-0.109608 -0.0520381 -0.0652153 -0.000962124 0.0372406 -0.00881664 -0.0975364 -0.039704 -0.0755421 0.000252215 0.0392077 -0.00682149
-0.072397 -0.0619055 -0.0848512 -0.00574604 0.00305151 -0.0208613 -0.0612711 -0.0519991 -0.095697 -0.00440956 0.000431493 -0.0219118
-0.031123 -0.011617 -0.042223 0.0115649 0.00386182 0.00409044 -0.0172193 -0.00230503 -0.0510868 0.00884898 0.00445274 0.000348792
-0.0730301 -0.031359 -0.0414832 0.00693582 -0.00969755 -0.000100406 -0.0651707 -0.018211 -0.0572321 0.0102285 -0.0138297 -0.0013894
-0.0673314 -0.0579594 -0.0709048 0.0194497 -0.00675214 0.0123916 -0.0528861 -0.053936 -0.0905693 0.0204531 -0.00257836 0.00979148
0.533387 0.468693 0.48257 0.0171469 0.0463865 -0.0498531 0.538544 0.465549 0.480832 0.00834161 0.045554 -0.0515612
-0.0523456 -0.00654584 -0.0192296 -0.00435477 0.0383244 0.0136855 -0.0421881 -0.000358085 -0.0292978 -0.00830434 0.038829 0.00906364
-0.116547 -0.100839 -0.0933844 0.00193516 0.00882828 0.00605196 -0.102653 -0.0930504 -0.114611 0.00216929 0.00581707 0.00804939
-0.071435 -0.106705 -0.0766174 -0.0194556 0.00820749 -0.00858653 -0.060483 -0.097054 -0.0915854 -0.013576 0.00794771 -0.00750159
-0.060263 -0.0198642 -0.0610935 0.0169548 -0.000460886 0.0289958 -0.0560363 -0.00954831 -0.0738864 0.00805475 0.00170108 0.0248694
-0.0517797 -0.0602974 -0.0975023 0.0110121 0.0193823 -0.00799337 -0.0404444 -0.0469416 -0.118592 0.0168758 0.0151697 -0.00758081
-0.0567637 -0.0423796 -0.0847346 0.00871247 -0.00286911 0.0153226 -0.0487791 -0.0340497 -0.0994129 0.00670117 -0.00224495 0.0191443
-0.0593053 -0.0486879 -0.0451397 -0.0091309 -0.017605 -0.00605254 -0.0454491 -0.0337124 -0.0601011 -0.00937471 -0.0211818 -0.00435332
-0.0617861 -0.0798001 -0.0554491 0.00924607 -0.00356107 0.00332528 -0.0560879 -0.0715934 -0.0717978 0.00613224 -0.00254892 0.00138593
-0.0935891 -0.083857 -0.0999076 -0.0120637 -0.00512575 -0.0134318 -0.0873404 -0.0758509 -0.120255 -0.010506 -0.0106237 -0.0148833
-0.0704108 -0.047933 -0.100229 0.0107643 0.0052153 0.0104606 -0.0568148 -0.0413345 -0.116476 0.00838808 0.00604769 0.0115322
-0.00897822 -0.0391108 -0.0430739 0.00118069 0.000595183 -0.0227652 0.00631254 -0.0337049 -0.0508038 0.00416537 -0.00604178 -0.0215748
-0.0266725 0.00843557 -0.019264 0.00653243 0.012485 -0.00508434 -0.0107051 0.0181559 -0.0289141 0.00876556 0.0168128 -0.00341144
-0.11121 -0.0706469 -0.0949789 0.0265706 0.0182476 0.0150236 -0.101682 -0.0591521 -0.108892 0.0243551 0.0215297 0.0151112
-0.0276978 -0.0465162 -0.0398165 -0.00129428 -0.0107061 -0.0145658 -0.0201516 -0.0343122 -0.0519214 0.00369863 -0.0125373 -0.0143257
-0.0674052 -0.0393382 -0.0509542 -0.0201614 0.00417751 -0.00342449 -0.0513636 -0.0279149 -0.0629859 -0.017045 0.0117761 -0.00136241
-0.0327218 -0.0362334 -0.0249203 -0.00500903 0.0114339 0.0207907 -0.0284642 -0.0272115 -0.0446773 -0.0039519 0.00945614 0.0236763
-0.0697566 -0.0353886 -0.0701789 0.0341749 0.0277595 0.00692489 -0.0602203 -0.0244213 -0.089891 0.0340765 0.0278204 0.0102239
-0.0495653 -0.0346235 -0.0354298 -0.0210102 -0.0147343 0.014017 -0.041164 -0.0200584 -0.0472636 -0.0145112 -0.0171221 0.015691
-0.0692554 -0.0528605 -0.0731578 0.00864801 0.000268717 0.0264313 -0.0682399 -0.0452909 -0.09998 0.00576166 0.00184785 0.0227197
-0.0760894 -0.054735 -0.123772 0.0254141 -0.0064385 0.00512725 -0.0597771 -0.040957 -0.143437 0.02789 -0.00116075 0.00204097
-0.0331316 -0.0821563 -0.0742971 0.0070963 0.00531501 -0.00634301 -0.0209619 -0.069412 -0.0901096 0.00461743 0.0012648 -0.0152171
-0.0648749 -0.0592477 -0.0505868 0.00203791 -0.016494 -0.017832 -0.0490534 -0.0559447 -0.0707865 -0.00462775 -0.0170466 -0.0173017
-0.0660444 -0.0590301 -0.0428457 0.0257683 0.0059999 0.0183767 -0.0524903 -0.041905 -0.0574157 0.0317591 0.0031525 0.0206733
-0.0854997 -0.0517673 -0.052584 0.000231567 0.00316171 -0.0171157 -0.0807424 -0.0329994 -0.0652715 0.00112275 0.00821376 -0.0222025
-0.0757777 -0.0639136 -0.0939391 -0.0128086 -0.00662342 0.00593056 -0.065373 -0.0551033 -0.1069 -0.00579869 -0.00822339 0.00535138
-0.0465523 -0.0862911 -0.0569467 0.0256363 -0.0185116 -0.0324778 -0.0403405 -0.0813622 -0.0743775 0.0287026 -0.0169757 -0.0284449
-0.0494258 -0.0471972 -0.049018 0.0135297 -0.0235685 -0.00801642 -0.0436398 -0.0323414 -0.0701379 0.00802844 -0.0212718 -0.00813322
-0.0739717 -0.0300372 -0.0262879 -0.0287302 -0.00195098 -0.00930377 -0.0647343 -0.0205128 -0.0409281 -0.0286847 0.00154117 -0.00672151
-0.031182 -0.0417743 -0.0503775 -0.0230741 -0.00729971 -0.0102293 -0.0275405 -0.0277634 -0.0656209 -0.0247908 -0.00456527 -0.0149783
-0.0420453 -0.0356364 -0.0342294 0.0157543 0.0126002 -0.0155716 -0.040526 -0.0233759 -0.0491482 0.0155605 0.00497493 -0.0129699
-0.0636297 -0.0937985 -0.0907556 -0.0219569 0.0278465 0.0135989 -0.0550286 -0.082939 -0.113679 -0.0204715 0.0306263 0.0141839
-0.0874317 -0.0893373 -0.110642 -0.0253647 -0.0111801 0.0114106 -0.0776213 -0.0865907 -0.13486 -0.0298343 -0.0104955 0.0110675
-0.0777884 -0.0528512 -0.0653076 -0.00732003 -0.00706646 -0.00386478 -0.0618743 -0.0414571 -0.0779963 -0.0102493 -0.00778992 -0.0052053
-0.0385312 -0.0499356 -0.057997 0.0172529 0.00702273 -0.0072256 -0.0319796 -0.0431659 -0.0745164 0.0213753 0.002295 -0.00739272
-0.0157906 -0.0126784 -0.0688189 -0.00378695 0.00192723 0.008287 -0.00850584 0.00108265 -0.0788278 -0.0112988 -0.00392106 0.00668773
-0.0336823 -0.071446 -0.0379435 -0.0102809 -0.00529836 0.0276716 -0.0222358 -0.066099 -0.0578521 -0.00457136 -0.00907132 0.0331563
-0.0767744 -0.0311845 -0.0655921 -0.00397238 0.0372897 0.00938661 -0.071269 -0.0135832 -0.0809865 -0.00453146 0.0365233 0.00738468
-0.044768 -0.118066 -0.141389 0.0194038 0.0197535 -0.0153983 -0.0359059 -0.111687 -0.16 0.0199741 0.0176394 -0.00751141
-0.0888212 -0.100726 -0.0760679 0.000806147 0.00180118 -0.0340321 -0.0745909 -0.0944512 -0.10351 -0.00133227 0.00661668 -0.031088
-0.0274207 -0.0433064 -0.0791319 0.0132918 0.00550977 0.0470494 -0.01075 -0.0351798 -0.0978618 0.0118904 0.00474176 0.048682
-0.14081 0.0497029 0.0807377 0.110456 -0.186526 0.227674 -0.190231 0.0405067 0.0807725 0.141187 -0.194027 0.270728
0.122858 -0.0887661 -0.0805455 -0.0851726 -0.0984479 0.152369 0.130903 -0.0801967 -0.072655 -0.0634417 -0.102388 0.163737
0.136061 -0.0255786 0.104487 0.134994 -0.0894557 -0.164348 0.123735 -0.0271575 0.114594 0.139045 -0.103739 -0.177282
-0.0494557 -0.209732 0.0279684 -0.0136293 -0.142308 0.0236738 -0.0391892 -0.225707 0.043955 -0.0156642 -0.141519 0.02626
-0.316218 -0.338577 -0.286751 -0.227177 -0.0606413 0.0202345 -0.304696 -0.324088 -0.263993 -0.246634 -0.0432825 0.0282192
0.390769 0.0614911 -0.0225515 0.0437555 -0.136347 0.109594 0.377417 0.0538625 -0.0211042 0.06644 -0.141422 0.119643
-0.0445203 -0.0570838 0.282418 -0.000415572 -0.0419063 0.0499009 -0.057705 -0.0703108 0.28123 0.00119 -0.0471458 0.0501308
0.00616177 -0.191115 -0.249946 -0.0759557 -0.00478262 0.109134 0.00940417 -0.198304 -0.249792 -0.0979092 0.00158667 0.0717542
-0.0582759 -0.11591 0.00626337 0.0330052 -0.125807 -0.0291513 -0.0767667 -0.125172 0.0199867 0.03998 -0.128325 -0.03142
-0.303885 -0.234104 0.10102 0.0565542 0.0689316 0.0847851 -0.290713 -0.229652 0.0925967 0.04998 0.0728058 0.0750092
-0.190256 -0.150981 -0.23336 0.182218 0.064888 -0.0140294 -0.181956 -0.109219 -0.246768 0.153504 0.0723025 -0.00392583
-0.118774 -0.0800826 0.0651545 0.0812676 0.164258 0.0880266 -0.111267 -0.0965508 0.0326075 0.0859683 0.182414 0.087635
-0.162359 -0.202093 0.0646961 0.0318859 -0.148205 0.0251362 -0.167185 -0.206052 0.0924825 0.0281242 -0.15618 0.0259133
0.0914925 0.058022 0.0246517 0.178332 -0.0651493 0.0199073 0.0985575 0.0673367 0.0201858 0.178459 -0.0600225 0.0314408
-0.000355194 0.0222596 0.0813792 0.0161818 -0.0741095 0.0461124 -0.00866083 0.0197142 0.100316 0.0147558 -0.0799867 0.0484417
0.121265 -0.0675421 -0.111489 0.198691 0.123162 -0.135302 0.129367 0.00516083 -0.0623117 0.159318 0.0998175 -0.124245
-0.0515059 -0.187919 0.0706639 -0.0246563 -0.137963 -0.0137306 -0.0514175 -0.211353 0.0857158 -0.0239342 -0.139702 -0.0129408
-0.0106986 0.195181 -0.00515144 0.184408 -0.214685 -0.162035 -0.0336158 0.180908 -0.00805083 0.199996 -0.206926 -0.168733
-0.0570704 -0.0658257 -0.279684 -0.0223679 0.0655984 -0.0520251 -0.0675717 -0.0641067 -0.282616 -0.0510333 0.0625917 -0.0613258
-0.280406 -0.170042 -0.0822178 -0.0295227 0.0210893 0.154853 -0.288114 -0.191966 -0.113322 -0.0577325 -0.0214525 0.157566
-0.433843 -0.0408067 -0.256512 0.0640506 0.182162 0.146766 -0.471017 -0.11073 -0.211071 0.087625 0.185494 0.170205
-0.154362 -0.148622 -0.0639142 -0.0183522 0.155977 0.0982246 -0.156068 -0.156251 -0.0830075 -0.02291 0.165267 0.08479
0.0553548 -0.284998 -0.280273 0.0877485 -0.172892 -0.0461316 0.0651492 -0.285259 -0.281377 0.0745208 -0.138623 -0.0558975
-0.0925764 0.0780719 -0.0905769 -0.0773189 -0.164078 -0.0903728 -0.0982592 0.0674 -0.0877 -0.06181 -0.156923 -0.0903
-0.318165 -0.296765 -0.30305 0.163322 0.0808414 0.0580034 -0.298533 -0.292191 -0.299733 0.184801 0.0741725 0.0713808
-0.270231 -0.556802 -0.408259 0.023145 0.0185092 -0.0563259 -0.296935 -0.565633 -0.365109 0.0273708 0.0340508 -0.0474317
-0.0494425 -0.131171 -0.12323 -0.00433029 0.0881135 0.0889001 -0.0767842 -0.160657 -0.131774 0.00639 0.0857883 0.0888525
-0.00257415 -0.124751 -0.033066 -0.14743 0.0514207 0.00306566 0.0223517 -0.143495 -0.0171833 -0.135696 0.05947 -0.0337542
-0.159922 -0.146396 -0.160526 -0.155866 -0.031231 0.0571752 -0.131485 -0.114917 -0.169818 -0.178854 -0.0303333 0.0624633
-0.474368 -0.345177 -0.34383 0.0901141 -0.123716 -0.0309165 -0.480848 -0.341256 -0.353505 0.0771125 -0.117395 -0.0274042
-0.0644257 -0.133341 0.0815222 -0.0055805 -0.122622 0.00957716 -0.0726217 -0.145476 0.0972367 0.0045625 -0.129937 0.00801917
-0.0594832 -0.0910181 0.081596 -0.00757698 -0.0947378 -0.00251497 -0.0647708 -0.102466 0.09544 -0.00921583 -0.10341 -0.00227917
-0.0193667 -0.106744 0.0696379 -0.023972 -0.114545 0.0225057 -0.0207433 -0.115321 0.0869942 -0.019245 -0.114593 0.02476
-0.0731765 -0.133945 0.0687899 0.000737615 -0.108454 0.00321583 -0.0752208 -0.143038 0.0848267 0.00131167 -0.11353 0.00353167
-0.0612426 -0.0975372 0.0649652 0.00622852 -0.111558 -0.00259287 -0.0680967 -0.105958 0.0796483 -0.0015575 -0.119738 -0.000808333
-0.0649971 -0.116636 0.0689657 0.02179 -0.111562 0.0194443 -0.073025 -0.128988 0.0883883 0.0243417 -0.117218 0.0144683
-0.0496482 -0.133985 0.0472152 0.00869532 -0.108199 0.00100096 -0.0558025 -0.149269 0.0642467 0.0104517 -0.113157 -0.0007475
-0.0790402 -0.0969656 0.0194383 0.0299344 -0.087986 -0.0220956 -0.0821308 -0.1039 0.0362892 0.0288075 -0.0938017 -0.02584
-0.0444406 -0.124571 0.059241 -0.00677517 -0.112995 0.0114335 -0.0567758 -0.140207 0.0741225 -0.00454167 -0.119261 0.0106392
-0.077705 -0.101911 0.0463878 0.0283266 -0.102724 -0.000570816 -0.0832125 -0.110202 0.0654258 0.0263467 -0.104412 -0.0026925
-0.0585187 -0.108923 0.0779674 0.0123082 -0.100145 -0.00895493 -0.06881 -0.126423 0.0844858 0.0100192 -0.104032 -0.0086775
-0.0756485 -0.123567 0.0674734 0.00366784 -0.109934 -0.0124016 -0.0770875 -0.130505 0.0858783 0.00191833 -0.11355 -0.0122933
-0.0741641 -0.0769603 0.0278653 0.00429658 -0.0944488 -0.0176897 -0.0811833 -0.0924683 0.0424742 0.0030425 -0.101098 -0.0183892
-0.0683775 -0.140438 0.027034 -0.00607068 -0.106613 -0.000454764 -0.0717592 -0.150486 0.04233 -0.0055375 -0.110354 -9.16667e-06
-0.0307983 -0.112127 0.0676277 -0.00064863 -0.111679 -0.00471264 -0.0379275 -0.127507 0.0804992 0.0039725 -0.115986 -0.00175917
-0.049867 -0.109704 0.048296 0.0041348 -0.108461 0.00038439 -0.0553925 -0.116795 0.0668 0.00455667 -0.108775 0.000949167
-0.0647438 -0.119571 0.102696 -0.00130217 -0.130937 0.00459321 -0.0679242 -0.127829 0.120827 -0.0017525 -0.137328 0.00578833
-0.0779882 -0.113912 0.0479681 -0.00996666 -0.0986642 0.00114028 -0.0836458 -0.120198 0.0654625 -0.0076925 -0.09909 -0.000410833
-0.0334704 -0.0958119 0.127413 0.0125904 -0.09701 0.0109856 -0.0380117 -0.104591 0.141087 0.0119708 -0.103125 0.0102667
-0.0773783 -0.124598 0.0538621 0.0153903 -0.108861 -0.0159786 -0.073225 -0.13445 0.0707008 0.0150875 -0.112177 -0.0143917
0.0100696 -0.00139228 0.0075517 0.0248696 0.019857 -0.0040664 0.0107726 -0.00425454 0.00190142 0.026386 0.0203322 -0.00264667
0.00457856 -0.0126452 0.0147838 -0.000112186 -0.0082617 0.00745857 -0.000570525 -0.0107267 0.00861299 0.00140207 -0.0126484 0.00599136
0.0411665 -0.000328147 0.0280718 0.00382207 0.00712086 0.00390968 0.0393924 -0.00692614 0.0202886 0.00614352 0.00369287 0.00549836
0.0308426 0.0184887 0.0442636 0.00990523 0.00150338 0.00498 0.0320556 0.0119918 0.0407844 0.0122108 -0.0010633 0.000976975
0.0154214 0.00202622 0.0183298 0.00654653 0.00479453 0.00980539 0.00874756 -0.00338991 0.0106578 0.00585315 0.00161944 0.0112645
0.0229149 -0.00400403 0.00862284 0.0140979 0.0148276 0.00275777 0.0207121 -0.0117441 0.000653858 0.0154934 0.0151395 0.00305972
0.0457356 -0.000517623 0.0318402 0.00846606 -0.00539139 -0.00328033 0.0381278 -0.00313457 0.0284231 0.011294 -0.00844019 -0.000760401
0.0168261 0.0244098 0.0240813 -0.00572884 0.0106228 0.00844727 0.0120873 0.016513 0.0147503 -0.00372988 0.00265559 0.0100703
0.00648921 0.0109662 0.00640903 0.00947687 0.0228145 -0.00070244 0.00307762 0.0072213 -0.00390062 0.0113818 0.0204173 -0.00141753
0.0449265 -0.0136637 0.0364485 -0.00834219 0.00827995 -0.00363357 0.0427277 -0.0105621 0.034741 -0.00886056 0.00410043 -0.00719232
-0.00518949 0.0189608 -0.0107938 0.0127699 0.0148521 -0.0189189 -0.011395 0.0188479 -0.0204082 0.00792673 0.0144756 -0.0226599
-0.0117582 0.00729286 0.0187266 0.00978802 0.00110611 -0.028394 -0.0164338 0.0132562 0.0108875 0.00543725 -0.000854136 -0.0239883
0.0222133 0.00811824 0.00884651 -0.024915 -3.76e-05 -0.00323864 0.0220528 0.00955806 -0.000411543 -0.0213675 -0.00266664 -0.00295664
0.00488061 0.0224205 0.000950522 -0.000423885 -0.0129862 -0.0103938 -0.00414744 0.021355 -0.0120565 -0.00104713 -0.0118784 -0.0102948
-0.00245777 0.039947 -0.0259461 -0.00126805 0.000702754 -0.00950807 -0.00756377 0.0395621 -0.0405539 -0.00835275 0.000970185 -0.0115412
0.0133401 0.0116793 0.0348615 0.00671379 -0.00401549 -0.0140552 0.0057184 0.0130261 0.0292007 0.00954318 -0.00318 -0.0181876
0.00261967 0.0024347 0.00119849 -0.0208343 -0.0019165 -0.012635 -0.005675 -0.00229068 -0.0106532 -0.0226133 -0.00587673 -0.00911225
0.0155578 0.0396405 0.0239809 -0.0181713 -0.00840813 -0.00467728 0.014166 0.0520086 0.0227233 -0.017375 -0.00418392 -0.00488151
-0.000434748 0.0128999 0.0286505 -0.0129528 0.00492862 0.000579063 -0.00106321 0.0117152 0.0264184 -0.0134947 0.0056787 0.00397685
0.0248162 0.0118627 -0.0280034 0.00357697 0.00967587 0.00715666 0.022432 0.0109223 -0.035948 0.000492747 0.00933867 0.00997864
0.0386645 0.027785 0.0360214 -0.0222125 -0.0124908 -0.0367323 0.0337683 0.0283143 0.0453423 -0.023185 -0.0135189 -0.038331
-0.00973365 0.0168785 -0.0394797 0.0353964 -0.0323092 -0.0195792 -0.00273302 0.0194469 -0.0384284 0.0372158 -0.0356069 -0.0219145
0.0124392 -0.0165932 0.0256079 -0.0130525 0.00157101 0.00136127 0.011491 -0.0151122 0.0289255 -0.0127337 -0.000537593 0.00675219
0.00447144 -0.035108 -0.0167712 0.00627175 -0.0111773 0.0232437 -0.00195059 -0.0379755 -0.0149044 0.0124927 -0.00507213 0.0278448
-0.022105 -0.00899466 -0.000436908 -0.00799852 0.0190917 -0.0108052 -0.0145046 -0.00982818 0.00745735 -0.00802951 0.0219455 -0.00325494
-0.0197417 -0.0252425 0.0053468 0.010296 -0.000440609 -0.00106584 -0.0275408 -0.0203847 0.0067684 0.00865349 0.00217636 0.00217988
-0.0054706 -0.0142912 -0.0107599 -0.00890205 -0.00729785 -0.0140178 -0.0032467 -0.00676201 0.00294728 -0.0108751 -0.0125534 -0.0200132
-0.0195755 0.0281036 0.0245806 -0.017922 -0.00827242 -0.000289549 -0.0214477 0.0299349 0.0330981 -0.0159515 -0.00398704 0.000751667
0.0134855 -0.00380256 -0.00432778 -0.0291435 0.0168562 0.00117061 0.00732404 -0.00187917 -0.0107681 -0.0358214 0.0144447 0.00290417
-0.00877852 -0.00864466 -0.0220212 -0.0181417 -0.00180818 0.00768751 0.00415062 -0.0114128 -0.0219444 -0.020538 -0.0021358 0.0101383
-0.000246056 0.00661157 0.00815739 0.0106507 -0.00387482 0.0105224 0.00970688 0.00652157 0.0208227 0.00822133 -0.00426772 0.0148597
-0.0884959 -0.0345276 -0.0842195 0.0196291 0.0160168 0.0257458 -0.0875423 -0.0232634 -0.0748507 0.0205991 0.0177617 0.0264688
-0.0308525 -0.0665517 -0.0629401 -0.00985023 -0.0193865 0.0156085 -0.0260311 -0.0604238 -0.0604555 -0.00897966 -0.0150101 0.0164221
-0.0244444 0.0239457 -0.0165868 -0.0127181 -0.00802306 -0.0100292 -0.023993 0.0271584 -0.0131498 -0.0147552 -0.0116643 -0.0100645
-0.0493848 -0.0732732 -0.0623937 0.0400281 0.000666531 -0.00221189 -0.0495054 -0.0715742 -0.0607449 0.0409456 0.00712562 -0.00203747
-0.0211193 -0.00742766 0.0171978 -0.0312208 -0.0111979 -0.00432428 -0.0202329 -0.0100569 0.0144602 -0.0298442 -0.0117426 -0.00916994
-0.0300418 -0.0575053 -0.050452 -0.00428942 0.000151785 0.00148802 -0.0359428 -0.0472187 -0.0471885 -0.00379583 0.00325435 -0.00267096
-0.0402174 -0.0209944 -0.00718151 -0.0172019 0.0246132 -0.0220463 -0.0373527 -0.0267793 -0.00237568 -0.0179573 0.0361619 -0.0209647
-0.0182536 -0.00850592 -0.00875147 -0.00182963 0.00970422 -0.0329644 -0.0196461 -0.012811 -0.00592469 0.00169713 0.00693667 -0.031278
-0.0359843 -0.0073321 -0.0636578 0.0342303 0.00365167 -0.0227344 -0.0248515 -0.00370639 -0.0553901 0.0350733 0.00112611 -0.0264313
-0.03257 -0.0611104 -0.0833587 -0.00674154 0.00990687 0.0150505 -0.0239388 -0.0600663 -0.0777679 -0.00683883 0.0108615 0.00814907
-0.0653293 -0.0751967 -0.0849154 0.0156684 -0.0181693 0.0129622 -0.0563185 -0.0706719 -0.0806169 0.0188746 -0.00973071 0.0150946
-0.0325705 -0.0253066 -0.0161058 -0.0221027 -0.0179887 -0.00401067 -0.0308461 -0.0166096 -0.00216278 -0.0246721 -0.0238167 -0.0111566
-0.0836834 -0.0909777 -0.0712791 0.00805094 0.0208984 0.0224017 -0.0789686 -0.0841971 -0.0704124 0.0169709 0.0246383 0.0255363
-0.0305341 -0.0125345 -0.0330274 -0.0011081 0.0253477 -0.00766048 -0.0252294 -0.0102105 -0.0310358 -0.00248654 0.0198186 -0.0135978
-0.0408614 -0.0313171 -0.0273082 0.00779254 0.020066 -0.00440267 -0.0390516 -0.029873 -0.0226223 0.00983821 0.0235157 -0.00315519
-0.0905258 -0.0896145 -0.0699877 -0.0265746 0.0291626 -0.0156141 -0.0890736 -0.0818426 -0.0588366 -0.0303984 0.0289928 -0.0162044
-0.0590661 -0.0345151 -0.0220993 0.0118395 -0.00301187 -0.000710921 -0.0570414 -0.0319072 -0.0200538 0.0113488 4.53704e-06 0.000288889
-0.071318 -0.037969 -0.0695568 -0.00222309 0.0246259 -0.00715943 -0.0667989 -0.0334437 -0.0668362 -0.00395478 0.0218551 -0.00915586
-0.096447 -0.060335 -0.0454432 -0.0176259 -0.00480122 0.00172671 -0.0876777 -0.0426982 -0.0409027 -0.013476 0.000632747 0.00535336
-0.0304695 -0.0382632 0.0239899 0.0342812 -0.00282666 -0.0118726 -0.0216098 -0.0346136 0.0310817 0.0388051 7.38889e-05 -0.00523139
-0.0563186 -0.0340904 -0.0438985 -0.0284294 -0.0051506 -0.0125473 -0.0594057 -0.0340306 -0.0414671 -0.0325481 -0.00682633 -0.00951046
-0.0375025 -0.102944 -0.0785903 0.00732194 -0.013003 -0.00638736 -0.0286432 -0.0906676 -0.0783041 0.00414145 -0.0161974 -0.0104641
-0.064607 -0.0852894 -0.0463183 0.011928 -0.00563316 -0.0257628 -0.0614871 -0.0931138 -0.0426871 0.0129979 -0.0084371 -0.0290848
-0.148387 -0.14046 -0.0831467 0.000515725 -0.00640199 -0.0211804 -0.145634 -0.141528 -0.0804469 0.00324265 -0.0122724 -0.0202817
-0.0950435 -0.0861252 -0.137452 0.00753212 -0.00154696 0.0138242 -0.0932144 -0.0915044 -0.136284 0.00732518 -0.00617654 0.0168471
-0.0991682 -0.0806655 -0.0354657 0.00281186 -0.02437 0.0226183 -0.0967131 -0.0873726 -0.0334314 0.00109404 -0.023371 0.0251351
-0.105676 -0.107089 -0.10005 -0.00535647 0.0100981 0.0345296 -0.107409 -0.108526 -0.0901963 -0.00432673 0.0133203 0.0280894
-0.0404032 -0.065781 -0.0489294 0.00194906 -0.00490277 0.000319419 -0.0315261 -0.0625411 -0.0558965 -0.00864682 -0.0110602 -0.000453673
-0.0718041 -0.0334068 -0.0823923 -0.00908521 0.0254193 0.00489495 -0.0647966 -0.0280855 -0.0816347 -0.0080512 0.023446 -0.00272716
-0.0677204 -0.137142 -0.096359 -0.0140225 -0.0022196 0.00149344 -0.0738735 -0.134446 -0.0976157 -0.0202052 -0.000544938 0.000867191
-0.109859 -0.122502 -0.0916732 0.00265599 0.00857594 -0.0103684 -0.10864 -0.120511 -0.0882367 -0.00176586 0.00587815 -0.0113053
-0.152292 -0.163469 -0.123383 -0.0139435 0.0266559 0.0441253 -0.158086 -0.166129 -0.122526 -0.0043612 0.0319003 0.0410641
-0.143803 -0.194604 -0.129138 -0.0144732 0.0130599 -0.030156 -0.149023 -0.198661 -0.123165 -0.012495 0.00953481 -0.0298485
-0.0845212 -0.106918 -0.122995 -0.0177462 0.0349448 0.0137818 -0.0819149 -0.107763 -0.119749 -0.0273727 0.0346361 0.0184888
-0.179476 -0.137964 -0.139535 -0.00545984 0.00691857 -0.00960511 -0.185527 -0.131306 -0.132527 -0.0107904 0.0088129 -0.0110017
-0.104232 -0.101887 -0.061974 -0.00475157 0.018521 -0.00929666 -0.107268 -0.0968129 -0.0641861 3.14815e-05 0.0184203 -0.00983651
-0.153763 -0.0793489 -0.0376217 0.00671284 -0.0275664 -0.0165403 -0.159243 -0.0790861 -0.037424 0.0106195 -0.0215518 -0.0120208
-0.0860953 -0.0714531 -0.0773672 -0.00348989 0.0351436 -0.0129304 -0.080416 -0.0613715 -0.0814356 -0.00419296 0.0288502 -0.00834812
-0.151966 -0.13742 -0.158097 -0.0112155 0.00348432 -0.0210287 -0.152278 -0.13788 -0.153045 -0.0106124 0.00554025 -0.0219919
-0.138924 -0.0697132 -0.0668425 0.00666656 0.0177302 0.0105976 -0.138619 -0.0729769 -0.0635291 0.0129712 0.0199182 0.018473
-0.232682 -0.184225 -0.162389 0.0119457 0.00012772 0.0165408 -0.25288 -0.183137 -0.178846 0.0233602 -0.00422191 0.00590661
-0.119671 -0.136165 -0.162918 0.022572 0.00490755 0.0450601 -0.122734 -0.13936 -0.159413 0.0167293 0.0116912 0.0466281
-0.097571 -0.105102 -0.0888162 0.00335536 0.019599 0.0352765 -0.113975 -0.113073 -0.0887861 0.00385213 0.0212781 0.0390209
-0.134088 -0.180585 -0.176905 -0.00241922 -0.0300698 0.0114106 -0.133044 -0.180659 -0.180764 0.000172562 -0.0319749 0.0103548
-0.218836 -0.0891136 -0.127844 -0.0100685 0.0236202 -0.0264899 -0.223267 -0.0908062 -0.123429 -0.016475 0.0256628 -0.0278447
-0.0838245 -0.0204648 -0.0816228 -0.0338363 0.0454972 -0.0117096 -0.0826455 -0.0171766 -0.0880463 -0.0477732 0.0444273 -0.0213463
-0.155676 -0.183882 -0.164416 0.0329402 0.0137277 -0.0029319 -0.158989 -0.19367 -0.161661 0.0334345 0.0127507 0.000343086
-0.110109 -0.160258 -0.141566 0.0339116 -0.00920402 -0.0315847 -0.128297 -0.16349 -0.14054 0.0274354 -0.0112221 -0.0340176
-0.205489 -0.212593 -0.151216 -0.0273966 0.00490095 -0.0043431 -0.211648 -0.216277 -0.14941 -0.0262359 0.00564583 -0.0130952
