-3.56326 -3.56465
-3.55451 -3.55619
-3.55364 -3.55295
-3.56595 -3.5667
-3.55844 -3.55741
-3.54937 -3.54908
-3.5586 -3.55765
-3.56322 -3.56288
-3.55976 -3.56001
-3.56124 -3.56102
-3.56404 -3.56286
-3.55291 -3.55275
-3.55705 -3.55745
-3.55447 -3.55563
-3.56699 -3.56705
-3.55984 -3.56066
-3.55322 -3.55491
-3.55618 -3.55678
-3.57004 -3.56991
-3.5497 -3.54975
-3.55959 -3.55986
-3.54739 -3.54909
-3.5596 -3.56082
-3.55822 -3.5589
-3.55572 -3.55581
-3.54522 -3.54614
-3.55153 -3.55044
-3.55778 -3.55806
-3.56165 -3.56024
-3.55295 -3.55427
-3.55765 -3.55649
-3.55545 -3.55585
-3.55524 -3.55368
-3.55405 -3.55308
-3.55584 -3.55522
-3.55469 -3.55444
-3.56055 -3.55869
-3.55672 -3.55606
-3.54791 -3.5469
-3.55186 -3.55237
-3.54834 -3.55065
-3.55637 -3.55754
-3.55243 -3.55305
-3.55924 -3.55922
-3.55379 -3.55308
-3.55714 -3.55809
-3.56058 -3.56188
-3.5541 -3.55403
-3.56815 -3.56965
-3.56093 -3.56095
-3.54794 -3.54768
-3.58417 -3.58363
-3.50744 -3.50511
-3.56855 -3.56857
-3.4921 -3.4927
-3.55776 -3.55583
-3.52333 -3.52373
-3.60142 -3.60236
-3.54255 -3.54134
-3.52952 -3.52764
-3.57423 -3.57474
-3.56054 -3.56175
-3.49747 -3.49719
-3.60145 -3.60159
-3.59344 -3.59293
-3.58455 -3.58376
-3.55408 -3.55685
-3.52531 -3.52584
-3.58096 -3.57888
-3.58826 -3.59102
-3.61492 -3.61536
-3.58627 -3.58632
-3.49526 -3.497
-3.62024 -3.62179
-3.46451 -3.4647
-3.64368 -3.64397
-3.64079 -3.64046
-3.63879 -3.63846
-3.63534 -3.63486
-3.64178 -3.64144
-3.63891 -3.63831
-3.64487 -3.64456
-3.6423 -3.64245
-3.64543 -3.64557
-3.6362 -3.63548
-3.64438 -3.64433
-3.62167 -3.62093
-3.64532 -3.64545
-3.63313 -3.63244
-3.64147 -3.64115
-3.63427 -3.63376
-3.62582 -3.62511
-3.64423 -3.64415
-3.64482 -3.64484
-3.64447 -3.64444
-3.6452 -3.6452
-3.62671 -3.62601
-3.64488 -3.6446
-3.62242 -3.62167
-3.64368 -3.64407
-3.69232 -3.69201
-3.69148 -3.69223
-3.689 -3.68965
-3.69142 -3.69172
-3.69167 -3.69207
-3.68882 -3.68954
-3.69067 -3.69091
-3.69065 -3.6907
-3.69038 -3.69107
-3.69016 -3.69065
-3.68726 -3.68617
-3.68729 -3.68604
-3.68419 -3.68467
-3.68359 -3.68284
-3.68528 -3.68511
-3.68445 -3.68437
-3.68478 -3.68461
-3.68305 -3.68253
-3.68434 -3.68419
-3.68457 -3.68476
-3.66409 -3.66445
-3.66803 -3.66706
-3.6629 -3.66317
-3.66986 -3.66953
-3.66797 -3.66865
-3.65764 -3.65656
-3.66354 -3.66261
-3.66807 -3.6669
-3.665 -3.66405
-3.66504 -3.66496
-3.63364 -3.63324
-3.63441 -3.63431
-3.63293 -3.63221
-3.63854 -3.63822
-3.63127 -3.63078
-3.63268 -3.63287
-3.63505 -3.6342
-3.63209 -3.63205
-3.6378 -3.63644
-3.6325 -3.63241
-3.60943 -3.6095
-3.60738 -3.60616
-3.61429 -3.6143
-3.60438 -3.60562
-3.60473 -3.60363
-3.60933 -3.60923
-3.59802 -3.5979
-3.60678 -3.60588
-3.60622 -3.60528
-3.60745 -3.60836
-3.58792 -3.58561
-3.58225 -3.58053
-3.5785 -3.5779
-3.59116 -3.59024
-3.5807 -3.5815
-3.58669 -3.58725
-3.57798 -3.5774
-3.58465 -3.58487
-3.58347 -3.58417
-3.58301 -3.58245
-3.55406 -3.5527
-3.56244 -3.56279
-3.56501 -3.56319
-3.56341 -3.56282
-3.55968 -3.5591
-3.56091 -3.56373
-3.56478 -3.56446
-3.56695 -3.56624
-3.5629 -3.56266
-3.55281 -3.55146
-3.53648 -3.5368
-3.53894 -3.54054
-3.53295 -3.5332
-3.52419 -3.52081
-3.5354 -3.53491
-3.54655 -3.54567
-3.53825 -3.53744
-3.53929 -3.53785
-3.54051 -3.53913
-3.60933 -3.60873
-3.61538 -3.61556
-3.62029 -3.61972
-3.62137 -3.62021
-3.61574 -3.61476
-3.62784 -3.62849
-3.61948 -3.61793
-3.62165 -3.62132
-3.62291 -3.62409
-3.61802 -3.61784
-3.61495 -3.61665
-3.61883 -3.62045
-3.61152 -3.61423
-3.62146 -3.62224
-3.61478 -3.61494
-3.61007 -3.61106
-3.60377 -3.60534
-3.61246 -3.61362
-3.61778 -3.61873
-3.61714 -3.61826
-3.55434 -3.55547
-3.61778 -3.61778
-3.56906 -3.56731
-3.57205 -3.57096
-3.56908 -3.56911
-3.56717 -3.56676
-3.61221 -3.61263
-3.61759 -3.61761
-3.61667 -3.61777
-3.57056 -3.56946
-3.61542 -3.61499
-3.6138 -3.61343
-3.6198 -3.61973
-3.57036 -3.5698
-3.61946 -3.61919
-3.61674 -3.61646
-3.61509 -3.61492
-3.5748 -3.57367
-3.56836 -3.56863
-3.56799 -3.56844
-3.56556 -3.5648
-3.56043 -3.55953
-3.61056 -3.61089
-3.56606 -3.56721
-3.56753 -3.56812
-3.6092 -3.61032
-3.56466 -3.56716
-3.56665 -3.56731
-3.60538 -3.60646
-3.56332 -3.56265
-3.61126 -3.61154
-3.56759 -3.56878
-3.565 -3.5645
-3.61204 -3.61308
-3.60866 -3.60912
-3.62143 -3.62385
-3.61651 -3.6177
-3.60902 -3.6103
-3.56218 -3.56416
-3.56362 -3.56435
-3.61164 -3.61397
-3.5745 -3.579
-3.66108 -3.65593
-3.59058 -3.58755
-3.69515 -3.69479
-3.60231 -3.60097
-3.60333 -3.60358
-3.67601 -3.67396
-3.605 -3.60538
-3.69758 -3.69821
-3.59733 -3.59762
-3.60325 -3.60208
-3.59423 -3.59805
-3.68846 -3.68833
-3.62805 -3.62704
-3.69061 -3.69234
-3.60191 -3.60453
-3.69672 -3.69627
-3.57406 -3.57539
-3.60145 -3.59698
-3.60097 -3.60023
-3.59182 -3.59396
-3.59797 -3.60285
-3.58577 -3.58734
-3.57463 -3.57166
-3.56708 -3.56685
-3.59299 -3.59613
-3.58943 -3.59523
-3.56687 -3.56705
-3.58966 -3.58785
-3.61859 -3.62263
-3.70135 -3.70189
-3.702 -3.70229
-3.70062 -3.70057
-3.70229 -3.70236
-3.69823 -3.69833
-3.70013 -3.70057
-3.70284 -3.70343
-3.69907 -3.69952
-3.70234 -3.70293
-3.70117 -3.70131
-3.70229 -3.70252
-3.70231 -3.70286
-3.69866 -3.69955
-3.70284 -3.70361
-3.70268 -3.7028
-3.70278 -3.70355
-3.70198 -3.70224
-3.70326 -3.70389
-3.69871 -3.69861
-3.70221 -3.70313
-3.69122 -3.69161
-3.68806 -3.68858
-3.69145 -3.69212
-3.69058 -3.69042
-3.68956 -3.68982
-3.6907 -3.69047
-3.68855 -3.68915
-3.6903 -3.69159
-3.6918 -3.69292
-3.68874 -3.68905
-3.68638 -3.68643
-3.68466 -3.6841
-3.68379 -3.68327
-3.68621 -3.68587
-3.68511 -3.68525
-3.68315 -3.68283
-3.68649 -3.68629
-3.68408 -3.68439
-3.68444 -3.68411
-3.68263 -3.68323
-3.66804 -3.66818
-3.6648 -3.66368
-3.66722 -3.66672
-3.66224 -3.66137
-3.66491 -3.66381
-3.6652 -3.66509
-3.66261 -3.66216
-3.66334 -3.66339
-3.66478 -3.66483
-3.66041 -3.66051
-3.63538 -3.63582
-3.63823 -3.63742
-3.63879 -3.63905
-3.63111 -3.63057
-3.63236 -3.63229
-3.63699 -3.63587
-3.63266 -3.63323
-3.63947 -3.63871
-3.63281 -3.63154
-3.63235 -3.63181
-3.61159 -3.6115
-3.60813 -3.60733
-3.60788 -3.60652
-3.61062 -3.6106
-3.60266 -3.60261
-3.60773 -3.6074
-3.60831 -3.60879
-3.60272 -3.60078
-3.61037 -3.61099
-3.6065 -3.60559
-3.58291 -3.5826
-3.5788 -3.5779
-3.58203 -3.57995
-3.58056 -3.57949
-3.58245 -3.58276
-3.5792 -3.58053
-3.58058 -3.58068
-3.58408 -3.5851
-3.57935 -3.5787
-3.57651 -3.5746
-3.5562 -3.55639
-3.56203 -3.56221
-3.55163 -3.55248
-3.55252 -3.54986
-3.55222 -3.55168
-3.56109 -3.56083
-3.56014 -3.56023
-3.56253 -3.56184
-3.55887 -3.55926
-3.56139 -3.56069
-3.5304 -3.52907
-3.53395 -3.53368
-3.5336 -3.53219
-3.53998 -3.54016
-3.53676 -3.53666
-3.54839 -3.54867
-3.53218 -3.52993
-3.53623 -3.53532
-3.5378 -3.5369
-3.53842 -3.53887
