0.492193 0.458439 0.480613 -0.0318874 0.0469177 -0.0393818 0.493853 0.45786 0.472414 -0.0398588 0.0478158 -0.0404388
0.524385 0.472094 0.498756 0.0237982 0.0668311 0.0278482 0.524542 0.458668 0.490102 0.0302711 0.0671501 0.0259524
0.453467 0.532138 0.429803 -0.011971 -0.00650982 -0.0100148 0.445929 0.528378 0.430916 -0.0161442 0.00245853 -0.0146398
0.450099 0.424777 0.443074 -0.0124214 -0.040022 0.0363132 0.452919 0.425389 0.437958 -0.0154443 -0.0456882 0.0425336
0.481663 0.468 0.461406 0.018091 -0.0230464 -0.0347081 0.498069 0.476984 0.45027 0.0171437 -0.0242755 -0.0440118
0.492538 0.529236 0.527847 -0.0238296 0.00129948 -0.0183268 0.49634 0.532207 0.526141 -0.0211527 0.00426541 -0.0162742
0.38156 0.408045 0.432444 -0.0238543 -0.0189866 -0.0163063 0.379662 0.408609 0.433422 -0.0269522 -0.0146883 -0.0147941
0.362931 0.427854 0.378489 -0.000378991 -0.0258057 -0.0259116 0.357203 0.433841 0.387412 -0.00833175 -0.0289762 -0.0272347
0.467486 0.437134 0.471155 -0.00953284 0.0281803 0.00234618 0.473086 0.440252 0.464531 -0.00847351 0.0345547 0.00120636
0.434609 0.438248 0.486623 0.00921911 -0.00887298 -0.0480491 0.442545 0.454861 0.486716 0.00938368 -0.00968043 -0.0457941
0.464785 0.446985 0.452545 -0.00285995 0.00364692 -0.0443304 0.477016 0.448772 0.455543 -0.00638043 0.00927012 -0.0418012
0.558968 0.505561 0.469205 0.0150857 0.0153755 -0.0117038 0.554521 0.502294 0.463961 0.0126509 0.0156128 -0.0132553
0.461869 0.449048 0.439183 0.00493648 0.0145315 0.00793682 0.471427 0.462012 0.440237 0.00683932 0.0121714 0.00178921
0.427914 0.426123 0.472558 0.0240422 1.61106e-05 0.00514193 0.431747 0.438046 0.472825 0.0297194 -0.000666469 0.0054045
0.364453 0.364465 0.419975 -0.00248999 -0.034655 -0.0251552 0.36779 0.372695 0.419539 0.00577564 -0.0375386 -0.0259482
0.420212 0.363257 0.405839 -0.0354597 0.0173346 -0.0364308 0.420799 0.370034 0.405254 -0.0383461 0.0115225 -0.0317232
0.487431 0.462901 0.460467 -0.0162895 -0.029752 0.000387402 0.486674 0.469593 0.472349 -0.0198254 -0.0301031 0.0035296
0.447337 0.388469 0.401679 0.0129391 -0.000792656 -0.0435231 0.449739 0.393246 0.413958 0.0134594 -0.00291399 -0.0432313
0.41202 0.338746 0.380587 -0.00665207 -0.0149486 0.0117484 0.407984 0.341726 0.380022 -0.0122662 -0.0115208 0.0138574
0.453665 0.518727 0.440115 -0.00319598 -0.0337069 -0.026528 0.45288 0.515267 0.442991 -0.0132451 -0.0309982 -0.0307311
0.358558 0.418575 0.488118 -0.000215529 -0.00272695 -0.0105241 0.365508 0.425342 0.494485 0.00239638 0.00418316 -0.0163212
0.449561 0.411595 0.437161 -0.0273581 -0.0108185 -0.0248695 0.445978 0.409694 0.427018 -0.0301133 -0.00738495 -0.0260281
0.414659 0.353081 0.438823 0.0245096 0.0415308 -0.0422293 0.41348 0.352254 0.434274 0.0228333 0.044718 -0.0374573
0.442955 0.387887 0.385361 0.029177 0.017705 -0.00873257 0.441913 0.386659 0.390883 0.029703 0.0251255 -0.00672989
0.467216 0.504467 0.487467 -0.0472157 0.0108013 -0.00568271 0.461459 0.496764 0.491789 -0.0468247 0.0145941 -0.00609167
0.513035 0.627614 0.490897 0.0225505 0.00743387 0.0183522 0.511886 0.619125 0.483635 0.0219245 0.0168807 0.0176467
0.510107 0.487621 0.511605 0.0458779 0.0133294 0.00447479 0.5126 0.495605 0.515486 0.0403159 0.00679579 0.00457754
0.461567 0.474852 0.443749 -0.00485532 -0.0352056 0.0236451 0.471124 0.472473 0.448868 -0.00766916 -0.0313196 0.0192235
0.459834 0.453476 0.407614 0.00781774 -0.0403613 -0.00478771 0.467336 0.446957 0.404581 0.00476166 -0.0407844 0.000465671
0.453477 0.404294 0.46172 0.019046 0.0112534 0.0538548 0.460218 0.400898 0.449966 0.0169888 0.012626 0.0547128
0.434702 0.399543 0.441065 -0.0463894 -0.00491502 0.0132603 0.445083 0.400996 0.443214 -0.0499949 -0.00672582 0.0172438
0.488957 0.448133 0.460433 -0.0504158 -0.00377537 -0.0140439 0.499476 0.446882 0.448508 -0.047705 -0.0130105 -0.0144109
0.451635 0.445659 0.470146 -0.0249525 0.0386758 0.0415191 0.453179 0.45177 0.4781 -0.0256168 0.040128 0.046099
0.457537 0.439242 0.441888 -0.0288416 -0.029915 0.0089391 0.456359 0.428385 0.442856 -0.0317537 -0.0327825 0.00807983
0.500352 0.423429 0.394159 0.0342234 -0.0056413 -0.0199574 0.497803 0.417281 0.390835 0.0301588 -0.00240576 -0.0126719
0.414401 0.436396 0.417134 -0.00153964 0.0152682 -0.0446532 0.410684 0.438268 0.423373 -0.00232603 0.020277 -0.0362753
0.427288 0.349709 0.397923 -0.0172177 -0.0589584 -0.0442276 0.433355 0.359671 0.402355 -0.0132808 -0.0613592 -0.0377653
0.443578 0.396543 0.50014 -0.0246095 0.0248065 -0.0400712 0.430757 0.393689 0.505054 -0.0242779 0.0245665 -0.0426957
0.522084 0.44437 0.581865 0.0264298 -0.00283583 0.02911 0.512122 0.446255 0.578286 0.0242417 -0.00171864 0.0307368
0.454446 0.403367 0.446321 -0.0428863 0.00971164 -0.0166622 0.454532 0.3987 0.443928 -0.0439254 0.00814646 -0.0208365
0.490626 0.401647 0.465169 -0.0140238 0.00580247 -0.0240281 0.495206 0.399635 0.466459 -0.0152428 0.00550806 -0.0283782
0.423671 0.420395 0.456363 0.0257381 -0.0208963 0.0221365 0.409966 0.412614 0.447323 0.0259103 -0.0157398 0.0268122
0.446985 0.419944 0.459525 -0.00214843 -0.0438606 0.000562788 0.438219 0.419815 0.466068 -0.00710277 -0.033397 0.0037412
0.45338 0.391227 0.366047 -0.0204936 -0.034051 -0.00829589 0.45598 0.389634 0.386525 -0.0139735 -0.0297842 -0.00928088
0.512315 0.40534 0.468068 -0.012452 -0.0239929 0.0220617 0.511934 0.41198 0.460957 -0.0101693 -0.0265485 0.0224282
0.410962 0.363905 0.404004 -0.0175688 0.0227111 0.0102917 0.401907 0.356422 0.401654 -0.0214863 0.0199587 0.0172934
0.329711 0.428078 0.399261 0.0285616 0.0550891 -0.0265311 0.325838 0.434839 0.393868 0.030475 0.0485165 -0.0255679
0.429354 0.434274 0.437053 -0.0184768 -0.0230799 -0.0280714 0.425209 0.436105 0.440555 -0.00674213 -0.0213253 -0.0290699
0.409184 0.446166 0.405773 -0.0116901 -0.0277256 -0.0136398 0.406738 0.440484 0.400644 -0.00151795 -0.0237232 -0.0195912
0.447676 0.437755 0.407287 -0.0105614 0.00397062 -0.0248715 0.457791 0.427964 0.408336 -0.00955828 0.00245516 -0.0279712
0.621363 0.523198 0.71794 -0.27888 0.158196 -0.192623 0.617166 0.523667 0.725763 -0.298269 0.157362 -0.197367
0.512875 0.461583 0.481297 0.025927 -0.126073 0.118597 0.509941 0.462832 0.484906 0.0193631 -0.120371 0.115618
0.786457 0.547986 0.722368 -0.0891249 -0.220411 0.310027 0.785123 0.572344 0.736852 -0.119461 -0.240382 0.32524
0.501992 0.532994 0.588409 0.249439 -0.198366 0.159444 0.510605 0.54355 0.594224 0.251475 -0.191089 0.158254
0.838877 0.843375 0.860405 0.434337 0.249625 0.191147 0.836354 0.863295 0.86777 0.451099 0.258893 0.22744
0.48922 0.598845 0.535438 0.071189 -0.159496 -0.211581 0.491213 0.593123 0.533243 0.0716724 -0.165022 -0.200177
0.713549 0.624753 0.703215 -0.172202 -0.104502 0.239178 0.696068 0.621418 0.699333 -0.184953 -0.104967 0.252657
0.416576 0.473333 0.389592 0.0584329 0.00820585 0.126581 0.413968 0.480468 0.385694 0.0551343 0.00904489 0.127714
0.657248 0.750493 0.515896 -0.0644222 -0.224035 -0.0508098 0.646578 0.741584 0.499701 -0.0626769 -0.217289 -0.0458232
0.745455 0.777545 0.629966 -0.0966913 -0.34285 0.304883 0.726805 0.777031 0.615871 -0.0968724 -0.342005 0.319866
0.51487 0.453123 0.578757 -0.0502338 -0.0397237 0.0179906 0.513591 0.453142 0.581157 -0.056578 -0.0387897 0.0170067
0.701095 0.534165 0.601435 0.0933433 -0.0729401 -0.109325 0.699537 0.514922 0.61953 0.117544 -0.0867119 -0.113126
0.722966 0.890976 0.908584 0.513965 -0.119071 0.0903954 0.727524 0.897878 0.903474 0.507388 -0.11485 0.0942329
0.359265 0.396027 0.379507 -0.00199823 0.0414741 0.231077 0.361558 0.393452 0.391262 0.00138416 0.0375404 0.228664
0.439057 0.471783 0.426127 -0.0953305 -0.145561 -0.0673617 0.464362 0.489569 0.430167 -0.0935728 -0.150541 -0.0594678
0.462452 0.499343 0.435572 -0.0362913 -0.306253 -0.0713194 0.469095 0.497615 0.428782 -0.0320998 -0.308283 -0.0689004
0.489195 0.579578 0.66405 0.25216 0.0533126 0.103614 0.484593 0.594949 0.673017 0.258155 0.0621976 0.0999039
0.644279 0.64701 0.770811 0.0949109 0.398832 0.208313 0.635408 0.63742 0.764431 0.0940839 0.399808 0.201613
0.468688 0.552032 0.562013 -0.0526076 -0.125303 -0.0623313 0.469086 0.548924 0.560924 -0.0518175 -0.123895 -0.0647554
0.513828 0.563575 0.408182 0.139715 0.158928 0.14075 0.508601 0.57415 0.390749 0.135736 0.155164 0.129023
0.345699 0.357555 0.366712 0.148497 0.228748 0.0465483 0.353773 0.365553 0.363541 0.1455 0.239491 0.0454981
0.432658 0.521317 0.462095 0.240924 -0.0106568 0.0702518 0.431976 0.517587 0.46149 0.238768 -0.00891074 0.0664818
0.849625 0.743999 0.863822 0.244795 -0.103937 -0.00837444 0.814701 0.723197 0.821493 0.249268 -0.0950929 -0.00500261
0.330073 0.331813 0.355818 0.0256824 -0.0788446 -0.0370168 0.331472 0.335143 0.364124 0.0338027 -0.0796434 -0.0335154
0.987839 0.940401 1.00946 0.0696699 0.0939189 0.667451 0.992688 0.932643 1.01163 0.0933144 0.110695 0.685945
-0.168446 -0.170556 -0.170867 -8.19011e-08 2.81815e-08 3.91041e-09 -0.180569 -0.178382 -0.167294 0 -0 0
0.293685 0.294237 0.291615 4.14315e-08 9.86823e-08 3.01301e-08 0.298517 0.287291 0.295527 0 0 -0
0.350933 0.351302 0.351431 -4.23135e-08 -1.02421e-07 -9.79383e-08 0.345704 0.35287 0.353143 0 0 0
0.435077 0.437235 0.435252 -7.30228e-08 -7.89787e-08 1.02366e-08 0.433446 0.436348 0.434995 0 0 0
0.250146 0.26505 0.252607 -7.76556e-09 -2.85069e-08 1.11285e-07 0.245588 0.273361 0.242553 0 0 0
0.34877 0.354639 0.348494 2.95176e-09 1.60706e-08 3.3971e-08 0.355295 0.339796 0.354877 0 0 -0
0.0931818 0.0882614 0.105365 5.1439e-09 -1.43536e-08 -3.93006e-08 0.0774467 0.077032 0.114711 0 -0 0
-0.223007 -0.221737 -0.221911 -1.66256e-08 -1.06614e-08 -1.35464e-08 -0.2178 -0.240877 -0.240644 0 0 0
-0.0310253 -0.0331734 -0.0307241 -1.37038e-08 4.48304e-08 -1.39168e-08 -0.0272056 -0.0380904 -0.0420233 -0 0 0
0.422437 0.416762 0.41392 -1.50758e-08 8.81899e-09 -2.76638e-08 0.408277 0.424523 0.419767 0 0 0
0.140159 0.139343 0.140192 -5.8313e-09 -6.43991e-09 3.77178e-09 0.142209 0.140022 0.134074 0 0 0
0.68323 0.681539 0.681816 7.97806e-09 3.48502e-08 7.14518e-08 0.686432 0.681745 0.678839 0 0 0
-0.0589932 -0.0596972 -0.0543699 3.52584e-09 -1.17265e-08 -1.08492e-08 -0.0557185 -0.0569761 -0.0671373 0 0 0
0.480315 0.483406 0.485311 1.16107e-07 3.57696e-08 6.44018e-08 0.487039 0.491546 0.476499 -0 0 0
0.27222 0.270923 0.269025 1.79688e-08 3.86005e-08 -2.12427e-08 0.268408 0.279831 0.27693 0 -0 0
0.461974 0.45754 0.455544 8.95958e-08 1.38327e-07 -1.51315e-07 0.46877 0.451829 0.456885 0 0 -0
0.616357 0.615413 0.616208 -5.04601e-09 -2.51713e-08 3.31994e-08 0.611581 0.619025 0.620789 0 0 0
0.147293 0.148071 0.150511 5.72831e-08 -9.19306e-09 -4.87058e-08 0.145583 0.14326 0.155804 0 0 0
0.108339 0.10819 0.108506 1.02453e-07 -1.14153e-07 -2.65041e-08 0.105374 0.108781 0.109133 0 0 0
0.133839 0.133815 0.134157 7.73663e-09 1.23092e-08 -1.28996e-08 0.134989 0.134875 0.128525 -0 0 0
0.0730743 0.073783 0.0707084 -7.12111e-09 1.29607e-07 -8.00471e-10 0.0769395 0.0660744 0.0716078 0 0 0
0.602085 0.599373 0.601402 5.636e-08 6.32267e-08 -1.74292e-08 0.607063 0.601643 0.595968 0 0 0
0.092492 0.100897 0.107185 -2.31245e-08 1.79163e-08 7.66913e-08 0.0879526 0.0833863 0.115451 0 0 -0
0.673106 0.669032 0.669673 -3.90055e-09 -4.87546e-08 6.87276e-09 0.677742 0.668661 0.667298 0 0 0
-0.170891 -0.170463 -0.168958 -2.25815e-08 -3.0269e-08 -2.87695e-08 -0.171204 -0.174475 -0.178621 0 0 0
0.0566322 0.0118705 0.035121 0.0104326 0.0114247 0.0148143 0.0589898 0.00687377 0.0314435 0.0105006 0.00748173 0.012436
0.0411778 0.0138117 0.0201283 0.000497668 0.00635635 -0.0127946 0.0418313 0.00548645 0.014592 0.0012484 0.00383685 -0.0121875
0.0119387 0.0157419 0.0339785 -0.0069133 0.014405 0.00671576 0.00800546 0.0187456 0.0279598 -0.00737083 0.0124776 0.00677049
0.0209277 0.031956 0.0319668 -0.00967544 0.00432859 0.00305847 0.02106 0.0301729 0.0247506 -0.0046167 0.00201469 0.00753012
0.0187935 0.00954184 0.0108528 0.0149718 0.0282197 -0.00201239 0.0224803 0.00759204 0.00664796 0.0163148 0.0282773 -0.00471497
0.00299024 -0.0160302 0.0228261 -0.0131764 -0.00729942 0.00986595 0.000295988 -0.0127507 0.0188854 -0.00950827 -0.0075546 0.013716
0.0446876 0.0255115 0.0371088 0.010916 0.0107179 0.000923868 0.044642 0.0212311 0.0261276 0.0125274 0.00905799 -1.9321e-05
0.0140315 0.0131231 0.0363086 0.0162088 0.0114914 0.0218501 0.010757 0.00746204 0.0293294 0.0158106 0.0133363 0.022473
0.0335132 0.00235169 0.0235531 0.00458744 0.0184435 0.0182308 0.034228 0.00147444 0.0204877 0.00809497 0.019215 0.0166585
0.0136962 0.0158987 0.0202736 0.0215566 0.00154394 0.00760184 0.011399 0.0102531 0.0136956 0.0218155 -0.00190062 0.00915164
0.0388148 0.0514252 0.017064 -0.000597218 5.35884e-05 0.00821106 0.0368725 0.0497764 0.00734068 -0.000555864 -0.00249747 0.0117462
0.0160524 0.0334063 -0.0211174 0.000356604 -0.0141782 -0.00739229 0.0137578 0.0357153 -0.0235905 0.0027562 -0.0158409 -0.00752938
0.0664313 0.0678149 0.0338983 -0.00763364 -0.00543497 0.0242677 0.0546604 0.0593723 0.0179874 -0.00562738 -0.00599673 0.0284289
0.0630926 0.0217272 0.0378698 -0.0130132 -0.002717 -7.32624e-05 0.062073 0.0236732 0.0335825 -0.0163966 -0.0114124 0.000507747
0.071714 0.0786142 0.0482077 0.00211414 -0.00938137 0.00955505 0.0659975 0.0762861 0.0394346 -0.00208636 -0.0099196 0.0116669
0.0318344 -0.00169822 0.000171585 -0.0308983 -0.000691145 -0.0225343 0.0328336 0.00685565 -0.00126772 -0.0298 0.00183991 -0.0204346
0.0395315 0.0230611 -0.00550467 0.0133781 0.0146193 -0.00702598 0.0294669 0.0276381 -0.0177429 0.01374 0.0100376 -0.00692182
0.0101583 -0.000736977 -0.0240704 -0.0193988 0.0120194 -0.00560478 0.0082737 0.00793383 -0.0243486 -0.0167428 0.0095742 -0.00548839
0.00397298 0.0419326 0.0136606 0.00801397 -0.0284126 0.00347164 -0.00159426 0.0431426 0.00590086 0.00328645 -0.0304928 0.00170179
0.00732116 0.0470825 0.00321562 0.00269703 0.00670821 0.00400863 -0.00159849 0.0512565 -0.00376784 -0.000330802 0.00354043 0.00687404
-0.00387556 -0.0123002 -0.0135524 -0.0094633 0.0139074 0.0205135 -0.00809089 -0.00696787 -0.0129518 -0.00982571 0.0161883 0.0204187
-0.0180716 0.0100897 -0.00845942 -0.0372062 0.00643267 0.00677219 -0.0158464 0.00726324 0.00153506 -0.0390613 0.00422988 0.0120871
0.018913 -0.000736377 -0.0268553 -0.0342159 -0.0178039 -0.00109347 0.0184413 -0.00346614 -0.0276514 -0.0388461 -0.0172206 0.00504358
-0.00896961 -0.019936 -0.036995 0.01792 -0.017748 -0.00203325 -0.0116021 -0.0136703 -0.0456799 0.0191284 -0.0155466 -0.0020971
0.0055286 -0.00725369 0.0243678 -0.017854 0.0218408 -0.0171493 0.00717713 0.00469982 0.0227665 -0.00823105 0.0166307 -0.0197132
0.00378023 0.0071967 0.00447004 -0.0241592 0.00536212 0.0243146 0.00295694 0.00427938 0.00923293 -0.0272297 0.00158747 0.029684
0.00422536 -0.00144472 0.0341488 -0.0127727 -0.0120933 -0.00560575 -0.00808111 0.00187596 0.0339569 -0.0123669 -0.0148798 -0.00559438
-0.0362319 -0.0090861 -0.0427994 0.0160821 -0.00233843 0.0342706 -0.0339301 -0.0102894 -0.0416294 0.0205274 -0.00283731 0.0313291
-0.000867229 -0.0180436 -0.0145763 0.00711304 0.00594943 0.00140345 -0.00448071 -0.0113041 -0.00480401 0.00335049 0.00305006 0.00145935
0.0308959 0.000379013 -0.0102695 0.00293191 0.0087326 0.019639 0.0359829 -4.78395e-06 -0.00260512 0.00297469 0.0056904 0.017887
0.014565 -0.0182003 0.000841553 -0.0214109 -0.00600181 -0.0445245 0.0112759 -0.0167811 0.0109463 -0.0222157 -0.00790349 -0.0462465
-0.0202443 -0.0652991 -0.0119478 0.0189224 -0.0015132 -0.0136761 -0.0155415 -0.0659603 -0.0100511 0.0137789 -0.00573306 -0.0170389
-0.0410673 -0.0401066 -0.0478444 -0.0227411 0.00278079 -0.00692027 -0.0449921 -0.03348 -0.0437763 -0.0229574 0.0059187 -0.00718593
-0.00949819 0.023242 -0.0698355 0.00646917 -0.0068121 0.00689464 -0.00939586 0.0276563 -0.0779335 0.00480454 -0.00370525 0.00931762
-0.00523726 -0.0600881 -0.022747 0.00680691 0.00873601 -0.00622443 0.00781809 -0.0580479 -0.0163735 0.00320346 0.00812574 -0.00400725
0.00492878 -0.0483761 0.0211645 0.00254829 0.0308178 -0.0238373 -0.000916636 -0.0398777 0.0128827 -1.7284e-05 0.030324 -0.0222268
0.00593756 -0.0354464 -0.0468444 0.0390806 -0.00649552 0.0134799 0.00353105 -0.0339527 -0.0395275 0.0465723 -0.00855383 0.0132847
-0.0294069 -0.0385709 0.00308989 -0.00370326 0.0160165 -0.0261471 -0.0256402 -0.0337501 0.0115559 0.00111812 0.00983293 -0.0235534
-0.0418961 -0.0427449 -0.00899667 -0.0197739 7.10324e-05 -0.00497256 -0.0444696 -0.0331845 -0.00512031 -0.0181285 0.00939793 0.00227509
0.00746838 -0.0137408 -0.0196958 0.0277438 0.0233816 0.00249367 0.0122911 -0.0145377 -0.0175768 0.0231096 0.0282186 -0.00681895
-0.0599629 -0.0577555 -0.0524571 -0.00440621 0.0119055 0.01773 -0.0615946 -0.0581871 -0.0521398 -0.00697312 0.013734 0.0162102
-0.0137153 -0.0253599 -0.0377229 -0.0413656 0.0271592 0.0010375 -0.0139724 -0.0224233 -0.033275 -0.0386177 0.0255622 0.00775867
-0.0786266 -0.0855541 -0.0672264 -0.0276841 -0.0046179 -0.0277269 -0.0711567 -0.0847544 -0.0706285 -0.0292126 -0.00696725 -0.030828
-0.0518521 -0.0944794 -0.0762695 -0.00249873 0.00838923 -0.00212222 -0.0462549 -0.082917 -0.0692941 0.00321515 0.00461793 -0.00892309
-0.0622335 -0.0120864 -0.0499149 -0.000126941 -0.014304 0.0153824 -0.059473 -0.00917052 -0.0466552 -0.00155401 -0.0197984 0.0193471
-0.0527285 -0.0520744 -0.0627301 0.00626302 0.0255962 0.00734506 -0.0425927 -0.0546525 -0.0596395 0.0129505 0.0299786 0.00191287
-0.00788783 -0.061072 -0.0347374 -0.0101777 0.00110422 -0.00621202 -0.0091316 -0.0582795 -0.0371293 -0.00684244 -0.00184333 -0.00708839
-0.0956086 -0.126427 -0.054301 -0.019229 -0.00633468 -0.0174746 -0.0976726 -0.130068 -0.0476364 -0.0219824 -0.00536225 -0.0163311
-0.0637046 -0.018115 -0.0957883 0.00766123 -0.00679757 0.0170069 -0.053798 -0.0103526 -0.0966905 0.00627216 -0.00859679 0.0173787
-0.0343515 -0.0246325 -0.00241516 0.0115015 -0.0290261 0.00284628 -0.0365791 -0.0193383 -0.00234843 0.00811361 -0.0259255 0.00215509
0.0353947 -0.038962 -0.0292442 0.0318979 0.0147887 0.0347398 0.0315991 -0.0407389 -0.0239172 0.0372939 0.0170623 0.0399379
-0.105416 -0.1091 -0.0881182 0.0201326 0.0175013 0.0261431 -0.0982314 -0.104362 -0.0844532 0.0167847 0.0194419 0.0320552
-0.0868881 -0.105592 -0.125304 0.0118315 -0.000186403 -0.0226087 -0.0764505 -0.103682 -0.119289 0.0125451 0.00913142 -0.0215874
-0.128301 -0.155277 -0.127735 0.015015 0.0336209 -0.0095347 -0.121005 -0.155259 -0.128729 0.012803 0.0373716 -0.00949386
-0.0682044 -0.0288548 -0.0952314 -0.0721981 -0.0165638 -0.0160139 -0.0627573 -0.0427374 -0.0955433 -0.0726768 -0.0103589 -0.0103661
-0.0642221 -0.0299301 -0.0411452 0.0164456 0.0119592 -0.0237337 -0.051714 -0.0270242 -0.0422779 0.0120276 0.00906463 -0.0204198
-0.0426181 -0.0874027 -0.0448601 -0.00812294 -0.011234 -0.00182814 -0.0464483 -0.0883288 -0.0451871 -0.008705 -0.0119071 -0.00804213
-0.0885465 -0.146774 -0.13108 -0.040207 -0.0297266 0.0136435 -0.0862865 -0.135133 -0.134606 -0.0396731 -0.0277632 0.0193626
-0.101537 -0.109763 -0.106782 0.0618255 0.00439614 0.0115998 -0.097168 -0.107299 -0.101869 0.0628973 0.00551676 0.0116084
-0.099593 -0.102166 -0.0753862 -0.00619478 0.0190408 0.0190951 -0.0976177 -0.0985034 -0.0849998 -0.00319481 0.0253124 0.0225834
-0.145753 -0.115296 -0.130028 -0.00196569 -0.0137896 0.0377092 -0.149075 -0.12241 -0.128136 0.000764105 -0.00835651 0.0383102
-0.138949 -0.146359 -0.163079 -0.00491564 -0.00490633 -0.0218541 -0.137398 -0.148749 -0.161613 -0.0103903 -0.0034084 -0.0173139
-0.0627378 -0.0809559 -0.0982813 0.00634605 -0.0102053 -0.048989 -0.0627407 -0.0824413 -0.0998809 0.00216605 -0.0106328 -0.0595544
-0.0623079 -0.0987055 -0.115279 0.000444987 -0.0240729 0.0107487 -0.0522292 -0.0978895 -0.116938 -0.00169315 -0.0317363 0.0117735
-0.106131 -0.046733 -0.0508892 0.0563535 -0.045729 0.0230295 -0.113055 -0.0478672 -0.055598 0.0555473 -0.0499502 0.0256529
-0.126225 -0.157744 -0.1277 -0.0284468 0.00920662 -0.00969341 -0.130505 -0.163601 -0.121842 -0.021273 0.0147398 -0.0105468
-0.176036 -0.182323 -0.18475 0.00803738 0.0225907 -0.0015171 -0.186758 -0.176423 -0.184392 0.00472222 0.0216104 -0.00609488
-0.160196 -0.139553 -0.158535 -0.0250053 0.0137167 0.00151844 -0.159005 -0.133997 -0.154103 -0.0274713 0.0212327 0.00269574
-0.131318 -0.0758055 -0.150941 -0.0286951 0.0165605 -0.00912932 -0.122617 -0.0695567 -0.142957 -0.0306701 0.0210315 -0.0112802
-0.0598037 -0.124251 -0.134661 -0.0291756 0.029854 0.0197114 -0.0549875 -0.119837 -0.125124 -0.0251728 0.033267 0.0204937
-0.110422 -0.126461 -0.115448 -0.0258322 0.00227488 0.0343213 -0.106177 -0.120741 -0.105228 -0.0325649 0.00486306 0.0400757
-0.105175 -0.114031 -0.128137 -0.00500697 0.0483858 -0.0121094 -0.0957208 -0.116043 -0.117 -0.00730077 0.0514701 -0.0148898
-0.0881735 -0.132368 -0.128801 -0.00722238 0.0116332 0.033181 -0.0755487 -0.122246 -0.127714 -0.00967707 0.019948 0.0304683
-0.113791 -0.116996 -0.138548 0.00706965 0.010498 -0.0262242 -0.0939652 -0.096089 -0.115513 0.00396235 0.0106531 -0.033116
-0.115992 -0.088864 -0.0948663 -0.00242584 0.0085215 0.00674046 -0.118866 -0.0817173 -0.0926 -0.000605926 0.0059875 0.00191275
-0.115517 -0.106011 -0.114555 0.00414385 -0.0205499 0.011492 -0.109459 -0.0987809 -0.109453 0.00627491 -0.0248546 0.0127736
-0.131502 -0.120358 -0.128593 -0.0289175 -0.00628727 0.00870043 -0.138115 -0.113039 -0.128209 -0.0283837 -0.00631293 0.0115581
-0.100655 -0.16223 -0.0846988 0.055469 0.00101678 0.00235165 -0.0998301 -0.165629 -0.0828882 0.0565148 0.0107544 0.00488546
-0.0820129 -0.185384 -0.121824 0.0157308 0.029454 0.0280677 -0.0879805 -0.184763 -0.122978 0.024135 0.0281468 0.028348
-0.0696175 -0.0764219 -0.0882494 0.0126528 -0.0203422 -0.0160481 -0.0608561 -0.0693584 -0.103801 0.0190128 -0.0208477 -0.0171945
-0.0548977 -0.0721347 -0.0631951 -0.005204 -0.0217721 0.00884614 -0.0526782 -0.0652453 -0.0836053 -0.00318254 -0.0221306 0.00580778
-0.080049 -0.0265034 -0.0794156 0.0289656 0.00573116 0.000450882 -0.0734231 -0.0155524 -0.0943847 0.0313115 0.0068789 -0.00369346
-0.0648519 -0.0613455 -0.0422811 -0.0113316 0.0310116 0.0127504 -0.0540392 -0.050038 -0.0543705 -0.00938639 0.035995 0.0131634
-0.0412495 -0.0270497 -0.0680265 -0.00538252 -0.015597 -0.0122333 -0.031921 -0.0141516 -0.0787643 -0.00871024 -0.0163446 -0.0144784
-0.0585369 -0.0622842 -0.0440562 -0.0169264 -0.01947 0.0179628 -0.0469187 -0.0495752 -0.0571619 -0.0261446 -0.0184393 0.0221124
-0.0383891 -0.0371714 -0.0438692 0.00988379 -0.00247596 0.0292156 -0.0288217 -0.0323493 -0.0570982 0.00899315 -0.00916729 0.0289138
-0.0867196 -0.0886689 -0.0767987 -0.00837453 -0.0228317 -0.0143625 -0.0829756 -0.0843331 -0.0987348 -0.00964671 -0.0160315 -0.0159609
-0.0394369 -0.0906064 -0.0723025 -0.0218942 -0.0346287 -0.000667325 -0.0313403 -0.0831655 -0.0866696 -0.0218483 -0.0346473 -0.00384761
-0.0585864 -0.0787381 -0.0708355 -0.00301628 0.00332267 -0.00472229 -0.0581441 -0.0750213 -0.0879067 0.00296839 0.00205503 -0.00806948
-0.0636694 -0.0415496 -0.021617 -0.00236167 0.00253919 -0.0124835 -0.0505039 -0.038622 -0.0365201 0.000119765 0.000661258 -0.0121731
-0.0675345 -0.0886107 -0.0521537 0.00896095 -0.00620813 0.00179295 -0.0534149 -0.0837075 -0.0604759 0.00337012 -0.00628669 0.00324294
-0.0517215 -0.0486431 -0.0564213 0.00674708 0.0203529 0.00485285 -0.0437793 -0.0412955 -0.0717154 0.0122682 0.0212648 0.0047072
-0.0357232 -0.0433066 -0.0592176 -0.0139671 -0.0158736 0.00300177 -0.0270905 -0.0332534 -0.0852488 -0.0131154 -0.0187126 0.00696146
-0.0720699 -0.0880985 -0.0572541 -0.00112388 -0.013369 -0.0231253 -0.0646972 -0.0816633 -0.0715811 0.00198059 -0.0102634 -0.0252649
-0.107455 -0.0494735 -0.063772 -0.00239095 0.0377122 -0.00991237 -0.0975364 -0.039704 -0.0755421 0.000252215 0.0392077 -0.00682149
-0.0708968 -0.0598588 -0.0823747 -0.00506595 0.00276055 -0.0220061 -0.0612711 -0.0519991 -0.095697 -0.00440956 0.000431493 -0.0219118
-0.0276502 -0.00804455 -0.0391192 0.00992601 0.00448003 0.0034979 -0.0172193 -0.00230503 -0.0510868 0.00884898 0.00445274 0.000348792
-0.071322 -0.0274392 -0.0406636 0.00909945 -0.0116611 -0.00145469 -0.0651707 -0.018211 -0.0572321 0.0102285 -0.0138297 -0.0013894
-0.0666423 -0.0595165 -0.0732168 0.0203442 -0.00674627 0.0144068 -0.0528861 -0.053936 -0.0905693 0.0204531 -0.00257836 0.00979148
0.529968 0.468994 0.480837 0.0177826 0.0462342 -0.0499446 0.538544 0.465549 0.480832 0.00834161 0.045554 -0.0515612
-0.0493312 -0.000765117 -0.0142991 -0.00576694 0.0388652 0.0122034 -0.0421881 -0.000358085 -0.0292978 -0.00830434 0.038829 0.00906364
-0.110622 -0.097574 -0.0905748 0.00234762 0.00745962 0.00588893 -0.102653 -0.0930504 -0.114611 0.00216929 0.00581707 0.00804939
-0.0703444 -0.105776 -0.0772115 -0.0188773 0.00942448 -0.0106689 -0.060483 -0.097054 -0.0915854 -0.013576 0.00794771 -0.00750159
-0.0572897 -0.0168558 -0.0567791 0.0171762 -0.00128667 0.0289784 -0.0560363 -0.00954831 -0.0738864 0.00805475 0.00170108 0.0248694
-0.049788 -0.0586496 -0.0959091 0.0130561 0.0190218 -0.00857463 -0.0404444 -0.0469416 -0.118592 0.0168758 0.0151697 -0.00758081
-0.0544579 -0.0403661 -0.0830872 0.0092113 -0.00206769 0.0150302 -0.0487791 -0.0340497 -0.0994129 0.00670117 -0.00224495 0.0191443
-0.0528951 -0.0435405 -0.0398208 -0.00751448 -0.0180003 -0.00646297 -0.0454491 -0.0337124 -0.0601011 -0.00937471 -0.0211818 -0.00435332
-0.0606769 -0.0783893 -0.0551828 0.00938771 -0.00355929 0.00175235 -0.0560879 -0.0715934 -0.0717978 0.00613224 -0.00254892 0.00138593
-0.0903032 -0.0783764 -0.0962789 -0.0124587 -0.00600985 -0.0131037 -0.0873404 -0.0758509 -0.120255 -0.010506 -0.0106237 -0.0148833
-0.0701008 -0.0474641 -0.0991605 0.00965399 0.00545459 0.0108406 -0.0568148 -0.0413345 -0.116476 0.00838808 0.00604769 0.0115322
-0.00550245 -0.0359882 -0.0399108 0.00164715 0.000733382 -0.0222788 0.00631254 -0.0337049 -0.0508038 0.00416537 -0.00604178 -0.0215748
-0.02301 0.0121309 -0.018976 0.005469 0.011654 -0.00576792 -0.0107051 0.0181559 -0.0289141 0.00876556 0.0168128 -0.00341144
-0.106523 -0.06664 -0.091106 0.0258106 0.0182698 0.0138871 -0.101682 -0.0591521 -0.108892 0.0243551 0.0215297 0.0151112
-0.0236002 -0.0406865 -0.0364779 -0.00279173 -0.0106131 -0.0150761 -0.0201516 -0.0343122 -0.0519214 0.00369863 -0.0125373 -0.0143257
-0.0610654 -0.0341275 -0.0463135 -0.021092 0.0051445 -0.00352344 -0.0513636 -0.0279149 -0.0629859 -0.017045 0.0117761 -0.00136241
-0.0318803 -0.0329487 -0.0239925 -0.00503145 0.0125511 0.0212159 -0.0284642 -0.0272115 -0.0446773 -0.0039519 0.00945614 0.0236763
-0.068651 -0.0357403 -0.0715852 0.0342746 0.0263568 0.00664338 -0.0602203 -0.0244213 -0.089891 0.0340765 0.0278204 0.0102239
-0.0437944 -0.0330333 -0.0303577 -0.0199068 -0.014585 0.0142284 -0.041164 -0.0200584 -0.0472636 -0.0145112 -0.0171221 0.015691
-0.0678332 -0.0512017 -0.0705454 0.00785593 0.00139083 0.026085 -0.0682399 -0.0452909 -0.09998 0.00576166 0.00184785 0.0227197
-0.0727732 -0.0541788 -0.119829 0.0261682 -0.00674511 0.00447895 -0.0597771 -0.040957 -0.143437 0.02789 -0.00116075 0.00204097
-0.0315088 -0.0794251 -0.0698922 0.00757782 0.00340503 -0.00664242 -0.0209619 -0.069412 -0.0901096 0.00461743 0.0012648 -0.0152171
-0.0679903 -0.0626751 -0.0547234 0.000153838 -0.0155489 -0.0178213 -0.0490534 -0.0559447 -0.0707865 -0.00462775 -0.0170466 -0.0173017
-0.0689992 -0.061059 -0.0466699 0.0252113 0.00589747 0.0193165 -0.0524903 -0.041905 -0.0574157 0.0317591 0.0031525 0.0206733
-0.0832591 -0.0514719 -0.0502618 -0.000128835 0.00390219 -0.0173875 -0.0807424 -0.0329994 -0.0652715 0.00112275 0.00821376 -0.0222025
-0.0739111 -0.0636971 -0.0951278 -0.0104345 -0.00661174 0.00524934 -0.065373 -0.0551033 -0.1069 -0.00579869 -0.00822339 0.00535138
-0.0443579 -0.0883898 -0.0557166 0.0251343 -0.0202403 -0.0311526 -0.0403405 -0.0813622 -0.0743775 0.0287026 -0.0169757 -0.0284449
-0.0457459 -0.0458445 -0.0472629 0.0136212 -0.0233593 -0.00685232 -0.0436398 -0.0323414 -0.0701379 0.00802844 -0.0212718 -0.00813322
-0.0733162 -0.0298913 -0.0253178 -0.0290162 -0.00321523 -0.00952137 -0.0647343 -0.0205128 -0.0409281 -0.0286847 0.00154117 -0.00672151
-0.0276497 -0.0386538 -0.0501822 -0.0225594 -0.00835725 -0.00922525 -0.0275405 -0.0277634 -0.0656209 -0.0247908 -0.00456527 -0.0149783
-0.0409581 -0.0339664 -0.0321698 0.0168954 0.0120131 -0.0157989 -0.040526 -0.0233759 -0.0491482 0.0155605 0.00497493 -0.0129699
-0.0631118 -0.0917447 -0.0887999 -0.0203575 0.0285528 0.0139881 -0.0550286 -0.082939 -0.113679 -0.0204715 0.0306263 0.0141839
-0.0897526 -0.0928922 -0.11406 -0.0252046 -0.0107336 0.00877403 -0.0776213 -0.0865907 -0.13486 -0.0298343 -0.0104955 0.0110675
-0.0729592 -0.0508325 -0.0635328 -0.00646118 -0.00725865 -0.00496728 -0.0618743 -0.0414571 -0.0779963 -0.0102493 -0.00778992 -0.0052053
-0.0352171 -0.0467439 -0.0547442 0.0182821 0.00702374 -0.00646369 -0.0319796 -0.0431659 -0.0745164 0.0213753 0.002295 -0.00739272
-0.0140736 -0.0114052 -0.066576 -0.00366476 4.60624e-05 0.0108086 -0.00850584 0.00108265 -0.0788278 -0.0112988 -0.00392106 0.00668773
-0.0362001 -0.0735772 -0.0417241 -0.00978232 -0.00556202 0.0273549 -0.0222358 -0.066099 -0.0578521 -0.00457136 -0.00907132 0.0331563
-0.0749235 -0.0277615 -0.0637992 -0.00492175 0.0381961 0.00938226 -0.071269 -0.0135832 -0.0809865 -0.00453146 0.0365233 0.00738468
-0.0484407 -0.12047 -0.142639 0.0195559 0.0205251 -0.014453 -0.0359059 -0.111687 -0.16 0.0199741 0.0176394 -0.00751141
-0.0876534 -0.102207 -0.0788335 -0.000294301 0.00362606 -0.0346781 -0.0745909 -0.0944512 -0.10351 -0.00133227 0.00661668 -0.031088
-0.0233146 -0.040443 -0.0765826 0.0134709 0.00638423 0.0462869 -0.01075 -0.0351798 -0.0978618 0.0118904 0.00474176 0.048682
-0.13344 0.0569602 0.0859062 0.114477 -0.189313 0.228383 -0.190231 0.0405067 0.0807725 0.141187 -0.194027 0.270728
0.12049 -0.0869193 -0.0746199 -0.0809279 -0.101051 0.148596 0.130903 -0.0801967 -0.072655 -0.0634417 -0.102388 0.163737
0.138231 -0.00477221 0.12248 0.134589 -0.0946959 -0.161987 0.123735 -0.0271575 0.114594 0.139045 -0.103739 -0.177282
-0.0549282 -0.20709 0.0200325 -0.0161147 -0.1441 0.0265898 -0.0391892 -0.225707 0.043955 -0.0156642 -0.141519 0.02626
-0.319097 -0.33457 -0.288622 -0.231584 -0.0512174 0.025309 -0.304696 -0.324088 -0.263993 -0.246634 -0.0432825 0.0282192
0.389165 0.0600738 -0.0238856 0.0493569 -0.130616 0.109597 0.377417 0.0538625 -0.0211042 0.06644 -0.141422 0.119643
-0.0388728 -0.0476621 0.28308 0.000468247 -0.0442951 0.052002 -0.057705 -0.0703108 0.28123 0.00119 -0.0471458 0.0501308
0.00845309 -0.194249 -0.240577 -0.0774117 0.00223504 0.104892 0.00940417 -0.198304 -0.249792 -0.0979092 0.00158667 0.0717542
-0.0577172 -0.113014 0.00301039 0.0362301 -0.125309 -0.0319846 -0.0767667 -0.125172 0.0199867 0.03998 -0.128325 -0.03142
-0.304367 -0.224756 0.0991674 0.0632678 0.069475 0.0857748 -0.290713 -0.229652 0.0925967 0.04998 0.0728058 0.0750092
-0.197358 -0.1543 -0.238084 0.178709 0.062836 -0.0135172 -0.181956 -0.109219 -0.246768 0.153504 0.0723025 -0.00392583
-0.112748 -0.100504 0.0584981 0.0844896 0.159924 0.0922945 -0.111267 -0.0965508 0.0326075 0.0859683 0.182414 0.087635
-0.163628 -0.199673 0.0619154 0.0345064 -0.153595 0.0248258 -0.167185 -0.206052 0.0924825 0.0281242 -0.15618 0.0259133
0.0846377 0.0633083 0.0398524 0.175652 -0.0572343 0.0299543 0.0985575 0.0673367 0.0201858 0.178459 -0.0600225 0.0314408
0.000659227 0.0205284 0.0807288 0.0157911 -0.074511 0.0456547 -0.00866083 0.0197142 0.100316 0.0147558 -0.0799867 0.0484417
0.128173 -0.0609279 -0.10261 0.197684 0.125236 -0.13534 0.129367 0.00516083 -0.0623117 0.159318 0.0998175 -0.124245
-0.0540979 -0.187324 0.0644899 -0.0241239 -0.143126 -0.0119738 -0.0514175 -0.211353 0.0857158 -0.0239342 -0.139702 -0.0129408
-0.000109454 0.201276 0.00164277 0.186244 -0.218724 -0.163651 -0.0336158 0.180908 -0.00805083 0.199996 -0.206926 -0.168733
-0.0480784 -0.0656166 -0.270325 -0.0194325 0.0622976 -0.0517995 -0.0675717 -0.0641067 -0.282616 -0.0510333 0.0625917 -0.0613258
-0.276883 -0.175681 -0.0814084 -0.0390583 0.0227382 0.142286 -0.288114 -0.191966 -0.113322 -0.0577325 -0.0214525 0.157566
-0.451749 -0.0664078 -0.270078 0.070504 0.182873 0.153758 -0.471017 -0.11073 -0.211071 0.087625 0.185494 0.170205
-0.140709 -0.14502 -0.0596645 -0.0142914 0.159974 0.0978808 -0.156068 -0.156251 -0.0830075 -0.02291 0.165267 0.08479
0.0739322 -0.272037 -0.2751 0.0850601 -0.168374 -0.0474549 0.0651492 -0.285259 -0.281377 0.0745208 -0.138623 -0.0558975
-0.101322 0.068666 -0.0933692 -0.0742518 -0.161608 -0.089225 -0.0982592 0.0674 -0.0877 -0.06181 -0.156923 -0.0903
-0.312427 -0.276624 -0.296754 0.166361 0.082745 0.0615456 -0.298533 -0.292191 -0.299733 0.184801 0.0741725 0.0713808
-0.268911 -0.559121 -0.401616 0.0258133 0.0236761 -0.0578704 -0.296935 -0.565633 -0.365109 0.0273708 0.0340508 -0.0474317
-0.0369271 -0.128461 -0.11644 -0.00583263 0.0876417 0.0894074 -0.0767842 -0.160657 -0.131774 0.00639 0.0857883 0.0888525
0.00933141 -0.119159 -0.0225666 -0.15616 0.0553096 0.00257989 0.0223517 -0.143495 -0.0171833 -0.135696 0.05947 -0.0337542
-0.147774 -0.138057 -0.165263 -0.163 -0.0263763 0.0574819 -0.131485 -0.114917 -0.169818 -0.178854 -0.0303333 0.0624633
-0.485622 -0.350957 -0.336439 0.0934115 -0.123325 -0.0319459 -0.480848 -0.341256 -0.353505 0.0771125 -0.117395 -0.0274042
-0.0654146 -0.134031 0.0764982 -0.00331633 -0.125816 0.00913273 -0.0726217 -0.145476 0.0972367 0.0045625 -0.129937 0.00801917
-0.0620871 -0.09159 0.07688 -0.00715336 -0.0975 -0.00356716 -0.0647708 -0.102466 0.09544 -0.00921583 -0.10341 -0.00227917
-0.0206248 -0.103516 0.0655853 -0.024106 -0.115135 0.0228526 -0.0207433 -0.115321 0.0869942 -0.019245 -0.114593 0.02476
-0.072921 -0.130278 0.0649828 0.000943375 -0.11097 0.00293885 -0.0752208 -0.143038 0.0848267 0.00131167 -0.11353 0.00353167
-0.0622724 -0.0970803 0.0603396 0.00421951 -0.112789 -0.00186677 -0.0680967 -0.105958 0.0796483 -0.0015575 -0.119738 -0.000808333
-0.068168 -0.116165 0.0636907 0.0225221 -0.114824 0.0189819 -0.073025 -0.128988 0.0883883 0.0243417 -0.117218 0.0144683
-0.0506517 -0.131412 0.042081 0.0093416 -0.111016 0.00122857 -0.0558025 -0.149269 0.0642467 0.0104517 -0.113157 -0.0007475
-0.0798729 -0.0933118 0.0172291 0.0312376 -0.0873122 -0.0230161 -0.0821308 -0.1039 0.0362892 0.0288075 -0.0938017 -0.02584
-0.0448381 -0.124452 0.0542821 -0.00641221 -0.116689 0.0115303 -0.0567758 -0.140207 0.0741225 -0.00454167 -0.119261 0.0106392
-0.0767016 -0.0988036 0.0432739 0.0286803 -0.1049 -0.0017911 -0.0832125 -0.110202 0.0654258 0.0263467 -0.104412 -0.0026925
-0.0592638 -0.107647 0.073566 0.0127384 -0.103191 -0.00943998 -0.06881 -0.126423 0.0844858 0.0100192 -0.104032 -0.0086775
-0.0771522 -0.122575 0.0624133 0.0030702 -0.11248 -0.0130299 -0.0770875 -0.130505 0.0858783 0.00191833 -0.11355 -0.0122933
-0.0738921 -0.0746174 0.025421 0.00408554 -0.0949962 -0.0176951 -0.0811833 -0.0924683 0.0424742 0.0030425 -0.101098 -0.0183892
-0.0685235 -0.13846 0.0220907 -0.00659554 -0.108796 6.78549e-05 -0.0717592 -0.150486 0.04233 -0.0055375 -0.110354 -9.16667e-06
-0.0323227 -0.110136 0.0635501 -0.000734734 -0.114401 -0.00474207 -0.0379275 -0.127507 0.0804992 0.0039725 -0.115986 -0.00175917
-0.051091 -0.106715 0.0452594 0.0053635 -0.110079 -0.000898669 -0.0553925 -0.116795 0.0668 0.00455667 -0.108775 0.000949167
-0.0658805 -0.119787 0.0988061 -0.00173911 -0.135759 0.00516364 -0.0679242 -0.127829 0.120827 -0.0017525 -0.137328 0.00578833
-0.0779259 -0.110104 0.0447139 -0.0105601 -0.10058 0.00212213 -0.0836458 -0.120198 0.0654625 -0.0076925 -0.09909 -0.000410833
-0.0349724 -0.0974707 0.121942 0.0125943 -0.0992695 0.00961976 -0.0380117 -0.104591 0.141087 0.0119708 -0.103125 0.0102667
-0.0797327 -0.123654 0.0487556 0.0163148 -0.111454 -0.0179114 -0.073225 -0.13445 0.0707008 0.0150875 -0.112177 -0.0143917
0.00606055 -0.00272891 0.0085666 0.024152 0.0191091 -0.00417584 0.0107726 -0.00425454 0.00190142 0.026386 0.0203322 -0.00264667
0.00142308 -0.0158406 0.0137749 -0.000815299 -0.0101598 0.0081816 -0.000570525 -0.0107267 0.00861299 0.00140207 -0.0126484 0.00599136
0.0372544 -0.00157028 0.0283564 0.00318815 0.00651466 0.0040939 0.0393924 -0.00692614 0.0202886 0.00614352 0.00369287 0.00549836
0.0281008 0.0184777 0.0450245 0.0104316 0.000626831 0.00391347 0.0320556 0.0119918 0.0407844 0.0122108 -0.0010633 0.000976975
0.0102722 0.000510672 0.0180915 0.00630814 0.00342051 0.0108218 0.00874756 -0.00338991 0.0106578 0.00585315 0.00161944 0.0112645
0.0186143 -0.00548554 0.00865706 0.0137694 0.0141215 0.00376827 0.0207121 -0.0117441 0.000653858 0.0154934 0.0151395 0.00305972
0.0421731 -0.00347439 0.0314888 0.00891274 -0.00695663 -0.0021937 0.0381278 -0.00313457 0.0284231 0.011294 -0.00844019 -0.000760401
0.0121753 0.0225473 0.0232913 -0.00601641 0.00824871 0.00922933 0.0120873 0.016513 0.0147503 -0.00372988 0.00265559 0.0100703
0.00366713 0.0086492 0.00714605 0.0100835 0.0223627 -0.000142098 0.00307762 0.0072213 -0.00390062 0.0113818 0.0204173 -0.00141753
0.0418567 -0.014643 0.0379355 -0.00729025 0.00734141 -0.00234837 0.0427277 -0.0105621 0.034741 -0.00886056 0.00410043 -0.00719232
-0.00558973 0.0196404 -0.0104933 0.0110859 0.0154703 -0.0200888 -0.011395 0.0188479 -0.0204082 0.00792673 0.0144756 -0.0226599
-0.0104942 0.00994787 0.0213462 0.0100738 0.000942227 -0.0287838 -0.0164338 0.0132562 0.0108875 0.00543725 -0.000854136 -0.0239883
0.0227136 0.00982073 0.0112101 -0.0237473 0.00120437 -0.00350508 0.0220528 0.00955806 -0.000411543 -0.0213675 -0.00266664 -0.00295664
0.00553154 0.0228843 0.00379975 -0.00161113 -0.0136016 -0.00961471 -0.00414744 0.021355 -0.0120565 -0.00104713 -0.0118784 -0.0102948
-0.00274446 0.0389541 -0.0268929 -0.00177805 -0.000545602 -0.0105257 -0.00756377 0.0395621 -0.0405539 -0.00835275 0.000970185 -0.0115412
0.0125678 0.0112433 0.0354325 0.006777 -0.00233793 -0.0147352 0.0057184 0.0130261 0.0292007 0.00954318 -0.00318 -0.0181876
0.00376631 0.0043591 0.00541879 -0.0218301 -0.000608444 -0.013201 -0.005675 -0.00229068 -0.0106532 -0.0226133 -0.00587673 -0.00911225
0.0144971 0.0383207 0.0256121 -0.0188573 -0.00634274 -0.00448524 0.014166 0.0520086 0.0227233 -0.017375 -0.00418392 -0.00488151
0.00101213 0.0135998 0.0296161 -0.0144795 0.00612555 0.000689628 -0.00106321 0.0117152 0.0264184 -0.0134947 0.0056787 0.00397685
0.0287108 0.0154458 -0.0232924 0.00499253 0.0110008 0.00568646 0.022432 0.0109223 -0.035948 0.000492747 0.00933867 0.00997864
0.0392282 0.0308558 0.0380412 -0.0241441 -0.0135924 -0.0370521 0.0337683 0.0283143 0.0453423 -0.023185 -0.0135189 -0.038331
-0.00668075 0.0166377 -0.0350572 0.0339852 -0.0334584 -0.0206698 -0.00273302 0.0194469 -0.0384284 0.0372158 -0.0356069 -0.0219145
0.0159337 -0.0177937 0.0260189 -0.0153636 0.00198599 0.00417035 0.011491 -0.0151122 0.0289255 -0.0127337 -0.000537593 0.00675219
0.00518376 -0.0358883 -0.0176027 0.00743518 -0.0106769 0.0242154 -0.00195059 -0.0379755 -0.0149044 0.0124927 -0.00507213 0.0278448
-0.02163 -0.0079064 0.001304 -0.00835844 0.0198212 -0.00950582 -0.0145046 -0.00982818 0.00745735 -0.00802951 0.0219455 -0.00325494
-0.0199435 -0.0246408 0.00638275 0.00993089 -0.00108594 -0.000186492 -0.0275408 -0.0203847 0.0067684 0.00865349 0.00217636 0.00217988
-0.00518629 -0.0155983 -0.0116888 -0.009789 -0.00697336 -0.0150569 -0.0032467 -0.00676201 0.00294728 -0.0108751 -0.0125534 -0.0200132
-0.0181633 0.028972 0.0240963 -0.0188032 -0.00767116 -0.000169026 -0.0214477 0.0299349 0.0330981 -0.0159515 -0.00398704 0.000751667
0.0152879 0.000323116 -0.00119561 -0.030058 0.0165187 0.00115501 0.00732404 -0.00187917 -0.0107681 -0.0358214 0.0144447 0.00290417
-0.004968 -0.00765999 -0.0211283 -0.0185374 -0.001468 0.00814171 0.00415062 -0.0114128 -0.0219444 -0.020538 -0.0021358 0.0101383
-0.00160172 0.00450464 0.00841846 0.0106689 -0.00308058 0.00907464 0.00970688 0.00652157 0.0208227 0.00822133 -0.00426772 0.0148597
-0.0870954 -0.0330792 -0.0859257 0.0212982 0.016572 0.0248976 -0.0875423 -0.0232634 -0.0748507 0.0205991 0.0177617 0.0264688
-0.0296318 -0.0670171 -0.0634041 -0.0114657 -0.0192962 0.0157674 -0.0260311 -0.0604238 -0.0604555 -0.00897966 -0.0150101 0.0164221
-0.0276294 0.0197515 -0.0200158 -0.0134084 -0.00805341 -0.00943051 -0.023993 0.0271584 -0.0131498 -0.0147552 -0.0116643 -0.0100645
-0.0500622 -0.0731685 -0.062201 0.0410198 -0.000339744 -0.00171643 -0.0495054 -0.0715742 -0.0607449 0.0409456 0.00712562 -0.00203747
-0.0210575 -0.00787564 0.018709 -0.0296039 -0.00936893 -0.00405006 -0.0202329 -0.0100569 0.0144602 -0.0298442 -0.0117426 -0.00916994
-0.0307397 -0.0570267 -0.0496782 -0.00477227 -0.00030525 0.00181019 -0.0359428 -0.0472187 -0.0471885 -0.00379583 0.00325435 -0.00267096
-0.0429439 -0.0236374 -0.00746691 -0.016939 0.023588 -0.020826 -0.0373527 -0.0267793 -0.00237568 -0.0179573 0.0361619 -0.0209647
-0.0155595 -0.00884822 -0.00943242 -0.00168636 0.0112374 -0.0337307 -0.0196461 -0.012811 -0.00592469 0.00169713 0.00693667 -0.031278
-0.0362213 -0.00766431 -0.061991 0.0349852 0.00208277 -0.0230858 -0.0248515 -0.00370639 -0.0553901 0.0350733 0.00112611 -0.0264313
-0.0326169 -0.0649249 -0.0829 -0.00797812 0.00934809 0.013277 -0.0239388 -0.0600663 -0.0777679 -0.00683883 0.0108615 0.00814907
-0.0656542 -0.0750213 -0.0858183 0.0150495 -0.0170023 0.0136962 -0.0563185 -0.0706719 -0.0806169 0.0188746 -0.00973071 0.0150946
-0.0299939 -0.0216544 -0.0110294 -0.0219552 -0.0186893 -0.00272445 -0.0308461 -0.0166096 -0.00216278 -0.0246721 -0.0238167 -0.0111566
-0.0812048 -0.0875986 -0.0670402 0.0082991 0.0210311 0.0227113 -0.0789686 -0.0841971 -0.0704124 0.0169709 0.0246383 0.0255363
-0.0316396 -0.0138224 -0.0333768 -2.02208e-05 0.0270639 -0.00852179 -0.0252294 -0.0102105 -0.0310358 -0.00248654 0.0198186 -0.0135978
-0.0425376 -0.0326841 -0.0278359 0.00927621 0.0199637 -0.00482983 -0.0390516 -0.029873 -0.0226223 0.00983821 0.0235157 -0.00315519
-0.08904 -0.0883973 -0.0671132 -0.0290871 0.027968 -0.0180663 -0.0890736 -0.0818426 -0.0588366 -0.0303984 0.0289928 -0.0162044
-0.0566525 -0.0349715 -0.0198217 0.012357 -0.00181313 0.000528105 -0.0570414 -0.0319072 -0.0200538 0.0113488 4.53704e-06 0.000288889
-0.0720522 -0.0434401 -0.0749179 -0.00336439 0.0248766 -0.00556371 -0.0667989 -0.0334437 -0.0668362 -0.00395478 0.0218551 -0.00915586
-0.0986619 -0.0628014 -0.0468541 -0.0164813 -0.00481639 0.00346261 -0.0876777 -0.0426982 -0.0409027 -0.013476 0.000632747 0.00535336
-0.0294702 -0.033712 0.0264237 0.0339384 -0.00140038 -0.0126298 -0.0216098 -0.0346136 0.0310817 0.0388051 7.38889e-05 -0.00523139
-0.056284 -0.033302 -0.0426378 -0.0273807 -0.00549644 -0.0137638 -0.0594057 -0.0340306 -0.0414671 -0.0325481 -0.00682633 -0.00951046
-0.0342225 -0.100436 -0.0767001 0.00519558 -0.014683 -0.00698249 -0.0286432 -0.0906676 -0.0783041 0.00414145 -0.0161974 -0.0104641
-0.0628341 -0.0826009 -0.0446968 0.0123739 -0.00612246 -0.026772 -0.0614871 -0.0931138 -0.0426871 0.0129979 -0.0084371 -0.0290848
-0.147844 -0.141284 -0.0828952 -0.000557761 -0.00654771 -0.021716 -0.145634 -0.141528 -0.0804469 0.00324265 -0.0122724 -0.0202817
-0.0958461 -0.0860529 -0.136994 0.00692143 -0.00446534 0.014833 -0.0932144 -0.0915044 -0.136284 0.00732518 -0.00617654 0.0168471
-0.10238 -0.0817826 -0.0343215 0.00119844 -0.0228894 0.0239685 -0.0967131 -0.0873726 -0.0334314 0.00109404 -0.023371 0.0251351
-0.10542 -0.106571 -0.100213 -0.00439709 0.0117201 0.03573 -0.107409 -0.108526 -0.0901963 -0.00432673 0.0133203 0.0280894
-0.0456593 -0.0637049 -0.0486266 0.000803952 -0.00506445 8.27577e-05 -0.0315261 -0.0625411 -0.0558965 -0.00864682 -0.0110602 -0.000453673
-0.0706144 -0.0339675 -0.0823608 -0.0071589 0.0243666 0.00462884 -0.0647966 -0.0280855 -0.0816347 -0.0080512 0.023446 -0.00272716
-0.0722746 -0.139731 -0.100702 -0.0139282 -0.000381099 0.00389858 -0.0738735 -0.134446 -0.0976157 -0.0202052 -0.000544938 0.000867191
-0.108911 -0.121211 -0.092026 0.00465748 0.00999342 -0.0101527 -0.10864 -0.120511 -0.0882367 -0.00176586 0.00587815 -0.0113053
-0.153625 -0.162593 -0.121627 -0.0130223 0.0268242 0.0411897 -0.158086 -0.166129 -0.122526 -0.0043612 0.0319003 0.0410641
-0.142693 -0.197782 -0.128267 -0.0142019 0.0133117 -0.030717 -0.149023 -0.198661 -0.123165 -0.012495 0.00953481 -0.0298485
-0.0867221 -0.106757 -0.12351 -0.0182746 0.0365258 0.0140579 -0.0819149 -0.107763 -0.119749 -0.0273727 0.0346361 0.0184888
-0.182349 -0.138914 -0.141486 -0.00425591 0.00730971 -0.00911733 -0.185527 -0.131306 -0.132527 -0.0107904 0.0088129 -0.0110017
-0.101558 -0.100404 -0.0619336 -0.00462815 0.0177294 -0.0110946 -0.107268 -0.0968129 -0.0641861 3.14815e-05 0.0184203 -0.00983651
-0.156649 -0.0762575 -0.0380819 0.00474063 -0.0260327 -0.0180355 -0.159243 -0.0790861 -0.037424 0.0106195 -0.0215518 -0.0120208
-0.086142 -0.0711556 -0.0783316 -0.00376751 0.0342006 -0.0125111 -0.080416 -0.0613715 -0.0814356 -0.00419296 0.0288502 -0.00834812
-0.153426 -0.139209 -0.158051 -0.010808 0.00102026 -0.0196305 -0.152278 -0.13788 -0.153045 -0.0106124 0.00554025 -0.0219919
-0.144844 -0.0765253 -0.0736116 0.00698405 0.0169689 0.00868642 -0.138619 -0.0729769 -0.0635291 0.0129712 0.0199182 0.018473
-0.236755 -0.189195 -0.17085 0.00912472 -0.000319507 0.0155502 -0.25288 -0.183137 -0.178846 0.0233602 -0.00422191 0.00590661
-0.125297 -0.14225 -0.166631 0.021625 0.00285374 0.0445596 -0.122734 -0.13936 -0.159413 0.0167293 0.0116912 0.0466281
-0.10031 -0.104405 -0.0908213 0.00338176 0.0209141 0.0361009 -0.113975 -0.113073 -0.0887861 0.00385213 0.0212781 0.0390209
-0.138728 -0.181543 -0.177283 -0.00298228 -0.0301607 0.0106258 -0.133044 -0.180659 -0.180764 0.000172562 -0.0319749 0.0103548
-0.226996 -0.0948181 -0.136952 -0.0112098 0.0229876 -0.0243782 -0.223267 -0.0908062 -0.123429 -0.016475 0.0256628 -0.0278447
-0.0926292 -0.02762 -0.0920906 -0.0335493 0.0478285 -0.012755 -0.0826455 -0.0171766 -0.0880463 -0.0477732 0.0444273 -0.0213463
-0.164693 -0.189354 -0.168297 0.0324829 0.0159161 -0.00422595 -0.158989 -0.19367 -0.161661 0.0334345 0.0127507 0.000343086
-0.113869 -0.161915 -0.140678 0.0347607 -0.00852459 -0.0340211 -0.128297 -0.16349 -0.14054 0.0274354 -0.0112221 -0.0340176
-0.209422 -0.218335 -0.156553 -0.0268044 0.00432056 -0.00365711 -0.211648 -0.216277 -0.14941 -0.0262359 0.00564583 -0.0130952
