-3.56409 -3.56465
-3.55514 -3.55619
-3.5536 -3.55295
-3.56619 -3.5667
-3.55826 -3.55741
-3.54957 -3.54908
-3.55867 -3.55765
-3.56282 -3.56288
-3.56046 -3.56001
-3.56159 -3.56102
-3.56411 -3.56286
-3.55298 -3.55275
-3.55743 -3.55745
-3.5547 -3.55563
-3.56684 -3.56705
-3.56041 -3.56066
-3.55333 -3.55491
-3.5561 -3.55678
-3.56988 -3.56991
-3.5501 -3.54975
-3.56038 -3.55986
-3.5474 -3.54909
-3.55968 -3.56082
-3.5585 -3.5589
-3.55573 -3.55581
-3.54545 -3.54614
-3.55141 -3.55044
-3.55766 -3.55806
-3.56112 -3.56024
-3.55311 -3.55427
-3.55839 -3.55649
-3.5556 -3.55585
-3.55532 -3.55368
-3.55446 -3.55308
-3.55638 -3.55522
-3.5549 -3.55444
-3.56101 -3.55869
-3.55751 -3.55606
-3.5481 -3.5469
-3.55164 -3.55237
-3.54826 -3.55065
-3.55705 -3.55754
-3.55244 -3.55305
-3.55932 -3.55922
-3.55402 -3.55308
-3.55721 -3.55809
-3.56107 -3.56188
-3.55422 -3.55403
-3.5685 -3.56965
-3.56083 -3.56095
-3.54823 -3.54768
-3.58422 -3.58363
-3.50886 -3.50511
-3.56825 -3.56857
-3.49229 -3.4927
-3.55809 -3.55583
-3.524 -3.52373
-3.60122 -3.60236
-3.54183 -3.54134
-3.52997 -3.52764
-3.57381 -3.57474
-3.55983 -3.56175
-3.49789 -3.49719
-3.60063 -3.60159
-3.59328 -3.59293
-3.5848 -3.58376
-3.55478 -3.55685
-3.52499 -3.52584
-3.58046 -3.57888
-3.58849 -3.59102
-3.61562 -3.61536
-3.58659 -3.58632
-3.49596 -3.497
-3.61966 -3.62179
-3.46454 -3.4647
-3.64373 -3.64397
-3.64071 -3.64046
-3.63865 -3.63846
-3.6352 -3.63486
-3.64176 -3.64144
-3.63898 -3.63831
-3.64499 -3.64456
-3.64253 -3.64245
-3.6454 -3.64557
-3.63628 -3.63548
-3.64423 -3.64433
-3.62157 -3.62093
-3.64534 -3.64545
-3.63311 -3.63244
-3.64141 -3.64115
-3.63417 -3.63376
-3.62574 -3.62511
-3.6441 -3.64415
-3.64466 -3.64484
-3.64432 -3.64444
-3.64512 -3.6452
-3.62664 -3.62601
-3.645 -3.6446
-3.62233 -3.62167
-3.64369 -3.64407
-3.69245 -3.69201
-3.69185 -3.69223
-3.68923 -3.68965
-3.6916 -3.69172
-3.69173 -3.69207
-3.68894 -3.68954
-3.6909 -3.69091
-3.69094 -3.6907
-3.69049 -3.69107
-3.69028 -3.69065
-3.68737 -3.68617
-3.68737 -3.68604
-3.68436 -3.68467
-3.68351 -3.68284
-3.68529 -3.68511
-3.68437 -3.68437
-3.68483 -3.68461
-3.68304 -3.68253
-3.6842 -3.68419
-3.68435 -3.68476
-3.66411 -3.66445
-3.66827 -3.66706
-3.66287 -3.66317
-3.66985 -3.66953
-3.66803 -3.66865
-3.65807 -3.65656
-3.66375 -3.66261
-3.66813 -3.6669
-3.66529 -3.66405
-3.66521 -3.66496
-3.63419 -3.63324
-3.63522 -3.63431
-3.63312 -3.63221
-3.63866 -3.63822
-3.6316 -3.63078
-3.63329 -3.63287
-3.63536 -3.6342
-3.63268 -3.63205
-3.63819 -3.63644
-3.63241 -3.63241
-3.60944 -3.6095
-3.60809 -3.60616
-3.61442 -3.6143
-3.60462 -3.60562
-3.60544 -3.60363
-3.60951 -3.60923
-3.59838 -3.5979
-3.60731 -3.60588
-3.60652 -3.60528
-3.60773 -3.60836
-3.58788 -3.58561
-3.58178 -3.58053
-3.57847 -3.5779
-3.5911 -3.59024
-3.58109 -3.5815
-3.58634 -3.58725
-3.57845 -3.5774
-3.58502 -3.58487
-3.58343 -3.58417
-3.58322 -3.58245
-3.55457 -3.5527
-3.56256 -3.56279
-3.56496 -3.56319
-3.5631 -3.56282
-3.55932 -3.5591
-3.56054 -3.56373
-3.56475 -3.56446
-3.56669 -3.56624
-3.56324 -3.56266
-3.5525 -3.55146
-3.53627 -3.5368
-3.53904 -3.54054
-3.53297 -3.5332
-3.52377 -3.52081
-3.53536 -3.53491
-3.54676 -3.54567
-3.53848 -3.53744
-3.53893 -3.53785
-3.53995 -3.53913
-3.60828 -3.60873
-3.61446 -3.61556
-3.61885 -3.61972
-3.62034 -3.62021
-3.61454 -3.61476
-3.62622 -3.62849
-3.61819 -3.61793
-3.62018 -3.62132
-3.62114 -3.62409
-3.61653 -3.61784
-3.61453 -3.61665
-3.61833 -3.62045
-3.61146 -3.61423
-3.62076 -3.62224
-3.61442 -3.61494
-3.60941 -3.61106
-3.60341 -3.60534
-3.61229 -3.61362
-3.61716 -3.61873
-3.61695 -3.61826
-3.5542 -3.55547
-3.61671 -3.61778
-3.56742 -3.56731
-3.57084 -3.57096
-3.56786 -3.56911
-3.56605 -3.56676
-3.61142 -3.61263
-3.61652 -3.61761
-3.61562 -3.61777
-3.56918 -3.56946
-3.61429 -3.61499
-3.61279 -3.61343
-3.61838 -3.61973
-3.56924 -3.5698
-3.6185 -3.61919
-3.61602 -3.61646
-3.61408 -3.61492
-3.5738 -3.57367
-3.56698 -3.56863
-3.56711 -3.56844
-3.5643 -3.5648
-3.55988 -3.55953
-3.61026 -3.61089
-3.56527 -3.56721
-3.56669 -3.56812
-3.60895 -3.61032
-3.56444 -3.56716
-3.56573 -3.56731
-3.60473 -3.60646
-3.5625 -3.56265
-3.61101 -3.61154
-3.56718 -3.56878
-3.56462 -3.5645
-3.61189 -3.61308
-3.60854 -3.60912
-3.62107 -3.62385
-3.6161 -3.6177
-3.60903 -3.6103
-3.56181 -3.56416
-3.5627 -3.56435
-3.61141 -3.61397
-3.57367 -3.579
-3.66105 -3.65593
-3.59042 -3.58755
-3.695 -3.69479
-3.60326 -3.60097
-3.60363 -3.60358
-3.67637 -3.67396
-3.60398 -3.60538
-3.69749 -3.69821
-3.59839 -3.59762
-3.60194 -3.60208
-3.59462 -3.59805
-3.68788 -3.68833
-3.62896 -3.62704
-3.69108 -3.69234
-3.60159 -3.60453
-3.6962 -3.69627
-3.5741 -3.57539
-3.60162 -3.59698
-3.59968 -3.60023
-3.58936 -3.59396
-3.59724 -3.60285
-3.58382 -3.58734
-3.57473 -3.57166
-3.56411 -3.56685
-3.59228 -3.59613
-3.5895 -3.59523
-3.56701 -3.56705
-3.58906 -3.58785
-3.61886 -3.62263
-3.70124 -3.70189
-3.70198 -3.70229
-3.70063 -3.70057
-3.70237 -3.70236
-3.69829 -3.69833
-3.69985 -3.70057
-3.70278 -3.70343
-3.6992 -3.69952
-3.70222 -3.70293
-3.70111 -3.70131
-3.70221 -3.70252
-3.70226 -3.70286
-3.69868 -3.69955
-3.70274 -3.70361
-3.70256 -3.7028
-3.70283 -3.70355
-3.70181 -3.70224
-3.70326 -3.70389
-3.69899 -3.69861
-3.7022 -3.70313
-3.69125 -3.69161
-3.68827 -3.68858
-3.69162 -3.69212
-3.69084 -3.69042
-3.68982 -3.68982
-3.69084 -3.69047
-3.68883 -3.68915
-3.69056 -3.69159
-3.69213 -3.69292
-3.68891 -3.68905
-3.68617 -3.68643
-3.68458 -3.6841
-3.6841 -3.68327
-3.6863 -3.68587
-3.68494 -3.68525
-3.68329 -3.68283
-3.68639 -3.68629
-3.6843 -3.68439
-3.68466 -3.68411
-3.68276 -3.68323
-3.66784 -3.66818
-3.66517 -3.66368
-3.66722 -3.66672
-3.6629 -3.66137
-3.66487 -3.66381
-3.6654 -3.66509
-3.66291 -3.66216
-3.66366 -3.66339
-3.6651 -3.66483
-3.66057 -3.66051
-3.63551 -3.63582
-3.63858 -3.63742
-3.63942 -3.63905
-3.63165 -3.63057
-3.6324 -3.63229
-3.63732 -3.63587
-3.6327 -3.63323
-3.63968 -3.63871
-3.63339 -3.63154
-3.63257 -3.63181
-3.61156 -3.6115
-3.60831 -3.60733
-3.60818 -3.60652
-3.6109 -3.6106
-3.60322 -3.60261
-3.60835 -3.6074
-3.60902 -3.60879
-3.60321 -3.60078
-3.61071 -3.61099
-3.60689 -3.60559
-3.58214 -3.5826
-3.57901 -3.5779
-3.58241 -3.57995
-3.58053 -3.57949
-3.58269 -3.58276
-3.57984 -3.58053
-3.58102 -3.58068
-3.58407 -3.5851
-3.57905 -3.5787
-3.5765 -3.5746
-3.55626 -3.55639
-3.5613 -3.56221
-3.55163 -3.55248
-3.55255 -3.54986
-3.55189 -3.55168
-3.56113 -3.56083
-3.55992 -3.56023
-3.56264 -3.56184
-3.55865 -3.55926
-3.56122 -3.56069
-3.52973 -3.52907
-3.53368 -3.53368
-3.53271 -3.53219
-3.54025 -3.54016
-3.53615 -3.53666
-3.54776 -3.54867
-3.53156 -3.52993
-3.53591 -3.53532
-3.53682 -3.5369
-3.53794 -3.53887
-3.57141 -3.57098
-3.53235 -3.53271
-3.5362 -3.53715
-3.5239 -3.52438
-3.52524 -3.52651
-3.52589 -3.52656
-3.52801 -3.52774
-3.52248 -3.52176
-3.5226 -3.52111
-3.52805 -3.52899
-3.534 -3.53461
-3.52659 -3.52648
-3.52856 -3.52798
-3.53257 -3.53234
-3.52635 -3.52572
-3.52569 -3.52709
-3.53083 -3.53131
-3.51968 -3.51903
-3.52402 -3.52276
-3.52539 -3.52524
-3.52034 -3.52077
-3.53281 -3.53387
-3.52085 -3.52131
-3.526 -3.52493
-3.53005 -3.53026
-3.53348 -3.53366
-3.53414 -3.53356
-3.52403 -3.52444
-3.52675 -3.52711
-3.53186 -3.53405
-3.52002 -3.52116
-3.51824 -3.51894
-3.52482 -3.52449
-3.53205 -3.53125
-3.53065 -3.52965
-3.52659 -3.52707
-3.52756 -3.52838
-3.52962 -3.52939
-3.52044 -3.52099
-3.51511 -3.51597
-3.52539 -3.52694
-3.53541 -3.53648
-3.5265 -3.52657
-3.51283 -3.51133
-3.52624 -3.52592
-3.52687 -3.52683
-3.51876 -3.519
-3.51959 -3.51957
-3.52607 -3.52629
-3.52398 -3.52443
-3.52564 -3.52681
-3.52459 -3.52451
-3.53208 -3.5322
-3.53383 -3.53328
-3.52716 -3.5277
-3.52764 -3.5274
-3.53215 -3.53068
-3.53339 -3.5336
-3.53554 -3.53607
-3.5221 -3.52133
-3.51608 -3.51491
-3.52469 -3.52406
-3.52529 -3.52531
-3.52663 -3.52652
-3.52658 -3.52616
-3.52047 -3.5206
-3.51779 -3.51793
-3.5218 -3.52069
-3.52495 -3.52582
-3.52719 -3.52754
-3.52121 -3.52287
-3.52289 -3.52245
-3.5248 -3.52589
-3.53212 -3.53251
-3.53705 -3.53642
-3.52876 -3.52856
-3.52705 -3.52707
-3.52528 -3.52402
-3.52271 -3.52103
-3.51811 -3.5173
-3.52783 -3.52756
-3.53505 -3.53473
-3.52844 -3.52899
-3.53676 -3.53659
-3.52381 -3.52448
-3.52997 -3.53043
-3.51928 -3.51776
-3.51805 -3.51781
-3.52944 -3.52926
-3.52474 -3.52469
-3.5237 -3.5245
-3.53106 -3.53208
-3.53013 -3.53107
-3.53201 -3.53155
-3.52497 -3.52569
-3.52141 -3.52217
-3.53143 -3.53283
-3.52286 -3.52425
-3.51548 -3.51578
-3.52638 -3.52663
-3.54976 -3.55074
-3.55486 -3.55659
-3.54923 -3.55058
-3.5552 -3.55597
-3.55236 -3.55379
-3.53024 -3.53076
-3.53528 -3.53628
-3.53742 -3.5389
-3.53429 -3.53503
-3.52926 -3.52944
-3.51623 -3.51702
-3.5242 -3.52378
-3.51688 -3.51802
-3.51874 -3.51713
-3.51734 -3.51757
-3.47644 -3.47307
-3.47683 -3.47387
-3.47935 -3.47817
-3.47573 -3.47344
-3.47464 -3.4711
-3.53473 -3.53477
-3.54022 -3.54115
-3.53418 -3.53457
-3.54155 -3.54169
-3.54025 -3.54001
-3.49991 -3.49784
-3.497 -3.49224
-3.5103 -3.51215
-3.49401 -3.48677
-3.49049 -3.48665
-3.48259 -3.47954
-3.47415 -3.47207
-3.4746 -3.47212
-3.47619 -3.47344
-3.47995 -3.47716
-3.46829 -3.46684
-3.46032 -3.45745
-3.46857 -3.46479
-3.46644 -3.46315
-3.45603 -3.45448
