0.485327 0.451621 0.469839 -0.0349881 0.0474468 -0.0389016 0.493853 0.45786 0.472414 -0.0398588 0.0478158 -0.0404388
0.517002 0.466449 0.489172 0.0261618 0.0684778 0.026285 0.524542 0.458668 0.490102 0.0302711 0.0671501 0.0259524
0.448444 0.530096 0.429209 -0.00932479 -0.00409855 -0.00846538 0.445929 0.528378 0.430916 -0.0161442 0.00245853 -0.0146398
0.449951 0.425276 0.44401 -0.0129789 -0.0421383 0.0369782 0.452919 0.425389 0.437958 -0.0154443 -0.0456882 0.0425336
0.481776 0.465746 0.455328 0.0152951 -0.0253526 -0.0342816 0.498069 0.476984 0.45027 0.0171437 -0.0242755 -0.0440118
0.492428 0.527872 0.528384 -0.0239191 0.00027406 -0.0170683 0.49634 0.532207 0.526141 -0.0211527 0.00426541 -0.0162742
0.381365 0.408872 0.433046 -0.0233724 -0.0191177 -0.0159808 0.379662 0.408609 0.433422 -0.0269522 -0.0146883 -0.0147941
0.366461 0.429334 0.379541 0.00208209 -0.0272067 -0.0232702 0.357203 0.433841 0.387412 -0.00833175 -0.0289762 -0.0272347
0.467906 0.437927 0.471277 -0.00884037 0.0272451 0.00382958 0.473086 0.440252 0.464531 -0.00847351 0.0345547 0.00120636
0.43552 0.44037 0.486977 0.0113022 -0.0104424 -0.0478166 0.442545 0.454861 0.486716 0.00938368 -0.00968043 -0.0457941
0.469199 0.447026 0.457359 -0.000112513 0.00145288 -0.0438061 0.477016 0.448772 0.455543 -0.00638043 0.00927012 -0.0418012
0.558335 0.508095 0.469842 0.0153464 0.0160103 -0.00937612 0.554521 0.502294 0.463961 0.0126509 0.0156128 -0.0132553
0.463806 0.45383 0.444296 0.00537312 0.0134088 0.00744625 0.471427 0.462012 0.440237 0.00683932 0.0121714 0.00178921
0.425427 0.429919 0.474695 0.0233914 -0.00243171 0.00820626 0.431747 0.438046 0.472825 0.0297194 -0.000666469 0.0054045
0.365571 0.362889 0.420212 -0.00130199 -0.0358621 -0.026425 0.36779 0.372695 0.419539 0.00577564 -0.0375386 -0.0259482
0.417514 0.362958 0.402879 -0.0363953 0.0147541 -0.0360887 0.420799 0.370034 0.405254 -0.0383461 0.0115225 -0.0317232
0.489223 0.463396 0.463753 -0.0179587 -0.0298004 -0.00135002 0.486674 0.469593 0.472349 -0.0198254 -0.0301031 0.0035296
0.449526 0.388703 0.402945 0.0145942 -1.29685e-05 -0.0423776 0.449739 0.393246 0.413958 0.0134594 -0.00291399 -0.0432313
0.415174 0.339539 0.381292 -0.00612247 -0.0165283 0.0107421 0.407984 0.341726 0.380022 -0.0122662 -0.0115208 0.0138574
0.455045 0.518818 0.442043 -0.00343414 -0.0330916 -0.0275415 0.45288 0.515267 0.442991 -0.0132451 -0.0309982 -0.0307311
0.363775 0.421765 0.493866 0.00143721 -0.00479477 -0.0116998 0.365508 0.425342 0.494485 0.00239638 0.00418316 -0.0163212
0.454159 0.416385 0.440275 -0.0267337 -0.0105289 -0.0216722 0.445978 0.409694 0.427018 -0.0301133 -0.00738495 -0.0260281
0.415541 0.349913 0.439099 0.0231587 0.041758 -0.0419418 0.41348 0.352254 0.434274 0.0228333 0.044718 -0.0374573
0.442869 0.386871 0.385887 0.0297298 0.018145 -0.0105784 0.441913 0.386659 0.390883 0.029703 0.0251255 -0.00672989
0.462479 0.499794 0.485453 -0.046994 0.00843727 -0.00688051 0.461459 0.496764 0.491789 -0.0468247 0.0145941 -0.00609167
0.510168 0.623349 0.49113 0.0232313 0.00779274 0.0181146 0.511886 0.619125 0.483635 0.0219245 0.0168807 0.0176467
0.511293 0.486878 0.511801 0.0472085 0.0127699 0.00491193 0.5126 0.495605 0.515486 0.0403159 0.00679579 0.00457754
0.46418 0.472915 0.446245 -0.00416657 -0.0349578 0.0249938 0.471124 0.472473 0.448868 -0.00766916 -0.0313196 0.0192235
0.461257 0.449697 0.405872 0.0090672 -0.0381567 -0.00642174 0.467336 0.446957 0.404581 0.00476166 -0.0407844 0.000465671
0.455034 0.403185 0.460419 0.0213261 0.0112684 0.0574693 0.460218 0.400898 0.449966 0.0169888 0.012626 0.0547128
0.433261 0.393904 0.438112 -0.0441871 -0.00484534 0.0133732 0.445083 0.400996 0.443214 -0.0499949 -0.00672582 0.0172438
0.488062 0.448165 0.462009 -0.0512283 -0.00446103 -0.0148229 0.499476 0.446882 0.448508 -0.047705 -0.0130105 -0.0144109
0.450494 0.44614 0.471101 -0.0264108 0.0398697 0.0422671 0.453179 0.45177 0.4781 -0.0256168 0.040128 0.046099
0.456282 0.438196 0.44394 -0.0298723 -0.0310495 0.00845645 0.456359 0.428385 0.442856 -0.0317537 -0.0327825 0.00807983
0.503952 0.423646 0.395481 0.0332388 -0.00422197 -0.020514 0.497803 0.417281 0.390835 0.0301588 -0.00240576 -0.0126719
0.41315 0.435226 0.416504 -0.0022981 0.0166088 -0.0459496 0.410684 0.438268 0.423373 -0.00232603 0.020277 -0.0362753
0.424148 0.347894 0.398388 -0.0177841 -0.0571498 -0.0432976 0.433355 0.359671 0.402355 -0.0132808 -0.0613592 -0.0377653
0.44089 0.392766 0.502263 -0.0239973 0.0249651 -0.0402716 0.430757 0.393689 0.505054 -0.0242779 0.0245665 -0.0426957
0.519474 0.438356 0.579947 0.0271639 -0.00361669 0.0291887 0.512122 0.446255 0.578286 0.0242417 -0.00171864 0.0307368
0.455382 0.401659 0.444313 -0.0420481 0.0107255 -0.0166647 0.454532 0.3987 0.443928 -0.0439254 0.00814646 -0.0208365
0.488832 0.401065 0.461474 -0.0142289 0.00459194 -0.0237402 0.495206 0.399635 0.466459 -0.0152428 0.00550806 -0.0283782
0.412983 0.408367 0.449327 0.0262339 -0.0196703 0.0216567 0.409966 0.412614 0.447323 0.0259103 -0.0157398 0.0268122
0.445464 0.418899 0.460041 -0.0035593 -0.0417157 -0.00143654 0.438219 0.419815 0.466068 -0.00710277 -0.033397 0.0037412
0.449613 0.386779 0.366034 -0.0184377 -0.0336531 -0.00640929 0.45598 0.389634 0.386525 -0.0139735 -0.0297842 -0.00928088
0.514044 0.407843 0.468466 -0.0126192 -0.024633 0.0213513 0.511934 0.41198 0.460957 -0.0101693 -0.0265485 0.0224282
0.408339 0.360359 0.402777 -0.0189201 0.0216809 0.0106144 0.401907 0.356422 0.401654 -0.0214863 0.0199587 0.0172934
0.335479 0.435787 0.403507 0.0303023 0.0526925 -0.0249465 0.325838 0.434839 0.393868 0.030475 0.0485165 -0.0255679
0.424978 0.434743 0.443287 -0.0199418 -0.0227468 -0.0278588 0.425209 0.436105 0.440555 -0.00674213 -0.0213253 -0.0290699
0.404625 0.442865 0.403071 -0.0125146 -0.0290938 -0.012905 0.406738 0.440484 0.400644 -0.00151795 -0.0237232 -0.0195912
0.44657 0.438765 0.405531 -0.0089497 0.0049539 -0.0255086 0.457791 0.427964 0.408336 -0.00955828 0.00245516 -0.0279712
0.609922 0.518394 0.717146 -0.285368 0.163859 -0.192401 0.617166 0.523667 0.725763 -0.298269 0.157362 -0.197367
0.514563 0.464766 0.478274 0.0300322 -0.129649 0.120912 0.509941 0.462832 0.484906 0.0193631 -0.120371 0.115618
0.76535 0.545692 0.708101 -0.0921427 -0.223924 0.31712 0.785123 0.572344 0.736852 -0.119461 -0.240382 0.32524
0.493463 0.527654 0.57897 0.251122 -0.200207 0.161211 0.510605 0.54355 0.594224 0.251475 -0.191089 0.158254
0.84898 0.85857 0.859799 0.44412 0.243287 0.198282 0.836354 0.863295 0.86777 0.451099 0.258893 0.22744
0.486737 0.586762 0.533014 0.0683536 -0.163149 -0.206712 0.491213 0.593123 0.533243 0.0716724 -0.165022 -0.200177
0.692649 0.610621 0.687338 -0.173139 -0.100598 0.241505 0.696068 0.621418 0.699333 -0.184953 -0.104967 0.252657
0.413617 0.471962 0.389224 0.0577593 0.00539358 0.126707 0.413968 0.480468 0.385694 0.0551343 0.00904489 0.127714
0.666428 0.761346 0.520715 -0.0686683 -0.226706 -0.050864 0.646578 0.741584 0.499701 -0.0626769 -0.217289 -0.0458232
0.746032 0.779384 0.630796 -0.0916979 -0.341091 0.313993 0.726805 0.777031 0.615871 -0.0968724 -0.342005 0.319866
0.509852 0.454463 0.575767 -0.0459691 -0.0396449 0.014979 0.513591 0.453142 0.581157 -0.056578 -0.0387897 0.0170067
0.689897 0.528855 0.596568 0.0959192 -0.0733556 -0.107481 0.699537 0.514922 0.61953 0.117544 -0.0867119 -0.113126
0.71877 0.880322 0.906856 0.514195 -0.120766 0.0841671 0.727524 0.897878 0.903474 0.507388 -0.11485 0.0942329
0.361761 0.40331 0.380847 -0.00398221 0.0421736 0.23395 0.361558 0.393452 0.391262 0.00138416 0.0375404 0.228664
0.441955 0.4757 0.424734 -0.0963093 -0.146468 -0.0698687 0.464362 0.489569 0.430167 -0.0935728 -0.150541 -0.0594678
0.458204 0.489582 0.426277 -0.0354864 -0.308087 -0.0760392 0.469095 0.497615 0.428782 -0.0320998 -0.308283 -0.0689004
0.487864 0.570148 0.651859 0.255244 0.0533141 0.10372 0.484593 0.594949 0.673017 0.258155 0.0621976 0.0999039
0.650739 0.647467 0.773609 0.0925279 0.398908 0.211647 0.635408 0.63742 0.764431 0.0940839 0.399808 0.201613
0.467856 0.556548 0.570052 -0.0565633 -0.129906 -0.0629534 0.469086 0.548924 0.560924 -0.0518175 -0.123895 -0.0647554
0.50584 0.566741 0.406232 0.132394 0.161571 0.137435 0.508601 0.57415 0.390749 0.135736 0.155164 0.129023
0.34691 0.351232 0.358846 0.150701 0.232288 0.0470831 0.353773 0.365553 0.363541 0.1455 0.239491 0.0454981
0.416093 0.504805 0.452575 0.244245 -0.0150209 0.0712141 0.431976 0.517587 0.46149 0.238768 -0.00891074 0.0664818
0.849393 0.74588 0.871382 0.240855 -0.106622 -0.00372383 0.814701 0.723197 0.821493 0.249268 -0.0950929 -0.00500261
0.329921 0.331886 0.35345 0.02673 -0.0797549 -0.0383278 0.331472 0.335143 0.364124 0.0338027 -0.0796434 -0.0335154
0.992661 0.962309 1.00971 0.0815575 0.101532 0.665708 0.992688 0.932643 1.01163 0.0933144 0.110695 0.685945
-0.155202 -0.161601 -0.169142 -2.1523e-08 -2.95911e-08 -4.83189e-09 -0.180569 -0.178382 -0.167294 0 -0 0
0.290458 0.302566 0.289343 7.07285e-08 2.9963e-08 -3.0991e-09 0.298517 0.287291 0.295527 0 0 -0
0.354125 0.34877 0.348812 -1.25332e-08 -1.26171e-07 -9.46608e-08 0.345704 0.35287 0.353143 0 0 0
0.436067 0.433855 0.433083 -4.17797e-08 -1.37502e-07 -2.76422e-08 0.433446 0.436348 0.434995 0 0 0
0.254288 0.260001 0.260075 -3.4842e-08 -3.64805e-08 -2.25024e-08 0.245588 0.273361 0.242553 0 0 0
0.34574 0.369008 0.345514 6.13622e-09 -2.09042e-08 -5.45386e-08 0.355295 0.339796 0.354877 0 0 -0
0.10651 0.0949153 0.100148 3.35323e-08 -1.47674e-08 3.63639e-09 0.0774467 0.077032 0.114711 0 -0 0
-0.22353 -0.206777 -0.207237 7.85486e-09 1.5471e-08 -1.79263e-08 -0.2178 -0.240877 -0.240644 0 0 0
-0.0323079 -0.0277376 -0.0197963 -1.68717e-08 8.33547e-09 -1.15718e-08 -0.0272056 -0.0380904 -0.0420233 -0 0 0
0.43616 0.413491 0.411278 -1.06399e-08 -1.10002e-09 -4.435e-08 0.408277 0.424523 0.419767 0 0 0
0.138993 0.139585 0.145889 -4.19827e-09 2.76317e-08 2.29595e-09 0.142209 0.140022 0.134074 0 0 0
0.679109 0.678626 0.680862 -2.90897e-08 3.4083e-09 2.39357e-08 0.686432 0.681745 0.678839 0 0 0
-0.058748 -0.0581373 -0.0387058 7.81674e-09 -1.31289e-08 -2.48444e-08 -0.0557185 -0.0569761 -0.0671373 0 0 0
0.477393 0.47954 0.493225 5.48649e-08 -4.81015e-08 -3.49616e-08 0.487039 0.491546 0.476499 -0 0 0
0.281773 0.267705 0.266665 3.0526e-08 3.9604e-10 9.78791e-09 0.268408 0.279831 0.27693 0 -0 0
0.457388 0.460596 0.45398 5.77513e-08 5.5532e-08 -8.85887e-08 0.46877 0.451829 0.456885 0 0 -0
0.617997 0.611635 0.612104 -6.4546e-08 -8.08085e-08 7.7546e-09 0.611581 0.619025 0.620789 0 0 0
0.15009 0.153177 0.147602 2.30561e-08 -5.24488e-08 1.68244e-08 0.145583 0.14326 0.155804 0 0 0
0.111859 0.109903 0.108797 6.41171e-08 -6.2111e-08 8.08336e-09 0.105374 0.108781 0.109133 0 0 0
0.133654 0.133681 0.139216 -4.92165e-08 -5.28917e-09 5.74921e-09 0.134989 0.134875 0.128525 -0 0 0
0.0710909 0.0838928 0.0719881 8.79673e-08 1.04616e-08 6.83652e-08 0.0769395 0.0660744 0.0716078 0 0 0
0.597664 0.596011 0.603647 1.03168e-07 5.03263e-09 -7.3032e-09 0.607063 0.601643 0.595968 0 0 0
0.0958383 0.116647 0.102211 -3.0861e-08 -1.94092e-08 4.32433e-08 0.0879526 0.0833863 0.115451 0 0 -0
0.668295 0.666789 0.66905 -2.84906e-08 -2.07514e-08 5.91402e-08 0.677742 0.668661 0.667298 0 0 0
-0.166394 -0.162966 -0.157689 2.05943e-08 -1.44312e-08 9.04857e-09 -0.171204 -0.174475 -0.178621 0 0 0
0.0581127 0.0124317 0.0319664 0.00853362 0.0121262 0.0151435 0.0589898 0.00687377 0.0314435 0.0105006 0.00748173 0.012436
0.0412082 0.0145555 0.0191787 2.22072e-05 0.00678716 -0.0133882 0.0418313 0.00548645 0.014592 0.0012484 0.00383685 -0.0121875
0.0136491 0.0165557 0.0331138 -0.00730261 0.0137136 0.00653158 0.00800546 0.0187456 0.0279598 -0.00737083 0.0124776 0.00677049
0.0256887 0.033528 0.0316606 -0.00892928 0.0046896 0.00364303 0.02106 0.0301729 0.0247506 -0.0046167 0.00201469 0.00753012
0.0218932 0.0120756 0.0117892 0.0156833 0.0289441 -0.00204854 0.0224803 0.00759204 0.00664796 0.0163148 0.0282773 -0.00471497
0.00528735 -0.0135056 0.0235407 -0.0126987 -0.00810552 0.0101028 0.000295988 -0.0127507 0.0188854 -0.00950827 -0.0075546 0.013716
0.0449665 0.0230825 0.03401 0.00989337 0.0113072 0.00175868 0.044642 0.0212311 0.0261276 0.0125274 0.00905799 -1.9321e-05
0.0173395 0.0133085 0.0350515 0.0149822 0.0119279 0.0207897 0.010757 0.00746204 0.0293294 0.0158106 0.0133363 0.022473
0.0353967 0.00291651 0.0220364 0.00461413 0.0186116 0.0187611 0.034228 0.00147444 0.0204877 0.00809497 0.019215 0.0166585
0.0144819 0.0138161 0.0172976 0.0209697 0.00154285 0.00856728 0.011399 0.0102531 0.0136956 0.0218155 -0.00190062 0.00915164
0.0378077 0.0517501 0.0173552 -0.000607203 0.000138834 0.00889872 0.0368725 0.0497764 0.00734068 -0.000555864 -0.00249747 0.0117462
0.0154554 0.0337098 -0.0214681 0.00133226 -0.0156036 -0.00649513 0.0137578 0.0357153 -0.0235905 0.0027562 -0.0158409 -0.00752938
0.0629261 0.0681569 0.033987 -0.00802033 -0.00602232 0.0233226 0.0546604 0.0593723 0.0179874 -0.00562738 -0.00599673 0.0284289
0.0657598 0.0251441 0.0382469 -0.0114354 -0.00410765 4.1601e-05 0.062073 0.0236732 0.0335825 -0.0163966 -0.0114124 0.000507747
0.0732488 0.0783708 0.0487294 0.00115075 -0.00965726 0.0100736 0.0659975 0.0762861 0.0394346 -0.00208636 -0.0099196 0.0116669
0.0349814 0.000692774 0.0020165 -0.0312137 -0.00146975 -0.0234381 0.0328336 0.00685565 -0.00126772 -0.0298 0.00183991 -0.0204346
0.0392344 0.0238205 -0.00769319 0.0128249 0.0129984 -0.00443664 0.0294669 0.0276381 -0.0177429 0.01374 0.0100376 -0.00692182
0.0118477 0.000666565 -0.0248949 -0.0196072 0.0115406 -0.00510782 0.0082737 0.00793383 -0.0243486 -0.0167428 0.0095742 -0.00548839
0.00540378 0.0434513 0.0146396 0.00710913 -0.0277913 0.00292048 -0.00159426 0.0431426 0.00590086 0.00328645 -0.0304928 0.00170179
0.00396516 0.0442972 0.00127052 0.00204656 0.0067067 0.00341461 -0.00159849 0.0512565 -0.00376784 -0.000330802 0.00354043 0.00687404
-0.000522953 -0.00943145 -0.0103928 -0.00928965 0.0127761 0.0192098 -0.00809089 -0.00696787 -0.0129518 -0.00982571 0.0161883 0.0204187
-0.0168505 0.0106034 -0.00523387 -0.0362096 0.00734204 0.00744765 -0.0158464 0.00726324 0.00153506 -0.0390613 0.00422988 0.0120871
0.0208848 0.000197619 -0.02476 -0.0338953 -0.0190635 -0.00139947 0.0184413 -0.00346614 -0.0276514 -0.0388461 -0.0172206 0.00504358
-0.0075459 -0.0195137 -0.0384565 0.0184995 -0.0173501 -0.00491731 -0.0116021 -0.0136703 -0.0456799 0.0191284 -0.0155466 -0.0020971
0.00348237 -0.00741575 0.0241387 -0.0175268 0.0223104 -0.0157219 0.00717713 0.00469982 0.0227665 -0.00823105 0.0166307 -0.0197132
0.00604497 0.00993341 0.00715928 -0.0227323 0.00363232 0.022364 0.00295694 0.00427938 0.00923293 -0.0272297 0.00158747 0.029684
1.65042e-05 -0.00228318 0.0334715 -0.0124199 -0.0114084 -0.0065845 -0.00808111 0.00187596 0.0339569 -0.0123669 -0.0148798 -0.00559438
-0.0311407 -0.00312759 -0.0365818 0.0158604 -0.00088735 0.0332772 -0.0339301 -0.0102894 -0.0416294 0.0205274 -0.00283731 0.0313291
0.000572935 -0.0153663 -0.0131303 0.00707293 0.00632273 -0.00119968 -0.00448071 -0.0113041 -0.00480401 0.00335049 0.00305006 0.00145935
0.0292174 -0.00117754 -0.00998506 0.00398547 0.0106878 0.0168119 0.0359829 -4.78395e-06 -0.00260512 0.00297469 0.0056904 0.017887
0.0122071 -0.0198584 0.00186146 -0.0214885 -0.00530475 -0.0432383 0.0112759 -0.0167811 0.0109463 -0.0222157 -0.00790349 -0.0462465
-0.0191991 -0.0608408 -0.010068 0.0194147 -0.00120627 -0.0137206 -0.0155415 -0.0659603 -0.0100511 0.0137789 -0.00573306 -0.0170389
-0.0380349 -0.0376458 -0.046257 -0.0242303 0.00226601 -0.00599732 -0.0449921 -0.03348 -0.0437763 -0.0229574 0.0059187 -0.00718593
-0.00971617 0.0206098 -0.0728841 0.00487169 -0.00656695 0.00553043 -0.00939586 0.0276563 -0.0779335 0.00480454 -0.00370525 0.00931762
-0.00344395 -0.0570478 -0.0216862 0.00654815 0.00952351 -0.00681319 0.00781809 -0.0580479 -0.0163735 0.00320346 0.00812574 -0.00400725
0.00138103 -0.0487891 0.0178452 0.00215257 0.0297411 -0.0225492 -0.000916636 -0.0398777 0.0128827 -1.7284e-05 0.030324 -0.0222268
0.011178 -0.0328041 -0.0448254 0.0379069 -0.00606806 0.0126079 0.00353105 -0.0339527 -0.0395275 0.0465723 -0.00855383 0.0132847
-0.0286535 -0.0386581 0.00401858 -0.00414195 0.01621 -0.0264508 -0.0256402 -0.0337501 0.0115559 0.00111812 0.00983293 -0.0235534
-0.0419188 -0.0394469 -0.00701196 -0.0181743 0.0012765 -0.00417091 -0.0444696 -0.0331845 -0.00512031 -0.0181285 0.00939793 0.00227509
0.00935812 -0.0104363 -0.0174085 0.0259827 0.0223076 0.000932355 0.0122911 -0.0145377 -0.0175768 0.0231096 0.0282186 -0.00681895
-0.0630003 -0.0614681 -0.0562526 -0.0044256 0.0110854 0.0160094 -0.0615946 -0.0581871 -0.0521398 -0.00697312 0.013734 0.0162102
-0.0127862 -0.0222063 -0.0362503 -0.041453 0.0269244 0.00349538 -0.0139724 -0.0224233 -0.033275 -0.0386177 0.0255622 0.00775867
-0.0759007 -0.082413 -0.0677818 -0.0276449 -0.00547438 -0.0261526 -0.0711567 -0.0847544 -0.0706285 -0.0292126 -0.00696725 -0.030828
-0.0540427 -0.0951743 -0.0757528 -0.00218544 0.00736612 -0.00245338 -0.0462549 -0.082917 -0.0692941 0.00321515 0.00461793 -0.00892309
-0.0653768 -0.0130535 -0.0531684 -0.00109262 -0.0150076 0.0139069 -0.059473 -0.00917052 -0.0466552 -0.00155401 -0.0197984 0.0193471
-0.0545078 -0.0571984 -0.06649 0.00599227 0.0251654 0.00729458 -0.0425927 -0.0546525 -0.0596395 0.0129505 0.0299786 0.00191287
-0.00973624 -0.0616811 -0.0381049 -0.0104961 0.00266372 -0.00598246 -0.0091316 -0.0582795 -0.0371293 -0.00684244 -0.00184333 -0.00708839
-0.0939603 -0.127529 -0.0538632 -0.0196143 -0.0064189 -0.0166938 -0.0976726 -0.130068 -0.0476364 -0.0219824 -0.00536225 -0.0163311
-0.0632169 -0.0194568 -0.097723 0.0085722 -0.00581886 0.0167477 -0.053798 -0.0103526 -0.0966905 0.00627216 -0.00859679 0.0173787
-0.032342 -0.0206873 -8.44583e-05 0.0108039 -0.0304605 0.00330087 -0.0365791 -0.0193383 -0.00234843 0.00811361 -0.0259255 0.00215509
0.0325209 -0.0425295 -0.0284565 0.0331591 0.0134929 0.0340669 0.0315991 -0.0407389 -0.0239172 0.0372939 0.0170623 0.0399379
-0.107521 -0.11134 -0.0929733 0.019963 0.0176383 0.0292804 -0.0982314 -0.104362 -0.0844532 0.0167847 0.0194419 0.0320552
-0.0858757 -0.106658 -0.12234 0.0120371 -7.47315e-05 -0.0240622 -0.0764505 -0.103682 -0.119289 0.0125451 0.00913142 -0.0215874
-0.129861 -0.160012 -0.130442 0.0174397 0.0339074 -0.00815095 -0.121005 -0.155259 -0.128729 0.012803 0.0373716 -0.00949386
-0.0664793 -0.0298237 -0.0933569 -0.0707297 -0.0165848 -0.0175165 -0.0627573 -0.0427374 -0.0955433 -0.0726768 -0.0103589 -0.0103661
-0.0664235 -0.0312011 -0.0427786 0.0150941 0.0112303 -0.0227051 -0.051714 -0.0270242 -0.0422779 0.0120276 0.00906463 -0.0204198
-0.0472481 -0.0897138 -0.0526984 -0.00776831 -0.0120271 -0.00177686 -0.0464483 -0.0883288 -0.0451871 -0.008705 -0.0119071 -0.00804213
-0.0869257 -0.148406 -0.132899 -0.0372902 -0.0285917 0.0135104 -0.0862865 -0.135133 -0.134606 -0.0396731 -0.0277632 0.0193626
-0.103759 -0.111798 -0.113422 0.0632098 0.00539408 0.0107461 -0.097168 -0.107299 -0.101869 0.0628973 0.00551676 0.0116084
-0.104028 -0.109031 -0.0821442 -0.00808481 0.0196511 0.0170775 -0.0976177 -0.0985034 -0.0849998 -0.00319481 0.0253124 0.0225834
-0.144228 -0.112305 -0.125148 -0.00395749 -0.0135204 0.0360852 -0.149075 -0.12241 -0.128136 0.000764105 -0.00835651 0.0383102
-0.134998 -0.142173 -0.160793 -0.00508548 -0.00572689 -0.0225091 -0.137398 -0.148749 -0.161613 -0.0103903 -0.0034084 -0.0173139
-0.0612849 -0.0814405 -0.100158 0.00404788 -0.00960493 -0.0494275 -0.0627407 -0.0824413 -0.0998809 0.00216605 -0.0106328 -0.0595544
-0.0599447 -0.0998332 -0.115689 -0.00074737 -0.0235525 0.0124792 -0.0522292 -0.0978895 -0.116938 -0.00169315 -0.0317363 0.0117735
-0.103464 -0.0490411 -0.0502 0.0550295 -0.0458077 0.0228379 -0.113055 -0.0478672 -0.055598 0.0555473 -0.0499502 0.0256529
-0.127172 -0.159032 -0.129184 -0.0285185 0.00943561 -0.00900012 -0.130505 -0.163601 -0.121842 -0.021273 0.0147398 -0.0105468
-0.177543 -0.183558 -0.185157 0.00696039 0.0232083 -0.00357649 -0.186758 -0.176423 -0.184392 0.00472222 0.0216104 -0.00609488
-0.157801 -0.139247 -0.158828 -0.0256962 0.0122875 0.000600932 -0.159005 -0.133997 -0.154103 -0.0274713 0.0212327 0.00269574
-0.125531 -0.0711857 -0.149143 -0.0285963 0.018995 -0.00806181 -0.122617 -0.0695567 -0.142957 -0.0306701 0.0210315 -0.0112802
-0.0573731 -0.123003 -0.134326 -0.0276035 0.0306449 0.0191702 -0.0549875 -0.119837 -0.125124 -0.0251728 0.033267 0.0204937
-0.108124 -0.121708 -0.113306 -0.0265947 0.00422117 0.0340964 -0.106177 -0.120741 -0.105228 -0.0325649 0.00486306 0.0400757
-0.100742 -0.11036 -0.121381 -0.00627409 0.0499632 -0.0144395 -0.0957208 -0.116043 -0.117 -0.00730077 0.0514701 -0.0148898
-0.0789134 -0.124628 -0.121136 -0.0090336 0.0116034 0.0347761 -0.0755487 -0.122246 -0.127714 -0.00967707 0.019948 0.0304683
-0.0999305 -0.100214 -0.135149 0.00613351 0.0100981 -0.0303923 -0.0939652 -0.096089 -0.115513 0.00396235 0.0106531 -0.033116
-0.11174 -0.0830832 -0.0900383 -0.00154111 0.00998283 0.00746087 -0.118866 -0.0817173 -0.0926 -0.000605926 0.0059875 0.00191275
-0.117533 -0.106693 -0.115591 0.0036285 -0.0200345 0.0118898 -0.109459 -0.0987809 -0.109453 0.00627491 -0.0248546 0.0127736
-0.126204 -0.115825 -0.1264 -0.0267921 -0.00438312 0.00806194 -0.138115 -0.113039 -0.128209 -0.0283837 -0.00631293 0.0115581
-0.099777 -0.164675 -0.0854457 0.0549909 0.000450531 0.00183285 -0.0998301 -0.165629 -0.0828882 0.0565148 0.0107544 0.00488546
-0.0787933 -0.179929 -0.121221 0.0141756 0.0295426 0.0296363 -0.0879805 -0.184763 -0.122978 0.024135 0.0281468 0.028348
-0.0699377 -0.078232 -0.0874559 0.0106726 -0.0207372 -0.0166146 -0.0608561 -0.0693584 -0.103801 0.0190128 -0.0208477 -0.0171945
-0.0575522 -0.0732523 -0.0640155 -0.00743614 -0.0223791 0.00928765 -0.0526782 -0.0652453 -0.0836053 -0.00318254 -0.0221306 0.00580778
-0.0789438 -0.0245085 -0.0797707 0.0286897 0.00534222 -0.000181657 -0.0734231 -0.0155524 -0.0943847 0.0313115 0.0068789 -0.00369346
-0.0649459 -0.0622458 -0.0417333 -0.0102456 0.0314002 0.0119071 -0.0540392 -0.050038 -0.0543705 -0.00938639 0.035995 0.0131634
-0.0435655 -0.0270869 -0.0681609 -0.00494765 -0.0154901 -0.0120678 -0.031921 -0.0141516 -0.0787643 -0.00871024 -0.0163446 -0.0144784
-0.0588624 -0.0625647 -0.0396703 -0.0179557 -0.0181789 0.0187403 -0.0469187 -0.0495752 -0.0571619 -0.0261446 -0.0184393 0.0221124
-0.0388205 -0.0386156 -0.0448663 0.0100341 -0.00294031 0.0270973 -0.0288217 -0.0323493 -0.0570982 0.00899315 -0.00916729 0.0289138
-0.0890156 -0.0927001 -0.0810516 -0.00763453 -0.0230119 -0.0124117 -0.0829756 -0.0843331 -0.0987348 -0.00964671 -0.0160315 -0.0159609
-0.0409329 -0.0875339 -0.0733806 -0.0210238 -0.0336501 -0.00188429 -0.0313403 -0.0831655 -0.0866696 -0.0218483 -0.0346473 -0.00384761
-0.0618726 -0.0805839 -0.0721874 -0.00299907 0.00271857 -0.00448021 -0.0581441 -0.0750213 -0.0879067 0.00296839 0.00205503 -0.00806948
-0.062989 -0.0409421 -0.019791 -0.00233212 0.00148586 -0.0114459 -0.0505039 -0.038622 -0.0365201 0.000119765 0.000661258 -0.0121731
-0.0618733 -0.08503 -0.0472524 0.00729972 -0.00438145 0.00118171 -0.0534149 -0.0837075 -0.0604759 0.00337012 -0.00628669 0.00324294
-0.0533887 -0.0497625 -0.0578498 0.00675799 0.0203722 0.00332622 -0.0437793 -0.0412955 -0.0717154 0.0122682 0.0212648 0.0047072
-0.0336326 -0.0428322 -0.0584886 -0.0126873 -0.0163679 0.0023709 -0.0270905 -0.0332534 -0.0852488 -0.0131154 -0.0187126 0.00696146
-0.0725912 -0.0884783 -0.0565259 -0.000418281 -0.0125909 -0.0223556 -0.0646972 -0.0816633 -0.0715811 0.00198059 -0.0102634 -0.0252649
-0.107546 -0.0501187 -0.0632922 -0.00121297 0.0357658 -0.00886295 -0.0975364 -0.039704 -0.0755421 0.000252215 0.0392077 -0.00682149
-0.0725557 -0.064461 -0.0857989 -0.00560254 0.00301142 -0.021069 -0.0612711 -0.0519991 -0.095697 -0.00440956 0.000431493 -0.0219118
-0.0307018 -0.01056 -0.0417682 0.011642 0.00397996 0.00226 -0.0172193 -0.00230503 -0.0510868 0.00884898 0.00445274 0.000348792
-0.0686098 -0.0259784 -0.0396036 0.00949627 -0.0102288 -0.000927175 -0.0651707 -0.018211 -0.0572321 0.0102285 -0.0138297 -0.0013894
-0.0638517 -0.0564698 -0.0711644 0.0214513 -0.00657598 0.013689 -0.0528861 -0.053936 -0.0905693 0.0204531 -0.00257836 0.00979148
0.531904 0.467521 0.481562 0.0169834 0.0456996 -0.0500969 0.538544 0.465549 0.480832 0.00834161 0.045554 -0.0515612
-0.0489507 -0.00317982 -0.0115062 -0.00528286 0.0389725 0.0129096 -0.0421881 -0.000358085 -0.0292978 -0.00830434 0.038829 0.00906364
-0.11571 -0.101158 -0.0954083 0.00167313 0.00709099 0.00570055 -0.102653 -0.0930504 -0.114611 0.00216929 0.00581707 0.00804939
-0.0725656 -0.109757 -0.0813489 -0.0192029 0.00767302 -0.00884933 -0.060483 -0.097054 -0.0915854 -0.013576 0.00794771 -0.00750159
-0.0589689 -0.0187808 -0.0584517 0.0163741 -0.00100734 0.0293634 -0.0560363 -0.00954831 -0.0738864 0.00805475 0.00170108 0.0248694
-0.0540787 -0.0615405 -0.0994682 0.0110466 0.0187089 -0.00830914 -0.0404444 -0.0469416 -0.118592 0.0168758 0.0151697 -0.00758081
-0.0546985 -0.0404781 -0.0826052 0.00955642 -0.00318341 0.0144449 -0.0487791 -0.0340497 -0.0994129 0.00670117 -0.00224495 0.0191443
-0.0560504 -0.0465299 -0.0392867 -0.00899044 -0.0179104 -0.00584055 -0.0454491 -0.0337124 -0.0601011 -0.00937471 -0.0211818 -0.00435332
-0.0606066 -0.0764624 -0.0523966 0.00882347 -0.00238492 0.00332284 -0.0560879 -0.0715934 -0.0717978 0.00613224 -0.00254892 0.00138593
-0.0967535 -0.0861108 -0.102913 -0.0118304 -0.00525629 -0.0126588 -0.0873404 -0.0758509 -0.120255 -0.010506 -0.0106237 -0.0148833
-0.0697206 -0.0469573 -0.0976155 0.0104365 0.00548227 0.00985391 -0.0568148 -0.0413345 -0.116476 0.00838808 0.00604769 0.0115322
-0.00693028 -0.0345008 -0.0388825 0.000811666 0.00132805 -0.0218471 0.00631254 -0.0337049 -0.0508038 0.00416537 -0.00604178 -0.0215748
-0.0221551 0.0127807 -0.0163201 0.00674188 0.0108199 -0.00498155 -0.0107051 0.0181559 -0.0289141 0.00876556 0.0168128 -0.00341144
-0.112694 -0.0719239 -0.0950611 0.026649 0.0179465 0.0141783 -0.101682 -0.0591521 -0.108892 0.0243551 0.0215297 0.0151112
-0.0224775 -0.0408796 -0.036081 -0.0025652 -0.0103033 -0.0148685 -0.0201516 -0.0343122 -0.0519214 0.00369863 -0.0125373 -0.0143257
-0.0593141 -0.0323592 -0.0451104 -0.0205995 0.00378721 -0.00290512 -0.0513636 -0.0279149 -0.0629859 -0.017045 0.0117761 -0.00136241
-0.0326555 -0.0343122 -0.0243517 -0.0055017 0.0105122 0.0205921 -0.0284642 -0.0272115 -0.0446773 -0.0039519 0.00945614 0.0236763
-0.0722038 -0.0387232 -0.0736048 0.0329354 0.0264209 0.00660222 -0.0602203 -0.0244213 -0.089891 0.0340765 0.0278204 0.0102239
-0.049023 -0.0316354 -0.03271 -0.02005 -0.0150812 0.0144838 -0.041164 -0.0200584 -0.0472636 -0.0145112 -0.0171221 0.015691
-0.0695408 -0.0541056 -0.0726007 0.00810115 0.000637336 0.0256431 -0.0682399 -0.0452909 -0.09998 0.00576166 0.00184785 0.0227197
-0.0786974 -0.060532 -0.128638 0.025245 -0.00678082 0.00524352 -0.0597771 -0.040957 -0.143437 0.02789 -0.00116075 0.00204097
-0.0340611 -0.0816561 -0.0724603 0.00735475 0.00279425 -0.00649552 -0.0209619 -0.069412 -0.0901096 0.00461743 0.0012648 -0.0152171
-0.0642528 -0.0611249 -0.0543608 0.000808273 -0.0167205 -0.0177295 -0.0490534 -0.0559447 -0.0707865 -0.00462775 -0.0170466 -0.0173017
-0.0696589 -0.0655356 -0.0477522 0.0257916 0.00668539 0.0193181 -0.0524903 -0.041905 -0.0574157 0.0317591 0.0031525 0.0206733
-0.0833757 -0.0516064 -0.0510684 -0.00109516 0.00368232 -0.0176569 -0.0807424 -0.0329994 -0.0652715 0.00112275 0.00821376 -0.0222025
-0.0729788 -0.0613164 -0.093008 -0.0116407 -0.00667518 0.00500947 -0.065373 -0.0551033 -0.1069 -0.00579869 -0.00822339 0.00535138
-0.045111 -0.0907855 -0.057043 0.0248873 -0.0200854 -0.030543 -0.0403405 -0.0813622 -0.0743775 0.0287026 -0.0169757 -0.0284449
-0.0506162 -0.0508939 -0.0512405 0.0144619 -0.0231817 -0.00550007 -0.0436398 -0.0323414 -0.0701379 0.00802844 -0.0212718 -0.00813322
-0.0710997 -0.0277469 -0.0229463 -0.0282556 -0.00265989 -0.0091336 -0.0647343 -0.0205128 -0.0409281 -0.0286847 0.00154117 -0.00672151
-0.0316347 -0.0419754 -0.0508795 -0.0223002 -0.0083683 -0.0099675 -0.0275405 -0.0277634 -0.0656209 -0.0247908 -0.00456527 -0.0149783
-0.0402809 -0.0345891 -0.0326498 0.016654 0.0120502 -0.0169482 -0.040526 -0.0233759 -0.0491482 0.0155605 0.00497493 -0.0129699
-0.0657192 -0.0936127 -0.0917312 -0.022939 0.0274361 0.0155598 -0.0550286 -0.082939 -0.113679 -0.0204715 0.0306263 0.0141839
-0.0913897 -0.0965616 -0.115327 -0.025687 -0.0101732 0.0109327 -0.0776213 -0.0865907 -0.13486 -0.0298343 -0.0104955 0.0110675
-0.0723923 -0.0511115 -0.0627431 -0.00785932 -0.00817779 -0.00402712 -0.0618743 -0.0414571 -0.0779963 -0.0102493 -0.00778992 -0.0052053
-0.0388948 -0.0490221 -0.0563799 0.0186141 0.00700033 -0.00646583 -0.0319796 -0.0431659 -0.0745164 0.0213753 0.002295 -0.00739272
-0.012961 -0.00935265 -0.0659341 -0.00459002 0.000164047 0.0104177 -0.00850584 0.00108265 -0.0788278 -0.0112988 -0.00392106 0.00668773
-0.0360646 -0.0744459 -0.0383206 -0.0100353 -0.00505991 0.0271375 -0.0222358 -0.066099 -0.0578521 -0.00457136 -0.00907132 0.0331563
-0.0761086 -0.0320395 -0.0652019 -0.00502006 0.0367505 0.0086633 -0.071269 -0.0135832 -0.0809865 -0.00453146 0.0365233 0.00738468
-0.0518735 -0.123253 -0.146234 0.0195361 0.0205183 -0.0152016 -0.0359059 -0.111687 -0.16 0.0199741 0.0176394 -0.00751141
-0.0908383 -0.104393 -0.0800951 5.37505e-05 0.00257408 -0.0349317 -0.0745909 -0.0944512 -0.10351 -0.00133227 0.00661668 -0.031088
-0.024907 -0.0417193 -0.0776846 0.0138097 0.00508067 0.0464363 -0.01075 -0.0351798 -0.0978618 0.0118904 0.00474176 0.048682
-0.144101 0.0485386 0.089333 0.113397 -0.195892 0.223983 -0.190231 0.0405067 0.0807725 0.141187 -0.194027 0.270728
0.119548 -0.0852093 -0.0717352 -0.0919633 -0.103318 0.149147 0.130903 -0.0801967 -0.072655 -0.0634417 -0.102388 0.163737
0.132353 -0.0199616 0.094721 0.131083 -0.0889191 -0.157747 0.123735 -0.0271575 0.114594 0.139045 -0.103739 -0.177282
-0.0439258 -0.202581 0.0198876 -0.0135075 -0.148101 0.0248821 -0.0391892 -0.225707 0.043955 -0.0156642 -0.141519 0.02626
-0.328062 -0.34507 -0.287617 -0.227721 -0.064707 0.019201 -0.304696 -0.324088 -0.263993 -0.246634 -0.0432825 0.0282192
0.386084 0.0682561 -0.02967 0.0476048 -0.138541 0.106611 0.377417 0.0538625 -0.0211042 0.06644 -0.141422 0.119643
-0.03985 -0.0483962 0.27838 -0.000838715 -0.0435058 0.047215 -0.057705 -0.0703108 0.28123 0.00119 -0.0471458 0.0501308
0.00876233 -0.198306 -0.259503 -0.0808295 -0.000870022 0.110971 0.00940417 -0.198304 -0.249792 -0.0979092 0.00158667 0.0717542
-0.0577288 -0.110341 -0.00511718 0.0328317 -0.125225 -0.0293206 -0.0767667 -0.125172 0.0199867 0.03998 -0.128325 -0.03142
-0.30524 -0.220978 0.112441 0.0600338 0.0668747 0.0863998 -0.290713 -0.229652 0.0925967 0.04998 0.0728058 0.0750092
-0.202725 -0.161101 -0.244929 0.18768 0.0662247 -0.0158808 -0.181956 -0.109219 -0.246768 0.153504 0.0723025 -0.00392583
-0.118198 -0.0952869 0.0619112 0.0768051 0.154652 0.0949029 -0.111267 -0.0965508 0.0326075 0.0859683 0.182414 0.087635
-0.157776 -0.195776 0.0527516 0.0331924 -0.15333 0.0228556 -0.167185 -0.206052 0.0924825 0.0281242 -0.15618 0.0259133
0.105477 0.0690367 0.0454451 0.173337 -0.0628278 0.0213096 0.0985575 0.0673367 0.0201858 0.178459 -0.0600225 0.0314408
7.69744e-05 0.0269797 0.0749454 0.0128322 -0.0713849 0.0461371 -0.00866083 0.0197142 0.100316 0.0147558 -0.0799867 0.0484417
0.136337 -0.0631255 -0.118827 0.195723 0.121136 -0.142384 0.129367 0.00516083 -0.0623117 0.159318 0.0998175 -0.124245
-0.0442813 -0.179263 0.0648065 -0.0251032 -0.14403 -0.0160492 -0.0514175 -0.211353 0.0857158 -0.0239342 -0.139702 -0.0129408
0.00102441 0.206791 0.00497537 0.179468 -0.220297 -0.165307 -0.0336158 0.180908 -0.00805083 0.199996 -0.206926 -0.168733
-0.0684405 -0.0693542 -0.282649 -0.0251425 0.0675818 -0.0523646 -0.0675717 -0.0641067 -0.282616 -0.0510333 0.0625917 -0.0613258
-0.291099 -0.184431 -0.0843203 -0.0335548 0.0178856 0.158679 -0.288114 -0.191966 -0.113322 -0.0577325 -0.0214525 0.157566
-0.438935 -0.052557 -0.259192 0.0708532 0.172899 0.144201 -0.471017 -0.11073 -0.211071 0.087625 0.185494 0.170205
-0.14885 -0.147988 -0.0596371 -0.0267551 0.151266 0.0953124 -0.156068 -0.156251 -0.0830075 -0.02291 0.165267 0.08479
0.0838726 -0.265065 -0.258905 0.0872494 -0.183658 -0.0440835 0.0651492 -0.285259 -0.281377 0.0745208 -0.138623 -0.0558975
-0.1101 0.0666797 -0.0991902 -0.0729678 -0.162924 -0.0893574 -0.0982592 0.0674 -0.0877 -0.06181 -0.156923 -0.0903
-0.334525 -0.295126 -0.312806 0.149387 0.0790256 0.0583824 -0.298533 -0.292191 -0.299733 0.184801 0.0741725 0.0713808
-0.285483 -0.568576 -0.419005 0.0264197 0.0240812 -0.0594123 -0.296935 -0.565633 -0.365109 0.0273708 0.0340508 -0.0474317
-0.044073 -0.137432 -0.11734 -0.00795988 0.0891438 0.0823785 -0.0767842 -0.160657 -0.131774 0.00639 0.0857883 0.0888525
0.00856487 -0.123831 -0.0372785 -0.150279 0.057173 0.00663511 0.0223517 -0.143495 -0.0171833 -0.135696 0.05947 -0.0337542
-0.166925 -0.1549 -0.171432 -0.152831 -0.0245654 0.0503633 -0.131485 -0.114917 -0.169818 -0.178854 -0.0303333 0.0624633
-0.486966 -0.347033 -0.349013 0.0924735 -0.12627 -0.0328348 -0.480848 -0.341256 -0.353505 0.0771125 -0.117395 -0.0274042
-0.0625283 -0.12764 0.0723033 -0.00560278 -0.124762 0.0102018 -0.0726217 -0.145476 0.0972367 0.0045625 -0.129937 0.00801917
-0.058651 -0.0853227 0.0706976 -0.00753638 -0.0980651 -0.00309545 -0.0647708 -0.102466 0.09544 -0.00921583 -0.10341 -0.00227917
-0.0143803 -0.0976723 0.0668703 -0.0253296 -0.114836 0.0229367 -0.0207433 -0.115321 0.0869942 -0.019245 -0.114593 0.02476
-0.0699576 -0.125664 0.0620654 0.00134422 -0.110169 0.00346243 -0.0752208 -0.143038 0.0848267 0.00131167 -0.11353 0.00353167
-0.0606664 -0.0915546 0.0554741 0.00882192 -0.111909 -0.00334331 -0.0680967 -0.105958 0.0796483 -0.0015575 -0.119738 -0.000808333
-0.0623383 -0.109456 0.0593734 0.0226128 -0.116625 0.0193877 -0.073025 -0.128988 0.0883883 0.0243417 -0.117218 0.0144683
-0.0455258 -0.125714 0.041498 0.00910505 -0.111676 0.00116854 -0.0558025 -0.149269 0.0642467 0.0104517 -0.113157 -0.0007475
-0.0794031 -0.0900763 0.0102025 0.0313085 -0.0872957 -0.0215329 -0.0821308 -0.1039 0.0362892 0.0288075 -0.0938017 -0.02584
-0.0403627 -0.117506 0.050802 -0.00748424 -0.116593 0.0116901 -0.0567758 -0.140207 0.0741225 -0.00454167 -0.119261 0.0106392
-0.0732061 -0.0924984 0.0407894 0.0293309 -0.103694 -0.000238016 -0.0832125 -0.110202 0.0654258 0.0263467 -0.104412 -0.0026925
-0.0543367 -0.10154 0.0710484 0.0127969 -0.103027 -0.00925229 -0.06881 -0.126423 0.0844858 0.0100192 -0.104032 -0.0086775
-0.0740126 -0.117456 0.0582007 0.00403206 -0.112241 -0.012586 -0.0770875 -0.130505 0.0858783 0.00191833 -0.11355 -0.0122933
-0.0722278 -0.069175 0.0205442 0.00528781 -0.0944134 -0.0168832 -0.0811833 -0.0924683 0.0424742 0.0030425 -0.101098 -0.0183892
-0.0645071 -0.132391 0.0206964 -0.00610254 -0.108791 -0.000679821 -0.0717592 -0.150486 0.04233 -0.0055375 -0.110354 -9.16667e-06
-0.0265216 -0.104604 0.0598803 -0.000937191 -0.11521 -0.00410661 -0.0379275 -0.127507 0.0804992 0.0039725 -0.115986 -0.00175917
-0.0479195 -0.102999 0.0398284 0.00394115 -0.110306 0.000293451 -0.0553925 -0.116795 0.0668 0.00455667 -0.108775 0.000949167
-0.0608979 -0.112982 0.0920765 -0.000706176 -0.13466 0.00563464 -0.0679242 -0.127829 0.120827 -0.0017525 -0.137328 0.00578833
-0.0750883 -0.106571 0.0403286 -0.0107028 -0.100968 0.00132908 -0.0836458 -0.120198 0.0654625 -0.0076925 -0.09909 -0.000410833
-0.0312566 -0.0895873 0.118577 0.0136352 -0.0987285 0.00961001 -0.0380117 -0.104591 0.141087 0.0119708 -0.103125 0.0102667
-0.0759035 -0.118494 0.0440371 0.0154055 -0.112034 -0.016301 -0.073225 -0.13445 0.0707008 0.0150875 -0.112177 -0.0143917
0.010545 0.000280631 0.00885744 0.0239189 0.0197495 -0.00441549 0.0107726 -0.00425454 0.00190142 0.026386 0.0203322 -0.00264667
0.00352988 -0.0123918 0.0141529 -0.00132331 -0.00924555 0.00900496 -0.000570525 -0.0107267 0.00861299 0.00140207 -0.0126484 0.00599136
0.0396699 -0.000875008 0.0272231 0.00307354 0.00712714 0.00330926 0.0393924 -0.00692614 0.0202886 0.00614352 0.00369287 0.00549836
0.0297935 0.0180693 0.044042 0.00920491 0.000718754 0.00402878 0.0320556 0.0119918 0.0407844 0.0122108 -0.0010633 0.000976975
0.0128506 -0.000697984 0.0174301 0.00680302 0.00370396 0.0110869 0.00874756 -0.00338991 0.0106578 0.00585315 0.00161944 0.0112645
0.0236903 -0.00311974 0.0086777 0.0118785 0.013857 0.00358671 0.0207121 -0.0117441 0.000653858 0.0154934 0.0151395 0.00305972
0.0422404 -0.00122416 0.0301999 0.00820631 -0.00697771 -0.00297196 0.0381278 -0.00313457 0.0284231 0.011294 -0.00844019 -0.000760401
0.0143132 0.0236528 0.0240579 -0.00649588 0.00953196 0.00837159 0.0120873 0.016513 0.0147503 -0.00372988 0.00265559 0.0100703
0.00465175 0.0102231 0.00552183 0.00975975 0.0217537 1.0607e-05 0.00307762 0.0072213 -0.00390062 0.0113818 0.0204173 -0.00141753
0.0457838 -0.0119285 0.037455 -0.00817717 0.00806552 -0.00324535 0.0427277 -0.0105621 0.034741 -0.00886056 0.00410043 -0.00719232
-0.00501329 0.0205889 -0.00903599 0.0102864 0.0158668 -0.0184803 -0.011395 0.0188479 -0.0204082 0.00792673 0.0144756 -0.0226599
-0.00951858 0.00746345 0.0217922 0.0074142 0.00216713 -0.0278027 -0.0164338 0.0132562 0.0108875 0.00543725 -0.000854136 -0.0239883
0.0213937 0.0101364 0.0114664 -0.026311 -2.41314e-05 -0.00298589 0.0220528 0.00955806 -0.000411543 -0.0213675 -0.00266664 -0.00295664
0.00580431 0.0206302 0.00365319 -0.0018097 -0.0135976 -0.00912715 -0.00414744 0.021355 -0.0120565 -0.00104713 -0.0118784 -0.0102948
-0.00287304 0.0378894 -0.02535 -0.00270164 -0.000108668 -0.010776 -0.00756377 0.0395621 -0.0405539 -0.00835275 0.000970185 -0.0115412
0.0123013 0.00962103 0.0348846 0.00597189 -0.00353789 -0.013491 0.0057184 0.0130261 0.0292007 0.00954318 -0.00318 -0.0181876
0.00210278 0.00295192 0.00326967 -0.0202172 -0.00214579 -0.0129759 -0.005675 -0.00229068 -0.0106532 -0.0226133 -0.00587673 -0.00911225
0.0156888 0.0401354 0.0245355 -0.0202743 -0.00824888 -0.00571988 0.014166 0.0520086 0.0227233 -0.017375 -0.00418392 -0.00488151
0.00129592 0.0153817 0.0309308 -0.0147401 0.0056689 0.000573434 -0.00106321 0.0117152 0.0264184 -0.0134947 0.0056787 0.00397685
0.0294896 0.0178064 -0.0237735 0.00309215 0.00918552 0.00664632 0.022432 0.0109223 -0.035948 0.000492747 0.00933867 0.00997864
0.0387259 0.0310552 0.038321 -0.0226001 -0.0111752 -0.0379764 0.0337683 0.0283143 0.0453423 -0.023185 -0.0135189 -0.038331
-0.00439205 0.0192592 -0.0347925 0.0343726 -0.0330963 -0.0198986 -0.00273302 0.0194469 -0.0384284 0.0372158 -0.0356069 -0.0219145
0.0178052 -0.0131422 0.0296298 -0.0157193 0.00160763 0.00264722 0.011491 -0.0151122 0.0289255 -0.0127337 -0.000537593 0.00675219
0.00601822 -0.0340826 -0.017069 0.00693339 -0.0110443 0.0236848 -0.00195059 -0.0379755 -0.0149044 0.0124927 -0.00507213 0.0278448
-0.0190529 -0.00578244 0.00288365 -0.0082136 0.020225 -0.0108255 -0.0145046 -0.00982818 0.00745735 -0.00802951 0.0219455 -0.00325494
-0.0173385 -0.0233902 0.0089278 0.00900146 -0.000254804 -0.00168767 -0.0275408 -0.0203847 0.0067684 0.00865349 0.00217636 0.00217988
-0.00370291 -0.013461 -0.0100983 -0.00767202 -0.0069685 -0.0148959 -0.0032467 -0.00676201 0.00294728 -0.0108751 -0.0125534 -0.0200132
-0.017372 0.0288456 0.0264005 -0.0198398 -0.00646624 -4.44853e-05 -0.0214477 0.0299349 0.0330981 -0.0159515 -0.00398704 0.000751667
0.0160562 -0.00190719 -0.0020716 -0.0304988 0.0165969 0.0019952 0.00732404 -0.00187917 -0.0107681 -0.0358214 0.0144447 0.00290417
-0.00318591 -0.0052388 -0.0201115 -0.0193587 -0.00191799 0.00872524 0.00415062 -0.0114128 -0.0219444 -0.020538 -0.0021358 0.0101383
-0.0011715 0.00384192 0.0069093 0.010645 -0.00336106 0.010499 0.00970688 0.00652157 0.0208227 0.00822133 -0.00426772 0.0148597
-0.0827637 -0.0329843 -0.08151 0.0203187 0.0165021 0.0262821 -0.0875423 -0.0232634 -0.0748507 0.0205991 0.0177617 0.0264688
-0.0291099 -0.0655184 -0.0615696 -0.00895012 -0.0200423 0.0158783 -0.0260311 -0.0604238 -0.0604555 -0.00897966 -0.0150101 0.0164221
-0.0277823 0.0184903 -0.0200153 -0.0143249 -0.00830618 -0.0101565 -0.023993 0.0271584 -0.0131498 -0.0147552 -0.0116643 -0.0100645
-0.0533305 -0.0745655 -0.0626494 0.0399864 0.00170786 -0.00280979 -0.0495054 -0.0715742 -0.0607449 0.0409456 0.00712562 -0.00203747
-0.0174007 -0.0027436 0.023087 -0.0309057 -0.00881275 -0.00417778 -0.0202329 -0.0100569 0.0144602 -0.0298442 -0.0117426 -0.00916994
-0.0296682 -0.0559633 -0.048889 -0.00475161 0.000585599 0.00088264 -0.0359428 -0.0472187 -0.0471885 -0.00379583 0.00325435 -0.00267096
-0.0395493 -0.0205705 -0.00333975 -0.0168296 0.0235025 -0.0212191 -0.0373527 -0.0267793 -0.00237568 -0.0179573 0.0361619 -0.0209647
-0.0198485 -0.0107686 -0.0111752 -0.00128814 0.0118943 -0.0340568 -0.0196461 -0.012811 -0.00592469 0.00169713 0.00693667 -0.031278
-0.0342344 -0.00472308 -0.059566 0.0342612 0.00341832 -0.023639 -0.0248515 -0.00370639 -0.0553901 0.0350733 0.00112611 -0.0264313
-0.0311946 -0.0609686 -0.0806209 -0.00659917 0.0096351 0.0131157 -0.0239388 -0.0600663 -0.0777679 -0.00683883 0.0108615 0.00814907
-0.0645198 -0.0731447 -0.086816 0.0147064 -0.0160691 0.0127296 -0.0563185 -0.0706719 -0.0806169 0.0188746 -0.00973071 0.0150946
-0.0307637 -0.0234891 -0.0131031 -0.0212393 -0.0169044 -0.00249262 -0.0308461 -0.0166096 -0.00216278 -0.0246721 -0.0238167 -0.0111566
-0.0869524 -0.0923479 -0.0711463 0.00802614 0.0214345 0.0222378 -0.0789686 -0.0841971 -0.0704124 0.0169709 0.0246383 0.0255363
-0.0292226 -0.0123331 -0.0325314 -0.000890297 0.0251965 -0.00788013 -0.0252294 -0.0102105 -0.0310358 -0.00248654 0.0198186 -0.0135978
-0.0395978 -0.0302155 -0.026959 0.00858641 0.0197904 -0.0048976 -0.0390516 -0.029873 -0.0226223 0.00983821 0.0235157 -0.00315519
-0.0844462 -0.0858513 -0.0689687 -0.0264652 0.0283594 -0.0167064 -0.0890736 -0.0818426 -0.0588366 -0.0303984 0.0289928 -0.0162044
-0.0566904 -0.0346451 -0.0200207 0.0124679 -0.00259085 -3.06682e-05 -0.0570414 -0.0319072 -0.0200538 0.0113488 4.53704e-06 0.000288889
-0.0703826 -0.0414219 -0.0720074 -0.00384018 0.0246193 -0.0068211 -0.0667989 -0.0334437 -0.0668362 -0.00395478 0.0218551 -0.00915586
-0.0950907 -0.0589314 -0.0425318 -0.0178366 -0.0048643 0.000664448 -0.0876777 -0.0426982 -0.0409027 -0.013476 0.000632747 0.00535336
-0.0292771 -0.0350648 0.0272453 0.0344145 -0.000525546 -0.0119157 -0.0216098 -0.0346136 0.0310817 0.0388051 7.38889e-05 -0.00523139
-0.059263 -0.0375 -0.0469207 -0.027808 -0.00729425 -0.0134147 -0.0594057 -0.0340306 -0.0414671 -0.0325481 -0.00682633 -0.00951046
-0.0408011 -0.106372 -0.0810532 0.00765136 -0.0134475 -0.00772597 -0.0286432 -0.0906676 -0.0783041 0.00414145 -0.0161974 -0.0104641
-0.069556 -0.0890906 -0.050182 0.013779 -0.00737853 -0.025735 -0.0614871 -0.0931138 -0.0426871 0.0129979 -0.0084371 -0.0290848
-0.156605 -0.150079 -0.088449 0.00146942 -0.00631314 -0.0213916 -0.145634 -0.141528 -0.0804469 0.00324265 -0.0122724 -0.0202817
-0.103436 -0.0922531 -0.143792 0.00594381 -0.00426844 0.0127128 -0.0932144 -0.0915044 -0.136284 0.00732518 -0.00617654 0.0168471
-0.102264 -0.0827435 -0.0376788 0.00319551 -0.0233771 0.0248456 -0.0967131 -0.0873726 -0.0334314 0.00109404 -0.023371 0.0251351
-0.10713 -0.108769 -0.101809 -0.00336025 0.0106721 0.0342163 -0.107409 -0.108526 -0.0901963 -0.00432673 0.0133203 0.0280894
-0.0470021 -0.0689816 -0.0513034 -0.000310796 -0.00609104 0.00153171 -0.0315261 -0.0625411 -0.0558965 -0.00864682 -0.0110602 -0.000453673
-0.0725823 -0.0363078 -0.0865069 -0.00894338 0.0249137 0.00635184 -0.0647966 -0.0280855 -0.0816347 -0.0080512 0.023446 -0.00272716
-0.0720041 -0.14297 -0.100195 -0.0125439 -0.00240518 0.00101602 -0.0738735 -0.134446 -0.0976157 -0.0202052 -0.000544938 0.000867191
-0.110839 -0.120763 -0.089672 0.00527891 0.00967939 -0.00909129 -0.10864 -0.120511 -0.0882367 -0.00176586 0.00587815 -0.0113053
-0.158437 -0.167976 -0.125412 -0.0108263 0.0273886 0.0450416 -0.158086 -0.166129 -0.122526 -0.0043612 0.0319003 0.0410641
-0.14342 -0.195518 -0.127598 -0.0135024 0.0140468 -0.0291014 -0.149023 -0.198661 -0.123165 -0.012495 0.00953481 -0.0298485
-0.0863494 -0.106085 -0.123334 -0.0179199 0.0356482 0.0150692 -0.0819149 -0.107763 -0.119749 -0.0273727 0.0346361 0.0184888
-0.18207 -0.138484 -0.137968 -0.00493459 0.0083702 -0.00815065 -0.185527 -0.131306 -0.132527 -0.0107904 0.0088129 -0.0110017
-0.103958 -0.101576 -0.0655107 -0.00548893 0.0177314 -0.00994317 -0.107268 -0.0968129 -0.0641861 3.14815e-05 0.0184203 -0.00983651
-0.154233 -0.0767634 -0.036401 0.00713799 -0.0269922 -0.0161489 -0.159243 -0.0790861 -0.037424 0.0106195 -0.0215518 -0.0120208
-0.0823652 -0.0694053 -0.0774204 -0.00517187 0.0341633 -0.0119869 -0.080416 -0.0613715 -0.0814356 -0.00419296 0.0288502 -0.00834812
-0.1525 -0.141964 -0.157799 -0.0123167 0.00193895 -0.0193996 -0.152278 -0.13788 -0.153045 -0.0106124 0.00554025 -0.0219919
-0.140784 -0.0731791 -0.0671231 0.0062348 0.017317 0.00769564 -0.138619 -0.0729769 -0.0635291 0.0129712 0.0199182 0.018473
-0.23289 -0.18205 -0.166931 0.0110003 -0.00255104 0.0140435 -0.25288 -0.183137 -0.178846 0.0233602 -0.00422191 0.00590661
-0.125319 -0.139357 -0.162597 0.0218509 0.00253624 0.0440889 -0.122734 -0.13936 -0.159413 0.0167293 0.0116912 0.0466281
-0.0911203 -0.0989362 -0.0866861 0.00521036 0.0207894 0.0342617 -0.113975 -0.113073 -0.0887861 0.00385213 0.0212781 0.0390209
-0.132906 -0.17839 -0.173059 0.000434226 -0.0289352 0.0122868 -0.133044 -0.180659 -0.180764 0.000172562 -0.0319749 0.0103548
-0.222006 -0.0934044 -0.133547 -0.0104854 0.0217225 -0.0273193 -0.223267 -0.0908062 -0.123429 -0.016475 0.0256628 -0.0278447
-0.0846097 -0.0237548 -0.0836965 -0.0338837 0.046701 -0.0142288 -0.0826455 -0.0171766 -0.0880463 -0.0477732 0.0444273 -0.0213463
-0.163295 -0.189048 -0.166667 0.0323077 0.0135022 -0.00559651 -0.158989 -0.19367 -0.161661 0.0334345 0.0127507 0.000343086
-0.110925 -0.15859 -0.139352 0.0345113 -0.00879578 -0.0307958 -0.128297 -0.16349 -0.14054 0.0274354 -0.0112221 -0.0340176
-0.205115 -0.210961 -0.148311 -0.0253153 0.00460306 -0.00416209 -0.211648 -0.216277 -0.14941 -0.0262359 0.00564583 -0.0130952
0.592515 0.578609 0.514816 -0.0123685 0.00951075 0.0255509 0.596334 0.579761 0.509947 -0.0124962 0.00578605 0.0275787
0.501703 0.471796 0.511628 -0.010738 0.0172491 0.022908 0.501996 0.472982 0.488427 -0.00962932 0.0146102 0.0226338
0.482144 0.493551 0.532931 -0.0195534 0.00649501 0.021135 0.486464 0.49701 0.518657 -0.0188474 0.00668449 0.0183625
0.534336 0.498148 0.497704 0.00621278 0.0222439 -0.00494344 0.539541 0.507208 0.481322 0.00734807 0.0300861 -0.00835318
0.507091 0.51696 0.539523 -0.0102171 0.00495562 0.000752435 0.512243 0.520325 0.515495 -0.009515 0.00785384 -0.000198825
0.497158 0.491972 0.438241 -0.0359568 -0.0342693 0.0406293 0.50885 0.495848 0.414903 -0.0356445 -0.0291005 0.0414109
0.489154 0.501736 0.503656 0.0245535 0.000137379 -0.0307534 0.498392 0.523543 0.483945 0.0292656 -0.000373818 -0.0337296
0.556479 0.546849 0.527309 -0.022577 -0.0171708 0.0240715 0.575362 0.559968 0.507377 -0.0189264 -0.0158505 0.02393
0.519779 0.543576 0.553889 -0.0395304 0.0272958 0.042682 0.535115 0.553448 0.530728 -0.03963 0.0283006 0.0395456
0.476221 0.495775 0.530022 -0.0183723 0.038933 0.0136054 0.489804 0.509392 0.507771 -0.0233042 0.0424822 0.0136777
0.496887 0.486156 0.4943 0.0126756 -0.0228509 -0.0130773 0.510091 0.499573 0.468233 0.0121352 -0.0198425 -0.0106548
0.482938 0.520472 0.525195 -0.0149123 -0.025786 0.0331268 0.499542 0.529931 0.499533 -0.0186757 -0.0205583 0.0322176
0.482242 0.478218 0.468259 -0.00786567 -0.0184452 -0.0259088 0.500183 0.491557 0.437291 -0.0124808 -0.017993 -0.0290881
0.515456 0.428006 0.381451 0.00339594 -0.0367897 0.019117 0.529546 0.43829 0.340629 0.000287188 -0.0359452 0.0164907
0.52112 0.431904 0.479835 0.00234248 -0.00424634 0.00721727 0.538656 0.449574 0.442541 0.00809021 -0.0063881 0.0103197
0.530042 0.540796 0.491573 -0.000365728 -0.00445984 -0.00713221 0.540908 0.548221 0.464531 0.00531655 -0.00982262 -0.00688488
0.455346 0.446323 0.44468 -0.0103093 0.0308907 -0.0118645 0.464484 0.459231 0.416244 -0.012417 0.0226266 -0.0139518
0.465304 0.458752 0.451749 0.0273915 -0.00304264 0.00189599 0.479056 0.474531 0.432102 0.0235234 -0.00697139 0.00251799
0.454626 0.492883 0.514151 -0.0158973 0.01266 -0.0106368 0.463353 0.5101 0.493289 -0.0124173 0.0107549 -0.00532955
0.518376 0.516621 0.50718 -0.0218002 0.0115525 0.000571542 0.525729 0.523584 0.47875 -0.0252382 0.00782467 0.000358717
0.535645 0.527703 0.508932 -0.0210654 0.00100714 0.0015097 0.540623 0.541713 0.484638 -0.0177557 0.00241462 0.00222113
0.533965 0.491554 0.479111 0.00738801 0.000369175 -0.0142523 0.546511 0.498299 0.447078 0.0103927 0.00317047 -0.01526
0.51848 0.499276 0.532324 -0.0101846 -0.00370987 0.00789181 0.53142 0.500724 0.496329 -0.00755113 -0.00359932 0.0119681
0.470126 0.493708 0.471595 0.00707142 -0.0480045 0.000418463 0.480938 0.511619 0.447728 0.00467247 -0.0414949 0.00136644
0.50641 0.500056 0.477366 -0.0410356 -0.0075555 -0.0087725 0.520456 0.512299 0.446583 -0.0386014 0.00368768 -0.00461093
0.420358 0.508387 0.436089 -0.0368205 -0.022487 0.0146811 0.434262 0.518955 0.413327 -0.036378 -0.0166408 0.0142824
0.444206 0.456392 0.447016 -0.00318547 -0.019658 0.0167257 0.464845 0.463451 0.426778 -0.00359926 -0.0193163 0.0166981
0.530578 0.441584 0.4356 0.00734915 -0.0418214 0.0181052 0.54588 0.451185 0.408392 0.00917919 -0.044125 0.0192583
0.493718 0.514364 0.516071 -0.00219664 -0.0284676 0.0136221 0.512109 0.531978 0.486886 0.0013269 -0.0286617 0.01381
0.496875 0.514382 0.491807 -0.033565 -0.0320506 0.0394612 0.511098 0.52237 0.463088 -0.0297319 -0.0307924 0.0447967
0.508521 0.545662 0.52351 -0.0151376 0.0120576 0.0100622 0.521642 0.552766 0.49414 -0.0146166 0.0153201 0.00547787
0.478845 0.498204 0.478078 -0.00109933 0.0169262 0.0141874 0.494798 0.510692 0.450005 -0.0026574 0.0183159 0.0119151
0.404814 0.430833 0.482623 -0.00136449 0.0219317 0.00375278 0.421029 0.439909 0.449746 -0.00213493 0.0261804 0.00357384
0.470662 0.44115 0.528914 0.0138736 -0.00200978 -0.0220559 0.485713 0.45283 0.496598 0.00959584 0.00145682 -0.0151579
0.465091 0.500439 0.477289 -0.0326698 0.0322245 0.0170239 0.478643 0.516632 0.447118 -0.0285485 0.0339428 0.0276199
0.48283 0.487926 0.482526 0.00291737 0.000119199 0.019397 0.498671 0.502238 0.456813 0.00255845 -0.00432412 0.0281902
0.50315 0.52125 0.478622 0.0121079 0.00493039 -0.0409096 0.513923 0.532371 0.448777 0.0114585 0.00609933 -0.0401985
0.472115 0.498298 0.451769 -0.0264498 -0.00279846 -0.0275917 0.481338 0.510279 0.42477 -0.0287583 -0.00297938 -0.0242143
0.555093 0.493935 0.512968 0.00654185 0.0381416 -0.0148953 0.566596 0.510645 0.486735 0.00362086 0.0353158 -0.0101766
0.527624 0.510213 0.477846 0.028641 -0.00479643 -0.02519 0.541784 0.524056 0.447728 0.0288399 -0.0056152 -0.0195754
0.428632 0.464416 0.463256 0.0147818 0.0151003 -0.0162557 0.441214 0.474781 0.436288 0.0112695 0.0215295 -0.0116737
0.471371 0.449038 0.467785 0.00598197 0.0321617 -0.0225566 0.477946 0.466229 0.439461 0.0056015 0.0336037 -0.0176479
0.538278 0.499626 0.454843 -0.0170588 0.0173116 0.0160941 0.542132 0.509406 0.425428 -0.017647 0.02556 0.014244
0.558134 0.480921 0.541131 0.00425764 -0.0292171 -0.0135878 0.574418 0.499356 0.51274 0.00708409 -0.0290044 -0.0164393
0.404609 0.42492 0.407775 -0.00230897 0.011907 0.0277669 0.412015 0.445659 0.375262 0.000109058 0.0117885 0.0208607
0.463377 0.480037 0.491843 0.0234526 0.00636304 0.00447105 0.468537 0.491436 0.461477 0.0253292 0.0059305 0.00792018
0.509403 0.465547 0.51148 -0.00554953 0.0335645 -0.025814 0.520441 0.47866 0.48747 -0.00924781 0.0365169 -0.0259259
0.524787 0.516664 0.494895 0.0227462 0.00151679 -0.00251949 0.535028 0.515201 0.471548 0.0208646 -0.00487036 -0.00197311
0.38076 0.49449 0.472939 0.0127197 0.0278505 0.0111808 0.398206 0.506128 0.455958 0.0111434 0.0263339 0.0118919
0.428783 0.452957 0.519651 0.00217373 -0.017367 0.0467505 0.455659 0.471392 0.501883 0.00350457 -0.0120601 0.0531275
0.485838 0.439578 0.467214 0.0285501 0.0221839 -0.0248897 0.503242 0.459107 0.43819 0.025107 0.0297715 -0.0164814
0.448814 0.429385 0.475612 -0.00367342 0.0353442 -0.00768396 0.471172 0.443209 0.440506 -0.00583341 0.0401091 -0.00628539
0.481862 0.423221 0.492403 0.0103931 -0.017744 0.00105621 0.496688 0.431562 0.459962 0.00973412 -0.019569 0.00119842
0.438419 0.407975 0.430044 0.02478 0.0262342 -0.000947484 0.456583 0.42497 0.396817 0.017815 0.0265729 -0.0039749
0.492756 0.448108 0.461909 0.00595223 0.00807959 -0.0181034 0.509129 0.470489 0.428815 0.00646476 0.0101783 -0.0191879
0.417609 0.433154 0.420317 0.0210197 0.00862421 -0.0141526 0.435533 0.457982 0.390822 0.0202875 0.0101829 -0.0169859
0.454792 0.472308 0.436836 -0.00165953 -0.0245282 -0.000596828 0.476053 0.486612 0.408721 0.00646751 -0.0226818 -0.00187927
0.441528 0.500503 0.46481 -0.012887 -0.00549069 -0.018365 0.456453 0.517509 0.431636 -0.0097893 -0.00438538 -0.0199016
0.503695 0.472024 0.458313 0.00933829 0.0320014 -0.000406369 0.515222 0.489658 0.435429 0.0103241 0.0356842 -0.00486856
0.509962 0.506091 0.527481 0.015137 0.0311245 0.00879136 0.521217 0.518858 0.507827 0.00764198 0.0302083 0.0111557
0.484823 0.533046 0.447537 0.00805461 -0.000149635 -0.0134944 0.504821 0.54889 0.42597 0.00620364 -0.000489849 -0.0088934
0.49941 0.475298 0.457466 -0.0331159 0.0129142 0.00603449 0.511372 0.491444 0.41625 -0.0323028 0.0111877 0.0095386
0.489034 0.486732 0.465464 -0.00204317 0.00835994 0.00543773 0.5076 0.502474 0.438178 -0.00513824 0.0101108 0.00565331
0.525284 0.454319 0.481114 -0.0340435 0.0115075 -0.00389342 0.542383 0.477197 0.450971 -0.0324805 0.0125456 -0.000591478
0.474165 0.467322 0.453503 0.0083516 0.0144867 0.0416728 0.487422 0.491111 0.417613 0.0134806 0.0169343 0.0366524
0.578068 0.525817 0.514609 0.0293391 0.00277633 -0.00751572 0.5879 0.548651 0.484694 0.0297043 0.00162256 -0.0139162
0.452693 0.426701 0.384141 -0.00857321 -0.016215 0.015457 0.466096 0.453428 0.363898 -0.00788151 -0.0217404 0.00389812
0.511106 0.513068 0.495867 0.00569598 -0.0248163 -0.00898872 0.530962 0.537356 0.472194 0.00200855 -0.0286067 -0.0125333
0.485483 0.509186 0.429642 -0.0394363 -0.000439221 -0.00182093 0.499664 0.52825 0.402918 -0.0411319 0.00417357 -0.00515274
0.502293 0.511527 0.484081 0.0111092 0.017673 -0.029462 0.522065 0.523457 0.449076 0.0110458 0.0153359 -0.0337362
0.496955 0.479741 0.465203 -0.0237049 0.00838907 -0.00633487 0.516342 0.488046 0.436053 -0.0191252 0.0031741 -0.00967488
0.43263 0.455564 0.473145 0.00502848 0.000719469 -0.0146261 0.4505 0.469759 0.452881 0.0126881 -0.00119268 -0.0197018
0.483791 0.513882 0.496296 -0.00570144 0.000543839 -0.00616564 0.497212 0.527929 0.475989 -0.0037669 -0.00091133 -0.0126598
0.455676 0.409204 0.465525 0.0301301 -0.0231814 0.028351 0.472787 0.422172 0.440634 0.0281877 -0.0173578 0.0204658
0.478704 0.447954 0.42268 0.0204639 0.0496604 -0.0104552 0.490183 0.467166 0.390999 0.0221723 0.0509081 -0.0190734
0.518925 0.459044 0.489936 -0.0016274 -0.00329717 0.0266713 0.529429 0.481431 0.464891 0.000226242 0.00414591 0.0291769
0.487381 0.482881 0.463177 0.0405202 -0.0101563 -0.00634646 0.498656 0.499343 0.436234 0.038627 -0.00519376 -0.00406167
0.518564 0.461125 0.472286 -0.0174869 -0.0221828 0.00927643 0.54037 0.47739 0.442546 -0.0106226 -0.0233672 0.00785133
0.514757 0.502715 0.477628 -0.00834107 -0.000943505 -0.00255636 0.541177 0.516255 0.454999 -0.00750543 0.00234323 -0.00161899
0.519231 0.527119 0.486476 0.00145608 -0.0422461 0.00314259 0.536441 0.542495 0.455156 -0.000154795 -0.0419589 0.00467779
0.485857 0.472037 0.455782 -0.0465301 -0.00385611 -0.0238289 0.502701 0.488967 0.4244 -0.0469318 -0.00632691 -0.0205669
0.450911 0.469573 0.471572 0.00408973 0.030545 -0.015082 0.467391 0.487178 0.446602 0.0058357 0.0342016 -0.0116085
0.531231 0.484745 0.524944 0.0092248 -0.00483632 0.00452645 0.539492 0.49987 0.496092 0.0083294 -0.00511729 0.00647786
0.431232 0.460926 0.444407 -0.012925 0.00530325 0.00439319 0.449945 0.468917 0.411915 -0.0164343 0.00371753 0.00529228
0.534915 0.53088 0.53368 0.0153914 -0.0152868 0.0123883 0.554796 0.532726 0.503015 0.0115756 -0.016275 0.0134039
0.465406 0.481922 0.423128 0.0235463 0.015475 -0.00840738 0.487853 0.496664 0.383915 0.0178151 0.0153106 -0.00553769
0.543291 0.513682 0.535167 0.00301169 0.000578071 -0.0114574 0.567523 0.534455 0.501891 0.000857284 0.00573896 -0.0139487
0.537452 0.516676 0.513466 0.00545281 -0.0261058 -0.0215726 0.556507 0.533194 0.479368 0.000558307 -0.0180317 -0.0182169
0.488676 0.523861 0.532812 -0.0718435 -0.00443462 -0.0296621 0.506832 0.535802 0.50126 -0.0707666 -0.000268957 -0.0260002
0.549511 0.496936 0.507019 -0.0256463 -0.0194055 0.00987897 0.570476 0.509754 0.483036 -0.0267341 -0.0233081 0.0152906
0.534276 0.535286 0.604944 -0.030723 0.00977334 -0.0117638 0.550635 0.54792 0.575141 -0.0297977 0.00832705 -0.00828902
0.50684 0.468446 0.476569 -0.0176713 -0.00205698 -0.000977117 0.52149 0.477768 0.441778 -0.0148055 6.34959e-05 0.00207226
0.508062 0.515333 0.496472 -0.0245448 0.000977356 -0.0178068 0.528817 0.533121 0.469805 -0.0253413 -0.000125908 -0.0148643
0.458286 0.503821 0.44072 -0.00604053 -0.0255477 0.0125629 0.470949 0.519959 0.416317 -0.00768026 -0.0293834 0.0175707
0.491667 0.514362 0.509622 -0.0234153 -0.0306485 0.0296614 0.495167 0.519875 0.477542 -0.0299271 -0.0356396 0.0300922
0.519441 0.532178 0.476929 0.011664 -0.00433707 -0.00930411 0.530518 0.549348 0.445639 0.0101036 -0.00604745 -0.00706794
0.440705 0.443908 0.432831 -0.0282687 0.0102263 0.0142969 0.446404 0.457727 0.400485 -0.0306947 0.0091659 0.013525
0.531498 0.550441 0.464211 -0.0221577 0.0125067 -0.00933428 0.544041 0.565501 0.426561 -0.0227057 0.0185378 -0.0108487
0.508231 0.508465 0.52059 0.034657 -0.0385195 -0.0345051 0.523756 0.520082 0.491315 0.0370108 -0.0342229 -0.030773
0.47074 0.51571 0.531637 0.00525031 0.0144178 0.00311963 0.482268 0.52557 0.505157 0.00593785 0.0167002 0.00147044
-0.00645697 -0.0172049 -0.0328487 -0.0280298 -0.0161121 -0.0304334 0.000229814 -0.0153992 -0.0485327 -0.0255029 -0.0135156 -0.0290263
-0.0745333 -0.0931987 -0.07855 -0.0213068 0.00848219 0.00879071 -0.0623149 -0.087755 -0.0899125 -0.0235767 0.00829478 0.00812907
-0.0957671 -0.0899693 -0.149183 0.00137018 0.0209533 -0.0260785 -0.0875571 -0.0796945 -0.161727 0.00355993 0.0201806 -0.0262755
-0.0577919 -0.0206229 -0.0555314 0.00854917 0.0138772 0.0161523 -0.0439916 -0.00738524 -0.0698052 0.00822527 0.0147825 0.0138974
-0.050872 -0.0937703 -0.127171 0.00359271 -0.0161768 0.00913075 -0.0381798 -0.0838797 -0.14815 0.00418163 -0.0157196 0.013875
-0.101885 -0.0878439 -0.111495 0.00491936 0.0242613 0.0121703 -0.092125 -0.0690406 -0.130466 0.0103352 0.0207619 0.0138117
-0.124612 -0.0282101 -0.00977627 -0.00695494 0.010306 0.0178279 -0.116951 -0.0251008 -0.0281814 -0.00375095 0.0144819 0.011195
-0.0800862 -0.0742838 -0.0900867 -0.00125615 0.00802453 -0.0157762 -0.0680021 -0.0638963 -0.10929 0.000509322 0.00626176 -0.0178747
-0.0774486 -0.0897289 -0.111468 0.0268698 0.0114317 0.0278151 -0.0701119 -0.0841545 -0.122141 0.0319762 0.0123179 0.0265374
-0.104675 -0.110013 -0.0622954 0.0148557 -0.0209653 0.0229695 -0.091543 -0.0959842 -0.0736197 0.01774 -0.0224153 0.0216189
-0.0490926 -0.0486584 0.0127447 0.0325909 0.000784905 0.00758685 -0.0412357 -0.0485981 -0.0018942 0.0321789 0.0015692 0.0104597
-0.154503 -0.149815 -0.10624 -0.0182627 0.0242167 0.00170571 -0.141631 -0.135172 -0.116559 -0.015652 0.0251182 0.00506768
-0.0311122 -0.108952 -0.0107818 -0.00145199 -0.0126112 0.0011698 -0.0207263 -0.0956683 -0.0249834 -0.00126892 -0.0153821 0.0055238
-0.0523872 -0.0573404 -0.0584266 -0.00614079 0.0168847 -0.020635 -0.0511007 -0.0570433 -0.0803945 -0.00987437 0.014749 -0.0151101
-0.170458 -0.0935046 -0.112344 -0.0143666 -0.0203305 -0.0287353 -0.159986 -0.0802431 -0.112801 -0.0157284 -0.0164161 -0.0296109
-0.0508395 -0.0738206 -0.0622696 0.0428189 0.0416649 -0.00408413 -0.0517508 -0.0664454 -0.0605584 0.0372174 0.0366144 0.00194595
-0.0322816 -0.0303829 -0.111113 0.00461266 0.0128569 -0.0136922 -0.0271151 -0.0269675 -0.107215 0.000299932 0.0152342 -0.0161782
-0.115885 -0.113532 -0.179394 0.000841247 0.00581131 -0.026974 -0.110626 -0.105268 -0.169847 0.0042911 0.00356569 -0.0233361
-0.148071 -0.101745 -0.079758 0.00693681 -0.031338 0.0126229 -0.159588 -0.0956225 -0.0649164 0.00546956 -0.0335636 0.0168883
-0.117236 -0.0945528 -0.101575 0.0457972 -0.0268829 -0.0112317 -0.103278 -0.0929517 -0.0934532 0.0453087 -0.0203196 -0.00802464
-0.150281 -0.133533 -0.127236 -0.0117295 -0.028368 0.0344928 -0.124532 -0.114964 -0.138277 -0.0110862 -0.0257961 0.0359438
-0.0823139 -0.0729285 -0.0301089 0.00686208 0.0418594 -0.0176756 -0.0732066 -0.0667428 -0.0394443 0.00488917 0.047279 -0.0182277
-0.0976614 -0.0291964 -0.0402873 -0.0244077 -0.0135107 0.0196747 -0.0868626 -0.0145908 -0.0449216 -0.0193618 -0.0142318 0.0221303
-0.0789027 -0.0597114 -0.070758 -0.00711335 -0.00357901 -0.0182054 -0.0662429 -0.0477648 -0.0774323 -0.00494032 -0.00511222 -0.0102464
-0.13372 -0.104258 -0.108559 0.0190011 0.0145273 0.0110491 -0.121994 -0.093863 -0.124553 0.0166482 0.0112075 0.0141213
-0.109352 -0.0811766 -0.108367 0.0343865 0.0473712 0.0072163 -0.10466 -0.0718324 -0.0969151 0.0376914 0.0436475 0.00959383
-0.100858 -0.108815 -0.136237 -0.0314219 0.0216771 -0.0051229 -0.0888355 -0.0973767 -0.12555 -0.0372932 0.0160724 -0.00827675
-0.0688769 -0.123214 -0.150169 -0.00812214 0.00485439 -0.0328005 -0.0553275 -0.10849 -0.15421 -0.00968998 0.00730156 -0.0329622
-0.103789 -0.0902213 -0.134722 0.029632 0.0205529 -0.0151126 -0.10205 -0.0855932 -0.121556 0.0310982 0.0194566 -0.0134464
-0.0859888 -0.0547499 -0.100129 0.0291724 -0.0410951 0.0138212 -0.076593 -0.0480715 -0.0874846 0.0306282 -0.034004 0.016882
-0.0359065 0.000718498 -0.121233 -0.00646635 0.00614706 -0.0214633 -0.0357187 -0.000765881 -0.122795 -0.00458878 0.0115893 -0.0212529
-0.0321831 -0.0404098 -0.030517 -0.00125771 0.0292193 0.0176457 -0.0373552 -0.0295963 -0.021203 0.00703129 0.0334968 0.0136075
-0.0610685 -0.0438108 -0.0165803 -0.00230399 0.0113656 0.00840373 -0.0534466 -0.0466644 -0.00581161 0.000557763 0.0108435 0.0114233
-0.134723 -0.141559 -0.107662 0.0197203 0.00731524 0.0152552 -0.125284 -0.137577 -0.104958 0.020502 0.00981476 0.0138262
-0.116943 -0.0594142 -0.129003 -0.0308237 0.0165505 0.00309856 -0.0978446 -0.058191 -0.119297 -0.0343194 0.0111876 0.00685715
-0.119147 -0.167105 -0.161044 0.0277649 -0.0222637 -0.0127691 -0.119191 -0.169793 -0.164089 0.0309299 -0.0230438 -0.0182944
-0.0411185 -0.0656163 -0.0946137 -0.00919418 0.0300007 0.0133333 -0.0458051 -0.0590462 -0.0935241 -0.0112159 0.02848 0.011134
-0.0884359 -0.0741908 -0.0689444 -0.00195574 -0.0132988 0.0191036 -0.0917843 -0.0691462 -0.0578542 -0.0103532 -0.0122452 0.0259322
-0.00399025 -0.0972261 -0.0883982 0.0444006 -0.0309869 0.020683 0.000241441 -0.104947 -0.0770773 0.0512846 -0.0251935 0.0231337
-0.0958775 -0.0311182 -0.0866609 -0.0238926 0.0120221 -0.0387913 -0.0902591 -0.0265462 -0.0797013 -0.0210168 0.0108401 -0.0360438
