-3.56407 -3.56465
-3.55501 -3.55619
-3.55366 -3.55295
-3.56674 -3.5667
-3.5582 -3.55741
-3.54937 -3.54908
-3.55878 -3.55765
-3.56261 -3.56288
-3.56023 -3.56001
-3.5611 -3.56102
-3.56345 -3.56286
-3.55252 -3.55275
-3.55699 -3.55745
-3.55412 -3.55563
-3.56652 -3.56705
-3.56016 -3.56066
-3.55274 -3.55491
-3.55618 -3.55678
-3.57033 -3.56991
-3.55 -3.54975
-3.55993 -3.55986
-3.54732 -3.54909
-3.55956 -3.56082
-3.55807 -3.5589
-3.55542 -3.55581
-3.5452 -3.54614
-3.55072 -3.55044
-3.55761 -3.55806
-3.5607 -3.56024
-3.55302 -3.55427
-3.55803 -3.55649
-3.55525 -3.55585
-3.55499 -3.55368
-3.55443 -3.55308
-3.55602 -3.55522
-3.5549 -3.55444
-3.56066 -3.55869
-3.55718 -3.55606
-3.54738 -3.5469
-3.55174 -3.55237
-3.54831 -3.55065
-3.55671 -3.55754
-3.55219 -3.55305
-3.55863 -3.55922
-3.55385 -3.55308
-3.5571 -3.55809
-3.56064 -3.56188
-3.5542 -3.55403
-3.56833 -3.56965
-3.56069 -3.56095
-3.54766 -3.54768
-3.58439 -3.58363
-3.50679 -3.50511
-3.56818 -3.56857
-3.4918 -3.4927
-3.55705 -3.55583
-3.52328 -3.52373
-3.60158 -3.60236
-3.54285 -3.54134
-3.53041 -3.52764
-3.57469 -3.57474
-3.56004 -3.56175
-3.49744 -3.49719
-3.60151 -3.60159
-3.59363 -3.59293
-3.58488 -3.58376
-3.55403 -3.55685
-3.52481 -3.52584
-3.58174 -3.57888
-3.58899 -3.59102
-3.61584 -3.61536
-3.58648 -3.58632
-3.49594 -3.497
-3.6203 -3.62179
-3.46451 -3.4647
-3.64381 -3.64397
-3.64065 -3.64046
-3.63865 -3.63846
-3.63518 -3.63486
-3.64163 -3.64144
-3.63872 -3.63831
-3.64472 -3.64456
-3.64233 -3.64245
-3.64549 -3.64557
-3.636 -3.63548
-3.64435 -3.64433
-3.62156 -3.62093
-3.64538 -3.64545
-3.63296 -3.63244
-3.64134 -3.64115
-3.63411 -3.63376
-3.62568 -3.62511
-3.64419 -3.64415
-3.64482 -3.64484
-3.64445 -3.64444
-3.64519 -3.6452
-3.62657 -3.62601
-3.64475 -3.6446
-3.62231 -3.62167
-3.64384 -3.64407
-3.69247 -3.69201
-3.69197 -3.69223
-3.68902 -3.68965
-3.69162 -3.69172
-3.69192 -3.69207
-3.68882 -3.68954
-3.69107 -3.69091
-3.69081 -3.6907
-3.69077 -3.69107
-3.69058 -3.69065
-3.68703 -3.68617
-3.687 -3.68604
-3.68398 -3.68467
-3.68333 -3.68284
-3.68492 -3.68511
-3.68402 -3.68437
-3.68465 -3.68461
-3.68263 -3.68253
-3.68384 -3.68419
-3.68401 -3.68476
-3.66392 -3.66445
-3.66807 -3.66706
-3.66243 -3.66317
-3.66938 -3.66953
-3.66765 -3.66865
-3.65798 -3.65656
-3.66361 -3.66261
-3.66779 -3.6669
-3.66494 -3.66405
-3.66488 -3.66496
-3.63422 -3.63324
-3.63509 -3.63431
-3.63317 -3.63221
-3.63818 -3.63822
-3.63149 -3.63078
-3.63285 -3.63287
-3.6353 -3.6342
-3.63264 -3.63205
-3.63803 -3.63644
-3.63228 -3.63241
-3.60942 -3.6095
-3.60782 -3.60616
-3.61414 -3.6143
-3.60471 -3.60562
-3.60529 -3.60363
-3.60967 -3.60923
-3.59846 -3.5979
-3.60701 -3.60588
-3.60652 -3.60528
-3.60824 -3.60836
-3.5882 -3.58561
-3.58195 -3.58053
-3.57844 -3.5779
-3.59103 -3.59024
-3.58097 -3.5815
-3.58674 -3.58725
-3.5786 -3.5774
-3.5852 -3.58487
-3.58356 -3.58417
-3.58356 -3.58245
-3.55426 -3.5527
-3.56312 -3.56279
-3.56511 -3.56319
-3.56369 -3.56282
-3.5593 -3.5591
-3.56054 -3.56373
-3.56497 -3.56446
-3.567 -3.56624
-3.5635 -3.56266
-3.55267 -3.55146
-3.53711 -3.5368
-3.53898 -3.54054
-3.53347 -3.5332
-3.52328 -3.52081
-3.53615 -3.53491
-3.54714 -3.54567
-3.53854 -3.53744
-3.53933 -3.53785
-3.54033 -3.53913
-3.6087 -3.60873
-3.61499 -3.61556
-3.6193 -3.61972
-3.62068 -3.62021
-3.61492 -3.61476
-3.62654 -3.62849
-3.61865 -3.61793
-3.62048 -3.62132
-3.62138 -3.62409
-3.61701 -3.61784
-3.61441 -3.61665
-3.61874 -3.62045
-3.61138 -3.61423
-3.62056 -3.62224
-3.61452 -3.61494
-3.60972 -3.61106
-3.60372 -3.60534
-3.61246 -3.61362
-3.61711 -3.61873
-3.61709 -3.61826
-3.55413 -3.55547
-3.61713 -3.61778
-3.56802 -3.56731
-3.57129 -3.57096
-3.56829 -3.56911
-3.56651 -3.56676
-3.61163 -3.61263
-3.61686 -3.61761
-3.61623 -3.61777
-3.56969 -3.56946
-3.61472 -3.61499
-3.61302 -3.61343
-3.61887 -3.61973
-3.56993 -3.5698
-3.6187 -3.61919
-3.6162 -3.61646
-3.61456 -3.61492
-3.5743 -3.57367
-3.56734 -3.56863
-3.56757 -3.56844
-3.56503 -3.5648
-3.56013 -3.55953
-3.61036 -3.61089
-3.56561 -3.56721
-3.56723 -3.56812
-3.60898 -3.61032
-3.5647 -3.56716
-3.56659 -3.56731
-3.60518 -3.60646
-3.56312 -3.56265
-3.61093 -3.61154
-3.56761 -3.56878
-3.56508 -3.5645
-3.61175 -3.61308
-3.60844 -3.60912
-3.62121 -3.62385
-3.61645 -3.6177
-3.60907 -3.6103
-3.56228 -3.56416
-3.56338 -3.56435
-3.61172 -3.61397
-3.57412 -3.579
-3.66181 -3.65593
-3.59083 -3.58755
-3.69499 -3.69479
-3.60345 -3.60097
-3.60356 -3.60358
-3.67602 -3.67396
-3.60537 -3.60538
-3.69667 -3.69821
-3.59648 -3.59762
-3.602 -3.60208
-3.59535 -3.59805
-3.68836 -3.68833
-3.62803 -3.62704
-3.69046 -3.69234
-3.60046 -3.60453
-3.69681 -3.69627
-3.57474 -3.57539
-3.6013 -3.59698
-3.60049 -3.60023
-3.58964 -3.59396
-3.59748 -3.60285
-3.58452 -3.58734
-3.57532 -3.57166
-3.56453 -3.56685
-3.59227 -3.59613
-3.59008 -3.59523
-3.56729 -3.56705
-3.5909 -3.58785
-3.61803 -3.62263
-3.70099 -3.70189
-3.70164 -3.70229
-3.70003 -3.70057
-3.70199 -3.70236
-3.69774 -3.69833
-3.69981 -3.70057
-3.70255 -3.70343
-3.69846 -3.69952
-3.7021 -3.70293
-3.7005 -3.70131
-3.70183 -3.70252
-3.70188 -3.70286
-3.69805 -3.69955
-3.70242 -3.70361
-3.70222 -3.7028
-3.70237 -3.70355
-3.70149 -3.70224
-3.70268 -3.70389
-3.69842 -3.69861
-3.70179 -3.70313
-3.69144 -3.69161
-3.68812 -3.68858
-3.69172 -3.69212
-3.69115 -3.69042
-3.69003 -3.68982
-3.69083 -3.69047
-3.6888 -3.68915
-3.6908 -3.69159
-3.69231 -3.69292
-3.68888 -3.68905
-3.68573 -3.68643
-3.68425 -3.6841
-3.68368 -3.68327
-3.68573 -3.68587
-3.68455 -3.68525
-3.68284 -3.68283
-3.68582 -3.68629
-3.68397 -3.68439
-3.6843 -3.68411
-3.68231 -3.68323
-3.6674 -3.66818
-3.66462 -3.66368
-3.66658 -3.66672
-3.66233 -3.66137
-3.66486 -3.66381
-3.66521 -3.66509
-3.6626 -3.66216
-3.66323 -3.66339
-3.6648 -3.66483
-3.66038 -3.66051
-3.63547 -3.63582
-3.63823 -3.63742
-3.63943 -3.63905
-3.63195 -3.63057
-3.63209 -3.63229
-3.63703 -3.63587
-3.63275 -3.63323
-3.63958 -3.63871
-3.6335 -3.63154
-3.63276 -3.63181
-3.61153 -3.6115
-3.60846 -3.60733
-3.60793 -3.60652
-3.61057 -3.6106
-3.60303 -3.60261
-3.60878 -3.6074
-3.60865 -3.60879
-3.60339 -3.60078
-3.61122 -3.61099
-3.60681 -3.60559
-3.58248 -3.5826
-3.57928 -3.5779
-3.58221 -3.57995
-3.5811 -3.57949
-3.5827 -3.58276
-3.58009 -3.58053
-3.58117 -3.58068
-3.58433 -3.5851
-3.57934 -3.5787
-3.57682 -3.5746
-3.55644 -3.55639
-3.56176 -3.56221
-3.55203 -3.55248
-3.55248 -3.54986
-3.55235 -3.55168
-3.56161 -3.56083
-3.56012 -3.56023
-3.56296 -3.56184
-3.55882 -3.55926
-3.56141 -3.56069
-3.53055 -3.52907
-3.5341 -3.53368
-3.53309 -3.53219
-3.54049 -3.54016
-3.53679 -3.53666
-3.54898 -3.54867
-3.53176 -3.52993
-3.53629 -3.53532
-3.53727 -3.5369
-3.53861 -3.53887
-3.57106 -3.57098
-3.53256 -3.53271
-3.53653 -3.53715
-3.52458 -3.52438
-3.52594 -3.52651
-3.52662 -3.52656
-3.52812 -3.52774
-3.52214 -3.52176
-3.52244 -3.52111
-3.52814 -3.52899
-3.53408 -3.53461
-3.52666 -3.52648
-3.52884 -3.52798
-3.53295 -3.53234
-3.52651 -3.52572
-3.52585 -3.52709
-3.531 -3.53131
-3.5197 -3.51903
-3.52407 -3.52276
-3.52584 -3.52524
-3.52056 -3.52077
-3.53305 -3.53387
-3.52136 -3.52131
-3.52636 -3.52493
-3.5307 -3.53026
-3.53382 -3.53366
-3.53399 -3.53356
-3.52396 -3.52444
-3.52673 -3.52711
-3.5318 -3.53405
-3.52029 -3.52116
-3.51855 -3.51894
-3.52517 -3.52449
-3.53197 -3.53125
-3.53013 -3.52965
-3.52654 -3.52707
-3.52793 -3.52838
-3.52983 -3.52939
-3.52058 -3.52099
-3.51526 -3.51597
-3.52579 -3.52694
-3.53567 -3.53648
-3.52704 -3.52657
-3.51319 -3.51133
-3.52645 -3.52592
-3.5274 -3.52683
-3.51898 -3.519
-3.51956 -3.51957
-3.52597 -3.52629
-3.52392 -3.52443
-3.52587 -3.52681
-3.52467 -3.52451
-3.53217 -3.5322
-3.53372 -3.53328
-3.52711 -3.5277
-3.5277 -3.5274
-3.53222 -3.53068
-3.53367 -3.5336
-3.53568 -3.53607
-3.52207 -3.52133
-3.51603 -3.51491
-3.52474 -3.52406
-3.52547 -3.52531
-3.52659 -3.52652
-3.52644 -3.52616
-3.5209 -3.5206
-3.51797 -3.51793
-3.52176 -3.52069
-3.52489 -3.52582
-3.5273 -3.52754
-3.52144 -3.52287
-3.52301 -3.52245
-3.52499 -3.52589
-3.5319 -3.53251
-3.53712 -3.53642
-3.52888 -3.52856
-3.5272 -3.52707
-3.5256 -3.52402
-3.52266 -3.52103
-3.51798 -3.5173
-3.52779 -3.52756
-3.53508 -3.53473
-3.52831 -3.52899
-3.53706 -3.53659
-3.52432 -3.52448
-3.53033 -3.53043
-3.51936 -3.51776
-3.51842 -3.51781
-3.52978 -3.52926
-3.52474 -3.52469
-3.52394 -3.5245
-3.53125 -3.53208
-3.53003 -3.53107
-3.53218 -3.53155
-3.52528 -3.52569
-3.52176 -3.52217
-3.53167 -3.53283
-3.52298 -3.52425
-3.51564 -3.51578
-3.52658 -3.52663
-3.55058 -3.55074
-3.55536 -3.55659
-3.55012 -3.55058
-3.55607 -3.55597
-3.55298 -3.55379
-3.53104 -3.53076
-3.53605 -3.53628
-3.53836 -3.5389
-3.53509 -3.53503
-3.53026 -3.52944
-3.51685 -3.51702
-3.52511 -3.52378
-3.51809 -3.51802
-3.51913 -3.51713
-3.51828 -3.51757
-3.47748 -3.47307
-3.47834 -3.47387
-3.48109 -3.47817
-3.47668 -3.47344
-3.47626 -3.4711
