0.477386 0.444428 0.462139 -0.0342297 0.0466798 -0.0373589 0.493853 0.45786 0.472414 -0.0398588 0.0478158 -0.0404388
0.51107 0.463666 0.484716 0.0249583 0.0689503 0.0267596 0.524542 0.458668 0.490102 0.0302711 0.0671501 0.0259524
0.448812 0.530887 0.427694 -0.0114708 -0.00362137 -0.010159 0.445929 0.528378 0.430916 -0.0161442 0.00245853 -0.0146398
0.44327 0.41956 0.437585 -0.013606 -0.0418725 0.0360987 0.452919 0.425389 0.437958 -0.0154443 -0.0456882 0.0425336
0.483447 0.47073 0.457339 0.0165247 -0.0223083 -0.0341709 0.498069 0.476984 0.45027 0.0171437 -0.0242755 -0.0440118
0.497003 0.530712 0.533388 -0.0232775 -0.000246405 -0.0166669 0.49634 0.532207 0.526141 -0.0211527 0.00426541 -0.0162742
0.381291 0.408769 0.431373 -0.0216927 -0.0210608 -0.0166648 0.379662 0.408609 0.433422 -0.0269522 -0.0146883 -0.0147941
0.367386 0.428616 0.379363 0.000665476 -0.0273918 -0.0233731 0.357203 0.433841 0.387412 -0.00833175 -0.0289762 -0.0272347
0.468345 0.43414 0.467756 -0.0103565 0.0269124 0.00177339 0.473086 0.440252 0.464531 -0.00847351 0.0345547 0.00120636
0.439221 0.443927 0.490303 0.0102079 -0.0110173 -0.0483728 0.442545 0.454861 0.486716 0.00938368 -0.00968043 -0.0457941
0.468874 0.448622 0.457854 6.51212e-05 0.00329118 -0.0448869 0.477016 0.448772 0.455543 -0.00638043 0.00927012 -0.0418012
0.557225 0.507426 0.471343 0.0153208 0.0162516 -0.00831931 0.554521 0.502294 0.463961 0.0126509 0.0156128 -0.0132553
0.464769 0.452771 0.447038 0.00492919 0.0136534 0.00587436 0.471427 0.462012 0.440237 0.00683932 0.0121714 0.00178921
0.428679 0.429442 0.479305 0.0216047 -0.00216232 0.00591406 0.431747 0.438046 0.472825 0.0297194 -0.000666469 0.0054045
0.371528 0.367216 0.423299 -0.0010974 -0.0358447 -0.0289093 0.36779 0.372695 0.419539 0.00577564 -0.0375386 -0.0259482
0.422125 0.366635 0.407186 -0.0354257 0.0167639 -0.0368928 0.420799 0.370034 0.405254 -0.0383461 0.0115225 -0.0317232
0.491762 0.465202 0.466324 -0.0164556 -0.0282549 -0.00366467 0.486674 0.469593 0.472349 -0.0198254 -0.0301031 0.0035296
0.447056 0.390067 0.403101 0.0146099 -0.000559401 -0.0420533 0.449739 0.393246 0.413958 0.0134594 -0.00291399 -0.0432313
0.413966 0.33946 0.382299 -0.00727063 -0.0151935 0.0107397 0.407984 0.341726 0.380022 -0.0122662 -0.0115208 0.0138574
0.453339 0.517417 0.440324 -0.00287478 -0.0318293 -0.0289103 0.45288 0.515267 0.442991 -0.0132451 -0.0309982 -0.0307311
0.363741 0.422355 0.49066 0.000760598 -0.00293628 -0.0101909 0.365508 0.425342 0.494485 0.00239638 0.00418316 -0.0163212
0.453043 0.414336 0.435784 -0.0252759 -0.0109938 -0.0228906 0.445978 0.409694 0.427018 -0.0301133 -0.00738495 -0.0260281
0.42001 0.352414 0.439713 0.0240472 0.0414897 -0.042505 0.41348 0.352254 0.434274 0.0228333 0.044718 -0.0374573
0.446959 0.388185 0.388541 0.0321887 0.0161006 -0.0105358 0.441913 0.386659 0.390883 0.029703 0.0251255 -0.00672989
0.466822 0.503788 0.489582 -0.0449024 0.0084278 -0.00643723 0.461459 0.496764 0.491789 -0.0468247 0.0145941 -0.00609167
0.505028 0.619435 0.485821 0.0257058 0.00754631 0.0186696 0.511886 0.619125 0.483635 0.0219245 0.0168807 0.0176467
0.515969 0.491159 0.51446 0.0474376 0.0127412 0.00565993 0.5126 0.495605 0.515486 0.0403159 0.00679579 0.00457754
0.464673 0.473008 0.443001 -0.00332112 -0.0327163 0.0258688 0.471124 0.472473 0.448868 -0.00766916 -0.0313196 0.0192235
0.459804 0.448118 0.403396 0.00725757 -0.0383031 -0.00413842 0.467336 0.446957 0.404581 0.00476166 -0.0407844 0.000465671
0.453051 0.401103 0.457719 0.0196237 0.0123006 0.056073 0.460218 0.400898 0.449966 0.0169888 0.012626 0.0547128
0.434112 0.398506 0.439548 -0.0435249 -0.00507374 0.0150038 0.445083 0.400996 0.443214 -0.0499949 -0.00672582 0.0172438
0.488811 0.449277 0.462577 -0.0514372 -0.0046394 -0.0156467 0.499476 0.446882 0.448508 -0.047705 -0.0130105 -0.0144109
0.452586 0.445658 0.473314 -0.0246956 0.0407832 0.0431207 0.453179 0.45177 0.4781 -0.0256168 0.040128 0.046099
0.455888 0.435583 0.440712 -0.0309384 -0.0309375 0.00884261 0.456359 0.428385 0.442856 -0.0317537 -0.0327825 0.00807983
0.50102 0.423255 0.392347 0.0333424 -0.00543054 -0.0178139 0.497803 0.417281 0.390835 0.0301588 -0.00240576 -0.0126719
0.416327 0.437018 0.41482 -0.00127157 0.0158658 -0.0445028 0.410684 0.438268 0.423373 -0.00232603 0.020277 -0.0362753
0.423596 0.345532 0.395669 -0.0174917 -0.0583736 -0.0450539 0.433355 0.359671 0.402355 -0.0132808 -0.0613592 -0.0377653
0.438349 0.389957 0.501184 -0.023548 0.024198 -0.0387891 0.430757 0.393689 0.505054 -0.0242779 0.0245665 -0.0426957
0.522862 0.444608 0.583418 0.0278346 -0.0041295 0.0301525 0.512122 0.446255 0.578286 0.0242417 -0.00171864 0.0307368
0.450168 0.395425 0.439511 -0.0430758 0.00831705 -0.0179698 0.454532 0.3987 0.443928 -0.0439254 0.00814646 -0.0208365
0.489472 0.400815 0.461839 -0.0134027 0.00348143 -0.0243764 0.495206 0.399635 0.466459 -0.0152428 0.00550806 -0.0283782
0.415284 0.41349 0.450631 0.0256466 -0.0200449 0.0220692 0.409966 0.412614 0.447323 0.0259103 -0.0157398 0.0268122
0.444453 0.418019 0.459559 -0.00283123 -0.0420853 0.00106563 0.438219 0.419815 0.466068 -0.00710277 -0.033397 0.0037412
0.45709 0.393041 0.36712 -0.0202359 -0.0330992 -0.00802558 0.45598 0.389634 0.386525 -0.0139735 -0.0297842 -0.00928088
0.507562 0.402018 0.466506 -0.0151351 -0.0250701 0.0208271 0.511934 0.41198 0.460957 -0.0101693 -0.0265485 0.0224282
0.410757 0.363812 0.407019 -0.020573 0.0232832 0.00946159 0.401907 0.356422 0.401654 -0.0214863 0.0199587 0.0172934
0.336946 0.435626 0.4042 0.0308236 0.0547508 -0.0266332 0.325838 0.434839 0.393868 0.030475 0.0485165 -0.0255679
0.423631 0.431082 0.436188 -0.0201688 -0.0221009 -0.0286097 0.425209 0.436105 0.440555 -0.00674213 -0.0213253 -0.0290699
0.404676 0.441148 0.401576 -0.0143658 -0.0293139 -0.0116931 0.406738 0.440484 0.400644 -0.00151795 -0.0237232 -0.0195912
0.447179 0.438214 0.406181 -0.00965694 0.00521295 -0.0231004 0.457791 0.427964 0.408336 -0.00955828 0.00245516 -0.0279712
0.612226 0.512328 0.714047 -0.285851 0.166027 -0.194378 0.617166 0.523667 0.725763 -0.298269 0.157362 -0.197367
0.507111 0.456395 0.47637 0.0290179 -0.127369 0.117411 0.509941 0.462832 0.484906 0.0193631 -0.120371 0.115618
0.786903 0.554611 0.732658 -0.0911556 -0.22579 0.319833 0.785123 0.572344 0.736852 -0.119461 -0.240382 0.32524
0.499146 0.531405 0.587915 0.259524 -0.200702 0.162146 0.510605 0.54355 0.594224 0.251475 -0.191089 0.158254
0.847011 0.85698 0.861128 0.446279 0.254519 0.200394 0.836354 0.863295 0.86777 0.451099 0.258893 0.22744
0.495308 0.599239 0.53879 0.069404 -0.160724 -0.21202 0.491213 0.593123 0.533243 0.0716724 -0.165022 -0.200177
0.710028 0.624928 0.701884 -0.175437 -0.105532 0.236604 0.696068 0.621418 0.699333 -0.184953 -0.104967 0.252657
0.406511 0.469346 0.382651 0.0593317 0.0119324 0.123969 0.413968 0.480468 0.385694 0.0551343 0.00904489 0.127714
0.659169 0.756208 0.519762 -0.0622671 -0.22458 -0.0529855 0.646578 0.741584 0.499701 -0.0626769 -0.217289 -0.0458232
0.748398 0.784604 0.635204 -0.0989481 -0.34329 0.314089 0.726805 0.777031 0.615871 -0.0968724 -0.342005 0.319866
0.510258 0.450202 0.577666 -0.0438534 -0.0345352 0.0167379 0.513591 0.453142 0.581157 -0.056578 -0.0387897 0.0170067
0.696029 0.523346 0.600037 0.0945263 -0.0736327 -0.104896 0.699537 0.514922 0.61953 0.117544 -0.0867119 -0.113126
0.699768 0.875605 0.890192 0.511601 -0.124311 0.0811254 0.727524 0.897878 0.903474 0.507388 -0.11485 0.0942329
0.366767 0.402671 0.38866 -0.00392386 0.0453046 0.238868 0.361558 0.393452 0.391262 0.00138416 0.0375404 0.228664
0.444199 0.474735 0.425453 -0.0995264 -0.148723 -0.0671597 0.464362 0.489569 0.430167 -0.0935728 -0.150541 -0.0594678
0.466078 0.498767 0.431375 -0.03636 -0.311288 -0.0749753 0.469095 0.497615 0.428782 -0.0320998 -0.308283 -0.0689004
0.480051 0.571303 0.660268 0.255416 0.0524505 0.105435 0.484593 0.594949 0.673017 0.258155 0.0621976 0.0999039
0.64169 0.65116 0.776968 0.102085 0.402666 0.215416 0.635408 0.63742 0.764431 0.0940839 0.399808 0.201613
0.468381 0.549819 0.55902 -0.0602241 -0.124688 -0.0606607 0.469086 0.548924 0.560924 -0.0518175 -0.123895 -0.0647554
0.500055 0.559453 0.398622 0.128942 0.162967 0.140916 0.508601 0.57415 0.390749 0.135736 0.155164 0.129023
0.343 0.350013 0.354928 0.148965 0.22941 0.0464375 0.353773 0.365553 0.363541 0.1455 0.239491 0.0454981
0.419672 0.508473 0.4512 0.243417 -0.0165996 0.0711094 0.431976 0.517587 0.46149 0.238768 -0.00891074 0.0664818
0.8429 0.745962 0.865514 0.242043 -0.107033 -0.00767849 0.814701 0.723197 0.821493 0.249268 -0.0950929 -0.00500261
0.32702 0.327145 0.351503 0.0225927 -0.0803796 -0.0391867 0.331472 0.335143 0.364124 0.0338027 -0.0796434 -0.0335154
0.98831 0.954048 1.01251 0.0814694 0.112654 0.679179 0.992688 0.932643 1.01163 0.0933144 0.110695 0.685945
-0.170319 -0.170452 -0.164647 -1.8119e-08 1.63606e-09 5.70721e-09 -0.180569 -0.178382 -0.167294 0 -0 0
0.297842 0.295101 0.295564 4.77527e-08 1.28611e-07 1.27175e-09 0.298517 0.287291 0.295527 0 0 -0
0.353016 0.354636 0.354772 -1.00548e-07 -8.81163e-08 -1.23655e-07 0.345704 0.35287 0.353143 0 0 0
0.436112 0.438343 0.436576 -4.18377e-08 -8.38648e-08 -5.05748e-08 0.433446 0.436348 0.434995 0 0 0
0.251146 0.269737 0.252603 -1.70648e-08 -1.02555e-08 4.87729e-08 0.245588 0.273361 0.242553 0 0 0
0.350028 0.351992 0.349766 5.17392e-09 -1.33094e-08 -1.23253e-08 0.355295 0.339796 0.354877 0 0 -0
0.0907143 0.0876487 0.113629 1.13766e-08 -5.46054e-09 -1.27931e-08 0.0774467 0.077032 0.114711 0 -0 0
-0.215226 -0.227892 -0.227972 -4.05548e-08 -3.99218e-08 -2.86225e-09 -0.2178 -0.240877 -0.240644 0 0 0
-0.0222042 -0.0295231 -0.0294108 -2.00725e-09 2.22598e-08 2.6747e-08 -0.0272056 -0.0380904 -0.0420233 -0 0 0
0.419076 0.416989 0.413692 -1.68632e-08 4.49496e-09 -7.10434e-08 0.408277 0.424523 0.419767 0 0 0
0.147393 0.145822 0.144357 1.85852e-09 -1.19454e-08 4.44717e-09 0.142209 0.140022 0.134074 0 0 0
0.677582 0.676169 0.676364 2.62599e-08 -2.64065e-08 6.87911e-08 0.686432 0.681745 0.678839 0 0 0
-0.0518708 -0.0537896 -0.0549819 1.09483e-09 -1.55668e-08 -1.10269e-08 -0.0557185 -0.0569761 -0.0671373 0 0 0
0.479321 0.482728 0.482931 1.42453e-07 -1.03026e-08 5.43697e-08 0.487039 0.491546 0.476499 -0 0 0
0.27296 0.275558 0.273412 2.00784e-08 4.39268e-08 -2.07369e-08 0.268408 0.279831 0.27693 0 -0 0
0.462436 0.457377 0.456015 7.65035e-08 1.28027e-07 -1.14092e-07 0.46877 0.451829 0.456885 0 0 -0
0.613023 0.611875 0.6126 -4.84288e-08 -4.62333e-08 2.91643e-08 0.611581 0.619025 0.620789 0 0 0
0.152182 0.152062 0.158342 9.70966e-08 -1.20319e-09 -2.57137e-09 0.145583 0.14326 0.155804 0 0 0
0.113841 0.114536 0.115601 1.33695e-07 -1.36674e-07 1.09431e-08 0.105374 0.108781 0.109133 0 0 0
0.140724 0.140673 0.138707 4.82313e-10 -3.30776e-09 -8.62199e-09 0.134989 0.134875 0.128525 -0 0 0
0.0813214 0.076099 0.0767091 3.87695e-08 1.51252e-07 4.95333e-08 0.0769395 0.0660744 0.0716078 0 0 0
0.598702 0.596176 0.598274 9.15956e-08 5.99715e-08 -3.2147e-10 0.607063 0.601643 0.595968 0 0 0
0.0941131 0.098842 0.115484 -4.55867e-08 -2.95055e-08 2.96992e-08 0.0879526 0.0833863 0.115451 0 0 -0
0.667232 0.663759 0.66457 -2.8381e-09 -7.32337e-08 4.93818e-09 0.677742 0.668661 0.667298 0 0 0
-0.166806 -0.168704 -0.169292 1.1223e-08 -3.57886e-08 -3.01068e-09 -0.171204 -0.174475 -0.178621 0 0 0
0.0542501 0.00801526 0.0265877 0.00767685 0.0123131 0.0151072 0.0589898 0.00687377 0.0314435 0.0105006 0.00748173 0.012436
0.038313 0.00981392 0.0137843 -0.000697336 0.00733676 -0.0123653 0.0418313 0.00548645 0.014592 0.0012484 0.00383685 -0.0121875
0.0103474 0.0114474 0.029533 -0.00721184 0.0153627 0.00703786 0.00800546 0.0187456 0.0279598 -0.00737083 0.0124776 0.00677049
0.0218109 0.0296465 0.0268057 -0.0103723 0.0054828 0.002639 0.02106 0.0301729 0.0247506 -0.0046167 0.00201469 0.00753012
0.0193905 0.00845291 0.00689057 0.0142108 0.0282834 -0.000996069 0.0224803 0.00759204 0.00664796 0.0163148 0.0282773 -0.00471497
0.000808132 -0.0188416 0.0194461 -0.0131914 -0.00680089 0.0105157 0.000295988 -0.0127507 0.0188854 -0.00950827 -0.0075546 0.013716
0.0412131 0.0177931 0.0287656 0.008209 0.0122101 0.00117725 0.044642 0.0212311 0.0261276 0.0125274 0.00905799 -1.9321e-05
0.0127039 0.00827423 0.0301897 0.014928 0.0129657 0.0210545 0.010757 0.00746204 0.0293294 0.0158106 0.0133363 0.022473
0.0319483 -0.00200762 0.0171527 0.00455705 0.0189678 0.0197156 0.034228 0.00147444 0.0204877 0.00809497 0.019215 0.0166585
0.0108154 0.0102633 0.0120611 0.0197525 0.00217391 0.007534 0.011399 0.0102531 0.0136956 0.0218155 -0.00190062 0.00915164
0.0383563 0.0519172 0.0166677 0.00219146 -0.000290077 0.00956563 0.0368725 0.0497764 0.00734068 -0.000555864 -0.00249747 0.0117462
0.0178214 0.0375345 -0.0182339 0.00245239 -0.0155253 -0.00698409 0.0137578 0.0357153 -0.0235905 0.0027562 -0.0158409 -0.00752938
0.061027 0.0673787 0.0317719 -0.00671074 -0.00540548 0.0232568 0.0546604 0.0593723 0.0179874 -0.00562738 -0.00599673 0.0284289
0.0614752 0.0230062 0.0358253 -0.00985766 -0.00437533 0.00116068 0.062073 0.0236732 0.0335825 -0.0163966 -0.0114124 0.000507747
0.0724555 0.0786686 0.0476143 0.00259777 -0.00937139 0.00946534 0.0659975 0.0762861 0.0394346 -0.00208636 -0.0099196 0.0116669
0.0334996 4.82191e-05 0.00265589 -0.0295012 -0.00154959 -0.0227988 0.0328336 0.00685565 -0.00126772 -0.0298 0.00183991 -0.0204346
0.0385219 0.0247482 -0.00595052 0.0138019 0.0125249 -0.00417182 0.0294669 0.0276381 -0.0177429 0.01374 0.0100376 -0.00692182
0.011199 0.00101399 -0.0232797 -0.0194246 0.0111033 -0.00537681 0.0082737 0.00793383 -0.0243486 -0.0167428 0.0095742 -0.00548839
0.00451797 0.0435207 0.0153705 0.0084568 -0.0279063 0.00323904 -0.00159426 0.0431426 0.00590086 0.00328645 -0.0304928 0.00170179
0.00579096 0.0445359 0.004909 0.0042848 0.00645019 0.00386041 -0.00159849 0.0512565 -0.00376784 -0.000330802 0.00354043 0.00687404
-0.00465416 -0.0156398 -0.0169888 -0.0096579 0.0125456 0.0193456 -0.00809089 -0.00696787 -0.0129518 -0.00982571 0.0161883 0.0204187
-0.017037 0.0111122 -0.00655822 -0.0371058 0.00765755 0.00594766 -0.0158464 0.00726324 0.00153506 -0.0390613 0.00422988 0.0120871
0.0206035 0.00197437 -0.0238049 -0.0348706 -0.0200265 -0.000289625 0.0184413 -0.00346614 -0.0276514 -0.0388461 -0.0172206 0.00504358
-0.00867967 -0.0211533 -0.0381024 0.0192983 -0.0175638 -0.00394166 -0.0116021 -0.0136703 -0.0456799 0.0191284 -0.0155466 -0.0020971
0.00663855 -0.0080975 0.02445 -0.0179199 0.0217488 -0.0170469 0.00717713 0.00469982 0.0227665 -0.00823105 0.0166307 -0.0197132
0.00105987 0.00666313 0.00451152 -0.024063 0.00445308 0.0239883 0.00295694 0.00427938 0.00923293 -0.0272297 0.00158747 0.029684
0.000542331 -0.000708844 0.0329871 -0.0130602 -0.0122554 -0.00765493 -0.00808111 0.00187596 0.0339569 -0.0123669 -0.0148798 -0.00559438
-0.0311835 -0.00444283 -0.0379102 0.0152014 -0.00299597 0.0341977 -0.0339301 -0.0102894 -0.0416294 0.0205274 -0.00283731 0.0313291
0.00236252 -0.0134623 -0.0110208 0.00631158 0.00587941 0.000620802 -0.00448071 -0.0113041 -0.00480401 0.00335049 0.00305006 0.00145935
0.0280036 -0.000587696 -0.0108146 0.00302783 0.0104016 0.0189814 0.0359829 -4.78395e-06 -0.00260512 0.00297469 0.0056904 0.017887
0.0124543 -0.0199436 0.00123995 -0.0222308 -0.00534355 -0.0445818 0.0112759 -0.0167811 0.0109463 -0.0222157 -0.00790349 -0.0462465
-0.0215336 -0.0656439 -0.0123053 0.0182121 0.000157079 -0.0133794 -0.0155415 -0.0659603 -0.0100511 0.0137789 -0.00573306 -0.0170389
-0.0398778 -0.0381 -0.0473284 -0.0219505 0.0030418 -0.0074011 -0.0449921 -0.03348 -0.0437763 -0.0229574 0.0059187 -0.00718593
-0.00807837 0.0233165 -0.0707297 0.00383432 -0.00784331 0.00531901 -0.00939586 0.0276563 -0.0779335 0.00480454 -0.00370525 0.00931762
-0.0042393 -0.0576471 -0.023112 0.00610301 0.00941294 -0.00688141 0.00781809 -0.0580479 -0.0163735 0.00320346 0.00812574 -0.00400725
0.00210015 -0.048832 0.0183229 0.00299203 0.0305628 -0.0231223 -0.000916636 -0.0398777 0.0128827 -1.7284e-05 0.030324 -0.0222268
0.0104812 -0.0341414 -0.0472221 0.0391424 -0.00735516 0.0136247 0.00353105 -0.0339527 -0.0395275 0.0465723 -0.00855383 0.0132847
-0.0303362 -0.0379307 0.00455883 -0.00500483 0.0173616 -0.0266987 -0.0256402 -0.0337501 0.0115559 0.00111812 0.00983293 -0.0235534
-0.0398852 -0.0374973 -0.00346038 -0.0191964 0.000212791 -0.00434806 -0.0444696 -0.0331845 -0.00512031 -0.0181285 0.00939793 0.00227509
0.0111677 -0.00951351 -0.0177036 0.02789 0.0223388 -5.01588e-05 0.0122911 -0.0145377 -0.0175768 0.0231096 0.0282186 -0.00681895
-0.0655004 -0.0616394 -0.0590492 -0.00399807 0.0114486 0.0154029 -0.0615946 -0.0581871 -0.0521398 -0.00697312 0.013734 0.0162102
-0.0183736 -0.0251256 -0.0383659 -0.0424535 0.0258317 0.00212224 -0.0139724 -0.0224233 -0.033275 -0.0386177 0.0255622 0.00775867
-0.0788617 -0.0853583 -0.0690505 -0.0275417 -0.00649125 -0.0272901 -0.0711567 -0.0847544 -0.0706285 -0.0292126 -0.00696725 -0.030828
-0.050515 -0.0908487 -0.0726333 -0.00217855 0.00824031 -0.00271108 -0.0462549 -0.082917 -0.0692941 0.00321515 0.00461793 -0.00892309
-0.0645752 -0.0131751 -0.0521065 -0.000363617 -0.0140592 0.0155692 -0.059473 -0.00917052 -0.0466552 -0.00155401 -0.0197984 0.0193471
-0.0497325 -0.0527708 -0.0623236 0.0056107 0.0248457 0.00839548 -0.0425927 -0.0546525 -0.0596395 0.0129505 0.0299786 0.00191287
-0.00751609 -0.0576671 -0.0330027 -0.00976623 0.00209752 -0.00690817 -0.0091316 -0.0582795 -0.0371293 -0.00684244 -0.00184333 -0.00708839
-0.0946116 -0.129497 -0.056705 -0.0196249 -0.00582288 -0.016297 -0.0976726 -0.130068 -0.0476364 -0.0219824 -0.00536225 -0.0163311
-0.0648474 -0.0205299 -0.0974311 0.00970345 -0.00602253 0.0176487 -0.053798 -0.0103526 -0.0966905 0.00627216 -0.00859679 0.0173787
-0.0331902 -0.0236065 0.000463271 0.011635 -0.0308514 0.00309823 -0.0365791 -0.0193383 -0.00234843 0.00811361 -0.0259255 0.00215509
0.0341383 -0.0405415 -0.0273747 0.0335587 0.0128532 0.0345215 0.0315991 -0.0407389 -0.0239172 0.0372939 0.0170623 0.0399379
-0.107977 -0.110552 -0.091264 0.0192475 0.0160913 0.027747 -0.0982314 -0.104362 -0.0844532 0.0167847 0.0194419 0.0320552
-0.0861578 -0.104467 -0.121833 0.013483 0.00192281 -0.0231102 -0.0764505 -0.103682 -0.119289 0.0125451 0.00913142 -0.0215874
-0.131278 -0.156801 -0.126869 0.0170694 0.0344024 -0.0083461 -0.121005 -0.155259 -0.128729 0.012803 0.0373716 -0.00949386
-0.069762 -0.0299404 -0.0935052 -0.0718085 -0.0170881 -0.0173914 -0.0627573 -0.0427374 -0.0955433 -0.0726768 -0.0103589 -0.0103661
-0.0601391 -0.0278099 -0.0384165 0.017747 0.0122007 -0.0247271 -0.051714 -0.0270242 -0.0422779 0.0120276 0.00906463 -0.0204198
-0.0469038 -0.0885364 -0.0519368 -0.0071219 -0.0122201 -0.000622033 -0.0464483 -0.0883288 -0.0451871 -0.008705 -0.0119071 -0.00804213
-0.0891906 -0.150517 -0.135275 -0.0393366 -0.029914 0.0125143 -0.0862865 -0.135133 -0.134606 -0.0396731 -0.0277632 0.0193626
-0.100902 -0.110309 -0.109465 0.0613029 0.00426549 0.011736 -0.097168 -0.107299 -0.101869 0.0628973 0.00551676 0.0116084
-0.101986 -0.106062 -0.0768271 -0.00762648 0.0188007 0.0187208 -0.0976177 -0.0985034 -0.0849998 -0.00319481 0.0253124 0.0225834
-0.147513 -0.117623 -0.131596 -0.00310766 -0.0134499 0.0359929 -0.149075 -0.12241 -0.128136 0.000764105 -0.00835651 0.0383102
-0.140201 -0.147194 -0.165751 -0.0054531 -0.00600548 -0.021886 -0.137398 -0.148749 -0.161613 -0.0103903 -0.0034084 -0.0173139
-0.0643651 -0.0843417 -0.102617 0.00414573 -0.00814712 -0.0485069 -0.0627407 -0.0824413 -0.0998809 0.00216605 -0.0106328 -0.0595544
-0.0570956 -0.0934208 -0.113066 0.000609894 -0.0242756 0.0129418 -0.0522292 -0.0978895 -0.116938 -0.00169315 -0.0317363 0.0117735
-0.105882 -0.0522134 -0.0530692 0.0555698 -0.0459534 0.0228761 -0.113055 -0.0478672 -0.055598 0.0555473 -0.0499502 0.0256529
-0.1212 -0.155249 -0.124839 -0.0280212 0.011136 -0.00727936 -0.130505 -0.163601 -0.121842 -0.021273 0.0147398 -0.0105468
-0.174843 -0.182104 -0.185167 0.00812821 0.0221738 -0.00153219 -0.186758 -0.176423 -0.184392 0.00472222 0.0216104 -0.00609488
-0.158626 -0.136526 -0.158887 -0.025515 0.0121525 0.00196781 -0.159005 -0.133997 -0.154103 -0.0274713 0.0212327 0.00269574
-0.126865 -0.0711163 -0.149722 -0.0297076 0.0178289 -0.00829189 -0.122617 -0.0695567 -0.142957 -0.0306701 0.0210315 -0.0112802
-0.0558047 -0.122308 -0.132861 -0.0280497 0.0313136 0.0207268 -0.0549875 -0.119837 -0.125124 -0.0251728 0.033267 0.0204937
-0.109215 -0.123683 -0.113768 -0.0277468 0.00326262 0.0329909 -0.106177 -0.120741 -0.105228 -0.0325649 0.00486306 0.0400757
-0.110138 -0.118528 -0.130011 -0.00709456 0.0488805 -0.0124754 -0.0957208 -0.116043 -0.117 -0.00730077 0.0514701 -0.0148898
-0.0858207 -0.136004 -0.128697 -0.00887967 0.0111429 0.0335734 -0.0755487 -0.122246 -0.127714 -0.00967707 0.019948 0.0304683
-0.105827 -0.10251 -0.132066 0.00563697 0.0109138 -0.0320082 -0.0939652 -0.096089 -0.115513 0.00396235 0.0106531 -0.033116
-0.116842 -0.0891887 -0.0967348 -0.00159637 0.00775102 0.00595067 -0.118866 -0.0817173 -0.0926 -0.000605926 0.0059875 0.00191275
-0.11462 -0.103504 -0.115798 0.00562338 -0.0220541 0.0111026 -0.109459 -0.0987809 -0.109453 0.00627491 -0.0248546 0.0127736
-0.134047 -0.121595 -0.134891 -0.0275186 -0.00533974 0.00774323 -0.138115 -0.113039 -0.128209 -0.0283837 -0.00631293 0.0115581
-0.104684 -0.167281 -0.0911003 0.0553754 0.00165413 0.00179183 -0.0998301 -0.165629 -0.0828882 0.0565148 0.0107544 0.00488546
-0.0871051 -0.186637 -0.127039 0.0143435 0.0289412 0.0292742 -0.0879805 -0.184763 -0.122978 0.024135 0.0281468 0.028348
-0.0692577 -0.0775827 -0.0873618 0.0105686 -0.018975 -0.0160148 -0.0608561 -0.0693584 -0.103801 0.0190128 -0.0208477 -0.0171945
-0.0523955 -0.069783 -0.0596903 -0.00629599 -0.0233809 0.010171 -0.0526782 -0.0652453 -0.0836053 -0.00318254 -0.0221306 0.00580778
-0.0740061 -0.0200887 -0.0737137 0.0304875 0.00638222 0.000275561 -0.0734231 -0.0155524 -0.0943847 0.0313115 0.0068789 -0.00369346
-0.0601603 -0.0574305 -0.0378058 -0.0106865 0.0323219 0.0127644 -0.0540392 -0.050038 -0.0543705 -0.00938639 0.035995 0.0131634
-0.038017 -0.021741 -0.0636294 -0.00465164 -0.0147955 -0.010899 -0.031921 -0.0141516 -0.0787643 -0.00871024 -0.0163446 -0.0144784
-0.0556619 -0.0593625 -0.0375371 -0.01977 -0.0199204 0.0188328 -0.0469187 -0.0495752 -0.0571619 -0.0261446 -0.0184393 0.0221124
-0.0360619 -0.0338987 -0.0413184 0.00741658 -0.00411507 0.0288787 -0.0288217 -0.0323493 -0.0570982 0.00899315 -0.00916729 0.0289138
-0.0846317 -0.0902404 -0.0782452 -0.00814245 -0.0220848 -0.0139668 -0.0829756 -0.0843331 -0.0987348 -0.00964671 -0.0160315 -0.0159609
-0.0352114 -0.0840834 -0.0681481 -0.0208295 -0.0343862 -0.000635072 -0.0313403 -0.0831655 -0.0866696 -0.0218483 -0.0346473 -0.00384761
-0.0575856 -0.0773272 -0.0689833 -0.00222904 0.00298842 -0.00414328 -0.0581441 -0.0750213 -0.0879067 0.00296839 0.00205503 -0.00806948
-0.0600421 -0.0368373 -0.0169437 -0.00241097 0.00127277 -0.0127687 -0.0505039 -0.038622 -0.0365201 0.000119765 0.000661258 -0.0121731
-0.0604407 -0.0825603 -0.0461429 0.00610696 -0.00615635 0.00206762 -0.0534149 -0.0837075 -0.0604759 0.00337012 -0.00628669 0.00324294
-0.0467962 -0.0431823 -0.0522847 0.00751551 0.0213522 0.00429914 -0.0437793 -0.0412955 -0.0717154 0.0122682 0.0212648 0.0047072
-0.0313024 -0.0423724 -0.0564 -0.0142336 -0.0176669 0.00415919 -0.0270905 -0.0332534 -0.0852488 -0.0131154 -0.0187126 0.00696146
-0.0675002 -0.084212 -0.0501918 -0.000616699 -0.012898 -0.0222319 -0.0646972 -0.0816633 -0.0715811 0.00198059 -0.0102634 -0.0252649
-0.103724 -0.0485811 -0.0602886 -0.00153434 0.0365599 -0.00796654 -0.0975364 -0.039704 -0.0755421 0.000252215 0.0392077 -0.00682149
-0.0677267 -0.0584132 -0.0794956 -0.0043586 0.00335342 -0.022641 -0.0612711 -0.0519991 -0.095697 -0.00440956 0.000431493 -0.0219118
-0.0249846 -0.00543133 -0.0358199 0.0109346 0.00391837 0.00143359 -0.0172193 -0.00230503 -0.0510868 0.00884898 0.00445274 0.000348792
-0.06535 -0.0243176 -0.0357259 0.0098728 -0.0124574 -0.000970616 -0.0651707 -0.018211 -0.0572321 0.0102285 -0.0138297 -0.0013894
-0.0625228 -0.0552365 -0.0691866 0.0210748 -0.00639738 0.0152637 -0.0528861 -0.053936 -0.0905693 0.0204531 -0.00257836 0.00979148
0.532902 0.467176 0.483692 0.0145344 0.0453587 -0.0513754 0.538544 0.465549 0.480832 0.00834161 0.045554 -0.0515612
-0.0459976 -0.00135957 -0.0108332 -0.00499535 0.0397592 0.0121267 -0.0421881 -0.000358085 -0.0292978 -0.00830434 0.038829 0.00906364
-0.117158 -0.103481 -0.0970901 0.00159788 0.00814225 0.00733791 -0.102653 -0.0930504 -0.114611 0.00216929 0.00581707 0.00804939
-0.0732786 -0.109298 -0.0816306 -0.0204619 0.00995214 -0.00839134 -0.060483 -0.097054 -0.0915854 -0.013576 0.00794771 -0.00750159
-0.0590833 -0.0205508 -0.0604946 0.0163084 -0.000452556 0.0299006 -0.0560363 -0.00954831 -0.0738864 0.00805475 0.00170108 0.0248694
-0.0560678 -0.0627773 -0.0996671 0.0122188 0.0199166 -0.00935083 -0.0404444 -0.0469416 -0.118592 0.0168758 0.0151697 -0.00758081
-0.0527131 -0.0399569 -0.0803768 0.0095545 -0.00296335 0.0133425 -0.0487791 -0.0340497 -0.0994129 0.00670117 -0.00224495 0.0191443
-0.0531047 -0.0443457 -0.0382619 -0.00723909 -0.0185949 -0.00681396 -0.0454491 -0.0337124 -0.0601011 -0.00937471 -0.0211818 -0.00435332
-0.0592329 -0.0749405 -0.0511569 0.0094898 -0.00241861 0.00289076 -0.0560879 -0.0715934 -0.0717978 0.00613224 -0.00254892 0.00138593
-0.095858 -0.0856828 -0.101988 -0.0115826 -0.00425608 -0.0127323 -0.0873404 -0.0758509 -0.120255 -0.010506 -0.0106237 -0.0148833
-0.0659846 -0.0433381 -0.0955251 0.0112029 0.00502687 0.0103331 -0.0568148 -0.0413345 -0.116476 0.00838808 0.00604769 0.0115322
-0.00482995 -0.034206 -0.0375358 0.00186669 -0.000276168 -0.0229065 0.00631254 -0.0337049 -0.0508038 0.00416537 -0.00604178 -0.0215748
-0.0169235 0.017242 -0.0117044 0.00521341 0.0111179 -0.00441834 -0.0107051 0.0181559 -0.0289141 0.00876556 0.0168128 -0.00341144
-0.112312 -0.0721858 -0.0950665 0.0267594 0.0168742 0.0128994 -0.101682 -0.0591521 -0.108892 0.0243551 0.0215297 0.0151112
-0.0224461 -0.0396811 -0.0350385 -0.000359535 -0.0109617 -0.0153347 -0.0201516 -0.0343122 -0.0519214 0.00369863 -0.0125373 -0.0143257
-0.0593969 -0.0315769 -0.0451226 -0.0218254 0.004 -0.00324895 -0.0513636 -0.0279149 -0.0629859 -0.017045 0.0117761 -0.00136241
-0.0298021 -0.0330729 -0.0225322 -0.00539403 0.0111026 0.0224284 -0.0284642 -0.0272115 -0.0446773 -0.0039519 0.00945614 0.0236763
-0.0707261 -0.0384236 -0.0726694 0.0343305 0.0270668 0.00611746 -0.0602203 -0.0244213 -0.089891 0.0340765 0.0278204 0.0102239
-0.0491528 -0.0349924 -0.0333623 -0.0210619 -0.01491 0.0143755 -0.041164 -0.0200584 -0.0472636 -0.0145112 -0.0171221 0.015691
-0.0721551 -0.0540709 -0.0730162 0.00751989 0.00107505 0.0259107 -0.0682399 -0.0452909 -0.09998 0.00576166 0.00184785 0.0227197
-0.076908 -0.0596243 -0.124755 0.0250715 -0.00754555 0.00551721 -0.0597771 -0.040957 -0.143437 0.02789 -0.00116075 0.00204097
-0.0325566 -0.0811923 -0.0731565 0.00828817 0.00400836 -0.00624186 -0.0209619 -0.069412 -0.0901096 0.00461743 0.0012648 -0.0152171
-0.0603338 -0.0554222 -0.0488659 -0.00190267 -0.0169311 -0.0166469 -0.0490534 -0.0559447 -0.0707865 -0.00462775 -0.0170466 -0.0173017
-0.0621269 -0.0574026 -0.0401828 0.0267866 0.00669606 0.0193983 -0.0524903 -0.041905 -0.0574157 0.0317591 0.0031525 0.0206733
-0.0830691 -0.0533634 -0.0505876 -0.000148554 0.00302898 -0.0171371 -0.0807424 -0.0329994 -0.0652715 0.00112275 0.00821376 -0.0222025
-0.0735518 -0.0596272 -0.0915326 -0.0112129 -0.0069258 0.00548327 -0.065373 -0.0551033 -0.1069 -0.00579869 -0.00822339 0.00535138
-0.0451657 -0.0899388 -0.0562905 0.0247649 -0.0201652 -0.0307035 -0.0403405 -0.0813622 -0.0743775 0.0287026 -0.0169757 -0.0284449
-0.0480889 -0.0474517 -0.049064 0.0144909 -0.0225154 -0.00621825 -0.0436398 -0.0323414 -0.0701379 0.00802844 -0.0212718 -0.00813322
-0.0672204 -0.0236281 -0.0201926 -0.0296292 -0.00266568 -0.00960651 -0.0647343 -0.0205128 -0.0409281 -0.0286847 0.00154117 -0.00672151
-0.0312985 -0.0396418 -0.048111 -0.0214841 -0.00807268 -0.00914364 -0.0275405 -0.0277634 -0.0656209 -0.0247908 -0.00456527 -0.0149783
-0.0351211 -0.0276091 -0.0266755 0.0172842 0.0118315 -0.0169326 -0.040526 -0.0233759 -0.0491482 0.0155605 0.00497493 -0.0129699
-0.0637337 -0.0928371 -0.0903521 -0.0204959 0.0275197 0.013052 -0.0550286 -0.082939 -0.113679 -0.0204715 0.0306263 0.0141839
-0.0884874 -0.0933981 -0.112826 -0.024682 -0.00978685 0.0105069 -0.0776213 -0.0865907 -0.13486 -0.0298343 -0.0104955 0.0110675
-0.0704897 -0.0469303 -0.0584951 -0.00830226 -0.00802525 -0.00446013 -0.0618743 -0.0414571 -0.0779963 -0.0102493 -0.00778992 -0.0052053
-0.0361894 -0.0480669 -0.0540848 0.0175597 0.00724416 -0.00592255 -0.0319796 -0.0431659 -0.0745164 0.0213753 0.002295 -0.00739272
-0.00742985 -0.00600716 -0.060773 -0.00585616 -0.000193838 0.01056 -0.00850584 0.00108265 -0.0788278 -0.0112988 -0.00392106 0.00668773
-0.0299308 -0.0683693 -0.0323732 -0.0111739 -0.00651632 0.0271465 -0.0222358 -0.066099 -0.0578521 -0.00457136 -0.00907132 0.0331563
-0.0722935 -0.0284464 -0.0610019 -0.00383298 0.0351891 0.00919839 -0.071269 -0.0135832 -0.0809865 -0.00453146 0.0365233 0.00738468
-0.0498212 -0.120212 -0.143276 0.0200255 0.0191635 -0.0148371 -0.0359059 -0.111687 -0.16 0.0199741 0.0176394 -0.00751141
-0.088349 -0.101297 -0.0771621 -0.00057989 0.00286599 -0.0340565 -0.0745909 -0.0944512 -0.10351 -0.00133227 0.00661668 -0.031088
-0.0212574 -0.0369779 -0.0725796 0.0145142 0.00558584 0.0472948 -0.01075 -0.0351798 -0.0978618 0.0118904 0.00474176 0.048682
-0.143763 0.0584459 0.0858428 0.109424 -0.190388 0.222516 -0.190231 0.0405067 0.0807725 0.141187 -0.194027 0.270728
0.116058 -0.0887696 -0.0794139 -0.0927794 -0.104761 0.146526 0.130903 -0.0801967 -0.072655 -0.0634417 -0.102388 0.163737
0.142299 -0.00534053 0.111676 0.139005 -0.0946309 -0.157542 0.123735 -0.0271575 0.114594 0.139045 -0.103739 -0.177282
-0.0410304 -0.202439 0.0183059 -0.0128645 -0.143841 0.0193381 -0.0391892 -0.225707 0.043955 -0.0156642 -0.141519 0.02626
-0.32665 -0.339594 -0.290018 -0.221674 -0.0648825 0.0134415 -0.304696 -0.324088 -0.263993 -0.246634 -0.0432825 0.0282192
0.391543 0.0655943 -0.0386513 0.0433129 -0.142872 0.105402 0.377417 0.0538625 -0.0211042 0.06644 -0.141422 0.119643
-0.037035 -0.0426344 0.277655 -0.00155155 -0.0429178 0.0458206 -0.057705 -0.0703108 0.28123 0.00119 -0.0471458 0.0501308
0.0104071 -0.196506 -0.250371 -0.0788394 -0.00796385 0.121455 0.00940417 -0.198304 -0.249792 -0.0979092 0.00158667 0.0717542
-0.0491581 -0.104092 -0.00504908 0.0328198 -0.120523 -0.0261342 -0.0767667 -0.125172 0.0199867 0.03998 -0.128325 -0.03142
-0.327016 -0.243656 0.0995691 0.0584585 0.0691106 0.0894583 -0.290713 -0.229652 0.0925967 0.04998 0.0728058 0.0750092
-0.184601 -0.154781 -0.244764 0.190441 0.0647547 -0.0173289 -0.181956 -0.109219 -0.246768 0.153504 0.0723025 -0.00392583
-0.114967 -0.0880283 0.0611505 0.0766479 0.156578 0.0871291 -0.111267 -0.0965508 0.0326075 0.0859683 0.182414 0.087635
-0.150094 -0.187906 0.0563261 0.0329526 -0.151651 0.0249224 -0.167185 -0.206052 0.0924825 0.0281242 -0.15618 0.0259133
0.104613 0.0687237 0.042045 0.175921 -0.0647941 0.0144729 0.0985575 0.0673367 0.0201858 0.178459 -0.0600225 0.0314408
0.00319345 0.0300727 0.0687947 0.0126653 -0.0672553 0.0474617 -0.00866083 0.0197142 0.100316 0.0147558 -0.0799867 0.0484417
0.140727 -0.0553158 -0.0973924 0.200945 0.124571 -0.144842 0.129367 0.00516083 -0.0623117 0.159318 0.0998175 -0.124245
-0.0455553 -0.180349 0.0580781 -0.0241732 -0.141429 -0.0134613 -0.0514175 -0.211353 0.0857158 -0.0239342 -0.139702 -0.0129408
-0.00174828 0.211231 0.0077404 0.181571 -0.216191 -0.166143 -0.0336158 0.180908 -0.00805083 0.199996 -0.206926 -0.168733
-0.0588951 -0.0681674 -0.278305 -0.0225077 0.0696264 -0.0488824 -0.0675717 -0.0641067 -0.282616 -0.0510333 0.0625917 -0.0613258
-0.295263 -0.182203 -0.0891218 -0.0315396 0.0282976 0.158141 -0.288114 -0.191966 -0.113322 -0.0577325 -0.0214525 0.157566
-0.441911 -0.06536 -0.269162 0.081473 0.181947 0.151341 -0.471017 -0.11073 -0.211071 0.087625 0.185494 0.170205
-0.142219 -0.139636 -0.0477185 -0.0190012 0.162342 0.104785 -0.156068 -0.156251 -0.0830075 -0.02291 0.165267 0.08479
0.0806353 -0.279119 -0.271937 0.0940959 -0.182807 -0.0469078 0.0651492 -0.285259 -0.281377 0.0745208 -0.138623 -0.0558975
-0.0969772 0.0706814 -0.082274 -0.0733897 -0.167344 -0.0923883 -0.0982592 0.0674 -0.0877 -0.06181 -0.156923 -0.0903
-0.317726 -0.275881 -0.298461 0.159332 0.0862047 0.0605659 -0.298533 -0.292191 -0.299733 0.184801 0.0741725 0.0713808
-0.283043 -0.566833 -0.419147 0.0272305 0.0255298 -0.0542194 -0.296935 -0.565633 -0.365109 0.0273708 0.0340508 -0.0474317
-0.0690462 -0.150181 -0.139968 -0.00717847 0.0873703 0.0829138 -0.0767842 -0.160657 -0.131774 0.00639 0.0857883 0.0888525
0.00227962 -0.122677 -0.0394024 -0.151735 0.0521205 0.00972697 0.0223517 -0.143495 -0.0171833 -0.135696 0.05947 -0.0337542
-0.163891 -0.144133 -0.159561 -0.149911 -0.0221606 0.0614793 -0.131485 -0.114917 -0.169818 -0.178854 -0.0303333 0.0624633
-0.494099 -0.360099 -0.362362 0.0924901 -0.123957 -0.0315641 -0.480848 -0.341256 -0.353505 0.0771125 -0.117395 -0.0274042
-0.0615443 -0.12624 0.0663898 -0.00538152 -0.120279 0.0108224 -0.0726217 -0.145476 0.0972367 0.0045625 -0.129937 0.00801917
-0.0545989 -0.0825663 0.0679995 -0.00741578 -0.0929463 -0.00254305 -0.0647708 -0.102466 0.09544 -0.00921583 -0.10341 -0.00227917
-0.0143509 -0.0980682 0.0577499 -0.025452 -0.112574 0.0224497 -0.0207433 -0.115321 0.0869942 -0.019245 -0.114593 0.02476
-0.0677656 -0.123732 0.0562141 0.000815557 -0.106683 0.00338752 -0.0752208 -0.143038 0.0848267 0.00131167 -0.11353 0.00353167
-0.0589276 -0.0899437 0.0505118 0.00833333 -0.108093 -0.00450558 -0.0680967 -0.105958 0.0796483 -0.0015575 -0.119738 -0.000808333
-0.0591129 -0.109249 0.0562331 0.0231314 -0.110928 0.018942 -0.073025 -0.128988 0.0883883 0.0243417 -0.117218 0.0144683
-0.0443377 -0.125565 0.0343437 0.00933181 -0.107245 0.00158852 -0.0558025 -0.149269 0.0642467 0.0104517 -0.113157 -0.0007475
-0.0725195 -0.0848261 0.00808801 0.0313592 -0.0849746 -0.0201977 -0.0821308 -0.1039 0.0362892 0.0288075 -0.0938017 -0.02584
-0.0390283 -0.117313 0.0452538 -0.00739344 -0.111079 0.0114989 -0.0567758 -0.140207 0.0741225 -0.00454167 -0.119261 0.0106392
-0.0716669 -0.0909432 0.0346339 0.0290743 -0.100767 -0.000723836 -0.0832125 -0.110202 0.0654258 0.0263467 -0.104412 -0.0026925
-0.0527 -0.0998369 0.065714 0.0122953 -0.0996495 -0.00873985 -0.06881 -0.126423 0.0844858 0.0100192 -0.104032 -0.0086775
-0.0703996 -0.115623 0.0543439 0.00396364 -0.10837 -0.0120751 -0.0770875 -0.130505 0.0858783 0.00191833 -0.11355 -0.0122933
-0.0678573 -0.0655582 0.0170235 0.00403931 -0.0909336 -0.01639 -0.0811833 -0.0924683 0.0424742 0.0030425 -0.101098 -0.0183892
-0.0636912 -0.132159 0.0132223 -0.00622826 -0.104597 -0.000775869 -0.0717592 -0.150486 0.04233 -0.0055375 -0.110354 -9.16667e-06
-0.0238271 -0.102412 0.0553716 -0.000929686 -0.110035 -0.00436034 -0.0379275 -0.127507 0.0804992 0.0039725 -0.115986 -0.00175917
-0.0428556 -0.0997414 0.036703 0.0043897 -0.105616 0.00211257 -0.0553925 -0.116795 0.0668 0.00455667 -0.108775 0.000949167
-0.0575501 -0.10962 0.0894578 -0.000981665 -0.129732 0.00445468 -0.0679242 -0.127829 0.120827 -0.0017525 -0.137328 0.00578833
-0.0698479 -0.102929 0.0375391 -0.0107813 -0.0967062 -0.000314524 -0.0836458 -0.120198 0.0654625 -0.0076925 -0.09909 -0.000410833
-0.0277996 -0.0896423 0.114485 0.0131065 -0.0944951 0.0105157 -0.0380117 -0.104591 0.141087 0.0119708 -0.103125 0.0102667
-0.0699704 -0.115874 0.0423479 0.0152536 -0.107703 -0.0151939 -0.073225 -0.13445 0.0707008 0.0150875 -0.112177 -0.0143917
0.00442838 -0.00683274 0.00196014 0.0237831 0.0201455 -0.00374473 0.0107726 -0.00425454 0.00190142 0.026386 0.0203322 -0.00264667
-0.00337032 -0.0200591 0.00939133 -0.000780966 -0.00806045 0.00869233 -0.000570525 -0.0107267 0.00861299 0.00140207 -0.0126484 0.00599136
0.0365347 -0.00502806 0.0235318 0.00206039 0.00718764 0.00348248 0.0393924 -0.00692614 0.0202886 0.00614352 0.00369287 0.00549836
0.0244889 0.0118985 0.0363355 0.00850438 0.00146906 0.00456598 0.0320556 0.0119918 0.0407844 0.0122108 -0.0010633 0.000976975
0.00930558 -0.0051149 0.012478 0.00571829 0.00441202 0.00944448 0.00874756 -0.00338991 0.0106578 0.00585315 0.00161944 0.0112645
0.0188411 -0.00950242 0.00293634 0.0115664 0.01517 0.00306365 0.0207121 -0.0117441 0.000653858 0.0154934 0.0151395 0.00305972
0.037739 -0.00617546 0.0261332 0.00752975 -0.00567875 -0.00329762 0.0381278 -0.00313457 0.0284231 0.011294 -0.00844019 -0.000760401
0.0103769 0.0175001 0.01737 -0.00646982 0.0102353 0.0087429 0.0120873 0.016513 0.0147503 -0.00372988 0.00265559 0.0100703
0.000314361 0.0050165 0.000157193 0.00795403 0.0233149 0.000361263 0.00307762 0.0072213 -0.00390062 0.0113818 0.0204173 -0.00141753
0.0387407 -0.0203691 0.0313584 -0.00822251 0.00884966 -0.00322655 0.0427277 -0.0105621 0.034741 -0.00886056 0.00410043 -0.00719232
-0.00447372 0.0212041 -0.00862134 0.0122249 0.0160584 -0.0201325 -0.011395 0.0188479 -0.0204082 0.00792673 0.0144756 -0.0226599
-0.0101731 0.00785978 0.0213544 0.0109886 0.00195039 -0.0278126 -0.0164338 0.0132562 0.0108875 0.00543725 -0.000854136 -0.0239883
0.0201976 0.00856638 0.0107343 -0.0245139 -0.0017184 -0.00335326 0.0220528 0.00955806 -0.000411543 -0.0213675 -0.00266664 -0.00295664
0.0043093 0.0199555 0.000337962 -0.000540969 -0.014206 -0.00997503 -0.00414744 0.021355 -0.0120565 -0.00104713 -0.0118784 -0.0102948
-0.0056109 0.0362359 -0.0259899 -0.000488385 0.000384843 -0.0102872 -0.00756377 0.0395621 -0.0405539 -0.00835275 0.000970185 -0.0115412
0.0132214 0.0108001 0.0369094 0.00804014 -0.00338917 -0.013982 0.0057184 0.0130261 0.0292007 0.00954318 -0.00318 -0.0181876
0.00128053 0.00385013 0.00278802 -0.0194072 -0.000595407 -0.0122557 -0.005675 -0.00229068 -0.0106532 -0.0226133 -0.00587673 -0.00911225
0.0131161 0.0387008 0.0233564 -0.018482 -0.00821623 -0.00403529 0.014166 0.0520086 0.0227233 -0.017375 -0.00418392 -0.00488151
-2.86463e-05 0.0142581 0.0290509 -0.0128353 0.0053428 -0.000142489 -0.00106321 0.0117152 0.0264184 -0.0134947 0.0056787 0.00397685
0.0267707 0.0131976 -0.0274683 0.00301825 0.00914193 0.00756692 0.022432 0.0109223 -0.035948 0.000492747 0.00933867 0.00997864
0.0387271 0.0303314 0.0377591 -0.0235188 -0.0121225 -0.0380683 0.0337683 0.0283143 0.0453423 -0.023185 -0.0135189 -0.038331
-0.00742088 0.0174298 -0.0379501 0.0335116 -0.0328775 -0.0194622 -0.00273302 0.0194469 -0.0384284 0.0372158 -0.0356069 -0.0219145
0.0178338 -0.0137836 0.027921 -0.0163161 0.00140248 0.00288436 0.011491 -0.0151122 0.0289255 -0.0127337 -0.000537593 0.00675219
0.00527925 -0.0350422 -0.0192943 0.00679221 -0.0131588 0.0240811 -0.00195059 -0.0379755 -0.0149044 0.0124927 -0.00507213 0.0278448
-0.0244236 -0.00899495 -0.00246113 -0.00843288 0.0197098 -0.00948477 -0.0145046 -0.00982818 0.00745735 -0.00802951 0.0219455 -0.00325494
-0.018297 -0.0259301 0.00708771 0.00919738 -0.000235007 -0.00187892 -0.0275408 -0.0203847 0.0067684 0.00865349 0.00217636 0.00217988
-0.00388175 -0.0120958 -0.0104369 -0.00769895 -0.00656625 -0.0151079 -0.0032467 -0.00676201 0.00294728 -0.0108751 -0.0125534 -0.0200132
-0.0180074 0.0279596 0.0278879 -0.0197311 -0.00905012 0.00316621 -0.0214477 0.0299349 0.0330981 -0.0159515 -0.00398704 0.000751667
0.0132791 -0.00403554 -0.00281704 -0.032259 0.017038 0.00117967 0.00732404 -0.00187917 -0.0107681 -0.0358214 0.0144447 0.00290417
-0.00571977 -0.00627611 -0.0207212 -0.0201882 -0.00106845 0.00859913 0.00415062 -0.0114128 -0.0219444 -0.020538 -0.0021358 0.0101383
0.000115524 0.0046091 0.00741742 0.0112493 -0.00336737 0.0106361 0.00970688 0.00652157 0.0208227 0.00822133 -0.00426772 0.0148597
-0.0834628 -0.0330405 -0.0801336 0.0207344 0.0171323 0.0257344 -0.0875423 -0.0232634 -0.0748507 0.0205991 0.0177617 0.0264688
-0.0317179 -0.0675878 -0.0640998 -0.00888285 -0.0195136 0.0167209 -0.0260311 -0.0604238 -0.0604555 -0.00897966 -0.0150101 0.0164221
-0.024085 0.0248143 -0.0141293 -0.0138359 -0.00790149 -0.00994308 -0.023993 0.0271584 -0.0131498 -0.0147552 -0.0116643 -0.0100645
-0.0513585 -0.0726334 -0.060635 0.040088 -0.00013327 -0.00361272 -0.0495054 -0.0715742 -0.0607449 0.0409456 0.00712562 -0.00203747
-0.0195518 -0.00526698 0.0196285 -0.029812 -0.00923799 -0.00514065 -0.0202329 -0.0100569 0.0144602 -0.0298442 -0.0117426 -0.00916994
-0.0309066 -0.0575523 -0.0497708 -0.0044718 0.00137448 0.00139616 -0.0359428 -0.0472187 -0.0471885 -0.00379583 0.00325435 -0.00267096
-0.0396399 -0.0198811 -0.00540365 -0.0181365 0.0237617 -0.0201967 -0.0373527 -0.0267793 -0.00237568 -0.0179573 0.0361619 -0.0209647
-0.0164328 -0.0069726 -0.00993016 -0.00295745 0.0114471 -0.0329908 -0.0196461 -0.012811 -0.00592469 0.00169713 0.00693667 -0.031278
-0.0345287 -0.00650918 -0.061282 0.033854 0.00383798 -0.0221098 -0.0248515 -0.00370639 -0.0553901 0.0350733 0.00112611 -0.0264313
-0.0298079 -0.0620614 -0.0816225 -0.00699469 0.00956486 0.0123417 -0.0239388 -0.0600663 -0.0777679 -0.00683883 0.0108615 0.00814907
-0.0653122 -0.0730348 -0.0868006 0.0162066 -0.0166094 0.0125736 -0.0563185 -0.0706719 -0.0806169 0.0188746 -0.00973071 0.0150946
-0.0315895 -0.0241688 -0.0115878 -0.0208311 -0.0176405 -0.00250109 -0.0308461 -0.0166096 -0.00216278 -0.0246721 -0.0238167 -0.0111566
-0.0824377 -0.0903989 -0.0688593 0.00829282 0.0218865 0.0219207 -0.0789686 -0.0841971 -0.0704124 0.0169709 0.0246383 0.0255363
-0.0317681 -0.0148663 -0.0360132 -0.000123816 0.0267957 -0.00686488 -0.0252294 -0.0102105 -0.0310358 -0.00248654 0.0198186 -0.0135978
-0.0379679 -0.0280558 -0.0240885 0.0086055 0.0200355 -0.00594356 -0.0390516 -0.029873 -0.0226223 0.00983821 0.0235157 -0.00315519
-0.0877153 -0.0910999 -0.0701882 -0.0279978 0.0270896 -0.0163414 -0.0890736 -0.0818426 -0.0588366 -0.0303984 0.0289928 -0.0162044
-0.058002 -0.0342675 -0.0190014 0.0120289 -0.00311578 -0.000372674 -0.0570414 -0.0319072 -0.0200538 0.0113488 4.53704e-06 0.000288889
-0.0722232 -0.0452428 -0.0720065 -0.00390627 0.025344 -0.00649375 -0.0667989 -0.0334437 -0.0668362 -0.00395478 0.0218551 -0.00915586
-0.0972011 -0.0608619 -0.0420253 -0.0169221 -0.00462793 0.00162191 -0.0876777 -0.0426982 -0.0409027 -0.013476 0.000632747 0.00535336
-0.0258502 -0.0329488 0.0292631 0.0347528 -0.000282691 -0.0130937 -0.0216098 -0.0346136 0.0310817 0.0388051 7.38889e-05 -0.00523139
-0.0580639 -0.0343172 -0.0463142 -0.0282854 -0.00658365 -0.0140972 -0.0594057 -0.0340306 -0.0414671 -0.0325481 -0.00682633 -0.00951046
-0.0383587 -0.102039 -0.0759795 0.00701357 -0.0139328 -0.00806872 -0.0286432 -0.0906676 -0.0783041 0.00414145 -0.0161974 -0.0104641
-0.0627808 -0.0823476 -0.04569 0.0122754 -0.00728207 -0.0268563 -0.0614871 -0.0931138 -0.0426871 0.0129979 -0.0084371 -0.0290848
-0.15138 -0.14196 -0.0851625 -0.000197745 -0.007267 -0.0211952 -0.145634 -0.141528 -0.0804469 0.00324265 -0.0122724 -0.0202817
-0.0992069 -0.0872422 -0.139302 0.00502725 -0.00471809 0.0138345 -0.0932144 -0.0915044 -0.136284 0.00732518 -0.00617654 0.0168471
-0.10042 -0.0803275 -0.0364863 0.00371599 -0.0251691 0.0231244 -0.0967131 -0.0873726 -0.0334314 0.00109404 -0.023371 0.0251351
-0.107329 -0.108486 -0.100802 -0.00510689 0.00981892 0.0351736 -0.107409 -0.108526 -0.0901963 -0.00432673 0.0133203 0.0280894
-0.040726 -0.0633578 -0.0473285 -0.000267371 -0.00522647 0.00175002 -0.0315261 -0.0625411 -0.0558965 -0.00864682 -0.0110602 -0.000453673
-0.0747523 -0.0370165 -0.0866715 -0.00750452 0.0243878 0.00420501 -0.0647966 -0.0280855 -0.0816347 -0.0080512 0.023446 -0.00272716
-0.0719863 -0.140638 -0.100044 -0.0132649 -0.00017599 0.000442868 -0.0738735 -0.134446 -0.0976157 -0.0202052 -0.000544938 0.000867191
-0.109528 -0.123747 -0.0907777 0.00414889 0.0105881 -0.0106637 -0.10864 -0.120511 -0.0882367 -0.00176586 0.00587815 -0.0113053
-0.156874 -0.166197 -0.124419 -0.0120435 0.0260924 0.0438078 -0.158086 -0.166129 -0.122526 -0.0043612 0.0319003 0.0410641
-0.141389 -0.195279 -0.127696 -0.01378 0.0155705 -0.0301755 -0.149023 -0.198661 -0.123165 -0.012495 0.00953481 -0.0298485
-0.0905954 -0.111703 -0.128928 -0.0177837 0.0369683 0.0147646 -0.0819149 -0.107763 -0.119749 -0.0273727 0.0346361 0.0184888
-0.182684 -0.140834 -0.140744 -0.00477862 0.00695879 -0.00733455 -0.185527 -0.131306 -0.132527 -0.0107904 0.0088129 -0.0110017
-0.103745 -0.100639 -0.064501 -0.00595856 0.0177944 -0.00875578 -0.107268 -0.0968129 -0.0641861 3.14815e-05 0.0184203 -0.00983651
-0.158439 -0.080876 -0.041111 0.00623525 -0.0271966 -0.0162601 -0.159243 -0.0790861 -0.037424 0.0106195 -0.0215518 -0.0120208
-0.0867827 -0.0710344 -0.0782101 -0.00415548 0.0334482 -0.0118094 -0.080416 -0.0613715 -0.0814356 -0.00419296 0.0288502 -0.00834812
-0.157059 -0.142266 -0.15933 -0.0125012 0.00179783 -0.0174608 -0.152278 -0.13788 -0.153045 -0.0106124 0.00554025 -0.0219919
-0.142093 -0.0753837 -0.0678913 0.00676414 0.0167327 0.00935361 -0.138619 -0.0729769 -0.0635291 0.0129712 0.0199182 0.018473
-0.241011 -0.190197 -0.173995 0.0115863 -0.00010863 0.0147374 -0.25288 -0.183137 -0.178846 0.0233602 -0.00422191 0.00590661
-0.122834 -0.13553 -0.164922 0.0235369 0.00229805 0.0441947 -0.122734 -0.13936 -0.159413 0.0167293 0.0116912 0.0466281
-0.0974068 -0.105323 -0.0928693 0.00417329 0.0195544 0.0356619 -0.113975 -0.113073 -0.0887861 0.00385213 0.0212781 0.0390209
-0.136068 -0.182437 -0.178151 -0.000627909 -0.0276379 0.0116591 -0.133044 -0.180659 -0.180764 0.000172562 -0.0319749 0.0103548
-0.225478 -0.0978865 -0.1389 -0.00976406 0.022203 -0.0271192 -0.223267 -0.0908062 -0.123429 -0.016475 0.0256628 -0.0278447
-0.0937141 -0.0299879 -0.0912204 -0.032503 0.0488698 -0.0130708 -0.0826455 -0.0171766 -0.0880463 -0.0477732 0.0444273 -0.0213463
-0.163915 -0.191944 -0.169338 0.0330652 0.0135639 -0.00545019 -0.158989 -0.19367 -0.161661 0.0334345 0.0127507 0.000343086
-0.112973 -0.165544 -0.14363 0.0328574 -0.00925665 -0.0299852 -0.128297 -0.16349 -0.14054 0.0274354 -0.0112221 -0.0340176
-0.211531 -0.21672 -0.15573 -0.0252879 0.00430311 -0.00264948 -0.211648 -0.216277 -0.14941 -0.0262359 0.00564583 -0.0130952
0.581352 0.566691 0.502393 -0.0128376 0.00972107 0.0259526 0.596334 0.579761 0.509947 -0.0124962 0.00578605 0.0275787
0.494602 0.462782 0.502701 -0.0119135 0.0179233 0.0239574 0.501996 0.472982 0.488427 -0.00962932 0.0146102 0.0226338
0.482259 0.495032 0.531376 -0.0206825 0.00611719 0.020637 0.486464 0.49701 0.518657 -0.0188474 0.00668449 0.0183625
0.535684 0.497894 0.497633 0.00739902 0.0203135 -0.0053318 0.539541 0.507208 0.481322 0.00734807 0.0300861 -0.00835318
0.505397 0.512891 0.534924 -0.0103145 0.004185 8.64461e-05 0.512243 0.520325 0.515495 -0.009515 0.00785384 -0.000198825
0.491805 0.486055 0.433202 -0.0373539 -0.0334023 0.040901 0.50885 0.495848 0.414903 -0.0356445 -0.0291005 0.0414109
0.487758 0.502927 0.504632 0.0234967 0.00088226 -0.0311212 0.498392 0.523543 0.483945 0.0292656 -0.000373818 -0.0337296
0.556391 0.548437 0.52997 -0.0238116 -0.0174407 0.0234204 0.575362 0.559968 0.507377 -0.0189264 -0.0158505 0.02393
0.518257 0.542246 0.55429 -0.0387624 0.0272866 0.0428835 0.535115 0.553448 0.530728 -0.03963 0.0283006 0.0395456
0.475395 0.497308 0.53038 -0.0186062 0.0390918 0.0134238 0.489804 0.509392 0.507771 -0.0233042 0.0424822 0.0136777
0.498295 0.489405 0.498142 0.0133775 -0.0233455 -0.0123264 0.510091 0.499573 0.468233 0.0121352 -0.0198425 -0.0106548
0.48296 0.520147 0.52406 -0.0142619 -0.0261873 0.032577 0.499542 0.529931 0.499533 -0.0186757 -0.0205583 0.0322176
0.484088 0.478412 0.466053 -0.0075724 -0.0177777 -0.0262064 0.500183 0.491557 0.437291 -0.0124808 -0.017993 -0.0290881
0.513466 0.426894 0.379144 0.00326604 -0.0377207 0.0177401 0.529546 0.43829 0.340629 0.000287188 -0.0359452 0.0164907
0.518957 0.431958 0.478557 0.00335137 -0.00471274 0.006298 0.538656 0.449574 0.442541 0.00809021 -0.0063881 0.0103197
0.527203 0.539846 0.489654 0.000793698 -0.00609666 -0.00628791 0.540908 0.548221 0.464531 0.00531655 -0.00982262 -0.00688488
0.454206 0.448712 0.444491 -0.0109369 0.0299334 -0.0119665 0.464484 0.459231 0.416244 -0.012417 0.0226266 -0.0139518
0.462771 0.458197 0.450765 0.0270556 -0.00374279 0.00180056 0.479056 0.474531 0.432102 0.0235234 -0.00697139 0.00251799
0.455266 0.494343 0.512851 -0.0183012 0.0124726 -0.0119365 0.463353 0.5101 0.493289 -0.0124173 0.0107549 -0.00532955
0.517667 0.517272 0.50953 -0.0211609 0.0109731 0.0017509 0.525729 0.523584 0.47875 -0.0252382 0.00782467 0.000358717
0.535143 0.529439 0.508817 -0.0225596 0.00157162 0.00166144 0.540623 0.541713 0.484638 -0.0177557 0.00241462 0.00222113
0.537557 0.492997 0.481698 0.0075268 -0.0010956 -0.0143217 0.546511 0.498299 0.447078 0.0103927 0.00317047 -0.01526
0.518792 0.494917 0.531533 -0.0109349 -0.00263857 0.00906218 0.53142 0.500724 0.496329 -0.00755113 -0.00359932 0.0119681
0.471427 0.493497 0.471384 0.00579912 -0.0470422 0.00201381 0.480938 0.511619 0.447728 0.00467247 -0.0414949 0.00136644
0.507978 0.500394 0.478673 -0.0407765 -0.00596384 -0.00910251 0.520456 0.512299 0.446583 -0.0386014 0.00368768 -0.00461093
0.420488 0.506624 0.436219 -0.036807 -0.0217633 0.0141381 0.434262 0.518955 0.413327 -0.036378 -0.0166408 0.0142824
0.448404 0.460188 0.449819 -0.0049652 -0.0192455 0.017354 0.464845 0.463451 0.426778 -0.00359926 -0.0193163 0.0166981
0.533492 0.443538 0.434807 0.00628503 -0.0427211 0.0159478 0.54588 0.451185 0.408392 0.00917919 -0.044125 0.0192583
0.497612 0.518409 0.520728 -0.00192305 -0.0308027 0.0133446 0.512109 0.531978 0.486886 0.0013269 -0.0286617 0.01381
0.500411 0.515049 0.495173 -0.0328018 -0.0327815 0.0399411 0.511098 0.52237 0.463088 -0.0297319 -0.0307924 0.0447967
0.509134 0.545987 0.522861 -0.0152947 0.010502 0.0090353 0.521642 0.552766 0.49414 -0.0146166 0.0153201 0.00547787
0.479608 0.498921 0.480891 -0.00147393 0.0162826 0.0152719 0.494798 0.510692 0.450005 -0.0026574 0.0183159 0.0119151
0.405006 0.429906 0.480881 -0.00158354 0.0210719 0.00343156 0.421029 0.439909 0.449746 -0.00213493 0.0261804 0.00357384
0.473728 0.44193 0.529455 0.0136756 -0.00365269 -0.021669 0.485713 0.45283 0.496598 0.00959584 0.00145682 -0.0151579
0.468392 0.502208 0.479705 -0.032781 0.0316755 0.0167291 0.478643 0.516632 0.447118 -0.0285485 0.0339428 0.0276199
0.485889 0.488914 0.484795 0.00277353 0.00115609 0.0193118 0.498671 0.502238 0.456813 0.00255845 -0.00432412 0.0281902
0.504177 0.519464 0.480408 0.0114983 0.00581178 -0.0413159 0.513923 0.532371 0.448777 0.0114585 0.00609933 -0.0401985
0.473159 0.497835 0.452184 -0.0251018 -0.00310602 -0.029751 0.481338 0.510279 0.42477 -0.0287583 -0.00297938 -0.0242143
0.55714 0.496882 0.515983 0.0070675 0.0379774 -0.0149195 0.566596 0.510645 0.486735 0.00362086 0.0353158 -0.0101766
0.526425 0.508975 0.476689 0.029204 -0.00441383 -0.0230713 0.541784 0.524056 0.447728 0.0288399 -0.0056152 -0.0195754
0.430982 0.466755 0.464035 0.0145399 0.0155926 -0.0165502 0.441214 0.474781 0.436288 0.0112695 0.0215295 -0.0116737
0.475482 0.453668 0.470989 0.00592947 0.0301976 -0.0232573 0.477946 0.466229 0.439461 0.0056015 0.0336037 -0.0176479
0.535175 0.496405 0.452767 -0.0155075 0.0149568 0.016325 0.542132 0.509406 0.425428 -0.017647 0.02556 0.014244
0.560006 0.480083 0.541139 0.00530435 -0.028384 -0.0146132 0.574418 0.499356 0.51274 0.00708409 -0.0290044 -0.0164393
0.404823 0.42649 0.408762 -0.00205322 0.0134097 0.0276808 0.412015 0.445659 0.375262 0.000109058 0.0117885 0.0208607
0.461909 0.47994 0.489948 0.0242304 0.00552052 0.00542199 0.468537 0.491436 0.461477 0.0253292 0.0059305 0.00792018
0.512166 0.468437 0.510858 -0.00613316 0.0350062 -0.026186 0.520441 0.47866 0.48747 -0.00924781 0.0365169 -0.0259259
0.523315 0.516861 0.49272 0.0217163 0.000719335 -0.00176745 0.535028 0.515201 0.471548 0.0208646 -0.00487036 -0.00197311
0.386091 0.499891 0.478866 0.0139095 0.0294081 0.00959427 0.398206 0.506128 0.455958 0.0111434 0.0263339 0.0118919
0.433847 0.459082 0.522655 0.0017904 -0.0160475 0.0471713 0.455659 0.471392 0.501883 0.00350457 -0.0120601 0.0531275
0.486726 0.443082 0.469339 0.0277778 0.0214149 -0.0229024 0.503242 0.459107 0.43819 0.025107 0.0297715 -0.0164814
0.448147 0.430672 0.47461 -0.0043325 0.0353442 -0.00914212 0.471172 0.443209 0.440506 -0.00583341 0.0401091 -0.00628539
0.481037 0.422269 0.491734 0.0102953 -0.0173683 0.00288394 0.496688 0.431562 0.459962 0.00973412 -0.019569 0.00119842
0.436517 0.408724 0.431426 0.0250611 0.0256204 -0.00148748 0.456583 0.42497 0.396817 0.017815 0.0265729 -0.0039749
0.493909 0.449392 0.464589 0.00579444 0.00862829 -0.0158704 0.509129 0.470489 0.428815 0.00646476 0.0101783 -0.0191879
0.414541 0.433314 0.419912 0.0226642 0.00804437 -0.0128979 0.435533 0.457982 0.390822 0.0202875 0.0101829 -0.0169859
0.455353 0.470149 0.433712 -0.00265582 -0.0241668 -0.000497983 0.476053 0.486612 0.408721 0.00646751 -0.0226818 -0.00187927
0.441787 0.504431 0.466554 -0.0128361 -0.00543841 -0.0179812 0.456453 0.517509 0.431636 -0.0097893 -0.00438538 -0.0199016
0.502155 0.472218 0.457629 0.0107223 0.0311856 -0.00100054 0.515222 0.489658 0.435429 0.0103241 0.0356842 -0.00486856
0.509823 0.505499 0.529585 0.0137025 0.0319372 0.00871923 0.521217 0.518858 0.507827 0.00764198 0.0302083 0.0111557
0.483498 0.533615 0.448259 0.00872472 8.92262e-05 -0.0124853 0.504821 0.54889 0.42597 0.00620364 -0.000489849 -0.0088934
0.499781 0.476235 0.458642 -0.032872 0.012864 0.00559809 0.511372 0.491444 0.41625 -0.0323028 0.0111877 0.0095386
0.492966 0.488586 0.466462 -0.00255617 0.00905846 0.00619059 0.5076 0.502474 0.438178 -0.00513824 0.0101108 0.00565331
0.528871 0.456883 0.482249 -0.0346928 0.01158 -0.00389474 0.542383 0.477197 0.450971 -0.0324805 0.0125456 -0.000591478
0.476988 0.46846 0.454912 0.00977836 0.0147437 0.0414317 0.487422 0.491111 0.417613 0.0134806 0.0169343 0.0366524
0.577986 0.528029 0.516863 0.0296706 0.00183876 -0.00844424 0.5879 0.548651 0.484694 0.0297043 0.00162256 -0.0139162
0.457603 0.431938 0.388565 -0.00939204 -0.0172528 0.0137924 0.466096 0.453428 0.363898 -0.00788151 -0.0217404 0.00389812
0.514779 0.515771 0.499929 0.00689314 -0.0254476 -0.011511 0.530962 0.537356 0.472194 0.00200855 -0.0286067 -0.0125333
0.488668 0.513364 0.436941 -0.0404701 -0.00135259 -0.00411146 0.499664 0.52825 0.402918 -0.0411319 0.00417357 -0.00515274
0.50643 0.515583 0.488956 0.00996046 0.0175581 -0.0297282 0.522065 0.523457 0.449076 0.0110458 0.0153359 -0.0337362
0.494744 0.480401 0.466983 -0.023491 0.00801298 -0.00639896 0.516342 0.488046 0.436053 -0.0191252 0.0031741 -0.00967488
0.434435 0.456111 0.473386 0.00651466 0.000664841 -0.013037 0.4505 0.469759 0.452881 0.0126881 -0.00119268 -0.0197018
0.485931 0.516208 0.500298 -0.00515494 -0.00113496 -0.00573062 0.497212 0.527929 0.475989 -0.0037669 -0.00091133 -0.0126598
0.456146 0.411936 0.467909 0.0316864 -0.0241983 0.0289212 0.472787 0.422172 0.440634 0.0281877 -0.0173578 0.0204658
0.480469 0.448406 0.423658 0.0192247 0.0515561 -0.0112234 0.490183 0.467166 0.390999 0.0221723 0.0509081 -0.0190734
0.519759 0.462234 0.49316 -0.00121677 -0.00247627 0.027248 0.529429 0.481431 0.464891 0.000226242 0.00414591 0.0291769
0.487158 0.483629 0.463423 0.0416676 -0.00933308 -0.00567927 0.498656 0.499343 0.436234 0.038627 -0.00519376 -0.00406167
0.52251 0.46298 0.475477 -0.01805 -0.0216388 0.00981096 0.54037 0.47739 0.442546 -0.0106226 -0.0233672 0.00785133
0.516752 0.504833 0.479103 -0.00994247 -0.000220824 -0.00282078 0.541177 0.516255 0.454999 -0.00750543 0.00234323 -0.00161899
0.520416 0.526997 0.488107 0.00219994 -0.0412175 0.00444597 0.536441 0.542495 0.455156 -0.000154795 -0.0419589 0.00467779
0.487672 0.474337 0.457115 -0.0471061 -0.00403165 -0.0221522 0.502701 0.488967 0.4244 -0.0469318 -0.00632691 -0.0205669
0.454145 0.473478 0.472251 0.00291673 0.0311879 -0.0148746 0.467391 0.487178 0.446602 0.0058357 0.0342016 -0.0116085
0.531864 0.48559 0.526676 0.00973366 -0.0058865 0.0051319 0.539492 0.49987 0.496092 0.0083294 -0.00511729 0.00647786
0.431779 0.461516 0.444152 -0.0140367 0.00464229 0.00522792 0.449945 0.468917 0.411915 -0.0164343 0.00371753 0.00529228
0.532169 0.529891 0.533077 0.0149692 -0.0146219 0.0149845 0.554796 0.532726 0.503015 0.0115756 -0.016275 0.0134039
0.463522 0.479773 0.423859 0.0218027 0.0160231 -0.00704395 0.487853 0.496664 0.383915 0.0178151 0.0153106 -0.00553769
0.543427 0.515407 0.538857 0.00241445 0.00019295 -0.0120506 0.567523 0.534455 0.501891 0.000857284 0.00573896 -0.0139487
0.537471 0.516545 0.511715 0.00518563 -0.0262583 -0.0198917 0.556507 0.533194 0.479368 0.000558307 -0.0180317 -0.0182169
0.48588 0.522503 0.529877 -0.0711016 -0.00444958 -0.0300513 0.506832 0.535802 0.50126 -0.0707666 -0.000268957 -0.0260002
0.552648 0.499239 0.506896 -0.0263062 -0.0182562 0.00960512 0.570476 0.509754 0.483036 -0.0267341 -0.0233081 0.0152906
0.537507 0.536308 0.605783 -0.0312577 0.00992641 -0.0104309 0.550635 0.54792 0.575141 -0.0297977 0.00832705 -0.00828902
0.504741 0.467415 0.476086 -0.0161695 -0.00217639 -0.0001177 0.52149 0.477768 0.441778 -0.0148055 6.34959e-05 0.00207226
0.513583 0.515759 0.502415 -0.0246803 0.00317683 -0.0173596 0.528817 0.533121 0.469805 -0.0253413 -0.000125908 -0.0148643
0.459197 0.500172 0.441561 -0.00675058 -0.0242143 0.012626 0.470949 0.519959 0.416317 -0.00768026 -0.0293834 0.0175707
0.491116 0.511354 0.509257 -0.0240086 -0.0312387 0.0293379 0.495167 0.519875 0.477542 -0.0299271 -0.0356396 0.0300922
0.520533 0.532345 0.476673 0.0108114 -0.00386633 -0.00720159 0.530518 0.549348 0.445639 0.0101036 -0.00604745 -0.00706794
0.439131 0.44486 0.433739 -0.0277123 0.0112009 0.0155641 0.446404 0.457727 0.400485 -0.0306947 0.0091659 0.013525
0.530534 0.553099 0.463944 -0.0213264 0.0137801 -0.00805041 0.544041 0.565501 0.426561 -0.0227057 0.0185378 -0.0108487
0.50624 0.506033 0.52058 0.0352344 -0.0386632 -0.0340017 0.523756 0.520082 0.491315 0.0370108 -0.0342229 -0.030773
0.469693 0.514014 0.53011 0.005381 0.0138238 0.00539185 0.482268 0.52557 0.505157 0.00593785 0.0167002 0.00147044
-0.00703039 -0.0149163 -0.0300161 -0.0270783 -0.0170508 -0.0306406 0.000229814 -0.0153992 -0.0485327 -0.0255029 -0.0135156 -0.0290263
-0.0757455 -0.0961021 -0.0812349 -0.0205308 0.00890041 0.00887107 -0.0623149 -0.087755 -0.0899125 -0.0235767 0.00829478 0.00812907
-0.0985991 -0.0922815 -0.151641 0.00127942 0.0203379 -0.0267442 -0.0875571 -0.0796945 -0.161727 0.00355993 0.0201806 -0.0262755
-0.0557736 -0.0194737 -0.0564364 0.00848181 0.013997 0.0149142 -0.0439916 -0.00738524 -0.0698052 0.00822527 0.0147825 0.0138974
-0.053296 -0.0933973 -0.128419 0.00448186 -0.01437 0.00965208 -0.0381798 -0.0838797 -0.14815 0.00418163 -0.0157196 0.013875
-0.103267 -0.0888867 -0.115707 0.00551883 0.0229786 0.0117428 -0.092125 -0.0690406 -0.130466 0.0103352 0.0207619 0.0138117
-0.129645 -0.0357921 -0.0173588 -0.00604694 0.0111661 0.0179908 -0.116951 -0.0251008 -0.0281814 -0.00375095 0.0144819 0.011195
-0.0852942 -0.0798726 -0.0952317 -0.00120964 0.00811897 -0.0155559 -0.0680021 -0.0638963 -0.10929 0.000509322 0.00626176 -0.0178747
-0.0809746 -0.0901709 -0.114655 0.0280186 0.0118947 0.0272941 -0.0701119 -0.0841545 -0.122141 0.0319762 0.0123179 0.0265374
-0.109347 -0.112894 -0.0658549 0.0150895 -0.0206182 0.0246798 -0.091543 -0.0959842 -0.0736197 0.01774 -0.0224153 0.0216189
-0.0563729 -0.0560318 0.00583043 0.0322067 0.00252676 0.0068937 -0.0412357 -0.0485981 -0.0018942 0.0321789 0.0015692 0.0104597
-0.155898 -0.147697 -0.10746 -0.0174373 0.0238694 0.000313756 -0.141631 -0.135172 -0.116559 -0.015652 0.0251182 0.00506768
-0.0354529 -0.110776 -0.0164535 -0.000162362 -0.0114948 0.00164286 -0.0207263 -0.0956683 -0.0249834 -0.00126892 -0.0153821 0.0055238
-0.0660561 -0.0727817 -0.073667 -0.00534767 0.0156218 -0.0209911 -0.0511007 -0.0570433 -0.0803945 -0.00987437 0.014749 -0.0151101
-0.176963 -0.103275 -0.121624 -0.0147688 -0.0216938 -0.0290424 -0.159986 -0.0802431 -0.112801 -0.0157284 -0.0164161 -0.0296109
-0.0763944 -0.0956094 -0.0840287 0.0437255 0.0428482 -0.00458814 -0.0517508 -0.0664454 -0.0605584 0.0372174 0.0366144 0.00194595
-0.0479973 -0.0449225 -0.128834 0.00451767 0.0134636 -0.0159534 -0.0271151 -0.0269675 -0.107215 0.000299932 0.0152342 -0.0161782
-0.125652 -0.129655 -0.195727 0.00116173 0.0052818 -0.0282687 -0.110626 -0.105268 -0.169847 0.0042911 0.00356569 -0.0233361
-0.171959 -0.123788 -0.101251 0.00590509 -0.0317482 0.0145055 -0.159588 -0.0956225 -0.0649164 0.00546956 -0.0335636 0.0168883
-0.139921 -0.116707 -0.122713 0.0446775 -0.0264741 -0.0113206 -0.103278 -0.0929517 -0.0934532 0.0453087 -0.0203196 -0.00802464
