-3.56462 -3.56465
-3.55498 -3.55619
-3.55398 -3.55295
-3.56653 -3.5667
-3.55895 -3.55741
-3.54971 -3.54908
-3.55851 -3.55765
-3.56339 -3.56288
-3.56052 -3.56001
-3.5616 -3.56102
-3.56357 -3.56286
-3.5526 -3.55275
-3.55731 -3.55745
-3.55448 -3.55563
-3.56713 -3.56705
-3.55973 -3.56066
-3.55311 -3.55491
-3.55595 -3.55678
-3.57032 -3.56991
-3.55005 -3.54975
-3.56008 -3.55986
-3.54786 -3.54909
-3.56012 -3.56082
-3.55859 -3.5589
-3.55601 -3.55581
-3.54566 -3.54614
-3.55136 -3.55044
-3.558 -3.55806
-3.56158 -3.56024
-3.55349 -3.55427
-3.55822 -3.55649
-3.55549 -3.55585
-3.55513 -3.55368
-3.554 -3.55308
-3.55596 -3.55522
-3.55483 -3.55444
-3.56077 -3.55869
-3.55733 -3.55606
-3.54822 -3.5469
-3.55222 -3.55237
-3.54878 -3.55065
-3.55661 -3.55754
-3.55287 -3.55305
-3.55928 -3.55922
-3.55421 -3.55308
-3.55716 -3.55809
-3.56069 -3.56188
-3.55463 -3.55403
-3.56858 -3.56965
-3.56129 -3.56095
-3.54822 -3.54768
-3.58423 -3.58363
-3.50701 -3.50511
-3.56861 -3.56857
-3.49182 -3.4927
-3.55692 -3.55583
-3.52334 -3.52373
-3.60128 -3.60236
-3.5429 -3.54134
-3.52962 -3.52764
-3.57344 -3.57474
-3.5607 -3.56175
-3.49783 -3.49719
-3.60136 -3.60159
-3.59366 -3.59293
-3.58495 -3.58376
-3.55416 -3.55685
-3.52449 -3.52584
-3.58121 -3.57888
-3.58868 -3.59102
-3.61532 -3.61536
-3.58654 -3.58632
-3.4963 -3.497
-3.62059 -3.62179
-3.46443 -3.4647
-3.64357 -3.64397
-3.64072 -3.64046
-3.63873 -3.63846
-3.63525 -3.63486
-3.64166 -3.64144
-3.63877 -3.63831
-3.64467 -3.64456
-3.64205 -3.64245
-3.64538 -3.64557
-3.63605 -3.63548
-3.64437 -3.64433
-3.62151 -3.62093
-3.64525 -3.64545
-3.63299 -3.63244
-3.6414 -3.64115
-3.63416 -3.63376
-3.62568 -3.62511
-3.64421 -3.64415
-3.64483 -3.64484
-3.64447 -3.64444
-3.64517 -3.6452
-3.62658 -3.62601
-3.64472 -3.6446
-3.62228 -3.62167
-3.64361 -3.64407
-3.69212 -3.69201
-3.69159 -3.69223
-3.68879 -3.68965
-3.69139 -3.69172
-3.69145 -3.69207
-3.68845 -3.68954
-3.69066 -3.69091
-3.69052 -3.6907
-3.69016 -3.69107
-3.69026 -3.69065
-3.68698 -3.68617
-3.68705 -3.68604
-3.68403 -3.68467
-3.68344 -3.68284
-3.68519 -3.68511
-3.6841 -3.68437
-3.68476 -3.68461
-3.68254 -3.68253
-3.68385 -3.68419
-3.68419 -3.68476
-3.66371 -3.66445
-3.66798 -3.66706
-3.66262 -3.66317
-3.66927 -3.66953
-3.66799 -3.66865
-3.65741 -3.65656
-3.66371 -3.66261
-3.66769 -3.6669
-3.66464 -3.66405
-3.66501 -3.66496
-3.63371 -3.63324
-3.63457 -3.63431
-3.63288 -3.63221
-3.63842 -3.63822
-3.631 -3.63078
-3.6324 -3.63287
-3.63506 -3.6342
-3.6323 -3.63205
-3.63779 -3.63644
-3.63222 -3.63241
-3.60943 -3.6095
-3.6078 -3.60616
-3.61419 -3.6143
-3.60429 -3.60562
-3.60522 -3.60363
-3.60942 -3.60923
-3.5982 -3.5979
-3.6068 -3.60588
-3.60619 -3.60528
-3.60739 -3.60836
-3.58779 -3.58561
-3.58192 -3.58053
-3.57827 -3.5779
-3.59092 -3.59024
-3.5809 -3.5815
-3.5866 -3.58725
-3.57817 -3.5774
-3.58474 -3.58487
-3.5838 -3.58417
-3.58269 -3.58245
-3.55408 -3.5527
-3.56263 -3.56279
-3.56485 -3.56319
-3.56331 -3.56282
-3.55951 -3.5591
-3.56066 -3.56373
-3.56519 -3.56446
-3.56655 -3.56624
-3.5629 -3.56266
-3.55283 -3.55146
-3.53699 -3.5368
-3.53915 -3.54054
-3.53333 -3.5332
-3.52381 -3.52081
-3.53579 -3.53491
-3.5467 -3.54567
-3.5384 -3.53744
-3.5393 -3.53785
-3.54027 -3.53913
-3.60962 -3.60873
-3.61553 -3.61556
-3.62017 -3.61972
-3.62146 -3.62021
-3.6158 -3.61476
-3.62796 -3.62849
-3.6195 -3.61793
-3.62131 -3.62132
-3.62281 -3.62409
-3.61799 -3.61784
-3.61486 -3.61665
-3.61876 -3.62045
-3.61162 -3.61423
-3.62137 -3.62224
-3.61486 -3.61494
-3.60999 -3.61106
-3.60364 -3.60534
-3.6128 -3.61362
-3.61782 -3.61873
-3.61705 -3.61826
-3.5543 -3.55547
-3.61804 -3.61778
-3.56859 -3.56731
-3.57177 -3.57096
-3.56892 -3.56911
-3.56688 -3.56676
-3.61224 -3.61263
-3.61771 -3.61761
-3.61682 -3.61777
-3.57062 -3.56946
-3.61544 -3.61499
-3.61396 -3.61343
-3.61972 -3.61973
-3.57018 -3.5698
-3.61988 -3.61919
-3.61692 -3.61646
-3.61515 -3.61492
-3.57479 -3.57367
-3.56805 -3.56863
-3.56822 -3.56844
-3.56559 -3.5648
-3.5601 -3.55953
-3.61072 -3.61089
-3.56577 -3.56721
-3.56738 -3.56812
-3.60914 -3.61032
-3.56482 -3.56716
-3.56641 -3.56731
-3.60541 -3.60646
-3.56308 -3.56265
-3.61141 -3.61154
-3.5676 -3.56878
-3.56489 -3.5645
-3.61213 -3.61308
-3.60854 -3.60912
-3.62137 -3.62385
-3.61681 -3.6177
-3.609 -3.6103
-3.56182 -3.56416
-3.56373 -3.56435
-3.61159 -3.61397
-3.57387 -3.579
-3.66106 -3.65593
-3.59083 -3.58755
-3.69539 -3.69479
-3.6042 -3.60097
-3.60307 -3.60358
-3.676 -3.67396
-3.60419 -3.60538
-3.69773 -3.69821
-3.59713 -3.59762
-3.60377 -3.60208
-3.59431 -3.59805
-3.68908 -3.68833
-3.62704 -3.62704
-3.69078 -3.69234
-3.60254 -3.60453
-3.69679 -3.69627
-3.57404 -3.57539
-3.60219 -3.59698
-3.59958 -3.60023
-3.58869 -3.59396
-3.59803 -3.60285
-3.58494 -3.58734
-3.57623 -3.57166
-3.56546 -3.56685
-3.59268 -3.59613
-3.58874 -3.59523
-3.56691 -3.56705
-3.59026 -3.58785
-3.61836 -3.62263
-3.70149 -3.70189
-3.70193 -3.70229
-3.70073 -3.70057
-3.7024 -3.70236
-3.69837 -3.69833
-3.70015 -3.70057
-3.70287 -3.70343
-3.69948 -3.69952
-3.70225 -3.70293
-3.7012 -3.70131
-3.70223 -3.70252
-3.70246 -3.70286
-3.69886 -3.69955
-3.70286 -3.70361
-3.70256 -3.7028
-3.70291 -3.70355
-3.70201 -3.70224
-3.70336 -3.70389
-3.69854 -3.69861
-3.70235 -3.70313
-3.69111 -3.69161
-3.68778 -3.68858
-3.69134 -3.69212
-3.69039 -3.69042
-3.68971 -3.68982
-3.69059 -3.69047
-3.68847 -3.68915
-3.69034 -3.69159
-3.69188 -3.69292
-3.6888 -3.68905
-3.68611 -3.68643
-3.68445 -3.6841
-3.68332 -3.68327
-3.68607 -3.68587
-3.68469 -3.68525
-3.68287 -3.68283
-3.68589 -3.68629
-3.68395 -3.68439
-3.68435 -3.68411
-3.68237 -3.68323
-3.66753 -3.66818
-3.66454 -3.66368
-3.66717 -3.66672
-3.6619 -3.66137
-3.66501 -3.66381
-3.66499 -3.66509
-3.66239 -3.66216
-3.66321 -3.66339
-3.66466 -3.66483
-3.6602 -3.66051
-3.63556 -3.63582
-3.63824 -3.63742
-3.63881 -3.63905
-3.63132 -3.63057
-3.63204 -3.63229
-3.63698 -3.63587
-3.63256 -3.63323
-3.63925 -3.63871
-3.63281 -3.63154
-3.63259 -3.63181
-3.61132 -3.6115
-3.60819 -3.60733
-3.60792 -3.60652
-3.61043 -3.6106
-3.60272 -3.60261
-3.60796 -3.6074
-3.60858 -3.60879
-3.60306 -3.60078
-3.61066 -3.61099
-3.60673 -3.60559
-3.58283 -3.5826
-3.57928 -3.5779
-3.58193 -3.57995
-3.58035 -3.57949
-3.58249 -3.58276
-3.57928 -3.58053
-3.5808 -3.58068
-3.5842 -3.5851
-3.57912 -3.5787
-3.5766 -3.5746
-3.55627 -3.55639
-3.56206 -3.56221
-3.55178 -3.55248
-3.55237 -3.54986
-3.55188 -3.55168
-3.56132 -3.56083
-3.55978 -3.56023
-3.56212 -3.56184
-3.55893 -3.55926
-3.56139 -3.56069
-3.5303 -3.52907
-3.53422 -3.53368
-3.53355 -3.53219
-3.54026 -3.54016
-3.53684 -3.53666
-3.5488 -3.54867
-3.53198 -3.52993
-3.53612 -3.53532
-3.5377 -3.5369
-3.53834 -3.53887
