0.480178 0.446084 0.465763 -0.0335061 0.0477337 -0.038269 0.493853 0.45786 0.472414 -0.0398588 0.0478158 -0.0404388
0.523537 0.472642 0.495759 0.0262404 0.0676443 0.0275192 0.524542 0.458668 0.490102 0.0302711 0.0671501 0.0259524
0.451766 0.530838 0.430253 -0.00996965 -0.00480556 -0.00900548 0.445929 0.528378 0.430916 -0.0161442 0.00245853 -0.0146398
0.449066 0.424401 0.44476 -0.0132133 -0.0439353 0.0374958 0.452919 0.425389 0.437958 -0.0154443 -0.0456882 0.0425336
0.483734 0.469061 0.459005 0.0166283 -0.0215989 -0.0327335 0.498069 0.476984 0.45027 0.0171437 -0.0242755 -0.0440118
0.49156 0.528523 0.531863 -0.0254137 0.00021428 -0.0165678 0.49634 0.532207 0.526141 -0.0211527 0.00426541 -0.0162742
0.37956 0.407383 0.436405 -0.0214444 -0.0207949 -0.0160426 0.379662 0.408609 0.433422 -0.0269522 -0.0146883 -0.0147941
0.362692 0.424104 0.378819 0.00120553 -0.0261459 -0.0252319 0.357203 0.433841 0.387412 -0.00833175 -0.0289762 -0.0272347
0.4659 0.428658 0.465657 -0.0088348 0.02724 0.00226936 0.473086 0.440252 0.464531 -0.00847351 0.0345547 0.00120636
0.43561 0.441598 0.484403 0.00937515 -0.00927286 -0.0478926 0.442545 0.454861 0.486716 0.00938368 -0.00968043 -0.0457941
0.470985 0.452548 0.460518 -0.000510873 0.00289442 -0.0445985 0.477016 0.448772 0.455543 -0.00638043 0.00927012 -0.0418012
0.559577 0.509149 0.471834 0.014396 0.0168423 -0.0089668 0.554521 0.502294 0.463961 0.0126509 0.0156128 -0.0132553
0.46287 0.454282 0.446163 0.00442475 0.014956 0.00713852 0.471427 0.462012 0.440237 0.00683932 0.0121714 0.00178921
0.430076 0.43015 0.47804 0.0222607 -0.00329672 0.00635438 0.431747 0.438046 0.472825 0.0297194 -0.000666469 0.0054045
0.367445 0.365641 0.42121 -0.00134953 -0.0324341 -0.0290898 0.36779 0.372695 0.419539 0.00577564 -0.0375386 -0.0259482
0.425941 0.366919 0.409256 -0.0343334 0.0183936 -0.0359747 0.420799 0.370034 0.405254 -0.0383461 0.0115225 -0.0317232
0.487962 0.463765 0.463798 -0.0135144 -0.0294095 -0.00284002 0.486674 0.469593 0.472349 -0.0198254 -0.0301031 0.0035296
0.448628 0.392154 0.406477 0.0140388 -0.00162158 -0.0404853 0.449739 0.393246 0.413958 0.0134594 -0.00291399 -0.0432313
0.416305 0.340563 0.385838 -0.00786446 -0.0161585 0.0117507 0.407984 0.341726 0.380022 -0.0122662 -0.0115208 0.0138574
0.455761 0.520455 0.445237 -0.00225641 -0.0315659 -0.0273647 0.45288 0.515267 0.442991 -0.0132451 -0.0309982 -0.0307311
0.360172 0.421772 0.492208 0.000142732 -0.00217459 -0.00989283 0.365508 0.425342 0.494485 0.00239638 0.00418316 -0.0163212
0.449018 0.408898 0.432784 -0.0260705 -0.00869262 -0.0230257 0.445978 0.409694 0.427018 -0.0301133 -0.00738495 -0.0260281
0.4161 0.353164 0.439255 0.0217303 0.0425672 -0.0409828 0.41348 0.352254 0.434274 0.0228333 0.044718 -0.0374573
0.442958 0.38575 0.383075 0.0288128 0.0173997 -0.00790413 0.441913 0.386659 0.390883 0.029703 0.0251255 -0.00672989
0.464725 0.502392 0.486079 -0.0457833 0.00881773 -0.0049489 0.461459 0.496764 0.491789 -0.0468247 0.0145941 -0.00609167
0.510378 0.627375 0.490215 0.023818 0.00738778 0.017388 0.511886 0.619125 0.483635 0.0219245 0.0168807 0.0176467
0.513655 0.487422 0.508966 0.0471538 0.0108108 0.00481733 0.5126 0.495605 0.515486 0.0403159 0.00679579 0.00457754
0.46211 0.471688 0.443836 -0.00466197 -0.0346643 0.0228543 0.471124 0.472473 0.448868 -0.00766916 -0.0313196 0.0192235
0.45806 0.447431 0.405648 0.00603108 -0.0389978 -0.00303083 0.467336 0.446957 0.404581 0.00476166 -0.0407844 0.000465671
0.454954 0.4078 0.462029 0.0206885 0.00934413 0.0541263 0.460218 0.400898 0.449966 0.0169888 0.012626 0.0547128
0.436602 0.399539 0.443964 -0.0437872 -0.00563286 0.0131005 0.445083 0.400996 0.443214 -0.0499949 -0.00672582 0.0172438
0.491267 0.450111 0.462783 -0.0520243 -0.00445134 -0.0150598 0.499476 0.446882 0.448508 -0.047705 -0.0130105 -0.0144109
0.456123 0.448327 0.473525 -0.0254592 0.039695 0.0432201 0.453179 0.45177 0.4781 -0.0256168 0.040128 0.046099
0.457837 0.441749 0.445477 -0.0283084 -0.0317794 0.00829272 0.456359 0.428385 0.442856 -0.0317537 -0.0327825 0.00807983
0.500261 0.426892 0.395779 0.0320952 -0.00517424 -0.0200579 0.497803 0.417281 0.390835 0.0301588 -0.00240576 -0.0126719
0.418763 0.439494 0.421448 -0.000989196 0.0157738 -0.0444407 0.410684 0.438268 0.423373 -0.00232603 0.020277 -0.0362753
0.431464 0.347345 0.396477 -0.0188837 -0.0599342 -0.0443151 0.433355 0.359671 0.402355 -0.0132808 -0.0613592 -0.0377653
0.443034 0.396496 0.504535 -0.0245588 0.0255571 -0.0387559 0.430757 0.393689 0.505054 -0.0242779 0.0245665 -0.0426957
0.52054 0.443029 0.58108 0.0262759 -0.00342829 0.0291268 0.512122 0.446255 0.578286 0.0242417 -0.00171864 0.0307368
0.455981 0.403224 0.444834 -0.0420798 0.0102188 -0.0190126 0.454532 0.3987 0.443928 -0.0439254 0.00814646 -0.0208365
0.494487 0.40521 0.465642 -0.013462 0.00381397 -0.0253804 0.495206 0.399635 0.466459 -0.0152428 0.00550806 -0.0283782
0.420329 0.416328 0.458128 0.025127 -0.019567 0.0211103 0.409966 0.412614 0.447323 0.0259103 -0.0157398 0.0268122
0.445486 0.418882 0.463709 -0.00233413 -0.0412047 0.0016619 0.438219 0.419815 0.466068 -0.00710277 -0.033397 0.0037412
0.457975 0.394561 0.369534 -0.0195899 -0.0335285 -0.00846395 0.45598 0.389634 0.386525 -0.0139735 -0.0297842 -0.00928088
0.513155 0.409912 0.469338 -0.0143028 -0.0236604 0.0201956 0.511934 0.41198 0.460957 -0.0101693 -0.0265485 0.0224282
0.409482 0.365371 0.404647 -0.0192698 0.0230301 0.0121062 0.401907 0.356422 0.401654 -0.0214863 0.0199587 0.0172934
0.334468 0.433102 0.40392 0.0302628 0.0533506 -0.0273619 0.325838 0.434839 0.393868 0.030475 0.0485165 -0.0255679
0.426879 0.429472 0.434516 -0.0184591 -0.0243321 -0.027483 0.425209 0.436105 0.440555 -0.00674213 -0.0213253 -0.0290699
0.412013 0.442962 0.404999 -0.0127886 -0.0287595 -0.0129303 0.406738 0.440484 0.400644 -0.00151795 -0.0237232 -0.0195912
0.447046 0.438925 0.408491 -0.0067065 0.00384505 -0.023136 0.457791 0.427964 0.408336 -0.00955828 0.00245516 -0.0279712
0.620925 0.518921 0.718011 -0.286121 0.159677 -0.198109 0.617166 0.523667 0.725763 -0.298269 0.157362 -0.197367
0.515192 0.46466 0.484734 0.0260262 -0.130427 0.119878 0.509941 0.462832 0.484906 0.0193631 -0.120371 0.115618
0.78819 0.556499 0.729825 -0.0957221 -0.224728 0.3198 0.785123 0.572344 0.736852 -0.119461 -0.240382 0.32524
0.497782 0.530914 0.588012 0.254724 -0.199896 0.159198 0.510605 0.54355 0.594224 0.251475 -0.191089 0.158254
0.842101 0.852012 0.863767 0.441354 0.255646 0.195148 0.836354 0.863295 0.86777 0.451099 0.258893 0.22744
0.48927 0.600048 0.533477 0.0697328 -0.159788 -0.212129 0.491213 0.593123 0.533243 0.0716724 -0.165022 -0.200177
0.710684 0.624546 0.703644 -0.174541 -0.101531 0.235248 0.696068 0.621418 0.699333 -0.184953 -0.104967 0.252657
0.423439 0.479781 0.398825 0.0612731 0.0106846 0.128359 0.413968 0.480468 0.385694 0.0551343 0.00904489 0.127714
0.641224 0.730258 0.504839 -0.0648484 -0.225002 -0.0446892 0.646578 0.741584 0.499701 -0.0626769 -0.217289 -0.0458232
0.744301 0.784795 0.635023 -0.0988096 -0.346557 0.310997 0.726805 0.777031 0.615871 -0.0968724 -0.342005 0.319866
0.52103 0.458596 0.586717 -0.0500389 -0.037955 0.0175426 0.513591 0.453142 0.581157 -0.056578 -0.0387897 0.0170067
0.70188 0.526653 0.600407 0.094073 -0.0759147 -0.110533 0.699537 0.514922 0.61953 0.117544 -0.0867119 -0.113126
0.71926 0.893867 0.916779 0.515522 -0.116578 0.0848327 0.727524 0.897878 0.903474 0.507388 -0.11485 0.0942329
0.363484 0.40374 0.383128 -0.00350629 0.0445963 0.238325 0.361558 0.393452 0.391262 0.00138416 0.0375404 0.228664
0.443484 0.475873 0.430664 -0.0968484 -0.14726 -0.0659929 0.464362 0.489569 0.430167 -0.0935728 -0.150541 -0.0594678
0.470433 0.503085 0.435396 -0.0373665 -0.311833 -0.0735082 0.469095 0.497615 0.428782 -0.0320998 -0.308283 -0.0689004
0.492302 0.584282 0.669746 0.254038 0.0544593 0.106471 0.484593 0.594949 0.673017 0.258155 0.0621976 0.0999039
0.639206 0.645225 0.768157 0.103654 0.401275 0.216057 0.635408 0.63742 0.764431 0.0940839 0.399808 0.201613
0.471036 0.559841 0.567073 -0.0562891 -0.127129 -0.0612384 0.469086 0.548924 0.560924 -0.0518175 -0.123895 -0.0647554
0.511611 0.562705 0.408333 0.138591 0.164752 0.143439 0.508601 0.57415 0.390749 0.135736 0.155164 0.129023
0.345906 0.354186 0.364074 0.149756 0.232912 0.0466561 0.353773 0.365553 0.363541 0.1455 0.239491 0.0454981
0.431485 0.52002 0.461387 0.243838 -0.0123185 0.0693073 0.431976 0.517587 0.46149 0.238768 -0.00891074 0.0664818
0.814497 0.710742 0.834524 0.248138 -0.101077 -0.00634594 0.814701 0.723197 0.821493 0.249268 -0.0950929 -0.00500261
0.331646 0.333078 0.355573 0.0244593 -0.0825509 -0.0393483 0.331472 0.335143 0.364124 0.0338027 -0.0796434 -0.0335154
0.990215 0.94586 1.01203 0.0732059 0.102834 0.682748 0.992688 0.932643 1.01163 0.0933144 0.110695 0.685945
-0.176917 -0.177063 -0.171245 -6.17535e-08 9.55422e-09 2.72429e-08 -0.180569 -0.178382 -0.167294 0 -0 0
0.297537 0.293511 0.294751 5.63218e-08 8.64025e-08 -3.20748e-10 0.298517 0.287291 0.295527 0 0 -0
0.352642 0.355196 0.355371 -1.0259e-08 -2.42865e-08 -5.17345e-08 0.345704 0.35287 0.353143 0 0 0
0.437818 0.441399 0.438951 -7.06157e-08 -1.28096e-07 -2.63658e-08 0.433446 0.436348 0.434995 0 0 0
0.248156 0.269514 0.249711 -2.6784e-08 -1.54077e-09 5.77657e-08 0.245588 0.273361 0.242553 0 0 0
0.351255 0.352102 0.350934 -4.21458e-08 7.7844e-10 9.9725e-08 0.355295 0.339796 0.354877 0 0 -0
0.0851144 0.0818419 0.110807 6.73197e-10 -1.33865e-09 -5.74795e-08 0.0774467 0.077032 0.114711 0 -0 0
-0.220752 -0.233198 -0.233277 1.63278e-08 3.60003e-08 -2.5677e-08 -0.2178 -0.240877 -0.240644 0 0 0
-0.0289274 -0.0367537 -0.0366594 -1.4877e-08 2.68932e-08 1.69398e-08 -0.0272056 -0.0380904 -0.0420233 -0 0 0
0.419941 0.417604 0.415019 -3.36474e-08 -1.34988e-08 -3.6315e-08 0.408277 0.424523 0.419767 0 0 0
0.142639 0.140822 0.139039 3.27759e-08 -2.15175e-08 -1.6064e-08 0.142209 0.140022 0.134074 0 0 0
0.68191 0.681638 0.683327 5.11386e-08 -7.46003e-09 1.39639e-07 0.686432 0.681745 0.678839 0 0 0
-0.0589309 -0.0609603 -0.0622821 1.97791e-08 -8.79374e-09 -1.62139e-08 -0.0557185 -0.0569761 -0.0671373 0 0 0
0.481673 0.484157 0.484745 8.28556e-08 -1.79976e-08 2.36661e-08 0.487039 0.491546 0.476499 -0 0 0
0.270762 0.274561 0.271968 2.68431e-08 5.63752e-08 7.73905e-09 0.268408 0.279831 0.27693 0 -0 0
0.46458 0.458817 0.457982 8.11867e-08 8.29548e-08 -1.86798e-07 0.46877 0.451829 0.456885 0 0 -0
0.6174 0.615105 0.615538 2.11989e-08 4.39152e-08 7.96617e-08 0.611581 0.619025 0.620789 0 0 0
0.147121 0.14693 0.154273 4.29612e-08 1.19928e-08 -3.01924e-09 0.145583 0.14326 0.155804 0 0 0
0.108033 0.108843 0.110063 3.82813e-08 -1.08837e-07 1.62306e-08 0.105374 0.108781 0.109133 0 0 0
0.135686 0.135627 0.133289 -5.658e-08 -7.67868e-08 -1.35076e-07 0.134989 0.134875 0.128525 -0 0 0
0.0756574 0.0697097 0.0705037 -3.53032e-08 5.72491e-08 2.61388e-08 0.0769395 0.0660744 0.0716078 0 0 0
0.601131 0.59955 0.602268 6.28011e-08 6.26788e-08 -1.95959e-08 0.607063 0.601643 0.595968 0 0 0
0.0882192 0.0932307 0.112126 -6.60803e-08 1.95263e-08 9.08329e-09 0.0879526 0.0833863 0.115451 0 0 -0
0.67073 0.669658 0.670968 1.15369e-08 -5.97939e-08 6.3387e-08 0.677742 0.668661 0.667298 0 0 0
-0.17353 -0.175425 -0.175997 -1.31089e-08 -1.84573e-08 -2.12056e-08 -0.171204 -0.174475 -0.178621 0 0 0
0.058087 0.0140647 0.0343765 0.00996694 0.012433 0.0145509 0.0589898 0.00687377 0.0314435 0.0105006 0.00748173 0.012436
0.0434751 0.0157674 0.0200746 0.000364659 0.00707317 -0.0139778 0.0418313 0.00548645 0.014592 0.0012484 0.00383685 -0.0121875
0.0177089 0.0191223 0.0364745 -0.00700086 0.0145299 0.00620334 0.00800546 0.0187456 0.0279598 -0.00737083 0.0124776 0.00677049
0.0253787 0.0352399 0.0329279 -0.00901468 0.00442031 0.00256582 0.02106 0.0301729 0.0247506 -0.0046167 0.00201469 0.00753012
0.0236542 0.0136767 0.0127629 0.0161252 0.0279071 -0.00229666 0.0224803 0.00759204 0.00664796 0.0163148 0.0282773 -0.00471497
0.00845739 -0.0121738 0.025784 -0.0120801 -0.00796143 0.00952207 0.000295988 -0.0127507 0.0188854 -0.00950827 -0.0075546 0.013716
0.0458016 0.0252842 0.0362069 0.0100729 0.0115631 0.000492674 0.044642 0.0212311 0.0261276 0.0125274 0.00905799 -1.9321e-05
0.0172123 0.0157831 0.0376965 0.0160063 0.0112283 0.0214564 0.010757 0.00746204 0.0293294 0.0158106 0.0133363 0.022473
0.0374189 0.00630651 0.0259188 0.0051473 0.0189785 0.0185994 0.034228 0.00147444 0.0204877 0.00809497 0.019215 0.0166585
0.017558 0.0170423 0.0226758 0.0211682 0.0018626 0.00678752 0.011399 0.0102531 0.0136956 0.0218155 -0.00190062 0.00915164
0.0400478 0.0520276 0.0185678 0.00160326 -0.00208515 0.00931864 0.0368725 0.0497764 0.00734068 -0.000555864 -0.00249747 0.0117462
0.0181212 0.035445 -0.0191516 0.00132126 -0.0156037 -0.00682871 0.0137578 0.0357153 -0.0235905 0.0027562 -0.0158409 -0.00752938
0.0646751 0.0671034 0.0331178 -0.00614657 -0.00660654 0.0242408 0.0546604 0.0593723 0.0179874 -0.00562738 -0.00599673 0.0284289
0.0624738 0.0227278 0.0380812 -0.0113821 -0.00447354 0.000376541 0.062073 0.0236732 0.0335825 -0.0163966 -0.0114124 0.000507747
0.0712758 0.0763851 0.0464551 0.00225501 -0.00987574 0.0109671 0.0659975 0.0762861 0.0394346 -0.00208636 -0.0099196 0.0116669
0.0363518 0.00201948 0.0042816 -0.0291562 -0.00213042 -0.0218183 0.0328336 0.00685565 -0.00126772 -0.0298 0.00183991 -0.0204346
0.0389274 0.0231187 -0.00580457 0.0139312 0.0126537 -0.00506423 0.0294669 0.0276381 -0.0177429 0.01374 0.0100376 -0.00692182
0.012296 0.00158801 -0.0225162 -0.0187497 0.010357 -0.00408035 0.0082737 0.00793383 -0.0243486 -0.0167428 0.0095742 -0.00548839
0.00516906 0.0409001 0.0124451 0.00735383 -0.0289913 0.00425012 -0.00159426 0.0431426 0.00590086 0.00328645 -0.0304928 0.00170179
0.00445331 0.0437118 0.000568586 0.00271629 0.00554181 0.00418358 -0.00159849 0.0512565 -0.00376784 -0.000330802 0.00354043 0.00687404
-0.00170546 -0.0107866 -0.0112648 -0.00860951 0.0130275 0.0207332 -0.00809089 -0.00696787 -0.0129518 -0.00982571 0.0161883 0.0204187
-0.0156458 0.011187 -0.005668 -0.0374236 0.00742642 0.00715646 -0.0158464 0.00726324 0.00153506 -0.0390613 0.00422988 0.0120871
0.0162935 -0.00373173 -0.0300525 -0.0336596 -0.0191767 -0.000211338 0.0184413 -0.00346614 -0.0276514 -0.0388461 -0.0172206 0.00504358
-0.00838925 -0.019442 -0.0373461 0.0191547 -0.0177242 -0.00247428 -0.0116021 -0.0136703 -0.0456799 0.0191284 -0.0155466 -0.0020971
0.00284535 -0.00839667 0.0220518 -0.01683 0.0215705 -0.0173506 0.00717713 0.00469982 0.0227665 -0.00823105 0.0166307 -0.0197132
0.00486694 0.00767056 0.00596565 -0.0225107 0.00440549 0.0246206 0.00295694 0.00427938 0.00923293 -0.0272297 0.00158747 0.029684
0.00243232 -0.00210737 0.0319792 -0.0123728 -0.0127806 -0.00778391 -0.00808111 0.00187596 0.0339569 -0.0123669 -0.0148798 -0.00559438
-0.0361 -0.00946242 -0.0420652 0.0156927 -0.0021272 0.0338454 -0.0339301 -0.0102894 -0.0416294 0.0205274 -0.00283731 0.0313291
-0.000147996 -0.0158032 -0.0133836 0.00676394 0.00632666 -0.00077432 -0.00448071 -0.0113041 -0.00480401 0.00335049 0.00305006 0.00145935
0.0288744 -0.00100822 -0.0109233 0.00196257 0.00957131 0.0187843 0.0359829 -4.78395e-06 -0.00260512 0.00297469 0.0056904 0.017887
0.0108712 -0.0209273 -0.00200885 -0.0226067 -0.00602905 -0.0443271 0.0112759 -0.0167811 0.0109463 -0.0222157 -0.00790349 -0.0462465
-0.0197025 -0.0639252 -0.0128468 0.0185767 -0.00201241 -0.0133512 -0.0155415 -0.0659603 -0.0100511 0.0137789 -0.00573306 -0.0170389
-0.0434093 -0.0429305 -0.0512567 -0.0234154 0.00311687 -0.00680069 -0.0449921 -0.03348 -0.0437763 -0.0229574 0.0059187 -0.00718593
-0.0102875 0.0187046 -0.0731908 0.00591264 -0.00655139 0.00690331 -0.00939586 0.0276563 -0.0779335 0.00480454 -0.00370525 0.00931762
-0.00438291 -0.057494 -0.0216982 0.00634809 0.00919622 -0.00664556 0.00781809 -0.0580479 -0.0163735 0.00320346 0.00812574 -0.00400725
-0.000548976 -0.0518734 0.0153519 0.0015453 0.0301898 -0.0233666 -0.000916636 -0.0398777 0.0128827 -1.7284e-05 0.030324 -0.0222268
0.00460562 -0.0379831 -0.0493023 0.0401572 -0.00666895 0.0134336 0.00353105 -0.0339527 -0.0395275 0.0465723 -0.00855383 0.0132847
-0.0325523 -0.0408898 0.000727437 -0.00294513 0.0166049 -0.0267315 -0.0256402 -0.0337501 0.0115559 0.00111812 0.00983293 -0.0235534
-0.0414454 -0.039729 -0.00706191 -0.0205174 0.0011138 -0.00482264 -0.0444696 -0.0331845 -0.00512031 -0.0181285 0.00939793 0.00227509
0.00802438 -0.0126897 -0.0173952 0.0267502 0.0217816 1.05177e-05 0.0122911 -0.0145377 -0.0175768 0.0231096 0.0282186 -0.00681895
-0.0646136 -0.0631618 -0.0572296 -0.00471744 0.0112921 0.0160869 -0.0615946 -0.0581871 -0.0521398 -0.00697312 0.013734 0.0162102
-0.0161716 -0.0240794 -0.037691 -0.0425199 0.026702 0.00185686 -0.0139724 -0.0224233 -0.033275 -0.0386177 0.0255622 0.00775867
-0.0773656 -0.0861386 -0.0684804 -0.0258985 -0.00507859 -0.0277077 -0.0711567 -0.0847544 -0.0706285 -0.0292126 -0.00696725 -0.030828
-0.0542905 -0.0959094 -0.0766473 -0.00257907 0.00901693 -0.00278552 -0.0462549 -0.082917 -0.0692941 0.00321515 0.00461793 -0.00892309
-0.0610607 -0.0116828 -0.0487362 -0.000623858 -0.0153103 0.0145146 -0.059473 -0.00917052 -0.0466552 -0.00155401 -0.0197984 0.0193471
-0.0505195 -0.0523979 -0.0614272 0.0074501 0.0253339 0.00811411 -0.0425927 -0.0546525 -0.0596395 0.0129505 0.0299786 0.00191287
-0.00851172 -0.058255 -0.0358627 -0.0099101 0.00254985 -0.0063353 -0.0091316 -0.0582795 -0.0371293 -0.00684244 -0.00184333 -0.00708839
-0.0960672 -0.128571 -0.0557755 -0.0192823 -0.00673915 -0.0161852 -0.0976726 -0.130068 -0.0476364 -0.0219824 -0.00536225 -0.0163311
-0.0652177 -0.0189349 -0.095934 0.0080219 -0.0068957 0.0168949 -0.053798 -0.0103526 -0.0966905 0.00627216 -0.00859679 0.0173787
-0.03758 -0.0269606 -0.0029053 0.0101152 -0.0315974 0.00241537 -0.0365791 -0.0193383 -0.00234843 0.00811361 -0.0259255 0.00215509
0.0332323 -0.0401672 -0.0305321 0.032859 0.0141016 0.0348879 0.0315991 -0.0407389 -0.0239172 0.0372939 0.0170623 0.0399379
-0.107079 -0.110838 -0.0907156 0.0188577 0.0179074 0.0283826 -0.0982314 -0.104362 -0.0844532 0.0167847 0.0194419 0.0320552
-0.0899778 -0.107137 -0.125115 0.0119419 0.000259648 -0.0241847 -0.0764505 -0.103682 -0.119289 0.0125451 0.00913142 -0.0215874
-0.128903 -0.154929 -0.127263 0.0158989 0.0344322 -0.00813277 -0.121005 -0.155259 -0.128729 0.012803 0.0373716 -0.00949386
-0.0698368 -0.0289532 -0.0943571 -0.0699525 -0.0179001 -0.0173031 -0.0627573 -0.0427374 -0.0955433 -0.0726768 -0.0103589 -0.0103661
-0.0633602 -0.0295571 -0.0410243 0.016571 0.0115992 -0.0231971 -0.051714 -0.0270242 -0.0422779 0.0120276 0.00906463 -0.0204198
-0.0471664 -0.0907013 -0.0518714 -0.00678324 -0.0115652 -0.00284553 -0.0464483 -0.0883288 -0.0451871 -0.008705 -0.0119071 -0.00804213
-0.0876724 -0.146987 -0.133868 -0.0390402 -0.0280448 0.0136735 -0.0862865 -0.135133 -0.134606 -0.0396731 -0.0277632 0.0193626
-0.100975 -0.10838 -0.109048 0.0623533 0.00367996 0.0124985 -0.097168 -0.107299 -0.101869 0.0628973 0.00551676 0.0116084
-0.104601 -0.106224 -0.0776398 -0.00653931 0.0182487 0.0179269 -0.0976177 -0.0985034 -0.0849998 -0.00319481 0.0253124 0.0225834
-0.142836 -0.111794 -0.123057 -0.00206379 -0.0139989 0.036567 -0.149075 -0.12241 -0.128136 0.000764105 -0.00835651 0.0383102
-0.137637 -0.147429 -0.1641 -0.00452406 -0.00507993 -0.0216597 -0.137398 -0.148749 -0.161613 -0.0103903 -0.0034084 -0.0173139
-0.0585658 -0.0797294 -0.0954425 0.0047542 -0.00971153 -0.0480249 -0.0627407 -0.0824413 -0.0998809 0.00216605 -0.0106328 -0.0595544
-0.0621094 -0.0955178 -0.114325 0.000345735 -0.0223856 0.0111394 -0.0522292 -0.0978895 -0.116938 -0.00169315 -0.0317363 0.0117735
-0.103055 -0.0452751 -0.0494558 0.0573743 -0.0432757 0.0223165 -0.113055 -0.0478672 -0.055598 0.0555473 -0.0499502 0.0256529
-0.12249 -0.153458 -0.125742 -0.0280535 0.010553 -0.00890544 -0.130505 -0.163601 -0.121842 -0.021273 0.0147398 -0.0105468
-0.174151 -0.182475 -0.184372 0.00941623 0.0222179 -0.0018197 -0.186758 -0.176423 -0.184392 0.00472222 0.0216104 -0.00609488
-0.158332 -0.13859 -0.155771 -0.0266478 0.012145 0.00186301 -0.159005 -0.133997 -0.154103 -0.0274713 0.0212327 0.00269574
-0.125332 -0.070653 -0.149836 -0.0291059 0.018593 -0.00810503 -0.122617 -0.0695567 -0.142957 -0.0306701 0.0210315 -0.0112802
-0.0581812 -0.120444 -0.13249 -0.0284002 0.0302711 0.0202604 -0.0549875 -0.119837 -0.125124 -0.0251728 0.033267 0.0204937
-0.102295 -0.118127 -0.108843 -0.0281202 0.00349099 0.0345177 -0.106177 -0.120741 -0.105228 -0.0325649 0.00486306 0.0400757
-0.0998571 -0.108519 -0.12132 -0.00535099 0.0491814 -0.0129343 -0.0957208 -0.116043 -0.117 -0.00730077 0.0514701 -0.0148898
-0.0754939 -0.1243 -0.120809 -0.00706254 0.0120786 0.032132 -0.0755487 -0.122246 -0.127714 -0.00967707 0.019948 0.0304683
-0.102607 -0.103989 -0.131811 0.00642926 0.00945157 -0.0293121 -0.0939652 -0.096089 -0.115513 0.00396235 0.0106531 -0.033116
-0.101245 -0.0774698 -0.084235 -0.000524887 0.00867249 0.00682539 -0.118866 -0.0817173 -0.0926 -0.000605926 0.0059875 0.00191275
-0.110801 -0.0984341 -0.111924 0.00561667 -0.0208414 0.0118927 -0.109459 -0.0987809 -0.109453 0.00627491 -0.0248546 0.0127736
-0.118884 -0.109212 -0.118261 -0.0276174 -0.00630654 0.00812831 -0.138115 -0.113039 -0.128209 -0.0283837 -0.00631293 0.0115581
-0.0950825 -0.157131 -0.0812823 0.0535607 -0.000677764 0.00150618 -0.0998301 -0.165629 -0.0828882 0.0565148 0.0107544 0.00488546
-0.0750567 -0.179782 -0.116294 0.0147575 0.0300299 0.027634 -0.0879805 -0.184763 -0.122978 0.024135 0.0281468 0.028348
-0.0706386 -0.0792944 -0.0885463 0.0126893 -0.0193647 -0.0156233 -0.0608561 -0.0693584 -0.103801 0.0190128 -0.0208477 -0.0171945
-0.0583825 -0.0755748 -0.0640294 -0.00591924 -0.0224411 0.0110947 -0.0526782 -0.0652453 -0.0836053 -0.00318254 -0.0221306 0.00580778
-0.0836471 -0.0289428 -0.0842447 0.0298702 0.00558796 2.46339e-06 -0.0734231 -0.0155524 -0.0943847 0.0313115 0.0068789 -0.00369346
-0.0650306 -0.0626316 -0.0426229 -0.0105148 0.0327842 0.0122498 -0.0540392 -0.050038 -0.0543705 -0.00938639 0.035995 0.0131634
-0.0425267 -0.02847 -0.0695635 -0.0059597 -0.0151147 -0.0114685 -0.031921 -0.0141516 -0.0787643 -0.00871024 -0.0163446 -0.0144784
-0.0647609 -0.0692599 -0.0491482 -0.0183851 -0.0184533 0.0191004 -0.0469187 -0.0495752 -0.0571619 -0.0261446 -0.0184393 0.0221124
-0.0417354 -0.0402101 -0.0483899 0.00953648 -0.00279618 0.0273022 -0.0288217 -0.0323493 -0.0570982 0.00899315 -0.00916729 0.0289138
-0.0883463 -0.0906852 -0.0797271 -0.00832567 -0.021875 -0.0142227 -0.0829756 -0.0843331 -0.0987348 -0.00964671 -0.0160315 -0.0159609
-0.0436003 -0.094423 -0.075611 -0.0214865 -0.0339735 -0.00138521 -0.0313403 -0.0831655 -0.0866696 -0.0218483 -0.0346473 -0.00384761
-0.0634788 -0.0826163 -0.0737192 -0.00195321 0.00370447 -0.00417689 -0.0581441 -0.0750213 -0.0879067 0.00296839 0.00205503 -0.00806948
-0.0665454 -0.0430895 -0.0224573 -0.00309448 0.00266937 -0.0119997 -0.0505039 -0.038622 -0.0365201 0.000119765 0.000661258 -0.0121731
-0.0680706 -0.0910825 -0.0544766 0.00627647 -0.00474472 0.00198458 -0.0534149 -0.0837075 -0.0604759 0.00337012 -0.00628669 0.00324294
-0.0547896 -0.0504428 -0.0584212 0.00746325 0.019784 0.00391067 -0.0437793 -0.0412955 -0.0717154 0.0122682 0.0212648 0.0047072
-0.0404741 -0.0479823 -0.0650534 -0.0130955 -0.0160242 0.00206458 -0.0270905 -0.0332534 -0.0852488 -0.0131154 -0.0187126 0.00696146
-0.0742064 -0.089693 -0.0577604 -0.000777534 -0.0126494 -0.0218446 -0.0646972 -0.0816633 -0.0715811 0.00198059 -0.0102634 -0.0252649
-0.110119 -0.053676 -0.0668718 -0.00119037 0.0363139 -0.008491 -0.0975364 -0.039704 -0.0755421 0.000252215 0.0392077 -0.00682149
-0.0724992 -0.0639924 -0.0853102 -0.00543401 0.00287381 -0.021691 -0.0612711 -0.0519991 -0.095697 -0.00440956 0.000431493 -0.0219118
-0.0331533 -0.0139615 -0.0424838 0.0109074 0.00388948 0.00301063 -0.0172193 -0.00230503 -0.0510868 0.00884898 0.00445274 0.000348792
-0.0738392 -0.0321573 -0.0442391 0.00994348 -0.0124792 -0.000891317 -0.0651707 -0.018211 -0.0572321 0.0102285 -0.0138297 -0.0013894
-0.0681047 -0.0614281 -0.0738026 0.0203363 -0.00677199 0.0137575 -0.0528861 -0.053936 -0.0905693 0.0204531 -0.00257836 0.00979148
0.534284 0.472746 0.48697 0.0162872 0.04477 -0.0499931 0.538544 0.465549 0.480832 0.00834161 0.045554 -0.0515612
-0.0519978 -0.00444989 -0.0168696 -0.00432376 0.0399592 0.0126564 -0.0421881 -0.000358085 -0.0292978 -0.00830434 0.038829 0.00906364
-0.115482 -0.0996648 -0.0936079 0.0021821 0.00761525 0.00618314 -0.102653 -0.0930504 -0.114611 0.00216929 0.00581707 0.00804939
-0.0709319 -0.10609 -0.0777417 -0.0183639 0.00865893 -0.0101127 -0.060483 -0.097054 -0.0915854 -0.013576 0.00794771 -0.00750159
-0.0577492 -0.0174317 -0.0575978 0.0171369 -0.000721627 0.028944 -0.0560363 -0.00954831 -0.0738864 0.00805475 0.00170108 0.0248694
-0.0523391 -0.0599967 -0.0985788 0.0133145 0.0193462 -0.00752171 -0.0404444 -0.0469416 -0.118592 0.0168758 0.0151697 -0.00758081
-0.0604427 -0.0467023 -0.0875958 0.00841778 -0.00280783 0.0152597 -0.0487791 -0.0340497 -0.0994129 0.00670117 -0.00224495 0.0191443
-0.0571769 -0.0483875 -0.0424473 -0.00853272 -0.017027 -0.00600477 -0.0454491 -0.0337124 -0.0601011 -0.00937471 -0.0211818 -0.00435332
-0.061128 -0.0798645 -0.055385 0.00910405 -0.00350272 0.00262797 -0.0560879 -0.0715934 -0.0717978 0.00613224 -0.00254892 0.00138593
-0.0932999 -0.0825724 -0.0984658 -0.0123853 -0.00474211 -0.0128668 -0.0873404 -0.0758509 -0.120255 -0.010506 -0.0106237 -0.0148833
-0.0710934 -0.0478004 -0.100931 0.00986977 0.00620619 0.010433 -0.0568148 -0.0413345 -0.116476 0.00838808 0.00604769 0.0115322
-0.00830234 -0.0376247 -0.0410862 0.0011912 7.89049e-05 -0.0227424 0.00631254 -0.0337049 -0.0508038 0.00416537 -0.00604178 -0.0215748
-0.0243932 0.0112644 -0.018497 0.00584434 0.0115649 -0.00626187 -0.0107051 0.0181559 -0.0289141 0.00876556 0.0168128 -0.00341144
-0.113971 -0.0725834 -0.0965842 0.0266759 0.0181761 0.014202 -0.101682 -0.0591521 -0.108892 0.0243551 0.0215297 0.0151112
-0.0273342 -0.0471392 -0.0404133 -0.000666423 -0.0109801 -0.0152827 -0.0201516 -0.0343122 -0.0519214 0.00369863 -0.0125373 -0.0143257
-0.0646491 -0.0383569 -0.050911 -0.020888 0.00420459 -0.00348157 -0.0513636 -0.0279149 -0.0629859 -0.017045 0.0117761 -0.00136241
-0.0362718 -0.0386244 -0.0278204 -0.00573455 0.0106569 0.0216719 -0.0284642 -0.0272115 -0.0446773 -0.0039519 0.00945614 0.0236763
-0.0704259 -0.0369255 -0.0731875 0.034903 0.0269152 0.00788419 -0.0602203 -0.0244213 -0.089891 0.0340765 0.0278204 0.0102239
-0.047626 -0.0343113 -0.0332594 -0.0197445 -0.0153956 0.0138819 -0.041164 -0.0200584 -0.0472636 -0.0145112 -0.0171221 0.015691
-0.0680104 -0.052525 -0.0718103 0.00766841 0.000685263 0.0261596 -0.0682399 -0.0452909 -0.09998 0.00576166 0.00184785 0.0227197
-0.0752727 -0.0552356 -0.121048 0.0255617 -0.00677713 0.00504232 -0.0597771 -0.040957 -0.143437 0.02789 -0.00116075 0.00204097
-0.0345597 -0.0818946 -0.0710845 0.00731128 0.00364124 -0.00754591 -0.0209619 -0.069412 -0.0901096 0.00461743 0.0012648 -0.0152171
-0.0689601 -0.0639406 -0.0560276 -3.87955e-05 -0.0166998 -0.0170694 -0.0490534 -0.0559447 -0.0707865 -0.00462775 -0.0170466 -0.0173017
-0.0647818 -0.0591592 -0.0439984 0.0250749 0.00434111 0.0188121 -0.0524903 -0.041905 -0.0574157 0.0317591 0.0031525 0.0206733
-0.0829663 -0.0502362 -0.0505592 -0.000502544 0.00489741 -0.017934 -0.0807424 -0.0329994 -0.0652715 0.00112275 0.00821376 -0.0222025
-0.0792132 -0.0679907 -0.0972424 -0.0118716 -0.00702029 0.00559194 -0.065373 -0.0551033 -0.1069 -0.00579869 -0.00822339 0.00535138
-0.0459981 -0.0891011 -0.0567975 0.0249267 -0.0198537 -0.0307606 -0.0403405 -0.0813622 -0.0743775 0.0287026 -0.0169757 -0.0284449
-0.0487472 -0.0477194 -0.0495988 0.0149439 -0.0241663 -0.00656931 -0.0436398 -0.0323414 -0.0701379 0.00802844 -0.0212718 -0.00813322
-0.0756259 -0.0301893 -0.025202 -0.0291644 -0.00270579 -0.00855216 -0.0647343 -0.0205128 -0.0409281 -0.0286847 0.00154117 -0.00672151
-0.0329094 -0.0424494 -0.051425 -0.0221807 -0.00816564 -0.0105053 -0.0275405 -0.0277634 -0.0656209 -0.0247908 -0.00456527 -0.0149783
-0.0432031 -0.0355396 -0.0343416 0.0164332 0.0121568 -0.0169309 -0.040526 -0.0233759 -0.0491482 0.0155605 0.00497493 -0.0129699
-0.0669576 -0.0956812 -0.0933515 -0.0215313 0.0284992 0.0134273 -0.0550286 -0.082939 -0.113679 -0.0204715 0.0306263 0.0141839
-0.0877248 -0.093165 -0.112724 -0.025385 -0.00990231 0.0100296 -0.0776213 -0.0865907 -0.13486 -0.0298343 -0.0104955 0.0110675
-0.0759697 -0.0527909 -0.0639723 -0.00812813 -0.00803674 -0.00422441 -0.0618743 -0.0414571 -0.0779963 -0.0102493 -0.00778992 -0.0052053
-0.0387302 -0.0493501 -0.057689 0.0183753 0.00762465 -0.00729042 -0.0319796 -0.0431659 -0.0745164 0.0213753 0.002295 -0.00739272
-0.015699 -0.0133985 -0.0688051 -0.00479431 0.00137061 0.0107497 -0.00850584 0.00108265 -0.0788278 -0.0112988 -0.00392106 0.00668773
-0.0379334 -0.0746721 -0.0421875 -0.0104694 -0.00562474 0.0277506 -0.0222358 -0.066099 -0.0578521 -0.00457136 -0.00907132 0.0331563
-0.0764892 -0.0311853 -0.0660474 -0.00379177 0.036417 0.00963859 -0.071269 -0.0135832 -0.0809865 -0.00453146 0.0365233 0.00738468
-0.0510878 -0.122815 -0.14541 0.0191599 0.01964 -0.0150895 -0.0359059 -0.111687 -0.16 0.0199741 0.0176394 -0.00751141
-0.0888767 -0.100568 -0.0771157 1.05519e-05 0.00327119 -0.0355118 -0.0745909 -0.0944512 -0.10351 -0.00133227 0.00661668 -0.031088
-0.0287424 -0.0449606 -0.0815564 0.0138451 0.00590894 0.0466021 -0.01075 -0.0351798 -0.0978618 0.0118904 0.00474176 0.048682
-0.139821 0.0491936 0.0829771 0.112562 -0.186278 0.232442 -0.190231 0.0405067 0.0807725 0.141187 -0.194027 0.270728
0.11585 -0.0846969 -0.0819854 -0.0875447 -0.102193 0.149094 0.130903 -0.0801967 -0.072655 -0.0634417 -0.102388 0.163737
0.144723 -0.0102739 0.116134 0.13158 -0.0951542 -0.16561 0.123735 -0.0271575 0.114594 0.139045 -0.103739 -0.177282
-0.047731 -0.212484 0.0167276 -0.0147822 -0.150403 0.0241179 -0.0391892 -0.225707 0.043955 -0.0156642 -0.141519 0.02626
-0.317379 -0.336356 -0.283813 -0.228603 -0.0628589 0.0191677 -0.304696 -0.324088 -0.263993 -0.246634 -0.0432825 0.0282192
0.391876 0.0749698 -0.0152687 0.0459841 -0.130768 0.104839 0.377417 0.0538625 -0.0211042 0.06644 -0.141422 0.119643
-0.0338346 -0.0458462 0.284009 -0.000549922 -0.0483039 0.0499343 -0.057705 -0.0703108 0.28123 0.00119 -0.0471458 0.0501308
0.0169769 -0.198792 -0.245296 -0.0784998 0.000913014 0.109083 0.00940417 -0.198304 -0.249792 -0.0979092 0.00158667 0.0717542
-0.0553311 -0.111803 0.00707712 0.0330416 -0.12742 -0.0309772 -0.0767667 -0.125172 0.0199867 0.03998 -0.128325 -0.03142
-0.309292 -0.228575 0.102468 0.0578878 0.0645754 0.0811022 -0.290713 -0.229652 0.0925967 0.04998 0.0728058 0.0750092
-0.186605 -0.148931 -0.244348 0.182857 0.0629413 -0.0130453 -0.181956 -0.109219 -0.246768 0.153504 0.0723025 -0.00392583
-0.110926 -0.0926272 0.0621391 0.078048 0.162031 0.0957097 -0.111267 -0.0965508 0.0326075 0.0859683 0.182414 0.087635
-0.162462 -0.209363 0.0566554 0.0333984 -0.157416 0.024484 -0.167185 -0.206052 0.0924825 0.0281242 -0.15618 0.0259133
0.093571 0.059884 0.0386004 0.180686 -0.0644354 0.0186346 0.0985575 0.0673367 0.0201858 0.178459 -0.0600225 0.0314408
0.00888539 0.0316334 0.0882184 0.0135246 -0.0762216 0.0461819 -0.00866083 0.0197142 0.100316 0.0147558 -0.0799867 0.0484417
0.13195 -0.0661782 -0.100867 0.18877 0.120688 -0.136748 0.129367 0.00516083 -0.0623117 0.159318 0.0998175 -0.124245
-0.0495894 -0.189958 0.061335 -0.023308 -0.148099 -0.0123298 -0.0514175 -0.211353 0.0857158 -0.0239342 -0.139702 -0.0129408
-0.00687287 0.191513 -0.00512241 0.175917 -0.203533 -0.164201 -0.0336158 0.180908 -0.00805083 0.199996 -0.206926 -0.168733
-0.0662719 -0.0721517 -0.291584 -0.0260752 0.0660357 -0.0461543 -0.0675717 -0.0641067 -0.282616 -0.0510333 0.0625917 -0.0613258
-0.290284 -0.185241 -0.0923801 -0.0351072 0.0224212 0.15138 -0.288114 -0.191966 -0.113322 -0.0577325 -0.0214525 0.157566
-0.446879 -0.0542534 -0.264861 0.0658126 0.184392 0.150725 -0.471017 -0.11073 -0.211071 0.087625 0.185494 0.170205
-0.145576 -0.151268 -0.0634468 -0.0195209 0.149819 0.0968805 -0.156068 -0.156251 -0.0830075 -0.02291 0.165267 0.08479
0.0751059 -0.273541 -0.275977 0.0882096 -0.176053 -0.0505763 0.0651492 -0.285259 -0.281377 0.0745208 -0.138623 -0.0558975
-0.114587 0.0665932 -0.0910876 -0.0790439 -0.1722 -0.0958061 -0.0982592 0.0674 -0.0877 -0.06181 -0.156923 -0.0903
-0.329441 -0.2888 -0.303267 0.161895 0.0808402 0.0575451 -0.298533 -0.292191 -0.299733 0.184801 0.0741725 0.0713808
-0.278103 -0.572808 -0.412516 0.0280973 0.0186805 -0.0537877 -0.296935 -0.565633 -0.365109 0.0273708 0.0340508 -0.0474317
-0.0483795 -0.131464 -0.115799 -0.00588283 0.0873636 0.0783795 -0.0767842 -0.160657 -0.131774 0.00639 0.0857883 0.0888525
-0.00676561 -0.126625 -0.0401166 -0.152764 0.0472202 0.00772464 0.0223517 -0.143495 -0.0171833 -0.135696 0.05947 -0.0337542
-0.157496 -0.144416 -0.163907 -0.154741 -0.0298624 0.0586512 -0.131485 -0.114917 -0.169818 -0.178854 -0.0303333 0.0624633
-0.486598 -0.348433 -0.340165 0.0859833 -0.120475 -0.028967 -0.480848 -0.341256 -0.353505 0.0771125 -0.117395 -0.0274042
-0.0619467 -0.135766 0.0752455 -0.00499811 -0.129456 0.00954879 -0.0726217 -0.145476 0.0972367 0.0045625 -0.129937 0.00801917
-0.0551368 -0.0904589 0.0789061 -0.00738285 -0.100746 -0.00277545 -0.0647708 -0.102466 0.09544 -0.00921583 -0.10341 -0.00227917
-0.0151382 -0.105409 0.067874 -0.0244594 -0.119154 0.0222673 -0.0207433 -0.115321 0.0869942 -0.019245 -0.114593 0.02476
-0.0697526 -0.133841 0.0644342 0.000797351 -0.115638 0.00319501 -0.0752208 -0.143038 0.0848267 0.00131167 -0.11353 0.00353167
-0.0574859 -0.0971292 0.0604713 0.00603728 -0.11603 -0.00218037 -0.0680967 -0.105958 0.0796483 -0.0015575 -0.119738 -0.000808333
-0.0612843 -0.117959 0.0651721 0.0223406 -0.117646 0.0193193 -0.073025 -0.128988 0.0883883 0.0243417 -0.117218 0.0144683
-0.0457684 -0.133682 0.0427126 0.00952083 -0.116005 0.00107434 -0.0558025 -0.149269 0.0642467 0.0104517 -0.113157 -0.0007475
-0.0757852 -0.0953965 0.0173542 0.0300228 -0.092161 -0.0225096 -0.0821308 -0.1039 0.0362892 0.0288075 -0.0938017 -0.02584
-0.040158 -0.124337 0.0554435 -0.00665567 -0.120094 0.0110904 -0.0567758 -0.140207 0.0741225 -0.00454167 -0.119261 0.0106392
-0.0725917 -0.0998822 0.0451642 0.0278915 -0.108498 -0.00125451 -0.0832125 -0.110202 0.0654258 0.0263467 -0.104412 -0.0026925
-0.053807 -0.10923 0.0741821 0.0124514 -0.107375 -0.00927664 -0.06881 -0.126423 0.0844858 0.0100192 -0.104032 -0.0086775
-0.072594 -0.125912 0.0621756 0.003596 -0.116324 -0.0129072 -0.0770875 -0.130505 0.0858783 0.00191833 -0.11355 -0.0122933
-0.0693216 -0.0743615 0.0272353 0.00480414 -0.0987744 -0.01583 -0.0811833 -0.0924683 0.0424742 0.0030425 -0.101098 -0.0183892
-0.0639789 -0.140198 0.0230889 -0.00622371 -0.113593 -0.0001739 -0.0717592 -0.150486 0.04233 -0.0055375 -0.110354 -9.16667e-06
-0.0262021 -0.111377 0.0648612 -0.00117837 -0.118521 -0.00403668 -0.0379275 -0.127507 0.0804992 0.0039725 -0.115986 -0.00175917
-0.0463681 -0.109201 0.0460195 0.00458278 -0.114039 -0.000345811 -0.0553925 -0.116795 0.0668 0.00455667 -0.108775 0.000949167
-0.0609726 -0.120719 0.0997121 -0.00138792 -0.138727 0.0049303 -0.0679242 -0.127829 0.120827 -0.0017525 -0.137328 0.00578833
-0.0736883 -0.114129 0.0444845 -0.0105788 -0.10527 0.00170234 -0.0836458 -0.120198 0.0654625 -0.0076925 -0.09909 -0.000410833
-0.0266608 -0.093209 0.125166 0.0130587 -0.103758 0.0102779 -0.0380117 -0.104591 0.141087 0.0119708 -0.103125 0.0102667
-0.0744712 -0.12714 0.0481508 0.0150138 -0.115983 -0.0167761 -0.073225 -0.13445 0.0707008 0.0150875 -0.112177 -0.0143917
0.00779635 -0.0015316 0.00827446 0.0248966 0.0198308 -0.00403803 0.0107726 -0.00425454 0.00190142 0.026386 0.0203322 -0.00264667
0.00551861 -0.0118699 0.0166545 -0.00126681 -0.00922898 0.00724024 -0.000570525 -0.0107267 0.00861299 0.00140207 -0.0126484 0.00599136
0.0404615 0.0019333 0.0300541 0.00238608 0.00733954 0.00324306 0.0393924 -0.00692614 0.0202886 0.00614352 0.00369287 0.00549836
0.0314534 0.0195602 0.0455851 0.00984627 0.000919947 0.00427905 0.0320556 0.0119918 0.0407844 0.0122108 -0.0010633 0.000976975
0.0126882 0.000974855 0.0194797 0.00670813 0.00380172 0.00977311 0.00874756 -0.00338991 0.0106578 0.00585315 0.00161944 0.0112645
0.0222813 -0.00297714 0.00908223 0.0139896 0.0143818 0.00373743 0.0207121 -0.0117441 0.000653858 0.0154934 0.0151395 0.00305972
0.0457418 0.00123213 0.0325442 0.00883084 -0.00691387 -0.00260184 0.0381278 -0.00313457 0.0284231 0.011294 -0.00844019 -0.000760401
0.01703 0.0259429 0.0256577 -0.00611634 0.00974808 0.00831211 0.0120873 0.016513 0.0147503 -0.00372988 0.00265559 0.0100703
0.00690383 0.0124084 0.00749317 0.0096217 0.0225167 4.65413e-06 0.00307762 0.0072213 -0.00390062 0.0113818 0.0204173 -0.00141753
0.0441056 -0.0138976 0.0363185 -0.00770766 0.00839277 -0.0037043 0.0427277 -0.0105621 0.034741 -0.00886056 0.00410043 -0.00719232
-0.00472613 0.0203203 -0.0095725 0.0118497 0.0145025 -0.01964 -0.011395 0.0188479 -0.0204082 0.00792673 0.0144756 -0.0226599
-0.010149 0.00984958 0.0213583 0.00947157 0.00109899 -0.0283478 -0.0164338 0.0132562 0.0108875 0.00543725 -0.000854136 -0.0239883
0.0225706 0.0104313 0.0120702 -0.0253256 -0.00192996 -0.00315272 0.0220528 0.00955806 -0.000411543 -0.0213675 -0.00266664 -0.00295664
0.00738651 0.0213399 0.00369797 -0.00163307 -0.0131449 -0.00954177 -0.00414744 0.021355 -0.0120565 -0.00104713 -0.0118784 -0.0102948
-0.00151561 0.0393118 -0.0253295 -0.00265882 -0.00101714 -0.0105422 -0.00756377 0.0395621 -0.0405539 -0.00835275 0.000970185 -0.0115412
0.0155736 0.0137358 0.0386203 0.00721257 -0.00207923 -0.0137502 0.0057184 0.0130261 0.0292007 0.00954318 -0.00318 -0.0181876
0.000211122 0.00175372 0.00350145 -0.0190341 -0.00231418 -0.0111713 -0.005675 -0.00229068 -0.0106532 -0.0226133 -0.00587673 -0.00911225
0.0194082 0.0412391 0.026089 -0.0195329 -0.0085892 -0.00389303 0.014166 0.0520086 0.0227233 -0.017375 -0.00418392 -0.00488151
0.00292191 0.0149019 0.0317532 -0.013471 0.00481706 0.000833884 -0.00106321 0.0117152 0.0264184 -0.0134947 0.0056787 0.00397685
0.0305827 0.015787 -0.0233757 0.00358796 0.0112212 0.0069165 0.022432 0.0109223 -0.035948 0.000492747 0.00933867 0.00997864
0.0379405 0.0295654 0.0367871 -0.0235082 -0.0121423 -0.0374934 0.0337683 0.0283143 0.0453423 -0.023185 -0.0135189 -0.038331
-0.00758521 0.0139451 -0.0374822 0.0336691 -0.032725 -0.0201746 -0.00273302 0.0194469 -0.0384284 0.0372158 -0.0356069 -0.0219145
0.0152341 -0.0181935 0.0254846 -0.015745 0.000749793 0.0032605 0.011491 -0.0151122 0.0289255 -0.0127337 -0.000537593 0.00675219
0.00712786 -0.0329721 -0.0175636 0.00838746 -0.0113522 0.0231942 -0.00195059 -0.0379755 -0.0149044 0.0124927 -0.00507213 0.0278448
-0.0244367 -0.0106637 -0.00246577 -0.00825577 0.0196286 -0.00882027 -0.0145046 -0.00982818 0.00745735 -0.00802951 0.0219455 -0.00325494
-0.0194174 -0.0243771 0.00853282 0.00758944 0.000313042 -0.0013333 -0.0275408 -0.0203847 0.0067684 0.00865349 0.00217636 0.00217988
-0.00174939 -0.0125623 -0.00839253 -0.0082987 -0.00710598 -0.0152874 -0.0032467 -0.00676201 0.00294728 -0.0108751 -0.0125534 -0.0200132
-0.0154986 0.0318546 0.0287588 -0.0197719 -0.00757198 0.00171868 -0.0214477 0.0299349 0.0330981 -0.0159515 -0.00398704 0.000751667
0.0141534 -0.00237512 -0.000919571 -0.0313096 0.0166983 0.000674193 0.00732404 -0.00187917 -0.0107681 -0.0358214 0.0144447 0.00290417
-0.00553805 -0.00539867 -0.0192942 -0.0188035 -0.00200828 0.00786691 0.00415062 -0.0114128 -0.0219444 -0.020538 -0.0021358 0.0101383
0.00111074 0.00860489 0.00951985 0.0106596 -0.00403711 0.009046 0.00970688 0.00652157 0.0208227 0.00822133 -0.00426772 0.0148597
-0.0890048 -0.0355353 -0.0863317 0.0214379 0.0171395 0.0249417 -0.0875423 -0.0232634 -0.0748507 0.0205991 0.0177617 0.0264688
-0.0284534 -0.0653731 -0.0638864 -0.00944929 -0.0190221 0.0166542 -0.0260311 -0.0604238 -0.0604555 -0.00897966 -0.0150101 0.0164221
-0.0277668 0.0212309 -0.0181707 -0.0123718 -0.00880503 -0.00926461 -0.023993 0.0271584 -0.0131498 -0.0147552 -0.0116643 -0.0100645
-0.0517773 -0.0742052 -0.0607311 0.0411567 0.000705794 -0.000937962 -0.0495054 -0.0715742 -0.0607449 0.0409456 0.00712562 -0.00203747
-0.0189823 -0.00754059 0.0200777 -0.0316174 -0.00816365 -0.00505725 -0.0202329 -0.0100569 0.0144602 -0.0298442 -0.0117426 -0.00916994
-0.0286298 -0.0535317 -0.0471759 -0.00463712 -0.000341786 0.00157273 -0.0359428 -0.0472187 -0.0471885 -0.00379583 0.00325435 -0.00267096
-0.040786 -0.021404 -0.00781547 -0.0177593 0.0249178 -0.0219027 -0.0373527 -0.0267793 -0.00237568 -0.0179573 0.0361619 -0.0209647
-0.0124208 -0.00551589 -0.00562924 -0.00269751 0.0114443 -0.032477 -0.0196461 -0.012811 -0.00592469 0.00169713 0.00693667 -0.031278
-0.0366815 -0.00597419 -0.062167 0.0339773 0.00323633 -0.0221931 -0.0248515 -0.00370639 -0.0553901 0.0350733 0.00112611 -0.0264313
-0.0337563 -0.0652559 -0.0846991 -0.0089008 0.00833749 0.0143644 -0.0239388 -0.0600663 -0.0777679 -0.00683883 0.0108615 0.00814907
-0.0686443 -0.0777963 -0.0884167 0.0154823 -0.0163208 0.0129468 -0.0563185 -0.0706719 -0.0806169 0.0188746 -0.00973071 0.0150946
-0.0320941 -0.0231917 -0.0131149 -0.0227095 -0.0186709 -0.00351044 -0.0308461 -0.0166096 -0.00216278 -0.0246721 -0.0238167 -0.0111566
-0.0860854 -0.0900176 -0.0728669 0.0087614 0.020736 0.0215962 -0.0789686 -0.0841971 -0.0704124 0.0169709 0.0246383 0.0255363
-0.0332414 -0.0155903 -0.0373712 0.00101963 0.0261291 -0.00725431 -0.0252294 -0.0102105 -0.0310358 -0.00248654 0.0198186 -0.0135978
-0.0420208 -0.0321357 -0.0272021 0.00805103 0.0209024 -0.00527499 -0.0390516 -0.029873 -0.0226223 0.00983821 0.0235157 -0.00315519
-0.0887045 -0.0884745 -0.0676428 -0.0273983 0.027345 -0.01717 -0.0890736 -0.0818426 -0.0588366 -0.0303984 0.0289928 -0.0162044
-0.0562652 -0.0347788 -0.0199531 0.0113138 -0.0024396 0.000517075 -0.0570414 -0.0319072 -0.0200538 0.0113488 4.53704e-06 0.000288889
-0.0710792 -0.0420586 -0.0710408 -0.00477154 0.025925 -0.00575156 -0.0667989 -0.0334437 -0.0668362 -0.00395478 0.0218551 -0.00915586
-0.0946627 -0.0594718 -0.0444461 -0.0168771 -0.00553903 0.00258355 -0.0876777 -0.0426982 -0.0409027 -0.013476 0.000632747 0.00535336
-0.0290318 -0.034326 0.0271446 0.0351926 -0.000793725 -0.0124497 -0.0216098 -0.0346136 0.0310817 0.0388051 7.38889e-05 -0.00523139
-0.0579807 -0.033704 -0.0435239 -0.0287416 -0.00540185 -0.0127993 -0.0594057 -0.0340306 -0.0414671 -0.0325481 -0.00682633 -0.00951046
-0.0385342 -0.105247 -0.078952 0.00561534 -0.0134526 -0.00613974 -0.0286432 -0.0906676 -0.0783041 0.00414145 -0.0161974 -0.0104641
-0.0656373 -0.0859207 -0.0473426 0.0132873 -0.00782558 -0.0273875 -0.0614871 -0.0931138 -0.0426871 0.0129979 -0.0084371 -0.0290848
-0.153213 -0.146237 -0.0875092 -0.000460187 -0.00744112 -0.0211447 -0.145634 -0.141528 -0.0804469 0.00324265 -0.0122724 -0.0202817
-0.0967565 -0.0848694 -0.138811 0.00627398 -0.00418169 0.0141757 -0.0932144 -0.0915044 -0.136284 0.00732518 -0.00617654 0.0168471
-0.102893 -0.0834782 -0.0361553 0.00307179 -0.0232295 0.0227552 -0.0967131 -0.0873726 -0.0334314 0.00109404 -0.023371 0.0251351
-0.106366 -0.107904 -0.100434 -0.00570095 0.00957592 0.0342743 -0.107409 -0.108526 -0.0901963 -0.00432673 0.0133203 0.0280894
-0.0445033 -0.0640162 -0.0502805 0.00174554 -0.00496857 0.00110936 -0.0315261 -0.0625411 -0.0558965 -0.00864682 -0.0110602 -0.000453673
-0.0692742 -0.0323343 -0.0802438 -0.00914094 0.0231963 0.00428094 -0.0647966 -0.0280855 -0.0816347 -0.0080512 0.023446 -0.00272716
-0.0710631 -0.136628 -0.0979372 -0.0145281 -0.000284707 0.00184574 -0.0738735 -0.134446 -0.0976157 -0.0202052 -0.000544938 0.000867191
-0.105627 -0.118481 -0.0871935 0.00556165 0.00923274 -0.00997934 -0.10864 -0.120511 -0.0882367 -0.00176586 0.00587815 -0.0113053
-0.154287 -0.162788 -0.122058 -0.0123161 0.0276342 0.0437643 -0.158086 -0.166129 -0.122526 -0.0043612 0.0319003 0.0410641
-0.143068 -0.19342 -0.129781 -0.0154239 0.0135475 -0.029644 -0.149023 -0.198661 -0.123165 -0.012495 0.00953481 -0.0298485
-0.0865666 -0.106495 -0.123136 -0.0183985 0.0355506 0.014162 -0.0819149 -0.107763 -0.119749 -0.0273727 0.0346361 0.0184888
-0.183655 -0.141315 -0.143117 -0.00546439 0.00687939 -0.00951965 -0.185527 -0.131306 -0.132527 -0.0107904 0.0088129 -0.0110017
-0.103635 -0.101366 -0.0648441 -0.00492733 0.0178186 -0.00904408 -0.107268 -0.0968129 -0.0641861 3.14815e-05 0.0184203 -0.00983651
-0.155986 -0.0797464 -0.0399432 0.00701469 -0.0268712 -0.0162156 -0.159243 -0.0790861 -0.037424 0.0106195 -0.0215518 -0.0120208
-0.0871423 -0.0728064 -0.0765496 -0.00392469 0.0327454 -0.0125442 -0.080416 -0.0613715 -0.0814356 -0.00419296 0.0288502 -0.00834812
-0.152436 -0.138106 -0.156125 -0.0111394 0.00260386 -0.0184414 -0.152278 -0.13788 -0.153045 -0.0106124 0.00554025 -0.0219919
-0.139379 -0.0687488 -0.064421 0.0068171 0.0194363 0.00767437 -0.138619 -0.0729769 -0.0635291 0.0129712 0.0199182 0.018473
-0.229931 -0.181516 -0.161156 0.0105442 -0.000510564 0.0162888 -0.25288 -0.183137 -0.178846 0.0233602 -0.00422191 0.00590661
-0.118908 -0.133964 -0.159663 0.0218795 0.0032491 0.0449526 -0.122734 -0.13936 -0.159413 0.0167293 0.0116912 0.0466281
-0.0941094 -0.0995888 -0.0846617 0.00330523 0.0205108 0.0347507 -0.113975 -0.113073 -0.0887861 0.00385213 0.0212781 0.0390209
-0.129651 -0.174214 -0.169929 -0.00361828 -0.0286179 0.0118495 -0.133044 -0.180659 -0.180764 0.000172562 -0.0319749 0.0103548
-0.218126 -0.0870685 -0.127855 -0.0106075 0.0243371 -0.0279164 -0.223267 -0.0908062 -0.123429 -0.016475 0.0256628 -0.0278447
-0.0854814 -0.0213398 -0.0810747 -0.0353704 0.0467422 -0.0140706 -0.0826455 -0.0171766 -0.0880463 -0.0477732 0.0444273 -0.0213463
-0.154897 -0.181064 -0.159449 0.032923 0.0160682 -0.00255584 -0.158989 -0.19367 -0.161661 0.0334345 0.0127507 0.000343086
-0.106368 -0.158855 -0.134951 0.0350489 -0.00859447 -0.0315089 -0.128297 -0.16349 -0.14054 0.0274354 -0.0112221 -0.0340176
-0.206304 -0.213773 -0.150476 -0.0280382 0.00543545 -0.00566352 -0.211648 -0.216277 -0.14941 -0.0262359 0.00564583 -0.0130952
