-3.56222 -3.56465
-3.55468 -3.55619
-3.55295 -3.55295
-3.56619 -3.5667
-3.55846 -3.55741
-3.54873 -3.54908
-3.558 -3.55765
-3.56273 -3.56288
-3.56013 -3.56001
-3.55979 -3.56102
-3.56215 -3.56286
-3.55188 -3.55275
-3.55741 -3.55745
-3.55303 -3.55563
-3.56736 -3.56705
-3.5595 -3.56066
-3.55375 -3.55491
-3.55618 -3.55678
-3.57012 -3.56991
-3.55068 -3.54975
-3.5591 -3.55986
-3.54848 -3.54909
-3.55995 -3.56082
-3.55881 -3.5589
-3.55466 -3.55581
-3.5454 -3.54614
-3.55148 -3.55044
-3.55873 -3.55806
-3.56119 -3.56024
-3.55294 -3.55427
-3.55752 -3.55649
-3.55515 -3.55585
-3.55433 -3.55368
-3.55373 -3.55308
-3.55626 -3.55522
-3.5541 -3.55444
-3.56122 -3.55869
-3.55762 -3.55606
-3.54724 -3.5469
-3.55183 -3.55237
-3.54819 -3.55065
-3.55648 -3.55754
-3.5531 -3.55305
-3.55917 -3.55922
-3.55496 -3.55308
-3.557 -3.55809
-3.56011 -3.56188
-3.55389 -3.55403
-3.56826 -3.56965
-3.56081 -3.56095
-3.5476 -3.54768
-3.58353 -3.58363
-3.50768 -3.50511
-3.56859 -3.56857
-3.49206 -3.4927
-3.5575 -3.55583
-3.52504 -3.52373
-3.5994 -3.60236
-3.54214 -3.54134
-3.53023 -3.52764
-3.57424 -3.57474
-3.56023 -3.56175
-3.49795 -3.49719
-3.60119 -3.60159
-3.59164 -3.59293
-3.58504 -3.58376
-3.55337 -3.55685
-3.52552 -3.52584
-3.58054 -3.57888
-3.58628 -3.59102
-3.61362 -3.61536
-3.58507 -3.58632
-3.49583 -3.497
-3.61978 -3.62179
-3.46539 -3.4647
-3.64382 -3.64397
-3.64087 -3.64046
-3.63884 -3.63846
-3.63532 -3.63486
-3.64188 -3.64144
-3.63896 -3.63831
-3.64502 -3.64456
-3.64233 -3.64245
-3.64563 -3.64557
-3.63623 -3.63548
-3.64455 -3.64433
-3.62154 -3.62093
-3.64551 -3.64545
-3.63312 -3.63244
-3.64157 -3.64115
-3.63426 -3.63376
-3.62575 -3.62511
-3.64439 -3.64415
-3.645 -3.64484
-3.64464 -3.64444
-3.64539 -3.6452
-3.62666 -3.62601
-3.64504 -3.6446
-3.62234 -3.62167
-3.64384 -3.64407
-3.69198 -3.69201
-3.69231 -3.69223
-3.68924 -3.68965
-3.69198 -3.69172
-3.69189 -3.69207
-3.68856 -3.68954
-3.69056 -3.69091
-3.69087 -3.6907
-3.69072 -3.69107
-3.6906 -3.69065
-3.68609 -3.68617
-3.68626 -3.68604
-3.68413 -3.68467
-3.68309 -3.68284
-3.68451 -3.68511
-3.683 -3.68437
-3.68437 -3.68461
-3.68257 -3.68253
-3.68327 -3.68419
-3.68378 -3.68476
-3.66347 -3.66445
-3.66722 -3.66706
-3.66227 -3.66317
-3.66827 -3.66953
-3.66711 -3.66865
-3.65659 -3.65656
-3.66271 -3.66261
-3.66689 -3.6669
-3.66401 -3.66405
-3.66422 -3.66496
-3.63402 -3.63324
-3.63457 -3.63431
-3.6318 -3.63221
-3.63706 -3.63822
-3.63076 -3.63078
-3.63197 -3.63287
-3.63425 -3.6342
-3.63182 -3.63205
-3.63741 -3.63644
-3.63157 -3.63241
-3.60892 -3.6095
-3.60724 -3.60616
-3.61362 -3.6143
-3.6045 -3.60562
-3.605 -3.60363
-3.60926 -3.60923
-3.59803 -3.5979
-3.6069 -3.60588
-3.6065 -3.60528
-3.60775 -3.60836
-3.58742 -3.58561
-3.57989 -3.58053
-3.57918 -3.5779
-3.59037 -3.59024
-3.58068 -3.5815
-3.58592 -3.58725
-3.57866 -3.5774
-3.58502 -3.58487
-3.58418 -3.58417
-3.58248 -3.58245
-3.55532 -3.5527
-3.56318 -3.56279
-3.56489 -3.56319
-3.56312 -3.56282
-3.55917 -3.5591
-3.56106 -3.56373
-3.56607 -3.56446
-3.56771 -3.56624
-3.56377 -3.56266
-3.55382 -3.55146
-3.53715 -3.5368
-3.53978 -3.54054
-3.53413 -3.5332
-3.5267 -3.52081
-3.53696 -3.53491
-3.5473 -3.54567
-3.52259 -3.52483
-3.53933 -3.53744
-3.53986 -3.53785
-3.54062 -3.53913
