-3.56334 -3.56465
-3.55476 -3.55619
-3.55368 -3.55295
-3.56657 -3.5667
-3.55822 -3.55741
-3.54927 -3.54908
-3.55836 -3.55765
-3.56285 -3.56288
-3.56 -3.56001
-3.56156 -3.56102
-3.5639 -3.56286
-3.55254 -3.55275
-3.55745 -3.55745
-3.5543 -3.55563
-3.56718 -3.56705
-3.55982 -3.56066
-3.55313 -3.55491
-3.55619 -3.55678
-3.57064 -3.56991
-3.55037 -3.54975
-3.56016 -3.55986
-3.54781 -3.54909
-3.55955 -3.56082
-3.55822 -3.5589
-3.55543 -3.55581
-3.54513 -3.54614
-3.55147 -3.55044
-3.55777 -3.55806
-3.56143 -3.56024
-3.553 -3.55427
-3.55758 -3.55649
-3.55523 -3.55585
-3.55478 -3.55368
-3.5542 -3.55308
-3.5561 -3.55522
-3.55528 -3.55444
-3.56072 -3.55869
-3.55706 -3.55606
-3.54786 -3.5469
-3.55166 -3.55237
-3.54864 -3.55065
-3.5568 -3.55754
-3.55244 -3.55305
-3.55894 -3.55922
-3.55397 -3.55308
-3.557 -3.55809
-3.56083 -3.56188
-3.55439 -3.55403
-3.56846 -3.56965
-3.56071 -3.56095
-3.54834 -3.54768
-3.58404 -3.58363
-3.50984 -3.50511
-3.56858 -3.56857
-3.49156 -3.4927
-3.55756 -3.55583
-3.524 -3.52373
-3.60127 -3.60236
-3.54129 -3.54134
-3.52995 -3.52764
-3.57441 -3.57474
-3.56028 -3.56175
-3.49827 -3.49719
-3.60092 -3.60159
-3.59363 -3.59293
-3.5849 -3.58376
-3.55491 -3.55685
-3.52474 -3.52584
-3.58034 -3.57888
-3.58908 -3.59102
-3.61558 -3.61536
-3.58707 -3.58632
-3.49566 -3.497
-3.62001 -3.62179
-3.46365 -3.4647
-3.64338 -3.64397
-3.64054 -3.64046
-3.63858 -3.63846
-3.6351 -3.63486
-3.64144 -3.64144
-3.63854 -3.63831
-3.64444 -3.64456
-3.64182 -3.64245
-3.64522 -3.64557
-3.63581 -3.63548
-3.64423 -3.64433
-3.62137 -3.62093
-3.64508 -3.64545
-3.63279 -3.63244
-3.64122 -3.64115
-3.63399 -3.63376
-3.62552 -3.62511
-3.64406 -3.64415
-3.64468 -3.64484
-3.64433 -3.64444
-3.64501 -3.6452
-3.62641 -3.62601
-3.6445 -3.6446
-3.62214 -3.62167
-3.64342 -3.64407
-3.69225 -3.69201
-3.69156 -3.69223
-3.68872 -3.68965
-3.69141 -3.69172
-3.69157 -3.69207
-3.68867 -3.68954
-3.69074 -3.69091
-3.69078 -3.6907
-3.69023 -3.69107
-3.69048 -3.69065
-3.68746 -3.68617
-3.68728 -3.68604
-3.68451 -3.68467
-3.68375 -3.68284
-3.68539 -3.68511
-3.68452 -3.68437
-3.68489 -3.68461
-3.68305 -3.68253
-3.68459 -3.68419
-3.6845 -3.68476
-3.66405 -3.66445
-3.66813 -3.66706
-3.66293 -3.66317
-3.66962 -3.66953
-3.66782 -3.66865
-3.65809 -3.65656
-3.66366 -3.66261
-3.66807 -3.6669
-3.6652 -3.66405
-3.66491 -3.66496
-3.6342 -3.63324
-3.63495 -3.63431
-3.63304 -3.63221
-3.63877 -3.63822
-3.63148 -3.63078
-3.63289 -3.63287
-3.63531 -3.6342
-3.63274 -3.63205
-3.63809 -3.63644
-3.6326 -3.63241
-3.60931 -3.6095
-3.60801 -3.60616
-3.61422 -3.6143
-3.60444 -3.60562
-3.60521 -3.60363
-3.60958 -3.60923
-3.59843 -3.5979
-3.60714 -3.60588
-3.60637 -3.60528
-3.60773 -3.60836
-3.58785 -3.58561
-3.58151 -3.58053
-3.57824 -3.5779
-3.59114 -3.59024
-3.58078 -3.5815
-3.58675 -3.58725
-3.57806 -3.5774
-3.58478 -3.58487
-3.58349 -3.58417
-3.58319 -3.58245
-3.55426 -3.5527
-3.56216 -3.56279
-3.56514 -3.56319
-3.56323 -3.56282
-3.55911 -3.5591
-3.56022 -3.56373
-3.56445 -3.56446
-3.56675 -3.56624
-3.56294 -3.56266
-3.55248 -3.55146
-3.5362 -3.5368
-3.53856 -3.54054
-3.53349 -3.5332
-3.52234 -3.52081
-3.53506 -3.53491
-3.54624 -3.54567
-3.53795 -3.53744
-3.53853 -3.53785
-3.53995 -3.53913
-3.60851 -3.60873
-3.61455 -3.61556
-3.61954 -3.61972
-3.62063 -3.62021
-3.61472 -3.61476
-3.62657 -3.62849
-3.61862 -3.61793
-3.6206 -3.62132
-3.62169 -3.62409
-3.61697 -3.61784
-3.61461 -3.61665
-3.61859 -3.62045
-3.61154 -3.61423
-3.62071 -3.62224
-3.61475 -3.61494
-3.60957 -3.61106
-3.6035 -3.60534
-3.61232 -3.61362
-3.61713 -3.61873
-3.6171 -3.61826
-3.55392 -3.55547
-3.61693 -3.61778
-3.56778 -3.56731
-3.57065 -3.57096
-3.56791 -3.56911
-3.56614 -3.56676
-3.61152 -3.61263
-3.61656 -3.61761
-3.61619 -3.61777
-3.56928 -3.56946
-3.61462 -3.61499
-3.61312 -3.61343
-3.61875 -3.61973
-3.56932 -3.5698
-3.61848 -3.61919
-3.61597 -3.61646
-3.61447 -3.61492
-3.57382 -3.57367
-3.5672 -3.56863
-3.56696 -3.56844
-3.56451 -3.5648
-3.55965 -3.55953
-3.61058 -3.61089
-3.56534 -3.56721
-3.56666 -3.56812
-3.60916 -3.61032
-3.56427 -3.56716
-3.56568 -3.56731
-3.60527 -3.60646
-3.56261 -3.56265
-3.61118 -3.61154
-3.56704 -3.56878
-3.56438 -3.5645
-3.61168 -3.61308
-3.60853 -3.60912
-3.62113 -3.62385
-3.61646 -3.6177
-3.60882 -3.6103
-3.56195 -3.56416
-3.56295 -3.56435
-3.61153 -3.61397
-3.57337 -3.579
-3.66176 -3.65593
-3.5902 -3.58755
-3.6954 -3.69479
-3.60139 -3.60097
-3.60327 -3.60358
-3.67628 -3.67396
-3.6055 -3.60538
-3.69755 -3.69821
-3.59843 -3.59762
-3.6012 -3.60208
-3.59484 -3.59805
-3.68797 -3.68833
-3.6274 -3.62704
-3.69122 -3.69234
-3.60146 -3.60453
-3.69671 -3.69627
-3.5751 -3.57539
-3.60072 -3.59698
-3.60052 -3.60023
-3.58996 -3.59396
-3.5979 -3.60285
-3.58516 -3.58734
-3.57512 -3.57166
-3.56398 -3.56685
-3.59253 -3.59613
-3.5904 -3.59523
-3.568 -3.56705
-3.59004 -3.58785
-3.61949 -3.62263
-3.70176 -3.70189
-3.70217 -3.70229
-3.70082 -3.70057
-3.70259 -3.70236
-3.69861 -3.69833
-3.70028 -3.70057
-3.70313 -3.70343
-3.69938 -3.69952
-3.70256 -3.70293
-3.70129 -3.70131
-3.70238 -3.70252
-3.70264 -3.70286
-3.69905 -3.69955
-3.70321 -3.70361
-3.70268 -3.7028
-3.70302 -3.70355
-3.70183 -3.70224
-3.70348 -3.70389
-3.69915 -3.69861
-3.70255 -3.70313
-3.69104 -3.69161
-3.68769 -3.68858
-3.6915 -3.69212
-3.69065 -3.69042
-3.68969 -3.68982
-3.69065 -3.69047
-3.6885 -3.68915
-3.69034 -3.69159
-3.69199 -3.69292
-3.68855 -3.68905
-3.68657 -3.68643
-3.68465 -3.6841
-3.68378 -3.68327
-3.68642 -3.68587
-3.68526 -3.68525
-3.68309 -3.68283
-3.6864 -3.68629
-3.6839 -3.68439
-3.68466 -3.68411
-3.68275 -3.68323
-3.66778 -3.66818
-3.66499 -3.66368
-3.667 -3.66672
-3.66236 -3.66137
-3.66505 -3.66381
-3.66526 -3.66509
-3.6629 -3.66216
-3.66386 -3.66339
-3.66491 -3.66483
-3.66051 -3.66051
-3.63553 -3.63582
-3.63828 -3.63742
-3.63914 -3.63905
-3.63179 -3.63057
-3.63223 -3.63229
-3.63719 -3.63587
-3.63272 -3.63323
-3.63945 -3.63871
-3.63319 -3.63154
-3.63275 -3.63181
-3.61193 -3.6115
-3.60832 -3.60733
-3.60798 -3.60652
-3.61063 -3.6106
-3.60325 -3.60261
-3.60868 -3.6074
-3.60876 -3.60879
-3.60302 -3.60078
-3.61064 -3.61099
-3.60683 -3.60559
-3.58287 -3.5826
-3.57902 -3.5779
-3.58191 -3.57995
-3.58042 -3.57949
-3.58277 -3.58276
-3.58014 -3.58053
-3.58105 -3.58068
-3.58426 -3.5851
-3.57867 -3.5787
-3.57642 -3.5746
-3.55583 -3.55639
-3.56188 -3.56221
-3.55069 -3.55248
-3.5522 -3.54986
-3.55235 -3.55168
-3.56098 -3.56083
-3.55968 -3.56023
-3.56269 -3.56184
-3.55816 -3.55926
-3.56159 -3.56069
-3.53015 -3.52907
-3.5338 -3.53368
-3.53331 -3.53219
-3.53978 -3.54016
-3.53713 -3.53666
-3.54822 -3.54867
-3.53133 -3.52993
-3.53593 -3.53532
-3.5372 -3.5369
-3.53797 -3.53887
-3.57083 -3.57098
-3.53186 -3.53271
-3.53606 -3.53715
-3.52409 -3.52438
-3.52554 -3.52651
-3.52594 -3.52656
-3.5278 -3.52774
-3.52214 -3.52176
-3.52225 -3.52111
-3.52828 -3.52899
-3.53444 -3.53461
-3.52652 -3.52648
-3.52854 -3.52798
-3.53263 -3.53234
-3.52615 -3.52572
-3.52594 -3.52709
-3.53056 -3.53131
-3.51972 -3.51903
-3.5243 -3.52276
-3.52575 -3.52524
-3.52013 -3.52077
-3.5329 -3.53387
-3.52105 -3.52131
-3.52583 -3.52493
-3.53053 -3.53026
-3.5337 -3.53366
-3.53393 -3.53356
-3.52418 -3.52444
-3.52649 -3.52711
-3.53167 -3.53405
-3.51986 -3.52116
-3.51856 -3.51894
-3.52524 -3.52449
-3.53191 -3.53125
-3.5302 -3.52965
-3.52637 -3.52707
-3.52819 -3.52838
-3.53002 -3.52939
-3.52071 -3.52099
-3.51542 -3.51597
-3.5258 -3.52694
-3.53588 -3.53648
-3.52723 -3.52657
-3.51269 -3.51133
-3.52626 -3.52592
-3.52666 -3.52683
-3.51867 -3.519
-3.51939 -3.51957
-3.52584 -3.52629
-3.52405 -3.52443
-3.52615 -3.52681
-3.5244 -3.52451
-3.53186 -3.5322
-3.53355 -3.53328
-3.52672 -3.5277
-3.52738 -3.5274
-3.53181 -3.53068
-3.53348 -3.5336
-3.53555 -3.53607
-3.52208 -3.52133
-3.5162 -3.51491
-3.52466 -3.52406
-3.52544 -3.52531
-3.52677 -3.52652
-3.52662 -3.52616
-3.52055 -3.5206
-3.5177 -3.51793
-3.5215 -3.52069
-3.52487 -3.52582
-3.52725 -3.52754
-3.52126 -3.52287
-3.52257 -3.52245
-3.52512 -3.52589
-3.53208 -3.53251
-3.53681 -3.53642
-3.52893 -3.52856
-3.52674 -3.52707
-3.52552 -3.52402
-3.52261 -3.52103
-3.51812 -3.5173
-3.52758 -3.52756
-3.53503 -3.53473
-3.52836 -3.52899
-3.53692 -3.53659
-3.52377 -3.52448
-3.53028 -3.53043
-3.51891 -3.51776
-3.51768 -3.51781
-3.52911 -3.52926
-3.5246 -3.52469
-3.52384 -3.5245
-3.53111 -3.53208
-3.53033 -3.53107
-3.53201 -3.53155
-3.52475 -3.52569
-3.52135 -3.52217
-3.53167 -3.53283
-3.52292 -3.52425
-3.51556 -3.51578
-3.52627 -3.52663
-3.55013 -3.55074
-3.55526 -3.55659
-3.54973 -3.55058
-3.5554 -3.55597
-3.55279 -3.55379
-3.53073 -3.53076
-3.53504 -3.53628
-3.53762 -3.5389
-3.53432 -3.53503
-3.52933 -3.52944
-3.51646 -3.51702
-3.52438 -3.52378
-3.51721 -3.51802
-3.51869 -3.51713
-3.51777 -3.51757
-3.47663 -3.47307
-3.47645 -3.47387
-3.4793 -3.47817
-3.47543 -3.47344
-3.47535 -3.4711
-3.53507 -3.53477
-3.54005 -3.54115
-3.53434 -3.53457
-3.54117 -3.54169
-3.54001 -3.54001
-3.5003 -3.49784
-3.4969 -3.49224
-3.51054 -3.51215
-3.49401 -3.48677
-3.49021 -3.48665
-3.48275 -3.47954
-3.47421 -3.47207
-3.47433 -3.47212
-3.47617 -3.47344
-3.47997 -3.47716
-3.46826 -3.46684
-3.45957 -3.45745
-3.4677 -3.46479
-3.46624 -3.46315
-3.45608 -3.45448
