0.479301 0.444132 0.460954 -0.0344902 0.04733 -0.0402345 0.493853 0.45786 0.472414 -0.0398588 0.0478158 -0.0404388
0.518034 0.465088 0.490259 0.0270223 0.0682693 0.0266426 0.524542 0.458668 0.490102 0.0302711 0.0671501 0.0259524
0.447451 0.52863 0.425957 -0.010544 -0.00378175 -0.00969611 0.445929 0.528378 0.430916 -0.0161442 0.00245853 -0.0146398
0.445442 0.418656 0.439283 -0.0123271 -0.0434119 0.0344648 0.452919 0.425389 0.437958 -0.0154443 -0.0456882 0.0425336
0.485045 0.469431 0.456885 0.0165392 -0.0233253 -0.0356149 0.498069 0.476984 0.45027 0.0171437 -0.0242755 -0.0440118
0.495608 0.532109 0.530312 -0.0232472 0.00178079 -0.0174372 0.49634 0.532207 0.526141 -0.0211527 0.00426541 -0.0162742
0.380853 0.41129 0.432879 -0.0236686 -0.0192434 -0.0160519 0.379662 0.408609 0.433422 -0.0269522 -0.0146883 -0.0147941
0.366002 0.430332 0.381599 0.000299515 -0.0270504 -0.0237298 0.357203 0.433841 0.387412 -0.00833175 -0.0289762 -0.0272347
0.464077 0.433217 0.466355 -0.0104412 0.0280192 0.0010428 0.473086 0.440252 0.464531 -0.00847351 0.0345547 0.00120636
0.438067 0.441898 0.488743 0.00857946 -0.0106831 -0.0471937 0.442545 0.454861 0.486716 0.00938368 -0.00968043 -0.0457941
0.468472 0.45032 0.460004 -4.22576e-05 0.00317668 -0.0439958 0.477016 0.448772 0.455543 -0.00638043 0.00927012 -0.0418012
0.56053 0.509144 0.47192 0.0166187 0.0149097 -0.00759153 0.554521 0.502294 0.463961 0.0126509 0.0156128 -0.0132553
0.4645 0.457159 0.442418 0.00501345 0.0148973 0.00698718 0.471427 0.462012 0.440237 0.00683932 0.0121714 0.00178921
0.430548 0.434805 0.480553 0.0226732 -0.00156024 0.00585933 0.431747 0.438046 0.472825 0.0297194 -0.000666469 0.0054045
0.371455 0.3703 0.423933 -0.00244137 -0.0341513 -0.0279984 0.36779 0.372695 0.419539 0.00577564 -0.0375386 -0.0259482
0.423379 0.369773 0.409767 -0.0382974 0.0161028 -0.03664 0.420799 0.370034 0.405254 -0.0383461 0.0115225 -0.0317232
0.490672 0.461867 0.459488 -0.0155275 -0.0283064 -0.00130825 0.486674 0.469593 0.472349 -0.0198254 -0.0301031 0.0035296
0.451308 0.389973 0.4054 0.0142182 -0.000165865 -0.0423301 0.449739 0.393246 0.413958 0.0134594 -0.00291399 -0.0432313
0.415455 0.337788 0.382157 -0.00918906 -0.0167277 0.0116017 0.407984 0.341726 0.380022 -0.0122662 -0.0115208 0.0138574
0.453261 0.514619 0.442628 -0.00408964 -0.0315618 -0.028292 0.45288 0.515267 0.442991 -0.0132451 -0.0309982 -0.0307311
0.36222 0.423816 0.49454 0.000255827 -0.00285575 -0.0111049 0.365508 0.425342 0.494485 0.00239638 0.00418316 -0.0163212
0.451667 0.414182 0.438133 -0.0250098 -0.0112149 -0.021708 0.445978 0.409694 0.427018 -0.0301133 -0.00738495 -0.0260281
0.419064 0.355572 0.441537 0.0241298 0.0429861 -0.0405739 0.41348 0.352254 0.434274 0.0228333 0.044718 -0.0374573
0.442262 0.387868 0.386996 0.0323406 0.0189401 -0.00999941 0.441913 0.386659 0.390883 0.029703 0.0251255 -0.00672989
0.470384 0.50481 0.490301 -0.0428878 0.00662235 -0.0065601 0.461459 0.496764 0.491789 -0.0468247 0.0145941 -0.00609167
0.506806 0.616893 0.484091 0.0235967 0.00799479 0.019883 0.511886 0.619125 0.483635 0.0219245 0.0168807 0.0176467
0.508504 0.486113 0.509436 0.0449968 0.0129946 0.00653892 0.5126 0.495605 0.515486 0.0403159 0.00679579 0.00457754
0.465094 0.475111 0.444059 -0.00271766 -0.0337648 0.0233741 0.471124 0.472473 0.448868 -0.00766916 -0.0313196 0.0192235
0.459523 0.446784 0.404036 0.0100053 -0.0387705 -0.00292546 0.467336 0.446957 0.404581 0.00476166 -0.0407844 0.000465671
0.454391 0.401783 0.45883 0.0217583 0.0124834 0.0553116 0.460218 0.400898 0.449966 0.0169888 0.012626 0.0547128
0.439717 0.400546 0.440181 -0.0454605 -0.00536717 0.014734 0.445083 0.400996 0.443214 -0.0499949 -0.00672582 0.0172438
0.489491 0.450868 0.461807 -0.0551917 -0.00356081 -0.0158039 0.499476 0.446882 0.448508 -0.047705 -0.0130105 -0.0144109
0.456384 0.449699 0.473977 -0.0266802 0.0407604 0.0418869 0.453179 0.45177 0.4781 -0.0256168 0.040128 0.046099
0.458456 0.440358 0.447992 -0.0286069 -0.0288165 0.0116651 0.456359 0.428385 0.442856 -0.0317537 -0.0327825 0.00807983
0.503804 0.422881 0.394002 0.0339066 -0.00488377 -0.0179418 0.497803 0.417281 0.390835 0.0301588 -0.00240576 -0.0126719
0.419022 0.441635 0.418919 -0.00122425 0.016429 -0.0449242 0.410684 0.438268 0.423373 -0.00232603 0.020277 -0.0362753
0.429959 0.350059 0.400886 -0.0190482 -0.0602411 -0.0448728 0.433355 0.359671 0.402355 -0.0132808 -0.0613592 -0.0377653
0.442824 0.393171 0.503662 -0.0231867 0.0245503 -0.0411817 0.430757 0.393689 0.505054 -0.0242779 0.0245665 -0.0426957
0.519212 0.440992 0.578409 0.0236745 -0.00277762 0.030593 0.512122 0.446255 0.578286 0.0242417 -0.00171864 0.0307368
0.453675 0.39978 0.443803 -0.0444621 0.00817142 -0.0172449 0.454532 0.3987 0.443928 -0.0439254 0.00814646 -0.0208365
0.49067 0.403251 0.46233 -0.0163506 0.00344885 -0.0243233 0.495206 0.399635 0.466459 -0.0152428 0.00550806 -0.0283782
0.416183 0.416092 0.452922 0.0271937 -0.0211197 0.0222085 0.409966 0.412614 0.447323 0.0259103 -0.0157398 0.0268122
0.440863 0.411505 0.457437 -0.00215148 -0.0404244 0.000178971 0.438219 0.419815 0.466068 -0.00710277 -0.033397 0.0037412
0.454134 0.392876 0.366951 -0.0197884 -0.0327195 -0.00980873 0.45598 0.389634 0.386525 -0.0139735 -0.0297842 -0.00928088
0.507559 0.405105 0.464921 -0.0147806 -0.0242151 0.023413 0.511934 0.41198 0.460957 -0.0101693 -0.0265485 0.0224282
0.4111 0.363018 0.404564 -0.0208073 0.0233698 0.00963543 0.401907 0.356422 0.401654 -0.0214863 0.0199587 0.0172934
0.332653 0.436088 0.400922 0.0295098 0.0518741 -0.0251885 0.325838 0.434839 0.393868 0.030475 0.0485165 -0.0255679
0.424545 0.432717 0.437952 -0.0189854 -0.0237832 -0.0273743 0.425209 0.436105 0.440555 -0.00674213 -0.0213253 -0.0290699
0.402666 0.438266 0.399677 -0.012755 -0.0300491 -0.0149491 0.406738 0.440484 0.400644 -0.00151795 -0.0237232 -0.0195912
0.445862 0.436664 0.404514 -0.00875957 0.00396141 -0.0255885 0.457791 0.427964 0.408336 -0.00955828 0.00245516 -0.0279712
0.615022 0.519043 0.715801 -0.289329 0.158975 -0.201891 0.617166 0.523667 0.725763 -0.298269 0.157362 -0.197367
0.508516 0.463338 0.479772 0.028354 -0.127007 0.123689 0.509941 0.462832 0.484906 0.0193631 -0.120371 0.115618
0.76591 0.552824 0.712149 -0.107047 -0.233756 0.324212 0.785123 0.572344 0.736852 -0.119461 -0.240382 0.32524
0.509539 0.540243 0.58712 0.25513 -0.206041 0.162085 0.510605 0.54355 0.594224 0.251475 -0.191089 0.158254
0.846365 0.85976 0.861761 0.45393 0.243601 0.205663 0.836354 0.863295 0.86777 0.451099 0.258893 0.22744
0.490989 0.592085 0.535726 0.072065 -0.16091 -0.198693 0.491213 0.593123 0.533243 0.0716724 -0.165022 -0.200177
0.709976 0.624825 0.704687 -0.178991 -0.101094 0.244704 0.696068 0.621418 0.699333 -0.184953 -0.104967 0.252657
0.407786 0.469706 0.390317 0.0590335 0.00856785 0.129318 0.413968 0.480468 0.385694 0.0551343 0.00904489 0.127714
0.656993 0.754293 0.519821 -0.0623102 -0.223846 -0.0451798 0.646578 0.741584 0.499701 -0.0626769 -0.217289 -0.0458232
0.734669 0.777591 0.624882 -0.103763 -0.341017 0.322589 0.726805 0.777031 0.615871 -0.0968724 -0.342005 0.319866
0.512958 0.44996 0.574193 -0.0426578 -0.0368259 0.013357 0.513591 0.453142 0.581157 -0.056578 -0.0387897 0.0170067
0.695553 0.534184 0.607861 0.103997 -0.0719109 -0.108332 0.699537 0.514922 0.61953 0.117544 -0.0867119 -0.113126
0.720348 0.882909 0.894794 0.50711 -0.11821 0.0834958 0.727524 0.897878 0.903474 0.507388 -0.11485 0.0942329
0.367656 0.402677 0.38924 -0.00648816 0.0413415 0.241099 0.361558 0.393452 0.391262 0.00138416 0.0375404 0.228664
0.445254 0.472933 0.428974 -0.093993 -0.154367 -0.0700724 0.464362 0.489569 0.430167 -0.0935728 -0.150541 -0.0594678
0.467986 0.496856 0.433489 -0.0365874 -0.315785 -0.0776427 0.469095 0.497615 0.428782 -0.0320998 -0.308283 -0.0689004
0.48276 0.579441 0.656881 0.251913 0.0512696 0.101968 0.484593 0.594949 0.673017 0.258155 0.0621976 0.0999039
0.645638 0.647858 0.770325 0.0938119 0.402809 0.204871 0.635408 0.63742 0.764431 0.0940839 0.399808 0.201613
0.468032 0.549908 0.557121 -0.0593418 -0.126171 -0.0637701 0.469086 0.548924 0.560924 -0.0518175 -0.123895 -0.0647554
0.502533 0.567367 0.406379 0.137714 0.16824 0.147614 0.508601 0.57415 0.390749 0.135736 0.155164 0.129023
0.345388 0.356212 0.359229 0.154747 0.237713 0.0472791 0.353773 0.365553 0.363541 0.1455 0.239491 0.0454981
0.427113 0.510401 0.457042 0.247955 -0.00822485 0.067948 0.431976 0.517587 0.46149 0.238768 -0.00891074 0.0664818
0.832971 0.742298 0.857039 0.241912 -0.106559 -0.000142743 0.814701 0.723197 0.821493 0.249268 -0.0950929 -0.00500261
0.335394 0.332747 0.35874 0.02717 -0.0834237 -0.0402309 0.331472 0.335143 0.364124 0.0338027 -0.0796434 -0.0335154
0.995941 0.957017 1.01213 0.0857086 0.11609 0.681517 0.992688 0.932643 1.01163 0.0933144 0.110695 0.685945
-0.180522 -0.180497 -0.173714 -7.92319e-09 -2.97384e-08 3.598e-09 -0.180569 -0.178382 -0.167294 0 -0 0
0.29905 0.290843 0.295561 4.23444e-08 -2.3453e-09 -4.20547e-08 0.298517 0.287291 0.295527 0 0 -0
0.350811 0.355904 0.356139 -1.28957e-07 -6.4343e-08 -6.84167e-08 0.345704 0.35287 0.353143 0 0 0
0.436524 0.442773 0.439347 -1.10982e-09 -3.16632e-08 -4.91786e-08 0.433446 0.436348 0.434995 0 0 0
0.246836 0.273325 0.247727 6.05683e-09 -1.87737e-08 4.30126e-09 0.245588 0.273361 0.242553 0 0 0
0.353803 0.348828 0.353419 6.26056e-09 -4.55172e-08 -4.2267e-08 0.355295 0.339796 0.354877 0 0 -0
0.084101 0.0813936 0.115509 -3.36909e-08 -4.48772e-08 -4.52739e-08 0.0774467 0.077032 0.114711 0 -0 0
-0.223713 -0.237503 -0.237588 -1.28171e-08 -2.21125e-08 -8.55688e-09 -0.2178 -0.240877 -0.240644 0 0 0
-0.0284686 -0.0379702 -0.0384525 -3.86439e-08 1.56759e-08 -5.9094e-09 -0.0272056 -0.0380904 -0.0420233 -0 0 0
0.416216 0.419997 0.417177 1.65756e-08 -1.04332e-09 -1.25385e-07 0.408277 0.424523 0.419767 0 0 0
0.143418 0.141061 0.137904 -1.74549e-08 4.07974e-08 -2.57571e-08 0.142209 0.140022 0.134074 0 0 0
0.681745 0.680874 0.681624 -1.71168e-08 3.54584e-08 2.66302e-08 0.686432 0.681745 0.678839 0 0 0
-0.0592269 -0.0616181 -0.0643956 -4.50423e-09 -4.39041e-08 -3.2134e-08 -0.0557185 -0.0569761 -0.0671373 0 0 0
0.483064 0.485923 0.481175 5.75199e-08 2.07932e-08 -2.0017e-08 0.487039 0.491546 0.476499 -0 0 0
0.268213 0.276251 0.273038 1.08366e-08 5.83112e-08 7.24076e-09 0.268408 0.279831 0.27693 0 -0 0
0.466514 0.456535 0.457876 6.58511e-08 2.44931e-08 -7.31519e-08 0.46877 0.451829 0.456885 0 0 -0
0.614356 0.615253 0.615852 -1.06398e-07 -5.27983e-08 4.72511e-08 0.611581 0.619025 0.620789 0 0 0
0.146613 0.145911 0.155937 8.38251e-08 -1.65309e-08 3.47998e-08 0.145583 0.14326 0.155804 0 0 0
0.107392 0.108656 0.110313 8.28465e-08 -1.13182e-07 9.19176e-09 0.105374 0.108781 0.109133 0 0 0
0.136073 0.135996 0.132276 1.59483e-08 7.59954e-09 6.06363e-08 0.134989 0.134875 0.128525 -0 0 0
0.0769322 0.0682586 0.0705831 6.49379e-10 9.31332e-08 5.25684e-08 0.0769395 0.0660744 0.0716078 0 0 0
0.601791 0.599681 0.5991 1.02453e-07 1.74752e-08 1.38027e-08 0.607063 0.601643 0.595968 0 0 0
0.088231 0.0919787 0.116287 -1.21727e-08 -6.09862e-08 3.82928e-08 0.0879526 0.0833863 0.115451 0 0 -0
0.671126 0.668777 0.669046 1.29392e-08 -8.43125e-08 -5.25954e-08 0.677742 0.668661 0.667298 0 0 0
-0.176584 -0.178838 -0.179657 1.47522e-08 -3.59368e-08 -3.9166e-10 -0.171204 -0.174475 -0.178621 0 0 0
0.0579783 0.00866892 0.0324731 0.00801539 0.0129569 0.0151321 0.0589898 0.00687377 0.0314435 0.0105006 0.00748173 0.012436
0.0415165 0.0106754 0.0164042 -0.000633205 0.00722728 -0.0128528 0.0418313 0.00548645 0.014592 0.0012484 0.00383685 -0.0121875
0.0112905 0.011827 0.0293817 -0.00726793 0.0154512 0.00604178 0.00800546 0.0187456 0.0279598 -0.00737083 0.0124776 0.00677049
0.0230912 0.0305498 0.0291219 -0.0105051 0.00562438 0.00344316 0.02106 0.0301729 0.0247506 -0.0046167 0.00201469 0.00753012
0.0212222 0.00859256 0.00964531 0.0145511 0.0295337 -0.00239776 0.0224803 0.00759204 0.00664796 0.0163148 0.0282773 -0.00471497
0.00262456 -0.0168482 0.0208437 -0.0131316 -0.00655483 0.0100559 0.000295988 -0.0127507 0.0188854 -0.00950827 -0.0075546 0.013716
0.0439855 0.020155 0.0331156 0.00805342 0.0121203 0.000648952 0.044642 0.0212311 0.0261276 0.0125274 0.00905799 -1.9321e-05
0.015506 0.0129909 0.0354452 0.0148355 0.0131781 0.0217627 0.010757 0.00746204 0.0293294 0.0158106 0.0133363 0.022473
0.0354787 0.000169943 0.0210172 0.00393062 0.0205379 0.0180529 0.034228 0.00147444 0.0204877 0.00809497 0.019215 0.0166585
0.0126265 0.0106604 0.0146991 0.0191837 0.00345745 0.00820182 0.011399 0.0102531 0.0136956 0.0218155 -0.00190062 0.00915164
0.036429 0.0486533 0.0161263 0.00218798 -0.000205007 0.00766195 0.0368725 0.0497764 0.00734068 -0.000555864 -0.00249747 0.0117462
0.0177916 0.0345212 -0.0210537 0.00117226 -0.014754 -0.00859682 0.0137578 0.0357153 -0.0235905 0.0027562 -0.0158409 -0.00752938
0.0597736 0.063654 0.0276942 -0.00838574 -0.004799 0.0238829 0.0546604 0.0593723 0.0179874 -0.00562738 -0.00599673 0.0284289
0.0633309 0.0225093 0.0362792 -0.0112106 -0.00416188 7.42853e-05 0.062073 0.0236732 0.0335825 -0.0163966 -0.0114124 0.000507747
0.0704352 0.075153 0.0454045 0.00202716 -0.00902064 0.00953944 0.0659975 0.0762861 0.0394346 -0.00208636 -0.0099196 0.0116669
0.0336633 0.00145443 0.000375692 -0.0303569 -0.000451893 -0.0217209 0.0328336 0.00685565 -0.00126772 -0.0298 0.00183991 -0.0204346
0.0380967 0.0230309 -0.00661697 0.0145129 0.0125609 -0.00539981 0.0294669 0.0276381 -0.0177429 0.01374 0.0100376 -0.00692182
0.0126457 0.000429605 -0.0231148 -0.0193974 0.010892 -0.00460221 0.0082737 0.00793383 -0.0243486 -0.0167428 0.0095742 -0.00548839
0.00595764 0.0425356 0.013815 0.00776244 -0.0288007 0.00373171 -0.00159426 0.0431426 0.00590086 0.00328645 -0.0304928 0.00170179
0.00391964 0.0455802 0.0017112 0.00185696 0.00725653 0.00562594 -0.00159849 0.0512565 -0.00376784 -0.000330802 0.00354043 0.00687404
-0.00437343 -0.0138405 -0.0113636 -0.00764837 0.0132862 0.0204329 -0.00809089 -0.00696787 -0.0129518 -0.00982571 0.0161883 0.0204187
-0.0191383 0.0105137 -0.00862447 -0.0393236 0.00730667 0.00651686 -0.0158464 0.00726324 0.00153506 -0.0390613 0.00422988 0.0120871
0.0175742 -0.00134636 -0.0281378 -0.0342288 -0.0192017 -0.000747602 0.0184413 -0.00346614 -0.0276514 -0.0388461 -0.0172206 0.00504358
-0.00605507 -0.0212055 -0.0381928 0.0185076 -0.0179057 -0.00227125 -0.0116021 -0.0136703 -0.0456799 0.0191284 -0.0155466 -0.0020971
0.00279404 -0.00986952 0.0237917 -0.0158767 0.0219101 -0.016961 0.00717713 0.00469982 0.0227665 -0.00823105 0.0166307 -0.0197132
0.000445279 0.00650699 0.00657085 -0.0223028 0.00454265 0.0239597 0.00295694 0.00427938 0.00923293 -0.0272297 0.00158747 0.029684
0.00104766 -0.000359337 0.035144 -0.0116504 -0.0109939 -0.00663649 -0.00808111 0.00187596 0.0339569 -0.0123669 -0.0148798 -0.00559438
-0.0343926 -0.00721951 -0.0397807 0.0159306 -0.00316712 0.0346124 -0.0339301 -0.0102894 -0.0416294 0.0205274 -0.00283731 0.0313291
0.00169809 -0.0164648 -0.0131657 0.00481885 0.00671863 0.000348241 -0.00448071 -0.0113041 -0.00480401 0.00335049 0.00305006 0.00145935
0.0286636 0.000858341 -0.0121029 0.00197652 0.0108412 0.0179806 0.0359829 -4.78395e-06 -0.00260512 0.00297469 0.0056904 0.017887
0.0127721 -0.0161216 0.000164213 -0.0226593 -0.00643926 -0.0434619 0.0112759 -0.0167811 0.0109463 -0.0222157 -0.00790349 -0.0462465
-0.0192791 -0.0623864 -0.0120218 0.0186979 -5.89481e-05 -0.0147494 -0.0155415 -0.0659603 -0.0100511 0.0137789 -0.00573306 -0.0170389
-0.0371108 -0.0386647 -0.0455621 -0.0234789 0.00335184 -0.00753995 -0.0449921 -0.03348 -0.0437763 -0.0229574 0.0059187 -0.00718593
-0.0115266 0.0198303 -0.0720808 0.00477125 -0.00802307 0.00687353 -0.00939586 0.0276563 -0.0779335 0.00480454 -0.00370525 0.00931762
-0.00280342 -0.0576934 -0.0224052 0.00600212 0.00978984 -0.00746987 0.00781809 -0.0580479 -0.0163735 0.00320346 0.00812574 -0.00400725
-0.0020825 -0.0499178 0.0156521 0.00284226 0.0304229 -0.0241758 -0.000916636 -0.0398777 0.0128827 -1.7284e-05 0.030324 -0.0222268
0.00586896 -0.0349629 -0.0480599 0.03948 -0.00765627 0.0140134 0.00353105 -0.0339527 -0.0395275 0.0465723 -0.00855383 0.0132847
-0.0296708 -0.0365603 0.00530252 -0.00483858 0.0156607 -0.025086 -0.0256402 -0.0337501 0.0115559 0.00111812 0.00983293 -0.0235534
-0.0416712 -0.03887 -0.0029265 -0.0201553 -0.000280293 -0.00520343 -0.0444696 -0.0331845 -0.00512031 -0.0181285 0.00939793 0.00227509
0.00915148 -0.0105366 -0.0176774 0.0264632 0.0238856 0.00130709 0.0122911 -0.0145377 -0.0175768 0.0231096 0.0282186 -0.00681895
-0.0625101 -0.059239 -0.0552705 -0.00421473 0.0113413 0.0176348 -0.0615946 -0.0581871 -0.0521398 -0.00697312 0.013734 0.0162102
-0.0154896 -0.0225038 -0.0377016 -0.0429064 0.0257455 0.00358885 -0.0139724 -0.0224233 -0.033275 -0.0386177 0.0255622 0.00775867
-0.0817094 -0.0855735 -0.0720358 -0.025792 -0.00569552 -0.0277678 -0.0711567 -0.0847544 -0.0706285 -0.0292126 -0.00696725 -0.030828
-0.0544006 -0.0942665 -0.0775263 -0.00153271 0.00888725 -0.00332722 -0.0462549 -0.082917 -0.0692941 0.00321515 0.00461793 -0.00892309
-0.062842 -0.0133168 -0.0517042 -0.000528159 -0.0136315 0.0157655 -0.059473 -0.00917052 -0.0466552 -0.00155401 -0.0197984 0.0193471
-0.0524622 -0.0549716 -0.061877 0.0078838 0.0237092 0.00855381 -0.0425927 -0.0546525 -0.0596395 0.0129505 0.0299786 0.00191287
-0.0093888 -0.0603585 -0.0378372 -0.0104286 0.00239364 -0.00783956 -0.0091316 -0.0582795 -0.0371293 -0.00684244 -0.00184333 -0.00708839
-0.0945558 -0.127524 -0.0505657 -0.020048 -0.00552224 -0.0181392 -0.0976726 -0.130068 -0.0476364 -0.0219824 -0.00536225 -0.0163311
-0.0656807 -0.0215466 -0.0994337 0.00953638 -0.00647519 0.0184212 -0.053798 -0.0103526 -0.0966905 0.00627216 -0.00859679 0.0173787
-0.0370145 -0.0268684 -0.00374728 0.00927069 -0.0303557 0.00264251 -0.0365791 -0.0193383 -0.00234843 0.00811361 -0.0259255 0.00215509
0.0327862 -0.0410686 -0.0292062 0.03354 0.0138572 0.0374745 0.0315991 -0.0407389 -0.0239172 0.0372939 0.0170623 0.0399379
-0.105041 -0.107346 -0.087404 0.0203056 0.0169521 0.0273092 -0.0982314 -0.104362 -0.0844532 0.0167847 0.0194419 0.0320552
-0.0868235 -0.105954 -0.122598 0.0111074 0.00117897 -0.0236384 -0.0764505 -0.103682 -0.119289 0.0125451 0.00913142 -0.0215874
-0.131487 -0.162521 -0.129313 0.0163395 0.0343672 -0.00678423 -0.121005 -0.155259 -0.128729 0.012803 0.0373716 -0.00949386
-0.070531 -0.0324315 -0.0959727 -0.0705508 -0.0182864 -0.0186429 -0.0627573 -0.0427374 -0.0955433 -0.0726768 -0.0103589 -0.0103661
-0.0612236 -0.0296171 -0.0425283 0.015219 0.0105682 -0.0245345 -0.051714 -0.0270242 -0.0422779 0.0120276 0.00906463 -0.0204198
-0.0507118 -0.0911058 -0.0515763 -0.00719297 -0.0126619 -0.00304801 -0.0464483 -0.0883288 -0.0451871 -0.008705 -0.0119071 -0.00804213
-0.0863638 -0.146576 -0.131424 -0.0383217 -0.0300801 0.013275 -0.0862865 -0.135133 -0.134606 -0.0396731 -0.0277632 0.0193626
-0.100881 -0.110209 -0.110596 0.0627755 0.00362044 0.0120825 -0.097168 -0.107299 -0.101869 0.0628973 0.00551676 0.0116084
-0.102895 -0.105201 -0.0794279 -0.00846109 0.0179626 0.0169027 -0.0976177 -0.0985034 -0.0849998 -0.00319481 0.0253124 0.0225834
-0.145029 -0.118973 -0.12768 -0.00243742 -0.0154682 0.0367598 -0.149075 -0.12241 -0.128136 0.000764105 -0.00835651 0.0383102
-0.137442 -0.143264 -0.162654 -0.00507516 -0.00474673 -0.0218495 -0.137398 -0.148749 -0.161613 -0.0103903 -0.0034084 -0.0173139
-0.06045 -0.080477 -0.100306 0.00398717 -0.00748319 -0.0496519 -0.0627407 -0.0824413 -0.0998809 0.00216605 -0.0106328 -0.0595544
-0.0583943 -0.0966607 -0.116075 -0.000777003 -0.0254392 0.0113901 -0.0522292 -0.0978895 -0.116938 -0.00169315 -0.0317363 0.0117735
-0.105308 -0.0487111 -0.0542526 0.056558 -0.0463077 0.0218661 -0.113055 -0.0478672 -0.055598 0.0555473 -0.0499502 0.0256529
-0.123301 -0.153669 -0.126159 -0.0269675 0.0108594 -0.00790326 -0.130505 -0.163601 -0.121842 -0.021273 0.0147398 -0.0105468
-0.175067 -0.1791 -0.183569 0.00785938 0.0223833 -0.000782529 -0.186758 -0.176423 -0.184392 0.00472222 0.0216104 -0.00609488
-0.158064 -0.137631 -0.155905 -0.027155 0.0122155 0.00126188 -0.159005 -0.133997 -0.154103 -0.0274713 0.0212327 0.00269574
-0.126686 -0.0714476 -0.147781 -0.0299193 0.0173702 -0.00767551 -0.122617 -0.0695567 -0.142957 -0.0306701 0.0210315 -0.0112802
-0.0542988 -0.118444 -0.131025 -0.026765 0.0326654 0.0189833 -0.0549875 -0.119837 -0.125124 -0.0251728 0.033267 0.0204937
-0.106543 -0.122921 -0.111972 -0.0295666 0.00260879 0.0342177 -0.106177 -0.120741 -0.105228 -0.0325649 0.00486306 0.0400757
-0.104761 -0.114265 -0.121245 -0.00610728 0.0483443 -0.0120006 -0.0957208 -0.116043 -0.117 -0.00730077 0.0514701 -0.0148898
-0.0744891 -0.125735 -0.120375 -0.00921068 0.0098378 0.0339568 -0.0755487 -0.122246 -0.127714 -0.00967707 0.019948 0.0304683
-0.110509 -0.105223 -0.137561 0.00540921 0.00937213 -0.0309039 -0.0939652 -0.096089 -0.115513 0.00396235 0.0106531 -0.033116
-0.113251 -0.088877 -0.0937389 -0.00192676 0.0092858 0.00796058 -0.118866 -0.0817173 -0.0926 -0.000605926 0.0059875 0.00191275
-0.113662 -0.101334 -0.112698 0.0063791 -0.0218948 0.0111832 -0.109459 -0.0987809 -0.109453 0.00627491 -0.0248546 0.0127736
-0.127613 -0.121001 -0.128827 -0.0261251 -0.00573015 0.0100724 -0.138115 -0.113039 -0.128209 -0.0283837 -0.00631293 0.0115581
-0.0988366 -0.161816 -0.0867274 0.0545842 0.00176583 0.0034565 -0.0998301 -0.165629 -0.0828882 0.0565148 0.0107544 0.00488546
-0.0822844 -0.180954 -0.12284 0.0153607 0.0265799 0.0290131 -0.0879805 -0.184763 -0.122978 0.024135 0.0281468 0.028348
-0.0711119 -0.0792301 -0.0889031 0.0122861 -0.0192322 -0.0166573 -0.0608561 -0.0693584 -0.103801 0.0190128 -0.0208477 -0.0171945
-0.055018 -0.074669 -0.0632442 -0.00516756 -0.0220194 0.0111441 -0.0526782 -0.0652453 -0.0836053 -0.00318254 -0.0221306 0.00580778
-0.0788663 -0.0236966 -0.077547 0.0289867 0.0053681 -0.00100136 -0.0734231 -0.0155524 -0.0943847 0.0313115 0.0068789 -0.00369346
-0.0645746 -0.0641146 -0.0432544 -0.0113163 0.0321043 0.0123225 -0.0540392 -0.050038 -0.0543705 -0.00938639 0.035995 0.0131634
-0.0420764 -0.0253199 -0.0664237 -0.00469716 -0.0162456 -0.0116575 -0.031921 -0.0141516 -0.0787643 -0.00871024 -0.0163446 -0.0144784
-0.0563922 -0.0593091 -0.0382331 -0.0166363 -0.0180086 0.0180137 -0.0469187 -0.0495752 -0.0571619 -0.0261446 -0.0184393 0.0221124
-0.0373577 -0.0369618 -0.0435512 0.00770004 -0.00225701 0.0275339 -0.0288217 -0.0323493 -0.0570982 0.00899315 -0.00916729 0.0289138
-0.0859907 -0.0893196 -0.0778708 -0.00785831 -0.0221998 -0.0130242 -0.0829756 -0.0843331 -0.0987348 -0.00964671 -0.0160315 -0.0159609
-0.0412454 -0.0907202 -0.0726951 -0.0202055 -0.0323126 -0.00283381 -0.0313403 -0.0831655 -0.0866696 -0.0218483 -0.0346473 -0.00384761
-0.0592125 -0.0797109 -0.0726046 -0.00231548 0.0038784 -0.00435433 -0.0581441 -0.0750213 -0.0879067 0.00296839 0.00205503 -0.00806948
-0.0640155 -0.0428855 -0.0220119 -0.00402194 0.00191063 -0.0136575 -0.0505039 -0.038622 -0.0365201 0.000119765 0.000661258 -0.0121731
-0.0629863 -0.084335 -0.0479736 0.00856447 -0.00457763 0.000902635 -0.0534149 -0.0837075 -0.0604759 0.00337012 -0.00628669 0.00324294
-0.0514524 -0.0483332 -0.0587725 0.00640626 0.0210574 0.00464147 -0.0437793 -0.0412955 -0.0717154 0.0122682 0.0212648 0.0047072
-0.0372275 -0.0446608 -0.0614411 -0.0115675 -0.0173378 0.00241715 -0.0270905 -0.0332534 -0.0852488 -0.0131154 -0.0187126 0.00696146
-0.069729 -0.0857725 -0.0548127 -0.00095141 -0.0128807 -0.0224257 -0.0646972 -0.0816633 -0.0715811 0.00198059 -0.0102634 -0.0252649
-0.105467 -0.049412 -0.0606454 -0.0023326 0.0380658 -0.00853465 -0.0975364 -0.039704 -0.0755421 0.000252215 0.0392077 -0.00682149
-0.0699456 -0.063946 -0.0829138 -0.00512243 0.00323546 -0.0206123 -0.0612711 -0.0519991 -0.095697 -0.00440956 0.000431493 -0.0219118
-0.0276253 -0.0094981 -0.0413085 0.00960231 0.00380493 0.00262018 -0.0172193 -0.00230503 -0.0510868 0.00884898 0.00445274 0.000348792
-0.0710565 -0.0255155 -0.0404887 0.00944516 -0.0112874 0.00138346 -0.0651707 -0.018211 -0.0572321 0.0102285 -0.0138297 -0.0013894
-0.0661507 -0.0583313 -0.0706161 0.0210113 -0.0057207 0.013935 -0.0528861 -0.053936 -0.0905693 0.0204531 -0.00257836 0.00979148
0.533093 0.468752 0.485263 0.0154678 0.0472574 -0.0506344 0.538544 0.465549 0.480832 0.00834161 0.045554 -0.0515612
-0.0508092 -0.0044572 -0.0154786 -0.00471738 0.0386931 0.0130365 -0.0421881 -0.000358085 -0.0292978 -0.00830434 0.038829 0.00906364
-0.113275 -0.101085 -0.0911382 0.00196765 0.00771028 0.00798533 -0.102653 -0.0930504 -0.114611 0.00216929 0.00581707 0.00804939
-0.0704137 -0.10889 -0.0772652 -0.0199601 0.00948421 -0.00857261 -0.060483 -0.097054 -0.0915854 -0.013576 0.00794771 -0.00750159
-0.0602312 -0.0186598 -0.0609943 0.0155796 -0.00211627 0.0285279 -0.0560363 -0.00954831 -0.0738864 0.00805475 0.00170108 0.0248694
-0.0510787 -0.057568 -0.0979622 0.0108562 0.0189996 -0.00804212 -0.0404444 -0.0469416 -0.118592 0.0168758 0.0151697 -0.00758081
-0.0554233 -0.0415882 -0.0842964 0.00863119 -0.00150418 0.0134951 -0.0487791 -0.0340497 -0.0994129 0.00670117 -0.00224495 0.0191443
-0.0556618 -0.0456273 -0.0409914 -0.00951754 -0.0168701 -0.0067855 -0.0454491 -0.0337124 -0.0601011 -0.00937471 -0.0211818 -0.00435332
-0.0590218 -0.0770785 -0.0548801 0.0097482 -0.00440786 0.00302019 -0.0560879 -0.0715934 -0.0717978 0.00613224 -0.00254892 0.00138593
-0.0928351 -0.0839932 -0.10018 -0.0132027 -0.0055888 -0.014357 -0.0873404 -0.0758509 -0.120255 -0.010506 -0.0106237 -0.0148833
-0.067206 -0.0445206 -0.0958867 0.0100401 0.00502819 0.0096059 -0.0568148 -0.0413345 -0.116476 0.00838808 0.00604769 0.0115322
-0.00595935 -0.0326179 -0.0360507 0.00195357 -0.000194153 -0.023173 0.00631254 -0.0337049 -0.0508038 0.00416537 -0.00604178 -0.0215748
-0.020014 0.0139589 -0.0129773 0.00537561 0.0124476 -0.00424471 -0.0107051 0.0181559 -0.0289141 0.00876556 0.0168128 -0.00341144
-0.111329 -0.0716428 -0.0951366 0.0254635 0.0186014 0.0136416 -0.101682 -0.0591521 -0.108892 0.0243551 0.0215297 0.0151112
-0.0244895 -0.0438571 -0.0364681 -0.00128184 -0.00923626 -0.0146639 -0.0201516 -0.0343122 -0.0519214 0.00369863 -0.0125373 -0.0143257
-0.0613537 -0.0363715 -0.0456331 -0.0204637 0.00475616 -0.003125 -0.0513636 -0.0279149 -0.0629859 -0.017045 0.0117761 -0.00136241
-0.0349166 -0.0375946 -0.0270082 -0.00499033 0.0115379 0.0208797 -0.0284642 -0.0272115 -0.0446773 -0.0039519 0.00945614 0.0236763
-0.0721211 -0.0358952 -0.0697733 0.0341559 0.0260157 0.00624479 -0.0602203 -0.0244213 -0.089891 0.0340765 0.0278204 0.0102239
-0.0460686 -0.0341548 -0.0331941 -0.021656 -0.014018 0.0133461 -0.041164 -0.0200584 -0.0472636 -0.0145112 -0.0171221 0.015691
-0.0690494 -0.0509907 -0.0713677 0.00670777 0.00146021 0.0257765 -0.0682399 -0.0452909 -0.09998 0.00576166 0.00184785 0.0227197
-0.073245 -0.0554445 -0.122628 0.025966 -0.00656955 0.00537171 -0.0597771 -0.040957 -0.143437 0.02789 -0.00116075 0.00204097
-0.0286617 -0.0789141 -0.0690769 0.0068095 0.00450166 -0.00664297 -0.0209619 -0.069412 -0.0901096 0.00461743 0.0012648 -0.0152171
-0.065753 -0.059206 -0.0530324 -0.000380012 -0.016582 -0.0187554 -0.0490534 -0.0559447 -0.0707865 -0.00462775 -0.0170466 -0.0173017
-0.0641448 -0.0598009 -0.0428312 0.0282521 0.00682125 0.0197554 -0.0524903 -0.041905 -0.0574157 0.0317591 0.0031525 0.0206733
-0.0851904 -0.054204 -0.0517281 -0.000689714 0.00380294 -0.0186973 -0.0807424 -0.0329994 -0.0652715 0.00112275 0.00821376 -0.0222025
-0.0732865 -0.0615201 -0.0926694 -0.0110763 -0.00810809 0.00435435 -0.065373 -0.0551033 -0.1069 -0.00579869 -0.00822339 0.00535138
-0.0451892 -0.0864014 -0.0564414 0.0247157 -0.0191003 -0.0309474 -0.0403405 -0.0813622 -0.0743775 0.0287026 -0.0169757 -0.0284449
-0.0464428 -0.0453546 -0.0479743 0.0156615 -0.0246935 -0.00718739 -0.0436398 -0.0323414 -0.0701379 0.00802844 -0.0212718 -0.00813322
-0.0699831 -0.0259479 -0.0218951 -0.0299907 -0.00239948 -0.00967634 -0.0647343 -0.0205128 -0.0409281 -0.0286847 0.00154117 -0.00672151
-0.0304823 -0.0409278 -0.0491408 -0.024786 -0.00714826 -0.01069 -0.0275405 -0.0277634 -0.0656209 -0.0247908 -0.00456527 -0.0149783
-0.0441175 -0.0381661 -0.0359905 0.0153531 0.0131945 -0.0164685 -0.040526 -0.0233759 -0.0491482 0.0155605 0.00497493 -0.0129699
-0.0663008 -0.0945953 -0.0920805 -0.0217213 0.0275951 0.0131825 -0.0550286 -0.082939 -0.113679 -0.0204715 0.0306263 0.0141839
-0.0899393 -0.0903643 -0.111657 -0.0239545 -0.0120323 0.00892723 -0.0776213 -0.0865907 -0.13486 -0.0298343 -0.0104955 0.0110675
-0.0751373 -0.0523985 -0.0629621 -0.00864403 -0.00700786 -0.00518297 -0.0618743 -0.0414571 -0.0779963 -0.0102493 -0.00778992 -0.0052053
-0.0375264 -0.0496184 -0.0580868 0.0181428 0.00649553 -0.0062812 -0.0319796 -0.0431659 -0.0745164 0.0213753 0.002295 -0.00739272
-0.0131793 -0.0102361 -0.0669282 -0.00367335 0.000914045 0.0104148 -0.00850584 0.00108265 -0.0788278 -0.0112988 -0.00392106 0.00668773
-0.034172 -0.0728956 -0.0379437 -0.00905232 -0.00503151 0.0269532 -0.0222358 -0.066099 -0.0578521 -0.00457136 -0.00907132 0.0331563
-0.0728499 -0.0278872 -0.0627383 -0.00226293 0.0384503 0.00970199 -0.071269 -0.0135832 -0.0809865 -0.00453146 0.0365233 0.00738468
-0.0517984 -0.121576 -0.143253 0.0200639 0.0199105 -0.0137007 -0.0359059 -0.111687 -0.16 0.0199741 0.0176394 -0.00751141
-0.0898127 -0.103881 -0.0795569 0.000405731 0.00373006 -0.0344943 -0.0745909 -0.0944512 -0.10351 -0.00133227 0.00661668 -0.031088
-0.0250794 -0.0425686 -0.0779515 0.0131431 0.00682885 0.046176 -0.01075 -0.0351798 -0.0978618 0.0118904 0.00474176 0.048682
-0.147033 0.0485794 0.0861221 0.117759 -0.191015 0.22496 -0.190231 0.0405067 0.0807725 0.141187 -0.194027 0.270728
0.113372 -0.0875275 -0.0840476 -0.0888649 -0.094674 0.14869 0.130903 -0.0801967 -0.072655 -0.0634417 -0.102388 0.163737
0.130068 -0.0235499 0.108466 0.137123 -0.0963747 -0.171255 0.123735 -0.0271575 0.114594 0.139045 -0.103739 -0.177282
-0.0466049 -0.206774 0.0246238 -0.0157509 -0.139712 0.0204177 -0.0391892 -0.225707 0.043955 -0.0156642 -0.141519 0.02626
-0.310185 -0.333797 -0.288395 -0.22466 -0.0745497 0.0187071 -0.304696 -0.324088 -0.263993 -0.246634 -0.0432825 0.0282192
0.392044 0.0712096 -0.0277057 0.0478997 -0.132256 0.110409 0.377417 0.0538625 -0.0211042 0.06644 -0.141422 0.119643
-0.0486437 -0.0514745 0.279468 -0.00257092 -0.0381034 0.0478085 -0.057705 -0.0703108 0.28123 0.00119 -0.0471458 0.0501308
0.00893802 -0.194061 -0.245939 -0.0805615 -0.0032104 0.119771 0.00940417 -0.198304 -0.249792 -0.0979092 0.00158667 0.0717542
-0.0545178 -0.116298 -0.00416175 0.0339844 -0.121829 -0.028133 -0.0767667 -0.125172 0.0199867 0.03998 -0.128325 -0.03142
-0.302438 -0.22718 0.0954619 0.0577281 0.072705 0.0868063 -0.290713 -0.229652 0.0925967 0.04998 0.0728058 0.0750092
-0.18291 -0.154018 -0.249698 0.183626 0.0630018 -0.0165577 -0.181956 -0.109219 -0.246768 0.153504 0.0723025 -0.00392583
-0.108651 -0.0843207 0.0627479 0.0768392 0.162238 0.0882032 -0.111267 -0.0965508 0.0326075 0.0859683 0.182414 0.087635
-0.155109 -0.195779 0.0621763 0.0325632 -0.14835 0.0269315 -0.167185 -0.206052 0.0924825 0.0281242 -0.15618 0.0259133
0.114296 0.0724087 0.0452509 0.184305 -0.0618324 0.0239948 0.0985575 0.0673367 0.0201858 0.178459 -0.0600225 0.0314408
-0.00021713 0.0213842 0.0692997 0.0189591 -0.0692141 0.048426 -0.00866083 0.0197142 0.100316 0.0147558 -0.0799867 0.0484417
0.139448 -0.0494862 -0.098374 0.197829 0.122123 -0.139484 0.129367 0.00516083 -0.0623117 0.159318 0.0998175 -0.124245
-0.0513167 -0.184372 0.0675932 -0.0251114 -0.135956 -0.0142607 -0.0514175 -0.211353 0.0857158 -0.0239342 -0.139702 -0.0129408
-0.0137553 0.201326 -0.00880049 0.18236 -0.216314 -0.168913 -0.0336158 0.180908 -0.00805083 0.199996 -0.206926 -0.168733
-0.0538816 -0.0589602 -0.273527 -0.0257518 0.0722034 -0.0443808 -0.0675717 -0.0641067 -0.282616 -0.0510333 0.0625917 -0.0613258
-0.302432 -0.17968 -0.0981575 -0.0328781 0.0274288 0.149327 -0.288114 -0.191966 -0.113322 -0.0577325 -0.0214525 0.157566
-0.429788 -0.0632555 -0.246147 0.0879997 0.181659 0.153962 -0.471017 -0.11073 -0.211071 0.087625 0.185494 0.170205
-0.141178 -0.146132 -0.0547449 -0.01774 0.161993 0.100311 -0.156068 -0.156251 -0.0830075 -0.02291 0.165267 0.08479
0.0903226 -0.279734 -0.264875 0.0828988 -0.18105 -0.054202 0.0651492 -0.285259 -0.281377 0.0745208 -0.138623 -0.0558975
-0.119314 0.0523041 -0.102481 -0.0733363 -0.163307 -0.0969827 -0.0982592 0.0674 -0.0877 -0.06181 -0.156923 -0.0903
-0.327315 -0.293943 -0.316582 0.160315 0.0913861 0.056346 -0.298533 -0.292191 -0.299733 0.184801 0.0741725 0.0713808
-0.273078 -0.556192 -0.417737 0.0249818 0.0255233 -0.0490701 -0.296935 -0.565633 -0.365109 0.0273708 0.0340508 -0.0474317
-0.0596565 -0.143882 -0.133518 -0.00111898 0.087635 0.0874734 -0.0767842 -0.160657 -0.131774 0.00639 0.0857883 0.0888525
0.00105573 -0.140169 -0.0470281 -0.139229 0.0552289 -0.00431431 0.0223517 -0.143495 -0.0171833 -0.135696 0.05947 -0.0337542
-0.164263 -0.161767 -0.166793 -0.157796 -0.0226395 0.0538799 -0.131485 -0.114917 -0.169818 -0.178854 -0.0303333 0.0624633
-0.480073 -0.353116 -0.343414 0.0923773 -0.126141 -0.0314478 -0.480848 -0.341256 -0.353505 0.0771125 -0.117395 -0.0274042
-0.0642423 -0.134061 0.0721267 -0.00664994 -0.120286 0.0100401 -0.0726217 -0.145476 0.0972367 0.0045625 -0.129937 0.00801917
-0.0585415 -0.0901265 0.072925 -0.00741161 -0.0917633 -0.00251491 -0.0647708 -0.102466 0.09544 -0.00921583 -0.10341 -0.00227917
-0.0151117 -0.101221 0.0671938 -0.0249662 -0.111341 0.0236359 -0.0207433 -0.115321 0.0869942 -0.019245 -0.114593 0.02476
-0.0737919 -0.131223 0.0624687 0.00093864 -0.105088 0.00325694 -0.0752208 -0.143038 0.0848267 0.00131167 -0.11353 0.00353167
-0.0586392 -0.0947508 0.0582996 0.00685295 -0.108035 -0.00466677 -0.0680967 -0.105958 0.0796483 -0.0015575 -0.119738 -0.000808333
-0.062362 -0.115444 0.0615673 0.0227869 -0.10884 0.0181919 -0.073025 -0.128988 0.0883883 0.0243417 -0.117218 0.0144683
-0.0479352 -0.131554 0.0407986 0.00770341 -0.105151 0.00100663 -0.0558025 -0.149269 0.0642467 0.0104517 -0.113157 -0.0007475
-0.0769494 -0.0929299 0.0108462 0.0302181 -0.0844675 -0.0217528 -0.0821308 -0.1039 0.0362892 0.0288075 -0.0938017 -0.02584
-0.0438714 -0.124401 0.051464 -0.00739876 -0.110011 0.0114683 -0.0567758 -0.140207 0.0741225 -0.00454167 -0.119261 0.0106392
-0.0745591 -0.09741 0.0429533 0.0306509 -0.0992453 -0.000785434 -0.0832125 -0.110202 0.0654258 0.0263467 -0.104412 -0.0026925
-0.0568689 -0.105554 0.0730788 0.0129994 -0.0972611 -0.00859416 -0.06881 -0.126423 0.0844858 0.0100192 -0.104032 -0.0086775
-0.0728893 -0.121623 0.0603769 0.00404939 -0.10701 -0.0121035 -0.0770875 -0.130505 0.0858783 0.00191833 -0.11355 -0.0122933
-0.072952 -0.0744467 0.0194075 0.00592175 -0.0910218 -0.0176162 -0.0811833 -0.0924683 0.0424742 0.0030425 -0.101098 -0.0183892
-0.0663522 -0.138225 0.0196383 -0.00586713 -0.103234 -0.000706653 -0.0717592 -0.150486 0.04233 -0.0055375 -0.110354 -9.16667e-06
-0.0293946 -0.110425 0.0602682 0.000232254 -0.108946 -0.00395603 -0.0379275 -0.127507 0.0804992 0.0039725 -0.115986 -0.00175917
-0.0475516 -0.108243 0.040025 0.00408209 -0.105375 0.00222405 -0.0553925 -0.116795 0.0668 0.00455667 -0.108775 0.000949167
-0.0623754 -0.119375 0.0953543 -0.00179416 -0.129358 0.00424479 -0.0679242 -0.127829 0.120827 -0.0017525 -0.137328 0.00578833
-0.0753374 -0.110801 0.041199 -0.0105713 -0.0956173 -0.000129557 -0.0836458 -0.120198 0.0654625 -0.0076925 -0.09909 -0.000410833
-0.032304 -0.0931508 0.12085 0.0143541 -0.0929027 0.0108602 -0.0380117 -0.104591 0.141087 0.0119708 -0.103125 0.0102667
-0.0738828 -0.121874 0.0473346 0.0165468 -0.10607 -0.0150983 -0.073225 -0.13445 0.0707008 0.0150875 -0.112177 -0.0143917
0.00684971 -0.00444546 0.00672624 0.0243288 0.0213934 -0.00368187 0.0107726 -0.00425454 0.00190142 0.026386 0.0203322 -0.00264667
-4.68728e-05 -0.0169074 0.00977859 -0.00152246 -0.00961606 0.00764857 -0.000570525 -0.0107267 0.00861299 0.00140207 -0.0126484 0.00599136
0.0370122 -0.00257791 0.0258499 0.00310704 0.00840809 0.0033545 0.0393924 -0.00692614 0.0202886 0.00614352 0.00369287 0.00549836
0.0282365 0.0150522 0.0410661 0.00874467 0.00246166 0.00476502 0.0320556 0.0119918 0.0407844 0.0122108 -0.0010633 0.000976975
0.0110168 -0.00281761 0.0156937 0.00455668 0.00539138 0.0107944 0.00874756 -0.00338991 0.0106578 0.00585315 0.00161944 0.0112645
0.0205159 -0.009168 0.00681135 0.0121432 0.0158537 0.00413676 0.0207121 -0.0117441 0.000653858 0.0154934 0.0151395 0.00305972
0.0396478 -0.00555087 0.0263952 0.00705989 -0.00583905 -0.00278521 0.0381278 -0.00313457 0.0284231 0.011294 -0.00844019 -0.000760401
0.0137417 0.0204437 0.0208028 -0.00731906 0.0113927 0.00921201 0.0120873 0.016513 0.0147503 -0.00372988 0.00265559 0.0100703
0.0039697 0.0077237 0.0028952 0.00821083 0.0235836 -0.000498074 0.00307762 0.0072213 -0.00390062 0.0113818 0.0204173 -0.00141753
0.0425531 -0.0176392 0.0319947 -0.00928772 0.00902863 -0.00335502 0.0427277 -0.0105621 0.034741 -0.00886056 0.00410043 -0.00719232
-0.00322281 0.0185519 -0.0116647 0.0117894 0.0150593 -0.0210316 -0.011395 0.0188479 -0.0204082 0.00792673 0.0144756 -0.0226599
-0.0117039 0.00793882 0.018681 0.00817779 0.000773134 -0.0275919 -0.0164338 0.0132562 0.0108875 0.00543725 -0.000854136 -0.0239883
0.0213033 0.0057676 0.00835977 -0.0248837 -0.000748047 -0.00325432 0.0220528 0.00955806 -0.000411543 -0.0213675 -0.00266664 -0.00295664
0.00734611 0.0205108 0.00164647 0.000632057 -0.0128467 -0.00947319 -0.00414744 0.021355 -0.0120565 -0.00104713 -0.0118784 -0.0102948
-0.00541339 0.0368211 -0.0306788 -0.0032221 0.00155535 -0.00969469 -0.00756377 0.0395621 -0.0405539 -0.00835275 0.000970185 -0.0115412
0.0134442 0.0106382 0.03444 0.00697136 -0.00330321 -0.0144821 0.0057184 0.0130261 0.0292007 0.00954318 -0.00318 -0.0181876
0.0029423 0.00103667 0.0021796 -0.0205272 -0.0018384 -0.0126642 -0.005675 -0.00229068 -0.0106532 -0.0226133 -0.00587673 -0.00911225
0.0158377 0.0425761 0.0237239 -0.0193141 -0.0077097 -0.00570325 0.014166 0.0520086 0.0227233 -0.017375 -0.00418392 -0.00488151
-0.00137347 0.0122346 0.0271378 -0.0136479 0.00553076 0.00166855 -0.00106321 0.0117152 0.0264184 -0.0134947 0.0056787 0.00397685
0.0265306 0.0117399 -0.0293249 0.00383552 0.0092485 0.00650765 0.022432 0.0109223 -0.035948 0.000492747 0.00933867 0.00997864
0.0382535 0.0293095 0.0381884 -0.0230398 -0.0115631 -0.0391285 0.0337683 0.0283143 0.0453423 -0.023185 -0.0135189 -0.038331
-0.00716194 0.0162319 -0.0407717 0.0359112 -0.0322586 -0.0196268 -0.00273302 0.0194469 -0.0384284 0.0372158 -0.0356069 -0.0219145
0.0146854 -0.0140903 0.0280281 -0.0155226 0.00192958 0.00244872 0.011491 -0.0151122 0.0289255 -0.0127337 -0.000537593 0.00675219
0.00232363 -0.0375415 -0.020427 0.00764824 -0.0100557 0.0230795 -0.00195059 -0.0379755 -0.0149044 0.0124927 -0.00507213 0.0278448
-0.0212685 -0.00631664 -0.00138355 -0.00740759 0.0202814 -0.00993784 -0.0145046 -0.00982818 0.00745735 -0.00802951 0.0219455 -0.00325494
-0.0213605 -0.0248626 0.0059069 0.0101396 -0.00188539 -3.01899e-05 -0.0275408 -0.0203847 0.0067684 0.00865349 0.00217636 0.00217988
-0.00236986 -0.0115554 -0.00943992 -0.00793524 -0.00759713 -0.0143707 -0.0032467 -0.00676201 0.00294728 -0.0108751 -0.0125534 -0.0200132
-0.0183655 0.0296301 0.0263006 -0.0186153 -0.00785769 0.000406406 -0.0214477 0.0299349 0.0330981 -0.0159515 -0.00398704 0.000751667
0.0143645 -0.00367725 -0.00838106 -0.0296383 0.017135 0.00171804 0.00732404 -0.00187917 -0.0107681 -0.0358214 0.0144447 0.00290417
-0.00613261 -0.00741554 -0.0203092 -0.0180541 -0.00276525 0.00656244 0.00415062 -0.0114128 -0.0219444 -0.020538 -0.0021358 0.0101383
0.00067451 0.00542947 0.00857176 0.00894926 -0.00240487 0.0103138 0.00970688 0.00652157 0.0208227 0.00822133 -0.00426772 0.0148597
-0.0847127 -0.034216 -0.0843945 0.0212984 0.0169095 0.0275035 -0.0875423 -0.0232634 -0.0748507 0.0205991 0.0177617 0.0264688
-0.0300001 -0.0696516 -0.0676914 -0.00905282 -0.020403 0.0166335 -0.0260311 -0.0604238 -0.0604555 -0.00897966 -0.0150101 0.0164221
-0.0240696 0.0228147 -0.0168064 -0.0127373 -0.00947421 -0.0104829 -0.023993 0.0271584 -0.0131498 -0.0147552 -0.0116643 -0.0100645
-0.0533635 -0.0718502 -0.0624323 0.0426068 0.000162491 -0.00268278 -0.0495054 -0.0715742 -0.0607449 0.0409456 0.00712562 -0.00203747
-0.0194251 -0.00857931 0.0192466 -0.0312981 -0.0102674 -0.0033639 -0.0202329 -0.0100569 0.0144602 -0.0298442 -0.0117426 -0.00916994
-0.0313845 -0.0589285 -0.0495541 -0.00534609 0.00172039 0.000859523 -0.0359428 -0.0472187 -0.0471885 -0.00379583 0.00325435 -0.00267096
-0.0438521 -0.0248087 -0.0104806 -0.0170937 0.0241596 -0.0224988 -0.0373527 -0.0267793 -0.00237568 -0.0179573 0.0361619 -0.0209647
-0.0190934 -0.0115385 -0.00926834 -0.00205542 0.0124167 -0.0319297 -0.0196461 -0.012811 -0.00592469 0.00169713 0.00693667 -0.031278
-0.0327978 -0.00627598 -0.0602752 0.0349012 0.00277694 -0.0224632 -0.0248515 -0.00370639 -0.0553901 0.0350733 0.00112611 -0.0264313
-0.0303255 -0.0580899 -0.0802554 -0.00776957 0.00779203 0.0131259 -0.0239388 -0.0600663 -0.0777679 -0.00683883 0.0108615 0.00814907
-0.0664852 -0.07671 -0.087531 0.015534 -0.0171849 0.0139048 -0.0563185 -0.0706719 -0.0806169 0.0188746 -0.00973071 0.0150946
-0.0308183 -0.0216235 -0.00935627 -0.0210759 -0.0181277 -0.00518538 -0.0308461 -0.0166096 -0.00216278 -0.0246721 -0.0238167 -0.0111566
-0.0874297 -0.0933121 -0.0727311 0.00845326 0.0226451 0.0224531 -0.0789686 -0.0841971 -0.0704124 0.0169709 0.0246383 0.0255363
-0.0348839 -0.0178912 -0.0385902 0.000808212 0.0262769 -0.00814416 -0.0252294 -0.0102105 -0.0310358 -0.00248654 0.0198186 -0.0135978
-0.0429074 -0.0325201 -0.0278508 0.00919374 0.0189065 -0.00494026 -0.0390516 -0.029873 -0.0226223 0.00983821 0.0235157 -0.00315519
-0.0839326 -0.0861409 -0.0672377 -0.0271769 0.0280437 -0.0165559 -0.0890736 -0.0818426 -0.0588366 -0.0303984 0.0289928 -0.0162044
-0.061413 -0.0385062 -0.0224049 0.0128858 -0.00186692 -0.00073797 -0.0570414 -0.0319072 -0.0200538 0.0113488 4.53704e-06 0.000288889
-0.0706915 -0.0410646 -0.0708755 -0.00419049 0.0256671 -0.00776078 -0.0667989 -0.0334437 -0.0668362 -0.00395478 0.0218551 -0.00915586
-0.0998421 -0.062049 -0.047233 -0.0163816 -0.00611784 0.0021225 -0.0876777 -0.0426982 -0.0409027 -0.013476 0.000632747 0.00535336
-0.0296997 -0.0368697 0.0247179 0.0349256 -0.000510721 -0.0128727 -0.0216098 -0.0346136 0.0310817 0.0388051 7.38889e-05 -0.00523139
-0.0549146 -0.0340091 -0.0454977 -0.0289322 -0.00522665 -0.0131466 -0.0594057 -0.0340306 -0.0414671 -0.0325481 -0.00682633 -0.00951046
-0.0376857 -0.100982 -0.078322 0.00602026 -0.0134478 -0.00684817 -0.0286432 -0.0906676 -0.0783041 0.00414145 -0.0161974 -0.0104641
-0.0660449 -0.0860316 -0.046143 0.0121082 -0.00681241 -0.0269261 -0.0614871 -0.0931138 -0.0426871 0.0129979 -0.0084371 -0.0290848
-0.149051 -0.138612 -0.0810369 -0.000233735 -0.0053207 -0.0216393 -0.145634 -0.141528 -0.0804469 0.00324265 -0.0122724 -0.0202817
-0.0970188 -0.0868513 -0.137642 0.00722459 -0.00449666 0.0124352 -0.0932144 -0.0915044 -0.136284 0.00732518 -0.00617654 0.0168471
-0.101467 -0.0796362 -0.0336718 0.00255685 -0.0250069 0.0234119 -0.0967131 -0.0873726 -0.0334314 0.00109404 -0.023371 0.0251351
-0.107334 -0.108095 -0.100211 -0.0044943 0.0117506 0.0354877 -0.107409 -0.108526 -0.0901963 -0.00432673 0.0133203 0.0280894
-0.042624 -0.0668133 -0.0502894 0.00180765 -0.00551205 0.00132058 -0.0315261 -0.0625411 -0.0558965 -0.00864682 -0.0110602 -0.000453673
-0.0706938 -0.0344173 -0.0836151 -0.00893444 0.0259608 0.00508988 -0.0647966 -0.0280855 -0.0816347 -0.0080512 0.023446 -0.00272716
-0.0761213 -0.142433 -0.103888 -0.0117069 -0.00174174 0.00243463 -0.0738735 -0.134446 -0.0976157 -0.0202052 -0.000544938 0.000867191
-0.10825 -0.121282 -0.0877584 0.00458831 0.00990922 -0.00932749 -0.10864 -0.120511 -0.0882367 -0.00176586 0.00587815 -0.0113053
-0.15253 -0.168674 -0.126399 -0.0127262 0.0278971 0.0438263 -0.158086 -0.166129 -0.122526 -0.0043612 0.0319003 0.0410641
-0.142318 -0.196524 -0.129961 -0.0139122 0.0150456 -0.0302055 -0.149023 -0.198661 -0.123165 -0.012495 0.00953481 -0.0298485
-0.0860823 -0.107244 -0.121516 -0.0187471 0.035183 0.012839 -0.0819149 -0.107763 -0.119749 -0.0273727 0.0346361 0.0184888
-0.183091 -0.141011 -0.140847 -0.00536275 0.00778371 -0.0086331 -0.185527 -0.131306 -0.132527 -0.0107904 0.0088129 -0.0110017
-0.10421 -0.101862 -0.0666844 -0.00357317 0.0174981 -0.00786673 -0.107268 -0.0968129 -0.0641861 3.14815e-05 0.0184203 -0.00983651
-0.156604 -0.077499 -0.038598 0.00642317 -0.0277584 -0.0149074 -0.159243 -0.0790861 -0.037424 0.0106195 -0.0215518 -0.0120208
-0.0847397 -0.0734059 -0.0800637 -0.00348732 0.0332428 -0.0116403 -0.080416 -0.0613715 -0.0814356 -0.00419296 0.0288502 -0.00834812
-0.154329 -0.140238 -0.158006 -0.0113062 0.00223491 -0.0179975 -0.152278 -0.13788 -0.153045 -0.0106124 0.00554025 -0.0219919
-0.139017 -0.0735349 -0.0653659 0.00736939 0.0193676 0.00909225 -0.138619 -0.0729769 -0.0635291 0.0129712 0.0199182 0.018473
-0.236896 -0.18626 -0.169439 0.0125289 -0.000783088 0.0160906 -0.25288 -0.183137 -0.178846 0.0233602 -0.00422191 0.00590661
-0.120542 -0.140483 -0.163813 0.0223001 0.00319757 0.0446386 -0.122734 -0.13936 -0.159413 0.0167293 0.0116912 0.0466281
-0.0926329 -0.101719 -0.0845663 0.00635545 0.0189042 0.0371019 -0.113975 -0.113073 -0.0887861 0.00385213 0.0212781 0.0390209
-0.135533 -0.18068 -0.177847 -0.000856227 -0.0294947 0.0120194 -0.133044 -0.180659 -0.180764 0.000172562 -0.0319749 0.0103548
-0.226718 -0.0952476 -0.138144 -0.010731 0.0221893 -0.0273008 -0.223267 -0.0908062 -0.123429 -0.016475 0.0256628 -0.0278447
-0.0906607 -0.0254605 -0.086849 -0.0355625 0.0472121 -0.0130307 -0.0826455 -0.0171766 -0.0880463 -0.0477732 0.0444273 -0.0213463
-0.157269 -0.183897 -0.164501 0.0325301 0.0132776 -0.00456624 -0.158989 -0.19367 -0.161661 0.0334345 0.0127507 0.000343086
-0.110098 -0.164341 -0.144123 0.032823 -0.00923094 -0.0301734 -0.128297 -0.16349 -0.14054 0.0274354 -0.0112221 -0.0340176
-0.211048 -0.215274 -0.152354 -0.025299 0.00471834 -0.00523611 -0.211648 -0.216277 -0.14941 -0.0262359 0.00564583 -0.0130952
0.581471 0.566999 0.502156 -0.0122727 0.00904799 0.026034 0.596334 0.579761 0.509947 -0.0124962 0.00578605 0.0275787
0.489067 0.458167 0.500871 -0.0104807 0.0196879 0.0244685 0.501996 0.472982 0.488427 -0.00962932 0.0146102 0.0226338
0.479329 0.491764 0.529975 -0.0196527 0.00645522 0.0199117 0.486464 0.49701 0.518657 -0.0188474 0.00668449 0.0183625
0.531266 0.494158 0.494593 0.00748784 0.0221686 -0.00369624 0.539541 0.507208 0.481322 0.00734807 0.0300861 -0.00835318
0.500781 0.507609 0.532947 -0.00864804 0.00361335 -0.000334767 0.512243 0.520325 0.515495 -0.009515 0.00785384 -0.000198825
0.496702 0.489606 0.437514 -0.0360999 -0.033949 0.041231 0.50885 0.495848 0.414903 -0.0356445 -0.0291005 0.0414109
0.487008 0.503546 0.503987 0.0247802 0.000511199 -0.0306739 0.498392 0.523543 0.483945 0.0292656 -0.000373818 -0.0337296
0.555943 0.545926 0.527107 -0.0206487 -0.0173359 0.0242507 0.575362 0.559968 0.507377 -0.0189264 -0.0158505 0.02393
0.514555 0.540388 0.551442 -0.037028 0.02736 0.0409008 0.535115 0.553448 0.530728 -0.03963 0.0283006 0.0395456
0.474182 0.494264 0.527412 -0.0176023 0.0387264 0.015053 0.489804 0.509392 0.507771 -0.0233042 0.0424822 0.0136777
0.494723 0.486814 0.495104 0.0122591 -0.0232041 -0.0138564 0.510091 0.499573 0.468233 0.0121352 -0.0198425 -0.0106548
0.480029 0.518858 0.52181 -0.0153296 -0.0268743 0.0317853 0.499542 0.529931 0.499533 -0.0186757 -0.0205583 0.0322176
0.483846 0.476256 0.464597 -0.00932238 -0.0197711 -0.0256448 0.500183 0.491557 0.437291 -0.0124808 -0.017993 -0.0290881
0.514169 0.424408 0.376387 0.00198413 -0.0379001 0.0185881 0.529546 0.43829 0.340629 0.000287188 -0.0359452 0.0164907
0.52392 0.434463 0.480259 0.00440459 -0.0054176 0.00675923 0.538656 0.449574 0.442541 0.00809021 -0.0063881 0.0103197
0.52894 0.536199 0.487959 0.00180984 -0.00563032 -0.00771979 0.540908 0.548221 0.464531 0.00531655 -0.00982262 -0.00688488
0.454787 0.449335 0.444172 -0.0113268 0.0287838 -0.0128951 0.464484 0.459231 0.416244 -0.012417 0.0226266 -0.0139518
0.467021 0.460577 0.453685 0.0261296 -0.00315737 0.00272063 0.479056 0.474531 0.432102 0.0235234 -0.00697139 0.00251799
0.455403 0.496226 0.513226 -0.0153931 0.0124744 -0.0127984 0.463353 0.5101 0.493289 -0.0124173 0.0107549 -0.00532955
0.512835 0.51219 0.505057 -0.0228838 0.0105414 -0.000477398 0.525729 0.523584 0.47875 -0.0252382 0.00782467 0.000358717
0.53368 0.525422 0.505934 -0.021553 0.00205937 0.00173114 0.540623 0.541713 0.484638 -0.0177557 0.00241462 0.00222113
0.534634 0.493757 0.479549 0.00774588 -0.000719134 -0.0152269 0.546511 0.498299 0.447078 0.0103927 0.00317047 -0.01526
0.515253 0.494463 0.529409 -0.0108236 -0.00252939 0.00952871 0.53142 0.500724 0.496329 -0.00755113 -0.00359932 0.0119681
0.468607 0.495311 0.470039 0.00587484 -0.0467971 0.00286411 0.480938 0.511619 0.447728 0.00467247 -0.0414949 0.00136644
0.503831 0.497036 0.473058 -0.0410255 -0.00570003 -0.00819299 0.520456 0.512299 0.446583 -0.0386014 0.00368768 -0.00461093
0.419866 0.50375 0.436855 -0.037207 -0.0209299 0.0149493 0.434262 0.518955 0.413327 -0.036378 -0.0166408 0.0142824
0.44779 0.456878 0.449674 -0.00566812 -0.0205028 0.0164922 0.464845 0.463451 0.426778 -0.00359926 -0.0193163 0.0166981
0.531851 0.439543 0.435858 0.0072293 -0.0429534 0.0169804 0.54588 0.451185 0.408392 0.00917919 -0.044125 0.0192583
0.499396 0.519617 0.521503 -0.00369225 -0.0309477 0.0144412 0.512109 0.531978 0.486886 0.0013269 -0.0286617 0.01381
0.497896 0.515333 0.495436 -0.0341159 -0.0329817 0.0408806 0.511098 0.52237 0.463088 -0.0297319 -0.0307924 0.0447967
0.510445 0.548994 0.525718 -0.0167223 0.0107971 0.00959096 0.521642 0.552766 0.49414 -0.0146166 0.0153201 0.00547787
0.474923 0.495093 0.475013 -0.00267508 0.0183882 0.0141997 0.494798 0.510692 0.450005 -0.0026574 0.0183159 0.0119151
0.402442 0.427344 0.478764 -0.00337406 0.0219714 0.00308787 0.421029 0.439909 0.449746 -0.00213493 0.0261804 0.00357384
0.469097 0.439164 0.527905 0.0127805 -0.00228118 -0.0224876 0.485713 0.45283 0.496598 0.00959584 0.00145682 -0.0151579
0.466083 0.500622 0.478136 -0.0311292 0.0321725 0.0179458 0.478643 0.516632 0.447118 -0.0285485 0.0339428 0.0276199
0.483075 0.487341 0.485409 0.00291943 -0.000906826 0.0200345 0.498671 0.502238 0.456813 0.00255845 -0.00432412 0.0281902
0.498296 0.517303 0.475696 0.0116482 0.00597176 -0.0394921 0.513923 0.532371 0.448777 0.0114585 0.00609933 -0.0401985
0.469373 0.498392 0.449428 -0.0256586 -0.00334195 -0.0283822 0.481338 0.510279 0.42477 -0.0287583 -0.00297938 -0.0242143
0.555251 0.494754 0.513666 0.00722381 0.0387895 -0.0143467 0.566596 0.510645 0.486735 0.00362086 0.0353158 -0.0101766
0.528284 0.510959 0.474279 0.0297276 -0.00574956 -0.0221448 0.541784 0.524056 0.447728 0.0288399 -0.0056152 -0.0195754
0.428509 0.463967 0.460202 0.0139708 0.0152018 -0.0153968 0.441214 0.474781 0.436288 0.0112695 0.0215295 -0.0116737
0.470625 0.449469 0.4667 0.00628509 0.0314911 -0.0225336 0.477946 0.466229 0.439461 0.0056015 0.0336037 -0.0176479
0.532906 0.493406 0.448578 -0.0160144 0.0159497 0.0155686 0.542132 0.509406 0.425428 -0.017647 0.02556 0.014244
0.5572 0.47942 0.536069 0.00719249 -0.0296965 -0.0161024 0.574418 0.499356 0.51274 0.00708409 -0.0290044 -0.0164393
0.403109 0.426979 0.405107 -0.00281705 0.011166 0.0252928 0.412015 0.445659 0.375262 0.000109058 0.0117885 0.0208607
0.461424 0.478047 0.489274 0.0244178 0.00621165 0.00285487 0.468537 0.491436 0.461477 0.0253292 0.0059305 0.00792018
0.511011 0.464715 0.512858 -0.00636374 0.0350693 -0.0272811 0.520441 0.47866 0.48747 -0.00924781 0.0365169 -0.0259259
0.522515 0.515147 0.493415 0.0227737 0.000807857 -0.000555851 0.535028 0.515201 0.471548 0.0208646 -0.00487036 -0.00197311
0.383265 0.49564 0.475694 0.0146973 0.028605 0.0109754 0.398206 0.506128 0.455958 0.0111434 0.0263339 0.0118919
0.434697 0.456091 0.521661 0.00129955 -0.016955 0.0484415 0.455659 0.471392 0.501883 0.00350457 -0.0120601 0.0531275
0.485263 0.4382 0.468557 0.0254843 0.0212232 -0.0239196 0.503242 0.459107 0.43819 0.025107 0.0297715 -0.0164814
0.446565 0.428034 0.471487 -0.00537833 0.0366544 -0.00811632 0.471172 0.443209 0.440506 -0.00583341 0.0401091 -0.00628539
0.482547 0.423939 0.494123 0.0102762 -0.0160877 0.00210236 0.496688 0.431562 0.459962 0.00973412 -0.019569 0.00119842
0.439921 0.40572 0.432048 0.0245615 0.0256903 -0.000596711 0.456583 0.42497 0.396817 0.017815 0.0265729 -0.0039749
0.49582 0.451848 0.466455 0.00523043 0.00814491 -0.0166054 0.509129 0.470489 0.428815 0.00646476 0.0101783 -0.0191879
0.417024 0.435752 0.419928 0.0202355 0.00872777 -0.012997 0.435533 0.457982 0.390822 0.0202875 0.0101829 -0.0169859
0.455286 0.473203 0.442108 -0.000440417 -0.0254332 -0.000540673 0.476053 0.486612 0.408721 0.00646751 -0.0226818 -0.00187927
0.44269 0.5046 0.469306 -0.0117536 -0.00529453 -0.0181362 0.456453 0.517509 0.431636 -0.0097893 -0.00438538 -0.0199016
0.504478 0.472626 0.459733 0.00979986 0.0318022 -0.00219834 0.515222 0.489658 0.435429 0.0103241 0.0356842 -0.00486856
0.509439 0.505987 0.530998 0.0150977 0.0300373 0.00920539 0.521217 0.518858 0.507827 0.00764198 0.0302083 0.0111557
0.485909 0.533598 0.449573 0.00819869 0.000147082 -0.0123555 0.504821 0.54889 0.42597 0.00620364 -0.000489849 -0.0088934
0.49791 0.47808 0.458634 -0.0325651 0.0129718 0.0084992 0.511372 0.491444 0.41625 -0.0323028 0.0111877 0.0095386
0.490688 0.488994 0.467251 -0.00222295 0.00864757 0.00655762 0.5076 0.502474 0.438178 -0.00513824 0.0101108 0.00565331
0.526608 0.456221 0.480551 -0.0347759 0.0106667 -0.00284633 0.542383 0.477197 0.450971 -0.0324805 0.0125456 -0.000591478
0.476559 0.471442 0.454239 0.00854617 0.0151339 0.0392573 0.487422 0.491111 0.417613 0.0134806 0.0169343 0.0366524
0.577753 0.530134 0.514064 0.0289354 0.00222915 -0.0082875 0.5879 0.548651 0.484694 0.0297043 0.00162256 -0.0139162
0.461907 0.438576 0.39292 -0.011063 -0.0163267 0.012361 0.466096 0.453428 0.363898 -0.00788151 -0.0217404 0.00389812
0.515913 0.516184 0.498016 0.00661202 -0.0251538 -0.0121533 0.530962 0.537356 0.472194 0.00200855 -0.0286067 -0.0125333
0.489455 0.513005 0.43359 -0.0393958 0.000815818 -0.00236024 0.499664 0.52825 0.402918 -0.0411319 0.00417357 -0.00515274
0.503969 0.512258 0.487629 0.0109037 0.0165379 -0.0312309 0.522065 0.523457 0.449076 0.0110458 0.0153359 -0.0337362
0.496478 0.481261 0.466359 -0.02427 0.00741038 -0.00715937 0.516342 0.488046 0.436053 -0.0191252 0.0031741 -0.00967488
0.436722 0.456034 0.474831 0.00450982 0.000939047 -0.0120862 0.4505 0.469759 0.452881 0.0126881 -0.00119268 -0.0197018
0.483742 0.518683 0.498254 -0.00527858 -0.000920845 -0.00524969 0.497212 0.527929 0.475989 -0.0037669 -0.00091133 -0.0126598
0.458196 0.407826 0.465365 0.0311263 -0.02314 0.0279312 0.472787 0.422172 0.440634 0.0281877 -0.0173578 0.0204658
0.480288 0.448599 0.42237 0.0198249 0.0522634 -0.0128315 0.490183 0.467166 0.390999 0.0221723 0.0509081 -0.0190734
0.52062 0.463581 0.49362 -0.00105166 -0.00291179 0.0255528 0.529429 0.481431 0.464891 0.000226242 0.00414591 0.0291769
0.4898 0.484006 0.465672 0.0410746 -0.00964675 -0.00735771 0.498656 0.499343 0.436234 0.038627 -0.00519376 -0.00406167
0.519188 0.461954 0.471848 -0.0143913 -0.0234336 0.00971023 0.54037 0.47739 0.442546 -0.0106226 -0.0233672 0.00785133
0.516929 0.504124 0.481609 -0.00900407 -0.00039867 -0.00280448 0.541177 0.516255 0.454999 -0.00750543 0.00234323 -0.00161899
0.514259 0.525198 0.485463 0.00198221 -0.0428924 0.00514706 0.536441 0.542495 0.455156 -0.000154795 -0.0419589 0.00467779
0.485847 0.474097 0.458419 -0.0479396 -0.00406233 -0.0228981 0.502701 0.488967 0.4244 -0.0469318 -0.00632691 -0.0205669
0.454694 0.471958 0.472145 0.00294222 0.0303155 -0.0138688 0.467391 0.487178 0.446602 0.0058357 0.0342016 -0.0116085
0.530076 0.483891 0.523975 0.00939662 -0.00603522 0.00696569 0.539492 0.49987 0.496092 0.0083294 -0.00511729 0.00647786
0.43137 0.461892 0.445675 -0.0134315 0.00495309 0.00649415 0.449945 0.468917 0.411915 -0.0164343 0.00371753 0.00529228
0.533513 0.529017 0.53019 0.014565 -0.0167096 0.0154401 0.554796 0.532726 0.503015 0.0115756 -0.016275 0.0134039
0.463623 0.478204 0.417917 0.0222564 0.0127362 -0.00599565 0.487853 0.496664 0.383915 0.0178151 0.0153106 -0.00553769
0.546744 0.515913 0.534712 0.00287674 0.000516009 -0.0126569 0.567523 0.534455 0.501891 0.000857284 0.00573896 -0.0139487
0.537761 0.515284 0.511717 0.00315406 -0.0247886 -0.0196304 0.556507 0.533194 0.479368 0.000558307 -0.0180317 -0.0182169
0.484343 0.522749 0.529833 -0.0727766 -0.00421742 -0.0304057 0.506832 0.535802 0.50126 -0.0707666 -0.000268957 -0.0260002
0.550659 0.499044 0.508518 -0.0259086 -0.0172293 0.00972247 0.570476 0.509754 0.483036 -0.0267341 -0.0233081 0.0152906
0.533856 0.532911 0.603355 -0.0310675 0.0110695 -0.011659 0.550635 0.54792 0.575141 -0.0297977 0.00832705 -0.00828902
0.50509 0.46587 0.475267 -0.0171502 -0.00268144 -0.00216529 0.52149 0.477768 0.441778 -0.0148055 6.34959e-05 0.00207226
0.509867 0.511146 0.496902 -0.0263567 0.00230787 -0.0173776 0.528817 0.533121 0.469805 -0.0253413 -0.000125908 -0.0148643
0.458851 0.501288 0.442115 -0.00766664 -0.0225231 0.0132021 0.470949 0.519959 0.416317 -0.00768026 -0.0293834 0.0175707
0.487997 0.506664 0.507899 -0.0242691 -0.0299517 0.0302885 0.495167 0.519875 0.477542 -0.0299271 -0.0356396 0.0300922
0.520479 0.532071 0.479945 0.0120156 -0.00432228 -0.00790435 0.530518 0.549348 0.445639 0.0101036 -0.00604745 -0.00706794
0.442249 0.447649 0.438108 -0.0267062 0.00889397 0.0152849 0.446404 0.457727 0.400485 -0.0306947 0.0091659 0.013525
0.532971 0.551644 0.466304 -0.0227633 0.0145163 -0.0077657 0.544041 0.565501 0.426561 -0.0227057 0.0185378 -0.0108487
0.505481 0.50872 0.520729 0.0352098 -0.0394624 -0.0323274 0.523756 0.520082 0.491315 0.0370108 -0.0342229 -0.030773
0.471428 0.516388 0.532796 0.00496284 0.0132036 0.00276285 0.482268 0.52557 0.505157 0.00593785 0.0167002 0.00147044
-0.00440075 -0.0160153 -0.0295286 -0.0279785 -0.0163617 -0.0298327 0.000229814 -0.0153992 -0.0485327 -0.0255029 -0.0135156 -0.0290263
-0.0704536 -0.0894372 -0.0753746 -0.021493 0.0100915 0.0102852 -0.0623149 -0.087755 -0.0899125 -0.0235767 0.00829478 0.00812907
-0.0968839 -0.087869 -0.145963 0.00118482 0.0208451 -0.0263911 -0.0875571 -0.0796945 -0.161727 0.00355993 0.0201806 -0.0262755
-0.0531477 -0.0174952 -0.0538661 0.00710679 0.0126037 0.0157976 -0.0439916 -0.00738524 -0.0698052 0.00822527 0.0147825 0.0138974
-0.0468913 -0.0895754 -0.123347 0.00483709 -0.0146444 0.00897377 -0.0381798 -0.0838797 -0.14815 0.00418163 -0.0157196 0.013875
-0.100684 -0.0869139 -0.110441 0.00632983 0.0240463 0.0120749 -0.092125 -0.0690406 -0.130466 0.0103352 0.0207619 0.0138117
-0.127666 -0.0327552 -0.0139526 -0.0046747 0.0115166 0.0190665 -0.116951 -0.0251008 -0.0281814 -0.00375095 0.0144819 0.011195
-0.07925 -0.0719666 -0.0894923 -0.00175311 0.00862859 -0.0154272 -0.0680021 -0.0638963 -0.10929 0.000509322 0.00626176 -0.0178747
-0.0771959 -0.0904595 -0.110778 0.0260353 0.0124621 0.0263397 -0.0701119 -0.0841545 -0.122141 0.0319762 0.0123179 0.0265374
-0.103982 -0.108961 -0.0640378 0.014785 -0.0211896 0.0235764 -0.091543 -0.0959842 -0.0736197 0.01774 -0.0224153 0.0216189
-0.0509927 -0.0528757 0.00943972 0.0343977 0.00141758 0.00754882 -0.0412357 -0.0485981 -0.0018942 0.0321789 0.0015692 0.0104597
-0.150143 -0.140605 -0.0992806 -0.0175742 0.0230115 0.000159494 -0.141631 -0.135172 -0.116559 -0.015652 0.0251182 0.00506768
-0.0291583 -0.106336 -0.00998653 -0.000329994 -0.013042 0.00222997 -0.0207263 -0.0956683 -0.0249834 -0.00126892 -0.0153821 0.0055238
-0.0574388 -0.0607212 -0.0642295 -0.00639947 0.0164732 -0.022336 -0.0511007 -0.0570433 -0.0803945 -0.00987437 0.014749 -0.0151101
-0.170808 -0.0966728 -0.113382 -0.0148025 -0.0215906 -0.0284468 -0.159986 -0.0802431 -0.112801 -0.0157284 -0.0164161 -0.0296109
-0.0527786 -0.0737958 -0.0660423 0.0422735 0.0416909 -0.00349664 -0.0517508 -0.0664454 -0.0605584 0.0372174 0.0366144 0.00194595
-0.0410044 -0.0378136 -0.119267 0.00474679 0.01234 -0.0151967 -0.0271151 -0.0269675 -0.107215 0.000299932 0.0152342 -0.0161782
-0.117412 -0.115608 -0.181766 0.00137026 0.00623527 -0.0267111 -0.110626 -0.105268 -0.169847 0.0042911 0.00356569 -0.0233361
-0.156884 -0.108551 -0.0817973 0.005982 -0.0311629 0.0137055 -0.159588 -0.0956225 -0.0649164 0.00546956 -0.0335636 0.0168883
-0.122387 -0.099761 -0.105349 0.0451156 -0.0261701 -0.0115494 -0.103278 -0.0929517 -0.0934532 0.0453087 -0.0203196 -0.00802464
-0.144686 -0.130406 -0.123477 -0.0115746 -0.0294821 0.0336902 -0.124532 -0.114964 -0.138277 -0.0110862 -0.0257961 0.0359438
-0.0844912 -0.0702422 -0.0286606 0.00575126 0.0411194 -0.016845 -0.0732066 -0.0667428 -0.0394443 0.00488917 0.047279 -0.0182277
-0.0940603 -0.0263866 -0.0364471 -0.0234064 -0.014002 0.0212071 -0.0868626 -0.0145908 -0.0449216 -0.0193618 -0.0142318 0.0221303
-0.0753169 -0.057225 -0.0723317 -0.00681864 -0.00256651 -0.0188063 -0.0662429 -0.0477648 -0.0774323 -0.00494032 -0.00511222 -0.0102464
-0.132064 -0.101981 -0.105309 0.0194026 0.0153241 0.0115194 -0.121994 -0.093863 -0.124553 0.0166482 0.0112075 0.0141213
-0.107648 -0.0754109 -0.109583 0.0351302 0.0465414 0.00530925 -0.10466 -0.0718324 -0.0969151 0.0376914 0.0436475 0.00959383
-0.101033 -0.110983 -0.134382 -0.033122 0.0224282 -0.0058899 -0.0888355 -0.0973767 -0.12555 -0.0372932 0.0160724 -0.00827675
-0.065484 -0.118586 -0.145689 -0.00735756 0.0057583 -0.0336234 -0.0553275 -0.10849 -0.15421 -0.00968998 0.00730156 -0.0329622
-0.107067 -0.0940252 -0.135488 0.0304258 0.0205404 -0.0146842 -0.10205 -0.0855932 -0.121556 0.0310982 0.0194566 -0.0134464
-0.0815767 -0.0485442 -0.0992293 0.028441 -0.0394844 0.0165937 -0.076593 -0.0480715 -0.0874846 0.0306282 -0.034004 0.016882
-0.0388727 -0.00124183 -0.123672 -0.00653459 0.006389 -0.0200663 -0.0357187 -0.000765881 -0.122795 -0.00458878 0.0115893 -0.0212529
-0.0366893 -0.0428652 -0.0340318 -0.00101651 0.028529 0.0203119 -0.0373552 -0.0295963 -0.021203 0.00703129 0.0334968 0.0136075
-0.060876 -0.0476916 -0.0136699 -0.00167951 0.0128621 0.0106964 -0.0534466 -0.0466644 -0.00581161 0.000557763 0.0108435 0.0114233
-0.135111 -0.140113 -0.105006 0.0205787 0.0069364 0.0163016 -0.125284 -0.137577 -0.104958 0.020502 0.00981476 0.0138262
-0.11682 -0.0587739 -0.130517 -0.0334772 0.0165433 0.00175819 -0.0978446 -0.058191 -0.119297 -0.0343194 0.0111876 0.00685715
-0.128737 -0.175037 -0.168943 0.0278383 -0.0232306 -0.012093 -0.119191 -0.169793 -0.164089 0.0309299 -0.0230438 -0.0182944
-0.0510085 -0.0743912 -0.100701 -0.00705551 0.0312983 0.0132001 -0.0458051 -0.0590462 -0.0935241 -0.0112159 0.02848 0.011134
-0.0930147 -0.0793568 -0.074799 -0.00548066 -0.0118592 0.0177053 -0.0917843 -0.0691462 -0.0578542 -0.0103532 -0.0122452 0.0259322
-0.00383745 -0.0994108 -0.0920557 0.0446341 -0.031723 0.0217614 0.000241441 -0.104947 -0.0770773 0.0512846 -0.0251935 0.0231337
-0.0996297 -0.0352948 -0.0904478 -0.024362 0.0127399 -0.0370239 -0.0902591 -0.0265462 -0.0797013 -0.0210168 0.0108401 -0.0360438
