-3.5637 -3.56465
-3.55439 -3.55619
-3.55381 -3.55295
-3.56623 -3.5667
-3.55874 -3.55741
-3.54956 -3.54908
-3.55895 -3.55765
-3.56306 -3.56288
-3.55994 -3.56001
-3.56195 -3.56102
-3.56414 -3.56286
-3.55266 -3.55275
-3.5571 -3.55745
-3.55419 -3.55563
-3.56697 -3.56705
-3.56024 -3.56066
-3.55285 -3.55491
-3.55643 -3.55678
-3.57011 -3.56991
-3.55038 -3.54975
-3.56018 -3.55986
-3.54769 -3.54909
-3.55982 -3.56082
-3.5582 -3.5589
-3.55523 -3.55581
-3.5453 -3.54614
-3.55133 -3.55044
-3.55813 -3.55806
-3.56121 -3.56024
-3.55305 -3.55427
-3.5578 -3.55649
-3.55511 -3.55585
-3.55498 -3.55368
-3.55444 -3.55308
-3.55663 -3.55522
-3.55521 -3.55444
-3.56111 -3.55869
-3.55752 -3.55606
-3.54749 -3.5469
-3.55156 -3.55237
-3.54843 -3.55065
-3.55652 -3.55754
-3.55217 -3.55305
-3.55871 -3.55922
-3.5542 -3.55308
-3.55716 -3.55809
-3.56141 -3.56188
-3.5545 -3.55403
-3.56849 -3.56965
-3.56093 -3.56095
-3.54819 -3.54768
-3.58431 -3.58363
-3.50758 -3.50511
-3.56792 -3.56857
-3.4918 -3.4927
-3.55746 -3.55583
-3.52351 -3.52373
-3.60071 -3.60236
-3.54191 -3.54134
-3.52995 -3.52764
-3.57376 -3.57474
-3.56034 -3.56175
-3.49894 -3.49719
-3.60101 -3.60159
-3.59301 -3.59293
-3.58475 -3.58376
-3.55462 -3.55685
-3.52456 -3.52584
-3.58094 -3.57888
-3.58801 -3.59102
-3.61481 -3.61536
-3.5861 -3.58632
-3.49532 -3.497
-3.61979 -3.62179
-3.4636 -3.4647
-3.64406 -3.64397
-3.64086 -3.64046
-3.6388 -3.63846
-3.63528 -3.63486
-3.64195 -3.64144
-3.63894 -3.63831
-3.6451 -3.64456
-3.64255 -3.64245
-3.64578 -3.64557
-3.63623 -3.63548
-3.6446 -3.64433
-3.62161 -3.62093
-3.64564 -3.64545
-3.63314 -3.63244
-3.64156 -3.64115
-3.63425 -3.63376
-3.62579 -3.62511
-3.64445 -3.64415
-3.64508 -3.64484
-3.6447 -3.64444
-3.64547 -3.6452
-3.6267 -3.62601
-3.64509 -3.6446
-3.6224 -3.62167
-3.64409 -3.64407
-3.69252 -3.69201
-3.69178 -3.69223
-3.68909 -3.68965
-3.69163 -3.69172
-3.69159 -3.69207
-3.68895 -3.68954
-3.69078 -3.69091
-3.69083 -3.6907
-3.69023 -3.69107
-3.6902 -3.69065
-3.68725 -3.68617
-3.68719 -3.68604
-3.68417 -3.68467
-3.68355 -3.68284
-3.68545 -3.68511
-3.68433 -3.68437
-3.68457 -3.68461
-3.6825 -3.68253
-3.68406 -3.68419
-3.68413 -3.68476
-3.66396 -3.66445
-3.66795 -3.66706
-3.66288 -3.66317
-3.66941 -3.66953
-3.66781 -3.66865
-3.65803 -3.65656
-3.66379 -3.66261
-3.66812 -3.6669
-3.66514 -3.66405
-3.66478 -3.66496
-3.6342 -3.63324
-3.63477 -3.63431
-3.63359 -3.63221
-3.63807 -3.63822
-3.63143 -3.63078
-3.6331 -3.63287
-3.63554 -3.6342
-3.63248 -3.63205
-3.63787 -3.63644
-3.63246 -3.63241
-3.60923 -3.6095
-3.60794 -3.60616
-3.61422 -3.6143
-3.6043 -3.60562
-3.60523 -3.60363
-3.60939 -3.60923
-3.59829 -3.5979
-3.60716 -3.60588
-3.60654 -3.60528
-3.60753 -3.60836
-3.58806 -3.58561
-3.58166 -3.58053
-3.57852 -3.5779
-3.59129 -3.59024
-3.5807 -3.5815
-3.58668 -3.58725
-3.57833 -3.5774
-3.58494 -3.58487
-3.58329 -3.58417
-3.58333 -3.58245
-3.5541 -3.5527
-3.56298 -3.56279
-3.56473 -3.56319
-3.56351 -3.56282
-3.55913 -3.5591
-3.56097 -3.56373
-3.56489 -3.56446
-3.56687 -3.56624
-3.56297 -3.56266
-3.55267 -3.55146
-3.53602 -3.5368
-3.53925 -3.54054
-3.53303 -3.5332
-3.52431 -3.52081
-3.53544 -3.53491
-3.54632 -3.54567
-3.53832 -3.53744
-3.53903 -3.53785
-3.54027 -3.53913
-3.60848 -3.60873
-3.6148 -3.61556
-3.61941 -3.61972
-3.62055 -3.62021
-3.61485 -3.61476
-3.62655 -3.62849
-3.61816 -3.61793
-3.62044 -3.62132
-3.62172 -3.62409
-3.61679 -3.61784
-3.61431 -3.61665
-3.61853 -3.62045
-3.61132 -3.61423
-3.62066 -3.62224
-3.61455 -3.61494
-3.60961 -3.61106
-3.60354 -3.60534
-3.61247 -3.61362
-3.61706 -3.61873
-3.61693 -3.61826
-3.55417 -3.55547
-3.61685 -3.61778
-3.56772 -3.56731
-3.57038 -3.57096
-3.56803 -3.56911
-3.56616 -3.56676
-3.6115 -3.61263
-3.61677 -3.61761
-3.61578 -3.61777
-3.56932 -3.56946
-3.6143 -3.61499
-3.61283 -3.61343
-3.61859 -3.61973
-3.56928 -3.5698
-3.61847 -3.61919
-3.6161 -3.61646
-3.6141 -3.61492
-3.5737 -3.57367
-3.56688 -3.56863
-3.56733 -3.56844
-3.56457 -3.5648
-3.55954 -3.55953
-3.61029 -3.61089
-3.56518 -3.56721
-3.56705 -3.56812
-3.60884 -3.61032
-3.56443 -3.56716
-3.56608 -3.56731
-3.60497 -3.60646
-3.56277 -3.56265
-3.61106 -3.61154
-3.56723 -3.56878
-3.56456 -3.5645
-3.61178 -3.61308
-3.6085 -3.60912
-3.62093 -3.62385
-3.61616 -3.6177
-3.6087 -3.6103
-3.56195 -3.56416
-3.56322 -3.56435
-3.61141 -3.61397
-3.57367 -3.579
-3.66256 -3.65593
-3.58902 -3.58755
-3.69493 -3.69479
-3.60247 -3.60097
-3.60327 -3.60358
-3.6762 -3.67396
-3.60398 -3.60538
-3.69741 -3.69821
-3.59711 -3.59762
-3.60222 -3.60208
-3.59354 -3.59805
-3.68812 -3.68833
-3.62797 -3.62704
-3.69072 -3.69234
-3.60025 -3.60453
-3.69645 -3.69627
-3.57536 -3.57539
-3.60095 -3.59698
-3.59987 -3.60023
-3.5887 -3.59396
-3.59775 -3.60285
-3.58563 -3.58734
-3.57532 -3.57166
-3.56479 -3.56685
-3.5928 -3.59613
-3.59056 -3.59523
-3.56792 -3.56705
-3.58846 -3.58785
-3.61854 -3.62263
-3.70121 -3.70189
-3.702 -3.70229
-3.70066 -3.70057
-3.70229 -3.70236
-3.69829 -3.69833
-3.69999 -3.70057
-3.70271 -3.70343
-3.69914 -3.69952
-3.70222 -3.70293
-3.70118 -3.70131
-3.70225 -3.70252
-3.70229 -3.70286
-3.69861 -3.69955
-3.70273 -3.70361
-3.70253 -3.7028
-3.70273 -3.70355
-3.70188 -3.70224
-3.70318 -3.70389
-3.69884 -3.69861
-3.70217 -3.70313
-3.69131 -3.69161
-3.68809 -3.68858
-3.69158 -3.69212
-3.69072 -3.69042
-3.68975 -3.68982
-3.69082 -3.69047
-3.68882 -3.68915
-3.69049 -3.69159
-3.69202 -3.69292
-3.68903 -3.68905
-3.68614 -3.68643
-3.68439 -3.6841
-3.68374 -3.68327
-3.68607 -3.68587
-3.68498 -3.68525
-3.68314 -3.68283
-3.68635 -3.68629
-3.68363 -3.68439
-3.68439 -3.68411
-3.68235 -3.68323
-3.66775 -3.66818
-3.66492 -3.66368
-3.66725 -3.66672
-3.66253 -3.66137
-3.66482 -3.66381
-3.66511 -3.66509
-3.66263 -3.66216
-3.66353 -3.66339
-3.66491 -3.66483
-3.66048 -3.66051
-3.63562 -3.63582
-3.63839 -3.63742
-3.63883 -3.63905
-3.63172 -3.63057
-3.63207 -3.63229
-3.63716 -3.63587
-3.63259 -3.63323
-3.63931 -3.63871
-3.63299 -3.63154
-3.63263 -3.63181
-3.61186 -3.6115
-3.60846 -3.60733
-3.60826 -3.60652
-3.61064 -3.6106
-3.60337 -3.60261
-3.60849 -3.6074
-3.60898 -3.60879
-3.60292 -3.60078
-3.61089 -3.61099
-3.60683 -3.60559
-3.58285 -3.5826
-3.57909 -3.5779
-3.58209 -3.57995
-3.58124 -3.57949
-3.5827 -3.58276
-3.57985 -3.58053
-3.58097 -3.58068
-3.58422 -3.5851
-3.579 -3.5787
-3.57691 -3.5746
-3.55667 -3.55639
-3.5617 -3.56221
-3.55169 -3.55248
-3.55276 -3.54986
-3.55221 -3.55168
-3.56115 -3.56083
-3.56028 -3.56023
-3.5626 -3.56184
-3.55813 -3.55926
-3.56154 -3.56069
-3.53049 -3.52907
-3.53402 -3.53368
-3.53294 -3.53219
-3.53993 -3.54016
-3.53613 -3.53666
-3.54844 -3.54867
-3.53111 -3.52993
-3.53641 -3.53532
-3.537 -3.5369
-3.53796 -3.53887
-3.57079 -3.57098
-3.53202 -3.53271
-3.53611 -3.53715
-3.52405 -3.52438
-3.5254 -3.52651
-3.52623 -3.52656
-3.52782 -3.52774
-3.52236 -3.52176
-3.52237 -3.52111
-3.52824 -3.52899
-3.53411 -3.53461
-3.52665 -3.52648
-3.52848 -3.52798
-3.5328 -3.53234
-3.52616 -3.52572
-3.52569 -3.52709
-3.53056 -3.53131
-3.51945 -3.51903
-3.52373 -3.52276
-3.5254 -3.52524
-3.52019 -3.52077
-3.5327 -3.53387
-3.52129 -3.52131
-3.52612 -3.52493
-3.53038 -3.53026
-3.53358 -3.53366
-3.53375 -3.53356
-3.52394 -3.52444
-3.52678 -3.52711
-3.5316 -3.53405
-3.51994 -3.52116
-3.51839 -3.51894
-3.52487 -3.52449
-3.53199 -3.53125
-3.53037 -3.52965
-3.52636 -3.52707
-3.52819 -3.52838
-3.52988 -3.52939
-3.52036 -3.52099
-3.51457 -3.51597
-3.52535 -3.52694
-3.53541 -3.53648
-3.52698 -3.52657
-3.51244 -3.51133
-3.52591 -3.52592
-3.52674 -3.52683
-3.51885 -3.519
-3.51963 -3.51957
-3.52599 -3.52629
-3.52363 -3.52443
-3.52544 -3.52681
-3.5246 -3.52451
-3.5324 -3.5322
-3.53376 -3.53328
-3.52671 -3.5277
-3.52721 -3.5274
-3.53192 -3.53068
-3.53325 -3.5336
-3.53559 -3.53607
-3.52206 -3.52133
-3.51594 -3.51491
-3.52482 -3.52406
-3.52526 -3.52531
-3.52655 -3.52652
-3.52631 -3.52616
-3.52062 -3.5206
-3.51762 -3.51793
-3.52182 -3.52069
-3.52487 -3.52582
-3.52736 -3.52754
-3.52142 -3.52287
-3.52309 -3.52245
-3.52482 -3.52589
-3.53208 -3.53251
-3.53734 -3.53642
-3.52885 -3.52856
-3.52697 -3.52707
-3.52512 -3.52402
-3.52276 -3.52103
-3.51786 -3.5173
-3.52738 -3.52756
-3.53475 -3.53473
-3.52815 -3.52899
-3.53715 -3.53659
-3.52385 -3.52448
-3.53032 -3.53043
-3.51939 -3.51776
-3.51812 -3.51781
-3.52926 -3.52926
-3.5244 -3.52469
-3.52373 -3.5245
-3.53097 -3.53208
-3.53013 -3.53107
-3.53193 -3.53155
-3.52501 -3.52569
-3.52142 -3.52217
-3.53154 -3.53283
-3.5229 -3.52425
-3.51556 -3.51578
-3.5266 -3.52663
-3.54985 -3.55074
-3.55505 -3.55659
-3.54948 -3.55058
-3.55536 -3.55597
-3.55252 -3.55379
-3.53031 -3.53076
-3.5355 -3.53628
-3.53781 -3.5389
-3.53435 -3.53503
-3.52962 -3.52944
-3.51618 -3.51702
-3.52443 -3.52378
-3.51696 -3.51802
-3.51894 -3.51713
-3.51746 -3.51757
-3.47669 -3.47307
-3.477 -3.47387
-3.4799 -3.47817
-3.47636 -3.47344
-3.47487 -3.4711
-3.53498 -3.53477
-3.54024 -3.54115
-3.53412 -3.53457
-3.5417 -3.54169
-3.54029 -3.54001
-3.50088 -3.49784
-3.4971 -3.49224
-3.51091 -3.51215
-3.4944 -3.48677
-3.49044 -3.48665
-3.48246 -3.47954
-3.47478 -3.47207
-3.47491 -3.47212
-3.477 -3.47344
-3.47997 -3.47716
-3.46891 -3.46684
-3.46044 -3.45745
-3.46832 -3.46479
-3.46673 -3.46315
-3.45602 -3.45448
