0.495101 0.462889 0.482015 -0.035668 0.0462123 -0.0393109 0.493853 0.45786 0.472414 -0.0398588 0.0478158 -0.0404388
0.526577 0.476203 0.497579 0.0264968 0.0687477 0.0261012 0.524542 0.458668 0.490102 0.0302711 0.0671501 0.0259524
0.455104 0.538168 0.433175 -0.0103859 -0.00523949 -0.00925059 0.445929 0.528378 0.430916 -0.0161442 0.00245853 -0.0146398
0.451921 0.426837 0.44292 -0.0135421 -0.0426055 0.0345763 0.452919 0.425389 0.437958 -0.0154443 -0.0456882 0.0425336
0.481999 0.46899 0.457093 0.0151821 -0.0253614 -0.0354754 0.498069 0.476984 0.45027 0.0171437 -0.0242755 -0.0440118
0.49913 0.531829 0.533755 -0.023622 -0.00131314 -0.0183842 0.49634 0.532207 0.526141 -0.0211527 0.00426541 -0.0162742
0.384665 0.409307 0.436931 -0.0226865 -0.0206778 -0.0163138 0.379662 0.408609 0.433422 -0.0269522 -0.0146883 -0.0147941
0.368295 0.430072 0.381667 0.00135021 -0.02757 -0.0236613 0.357203 0.433841 0.387412 -0.00833175 -0.0289762 -0.0272347
0.471044 0.439127 0.468778 -0.00873761 0.0252373 0.00311431 0.473086 0.440252 0.464531 -0.00847351 0.0345547 0.00120636
0.439788 0.443563 0.488632 0.0108585 -0.0103357 -0.0475902 0.442545 0.454861 0.486716 0.00938368 -0.00968043 -0.0457941
0.47244 0.454048 0.461092 0.00108004 0.00312439 -0.0410973 0.477016 0.448772 0.455543 -0.00638043 0.00927012 -0.0418012
0.563608 0.510152 0.472603 0.0165546 0.015718 -0.00867554 0.554521 0.502294 0.463961 0.0126509 0.0156128 -0.0132553
0.463675 0.454666 0.443769 0.0051491 0.013928 0.00781307 0.471427 0.462012 0.440237 0.00683932 0.0121714 0.00178921
0.434215 0.437391 0.481855 0.0229964 -0.0017627 0.00702251 0.431747 0.438046 0.472825 0.0297194 -0.000666469 0.0054045
0.370785 0.371785 0.425834 -0.00171851 -0.03578 -0.028242 0.36779 0.372695 0.419539 0.00577564 -0.0375386 -0.0259482
0.422363 0.371479 0.40892 -0.0368048 0.0160229 -0.0380189 0.420799 0.370034 0.405254 -0.0383461 0.0115225 -0.0317232
0.490623 0.466885 0.463807 -0.0173092 -0.0293407 -0.00195074 0.486674 0.469593 0.472349 -0.0198254 -0.0301031 0.0035296
0.452791 0.391288 0.403425 0.0144253 0.000122945 -0.0427878 0.449739 0.393246 0.413958 0.0134594 -0.00291399 -0.0432313
0.419975 0.343822 0.383391 -0.00838881 -0.0160707 0.00999429 0.407984 0.341726 0.380022 -0.0122662 -0.0115208 0.0138574
0.456173 0.524598 0.446589 -0.00360238 -0.0315009 -0.0278476 0.45288 0.515267 0.442991 -0.0132451 -0.0309982 -0.0307311
0.364836 0.423849 0.496546 0.000688032 -0.0037173 -0.010568 0.365508 0.425342 0.494485 0.00239638 0.00418316 -0.0163212
0.452664 0.415887 0.439647 -0.0247061 -0.0113539 -0.0221472 0.445978 0.409694 0.427018 -0.0301133 -0.00738495 -0.0260281
0.416241 0.353614 0.441861 0.0231765 0.0413597 -0.0425241 0.41348 0.352254 0.434274 0.0228333 0.044718 -0.0374573
0.446539 0.390477 0.388729 0.0289261 0.0168507 -0.0118353 0.441913 0.386659 0.390883 0.029703 0.0251255 -0.00672989
0.471501 0.506336 0.495582 -0.0463576 0.0088946 -0.00719185 0.461459 0.496764 0.491789 -0.0468247 0.0145941 -0.00609167
0.513418 0.626729 0.492209 0.021937 0.00796037 0.0186595 0.511886 0.619125 0.483635 0.0219245 0.0168807 0.0176467
0.514392 0.492221 0.51572 0.0445453 0.0132001 0.0049925 0.5126 0.495605 0.515486 0.0403159 0.00679579 0.00457754
0.470106 0.476444 0.447864 -0.00451419 -0.0350882 0.0255831 0.471124 0.472473 0.448868 -0.00766916 -0.0313196 0.0192235
0.465683 0.45191 0.407503 0.00744989 -0.0389511 -0.00400029 0.467336 0.446957 0.404581 0.00476166 -0.0407844 0.000465671
0.458481 0.40391 0.462793 0.0205214 0.0102025 0.0561357 0.460218 0.400898 0.449966 0.0169888 0.012626 0.0547128
0.439838 0.399625 0.44426 -0.0449696 -0.00549941 0.0157767 0.445083 0.400996 0.443214 -0.0499949 -0.00672582 0.0172438
0.488628 0.450385 0.460205 -0.054017 -0.00568121 -0.0151728 0.499476 0.446882 0.448508 -0.047705 -0.0130105 -0.0144109
0.453684 0.449076 0.473913 -0.0270081 0.039457 0.0434882 0.453179 0.45177 0.4781 -0.0256168 0.040128 0.046099
0.463328 0.441489 0.450125 -0.0285806 -0.0300804 0.0101979 0.456359 0.428385 0.442856 -0.0317537 -0.0327825 0.00807983
0.505519 0.423837 0.396761 0.0327601 -0.00390421 -0.0187092 0.497803 0.417281 0.390835 0.0301588 -0.00240576 -0.0126719
0.41806 0.441619 0.422806 -0.00174393 0.0161343 -0.0449869 0.410684 0.438268 0.423373 -0.00232603 0.020277 -0.0362753
0.434017 0.354234 0.401439 -0.0188925 -0.0574757 -0.0436999 0.433355 0.359671 0.402355 -0.0132808 -0.0613592 -0.0377653
0.445672 0.395251 0.505456 -0.0242315 0.0268642 -0.0392504 0.430757 0.393689 0.505054 -0.0242779 0.0245665 -0.0426957
0.524512 0.445388 0.587206 0.0274182 -0.00303999 0.0302019 0.512122 0.446255 0.578286 0.0242417 -0.00171864 0.0307368
0.462434 0.404995 0.449197 -0.043215 0.0101467 -0.0179422 0.454532 0.3987 0.443928 -0.0439254 0.00814646 -0.0208365
0.495778 0.407234 0.467652 -0.0139809 0.00444463 -0.0259228 0.495206 0.399635 0.466459 -0.0152428 0.00550806 -0.0283782
0.419358 0.417526 0.455513 0.0256738 -0.0210956 0.0207388 0.409966 0.412614 0.447323 0.0259103 -0.0157398 0.0268122
0.446007 0.422242 0.462992 -0.00239412 -0.0417312 0.00137452 0.438219 0.419815 0.466068 -0.00710277 -0.033397 0.0037412
0.455639 0.393221 0.372055 -0.0197258 -0.0340636 -0.00777826 0.45598 0.389634 0.386525 -0.0139735 -0.0297842 -0.00928088
0.516337 0.40993 0.471974 -0.0129644 -0.0252092 0.0202021 0.511934 0.41198 0.460957 -0.0101693 -0.0265485 0.0224282
0.41236 0.365128 0.404065 -0.0193649 0.0225338 0.0096093 0.401907 0.356422 0.401654 -0.0214863 0.0199587 0.0172934
0.335553 0.432484 0.401605 0.0313077 0.0550582 -0.0255542 0.325838 0.434839 0.393868 0.030475 0.0485165 -0.0255679
0.431861 0.440748 0.445381 -0.0196991 -0.0219301 -0.0275333 0.425209 0.436105 0.440555 -0.00674213 -0.0213253 -0.0290699
0.410867 0.446635 0.406156 -0.0122514 -0.0285271 -0.011331 0.406738 0.440484 0.400644 -0.00151795 -0.0237232 -0.0195912
0.450445 0.437958 0.409653 -0.00942468 0.00581316 -0.0246558 0.457791 0.427964 0.408336 -0.00955828 0.00245516 -0.0279712
0.612658 0.5118 0.712233 -0.287038 0.163621 -0.199287 0.617166 0.523667 0.725763 -0.298269 0.157362 -0.197367
0.508866 0.457237 0.488037 0.0248146 -0.129574 0.116492 0.509941 0.462832 0.484906 0.0193631 -0.120371 0.115618
0.770732 0.544125 0.718555 -0.101067 -0.227361 0.321234 0.785123 0.572344 0.736852 -0.119461 -0.240382 0.32524
0.498279 0.535279 0.595915 0.252068 -0.201789 0.160519 0.510605 0.54355 0.594224 0.251475 -0.191089 0.158254
0.831579 0.839664 0.852914 0.441079 0.252087 0.206037 0.836354 0.863295 0.86777 0.451099 0.258893 0.22744
0.480451 0.594705 0.522348 0.0718564 -0.162292 -0.200147 0.491213 0.593123 0.533243 0.0716724 -0.165022 -0.200177
0.700127 0.618618 0.693168 -0.177974 -0.106124 0.24116 0.696068 0.621418 0.699333 -0.184953 -0.104967 0.252657
0.419482 0.478651 0.389048 0.0591779 0.00782426 0.125961 0.413968 0.480468 0.385694 0.0551343 0.00904489 0.127714
0.659612 0.745874 0.512606 -0.0619821 -0.22572 -0.0429034 0.646578 0.741584 0.499701 -0.0626769 -0.217289 -0.0458232
0.748333 0.779375 0.636144 -0.0947649 -0.341224 0.319471 0.726805 0.777031 0.615871 -0.0968724 -0.342005 0.319866
0.516629 0.451392 0.581189 -0.0405652 -0.0360728 0.0177663 0.513591 0.453142 0.581157 -0.056578 -0.0387897 0.0170067
0.697565 0.51737 0.596802 0.0954729 -0.072755 -0.106942 0.699537 0.514922 0.61953 0.117544 -0.0867119 -0.113126
0.699965 0.872639 0.891942 0.503157 -0.114412 0.0775189 0.727524 0.897878 0.903474 0.507388 -0.11485 0.0942329
0.368525 0.406693 0.391277 -0.00547842 0.0454181 0.236471 0.361558 0.393452 0.391262 0.00138416 0.0375404 0.228664
0.449068 0.481584 0.434607 -0.0956785 -0.146174 -0.0667621 0.464362 0.489569 0.430167 -0.0935728 -0.150541 -0.0594678
0.466519 0.503832 0.434121 -0.0376668 -0.309473 -0.076736 0.469095 0.497615 0.428782 -0.0320998 -0.308283 -0.0689004
0.47405 0.571397 0.654957 0.246734 0.0587109 0.10693 0.484593 0.594949 0.673017 0.258155 0.0621976 0.0999039
0.633863 0.644616 0.767573 0.103221 0.39813 0.214854 0.635408 0.63742 0.764431 0.0940839 0.399808 0.201613
0.475575 0.556404 0.565994 -0.0600413 -0.12584 -0.064452 0.469086 0.548924 0.560924 -0.0518175 -0.123895 -0.0647554
0.513094 0.56292 0.40534 0.127153 0.166392 0.14665 0.508601 0.57415 0.390749 0.135736 0.155164 0.129023
0.353258 0.35892 0.370517 0.149755 0.23318 0.0448137 0.353773 0.365553 0.363541 0.1455 0.239491 0.0454981
0.424053 0.513619 0.455339 0.244239 -0.0164496 0.0702844 0.431976 0.517587 0.46149 0.238768 -0.00891074 0.0664818
0.834587 0.736995 0.856522 0.24567 -0.105585 -0.000323604 0.814701 0.723197 0.821493 0.249268 -0.0950929 -0.00500261
0.332953 0.337491 0.363775 0.0225213 -0.0819753 -0.0388106 0.331472 0.335143 0.364124 0.0338027 -0.0796434 -0.0335154
0.978265 0.944274 1.01194 0.0802426 0.11452 0.6801 0.992688 0.932643 1.01163 0.0933144 0.110695 0.685945
-0.174434 -0.17312 -0.168185 1.26301e-08 1.42102e-09 1.82662e-08 -0.180569 -0.178382 -0.167294 0 -0 0
0.300391 0.301324 0.299573 3.74272e-08 2.49744e-08 2.1288e-08 0.298517 0.287291 0.295527 0 0 -0
0.360277 0.358846 0.35887 -3.35548e-08 -1.11158e-07 -1.34479e-07 0.345704 0.35287 0.353143 0 0 0
0.443097 0.441117 0.441232 -7.95676e-08 -5.96598e-08 -9.58551e-08 0.433446 0.436348 0.434995 0 0 0
0.257531 0.265007 0.258368 -2.95042e-08 -1.27686e-08 2.73707e-08 0.245588 0.273361 0.242553 0 0 0
0.351017 0.355643 0.350904 8.80801e-09 7.21647e-09 9.52017e-09 0.355295 0.339796 0.354877 0 0 -0
0.0916151 0.0914721 0.107135 5.11621e-08 -1.3166e-08 -7.36361e-09 0.0774467 0.077032 0.114711 0 -0 0
-0.221206 -0.232975 -0.232905 -1.23498e-08 -2.21564e-09 4.22366e-09 -0.2178 -0.240877 -0.240644 0 0 0
-0.0241863 -0.0290752 -0.0302871 -2.35002e-08 6.01863e-08 -7.23856e-09 -0.0272056 -0.0380904 -0.0420233 -0 0 0
0.421904 0.412976 0.413087 8.35948e-09 3.94108e-08 -8.46149e-08 0.408277 0.424523 0.419767 0 0 0
0.149753 0.149016 0.14819 1.03472e-08 1.85332e-08 -1.84088e-08 0.142209 0.140022 0.134074 0 0 0
0.66875 0.671956 0.677542 2.53633e-08 -4.38307e-09 2.83573e-08 0.686432 0.681745 0.678839 0 0 0
-0.0530812 -0.0543043 -0.058473 -1.01122e-08 -1.93273e-08 -3.61399e-08 -0.0557185 -0.0569761 -0.0671373 0 0 0
0.478457 0.477562 0.487987 8.47126e-08 -7.98318e-09 -1.48801e-08 0.487039 0.491546 0.476499 -0 0 0
0.278384 0.277868 0.277026 -1.65298e-09 6.15816e-08 -3.3696e-08 0.268408 0.279831 0.27693 0 -0 0
0.458989 0.463998 0.460339 1.14861e-07 8.1017e-08 -1.10897e-07 0.46877 0.451829 0.456885 0 0 -0
0.616885 0.605838 0.605191 -2.14071e-08 -8.26288e-09 6.35867e-08 0.611581 0.619025 0.620789 0 0 0
0.156346 0.156221 0.159252 1.39873e-08 -1.30863e-08 2.17498e-08 0.145583 0.14326 0.155804 0 0 0
0.117016 0.117437 0.117995 9.42844e-08 -9.63113e-08 3.65436e-08 0.105374 0.108781 0.109133 0 0 0
0.143536 0.143511 0.142455 1.45528e-08 9.11377e-09 -1.23562e-08 0.134989 0.134875 0.128525 -0 0 0
0.0815053 0.0775391 0.0789829 2.71275e-08 8.32661e-08 6.92606e-08 0.0769395 0.0660744 0.0716078 0 0 0
0.590049 0.592001 0.602467 1.06855e-07 1.12653e-08 -4.08323e-08 0.607063 0.601643 0.595968 0 0 0
0.0983314 0.0983491 0.110543 -2.95932e-09 -1.68155e-08 2.6865e-08 0.0879526 0.0833863 0.115451 0 0 -0
0.655568 0.661997 0.666348 -6.76392e-09 -7.88377e-08 1.12945e-08 0.677742 0.668661 0.667298 0 0 0
-0.169637 -0.171407 -0.172835 1.02739e-08 -3.34531e-08 -9.05054e-10 -0.171204 -0.174475 -0.178621 0 0 0
0.0559837 0.010394 0.0327541 0.00880561 0.0122572 0.013863 0.0589898 0.00687377 0.0314435 0.0105006 0.00748173 0.012436
0.0416509 0.0128479 0.0191068 0.000212991 0.00657433 -0.0132738 0.0418313 0.00548645 0.014592 0.0012484 0.00383685 -0.0121875
0.0108613 0.0138177 0.0316286 -0.00670722 0.014735 0.00608162 0.00800546 0.0187456 0.0279598 -0.00737083 0.0124776 0.00677049
0.0252122 0.034613 0.0340224 -0.00965909 0.00554435 0.00158332 0.02106 0.0301729 0.0247506 -0.0046167 0.00201469 0.00753012
0.0205095 0.0128675 0.0114453 0.0160778 0.0288346 -0.00265613 0.0224803 0.00759204 0.00664796 0.0163148 0.0282773 -0.00471497
0.00114413 -0.0188852 0.0217861 -0.0116654 -0.00696403 0.0103449 0.000295988 -0.0127507 0.0188854 -0.00950827 -0.0075546 0.013716
0.0447283 0.0211961 0.0350586 0.00930738 0.0122253 0.000107143 0.044642 0.0212311 0.0261276 0.0125274 0.00905799 -1.9321e-05
0.0151384 0.0130881 0.0368869 0.0143918 0.0126121 0.0209003 0.010757 0.00746204 0.0293294 0.0158106 0.0133363 0.022473
0.0376967 0.00399675 0.0249119 0.00557961 0.0193064 0.0188403 0.034228 0.00147444 0.0204877 0.00809497 0.019215 0.0166585
0.0143156 0.0132748 0.0204272 0.0211167 0.00247792 0.00747969 0.011399 0.0102531 0.0136956 0.0218155 -0.00190062 0.00915164
0.0382253 0.0517661 0.0163623 0.0026233 -0.000711292 0.00875669 0.0368725 0.0497764 0.00734068 -0.000555864 -0.00249747 0.0117462
0.0187295 0.0368684 -0.018401 0.00295781 -0.0140188 -0.00735644 0.0137578 0.0357153 -0.0235905 0.0027562 -0.0158409 -0.00752938
0.0632899 0.06873 0.032752 -0.00654556 -0.00547304 0.0219329 0.0546604 0.0593723 0.0179874 -0.00562738 -0.00599673 0.0284289
0.0633516 0.0217876 0.0359868 -0.00932202 -0.00461693 -9.83182e-06 0.062073 0.0236732 0.0335825 -0.0163966 -0.0114124 0.000507747
0.0706997 0.0767848 0.0454563 0.00263121 -0.0102263 0.00923195 0.0659975 0.0762861 0.0394346 -0.00208636 -0.0099196 0.0116669
0.0346354 0.000711421 0.00123193 -0.0296092 -0.00181287 -0.0235815 0.0328336 0.00685565 -0.00126772 -0.0298 0.00183991 -0.0204346
0.0406596 0.0234356 -0.00835287 0.0141413 0.0132933 -0.00589986 0.0294669 0.0276381 -0.0177429 0.01374 0.0100376 -0.00692182
0.0130113 0.00160083 -0.0229397 -0.0198745 0.0106783 -0.00519562 0.0082737 0.00793383 -0.0243486 -0.0167428 0.0095742 -0.00548839
0.00471081 0.0415207 0.0113364 0.00932117 -0.0295887 0.00421065 -0.00159426 0.0431426 0.00590086 0.00328645 -0.0304928 0.00170179
0.00430189 0.0463734 0.00263957 0.0031649 0.00598845 0.00373634 -0.00159849 0.0512565 -0.00376784 -0.000330802 0.00354043 0.00687404
-0.000820301 -0.0124063 -0.0107341 -0.0110572 0.0124289 0.0203982 -0.00809089 -0.00696787 -0.0129518 -0.00982571 0.0161883 0.0204187
-0.0168076 0.0115401 -0.00429517 -0.0392508 0.00597988 0.00791712 -0.0158464 0.00726324 0.00153506 -0.0390613 0.00422988 0.0120871
0.0199166 0.000619676 -0.0267406 -0.0352074 -0.0194337 -0.00036585 0.0184413 -0.00346614 -0.0276514 -0.0388461 -0.0172206 0.00504358
-0.00903042 -0.0230172 -0.0401462 0.0191228 -0.017501 -0.00351171 -0.0116021 -0.0136703 -0.0456799 0.0191284 -0.0155466 -0.0020971
0.00543997 -0.00929358 0.0253246 -0.0184026 0.0227783 -0.016213 0.00717713 0.00469982 0.0227665 -0.00823105 0.0166307 -0.0197132
0.00281983 0.00663504 0.00732263 -0.0220652 0.00540024 0.0230502 0.00295694 0.00427938 0.00923293 -0.0272297 0.00158747 0.029684
0.000491119 -0.0040767 0.0304499 -0.0127899 -0.0117578 -0.00670824 -0.00808111 0.00187596 0.0339569 -0.0123669 -0.0148798 -0.00559438
-0.0352634 -0.00836463 -0.0411157 0.0165036 -0.00327692 0.0346772 -0.0339301 -0.0102894 -0.0416294 0.0205274 -0.00283731 0.0313291
0.00407319 -0.0137166 -0.0123446 0.00501965 0.0071468 0.00194918 -0.00448071 -0.0113041 -0.00480401 0.00335049 0.00305006 0.00145935
0.028904 -0.00104303 -0.011638 0.001373 0.00925114 0.0191274 0.0359829 -4.78395e-06 -0.00260512 0.00297469 0.0056904 0.017887
0.011233 -0.0198956 0.00177366 -0.0221922 -0.00578363 -0.0440227 0.0112759 -0.0167811 0.0109463 -0.0222157 -0.00790349 -0.0462465
-0.0210993 -0.0616385 -0.0108651 0.0180553 -0.00142756 -0.0137092 -0.0155415 -0.0659603 -0.0100511 0.0137789 -0.00573306 -0.0170389
-0.0385202 -0.0403205 -0.0481974 -0.0223186 0.00341068 -0.00685349 -0.0449921 -0.03348 -0.0437763 -0.0229574 0.0059187 -0.00718593
-0.0115381 0.0200478 -0.0740868 0.00461586 -0.00675636 0.00639245 -0.00939586 0.0276563 -0.0779335 0.00480454 -0.00370525 0.00931762
-0.00134852 -0.0558085 -0.0200746 0.00539546 0.00942441 -0.00749702 0.00781809 -0.0580479 -0.0163735 0.00320346 0.00812574 -0.00400725
0.00184617 -0.0468992 0.0184446 0.00369889 0.0282471 -0.0231819 -0.000916636 -0.0398777 0.0128827 -1.7284e-05 0.030324 -0.0222268
0.00999968 -0.035085 -0.0465417 0.039578 -0.00692084 0.0139192 0.00353105 -0.0339527 -0.0395275 0.0465723 -0.00855383 0.0132847
-0.0267482 -0.0361352 0.00568917 -0.00516378 0.0175615 -0.0289928 -0.0256402 -0.0337501 0.0115559 0.00111812 0.00983293 -0.0235534
-0.0408591 -0.0381004 -0.00501491 -0.0198349 0.00103389 -0.00401359 -0.0444696 -0.0331845 -0.00512031 -0.0181285 0.00939793 0.00227509
0.00826496 -0.0119575 -0.016292 0.0259868 0.0230944 0.00201894 0.0122911 -0.0145377 -0.0175768 0.0231096 0.0282186 -0.00681895
-0.0659506 -0.0649856 -0.0586428 -0.00349904 0.013103 0.0171556 -0.0615946 -0.0581871 -0.0521398 -0.00697312 0.013734 0.0162102
-0.013181 -0.0199307 -0.0344451 -0.0423483 0.0260359 0.001997 -0.0139724 -0.0224233 -0.033275 -0.0386177 0.0255622 0.00775867
-0.0765652 -0.0862386 -0.0701564 -0.0274201 -0.0072549 -0.0298101 -0.0711567 -0.0847544 -0.0706285 -0.0292126 -0.00696725 -0.030828
-0.0530296 -0.0955847 -0.0748819 -0.00252046 0.00585614 -0.00219085 -0.0462549 -0.082917 -0.0692941 0.00321515 0.00461793 -0.00892309
-0.0615957 -0.0117835 -0.0524805 -0.000755272 -0.015334 0.0167631 -0.059473 -0.00917052 -0.0466552 -0.00155401 -0.0197984 0.0193471
-0.0521398 -0.0558481 -0.0663086 0.0069117 0.0241974 0.00786581 -0.0425927 -0.0546525 -0.0596395 0.0129505 0.0299786 0.00191287
-0.00547843 -0.05803 -0.033085 -0.00942755 0.00245535 -0.00641196 -0.0091316 -0.0582795 -0.0371293 -0.00684244 -0.00184333 -0.00708839
-0.0969255 -0.127701 -0.0548962 -0.0196021 -0.00639789 -0.0151667 -0.0976726 -0.130068 -0.0476364 -0.0219824 -0.00536225 -0.0163311
-0.0662925 -0.0185707 -0.0965566 0.0100462 -0.00687556 0.0171471 -0.053798 -0.0103526 -0.0966905 0.00627216 -0.00859679 0.0173787
-0.0351137 -0.0253603 -0.00173327 0.0112432 -0.0314646 0.00284681 -0.0365791 -0.0193383 -0.00234843 0.00811361 -0.0259255 0.00215509
0.0322214 -0.0423873 -0.0331846 0.0340543 0.0128763 0.0340311 0.0315991 -0.0407389 -0.0239172 0.0372939 0.0170623 0.0399379
-0.107839 -0.110415 -0.0907383 0.019544 0.0155139 0.0293094 -0.0982314 -0.104362 -0.0844532 0.0167847 0.0194419 0.0320552
-0.0833339 -0.103266 -0.12029 0.0126778 0.000769541 -0.0248662 -0.0764505 -0.103682 -0.119289 0.0125451 0.00913142 -0.0215874
-0.131525 -0.155045 -0.12747 0.0171517 0.0339265 -0.00845589 -0.121005 -0.155259 -0.128729 0.012803 0.0373716 -0.00949386
-0.0691333 -0.0323295 -0.0957439 -0.0721505 -0.0180384 -0.0167551 -0.0627573 -0.0427374 -0.0955433 -0.0726768 -0.0103589 -0.0103661
-0.0610497 -0.0286193 -0.0423262 0.0170337 0.0118612 -0.023511 -0.051714 -0.0270242 -0.0422779 0.0120276 0.00906463 -0.0204198
-0.0441538 -0.0864583 -0.0504354 -0.00695709 -0.0111854 -0.00169877 -0.0464483 -0.0883288 -0.0451871 -0.008705 -0.0119071 -0.00804213
-0.0885899 -0.148869 -0.133843 -0.0390996 -0.0309164 0.0123119 -0.0862865 -0.135133 -0.134606 -0.0396731 -0.0277632 0.0193626
-0.103867 -0.111028 -0.113563 0.0603116 0.00366019 0.0124788 -0.097168 -0.107299 -0.101869 0.0628973 0.00551676 0.0116084
-0.101228 -0.103604 -0.0748503 -0.00743095 0.0189363 0.0164832 -0.0976177 -0.0985034 -0.0849998 -0.00319481 0.0253124 0.0225834
-0.146605 -0.119063 -0.128076 -0.00237094 -0.0141249 0.0372796 -0.149075 -0.12241 -0.128136 0.000764105 -0.00835651 0.0383102
-0.136306 -0.143864 -0.16177 -0.00545929 -0.00460927 -0.0222865 -0.137398 -0.148749 -0.161613 -0.0103903 -0.0034084 -0.0173139
-0.0609993 -0.081936 -0.099957 0.0043222 -0.00948865 -0.0501936 -0.0627407 -0.0824413 -0.0998809 0.00216605 -0.0106328 -0.0595544
-0.059773 -0.0995326 -0.114774 -0.000187792 -0.0222619 0.013155 -0.0522292 -0.0978895 -0.116938 -0.00169315 -0.0317363 0.0117735
-0.105417 -0.0488846 -0.0540874 0.0553458 -0.0465318 0.0229878 -0.113055 -0.0478672 -0.055598 0.0555473 -0.0499502 0.0256529
-0.127324 -0.157736 -0.129239 -0.0285479 0.01185 -0.00689929 -0.130505 -0.163601 -0.121842 -0.021273 0.0147398 -0.0105468
-0.175865 -0.180404 -0.184612 0.00879755 0.0220907 -0.000466927 -0.186758 -0.176423 -0.184392 0.00472222 0.0216104 -0.00609488
-0.161637 -0.139639 -0.16136 -0.0261873 0.0123872 0.00217412 -0.159005 -0.133997 -0.154103 -0.0274713 0.0212327 0.00269574
-0.126444 -0.0688015 -0.14512 -0.0284468 0.0187202 -0.00936068 -0.122617 -0.0695567 -0.142957 -0.0306701 0.0210315 -0.0112802
-0.0573985 -0.122354 -0.133462 -0.0265736 0.0317318 0.0202693 -0.0549875 -0.119837 -0.125124 -0.0251728 0.033267 0.0204937
-0.108735 -0.125347 -0.114266 -0.0270163 0.00569719 0.033822 -0.106177 -0.120741 -0.105228 -0.0325649 0.00486306 0.0400757
-0.0993856 -0.109566 -0.119626 -0.00695898 0.0510873 -0.0142653 -0.0957208 -0.116043 -0.117 -0.00730077 0.0514701 -0.0148898
-0.0832906 -0.12644 -0.121429 -0.0112984 0.0105382 0.0339291 -0.0755487 -0.122246 -0.127714 -0.00967707 0.019948 0.0304683
-0.101269 -0.100737 -0.129943 0.00527708 0.00891174 -0.0324197 -0.0939652 -0.096089 -0.115513 0.00396235 0.0106531 -0.033116
-0.109879 -0.0822989 -0.0873962 -0.00143391 0.00744083 0.00598166 -0.118866 -0.0817173 -0.0926 -0.000605926 0.0059875 0.00191275
-0.114348 -0.106678 -0.117325 0.00537642 -0.0232746 0.0122559 -0.109459 -0.0987809 -0.109453 0.00627491 -0.0248546 0.0127736
-0.123716 -0.112125 -0.119753 -0.0280591 -0.00441547 0.00848148 -0.138115 -0.113039 -0.128209 -0.0283837 -0.00631293 0.0115581
-0.0997766 -0.159424 -0.0827611 0.0529111 -0.000348488 0.00153549 -0.0998301 -0.165629 -0.0828882 0.0565148 0.0107544 0.00488546
-0.0773358 -0.177535 -0.121547 0.0135582 0.0294858 0.0293502 -0.0879805 -0.184763 -0.122978 0.024135 0.0281468 0.028348
-0.0730709 -0.0811824 -0.0908822 0.0114543 -0.0187354 -0.0163735 -0.0608561 -0.0693584 -0.103801 0.0190128 -0.0208477 -0.0171945
-0.0570881 -0.0744339 -0.064448 -0.00590482 -0.0241626 0.0105845 -0.0526782 -0.0652453 -0.0836053 -0.00318254 -0.0221306 0.00580778
-0.0810641 -0.0271879 -0.0825001 0.0304494 0.00680754 -0.00032816 -0.0734231 -0.0155524 -0.0943847 0.0313115 0.0068789 -0.00369346
-0.0615216 -0.0608113 -0.0411968 -0.00996984 0.0326686 0.0122037 -0.0540392 -0.050038 -0.0543705 -0.00938639 0.035995 0.0131634
-0.041601 -0.0266675 -0.0672242 -0.00524946 -0.0153324 -0.0119551 -0.031921 -0.0141516 -0.0787643 -0.00871024 -0.0163446 -0.0144784
-0.0613119 -0.0655249 -0.042703 -0.0192461 -0.0195846 0.0197294 -0.0469187 -0.0495752 -0.0571619 -0.0261446 -0.0184393 0.0221124
-0.0398494 -0.0375973 -0.0460904 0.00664911 -0.00202956 0.0276301 -0.0288217 -0.0323493 -0.0570982 0.00899315 -0.00916729 0.0289138
-0.0889603 -0.091779 -0.0806104 -0.00876729 -0.0227942 -0.0142358 -0.0829756 -0.0843331 -0.0987348 -0.00964671 -0.0160315 -0.0159609
-0.0412097 -0.0903385 -0.0730129 -0.0229361 -0.0345457 -0.000756121 -0.0313403 -0.0831655 -0.0866696 -0.0218483 -0.0346473 -0.00384761
-0.0631103 -0.0834394 -0.0744577 -0.00296715 0.0032893 -0.00362493 -0.0581441 -0.0750213 -0.0879067 0.00296839 0.00205503 -0.00806948
-0.0643262 -0.0418814 -0.0194699 -0.00266385 0.00154925 -0.0137413 -0.0505039 -0.038622 -0.0365201 0.000119765 0.000661258 -0.0121731
-0.0665699 -0.0882435 -0.050861 0.0066408 -0.00597205 0.00233522 -0.0534149 -0.0837075 -0.0604759 0.00337012 -0.00628669 0.00324294
-0.0544975 -0.0497654 -0.0596481 0.00683313 0.0195466 0.00398817 -0.0437793 -0.0412955 -0.0717154 0.0122682 0.0212648 0.0047072
-0.0377507 -0.0464627 -0.0628219 -0.0137549 -0.0185155 0.00435204 -0.0270905 -0.0332534 -0.0852488 -0.0131154 -0.0187126 0.00696146
-0.0736152 -0.0892951 -0.0584443 -0.000378437 -0.0127136 -0.0225692 -0.0646972 -0.0816633 -0.0715811 0.00198059 -0.0102634 -0.0252649
-0.109284 -0.0515189 -0.0632924 -0.00100258 0.036713 -0.00889249 -0.0975364 -0.039704 -0.0755421 0.000252215 0.0392077 -0.00682149
-0.071835 -0.0628537 -0.0833108 -0.00516507 0.00383016 -0.0221428 -0.0612711 -0.0519991 -0.095697 -0.00440956 0.000431493 -0.0219118
-0.0271413 -0.0106467 -0.0395564 0.012158 0.00389296 0.00319555 -0.0172193 -0.00230503 -0.0510868 0.00884898 0.00445274 0.000348792
-0.0719248 -0.0265951 -0.0431452 0.0104243 -0.0129932 -0.000854008 -0.0651707 -0.018211 -0.0572321 0.0102285 -0.0138297 -0.0013894
-0.0670315 -0.0574467 -0.0707813 0.021363 -0.00573324 0.0154222 -0.0528861 -0.053936 -0.0905693 0.0204531 -0.00257836 0.00979148
0.535497 0.473361 0.485483 0.0164062 0.0457159 -0.051078 0.538544 0.465549 0.480832 0.00834161 0.045554 -0.0515612
-0.0514763 -0.00576052 -0.0163337 -0.00505768 0.0392189 0.0117987 -0.0421881 -0.000358085 -0.0292978 -0.00830434 0.038829 0.00906364
-0.116927 -0.104174 -0.0962966 0.00204049 0.00717221 0.00733902 -0.102653 -0.0930504 -0.114611 0.00216929 0.00581707 0.00804939
-0.0728629 -0.10996 -0.0809902 -0.0193932 0.00766213 -0.00889842 -0.060483 -0.097054 -0.0915854 -0.013576 0.00794771 -0.00750159
-0.0616043 -0.0189701 -0.0592883 0.0181849 -0.000985227 0.0293232 -0.0560363 -0.00954831 -0.0738864 0.00805475 0.00170108 0.0248694
-0.0533967 -0.0574705 -0.098529 0.0115049 0.0197091 -0.00913751 -0.0404444 -0.0469416 -0.118592 0.0168758 0.0151697 -0.00758081
-0.0571804 -0.0417085 -0.0851607 0.00927701 -0.0032212 0.0143785 -0.0487791 -0.0340497 -0.0994129 0.00670117 -0.00224495 0.0191443
-0.054139 -0.045291 -0.0401992 -0.00808792 -0.0180662 -0.00720514 -0.0454491 -0.0337124 -0.0601011 -0.00937471 -0.0211818 -0.00435332
-0.0601963 -0.0779575 -0.0525402 0.00985787 -0.00239048 0.00123973 -0.0560879 -0.0715934 -0.0717978 0.00613224 -0.00254892 0.00138593
-0.0961858 -0.0848026 -0.100187 -0.0113987 -0.0050111 -0.0127144 -0.0873404 -0.0758509 -0.120255 -0.010506 -0.0106237 -0.0148833
-0.0685775 -0.0452207 -0.095572 0.0105676 0.00486013 0.0105006 -0.0568148 -0.0413345 -0.116476 0.00838808 0.00604769 0.0115322
-0.00866011 -0.0376004 -0.0412759 0.00117217 -0.000369466 -0.023154 0.00631254 -0.0337049 -0.0508038 0.00416537 -0.00604178 -0.0215748
-0.0228504 0.0142144 -0.0153827 0.00467248 0.011566 -0.00519075 -0.0107051 0.0181559 -0.0289141 0.00876556 0.0168128 -0.00341144
-0.112924 -0.071635 -0.0966626 0.0253184 0.0170565 0.0147655 -0.101682 -0.0591521 -0.108892 0.0243551 0.0215297 0.0151112
-0.0231075 -0.0419641 -0.0356886 -0.000549327 -0.0103532 -0.0148068 -0.0201516 -0.0343122 -0.0519214 0.00369863 -0.0125373 -0.0143257
-0.0641266 -0.0374545 -0.0483401 -0.0215153 0.00336449 -0.00300393 -0.0513636 -0.0279149 -0.0629859 -0.017045 0.0117761 -0.00136241
-0.0373187 -0.036965 -0.0276063 -0.00588824 0.0110688 0.0224665 -0.0284642 -0.0272115 -0.0446773 -0.0039519 0.00945614 0.0236763
-0.0695898 -0.0366324 -0.0739468 0.0340333 0.0273889 0.00682707 -0.0602203 -0.0244213 -0.089891 0.0340765 0.0278204 0.0102239
-0.0504734 -0.0349357 -0.0348104 -0.0214572 -0.0141253 0.013721 -0.041164 -0.0200584 -0.0472636 -0.0145112 -0.0171221 0.015691
-0.0692412 -0.0538382 -0.07292 0.00742904 0.000464456 0.0259989 -0.0682399 -0.0452909 -0.09998 0.00576166 0.00184785 0.0227197
-0.0727456 -0.054725 -0.122082 0.0252454 -0.00794059 0.00722652 -0.0597771 -0.040957 -0.143437 0.02789 -0.00116075 0.00204097
-0.0343297 -0.0824825 -0.0726693 0.00732957 0.00402867 -0.00599096 -0.0209619 -0.069412 -0.0901096 0.00461743 0.0012648 -0.0152171
-0.0661849 -0.062885 -0.0556365 -0.00190807 -0.0169919 -0.0182417 -0.0490534 -0.0559447 -0.0707865 -0.00462775 -0.0170466 -0.0173017
-0.0668482 -0.0604852 -0.044279 0.027808 0.00551295 0.0193494 -0.0524903 -0.041905 -0.0574157 0.0317591 0.0031525 0.0206733
-0.0852704 -0.0529606 -0.0541312 0.000410397 0.00495891 -0.0173296 -0.0807424 -0.0329994 -0.0652715 0.00112275 0.00821376 -0.0222025
-0.0753422 -0.0639993 -0.0953632 -0.0110407 -0.00707956 0.00471612 -0.065373 -0.0551033 -0.1069 -0.00579869 -0.00822339 0.00535138
-0.0460235 -0.0911893 -0.058263 0.0244523 -0.0199309 -0.0313016 -0.0403405 -0.0813622 -0.0743775 0.0287026 -0.0169757 -0.0284449
-0.049128 -0.0488357 -0.0487999 0.0146803 -0.0227733 -0.00590018 -0.0436398 -0.0323414 -0.0701379 0.00802844 -0.0212718 -0.00813322
-0.0741984 -0.0312128 -0.0272106 -0.0291767 -0.00247655 -0.00932564 -0.0647343 -0.0205128 -0.0409281 -0.0286847 0.00154117 -0.00672151
-0.0321454 -0.041276 -0.0503548 -0.0232617 -0.00718498 -0.0094439 -0.0275405 -0.0277634 -0.0656209 -0.0247908 -0.00456527 -0.0149783
-0.0434149 -0.0352453 -0.0324735 0.0175244 0.0113585 -0.0165416 -0.040526 -0.0233759 -0.0491482 0.0155605 0.00497493 -0.0129699
-0.0655064 -0.0940157 -0.090889 -0.0212922 0.0291533 0.0144182 -0.0550286 -0.082939 -0.113679 -0.0204715 0.0306263 0.0141839
-0.0899316 -0.0951764 -0.114738 -0.0256726 -0.0103401 0.0108604 -0.0776213 -0.0865907 -0.13486 -0.0298343 -0.0104955 0.0110675
-0.0748896 -0.050249 -0.0633054 -0.00785174 -0.00805735 -0.00412704 -0.0618743 -0.0414571 -0.0779963 -0.0102493 -0.00778992 -0.0052053
-0.0397522 -0.0498746 -0.0591715 0.0182587 0.00635715 -0.00647348 -0.0319796 -0.0431659 -0.0745164 0.0213753 0.002295 -0.00739272
-0.0142897 -0.0111954 -0.0665875 -0.00663187 -0.000554119 0.0111667 -0.00850584 0.00108265 -0.0788278 -0.0112988 -0.00392106 0.00668773
-0.0336434 -0.0738702 -0.0380057 -0.0111994 -0.00651899 0.0278125 -0.0222358 -0.066099 -0.0578521 -0.00457136 -0.00907132 0.0331563
-0.0758987 -0.032763 -0.0653179 -0.0048152 0.0375335 0.00935361 -0.071269 -0.0135832 -0.0809865 -0.00453146 0.0365233 0.00738468
-0.0500754 -0.12192 -0.144381 0.0200811 0.0202854 -0.0154685 -0.0359059 -0.111687 -0.16 0.0199741 0.0176394 -0.00751141
-0.0926782 -0.104715 -0.0816074 0.000342479 0.00310425 -0.0344693 -0.0745909 -0.0944512 -0.10351 -0.00133227 0.00661668 -0.031088
-0.0277566 -0.0419678 -0.0800434 0.0143775 0.00581761 0.0471405 -0.01075 -0.0351798 -0.0978618 0.0118904 0.00474176 0.048682
-0.141293 0.048055 0.0776974 0.114458 -0.192689 0.230302 -0.190231 0.0405067 0.0807725 0.141187 -0.194027 0.270728
0.104633 -0.09938 -0.0952805 -0.0873437 -0.110808 0.149551 0.130903 -0.0801967 -0.072655 -0.0634417 -0.102388 0.163737
0.140609 -0.0156046 0.115622 0.135115 -0.0907355 -0.161521 0.123735 -0.0271575 0.114594 0.139045 -0.103739 -0.177282
-0.044491 -0.205092 0.0201087 -0.0116176 -0.140087 0.0234465 -0.0391892 -0.225707 0.043955 -0.0156642 -0.141519 0.02626
-0.337254 -0.350294 -0.300163 -0.22463 -0.0645995 0.0184058 -0.304696 -0.324088 -0.263993 -0.246634 -0.0432825 0.0282192
0.388939 0.0652063 -0.020817 0.0481469 -0.136663 0.103855 0.377417 0.0538625 -0.0211042 0.06644 -0.141422 0.119643
-0.0484259 -0.0566538 0.275556 -0.00177578 -0.0394417 0.0513207 -0.057705 -0.0703108 0.28123 0.00119 -0.0471458 0.0501308
0.0100571 -0.195829 -0.249491 -0.0862376 -0.00364121 0.118436 0.00940417 -0.198304 -0.249792 -0.0979092 0.00158667 0.0717542
-0.0545122 -0.109247 0.00108575 0.0330229 -0.121028 -0.0303196 -0.0767667 -0.125172 0.0199867 0.03998 -0.128325 -0.03142
-0.308945 -0.227955 0.112382 0.0634269 0.0654958 0.0850803 -0.290713 -0.229652 0.0925967 0.04998 0.0728058 0.0750092
-0.187184 -0.148884 -0.23963 0.1902 0.0618347 -0.0128131 -0.181956 -0.109219 -0.246768 0.153504 0.0723025 -0.00392583
-0.107368 -0.0812526 0.0706032 0.0760728 0.161106 0.0941851 -0.111267 -0.0965508 0.0326075 0.0859683 0.182414 0.087635
-0.162191 -0.201512 0.0535294 0.0333404 -0.148095 0.0259327 -0.167185 -0.206052 0.0924825 0.0281242 -0.15618 0.0259133
0.102589 0.0706984 0.037491 0.181321 -0.0623976 0.0230622 0.0985575 0.0673367 0.0201858 0.178459 -0.0600225 0.0314408
0.00218798 0.0293791 0.0780275 0.0129234 -0.0688071 0.0478377 -0.00866083 0.0197142 0.100316 0.0147558 -0.0799867 0.0484417
0.141501 -0.0506548 -0.0880343 0.193823 0.11848 -0.138853 0.129367 0.00516083 -0.0623117 0.159318 0.0998175 -0.124245
-0.0497426 -0.18589 0.0600236 -0.0258283 -0.137719 -0.0113492 -0.0514175 -0.211353 0.0857158 -0.0239342 -0.139702 -0.0129408
-0.0169839 0.195709 -0.0141571 0.182952 -0.221066 -0.167666 -0.0336158 0.180908 -0.00805083 0.199996 -0.206926 -0.168733
-0.0631916 -0.0698487 -0.29136 -0.0225432 0.0687347 -0.0533307 -0.0675717 -0.0641067 -0.282616 -0.0510333 0.0625917 -0.0613258
-0.291869 -0.181694 -0.0877018 -0.0376172 0.0290684 0.154297 -0.288114 -0.191966 -0.113322 -0.0577325 -0.0214525 0.157566
-0.467065 -0.0924242 -0.295534 0.0754481 0.178628 0.157246 -0.471017 -0.11073 -0.211071 0.087625 0.185494 0.170205
-0.145416 -0.140578 -0.0558081 -0.015677 0.163972 0.0970834 -0.156068 -0.156251 -0.0830075 -0.02291 0.165267 0.08479
0.070753 -0.278031 -0.277012 0.0815665 -0.181975 -0.0480485 0.0651492 -0.285259 -0.281377 0.0745208 -0.138623 -0.0558975
-0.0986465 0.0753643 -0.0869709 -0.0731737 -0.168001 -0.0954696 -0.0982592 0.0674 -0.0877 -0.06181 -0.156923 -0.0903
-0.332617 -0.292991 -0.306537 0.159132 0.0820994 0.0543204 -0.298533 -0.292191 -0.299733 0.184801 0.0741725 0.0713808
-0.281583 -0.565026 -0.404625 0.01762 0.0259402 -0.0546441 -0.296935 -0.565633 -0.365109 0.0273708 0.0340508 -0.0474317
-0.0489363 -0.143775 -0.124902 -0.00928226 0.0908708 0.077717 -0.0767842 -0.160657 -0.131774 0.00639 0.0857883 0.0888525
0.00470202 -0.130758 -0.0400048 -0.149551 0.0480606 0.00307032 0.0223517 -0.143495 -0.0171833 -0.135696 0.05947 -0.0337542
-0.163127 -0.154657 -0.165226 -0.145285 -0.0239584 0.0535653 -0.131485 -0.114917 -0.169818 -0.178854 -0.0303333 0.0624633
-0.480294 -0.342803 -0.343691 0.0938835 -0.128937 -0.0322779 -0.480848 -0.341256 -0.353505 0.0771125 -0.117395 -0.0274042
-0.064187 -0.132564 0.0707329 -0.00647781 -0.121864 0.0121549 -0.0726217 -0.145476 0.0972367 0.0045625 -0.129937 0.00801917
-0.0592208 -0.086802 0.0724525 -0.00691124 -0.0923056 -0.0037035 -0.0647708 -0.102466 0.09544 -0.00921583 -0.10341 -0.00227917
-0.0151283 -0.101817 0.063309 -0.0256537 -0.111239 0.0236619 -0.0207433 -0.115321 0.0869942 -0.019245 -0.114593 0.02476
-0.074866 -0.133074 0.0589262 0.00130736 -0.106402 0.00251721 -0.0752208 -0.143038 0.0848267 0.00131167 -0.11353 0.00353167
-0.0604613 -0.0934748 0.0551646 0.00860987 -0.108383 -0.00411594 -0.0680967 -0.105958 0.0796483 -0.0015575 -0.119738 -0.000808333
-0.061445 -0.112 0.0594515 0.0222393 -0.110036 0.0196807 -0.073025 -0.128988 0.0883883 0.0243417 -0.117218 0.0144683
-0.0478158 -0.131199 0.0379128 0.00896289 -0.107064 0.00213733 -0.0558025 -0.149269 0.0642467 0.0104517 -0.113157 -0.0007475
-0.0797221 -0.0923065 0.0105529 0.0315805 -0.0836218 -0.0217948 -0.0821308 -0.1039 0.0362892 0.0288075 -0.0938017 -0.02584
-0.0435653 -0.121042 0.0493311 -0.00808205 -0.111367 0.0115471 -0.0567758 -0.140207 0.0741225 -0.00454167 -0.119261 0.0106392
-0.0758257 -0.095302 0.0392915 0.0291663 -0.10004 -0.00242342 -0.0832125 -0.110202 0.0654258 0.0263467 -0.104412 -0.0026925
-0.0572112 -0.104891 0.0700554 0.0120515 -0.098184 -0.0097228 -0.06881 -0.126423 0.0844858 0.0100192 -0.104032 -0.0086775
-0.074345 -0.121071 0.0578064 0.0041766 -0.108233 -0.0137807 -0.0770875 -0.130505 0.0858783 0.00191833 -0.11355 -0.0122933
-0.0725733 -0.0702539 0.0197926 0.00394887 -0.0908939 -0.0176152 -0.0811833 -0.0924683 0.0424742 0.0030425 -0.101098 -0.0183892
-0.066234 -0.136698 0.0173662 -0.00612733 -0.104638 -0.000438521 -0.0717592 -0.150486 0.04233 -0.0055375 -0.110354 -9.16667e-06
-0.0289676 -0.108142 0.0593307 -0.000529543 -0.109389 -0.00445129 -0.0379275 -0.127507 0.0804992 0.0039725 -0.115986 -0.00175917
-0.0488349 -0.106171 0.0396165 0.00406354 -0.105574 0.00103991 -0.0553925 -0.116795 0.0668 0.00455667 -0.108775 0.000949167
-0.0643153 -0.11658 0.0940766 -0.000500826 -0.130492 0.00471126 -0.0679242 -0.127829 0.120827 -0.0017525 -0.137328 0.00578833
-0.0766962 -0.109791 0.0398358 -0.0103823 -0.0965864 0.00074537 -0.0836458 -0.120198 0.0654625 -0.0076925 -0.09909 -0.000410833
-0.0326425 -0.091106 0.120501 0.0133177 -0.0938742 0.00985368 -0.0380117 -0.104591 0.141087 0.0119708 -0.103125 0.0102667
-0.0758587 -0.121118 0.0448353 0.0150907 -0.107066 -0.0176695 -0.073225 -0.13445 0.0707008 0.0150875 -0.112177 -0.0143917
0.00711755 -0.00153294 0.00895172 0.0237343 0.0207511 -0.00451903 0.0107726 -0.00425454 0.00190142 0.026386 0.0203322 -0.00264667
-0.000488198 -0.0157625 0.0132059 -0.00160257 -0.00987454 0.0075671 -0.000570525 -0.0107267 0.00861299 0.00140207 -0.0126484 0.00599136
0.0394109 0.000561869 0.030113 0.00257616 0.0087005 0.00254226 0.0393924 -0.00692614 0.0202886 0.00614352 0.00369287 0.00549836
0.0294159 0.0168598 0.0448969 0.00944443 0.000567316 0.00473283 0.0320556 0.0119918 0.0407844 0.0122108 -0.0010633 0.000976975
0.0133281 -0.00114338 0.0187282 0.00612232 0.0038126 0.0096581 0.00874756 -0.00338991 0.0106578 0.00585315 0.00161944 0.0112645
0.0187337 -0.00603967 0.00728689 0.0127059 0.0151504 0.00358055 0.0207121 -0.0117441 0.000653858 0.0154934 0.0151395 0.00305972
0.0419675 -0.00378179 0.029119 0.00847813 -0.00683848 -0.00291715 0.0381278 -0.00313457 0.0284231 0.011294 -0.00844019 -0.000760401
0.0141421 0.0224853 0.0236439 -0.0060371 0.0100411 0.00882381 0.0120873 0.016513 0.0147503 -0.00372988 0.00265559 0.0100703
0.00312615 0.0107377 0.00662328 0.00931151 0.0228014 -0.00129473 0.00307762 0.0072213 -0.00390062 0.0113818 0.0204173 -0.00141753
0.0411554 -0.0177138 0.0348056 -0.00833667 0.00764697 -0.00343387 0.0427277 -0.0105621 0.034741 -0.00886056 0.00410043 -0.00719232
-0.00268732 0.0210014 -0.0115169 0.0123878 0.0149326 -0.0190523 -0.011395 0.0188479 -0.0204082 0.00792673 0.0144756 -0.0226599
-0.011075 0.00695409 0.018515 0.0113171 0.00197787 -0.0284824 -0.0164338 0.0132562 0.0108875 0.00543725 -0.000854136 -0.0239883
0.0214215 0.00797632 0.00795044 -0.0248897 -0.00109467 -0.00427856 0.0220528 0.00955806 -0.000411543 -0.0213675 -0.00266664 -0.00295664
0.00751963 0.0219263 0.000261563 0.000176943 -0.0121991 -0.0108085 -0.00414744 0.021355 -0.0120565 -0.00104713 -0.0118784 -0.0102948
-0.00166679 0.0403584 -0.0275833 -0.0009677 0.000480551 -0.0109667 -0.00756377 0.0395621 -0.0405539 -0.00835275 0.000970185 -0.0115412
0.0154888 0.00954475 0.0354954 0.00719975 -0.00408762 -0.0137128 0.0057184 0.0130261 0.0292007 0.00954318 -0.00318 -0.0181876
-1.71363e-07 0.00221029 0.000268056 -0.0187835 -0.00168191 -0.0138049 -0.005675 -0.00229068 -0.0106532 -0.0226133 -0.00587673 -0.00911225
0.0170224 0.0438687 0.0253248 -0.0180423 -0.00927603 -0.00392308 0.014166 0.0520086 0.0227233 -0.017375 -0.00418392 -0.00488151
-0.00144378 0.0130875 0.0294558 -0.0129999 0.00465269 -0.000253917 -0.00106321 0.0117152 0.0264184 -0.0134947 0.0056787 0.00397685
0.0290885 0.0152265 -0.0257284 0.00428596 0.0104635 0.00567744 0.022432 0.0109223 -0.035948 0.000492747 0.00933867 0.00997864
0.0386672 0.0312246 0.0390793 -0.0234978 -0.0123682 -0.0379091 0.0337683 0.0283143 0.0453423 -0.023185 -0.0135189 -0.038331
-0.00404105 0.0189704 -0.0353851 0.0341904 -0.0314258 -0.0191588 -0.00273302 0.0194469 -0.0384284 0.0372158 -0.0356069 -0.0219145
0.0140739 -0.0159438 0.0273102 -0.0154948 0.00113963 0.00329051 0.011491 -0.0151122 0.0289255 -0.0127337 -0.000537593 0.00675219
0.00701749 -0.0342645 -0.0155418 0.00660394 -0.0112959 0.0243101 -0.00195059 -0.0379755 -0.0149044 0.0124927 -0.00507213 0.0278448
-0.0188346 -0.00750218 0.00269873 -0.00790932 0.0193486 -0.00929014 -0.0145046 -0.00982818 0.00745735 -0.00802951 0.0219455 -0.00325494
-0.0217889 -0.0263112 0.003631 0.00874726 0.000321474 -0.000317748 -0.0275408 -0.0203847 0.0067684 0.00865349 0.00217636 0.00217988
-0.000110536 -0.0101433 -0.00698467 -0.00954847 -0.00667163 -0.0141712 -0.0032467 -0.00676201 0.00294728 -0.0108751 -0.0125534 -0.0200132
-0.0168107 0.0326593 0.0294538 -0.0200197 -0.00851696 0.00197811 -0.0214477 0.0299349 0.0330981 -0.0159515 -0.00398704 0.000751667
0.0154501 -0.00313173 -0.00261139 -0.0331047 0.0171045 0.00207747 0.00732404 -0.00187917 -0.0107681 -0.0358214 0.0144447 0.00290417
-0.0038777 -0.00412915 -0.0190866 -0.0193271 -0.00166629 0.00871077 0.00415062 -0.0114128 -0.0219444 -0.020538 -0.0021358 0.0101383
0.00437743 0.00834245 0.0122295 0.00962957 -0.0026617 0.0114656 0.00970688 0.00652157 0.0208227 0.00822133 -0.00426772 0.0148597
-0.0867529 -0.0327164 -0.0837417 0.0215119 0.0171709 0.0271479 -0.0875423 -0.0232634 -0.0748507 0.0205991 0.0177617 0.0264688
-0.0310829 -0.0680829 -0.0654295 -0.00998352 -0.0199088 0.0159622 -0.0260311 -0.0604238 -0.0604555 -0.00897966 -0.0150101 0.0164221
-0.0276647 0.0233682 -0.0176235 -0.0118277 -0.00775515 -0.0108211 -0.023993 0.0271584 -0.0131498 -0.0147552 -0.0116643 -0.0100645
-0.050457 -0.0721999 -0.0606478 0.0396548 0.00117243 -0.00138988 -0.0495054 -0.0715742 -0.0607449 0.0409456 0.00712562 -0.00203747
-0.0195576 -0.00651306 0.0193875 -0.0303372 -0.00846126 -0.00515915 -0.0202329 -0.0100569 0.0144602 -0.0298442 -0.0117426 -0.00916994
-0.0273438 -0.0557227 -0.0464935 -0.00328556 0.0011413 0.00223593 -0.0359428 -0.0472187 -0.0471885 -0.00379583 0.00325435 -0.00267096
-0.0400267 -0.0228462 -0.00655707 -0.0183051 0.023827 -0.0214223 -0.0373527 -0.0267793 -0.00237568 -0.0179573 0.0361619 -0.0209647
-0.0182105 -0.0070411 -0.00765896 -0.00253213 0.0132755 -0.0331236 -0.0196461 -0.012811 -0.00592469 0.00169713 0.00693667 -0.031278
-0.0374063 -0.00711724 -0.0630961 0.0342119 0.00287347 -0.0223604 -0.0248515 -0.00370639 -0.0553901 0.0350733 0.00112611 -0.0264313
-0.031361 -0.0614102 -0.0852765 -0.00602192 0.0101936 0.0134786 -0.0239388 -0.0600663 -0.0777679 -0.00683883 0.0108615 0.00814907
-0.0688036 -0.0770045 -0.0869024 0.0168402 -0.0171808 0.0114474 -0.0563185 -0.0706719 -0.0806169 0.0188746 -0.00973071 0.0150946
-0.0300494 -0.022652 -0.0107989 -0.021317 -0.0188431 -0.00287477 -0.0308461 -0.0166096 -0.00216278 -0.0246721 -0.0238167 -0.0111566
-0.0825191 -0.0905406 -0.0706103 0.00663377 0.0216102 0.0213546 -0.0789686 -0.0841971 -0.0704124 0.0169709 0.0246383 0.0255363
-0.030978 -0.0143188 -0.0348155 -0.000374245 0.0262759 -0.00648756 -0.0252294 -0.0102105 -0.0310358 -0.00248654 0.0198186 -0.0135978
-0.0440923 -0.032907 -0.030341 0.00793144 0.0194021 -0.00487918 -0.0390516 -0.029873 -0.0226223 0.00983821 0.0235157 -0.00315519
-0.0879206 -0.0887742 -0.0697766 -0.0283626 0.0276474 -0.0170088 -0.0890736 -0.0818426 -0.0588366 -0.0303984 0.0289928 -0.0162044
-0.0574768 -0.0344641 -0.0203614 0.0123135 -0.00147352 -0.000588061 -0.0570414 -0.0319072 -0.0200538 0.0113488 4.53704e-06 0.000288889
-0.0719415 -0.0405496 -0.0711549 -0.00432723 0.0260114 -0.00568786 -0.0667989 -0.0334437 -0.0668362 -0.00395478 0.0218551 -0.00915586
-0.0974061 -0.0594853 -0.0441909 -0.0179794 -0.00583086 0.00166343 -0.0876777 -0.0426982 -0.0409027 -0.013476 0.000632747 0.00535336
-0.0280113 -0.0374266 0.0269653 0.034984 -0.000249832 -0.0116084 -0.0216098 -0.0346136 0.0310817 0.0388051 7.38889e-05 -0.00523139
-0.0610268 -0.0364322 -0.0452924 -0.02849 -0.00628816 -0.0144603 -0.0594057 -0.0340306 -0.0414671 -0.0325481 -0.00682633 -0.00951046
-0.0369855 -0.101819 -0.0773449 0.00792081 -0.0148558 -0.00737363 -0.0286432 -0.0906676 -0.0783041 0.00414145 -0.0161974 -0.0104641
-0.0647132 -0.084253 -0.0486374 0.0134061 -0.00719497 -0.0271082 -0.0614871 -0.0931138 -0.0426871 0.0129979 -0.0084371 -0.0290848
-0.154133 -0.14601 -0.0890079 -0.000199071 -0.0070307 -0.0223523 -0.145634 -0.141528 -0.0804469 0.00324265 -0.0122724 -0.0202817
-0.101303 -0.0879824 -0.140142 0.00656982 -0.0029265 0.0143929 -0.0932144 -0.0915044 -0.136284 0.00732518 -0.00617654 0.0168471
-0.102616 -0.0785159 -0.0349166 0.00543451 -0.0245625 0.0232144 -0.0967131 -0.0873726 -0.0334314 0.00109404 -0.023371 0.0251351
-0.101513 -0.103032 -0.0973759 -0.00363309 0.0102907 0.0347466 -0.107409 -0.108526 -0.0901963 -0.00432673 0.0133203 0.0280894
-0.0467018 -0.0671917 -0.0541149 0.000396401 -0.00443897 0.000272044 -0.0315261 -0.0625411 -0.0558965 -0.00864682 -0.0110602 -0.000453673
-0.0736161 -0.0345861 -0.0872486 -0.00899652 0.023608 0.00518157 -0.0647966 -0.0280855 -0.0816347 -0.0080512 0.023446 -0.00272716
-0.0736655 -0.142966 -0.100532 -0.0133075 -0.000793972 0.00142404 -0.0738735 -0.134446 -0.0976157 -0.0202052 -0.000544938 0.000867191
-0.10596 -0.120963 -0.0886964 0.00425793 0.00945574 -0.00944167 -0.10864 -0.120511 -0.0882367 -0.00176586 0.00587815 -0.0113053
-0.153497 -0.163833 -0.121256 -0.0115331 0.0261578 0.0438114 -0.158086 -0.166129 -0.122526 -0.0043612 0.0319003 0.0410641
-0.14437 -0.194642 -0.12808 -0.013884 0.0147232 -0.0301425 -0.149023 -0.198661 -0.123165 -0.012495 0.00953481 -0.0298485
-0.0866921 -0.107662 -0.124889 -0.0183061 0.0346576 0.0130634 -0.0819149 -0.107763 -0.119749 -0.0273727 0.0346361 0.0184888
-0.181911 -0.137997 -0.140789 -0.00621261 0.00680753 -0.00721455 -0.185527 -0.131306 -0.132527 -0.0107904 0.0088129 -0.0110017
-0.103853 -0.101278 -0.0618763 -0.00576697 0.0164314 -0.00975497 -0.107268 -0.0968129 -0.0641861 3.14815e-05 0.0184203 -0.00983651
-0.157571 -0.079664 -0.0397035 0.00808508 -0.0277304 -0.0159951 -0.159243 -0.0790861 -0.037424 0.0106195 -0.0215518 -0.0120208
-0.0839185 -0.0715206 -0.0770432 -0.00580322 0.033647 -0.0117933 -0.080416 -0.0613715 -0.0814356 -0.00419296 0.0288502 -0.00834812
-0.154173 -0.1411 -0.15812 -0.0112601 0.00189795 -0.0194215 -0.152278 -0.13788 -0.153045 -0.0106124 0.00554025 -0.0219919
-0.14042 -0.0715585 -0.0645362 0.00827581 0.0170227 0.00994219 -0.138619 -0.0729769 -0.0635291 0.0129712 0.0199182 0.018473
-0.233247 -0.184214 -0.165663 0.0104206 -0.000224492 0.015309 -0.25288 -0.183137 -0.178846 0.0233602 -0.00422191 0.00590661
-0.123081 -0.136903 -0.163679 0.0236147 0.00549266 0.0439498 -0.122734 -0.13936 -0.159413 0.0167293 0.0116912 0.0466281
-0.0958644 -0.102811 -0.0919694 0.00430718 0.0179745 0.0366576 -0.113975 -0.113073 -0.0887861 0.00385213 0.0212781 0.0390209
-0.129721 -0.178925 -0.175837 -0.00116258 -0.0269406 0.0114574 -0.133044 -0.180659 -0.180764 0.000172562 -0.0319749 0.0103548
-0.222818 -0.0935481 -0.132877 -0.00984272 0.0223555 -0.0284387 -0.223267 -0.0908062 -0.123429 -0.016475 0.0256628 -0.0278447
-0.0912362 -0.0252938 -0.0866 -0.0346247 0.0473577 -0.0139965 -0.0826455 -0.0171766 -0.0880463 -0.0477732 0.0444273 -0.0213463
-0.161135 -0.186459 -0.16511 0.0325333 0.0136287 -0.00484587 -0.158989 -0.19367 -0.161661 0.0334345 0.0127507 0.000343086
-0.110008 -0.161446 -0.141093 0.0339552 -0.00938169 -0.029045 -0.128297 -0.16349 -0.14054 0.0274354 -0.0112221 -0.0340176
-0.209312 -0.215084 -0.155286 -0.0267568 0.00354998 -0.00565919 -0.211648 -0.216277 -0.14941 -0.0262359 0.00564583 -0.0130952
0.586537 0.57137 0.508313 -0.0125922 0.0100251 0.0260699 0.596334 0.579761 0.509947 -0.0124962 0.00578605 0.0275787
0.499415 0.469897 0.509489 -0.0108822 0.0177005 0.022885 0.501996 0.472982 0.488427 -0.00962932 0.0146102 0.0226338
0.48754 0.497831 0.537092 -0.0200754 0.00634171 0.0201527 0.486464 0.49701 0.518657 -0.0188474 0.00668449 0.0183625
0.536167 0.497808 0.499086 0.00623781 0.0202377 -0.00364175 0.539541 0.507208 0.481322 0.00734807 0.0300861 -0.00835318
0.506532 0.51254 0.534161 -0.00908284 0.00373688 0.000229356 0.512243 0.520325 0.515495 -0.009515 0.00785384 -0.000198825
0.496578 0.492529 0.439068 -0.036684 -0.0337258 0.0414673 0.50885 0.495848 0.414903 -0.0356445 -0.0291005 0.0414109
0.490061 0.505862 0.506773 0.0243736 0.000684203 -0.0309694 0.498392 0.523543 0.483945 0.0292656 -0.000373818 -0.0337296
0.553685 0.544652 0.527069 -0.0226411 -0.0163186 0.0241842 0.575362 0.559968 0.507377 -0.0189264 -0.0158505 0.02393
0.518157 0.54207 0.552096 -0.0385099 0.026845 0.0432198 0.535115 0.553448 0.530728 -0.03963 0.0283006 0.0395456
0.476121 0.49587 0.528828 -0.0195863 0.0382564 0.0142564 0.489804 0.509392 0.507771 -0.0233042 0.0424822 0.0136777
0.498739 0.491033 0.495227 0.0121012 -0.0238613 -0.0115247 0.510091 0.499573 0.468233 0.0121352 -0.0198425 -0.0106548
0.481944 0.519561 0.522459 -0.0155371 -0.0265759 0.0323736 0.499542 0.529931 0.499533 -0.0186757 -0.0205583 0.0322176
0.481956 0.475417 0.464927 -0.00826266 -0.018473 -0.0247923 0.500183 0.491557 0.437291 -0.0124808 -0.017993 -0.0290881
0.515001 0.426095 0.381137 0.00430964 -0.0353411 0.0194009 0.529546 0.43829 0.340629 0.000287188 -0.0359452 0.0164907
0.521097 0.432709 0.479318 0.00383804 -0.00414351 0.00705305 0.538656 0.449574 0.442541 0.00809021 -0.0063881 0.0103197
0.525805 0.538217 0.488371 -0.000325687 -0.00619019 -0.00667791 0.540908 0.548221 0.464531 0.00531655 -0.00982262 -0.00688488
0.454669 0.447799 0.442858 -0.0105416 0.0294187 -0.0123868 0.464484 0.459231 0.416244 -0.012417 0.0226266 -0.0139518
0.465366 0.458515 0.450333 0.0273567 -0.00454313 0.00148681 0.479056 0.474531 0.432102 0.0235234 -0.00697139 0.00251799
0.455757 0.494432 0.512344 -0.0182169 0.0120593 -0.0109746 0.463353 0.5101 0.493289 -0.0124173 0.0107549 -0.00532955
0.513655 0.514537 0.502558 -0.0209675 0.01223 -0.000192686 0.525729 0.523584 0.47875 -0.0252382 0.00782467 0.000358717
0.534388 0.525343 0.506225 -0.0206267 0.00256914 0.00230197 0.540623 0.541713 0.484638 -0.0177557 0.00241462 0.00222113
0.533429 0.492287 0.479167 0.00709697 -0.000189641 -0.0137772 0.546511 0.498299 0.447078 0.0103927 0.00317047 -0.01526
0.512677 0.488758 0.528001 -0.0102991 -0.0027144 0.00919867 0.53142 0.500724 0.496329 -0.00755113 -0.00359932 0.0119681
0.469016 0.491009 0.469526 0.00687216 -0.0476454 0.00146929 0.480938 0.511619 0.447728 0.00467247 -0.0414949 0.00136644
0.501239 0.497373 0.475029 -0.0400675 -0.00709358 -0.00873222 0.520456 0.512299 0.446583 -0.0386014 0.00368768 -0.00461093
0.419442 0.506591 0.436257 -0.0357927 -0.021303 0.0142417 0.434262 0.518955 0.413327 -0.036378 -0.0166408 0.0142824
0.447437 0.458097 0.447708 -0.00442856 -0.0199904 0.0173578 0.464845 0.463451 0.426778 -0.00359926 -0.0193163 0.0166981
0.527427 0.439122 0.431344 0.00682703 -0.0431393 0.017035 0.54588 0.451185 0.408392 0.00917919 -0.044125 0.0192583
0.494758 0.514708 0.51489 -0.00214019 -0.0301631 0.0130383 0.512109 0.531978 0.486886 0.0013269 -0.0286617 0.01381
0.49908 0.513721 0.492602 -0.0354869 -0.0317979 0.0389663 0.511098 0.52237 0.463088 -0.0297319 -0.0307924 0.0447967
0.505683 0.54224 0.522578 -0.0165524 0.0117312 0.00990769 0.521642 0.552766 0.49414 -0.0146166 0.0153201 0.00547787
0.473136 0.494009 0.475797 -0.000954576 0.0183089 0.0145317 0.494798 0.510692 0.450005 -0.0026574 0.0183159 0.0119151
0.402971 0.429768 0.480072 -0.00241402 0.0235004 0.00310311 0.421029 0.439909 0.449746 -0.00213493 0.0261804 0.00357384
0.470829 0.439609 0.52771 0.0142609 -0.000397043 -0.0220878 0.485713 0.45283 0.496598 0.00959584 0.00145682 -0.0151579
0.46505 0.500183 0.476743 -0.0301099 0.0319443 0.0172986 0.478643 0.516632 0.447118 -0.0285485 0.0339428 0.0276199
0.483008 0.487965 0.482745 0.00401472 0.000869549 0.0193738 0.498671 0.502238 0.456813 0.00255845 -0.00432412 0.0281902
0.498881 0.51529 0.4748 0.0102973 0.00666338 -0.0420245 0.513923 0.532371 0.448777 0.0114585 0.00609933 -0.0401985
0.469324 0.496085 0.447948 -0.027204 -0.00323608 -0.028404 0.481338 0.510279 0.42477 -0.0287583 -0.00297938 -0.0242143
0.555096 0.490892 0.511185 0.00648532 0.0387232 -0.015937 0.566596 0.510645 0.486735 0.00362086 0.0353158 -0.0101766
0.527299 0.506468 0.475078 0.0289072 -0.00547222 -0.0241757 0.541784 0.524056 0.447728 0.0288399 -0.0056152 -0.0195754
0.431167 0.464163 0.462718 0.0145572 0.0140208 -0.0167749 0.441214 0.474781 0.436288 0.0112695 0.0215295 -0.0116737
0.474916 0.453416 0.471399 0.00562775 0.0299411 -0.0231352 0.477946 0.466229 0.439461 0.0056015 0.0336037 -0.0176479
0.533484 0.496186 0.449119 -0.0175956 0.0157266 0.0156246 0.542132 0.509406 0.425428 -0.017647 0.02556 0.014244
0.557714 0.479796 0.539811 0.00413249 -0.0295565 -0.0137234 0.574418 0.499356 0.51274 0.00708409 -0.0290044 -0.0164393
0.403766 0.427373 0.406296 -0.00319304 0.0135138 0.0271075 0.412015 0.445659 0.375262 0.000109058 0.0117885 0.0208607
0.462071 0.478146 0.488805 0.0243635 0.00659634 0.00382106 0.468537 0.491436 0.461477 0.0253292 0.0059305 0.00792018
0.508693 0.463503 0.509328 -0.00399723 0.0334373 -0.0249581 0.520441 0.47866 0.48747 -0.00924781 0.0365169 -0.0259259
0.516031 0.510226 0.488651 0.0231585 -2.6739e-05 -0.00183128 0.535028 0.515201 0.471548 0.0208646 -0.00487036 -0.00197311
0.382831 0.493809 0.475161 0.0137925 0.028675 0.0115051 0.398206 0.506128 0.455958 0.0111434 0.0263339 0.0118919
0.432646 0.455682 0.520764 0.0018107 -0.0169753 0.0473357 0.455659 0.471392 0.501883 0.00350457 -0.0120601 0.0531275
0.4856 0.44093 0.468518 0.027538 0.0223361 -0.0247671 0.503242 0.459107 0.43819 0.025107 0.0297715 -0.0164814
0.445204 0.427279 0.471859 -0.00480844 0.0370572 -0.00766575 0.471172 0.443209 0.440506 -0.00583341 0.0401091 -0.00628539
0.479387 0.420363 0.490746 0.00987892 -0.0174183 0.00187734 0.496688 0.431562 0.459962 0.00973412 -0.019569 0.00119842
0.437442 0.40568 0.430536 0.0249243 0.024146 -0.000328361 0.456583 0.42497 0.396817 0.017815 0.0265729 -0.0039749
0.49492 0.446801 0.462721 0.00529616 0.00753979 -0.0147704 0.509129 0.470489 0.428815 0.00646476 0.0101783 -0.0191879
0.416136 0.436206 0.420906 0.0207978 0.00820241 -0.0127329 0.435533 0.457982 0.390822 0.0202875 0.0101829 -0.0169859
0.453233 0.470294 0.434998 -0.0012659 -0.0241468 -0.000803825 0.476053 0.486612 0.408721 0.00646751 -0.0226818 -0.00187927
0.442328 0.504055 0.463059 -0.0127917 -0.0060217 -0.0197569 0.456453 0.517509 0.431636 -0.0097893 -0.00438538 -0.0199016
0.500976 0.473095 0.457238 0.00938987 0.0305263 -0.000128267 0.515222 0.489658 0.435429 0.0103241 0.0356842 -0.00486856
0.508081 0.504978 0.528985 0.0145757 0.0316929 0.00925282 0.521217 0.518858 0.507827 0.00764198 0.0302083 0.0111557
0.484272 0.532486 0.448563 0.00841318 0.00147052 -0.0128725 0.504821 0.54889 0.42597 0.00620364 -0.000489849 -0.0088934
0.497237 0.47421 0.455934 -0.0335002 0.0124479 0.00649361 0.511372 0.491444 0.41625 -0.0323028 0.0111877 0.0095386
0.489708 0.486978 0.464453 0.000238903 0.00928351 0.00622284 0.5076 0.502474 0.438178 -0.00513824 0.0101108 0.00565331
0.523673 0.453089 0.479551 -0.0345579 0.0116345 -0.00427957 0.542383 0.477197 0.450971 -0.0324805 0.0125456 -0.000591478
0.473739 0.464856 0.452208 0.00888949 0.0152285 0.0413359 0.487422 0.491111 0.417613 0.0134806 0.0169343 0.0366524
0.577048 0.524613 0.514074 0.0281414 0.00131091 -0.00653758 0.5879 0.548651 0.484694 0.0297043 0.00162256 -0.0139162
0.453669 0.431228 0.38725 -0.00993039 -0.0170292 0.0137581 0.466096 0.453428 0.363898 -0.00788151 -0.0217404 0.00389812
0.507908 0.511897 0.494439 0.00828477 -0.0259468 -0.0114506 0.530962 0.537356 0.472194 0.00200855 -0.0286067 -0.0125333
0.486406 0.510148 0.432878 -0.0393009 -0.00205859 -0.00425749 0.499664 0.52825 0.402918 -0.0411319 0.00417357 -0.00515274
0.504282 0.511449 0.483968 0.0108216 0.0180264 -0.0307379 0.522065 0.523457 0.449076 0.0110458 0.0153359 -0.0337362
0.493669 0.479465 0.464099 -0.0234786 0.00701596 -0.00711313 0.516342 0.488046 0.436053 -0.0191252 0.0031741 -0.00967488
0.430614 0.454793 0.472454 0.00598438 0.000630668 -0.0128907 0.4505 0.469759 0.452881 0.0126881 -0.00119268 -0.0197018
0.484112 0.515981 0.498296 -0.00542195 -0.00122637 -0.00565672 0.497212 0.527929 0.475989 -0.0037669 -0.00091133 -0.0126598
0.45722 0.409727 0.466094 0.030245 -0.0232317 0.0278875 0.472787 0.422172 0.440634 0.0281877 -0.0173578 0.0204658
0.479314 0.447025 0.419915 0.02067 0.0519695 -0.01286 0.490183 0.467166 0.390999 0.0221723 0.0509081 -0.0190734
0.518395 0.460333 0.491339 -0.00207955 -0.00123066 0.0264789 0.529429 0.481431 0.464891 0.000226242 0.00414591 0.0291769
0.483867 0.480337 0.458981 0.0410371 -0.0093604 -0.00691113 0.498656 0.499343 0.436234 0.038627 -0.00519376 -0.00406167
0.517662 0.459595 0.471086 -0.0167389 -0.0208028 0.00951875 0.54037 0.47739 0.442546 -0.0106226 -0.0233672 0.00785133
0.515956 0.501582 0.47959 -0.00924263 0.00042864 -0.00173169 0.541177 0.516255 0.454999 -0.00750543 0.00234323 -0.00161899
0.515852 0.524412 0.483375 0.000253826 -0.0410262 0.0045468 0.536441 0.542495 0.455156 -0.000154795 -0.0419589 0.00467779
0.485027 0.471972 0.456264 -0.0472015 -0.0044442 -0.0232885 0.502701 0.488967 0.4244 -0.0469318 -0.00632691 -0.0205669
0.454039 0.471169 0.470521 0.00383962 0.0311486 -0.0167209 0.467391 0.487178 0.446602 0.0058357 0.0342016 -0.0116085
0.529871 0.482647 0.525 0.0107368 -0.00453717 0.00454696 0.539492 0.49987 0.496092 0.0083294 -0.00511729 0.00647786
0.43267 0.460952 0.444562 -0.0131484 0.0078038 0.0049091 0.449945 0.468917 0.411915 -0.0164343 0.00371753 0.00529228
0.535322 0.529958 0.533922 0.0159297 -0.0145821 0.0138861 0.554796 0.532726 0.503015 0.0115756 -0.016275 0.0134039
0.465261 0.480576 0.4215 0.0218768 0.01612 -0.0078648 0.487853 0.496664 0.383915 0.0178151 0.0153106 -0.00553769
0.542288 0.514019 0.535927 0.00292283 -0.000497476 -0.0130766 0.567523 0.534455 0.501891 0.000857284 0.00573896 -0.0139487
0.539451 0.51648 0.51247 0.00310976 -0.0268621 -0.0215805 0.556507 0.533194 0.479368 0.000558307 -0.0180317 -0.0182169
0.485301 0.521483 0.52797 -0.072449 -0.00397249 -0.0310755 0.506832 0.535802 0.50126 -0.0707666 -0.000268957 -0.0260002
0.550483 0.497216 0.506665 -0.0275218 -0.0203435 0.00922809 0.570476 0.509754 0.483036 -0.0267341 -0.0233081 0.0152906
0.531245 0.53531 0.6022 -0.0311513 0.0101336 -0.0106392 0.550635 0.54792 0.575141 -0.0297977 0.00832705 -0.00828902
0.501352 0.464062 0.473196 -0.0180909 -0.00190679 -0.00104829 0.52149 0.477768 0.441778 -0.0148055 6.34959e-05 0.00207226
0.508243 0.512515 0.496788 -0.0240288 0.00184378 -0.017063 0.528817 0.533121 0.469805 -0.0253413 -0.000125908 -0.0148643
0.456101 0.500704 0.439496 -0.00715356 -0.0245748 0.0125026 0.470949 0.519959 0.416317 -0.00768026 -0.0293834 0.0175707
0.487541 0.509056 0.506721 -0.0243021 -0.0305757 0.029251 0.495167 0.519875 0.477542 -0.0299271 -0.0356396 0.0300922
0.520452 0.529718 0.477237 0.0116066 -0.00452256 -0.00810543 0.530518 0.549348 0.445639 0.0101036 -0.00604745 -0.00706794
0.438448 0.443331 0.431462 -0.0268951 0.0100687 0.0144663 0.446404 0.457727 0.400485 -0.0306947 0.0091659 0.013525
0.530367 0.550194 0.463975 -0.0215843 0.0126218 -0.00829951 0.544041 0.565501 0.426561 -0.0227057 0.0185378 -0.0108487
0.505711 0.508341 0.519928 0.0359597 -0.039889 -0.0331949 0.523756 0.520082 0.491315 0.0370108 -0.0342229 -0.030773
0.469447 0.512834 0.528671 0.00649102 0.0129074 0.00284755 0.482268 0.52557 0.505157 0.00593785 0.0167002 0.00147044
-0.0059981 -0.0168681 -0.0314945 -0.0282293 -0.0163051 -0.030484 0.000229814 -0.0153992 -0.0485327 -0.0255029 -0.0135156 -0.0290263
-0.0739824 -0.0937302 -0.0783281 -0.0216251 0.00909443 0.00972448 -0.0623149 -0.087755 -0.0899125 -0.0235767 0.00829478 0.00812907
-0.0959908 -0.0911725 -0.150028 0.00155711 0.0202417 -0.0256463 -0.0875571 -0.0796945 -0.161727 0.00355993 0.0201806 -0.0262755
-0.0571385 -0.0211861 -0.0558279 0.00909686 0.0157413 0.0161317 -0.0439916 -0.00738524 -0.0698052 0.00822527 0.0147825 0.0138974
-0.0517523 -0.0924094 -0.126288 0.00504597 -0.0136308 0.00940375 -0.0381798 -0.0838797 -0.14815 0.00418163 -0.0157196 0.013875
-0.100372 -0.0861266 -0.113183 0.00616604 0.0229303 0.0128264 -0.092125 -0.0690406 -0.130466 0.0103352 0.0207619 0.0138117
-0.127374 -0.0327544 -0.0134867 -0.00665587 0.00980227 0.0173424 -0.116951 -0.0251008 -0.0281814 -0.00375095 0.0144819 0.011195
-0.0767083 -0.0736065 -0.0882127 -0.00161182 0.00775895 -0.0164703 -0.0680021 -0.0638963 -0.10929 0.000509322 0.00626176 -0.0178747
-0.0780036 -0.0902272 -0.113168 0.0271874 0.0122187 0.0273623 -0.0701119 -0.0841545 -0.122141 0.0319762 0.0123179 0.0265374
-0.0996558 -0.103941 -0.0580399 0.0164523 -0.0196039 0.0251177 -0.091543 -0.0959842 -0.0736197 0.01774 -0.0224153 0.0216189
-0.0531167 -0.0538933 0.00861039 0.031321 0.00127331 0.0060555 -0.0412357 -0.0485981 -0.0018942 0.0321789 0.0015692 0.0104597
-0.152887 -0.146292 -0.105393 -0.0168546 0.0242066 0.000272853 -0.141631 -0.135172 -0.116559 -0.015652 0.0251182 0.00506768
-0.029345 -0.105214 -0.00812111 -0.00203655 -0.0117826 0.00332846 -0.0207263 -0.0956683 -0.0249834 -0.00126892 -0.0153821 0.0055238
-0.0550801 -0.062287 -0.0629329 -0.00440554 0.0156395 -0.0206332 -0.0511007 -0.0570433 -0.0803945 -0.00987437 0.014749 -0.0151101
-0.168418 -0.0949118 -0.112309 -0.0142026 -0.0208173 -0.0290346 -0.159986 -0.0802431 -0.112801 -0.0157284 -0.0164161 -0.0296109
-0.0599281 -0.0816589 -0.0706243 0.0430445 0.0412096 -0.00503198 -0.0517508 -0.0664454 -0.0605584 0.0372174 0.0366144 0.00194595
-0.0412495 -0.0397329 -0.12124 0.00369643 0.0132256 -0.0149417 -0.0271151 -0.0269675 -0.107215 0.000299932 0.0152342 -0.0161782
-0.114189 -0.112432 -0.175767 -0.000283329 0.0053075 -0.0274099 -0.110626 -0.105268 -0.169847 0.0042911 0.00356569 -0.0233361
-0.154378 -0.109522 -0.0842906 0.0051096 -0.0304683 0.0137438 -0.159588 -0.0956225 -0.0649164 0.00546956 -0.0335636 0.0168883
-0.128541 -0.102595 -0.109573 0.0445412 -0.0266854 -0.0103296 -0.103278 -0.0929517 -0.0934532 0.0453087 -0.0203196 -0.00802464
-0.14457 -0.128427 -0.124908 -0.0115065 -0.0304281 0.0339019 -0.124532 -0.114964 -0.138277 -0.0110862 -0.0257961 0.0359438
-0.082784 -0.06992 -0.027903 0.00568996 0.0421826 -0.0185611 -0.0732066 -0.0667428 -0.0394443 0.00488917 0.047279 -0.0182277
-0.0976048 -0.0308397 -0.0421258 -0.0243396 -0.0127788 0.0208772 -0.0868626 -0.0145908 -0.0449216 -0.0193618 -0.0142318 0.0221303
-0.0774782 -0.0595556 -0.0707529 -0.00677881 -0.00334981 -0.0178731 -0.0662429 -0.0477648 -0.0774323 -0.00494032 -0.00511222 -0.0102464
-0.134349 -0.1037 -0.108591 0.019368 0.0160093 0.0111477 -0.121994 -0.093863 -0.124553 0.0166482 0.0112075 0.0141213
-0.108577 -0.0792552 -0.108396 0.0347161 0.0472322 0.00674248 -0.10466 -0.0718324 -0.0969151 0.0376914 0.0436475 0.00959383
-0.09842 -0.107257 -0.130072 -0.0320554 0.0224805 -0.00415834 -0.0888355 -0.0973767 -0.12555 -0.0372932 0.0160724 -0.00827675
-0.0635438 -0.117 -0.141691 -0.00670896 0.00554307 -0.0314789 -0.0553275 -0.10849 -0.15421 -0.00968998 0.00730156 -0.0329622
-0.104562 -0.0899345 -0.133985 0.0302948 0.0211895 -0.0143718 -0.10205 -0.0855932 -0.121556 0.0310982 0.0194566 -0.0134464
-0.0906146 -0.0581909 -0.105034 0.0279901 -0.0407658 0.0144737 -0.076593 -0.0480715 -0.0874846 0.0306282 -0.034004 0.016882
-0.050063 -0.0110737 -0.134537 -0.0071973 0.00598859 -0.0192286 -0.0357187 -0.000765881 -0.122795 -0.00458878 0.0115893 -0.0212529
-0.0344487 -0.0425711 -0.0342089 -0.00278128 0.0282202 0.0175171 -0.0373552 -0.0295963 -0.021203 0.00703129 0.0334968 0.0136075
-0.063964 -0.0468968 -0.017672 -0.00265508 0.0132366 0.00971488 -0.0534466 -0.0466644 -0.00581161 0.000557763 0.0108435 0.0114233
-0.129416 -0.137146 -0.0982107 0.0202585 0.00761174 0.0153288 -0.125284 -0.137577 -0.104958 0.020502 0.00981476 0.0138262
-0.120992 -0.0586262 -0.12805 -0.0303177 0.0167579 0.00292238 -0.0978446 -0.058191 -0.119297 -0.0343194 0.0111876 0.00685715
-0.12424 -0.169291 -0.163512 0.0276554 -0.0227712 -0.0126538 -0.119191 -0.169793 -0.164089 0.0309299 -0.0230438 -0.0182944
-0.0414201 -0.0656556 -0.0940697 -0.00779703 0.0297705 0.0143858 -0.0458051 -0.0590462 -0.0935241 -0.0112159 0.02848 0.011134
-0.0955647 -0.0773829 -0.0734434 -0.00115041 -0.0151166 0.017429 -0.0917843 -0.0691462 -0.0578542 -0.0103532 -0.0122452 0.0259322
-0.00235038 -0.0963616 -0.0905148 0.0459849 -0.0307953 0.0223028 0.000241441 -0.104947 -0.0770773 0.0512846 -0.0251935 0.0231337
-0.100862 -0.0357553 -0.0924111 -0.0224996 0.0112764 -0.0384435 -0.0902591 -0.0265462 -0.0797013 -0.0210168 0.0108401 -0.0360438
