-3.56383 -3.56465
-3.55495 -3.55619
-3.55388 -3.55295
-3.56648 -3.5667
-3.55857 -3.55741
-3.54992 -3.54908
-3.55918 -3.55765
-3.56274 -3.56288
-3.56021 -3.56001
-3.5621 -3.56102
-3.5642 -3.56286
-3.55288 -3.55275
-3.55739 -3.55745
-3.55432 -3.55563
-3.56677 -3.56705
-3.5605 -3.56066
-3.55305 -3.55491
-3.55641 -3.55678
-3.5705 -3.56991
-3.55031 -3.54975
-3.55986 -3.55986
-3.54784 -3.54909
-3.55993 -3.56082
-3.5584 -3.5589
-3.55562 -3.55581
-3.5452 -3.54614
-3.55152 -3.55044
-3.55798 -3.55806
-3.56117 -3.56024
-3.55297 -3.55427
-3.55792 -3.55649
-3.55557 -3.55585
-3.55542 -3.55368
-3.5544 -3.55308
-3.55675 -3.55522
-3.55507 -3.55444
-3.56116 -3.55869
-3.55783 -3.55606
-3.54778 -3.5469
-3.552 -3.55237
-3.54851 -3.55065
-3.5565 -3.55754
-3.55244 -3.55305
-3.55895 -3.55922
-3.55423 -3.55308
-3.55747 -3.55809
-3.56089 -3.56188
-3.55438 -3.55403
-3.56867 -3.56965
-3.56101 -3.56095
-3.54742 -3.54768
-3.58399 -3.58363
-3.50631 -3.50511
-3.56758 -3.56857
-3.49161 -3.4927
-3.55733 -3.55583
-3.52371 -3.52373
-3.60142 -3.60236
-3.54226 -3.54134
-3.5296 -3.52764
-3.5741 -3.57474
-3.55937 -3.56175
-3.49716 -3.49719
-3.60109 -3.60159
-3.59303 -3.59293
-3.5845 -3.58376
-3.55448 -3.55685
-3.52499 -3.52584
-3.5808 -3.57888
-3.58817 -3.59102
-3.61477 -3.61536
-3.58616 -3.58632
-3.49659 -3.497
-3.61964 -3.62179
-3.46502 -3.4647
-3.64383 -3.64397
-3.64084 -3.64046
-3.63876 -3.63846
-3.63529 -3.63486
-3.64194 -3.64144
-3.63909 -3.63831
-3.64521 -3.64456
-3.64256 -3.64245
-3.64556 -3.64557
-3.63639 -3.63548
-3.6444 -3.64433
-3.62173 -3.62093
-3.64548 -3.64545
-3.63322 -3.63244
-3.64155 -3.64115
-3.63428 -3.63376
-3.62587 -3.62511
-3.64427 -3.64415
-3.64482 -3.64484
-3.64448 -3.64444
-3.64529 -3.6452
-3.62677 -3.62601
-3.64519 -3.6446
-3.62249 -3.62167
-3.64379 -3.64407
-3.69248 -3.69201
-3.69177 -3.69223
-3.68926 -3.68965
-3.6917 -3.69172
-3.69185 -3.69207
-3.68896 -3.68954
-3.6909 -3.69091
-3.69081 -3.6907
-3.69059 -3.69107
-3.69043 -3.69065
-3.68731 -3.68617
-3.68724 -3.68604
-3.68452 -3.68467
-3.68362 -3.68284
-3.68525 -3.68511
-3.68429 -3.68437
-3.68479 -3.68461
-3.68282 -3.68253
-3.68423 -3.68419
-3.68442 -3.68476
-3.66402 -3.66445
-3.66822 -3.66706
-3.66246 -3.66317
-3.6695 -3.66953
-3.66801 -3.66865
-3.65818 -3.65656
-3.66367 -3.66261
-3.66826 -3.6669
-3.66493 -3.66405
-3.66455 -3.66496
-3.63415 -3.63324
-3.635 -3.63431
-3.63326 -3.63221
-3.63818 -3.63822
-3.63148 -3.63078
-3.633 -3.63287
-3.63534 -3.6342
-3.63243 -3.63205
-3.63794 -3.63644
-3.63245 -3.63241
-3.60942 -3.6095
-3.60816 -3.60616
-3.61427 -3.6143
-3.60442 -3.60562
-3.60505 -3.60363
-3.60951 -3.60923
-3.5985 -3.5979
-3.60718 -3.60588
-3.60649 -3.60528
-3.60776 -3.60836
-3.588 -3.58561
-3.58144 -3.58053
-3.57874 -3.5779
-3.5913 -3.59024
-3.58103 -3.5815
-3.58661 -3.58725
-3.5784 -3.5774
-3.58501 -3.58487
-3.5835 -3.58417
-3.58334 -3.58245
-3.55431 -3.5527
-3.56306 -3.56279
-3.56487 -3.56319
-3.56337 -3.56282
-3.55938 -3.5591
-3.56053 -3.56373
-3.56472 -3.56446
-3.56651 -3.56624
-3.5632 -3.56266
-3.55249 -3.55146
-3.53658 -3.5368
-3.53917 -3.54054
-3.53285 -3.5332
-3.52347 -3.52081
-3.53547 -3.53491
-3.54634 -3.54567
-3.53817 -3.53744
-3.53886 -3.53785
-3.54011 -3.53913
-3.60834 -3.60873
-3.61441 -3.61556
-3.61929 -3.61972
-3.62052 -3.62021
-3.61472 -3.61476
-3.6264 -3.62849
-3.61836 -3.61793
-3.62058 -3.62132
-3.62137 -3.62409
-3.61672 -3.61784
-3.61425 -3.61665
-3.61871 -3.62045
-3.61146 -3.61423
-3.62072 -3.62224
-3.61459 -3.61494
-3.60935 -3.61106
-3.60333 -3.60534
-3.61236 -3.61362
-3.61719 -3.61873
-3.61699 -3.61826
-3.55412 -3.55547
-3.6168 -3.61778
-3.56775 -3.56731
-3.57069 -3.57096
-3.56785 -3.56911
-3.56619 -3.56676
-3.61133 -3.61263
-3.61665 -3.61761
-3.61589 -3.61777
-3.56908 -3.56946
-3.61452 -3.61499
-3.6127 -3.61343
-3.61861 -3.61973
-3.56925 -3.5698
-3.61836 -3.61919
-3.61591 -3.61646
-3.61427 -3.61492
-3.57368 -3.57367
-3.56691 -3.56863
-3.56723 -3.56844
-3.56464 -3.5648
-3.55997 -3.55953
-3.61024 -3.61089
-3.56522 -3.56721
-3.56701 -3.56812
-3.60878 -3.61032
-3.56458 -3.56716
-3.56596 -3.56731
-3.60481 -3.60646
-3.56272 -3.56265
-3.61089 -3.61154
-3.5672 -3.56878
-3.56463 -3.5645
-3.61161 -3.61308
-3.60835 -3.60912
-3.62117 -3.62385
-3.61624 -3.6177
-3.60888 -3.6103
-3.56158 -3.56416
-3.56321 -3.56435
-3.61143 -3.61397
-3.57298 -3.579
-3.66139 -3.65593
-3.59101 -3.58755
-3.69538 -3.69479
-3.60208 -3.60097
-3.60392 -3.60358
-3.67614 -3.67396
-3.6044 -3.60538
-3.69743 -3.69821
-3.59767 -3.59762
-3.60156 -3.60208
-3.59428 -3.59805
-3.68819 -3.68833
-3.62846 -3.62704
-3.69073 -3.69234
-3.60099 -3.60453
-3.69669 -3.69627
-3.57431 -3.57539
-3.601 -3.59698
-3.59998 -3.60023
-3.58924 -3.59396
-3.59672 -3.60285
-3.58444 -3.58734
-3.57599 -3.57166
-3.56374 -3.56685
-3.5916 -3.59613
-3.58924 -3.59523
-3.56714 -3.56705
-3.58943 -3.58785
-3.61802 -3.62263
-3.70113 -3.70189
-3.70191 -3.70229
-3.70055 -3.70057
-3.70225 -3.70236
-3.69809 -3.69833
-3.70002 -3.70057
-3.7028 -3.70343
-3.699 -3.69952
-3.70225 -3.70293
-3.7011 -3.70131
-3.70219 -3.70252
-3.7022 -3.70286
-3.69853 -3.69955
-3.70276 -3.70361
-3.70252 -3.7028
-3.70269 -3.70355
-3.70174 -3.70224
-3.70318 -3.70389
-3.6989 -3.69861
-3.70219 -3.70313
-3.69134 -3.69161
-3.6883 -3.68858
-3.69165 -3.69212
-3.69088 -3.69042
-3.68986 -3.68982
-3.69095 -3.69047
-3.6889 -3.68915
-3.69071 -3.69159
-3.69209 -3.69292
-3.68908 -3.68905
-3.68634 -3.68643
-3.68471 -3.6841
-3.68393 -3.68327
-3.68642 -3.68587
-3.68513 -3.68525
-3.68305 -3.68283
-3.68633 -3.68629
-3.68404 -3.68439
-3.68438 -3.68411
-3.68281 -3.68323
-3.66792 -3.66818
-3.66486 -3.66368
-3.66738 -3.66672
-3.66262 -3.66137
-3.66468 -3.66381
-3.66526 -3.66509
-3.66278 -3.66216
-3.66334 -3.66339
-3.66503 -3.66483
-3.66052 -3.66051
-3.63553 -3.63582
-3.63861 -3.63742
-3.6389 -3.63905
-3.63158 -3.63057
-3.63199 -3.63229
-3.63702 -3.63587
-3.63272 -3.63323
-3.6394 -3.63871
-3.63298 -3.63154
-3.63276 -3.63181
-3.61165 -3.6115
-3.6085 -3.60733
-3.60806 -3.60652
-3.61058 -3.6106
-3.60322 -3.60261
-3.60858 -3.6074
-3.60857 -3.60879
-3.60317 -3.60078
-3.61079 -3.61099
-3.60722 -3.60559
-3.58239 -3.5826
-3.57925 -3.5779
-3.58219 -3.57995
-3.58085 -3.57949
-3.58269 -3.58276
-3.58005 -3.58053
-3.58093 -3.58068
-3.58428 -3.5851
-3.57891 -3.5787
-3.57646 -3.5746
-3.55633 -3.55639
-3.56162 -3.56221
-3.55196 -3.55248
-3.55275 -3.54986
-3.55179 -3.55168
-3.56123 -3.56083
-3.56024 -3.56023
-3.56278 -3.56184
-3.55879 -3.55926
-3.56117 -3.56069
-3.53034 -3.52907
-3.53399 -3.53368
-3.53276 -3.53219
-3.53988 -3.54016
-3.53696 -3.53666
-3.54828 -3.54867
-3.53142 -3.52993
-3.53629 -3.53532
-3.53676 -3.5369
-3.53803 -3.53887
-3.5713 -3.57098
-3.53176 -3.53271
-3.5358 -3.53715
-3.52394 -3.52438
-3.52554 -3.52651
-3.52648 -3.52656
-3.52814 -3.52774
-3.52226 -3.52176
-3.52228 -3.52111
-3.52806 -3.52899
-3.53403 -3.53461
-3.52635 -3.52648
-3.52853 -3.52798
-3.53268 -3.53234
-3.52612 -3.52572
-3.52575 -3.52709
-3.53057 -3.53131
-3.51978 -3.51903
-3.5234 -3.52276
-3.52529 -3.52524
-3.52034 -3.52077
-3.53253 -3.53387
-3.52091 -3.52131
-3.52592 -3.52493
-3.53036 -3.53026
-3.53353 -3.53366
-3.53375 -3.53356
-3.52373 -3.52444
-3.52649 -3.52711
-3.53143 -3.53405
-3.52007 -3.52116
-3.51794 -3.51894
-3.52494 -3.52449
-3.53194 -3.53125
-3.5304 -3.52965
-3.52636 -3.52707
-3.52791 -3.52838
-3.52988 -3.52939
-3.52035 -3.52099
-3.51474 -3.51597
-3.52539 -3.52694
-3.53541 -3.53648
-3.52669 -3.52657
-3.51277 -3.51133
-3.52606 -3.52592
-3.52704 -3.52683
-3.51877 -3.519
-3.5192 -3.51957
-3.52588 -3.52629
-3.5233 -3.52443
-3.52511 -3.52681
-3.52436 -3.52451
-3.53196 -3.5322
-3.53358 -3.53328
-3.52693 -3.5277
-3.52719 -3.5274
-3.53165 -3.53068
-3.53303 -3.5336
-3.53526 -3.53607
-3.52192 -3.52133
-3.51579 -3.51491
-3.52463 -3.52406
-3.52524 -3.52531
-3.52643 -3.52652
-3.52644 -3.52616
-3.52047 -3.5206
-3.51785 -3.51793
-3.52147 -3.52069
-3.52467 -3.52582
-3.52692 -3.52754
-3.5209 -3.52287
-3.52264 -3.52245
-3.5245 -3.52589
-3.53192 -3.53251
-3.5371 -3.53642
-3.52884 -3.52856
-3.52671 -3.52707
-3.52507 -3.52402
-3.5223 -3.52103
-3.51776 -3.5173
-3.52766 -3.52756
-3.53485 -3.53473
-3.52822 -3.52899
-3.53674 -3.53659
-3.52388 -3.52448
-3.53002 -3.53043
-3.51947 -3.51776
-3.5181 -3.51781
-3.52964 -3.52926
-3.52454 -3.52469
-3.52414 -3.5245
-3.5312 -3.53208
-3.52989 -3.53107
-3.53204 -3.53155
-3.5249 -3.52569
-3.52152 -3.52217
-3.53166 -3.53283
-3.52307 -3.52425
-3.51538 -3.51578
-3.52647 -3.52663
-3.54967 -3.55074
-3.55513 -3.55659
-3.5493 -3.55058
-3.55529 -3.55597
-3.55244 -3.55379
-3.5306 -3.53076
-3.5353 -3.53628
-3.53813 -3.5389
-3.5347 -3.53503
-3.5298 -3.52944
-3.51622 -3.51702
-3.52432 -3.52378
-3.5173 -3.51802
-3.51877 -3.51713
-3.518 -3.51757
-3.47712 -3.47307
-3.47723 -3.47387
-3.48001 -3.47817
-3.47642 -3.47344
-3.47509 -3.4711
-3.53491 -3.53477
-3.54009 -3.54115
-3.53438 -3.53457
-3.54142 -3.54169
-3.5402 -3.54001
-3.50092 -3.49784
-3.49744 -3.49224
-3.51076 -3.51215
-3.49488 -3.48677
-3.49061 -3.48665
-3.48294 -3.47954
-3.47502 -3.47207
-3.47523 -3.47212
-3.47669 -3.47344
-3.48045 -3.47716
-3.46864 -3.46684
-3.46062 -3.45745
-3.46871 -3.46479
-3.4662 -3.46315
-3.45652 -3.45448
