-3.56248 -3.56465
-3.55442 -3.55619
-3.55333 -3.55295
-3.56603 -3.5667
-3.55842 -3.55741
-3.54936 -3.54908
-3.55836 -3.55765
-3.56275 -3.56288
-3.5597 -3.56001
-3.56126 -3.56102
-3.56348 -3.56286
-3.55276 -3.55275
-3.55732 -3.55745
-3.55453 -3.55563
-3.56681 -3.56705
-3.55997 -3.56066
-3.55296 -3.55491
-3.55627 -3.55678
-3.57014 -3.56991
-3.54967 -3.54975
-3.55995 -3.55986
-3.548 -3.54909
-3.55959 -3.56082
-3.55846 -3.5589
-3.55597 -3.55581
-3.54539 -3.54614
-3.55116 -3.55044
-3.55781 -3.55806
-3.56142 -3.56024
-3.55326 -3.55427
-3.55829 -3.55649
-3.55573 -3.55585
-3.55484 -3.55368
-3.5545 -3.55308
-3.55638 -3.55522
-3.555 -3.55444
-3.56088 -3.55869
-3.55735 -3.55606
-3.54769 -3.5469
-3.55187 -3.55237
-3.5482 -3.55065
-3.55667 -3.55754
-3.55233 -3.55305
-3.55909 -3.55922
-3.55356 -3.55308
-3.55743 -3.55809
-3.56059 -3.56188
-3.55408 -3.55403
-3.5681 -3.56965
-3.56078 -3.56095
-3.54771 -3.54768
-3.58426 -3.58363
-3.507 -3.50511
-3.56835 -3.56857
-3.49208 -3.4927
-3.5572 -3.55583
-3.52383 -3.52373
-3.60125 -3.60236
-3.54213 -3.54134
-3.53014 -3.52764
-3.57438 -3.57474
-3.56024 -3.56175
-3.4978 -3.49719
-3.60151 -3.60159
-3.59325 -3.59293
-3.58474 -3.58376
-3.55422 -3.55685
-3.52498 -3.52584
-3.58157 -3.57888
-3.58798 -3.59102
-3.61481 -3.61536
-3.58597 -3.58632
-3.49531 -3.497
-3.62018 -3.62179
-3.4645 -3.4647
-3.64341 -3.64397
-3.64057 -3.64046
-3.63856 -3.63846
-3.6351 -3.63486
-3.64155 -3.64144
-3.63868 -3.63831
-3.64462 -3.64456
-3.64197 -3.64245
-3.64521 -3.64557
-3.63596 -3.63548
-3.64417 -3.64433
-3.62139 -3.62093
-3.64508 -3.64545
-3.63288 -3.63244
-3.64125 -3.64115
-3.63403 -3.63376
-3.62555 -3.62511
-3.64402 -3.64415
-3.64461 -3.64484
-3.64426 -3.64444
-3.64499 -3.6452
-3.62645 -3.62601
-3.64464 -3.6446
-3.62215 -3.62167
-3.64342 -3.64407
-3.69253 -3.69201
-3.69175 -3.69223
-3.68906 -3.68965
-3.69162 -3.69172
-3.6918 -3.69207
-3.6889 -3.68954
-3.69078 -3.69091
-3.69086 -3.6907
-3.6905 -3.69107
-3.6903 -3.69065
-3.68713 -3.68617
-3.68726 -3.68604
-3.68423 -3.68467
-3.68351 -3.68284
-3.68529 -3.68511
-3.68419 -3.68437
-3.68485 -3.68461
-3.68289 -3.68253
-3.68407 -3.68419
-3.68445 -3.68476
-3.66393 -3.66445
-3.66806 -3.66706
-3.66266 -3.66317
-3.66962 -3.66953
-3.6681 -3.66865
-3.65747 -3.65656
-3.66351 -3.66261
-3.66803 -3.6669
-3.66506 -3.66405
-3.66484 -3.66496
-3.63382 -3.63324
-3.63448 -3.63431
-3.63235 -3.63221
-3.63787 -3.63822
-3.63101 -3.63078
-3.63265 -3.63287
-3.63474 -3.6342
-3.63183 -3.63205
-3.63765 -3.63644
-3.63256 -3.63241
-3.60907 -3.6095
-3.60754 -3.60616
-3.61398 -3.6143
-3.60434 -3.60562
-3.60502 -3.60363
-3.60896 -3.60923
-3.59823 -3.5979
-3.60671 -3.60588
-3.60639 -3.60528
-3.6074 -3.60836
-3.58798 -3.58561
-3.58107 -3.58053
-3.5786 -3.5779
-3.59086 -3.59024
-3.58035 -3.5815
-3.58671 -3.58725
-3.57801 -3.5774
-3.58446 -3.58487
-3.58331 -3.58417
-3.58281 -3.58245
-3.55459 -3.5527
-3.56263 -3.56279
-3.56482 -3.56319
-3.56322 -3.56282
-3.55942 -3.5591
-3.56103 -3.56373
-3.56516 -3.56446
-3.56715 -3.56624
-3.56332 -3.56266
-3.55289 -3.55146
-3.53737 -3.5368
-3.53911 -3.54054
-3.53348 -3.5332
-3.52411 -3.52081
-3.53637 -3.53491
-3.54699 -3.54567
-3.53903 -3.53744
-3.53992 -3.53785
-3.54052 -3.53913
-3.60951 -3.60873
-3.61569 -3.61556
-3.62038 -3.61972
-3.62181 -3.62021
-3.61588 -3.61476
-3.62766 -3.62849
-3.61983 -3.61793
-3.62159 -3.62132
-3.62296 -3.62409
-3.6178 -3.61784
-3.61497 -3.61665
-3.61917 -3.62045
-3.61182 -3.61423
-3.62141 -3.62224
-3.61508 -3.61494
-3.61011 -3.61106
-3.60388 -3.60534
-3.61303 -3.61362
-3.61749 -3.61873
-3.6174 -3.61826
-3.5545 -3.55547
-3.6178 -3.61778
-3.56872 -3.56731
-3.5721 -3.57096
-3.5689 -3.56911
-3.56724 -3.56676
-3.61231 -3.61263
-3.61777 -3.61761
-3.61677 -3.61777
-3.57061 -3.56946
-3.61528 -3.61499
-3.61383 -3.61343
-3.61983 -3.61973
-3.57056 -3.5698
-3.61944 -3.61919
-3.61692 -3.61646
-3.61519 -3.61492
-3.57451 -3.57367
-3.56832 -3.56863
-3.5683 -3.56844
-3.56594 -3.5648
-3.56034 -3.55953
-3.61076 -3.61089
-3.56587 -3.56721
-3.56738 -3.56812
-3.60902 -3.61032
-3.56499 -3.56716
-3.56675 -3.56731
-3.60531 -3.60646
-3.5635 -3.56265
-3.61119 -3.61154
-3.56758 -3.56878
-3.56515 -3.5645
-3.61223 -3.61308
-3.60851 -3.60912
-3.62175 -3.62385
-3.61692 -3.6177
-3.60932 -3.6103
-3.56252 -3.56416
-3.56392 -3.56435
-3.61198 -3.61397
