0.490169 0.456126 0.476922 -0.0352495 0.0465227 -0.0374973 0.493853 0.45786 0.472414 -0.0398588 0.0478158 -0.0404388
0.523321 0.467981 0.495858 0.0246685 0.0686067 0.0265165 0.524542 0.458668 0.490102 0.0302711 0.0671501 0.0259524
0.452359 0.531358 0.431591 -0.0100217 -0.00476769 -0.0102517 0.445929 0.528378 0.430916 -0.0161442 0.00245853 -0.0146398
0.447591 0.418601 0.440734 -0.0128873 -0.0425667 0.0359415 0.452919 0.425389 0.437958 -0.0154443 -0.0456882 0.0425336
0.482689 0.468443 0.461858 0.0175065 -0.0243271 -0.0321117 0.498069 0.476984 0.45027 0.0171437 -0.0242755 -0.0440118
0.497568 0.532189 0.532491 -0.025867 -0.00278561 -0.0179455 0.49634 0.532207 0.526141 -0.0211527 0.00426541 -0.0162742
0.385508 0.412296 0.433491 -0.0255006 -0.0202805 -0.0159519 0.379662 0.408609 0.433422 -0.0269522 -0.0146883 -0.0147941
0.362662 0.425068 0.378639 -0.000468417 -0.0276605 -0.0247423 0.357203 0.433841 0.387412 -0.00833175 -0.0289762 -0.0272347
0.463779 0.432479 0.468622 -0.0112287 0.0262806 0.00244727 0.473086 0.440252 0.464531 -0.00847351 0.0345547 0.00120636
0.432584 0.437858 0.485892 0.0102345 -0.0118186 -0.0463716 0.442545 0.454861 0.486716 0.00938368 -0.00968043 -0.0457941
0.467381 0.450257 0.458082 -0.000373916 0.00201745 -0.0435574 0.477016 0.448772 0.455543 -0.00638043 0.00927012 -0.0418012
0.559179 0.509235 0.472361 0.0167681 0.0174141 -0.0105039 0.554521 0.502294 0.463961 0.0126509 0.0156128 -0.0132553
0.463138 0.453869 0.444217 0.00379615 0.0160332 0.00727632 0.471427 0.462012 0.440237 0.00683932 0.0121714 0.00178921
0.43333 0.431434 0.476858 0.0232857 -0.00178254 0.00751557 0.431747 0.438046 0.472825 0.0297194 -0.000666469 0.0054045
0.369291 0.363659 0.419039 -0.00406333 -0.0359282 -0.0263963 0.36779 0.372695 0.419539 0.00577564 -0.0375386 -0.0259482
0.420717 0.363347 0.406435 -0.0367161 0.016773 -0.0369404 0.420799 0.370034 0.405254 -0.0383461 0.0115225 -0.0317232
0.490361 0.464674 0.457633 -0.0150122 -0.0282592 -0.00225202 0.486674 0.469593 0.472349 -0.0198254 -0.0301031 0.0035296
0.447921 0.388307 0.404107 0.0136798 -0.00100667 -0.0433756 0.449739 0.393246 0.413958 0.0134594 -0.00291399 -0.0432313
0.411172 0.337683 0.379919 -0.00784878 -0.015766 0.0125754 0.407984 0.341726 0.380022 -0.0122662 -0.0115208 0.0138574
0.45535 0.51885 0.443114 -0.00220763 -0.032218 -0.0277569 0.45288 0.515267 0.442991 -0.0132451 -0.0309982 -0.0307311
0.363453 0.419971 0.491277 0.00212045 -0.00174132 -0.0111568 0.365508 0.425342 0.494485 0.00239638 0.00418316 -0.0163212
0.450826 0.413001 0.435019 -0.0241009 -0.00980096 -0.0216233 0.445978 0.409694 0.427018 -0.0301133 -0.00738495 -0.0260281
0.415722 0.357313 0.441512 0.0242938 0.0416944 -0.0416974 0.41348 0.352254 0.434274 0.0228333 0.044718 -0.0374573
0.441735 0.388154 0.386213 0.0284529 0.0170283 -0.00849688 0.441913 0.386659 0.390883 0.029703 0.0251255 -0.00672989
0.470502 0.505704 0.487928 -0.0462211 0.0081539 -0.00614099 0.461459 0.496764 0.491789 -0.0468247 0.0145941 -0.00609167
0.513983 0.62679 0.488163 0.0238394 0.00645364 0.0188553 0.511886 0.619125 0.483635 0.0219245 0.0168807 0.0176467
0.513298 0.485437 0.511381 0.0454015 0.0136987 0.00450444 0.5126 0.495605 0.515486 0.0403159 0.00679579 0.00457754
0.464676 0.472762 0.446438 -0.00406881 -0.0341038 0.0243629 0.471124 0.472473 0.448868 -0.00766916 -0.0313196 0.0192235
0.458304 0.451015 0.406602 0.00829808 -0.0397717 -0.00573853 0.467336 0.446957 0.404581 0.00476166 -0.0407844 0.000465671
0.457911 0.407259 0.464044 0.0203108 0.00979851 0.0553775 0.460218 0.400898 0.449966 0.0169888 0.012626 0.0547128
0.431855 0.399614 0.436798 -0.0450992 -0.004518 0.0136506 0.445083 0.400996 0.443214 -0.0499949 -0.00672582 0.0172438
0.48783 0.450234 0.46259 -0.0508067 -0.00573454 -0.0149071 0.499476 0.446882 0.448508 -0.047705 -0.0130105 -0.0144109
0.4601 0.455382 0.479942 -0.0247268 0.041737 0.0404815 0.453179 0.45177 0.4781 -0.0256168 0.040128 0.046099
0.456632 0.441026 0.443445 -0.0289002 -0.0318902 0.0100821 0.456359 0.428385 0.442856 -0.0317537 -0.0327825 0.00807983
0.502064 0.426353 0.396179 0.0341701 -0.00690234 -0.0189663 0.497803 0.417281 0.390835 0.0301588 -0.00240576 -0.0126719
0.417638 0.438385 0.419696 -0.000562169 0.0157081 -0.0449309 0.410684 0.438268 0.423373 -0.00232603 0.020277 -0.0362753
0.426718 0.344155 0.396283 -0.0155296 -0.0595045 -0.0429302 0.433355 0.359671 0.402355 -0.0132808 -0.0613592 -0.0377653
0.440356 0.391585 0.499265 -0.0226837 0.0242985 -0.0381652 0.430757 0.393689 0.505054 -0.0242779 0.0245665 -0.0426957
0.524847 0.442834 0.58404 0.0284286 -0.00435319 0.0303549 0.512122 0.446255 0.578286 0.0242417 -0.00171864 0.0307368
0.455727 0.398812 0.439437 -0.0415227 0.0101175 -0.0175607 0.454532 0.3987 0.443928 -0.0439254 0.00814646 -0.0208365
0.491888 0.403326 0.461962 -0.0144727 0.00518172 -0.022275 0.495206 0.399635 0.466459 -0.0152428 0.00550806 -0.0283782
0.419594 0.412693 0.448997 0.0256386 -0.0202617 0.0214991 0.409966 0.412614 0.447323 0.0259103 -0.0157398 0.0268122
0.440977 0.414891 0.456047 -0.000913755 -0.0419767 8.52856e-05 0.438219 0.419815 0.466068 -0.00710277 -0.033397 0.0037412
0.453161 0.393685 0.368938 -0.0182319 -0.0337734 -0.00906532 0.45598 0.389634 0.386525 -0.0139735 -0.0297842 -0.00928088
0.513625 0.406349 0.470905 -0.0141357 -0.0259592 0.0212811 0.511934 0.41198 0.460957 -0.0101693 -0.0265485 0.0224282
0.410633 0.36446 0.405676 -0.019969 0.0219054 0.0103021 0.401907 0.356422 0.401654 -0.0214863 0.0199587 0.0172934
0.330819 0.430407 0.402999 0.0294044 0.0535854 -0.0256745 0.325838 0.434839 0.393868 0.030475 0.0485165 -0.0255679
0.423397 0.429597 0.435633 -0.0187603 -0.0238565 -0.0305642 0.425209 0.436105 0.440555 -0.00674213 -0.0213253 -0.0290699
0.409509 0.444185 0.408048 -0.0108717 -0.0281746 -0.011147 0.406738 0.440484 0.400644 -0.00151795 -0.0237232 -0.0195912
0.449335 0.437562 0.410377 -0.00808377 0.00501155 -0.0224685 0.457791 0.427964 0.408336 -0.00955828 0.00245516 -0.0279712
0.615113 0.517567 0.719127 -0.282479 0.165293 -0.191159 0.617166 0.523667 0.725763 -0.298269 0.157362 -0.197367
0.509116 0.452381 0.479338 0.0213077 -0.129684 0.114657 0.509941 0.462832 0.484906 0.0193631 -0.120371 0.115618
0.782522 0.565639 0.725177 -0.0847324 -0.222078 0.315681 0.785123 0.572344 0.736852 -0.119461 -0.240382 0.32524
0.501227 0.538846 0.589238 0.252525 -0.199332 0.161656 0.510605 0.54355 0.594224 0.251475 -0.191089 0.158254
0.839564 0.8547 0.856308 0.444219 0.254952 0.195916 0.836354 0.863295 0.86777 0.451099 0.258893 0.22744
0.49415 0.602326 0.535383 0.066313 -0.160852 -0.216898 0.491213 0.593123 0.533243 0.0716724 -0.165022 -0.200177
0.704743 0.624757 0.702263 -0.175276 -0.104072 0.230277 0.696068 0.621418 0.699333 -0.184953 -0.104967 0.252657
0.411596 0.472017 0.385269 0.0590923 0.005623 0.128621 0.413968 0.480468 0.385694 0.0551343 0.00904489 0.127714
0.656147 0.746866 0.51265 -0.0639127 -0.227183 -0.0517067 0.646578 0.741584 0.499701 -0.0626769 -0.217289 -0.0458232
0.748139 0.780243 0.631947 -0.0970244 -0.353903 0.30855 0.726805 0.777031 0.615871 -0.0968724 -0.342005 0.319866
0.510171 0.449916 0.577662 -0.0498626 -0.0392766 0.0166452 0.513591 0.453142 0.581157 -0.056578 -0.0387897 0.0170067
0.697313 0.532246 0.606798 0.0916547 -0.0727191 -0.109517 0.699537 0.514922 0.61953 0.117544 -0.0867119 -0.113126
0.713456 0.882202 0.899638 0.516548 -0.126488 0.0844023 0.727524 0.897878 0.903474 0.507388 -0.11485 0.0942329
0.359388 0.394455 0.380023 -0.000512906 0.042319 0.231742 0.361558 0.393452 0.391262 0.00138416 0.0375404 0.228664
0.443299 0.47359 0.425761 -0.0973493 -0.142689 -0.0679106 0.464362 0.489569 0.430167 -0.0935728 -0.150541 -0.0594678
0.461766 0.498737 0.436314 -0.0343648 -0.305868 -0.0716847 0.469095 0.497615 0.428782 -0.0320998 -0.308283 -0.0689004
0.486211 0.57823 0.664236 0.254881 0.0521717 0.10261 0.484593 0.594949 0.673017 0.258155 0.0621976 0.0999039
0.642782 0.6424 0.766927 0.0994394 0.399619 0.209792 0.635408 0.63742 0.764431 0.0940839 0.399808 0.201613
0.461147 0.541733 0.55854 -0.0526511 -0.124798 -0.0638421 0.469086 0.548924 0.560924 -0.0518175 -0.123895 -0.0647554
0.506738 0.559647 0.410216 0.13526 0.164464 0.141955 0.508601 0.57415 0.390749 0.135736 0.155164 0.129023
0.349556 0.359032 0.361465 0.149897 0.226931 0.0478529 0.353773 0.365553 0.363541 0.1455 0.239491 0.0454981
0.427134 0.517504 0.461748 0.240362 -0.0113977 0.0695699 0.431976 0.517587 0.46149 0.238768 -0.00891074 0.0664818
0.841496 0.738945 0.855201 0.241332 -0.104156 -0.00189023 0.814701 0.723197 0.821493 0.249268 -0.0950929 -0.00500261
0.32892 0.330876 0.356078 0.0230674 -0.0790029 -0.0371332 0.331472 0.335143 0.364124 0.0338027 -0.0796434 -0.0335154
0.982836 0.939453 1.004 0.0837278 0.104783 0.681043 0.992688 0.932643 1.01163 0.0933144 0.110695 0.685945
-0.173375 -0.174845 -0.173616 -1.09289e-08 -2.37478e-08 -2.46514e-09 -0.180569 -0.178382 -0.167294 0 -0 0
0.294585 0.294692 0.292462 2.40975e-08 6.7097e-08 -8.63269e-10 0.298517 0.287291 0.295527 0 0 -0
0.352283 0.352577 0.352703 -2.40158e-08 -1.26108e-07 -6.87399e-08 0.345704 0.35287 0.353143 0 0 0
0.436757 0.438536 0.436685 -1.82485e-08 -3.22797e-08 -4.62742e-08 0.433446 0.436348 0.434995 0 0 0
0.250151 0.266563 0.252395 2.98641e-09 -5.07473e-08 -8.92236e-09 0.245588 0.273361 0.242553 0 0 0
0.349199 0.354209 0.348917 -3.72191e-08 -4.08589e-08 -2.26561e-08 0.355295 0.339796 0.354877 0 0 -0
0.0904286 0.0862453 0.106252 6.10983e-09 -2.57626e-08 -2.75202e-08 0.0774467 0.077032 0.114711 0 -0 0
-0.225829 -0.228468 -0.228601 -1.62103e-08 1.50372e-08 -2.08414e-08 -0.2178 -0.240877 -0.240644 0 0 0
-0.0317746 -0.0351255 -0.0333495 -1.61442e-08 4.50384e-08 -3.6853e-09 -0.0272056 -0.0380904 -0.0420233 -0 0 0
0.422504 0.417951 0.414517 -1.2657e-08 2.49639e-09 -9.79747e-08 0.408277 0.424523 0.419767 0 0 0
0.140713 0.139759 0.140175 -4.41298e-08 2.63959e-08 -4.41766e-08 0.142209 0.140022 0.134074 0 0 0
0.683765 0.682083 0.682533 -3.12798e-08 -4.07649e-09 2.14704e-08 0.686432 0.681745 0.678839 0 0 0
-0.0603971 -0.0613836 -0.0579872 5.71325e-10 -9.31571e-09 -2.32476e-08 -0.0557185 -0.0569761 -0.0671373 0 0 0
0.481216 0.484844 0.486549 1.59821e-07 -2.61566e-08 -6.76962e-08 0.487039 0.491546 0.476499 -0 0 0
0.272409 0.271771 0.269804 4.06536e-09 5.87192e-08 -7.08902e-09 0.268408 0.279831 0.27693 0 -0 0
0.463658 0.459189 0.45688 3.67062e-08 4.4539e-08 -7.54558e-08 0.46877 0.451829 0.456885 0 0 -0
0.617934 0.616391 0.61724 -4.08058e-08 -2.27726e-08 4.00815e-08 0.611581 0.619025 0.620789 0 0 0
0.147459 0.148061 0.15124 3.96345e-08 -6.30988e-08 1.54072e-08 0.145583 0.14326 0.155804 0 0 0
0.108326 0.108336 0.10879 5.18249e-08 -4.45401e-08 1.98902e-08 0.105374 0.108781 0.109133 0 0 0
0.134291 0.134262 0.134179 8.59113e-09 1.75396e-09 -1.77387e-08 0.134989 0.134875 0.128525 -0 0 0
0.0732005 0.0725257 0.0703502 -3.50568e-10 3.33298e-08 3.15398e-08 0.0769395 0.0660744 0.0716078 0 0 0
0.603248 0.600318 0.603012 5.20841e-08 3.47836e-08 3.75965e-09 0.607063 0.601643 0.595968 0 0 0
0.091153 0.0982095 0.107909 8.97383e-10 -1.56764e-08 4.09205e-08 0.0879526 0.0833863 0.115451 0 0 -0
0.673648 0.669505 0.67046 -1.97606e-08 -6.34252e-08 -3.26758e-08 0.677742 0.668661 0.667298 0 0 0
-0.174146 -0.174299 -0.173394 -2.0887e-08 -7.19403e-08 5.1781e-09 -0.171204 -0.174475 -0.178621 0 0 0
0.0577287 0.0110444 0.0340227 0.00937901 0.0109112 0.0138229 0.0589898 0.00687377 0.0314435 0.0105006 0.00748173 0.012436
0.0405559 0.0125443 0.0201379 6.15397e-05 0.00703972 -0.0132705 0.0418313 0.00548645 0.014592 0.0012484 0.00383685 -0.0121875
0.0116262 0.0123561 0.0311676 -0.007148 0.0154502 0.00528764 0.00800546 0.0187456 0.0279598 -0.00737083 0.0124776 0.00677049
0.0238762 0.0332385 0.0334006 -0.00900233 0.0053052 0.00288911 0.02106 0.0301729 0.0247506 -0.0046167 0.00201469 0.00753012
0.0217714 0.0107545 0.0114818 0.0154088 0.0282568 -0.00194706 0.0224803 0.00759204 0.00664796 0.0163148 0.0282773 -0.00471497
0.00255336 -0.0178571 0.0228243 -0.0140846 -0.0067941 0.0100455 0.000295988 -0.0127507 0.0188854 -0.00950827 -0.0075546 0.013716
0.0464228 0.0245891 0.0368007 0.00956519 0.0117686 0.000841914 0.044642 0.0212311 0.0261276 0.0125274 0.00905799 -1.9321e-05
0.0174714 0.0139873 0.0377998 0.0153655 0.0128884 0.0206452 0.010757 0.00746204 0.0293294 0.0158106 0.0133363 0.022473
0.0359546 0.00229849 0.0238439 0.0041809 0.0191277 0.0181573 0.034228 0.00147444 0.0204877 0.00809497 0.019215 0.0166585
0.0150303 0.0135623 0.0182606 0.020466 0.00215579 0.0068949 0.011399 0.0102531 0.0136956 0.0218155 -0.00190062 0.00915164
0.0388036 0.0516289 0.0179984 0.00257237 -0.000777561 0.0086816 0.0368725 0.0497764 0.00734068 -0.000555864 -0.00249747 0.0117462
0.0172638 0.0338565 -0.020791 0.00319893 -0.0145297 -0.00648779 0.0137578 0.0357153 -0.0235905 0.0027562 -0.0158409 -0.00752938
0.0642192 0.0663932 0.031461 -0.00693712 -0.00536233 0.0217826 0.0546604 0.0593723 0.0179874 -0.00562738 -0.00599673 0.0284289
0.0654812 0.0217304 0.0377077 -0.0122731 -0.00409068 0.000339674 0.062073 0.0236732 0.0335825 -0.0163966 -0.0114124 0.000507747
0.0732893 0.0764803 0.0464344 0.00298475 -0.00947232 0.00824095 0.0659975 0.0762861 0.0394346 -0.00208636 -0.0099196 0.0116669
0.0331199 -0.00305492 0.000496555 -0.0295217 -0.000843722 -0.023279 0.0328336 0.00685565 -0.00126772 -0.0298 0.00183991 -0.0204346
0.0394526 0.0229492 -0.00736535 0.0142904 0.0133856 -0.00432186 0.0294669 0.0276381 -0.0177429 0.01374 0.0100376 -0.00692182
0.0104348 -0.00248286 -0.0267445 -0.0187056 0.0111366 -0.00504436 0.0082737 0.00793383 -0.0243486 -0.0167428 0.0095742 -0.00548839
0.00408195 0.0437108 0.0137346 0.00892648 -0.0283806 0.00316093 -0.00159426 0.0431426 0.00590086 0.00328645 -0.0304928 0.00170179
0.00538792 0.0433288 0.000180242 0.0037975 0.00714003 0.00367415 -0.00159849 0.0512565 -0.00376784 -0.000330802 0.00354043 0.00687404
-0.00496063 -0.016377 -0.0141284 -0.00959563 0.0143106 0.0202154 -0.00809089 -0.00696787 -0.0129518 -0.00982571 0.0161883 0.0204187
-0.0196044 0.00903625 -0.0106788 -0.0380524 0.00722472 0.00623618 -0.0158464 0.00726324 0.00153506 -0.0390613 0.00422988 0.0120871
0.0188227 -0.00138323 -0.0284458 -0.0346867 -0.0197092 0.000599744 0.0184413 -0.00346614 -0.0276514 -0.0388461 -0.0172206 0.00504358
-0.0105365 -0.0247348 -0.0414378 0.0180385 -0.0167822 -0.00355407 -0.0116021 -0.0136703 -0.0456799 0.0191284 -0.0155466 -0.0020971
0.00311296 -0.0108955 0.022245 -0.0178805 0.021297 -0.0163418 0.00717713 0.00469982 0.0227665 -0.00823105 0.0166307 -0.0197132
0.00493407 0.00949664 0.00703505 -0.0230306 0.00437921 0.0234024 0.00295694 0.00427938 0.00923293 -0.0272297 0.00158747 0.029684
0.000167902 -0.00344563 0.0301573 -0.0117352 -0.0113908 -0.00760088 -0.00808111 0.00187596 0.0339569 -0.0123669 -0.0148798 -0.00559438
-0.0363583 -0.010735 -0.0433435 0.0160335 -0.00227349 0.0357408 -0.0339301 -0.0102894 -0.0416294 0.0205274 -0.00283731 0.0313291
-0.00118024 -0.0184333 -0.0161915 0.00681938 0.00810465 0.000190083 -0.00448071 -0.0113041 -0.00480401 0.00335049 0.00305006 0.00145935
0.0285975 -0.000272403 -0.0114334 0.004163 0.0101549 0.0194259 0.0359829 -4.78395e-06 -0.00260512 0.00297469 0.0056904 0.017887
0.0126179 -0.020442 0.00285471 -0.0206747 -0.00537607 -0.0442986 0.0112759 -0.0167811 0.0109463 -0.0222157 -0.00790349 -0.0462465
-0.0237546 -0.0641961 -0.0138632 0.0179614 -1.67581e-05 -0.0143324 -0.0155415 -0.0659603 -0.0100511 0.0137789 -0.00573306 -0.0170389
-0.0391168 -0.0411084 -0.0471544 -0.0228089 0.00233161 -0.00761204 -0.0449921 -0.03348 -0.0437763 -0.0229574 0.0059187 -0.00718593
-0.0103726 0.022447 -0.0703194 0.00286848 -0.00704624 0.00696802 -0.00939586 0.0276563 -0.0779335 0.00480454 -0.00370525 0.00931762
-0.00477293 -0.0573196 -0.024482 0.00557646 0.00860015 -0.00665727 0.00781809 -0.0580479 -0.0163735 0.00320346 0.00812574 -0.00400725
6.92229e-05 -0.0471911 0.0196945 0.00235989 0.0271446 -0.0227069 -0.000916636 -0.0398777 0.0128827 -1.7284e-05 0.030324 -0.0222268
0.00962052 -0.0361029 -0.0493358 0.039452 -0.00492879 0.0130075 0.00353105 -0.0339527 -0.0395275 0.0465723 -0.00855383 0.0132847
-0.0269021 -0.0360121 0.00693129 -0.0049079 0.0166305 -0.0271307 -0.0256402 -0.0337501 0.0115559 0.00111812 0.00983293 -0.0235534
-0.043345 -0.0380525 -0.00581131 -0.0184624 0.000518532 -0.00511952 -0.0444696 -0.0331845 -0.00512031 -0.0181285 0.00939793 0.00227509
0.0108144 -0.0102018 -0.0170096 0.0263646 0.0235763 0.00241444 0.0122911 -0.0145377 -0.0175768 0.0231096 0.0282186 -0.00681895
-0.0611852 -0.0593316 -0.0561769 -0.00421203 0.0125237 0.0171726 -0.0615946 -0.0581871 -0.0521398 -0.00697312 0.013734 0.0162102
-0.0107955 -0.0199573 -0.0355742 -0.0429182 0.0280645 0.00374576 -0.0139724 -0.0224233 -0.033275 -0.0386177 0.0255622 0.00775867
-0.0785611 -0.0854435 -0.0686925 -0.0292114 -0.00574031 -0.0279098 -0.0711567 -0.0847544 -0.0706285 -0.0292126 -0.00696725 -0.030828
-0.0497426 -0.0920657 -0.0747568 -0.00361379 0.00867906 -0.00151763 -0.0462549 -0.082917 -0.0692941 0.00321515 0.00461793 -0.00892309
-0.0650387 -0.0118759 -0.0509568 -0.00169592 -0.0165838 0.0166594 -0.059473 -0.00917052 -0.0466552 -0.00155401 -0.0197984 0.0193471
-0.0509608 -0.0524087 -0.065194 0.00677161 0.022864 0.00862269 -0.0425927 -0.0546525 -0.0596395 0.0129505 0.0299786 0.00191287
-0.00389017 -0.056329 -0.0314425 -0.0092582 0.00336309 -0.00554816 -0.0091316 -0.0582795 -0.0371293 -0.00684244 -0.00184333 -0.00708839
-0.0960558 -0.129502 -0.0555011 -0.0193907 -0.00608451 -0.0165963 -0.0976726 -0.130068 -0.0476364 -0.0219824 -0.00536225 -0.0163311
-0.0664671 -0.0208859 -0.095654 0.00956861 -0.00552753 0.0164402 -0.053798 -0.0103526 -0.0966905 0.00627216 -0.00859679 0.0173787
-0.0338936 -0.0245042 -0.00101719 0.0112079 -0.0319426 0.00245282 -0.0365791 -0.0193383 -0.00234843 0.00811361 -0.0259255 0.00215509
0.0316675 -0.0406404 -0.0294118 0.0345047 0.0121657 0.0337067 0.0315991 -0.0407389 -0.0239172 0.0372939 0.0170623 0.0399379
-0.104839 -0.108976 -0.0904395 0.0191559 0.0144682 0.027509 -0.0982314 -0.104362 -0.0844532 0.0167847 0.0194419 0.0320552
-0.084595 -0.103542 -0.119419 0.00997732 -0.00187315 -0.0234305 -0.0764505 -0.103682 -0.119289 0.0125451 0.00913142 -0.0215874
-0.132258 -0.158802 -0.127371 0.0156445 0.033009 -0.00902284 -0.121005 -0.155259 -0.128729 0.012803 0.0373716 -0.00949386
-0.0682996 -0.0270203 -0.0944923 -0.0711917 -0.0175957 -0.0173099 -0.0627573 -0.0427374 -0.0955433 -0.0726768 -0.0103589 -0.0103661
-0.0629743 -0.0292292 -0.039918 0.015115 0.0111924 -0.0225394 -0.051714 -0.0270242 -0.0422779 0.0120276 0.00906463 -0.0204198
-0.0441844 -0.0868194 -0.0496368 -0.00639967 -0.011573 -0.00242313 -0.0464483 -0.0883288 -0.0451871 -0.008705 -0.0119071 -0.00804213
-0.0901288 -0.145707 -0.133267 -0.039181 -0.028808 0.0138625 -0.0862865 -0.135133 -0.134606 -0.0396731 -0.0277632 0.0193626
-0.101634 -0.111899 -0.109832 0.0634208 0.00229747 0.0112046 -0.097168 -0.107299 -0.101869 0.0628973 0.00551676 0.0116084
-0.0983538 -0.104016 -0.0731261 -0.0075059 0.018258 0.0187564 -0.0976177 -0.0985034 -0.0849998 -0.00319481 0.0253124 0.0225834
-0.14755 -0.119285 -0.13036 -0.00112464 -0.0133957 0.0373379 -0.149075 -0.12241 -0.128136 0.000764105 -0.00835651 0.0383102
-0.137707 -0.141669 -0.163559 -0.00661218 -0.00536425 -0.0216514 -0.137398 -0.148749 -0.161613 -0.0103903 -0.0034084 -0.0173139
-0.0590265 -0.0785423 -0.0968099 0.00535753 -0.00957874 -0.048588 -0.0627407 -0.0824413 -0.0998809 0.00216605 -0.0106328 -0.0595544
-0.0574659 -0.0955879 -0.114276 0.000834349 -0.0239292 0.0107839 -0.0522292 -0.0978895 -0.116938 -0.00169315 -0.0317363 0.0117735
-0.102984 -0.0483687 -0.0498712 0.0535444 -0.0467127 0.0234269 -0.113055 -0.0478672 -0.055598 0.0555473 -0.0499502 0.0256529
-0.12642 -0.156698 -0.128319 -0.0295009 0.0111742 -0.00873696 -0.130505 -0.163601 -0.121842 -0.021273 0.0147398 -0.0105468
-0.174816 -0.181401 -0.185386 0.00781493 0.0230744 0.000227665 -0.186758 -0.176423 -0.184392 0.00472222 0.0216104 -0.00609488
-0.162343 -0.138765 -0.160441 -0.0254058 0.0131895 0.00168013 -0.159005 -0.133997 -0.154103 -0.0274713 0.0212327 0.00269574
-0.125307 -0.069816 -0.146825 -0.0279596 0.019993 -0.00767164 -0.122617 -0.0695567 -0.142957 -0.0306701 0.0210315 -0.0112802
-0.0591136 -0.126584 -0.136302 -0.0262558 0.0297042 0.0180636 -0.0549875 -0.119837 -0.125124 -0.0251728 0.033267 0.0204937
-0.108525 -0.121996 -0.111342 -0.0278589 0.0040431 0.0337362 -0.106177 -0.120741 -0.105228 -0.0325649 0.00486306 0.0400757
-0.106071 -0.11377 -0.124844 -0.00554828 0.0504439 -0.0142561 -0.0957208 -0.116043 -0.117 -0.00730077 0.0514701 -0.0148898
-0.0833469 -0.127382 -0.123541 -0.00930985 0.011303 0.0317369 -0.0755487 -0.122246 -0.127714 -0.00967707 0.019948 0.0304683
-0.108965 -0.109494 -0.132867 0.00752548 0.0109317 -0.025608 -0.0939652 -0.096089 -0.115513 0.00396235 0.0106531 -0.033116
-0.112866 -0.0872843 -0.0936283 -0.00165732 0.00914345 0.00609782 -0.118866 -0.0817173 -0.0926 -0.000605926 0.0059875 0.00191275
-0.114145 -0.103402 -0.114452 0.00538761 -0.0216134 0.0132134 -0.109459 -0.0987809 -0.109453 0.00627491 -0.0248546 0.0127736
-0.127832 -0.121848 -0.127236 -0.0272745 -0.00509096 0.00988437 -0.138115 -0.113039 -0.128209 -0.0283837 -0.00631293 0.0115581
-0.0986463 -0.160316 -0.0834006 0.0535733 -3.88536e-05 0.00290847 -0.0998301 -0.165629 -0.0828882 0.0565148 0.0107544 0.00488546
-0.0818107 -0.180499 -0.123522 0.0139206 0.0322443 0.028372 -0.0879805 -0.184763 -0.122978 0.024135 0.0281468 0.028348
-0.0718871 -0.0803456 -0.0888307 0.0121405 -0.0190416 -0.0166678 -0.0608561 -0.0693584 -0.103801 0.0190128 -0.0208477 -0.0171945
-0.0557326 -0.0727837 -0.0616506 -0.00728809 -0.0220092 0.0100585 -0.0526782 -0.0652453 -0.0836053 -0.00318254 -0.0221306 0.00580778
-0.0777461 -0.0235441 -0.0787172 0.0282238 0.00458712 -0.00168186 -0.0734231 -0.0155524 -0.0943847 0.0313115 0.0068789 -0.00369346
-0.064716 -0.0614649 -0.0431123 -0.0106813 0.0317059 0.0111205 -0.0540392 -0.050038 -0.0543705 -0.00938639 0.035995 0.0131634
-0.0394393 -0.0249514 -0.0654521 -0.00526347 -0.0146546 -0.0114207 -0.031921 -0.0141516 -0.0787643 -0.00871024 -0.0163446 -0.0144784
-0.0588231 -0.0621926 -0.0418322 -0.017241 -0.0192161 0.0184509 -0.0469187 -0.0495752 -0.0571619 -0.0261446 -0.0184393 0.0221124
-0.0386537 -0.0346603 -0.0443686 0.00856855 -0.00267435 0.0281923 -0.0288217 -0.0323493 -0.0570982 0.00899315 -0.00916729 0.0289138
-0.0898161 -0.0953841 -0.0826192 -0.00760206 -0.0215207 -0.0131708 -0.0829756 -0.0843331 -0.0987348 -0.00964671 -0.0160315 -0.0159609
-0.0401954 -0.0892163 -0.0716285 -0.0211484 -0.0331649 -0.000904408 -0.0313403 -0.0831655 -0.0866696 -0.0218483 -0.0346473 -0.00384761
-0.0590626 -0.0784209 -0.0687549 -0.00301231 0.00238017 -0.00374312 -0.0581441 -0.0750213 -0.0879067 0.00296839 0.00205503 -0.00806948
-0.064189 -0.0430252 -0.0207008 -0.0031883 0.000610424 -0.0134881 -0.0505039 -0.038622 -0.0365201 0.000119765 0.000661258 -0.0121731
-0.0674964 -0.0881011 -0.0507742 0.00747926 -0.00558038 0.00139246 -0.0534149 -0.0837075 -0.0604759 0.00337012 -0.00628669 0.00324294
-0.0541375 -0.0501179 -0.0580102 0.00732005 0.0199497 0.00301945 -0.0437793 -0.0412955 -0.0717154 0.0122682 0.0212648 0.0047072
-0.0390648 -0.0468223 -0.061604 -0.0130252 -0.0164049 0.00353394 -0.0270905 -0.0332534 -0.0852488 -0.0131154 -0.0187126 0.00696146
-0.0715098 -0.0893227 -0.0558945 -0.00162531 -0.0129228 -0.0219898 -0.0646972 -0.0816633 -0.0715811 0.00198059 -0.0102634 -0.0252649
-0.109009 -0.0530235 -0.0658489 -0.00119257 0.0370287 -0.00779914 -0.0975364 -0.039704 -0.0755421 0.000252215 0.0392077 -0.00682149
-0.0716754 -0.0619309 -0.0857935 -0.00427571 0.00414329 -0.0212763 -0.0612711 -0.0519991 -0.095697 -0.00440956 0.000431493 -0.0219118
-0.0252417 -0.00494114 -0.0354664 0.01123 0.00452626 0.00237755 -0.0172193 -0.00230503 -0.0510868 0.00884898 0.00445274 0.000348792
-0.0688547 -0.0275723 -0.039268 0.00892558 -0.0116556 0.000112532 -0.0651707 -0.018211 -0.0572321 0.0102285 -0.0138297 -0.0013894
-0.0667998 -0.0581141 -0.0712929 0.0210771 -0.00644497 0.014173 -0.0528861 -0.053936 -0.0905693 0.0204531 -0.00257836 0.00979148
0.532912 0.466688 0.483304 0.0180157 0.0452786 -0.0498783 0.538544 0.465549 0.480832 0.00834161 0.045554 -0.0515612
-0.0488516 -0.00256153 -0.0142534 -0.00498217 0.0388008 0.0121743 -0.0421881 -0.000358085 -0.0292978 -0.00830434 0.038829 0.00906364
-0.11318 -0.101072 -0.0939643 0.00205266 0.00805831 0.00544733 -0.102653 -0.0930504 -0.114611 0.00216929 0.00581707 0.00804939
-0.0718301 -0.106851 -0.0787079 -0.0196815 0.00791958 -0.00909681 -0.060483 -0.097054 -0.0915854 -0.013576 0.00794771 -0.00750159
-0.0565379 -0.0155066 -0.0555842 0.0168869 -0.00116877 0.0280765 -0.0560363 -0.00954831 -0.0738864 0.00805475 0.00170108 0.0248694
-0.049313 -0.0561749 -0.0931754 0.0110147 0.0192398 -0.00724049 -0.0404444 -0.0469416 -0.118592 0.0168758 0.0151697 -0.00758081
-0.0548561 -0.0397313 -0.081948 0.00920382 -0.00222189 0.0150558 -0.0487791 -0.0340497 -0.0994129 0.00670117 -0.00224495 0.0191443
-0.0549632 -0.0465738 -0.0432365 -0.00966412 -0.016776 -0.0058555 -0.0454491 -0.0337124 -0.0601011 -0.00937471 -0.0211818 -0.00435332
-0.0608324 -0.0763947 -0.0531783 0.00999502 -0.00203694 0.00126518 -0.0560879 -0.0715934 -0.0717978 0.00613224 -0.00254892 0.00138593
-0.0945937 -0.0818258 -0.100262 -0.0111227 -0.00559251 -0.0127086 -0.0873404 -0.0758509 -0.120255 -0.010506 -0.0106237 -0.0148833
-0.0686405 -0.0465447 -0.0970786 0.0113576 0.00641306 0.0102421 -0.0568148 -0.0413345 -0.116476 0.00838808 0.00604769 0.0115322
-0.00590249 -0.0362268 -0.0401861 0.00104689 0.000774622 -0.0209683 0.00631254 -0.0337049 -0.0508038 0.00416537 -0.00604178 -0.0215748
-0.0204729 0.014959 -0.0149084 0.00723724 0.0125779 -0.00572142 -0.0107051 0.0181559 -0.0289141 0.00876556 0.0168128 -0.00341144
-0.110384 -0.0699109 -0.0929931 0.0268304 0.0175271 0.014083 -0.101682 -0.0591521 -0.108892 0.0243551 0.0215297 0.0151112
-0.0229111 -0.0388635 -0.0347896 -0.00306158 -0.0101087 -0.015177 -0.0201516 -0.0343122 -0.0519214 0.00369863 -0.0125373 -0.0143257
-0.0639374 -0.0337075 -0.0468063 -0.0218147 0.00411727 -0.00318364 -0.0513636 -0.0279149 -0.0629859 -0.017045 0.0117761 -0.00136241
-0.0315593 -0.0341579 -0.0267267 -0.00634923 0.0114322 0.0216365 -0.0284642 -0.0272115 -0.0446773 -0.0039519 0.00945614 0.0236763
-0.0657308 -0.0336619 -0.0687961 0.0340893 0.0274002 0.00538722 -0.0602203 -0.0244213 -0.089891 0.0340765 0.0278204 0.0102239
-0.0455018 -0.0326212 -0.0326539 -0.0203336 -0.0141624 0.0141147 -0.041164 -0.0200584 -0.0472636 -0.0145112 -0.0171221 0.015691
-0.0678951 -0.0525075 -0.0690463 0.00749807 0.00132346 0.0256804 -0.0682399 -0.0452909 -0.09998 0.00576166 0.00184785 0.0227197
-0.0719799 -0.052274 -0.117952 0.0258545 -0.00736644 0.00635454 -0.0597771 -0.040957 -0.143437 0.02789 -0.00116075 0.00204097
-0.0334593 -0.0801475 -0.0711987 0.00686829 0.00500748 -0.00553318 -0.0209619 -0.069412 -0.0901096 0.00461743 0.0012648 -0.0152171
-0.0634515 -0.0591012 -0.0516694 -0.00168999 -0.0171501 -0.0175701 -0.0490534 -0.0559447 -0.0707865 -0.00462775 -0.0170466 -0.0173017
-0.0669577 -0.059583 -0.0427572 0.025614 0.00633047 0.0179956 -0.0524903 -0.041905 -0.0574157 0.0317591 0.0031525 0.0206733
-0.0812012 -0.0508865 -0.0500371 -0.000286959 0.00342479 -0.0165821 -0.0807424 -0.0329994 -0.0652715 0.00112275 0.00821376 -0.0222025
-0.0738581 -0.0616976 -0.0927882 -0.0117931 -0.0059199 0.00581005 -0.065373 -0.0551033 -0.1069 -0.00579869 -0.00822339 0.00535138
-0.0449491 -0.0885119 -0.058028 0.0239759 -0.0197576 -0.0309172 -0.0403405 -0.0813622 -0.0743775 0.0287026 -0.0169757 -0.0284449
-0.0464904 -0.0473801 -0.0482488 0.0138747 -0.0231395 -0.00641081 -0.0436398 -0.0323414 -0.0701379 0.00802844 -0.0212718 -0.00813322
-0.0725455 -0.0299694 -0.0263289 -0.0293313 -0.00106685 -0.00883602 -0.0647343 -0.0205128 -0.0409281 -0.0286847 0.00154117 -0.00672151
-0.0278456 -0.0382632 -0.0495951 -0.0224185 -0.00746523 -0.00980606 -0.0275405 -0.0277634 -0.0656209 -0.0247908 -0.00456527 -0.0149783
-0.0413386 -0.0350378 -0.0337555 0.0159366 0.0118298 -0.0162585 -0.040526 -0.0233759 -0.0491482 0.0155605 0.00497493 -0.0129699
-0.0644013 -0.0922116 -0.0906433 -0.0210012 0.0285222 0.0147969 -0.0550286 -0.082939 -0.113679 -0.0204715 0.0306263 0.0141839
-0.0890786 -0.0925868 -0.112537 -0.024927 -0.0117473 0.00950307 -0.0776213 -0.0865907 -0.13486 -0.0298343 -0.0104955 0.0110675
-0.0751315 -0.0513066 -0.063165 -0.00810106 -0.00694278 -0.0034472 -0.0618743 -0.0414571 -0.0779963 -0.0102493 -0.00778992 -0.0052053
-0.0386192 -0.0484214 -0.055742 0.016728 0.00753123 -0.00744165 -0.0319796 -0.0431659 -0.0745164 0.0213753 0.002295 -0.00739272
-0.0112873 -0.0104416 -0.0652027 -0.00577786 -0.000964206 0.00992674 -0.00850584 0.00108265 -0.0788278 -0.0112988 -0.00392106 0.00668773
-0.0362148 -0.0734547 -0.0392147 -0.0100481 -0.00461632 0.026744 -0.0222358 -0.066099 -0.0578521 -0.00457136 -0.00907132 0.0331563
-0.0760374 -0.032134 -0.0652377 -0.00487757 0.0360618 0.00867753 -0.071269 -0.0135832 -0.0809865 -0.00453146 0.0365233 0.00738468
-0.0478619 -0.117304 -0.140981 0.0199016 0.0203261 -0.0145752 -0.0359059 -0.111687 -0.16 0.0199741 0.0176394 -0.00751141
-0.0894562 -0.10098 -0.0759543 0.000600475 0.00237937 -0.0342741 -0.0745909 -0.0944512 -0.10351 -0.00133227 0.00661668 -0.031088
-0.0268619 -0.0419711 -0.0790475 0.0143665 0.00602478 0.047053 -0.01075 -0.0351798 -0.0978618 0.0118904 0.00474176 0.048682
