-3.56344 -3.56465
-3.55466 -3.55619
-3.55359 -3.55295
-3.56649 -3.5667
-3.55849 -3.55741
-3.54947 -3.54908
-3.55875 -3.55765
-3.56275 -3.56288
-3.56012 -3.56001
-3.56133 -3.56102
-3.56388 -3.56286
-3.55229 -3.55275
-3.55703 -3.55745
-3.55428 -3.55563
-3.56723 -3.56705
-3.56 -3.56066
-3.55307 -3.55491
-3.55642 -3.55678
-3.57033 -3.56991
-3.55007 -3.54975
-3.56022 -3.55986
-3.54744 -3.54909
-3.55926 -3.56082
-3.558 -3.5589
-3.55559 -3.55581
-3.54503 -3.54614
-3.55118 -3.55044
-3.55778 -3.55806
-3.56099 -3.56024
-3.55288 -3.55427
-3.55703 -3.55649
-3.55592 -3.55585
-3.55525 -3.55368
-3.55425 -3.55308
-3.55591 -3.55522
-3.55473 -3.55444
-3.56046 -3.55869
-3.55733 -3.55606
-3.5479 -3.5469
-3.55172 -3.55237
-3.54794 -3.55065
-3.55671 -3.55754
-3.55248 -3.55305
-3.55856 -3.55922
-3.55405 -3.55308
-3.5571 -3.55809
-3.56079 -3.56188
-3.55428 -3.55403
-3.56836 -3.56965
-3.56085 -3.56095
-3.54782 -3.54768
-3.58442 -3.58363
-3.5067 -3.50511
-3.56835 -3.56857
-3.49126 -3.4927
-3.55721 -3.55583
-3.52383 -3.52373
-3.60106 -3.60236
-3.54238 -3.54134
-3.5298 -3.52764
-3.57442 -3.57474
-3.56013 -3.56175
-3.49755 -3.49719
-3.6013 -3.60159
-3.59354 -3.59293
-3.58563 -3.58376
-3.5544 -3.55685
-3.52496 -3.52584
-3.58114 -3.57888
-3.58879 -3.59102
-3.61549 -3.61536
-3.58702 -3.58632
-3.49613 -3.497
-3.62001 -3.62179
-3.46438 -3.4647
-3.64369 -3.64397
-3.64078 -3.64046
-3.63876 -3.63846
-3.63529 -3.63486
-3.64173 -3.64144
-3.63888 -3.63831
-3.64486 -3.64456
-3.64228 -3.64245
-3.64547 -3.64557
-3.63614 -3.63548
-3.64441 -3.64433
-3.62161 -3.62093
-3.64536 -3.64545
-3.63304 -3.63244
-3.64147 -3.64115
-3.6342 -3.63376
-3.62573 -3.62511
-3.64425 -3.64415
-3.64485 -3.64484
-3.6445 -3.64444
-3.64524 -3.6452
-3.62662 -3.62601
-3.64489 -3.6446
-3.62235 -3.62167
-3.64369 -3.64407
-3.6927 -3.69201
-3.69204 -3.69223
-3.68942 -3.68965
-3.69173 -3.69172
-3.69191 -3.69207
-3.68923 -3.68954
-3.69092 -3.69091
-3.69123 -3.6907
-3.69068 -3.69107
-3.69067 -3.69065
-3.68754 -3.68617
-3.68747 -3.68604
-3.68447 -3.68467
-3.68377 -3.68284
-3.68579 -3.68511
-3.6845 -3.68437
-3.68511 -3.68461
-3.68285 -3.68253
-3.68452 -3.68419
-3.68455 -3.68476
-3.66416 -3.66445
-3.66816 -3.66706
-3.66267 -3.66317
-3.66991 -3.66953
-3.66825 -3.66865
-3.65834 -3.65656
-3.66387 -3.66261
-3.66812 -3.6669
-3.66523 -3.66405
-3.66539 -3.66496
-3.63429 -3.63324
-3.63497 -3.63431
-3.6332 -3.63221
-3.63855 -3.63822
-3.63161 -3.63078
-3.63274 -3.63287
-3.63568 -3.6342
-3.63257 -3.63205
-3.63812 -3.63644
-3.6323 -3.63241
-3.60933 -3.6095
-3.60768 -3.60616
-3.61422 -3.6143
-3.60446 -3.60562
-3.60529 -3.60363
-3.60918 -3.60923
-3.59842 -3.5979
-3.60701 -3.60588
-3.60644 -3.60528
-3.60772 -3.60836
-3.58794 -3.58561
-3.58179 -3.58053
-3.57836 -3.5779
-3.59125 -3.59024
-3.58064 -3.5815
-3.58651 -3.58725
-3.57796 -3.5774
-3.58484 -3.58487
-3.5837 -3.58417
-3.58289 -3.58245
-3.55392 -3.5527
-3.56253 -3.56279
-3.565 -3.56319
-3.56319 -3.56282
-3.55982 -3.5591
-3.56045 -3.56373
-3.56509 -3.56446
-3.56688 -3.56624
-3.56329 -3.56266
-3.55226 -3.55146
-3.53696 -3.5368
-3.53879 -3.54054
-3.5334 -3.5332
-3.52358 -3.52081
-3.53521 -3.53491
-3.54691 -3.54567
-3.53812 -3.53744
-3.53926 -3.53785
-3.54016 -3.53913
-3.60885 -3.60873
-3.61483 -3.61556
-3.61967 -3.61972
-3.62078 -3.62021
-3.6149 -3.61476
-3.62694 -3.62849
-3.61886 -3.61793
-3.62078 -3.62132
-3.62199 -3.62409
-3.61742 -3.61784
-3.61464 -3.61665
-3.61869 -3.62045
-3.61138 -3.61423
-3.62107 -3.62224
-3.61474 -3.61494
-3.6096 -3.61106
-3.60355 -3.60534
-3.61258 -3.61362
-3.61752 -3.61873
-3.61702 -3.61826
-3.55418 -3.55547
-3.61728 -3.61778
-3.56791 -3.56731
-3.57097 -3.57096
-3.56814 -3.56911
-3.56631 -3.56676
-3.6117 -3.61263
-3.617 -3.61761
-3.61607 -3.61777
-3.56982 -3.56946
-3.61452 -3.61499
-3.61309 -3.61343
-3.61878 -3.61973
-3.5696 -3.5698
-3.61909 -3.61919
-3.61621 -3.61646
-3.61482 -3.61492
-3.57391 -3.57367
-3.5673 -3.56863
-3.56721 -3.56844
-3.56452 -3.5648
-3.55991 -3.55953
-3.61043 -3.61089
-3.56545 -3.56721
-3.56707 -3.56812
-3.60906 -3.61032
-3.56469 -3.56716
-3.56631 -3.56731
-3.60513 -3.60646
-3.56289 -3.56265
-3.61131 -3.61154
-3.56738 -3.56878
-3.56476 -3.5645
-3.61204 -3.61308
-3.60838 -3.60912
-3.62121 -3.62385
-3.61654 -3.6177
-3.60883 -3.6103
-3.56164 -3.56416
-3.56314 -3.56435
-3.61171 -3.61397
-3.57312 -3.579
-3.66081 -3.65593
-3.59012 -3.58755
-3.69493 -3.69479
-3.6019 -3.60097
-3.60266 -3.60358
-3.6764 -3.67396
-3.60358 -3.60538
-3.69742 -3.69821
-3.5972 -3.59762
-3.60177 -3.60208
-3.59433 -3.59805
-3.68845 -3.68833
-3.62949 -3.62704
-3.69075 -3.69234
-3.60102 -3.60453
-3.6966 -3.69627
-3.57501 -3.57539
-3.60118 -3.59698
-3.59925 -3.60023
-3.5893 -3.59396
-3.598 -3.60285
-3.58431 -3.58734
-3.57515 -3.57166
-3.56504 -3.56685
-3.59202 -3.59613
-3.59 -3.59523
-3.56664 -3.56705
-3.59051 -3.58785
-3.61945 -3.62263
-3.70112 -3.70189
-3.70189 -3.70229
-3.70046 -3.70057
-3.70231 -3.70236
-3.6981 -3.69833
-3.69996 -3.70057
-3.70274 -3.70343
-3.69912 -3.69952
-3.70216 -3.70293
-3.70108 -3.70131
-3.70215 -3.70252
-3.70217 -3.70286
-3.69862 -3.69955
-3.70271 -3.70361
-3.70251 -3.7028
-3.70271 -3.70355
-3.70172 -3.70224
-3.70317 -3.70389
-3.69874 -3.69861
-3.70212 -3.70313
-3.69153 -3.69161
-3.68838 -3.68858
-3.69172 -3.69212
-3.69098 -3.69042
-3.69025 -3.68982
-3.69114 -3.69047
-3.68909 -3.68915
-3.69078 -3.69159
-3.6923 -3.69292
-3.68929 -3.68905
-3.68655 -3.68643
-3.68459 -3.6841
-3.68401 -3.68327
-3.6864 -3.68587
-3.6851 -3.68525
-3.68323 -3.68283
-3.68645 -3.68629
-3.68408 -3.68439
-3.68475 -3.68411
-3.68287 -3.68323
-3.6679 -3.66818
-3.66467 -3.66368
-3.66723 -3.66672
-3.66233 -3.66137
-3.66523 -3.66381
-3.66523 -3.66509
-3.66289 -3.66216
-3.66372 -3.66339
-3.66512 -3.66483
-3.6606 -3.66051
-3.63542 -3.63582
-3.63846 -3.63742
-3.63885 -3.63905
-3.63183 -3.63057
-3.63203 -3.63229
-3.63726 -3.63587
-3.63285 -3.63323
-3.63958 -3.63871
-3.63323 -3.63154
-3.63263 -3.63181
-3.61129 -3.6115
-3.608 -3.60733
-3.6081 -3.60652
-3.61077 -3.6106
-3.60288 -3.60261
-3.60858 -3.6074
-3.60882 -3.60879
-3.60294 -3.60078
-3.61078 -3.61099
-3.60657 -3.60559
-3.58253 -3.5826
-3.57912 -3.5779
-3.58199 -3.57995
-3.58087 -3.57949
-3.58267 -3.58276
-3.5794 -3.58053
-3.58069 -3.58068
-3.58362 -3.5851
-3.57884 -3.5787
-3.57662 -3.5746
-3.55615 -3.55639
-3.56181 -3.56221
-3.55176 -3.55248
-3.55243 -3.54986
-3.55229 -3.55168
-3.56135 -3.56083
-3.56007 -3.56023
-3.56268 -3.56184
-3.55871 -3.55926
-3.56133 -3.56069
-3.52997 -3.52907
-3.53394 -3.53368
-3.53297 -3.53219
-3.53982 -3.54016
-3.53674 -3.53666
-3.54797 -3.54867
-3.53163 -3.52993
-3.5356 -3.53532
-3.53743 -3.5369
-3.53819 -3.53887
-3.5712 -3.57098
-3.53214 -3.53271
-3.53624 -3.53715
-3.52445 -3.52438
-3.52593 -3.52651
-3.52672 -3.52656
-3.52825 -3.52774
-3.52282 -3.52176
-3.52265 -3.52111
-3.52854 -3.52899
-3.53439 -3.53461
-3.52668 -3.52648
-3.52882 -3.52798
-3.53292 -3.53234
-3.52682 -3.52572
-3.52616 -3.52709
-3.53128 -3.53131
-3.52019 -3.51903
-3.52425 -3.52276
-3.52603 -3.52524
-3.52083 -3.52077
-3.53311 -3.53387
-3.52145 -3.52131
-3.52646 -3.52493
-3.53082 -3.53026
-3.53396 -3.53366
-3.53422 -3.53356
-3.52432 -3.52444
-3.52708 -3.52711
-3.53207 -3.53405
-3.52035 -3.52116
-3.51892 -3.51894
-3.5253 -3.52449
-3.53222 -3.53125
-3.53056 -3.52965
-3.5268 -3.52707
-3.52851 -3.52838
-3.53034 -3.52939
-3.52054 -3.52099
-3.51501 -3.51597
-3.52563 -3.52694
-3.53616 -3.53648
-3.52744 -3.52657
-3.51314 -3.51133
-3.52653 -3.52592
-3.52755 -3.52683
-3.51916 -3.519
-3.51983 -3.51957
-3.52623 -3.52629
-3.52387 -3.52443
-3.526 -3.52681
-3.52475 -3.52451
-3.53219 -3.5322
-3.53368 -3.53328
-3.52715 -3.5277
-3.52741 -3.5274
-3.53192 -3.53068
-3.53353 -3.5336
-3.53559 -3.53607
-3.5224 -3.52133
-3.51631 -3.51491
-3.52526 -3.52406
-3.52584 -3.52531
-3.52696 -3.52652
-3.52681 -3.52616
-3.52112 -3.5206
-3.51812 -3.51793
-3.52188 -3.52069
-3.52504 -3.52582
-3.5276 -3.52754
-3.52164 -3.52287
-3.52322 -3.52245
-3.52544 -3.52589
-3.53217 -3.53251
-3.53726 -3.53642
-3.52904 -3.52856
-3.52718 -3.52707
-3.52534 -3.52402
-3.52286 -3.52103
-3.51831 -3.5173
-3.52758 -3.52756
-3.53486 -3.53473
-3.52828 -3.52899
-3.53716 -3.53659
-3.52433 -3.52448
-3.53053 -3.53043
-3.51968 -3.51776
-3.51837 -3.51781
-3.52965 -3.52926
-3.52476 -3.52469
-3.52434 -3.5245
-3.53167 -3.53208
-3.53065 -3.53107
-3.5327 -3.53155
-3.52542 -3.52569
-3.52195 -3.52217
-3.53181 -3.53283
-3.52331 -3.52425
-3.51568 -3.51578
-3.52671 -3.52663
