0.489271 0.455144 0.472573 -0.0341716 0.0469192 -0.037947 0.493853 0.45786 0.472414 -0.0398588 0.0478158 -0.0404388
0.520963 0.469745 0.490503 0.0248252 0.0693715 0.026236 0.524542 0.458668 0.490102 0.0302711 0.0671501 0.0259524
0.451522 0.533878 0.431722 -0.0117928 -0.00526799 -0.00918328 0.445929 0.528378 0.430916 -0.0161442 0.00245853 -0.0146398
0.449001 0.420673 0.439341 -0.0140156 -0.041869 0.0356968 0.452919 0.425389 0.437958 -0.0154443 -0.0456882 0.0425336
0.485176 0.468921 0.458546 0.0157443 -0.0217139 -0.0333396 0.498069 0.476984 0.45027 0.0171437 -0.0242755 -0.0440118
0.493394 0.527332 0.527002 -0.0238223 -4.66724e-05 -0.0185918 0.49634 0.532207 0.526141 -0.0211527 0.00426541 -0.0162742
0.381368 0.407619 0.431111 -0.0218772 -0.0208967 -0.0169418 0.379662 0.408609 0.433422 -0.0269522 -0.0146883 -0.0147941
0.366582 0.431307 0.380063 0.000286676 -0.0278706 -0.023764 0.357203 0.433841 0.387412 -0.00833175 -0.0289762 -0.0272347
0.464929 0.43411 0.465711 -0.00941067 0.025967 0.00308094 0.473086 0.440252 0.464531 -0.00847351 0.0345547 0.00120636
0.433206 0.437139 0.485408 0.0101895 -0.0130216 -0.0477695 0.442545 0.454861 0.486716 0.00938368 -0.00968043 -0.0457941
0.46918 0.448544 0.458466 -0.000143105 0.00240832 -0.0432872 0.477016 0.448772 0.455543 -0.00638043 0.00927012 -0.0418012
0.556893 0.506206 0.469786 0.0132172 0.0154688 -0.00852726 0.554521 0.502294 0.463961 0.0126509 0.0156128 -0.0132553
0.463944 0.454514 0.445377 0.0045894 0.0128796 0.00682272 0.471427 0.462012 0.440237 0.00683932 0.0121714 0.00178921
0.426644 0.426778 0.472361 0.0222602 -0.00120493 0.00613687 0.431747 0.438046 0.472825 0.0297194 -0.000666469 0.0054045
0.367886 0.366448 0.420377 -0.0011733 -0.0354735 -0.0277576 0.36779 0.372695 0.419539 0.00577564 -0.0375386 -0.0259482
0.422651 0.366259 0.408988 -0.0360634 0.0183901 -0.0369771 0.420799 0.370034 0.405254 -0.0383461 0.0115225 -0.0317232
0.487555 0.463322 0.462779 -0.0161229 -0.029912 -0.00167122 0.486674 0.469593 0.472349 -0.0198254 -0.0301031 0.0035296
0.446642 0.389347 0.404079 0.013221 -0.0014812 -0.0428266 0.449739 0.393246 0.413958 0.0134594 -0.00291399 -0.0432313
0.414357 0.34025 0.382156 -0.00846849 -0.0186705 0.0104687 0.407984 0.341726 0.380022 -0.0122662 -0.0115208 0.0138574
0.451414 0.514429 0.440779 -0.00326029 -0.0312345 -0.0269152 0.45288 0.515267 0.442991 -0.0132451 -0.0309982 -0.0307311
0.3578 0.417959 0.489868 0.000446818 -0.00339648 -0.0097184 0.365508 0.425342 0.494485 0.00239638 0.00418316 -0.0163212
0.44898 0.410867 0.43504 -0.0269716 -0.0106978 -0.0228009 0.445978 0.409694 0.427018 -0.0301133 -0.00738495 -0.0260281
0.418106 0.354695 0.441159 0.0248793 0.0405047 -0.0427617 0.41348 0.352254 0.434274 0.0228333 0.044718 -0.0374573
0.445364 0.389787 0.388471 0.029862 0.0174269 -0.0115337 0.441913 0.386659 0.390883 0.029703 0.0251255 -0.00672989
0.465291 0.497452 0.486557 -0.0457628 0.00906615 -0.00556126 0.461459 0.496764 0.491789 -0.0468247 0.0145941 -0.00609167
0.517593 0.629193 0.494177 0.0222693 0.00615021 0.0182283 0.511886 0.619125 0.483635 0.0219245 0.0168807 0.0176467
0.514115 0.49008 0.512669 0.0459327 0.0133984 0.00640005 0.5126 0.495605 0.515486 0.0403159 0.00679579 0.00457754
0.462943 0.472254 0.443602 -0.00445301 -0.0339879 0.0240812 0.471124 0.472473 0.448868 -0.00766916 -0.0313196 0.0192235
0.462666 0.453016 0.408262 0.00808839 -0.0381626 -0.00460918 0.467336 0.446957 0.404581 0.00476166 -0.0407844 0.000465671
0.461284 0.408939 0.467956 0.0205604 0.0113767 0.057458 0.460218 0.400898 0.449966 0.0169888 0.012626 0.0547128
0.443186 0.403984 0.44796 -0.0444079 -0.00661725 0.0144139 0.445083 0.400996 0.443214 -0.0499949 -0.00672582 0.0172438
0.486799 0.447562 0.461564 -0.0510905 -0.00372176 -0.0163038 0.499476 0.446882 0.448508 -0.047705 -0.0130105 -0.0144109
0.454048 0.451362 0.474217 -0.025273 0.0394909 0.0410369 0.453179 0.45177 0.4781 -0.0256168 0.040128 0.046099
0.455906 0.433805 0.441624 -0.0292153 -0.031648 0.00965465 0.456359 0.428385 0.442856 -0.0317537 -0.0327825 0.00807983
0.500174 0.420155 0.39037 0.033315 -0.00378782 -0.0172338 0.497803 0.417281 0.390835 0.0301588 -0.00240576 -0.0126719
0.414088 0.437222 0.415271 -0.00201301 0.0163002 -0.0441658 0.410684 0.438268 0.423373 -0.00232603 0.020277 -0.0362753
0.428014 0.349473 0.397709 -0.0181272 -0.0582221 -0.0449886 0.433355 0.359671 0.402355 -0.0132808 -0.0613592 -0.0377653
0.443615 0.396067 0.504917 -0.0231454 0.0259587 -0.0402414 0.430757 0.393689 0.505054 -0.0242779 0.0245665 -0.0426957
0.523605 0.445516 0.583053 0.0271384 -0.00305306 0.0299247 0.512122 0.446255 0.578286 0.0242417 -0.00171864 0.0307368
0.456894 0.402045 0.445986 -0.0420626 0.010113 -0.0185182 0.454532 0.3987 0.443928 -0.0439254 0.00814646 -0.0208365
0.498292 0.410741 0.471864 -0.0123722 0.00363512 -0.0225764 0.495206 0.399635 0.466459 -0.0152428 0.00550806 -0.0283782
0.417507 0.414623 0.453383 0.0257955 -0.0196577 0.0217951 0.409966 0.412614 0.447323 0.0259103 -0.0157398 0.0268122
0.447936 0.422717 0.462378 -0.00282918 -0.0407789 0.000838788 0.438219 0.419815 0.466068 -0.00710277 -0.033397 0.0037412
0.461972 0.395991 0.3723 -0.0190919 -0.032026 -0.00838203 0.45598 0.389634 0.386525 -0.0139735 -0.0297842 -0.00928088
0.5119 0.409253 0.470178 -0.0150318 -0.0262511 0.0213182 0.511934 0.41198 0.460957 -0.0101693 -0.0265485 0.0224282
0.408868 0.365045 0.402367 -0.0201499 0.0223826 0.00942359 0.401907 0.356422 0.401654 -0.0214863 0.0199587 0.0172934
0.329656 0.429485 0.398961 0.0319804 0.0561535 -0.0258386 0.325838 0.434839 0.393868 0.030475 0.0485165 -0.0255679
0.425374 0.433551 0.439667 -0.0183166 -0.020741 -0.0285842 0.425209 0.436105 0.440555 -0.00674213 -0.0213253 -0.0290699
0.40833 0.445573 0.406951 -0.0125105 -0.0276029 -0.0114264 0.406738 0.440484 0.400644 -0.00151795 -0.0237232 -0.0195912
0.44808 0.43931 0.40954 -0.00909858 0.00529663 -0.0226233 0.457791 0.427964 0.408336 -0.00955828 0.00245516 -0.0279712
0.615554 0.525862 0.724763 -0.287315 0.173089 -0.202186 0.617166 0.523667 0.725763 -0.298269 0.157362 -0.197367
0.512616 0.463014 0.478353 0.0292038 -0.129015 0.111094 0.509941 0.462832 0.484906 0.0193631 -0.120371 0.115618
0.785295 0.5631 0.72438 -0.0913426 -0.229972 0.321351 0.785123 0.572344 0.736852 -0.119461 -0.240382 0.32524
0.506575 0.539705 0.587798 0.259269 -0.202298 0.162486 0.510605 0.54355 0.594224 0.251475 -0.191089 0.158254
0.836368 0.852861 0.857119 0.442674 0.255345 0.197062 0.836354 0.863295 0.86777 0.451099 0.258893 0.22744
0.487818 0.586139 0.532553 0.0680083 -0.158653 -0.209098 0.491213 0.593123 0.533243 0.0716724 -0.165022 -0.200177
0.697158 0.618736 0.698407 -0.179362 -0.104394 0.232696 0.696068 0.621418 0.699333 -0.184953 -0.104967 0.252657
0.4194 0.477305 0.396368 0.0612168 0.0103567 0.123787 0.413968 0.480468 0.385694 0.0551343 0.00904489 0.127714
0.636718 0.730727 0.502431 -0.0613561 -0.221878 -0.0496725 0.646578 0.741584 0.499701 -0.0626769 -0.217289 -0.0458232
0.745892 0.77952 0.631988 -0.104185 -0.344932 0.313746 0.726805 0.777031 0.615871 -0.0968724 -0.342005 0.319866
0.510887 0.452388 0.578842 -0.0445199 -0.0359658 0.0134959 0.513591 0.453142 0.581157 -0.056578 -0.0387897 0.0170067
0.696642 0.538423 0.605421 0.0954027 -0.0697364 -0.110201 0.699537 0.514922 0.61953 0.117544 -0.0867119 -0.113126
0.72568 0.885768 0.908443 0.516178 -0.119012 0.0854957 0.727524 0.897878 0.903474 0.507388 -0.11485 0.0942329
0.367836 0.403922 0.38612 -0.00526374 0.0447415 0.239509 0.361558 0.393452 0.391262 0.00138416 0.0375404 0.228664
0.448621 0.480923 0.431626 -0.0955962 -0.150662 -0.0651106 0.464362 0.489569 0.430167 -0.0935728 -0.150541 -0.0594678
0.466537 0.495338 0.434752 -0.0339455 -0.311544 -0.0758816 0.469095 0.497615 0.428782 -0.0320998 -0.308283 -0.0689004
0.499898 0.590679 0.668732 0.25918 0.0562313 0.107286 0.484593 0.594949 0.673017 0.258155 0.0621976 0.0999039
0.633777 0.632824 0.755034 0.101414 0.392561 0.211261 0.635408 0.63742 0.764431 0.0940839 0.399808 0.201613
0.470961 0.553682 0.563688 -0.056397 -0.120118 -0.0617631 0.469086 0.548924 0.560924 -0.0518175 -0.123895 -0.0647554
0.506942 0.572803 0.410673 0.129728 0.163664 0.141269 0.508601 0.57415 0.390749 0.135736 0.155164 0.129023
0.354845 0.358691 0.364627 0.150507 0.234859 0.0455966 0.353773 0.365553 0.363541 0.1455 0.239491 0.0454981
0.427893 0.511503 0.464415 0.240698 -0.0199436 0.0721362 0.431976 0.517587 0.46149 0.238768 -0.00891074 0.0664818
0.81394 0.715942 0.846789 0.247834 -0.113745 -0.00617088 0.814701 0.723197 0.821493 0.249268 -0.0950929 -0.00500261
0.335088 0.335763 0.358322 0.0237946 -0.083149 -0.0402773 0.331472 0.335143 0.364124 0.0338027 -0.0796434 -0.0335154
0.972106 0.947987 0.995577 0.086413 0.114644 0.675739 0.992688 0.932643 1.01163 0.0933144 0.110695 0.685945
-0.170451 -0.172972 -0.172688 -3.32952e-08 -1.22319e-08 -1.30259e-08 -0.180569 -0.178382 -0.167294 0 -0 0
0.297002 0.29752 0.294338 5.95936e-08 8.32272e-08 6.33514e-09 0.298517 0.287291 0.295527 0 0 -0
0.353369 0.354094 0.354261 -6.32783e-08 -1.03513e-07 -4.46435e-08 0.345704 0.35287 0.353143 0 0 0
0.436614 0.439845 0.437183 -8.79102e-08 -7.8683e-08 -6.44215e-08 0.433446 0.436348 0.434995 0 0 0
0.252007 0.271796 0.255156 -1.67733e-08 -1.95026e-08 4.18627e-08 0.245588 0.273361 0.242553 0 0 0
0.352538 0.359339 0.352186 -2.16952e-08 1.09719e-08 2.7617e-08 0.355295 0.339796 0.354877 0 0 -0
0.0942874 0.0878724 0.110034 7.69915e-09 -2.52256e-08 -1.39063e-08 0.0774467 0.077032 0.114711 0 -0 0
-0.224419 -0.22489 -0.225098 8.93181e-09 6.40541e-08 -6.66047e-10 -0.2178 -0.240877 -0.240644 0 0 0
-0.0310926 -0.0341307 -0.030998 -3.4859e-08 5.24321e-08 6.42518e-09 -0.0272056 -0.0380904 -0.0420233 -0 0 0
0.427227 0.422685 0.417993 -1.67795e-08 -7.58713e-09 -5.53996e-08 0.408277 0.424523 0.419767 0 0 0
0.141845 0.140795 0.14194 8.00713e-09 -2.36128e-08 6.17382e-09 0.142209 0.140022 0.134074 0 0 0
0.682777 0.679236 0.677651 -1.02919e-08 3.99776e-08 5.13142e-08 0.686432 0.681745 0.678839 0 0 0
-0.0600504 -0.0610448 -0.0544038 2.58026e-08 -1.87619e-09 -4.39387e-08 -0.0557185 -0.0569761 -0.0671373 0 0 0
0.483607 0.488843 0.487924 1.15121e-07 5.37948e-09 -9.47688e-09 0.487039 0.491546 0.476499 -0 0 0
0.275637 0.274095 0.271656 2.02045e-08 3.89495e-08 -3.31806e-08 0.268408 0.279831 0.27693 0 -0 0
0.467139 0.459225 0.457263 5.85251e-08 6.46825e-08 -1.30796e-07 0.46877 0.451829 0.456885 0 0 -0
0.61461 0.616892 0.618292 -1.84931e-08 3.12621e-08 6.98486e-08 0.611581 0.619025 0.620789 0 0 0
0.148692 0.149719 0.152823 1.95312e-08 -2.76e-08 -1.75767e-08 0.145583 0.14326 0.155804 0 0 0
0.109577 0.109369 0.109772 3.34657e-08 -1.03971e-07 1.33498e-08 0.105374 0.108781 0.109133 0 0 0
0.135335 0.135304 0.135789 -3.68433e-08 -3.42172e-08 -5.08321e-08 0.134989 0.134875 0.128525 -0 0 0
0.0741913 0.0751334 0.0710952 -2.18718e-09 1.48257e-07 6.09045e-08 0.0769395 0.0660744 0.0716078 0 0 0
0.605372 0.600655 0.60021 3.4074e-08 1.65597e-08 2.77622e-08 0.607063 0.601643 0.595968 0 0 0
0.0919465 0.102902 0.111011 -4.35753e-08 -1.04185e-08 5.73342e-08 0.0879526 0.0833863 0.115451 0 0 -0
0.67445 0.666326 0.665825 -4.97671e-08 -5.99166e-08 2.81177e-08 0.677742 0.668661 0.667298 0 0 0
-0.172939 -0.172635 -0.170904 -4.30946e-09 -2.42293e-08 -2.43864e-08 -0.171204 -0.174475 -0.178621 0 0 0
0.0577529 0.0117489 0.0334605 0.0092427 0.0135268 0.013439 0.0589898 0.00687377 0.0314435 0.0105006 0.00748173 0.012436
0.042666 0.0152751 0.0203393 0.000312678 0.00907225 -0.0150209 0.0418313 0.00548645 0.014592 0.0012484 0.00383685 -0.0121875
0.0150666 0.0162183 0.0369677 -0.0077554 0.0158525 0.00468562 0.00800546 0.0187456 0.0279598 -0.00737083 0.0124776 0.00677049
0.0240993 0.0322995 0.0321712 -0.0092351 0.0062506 0.00165753 0.02106 0.0301729 0.0247506 -0.0046167 0.00201469 0.00753012
0.0233351 0.0131706 0.0116999 0.0151603 0.0301051 -0.00266963 0.0224803 0.00759204 0.00664796 0.0163148 0.0282773 -0.00471497
0.00377879 -0.0167211 0.0237611 -0.0133005 -0.00589877 0.00835172 0.000295988 -0.0127507 0.0188854 -0.00950827 -0.0075546 0.013716
0.0447316 0.0224173 0.0360502 0.008968 0.0130524 -1.82393e-05 0.044642 0.0212311 0.0261276 0.0125274 0.00905799 -1.9321e-05
0.0148348 0.0122076 0.0357388 0.0156915 0.0132853 0.0208233 0.010757 0.00746204 0.0293294 0.0158106 0.0133363 0.022473
0.0364243 0.0039903 0.0237231 0.00499248 0.0202843 0.0171499 0.034228 0.00147444 0.0204877 0.00809497 0.019215 0.0166585
0.0167595 0.0152987 0.020269 0.0201825 0.00466824 0.00632125 0.011399 0.0102531 0.0136956 0.0218155 -0.00190062 0.00915164
0.0440815 0.0573094 0.0218778 0.00138488 0.000243108 0.00836828 0.0368725 0.0497764 0.00734068 -0.000555864 -0.00249747 0.0117462
0.0181463 0.0352683 -0.0198494 0.00237972 -0.0152406 -0.00834472 0.0137578 0.0357153 -0.0235905 0.0027562 -0.0158409 -0.00752938
0.0636257 0.066281 0.0346268 -0.00574719 -0.00487884 0.0222064 0.0546604 0.0593723 0.0179874 -0.00562738 -0.00599673 0.0284289
0.0648613 0.0221361 0.0369064 -0.0112544 -0.00403389 0.000765533 0.062073 0.0236732 0.0335825 -0.0163966 -0.0114124 0.000507747
0.0725371 0.0784312 0.0475171 0.00332452 -0.00863802 0.00869489 0.0659975 0.0762861 0.0394346 -0.00208636 -0.0099196 0.0116669
0.0362309 0.00133566 0.00400388 -0.0277777 -0.000555698 -0.0227606 0.0328336 0.00685565 -0.00126772 -0.0298 0.00183991 -0.0204346
0.0417644 0.0256667 -0.00474297 0.0153394 0.0134534 -0.00528347 0.0294669 0.0276381 -0.0177429 0.01374 0.0100376 -0.00692182
0.0130635 0.000204176 -0.0221862 -0.0186684 0.0120459 -0.00510059 0.0082737 0.00793383 -0.0243486 -0.0167428 0.0095742 -0.00548839
0.00507121 0.0425384 0.0125676 0.00933748 -0.0277845 0.00384562 -0.00159426 0.0431426 0.00590086 0.00328645 -0.0304928 0.00170179
0.00713162 0.0476434 0.0039949 0.00305425 0.00607832 0.00367256 -0.00159849 0.0512565 -0.00376784 -0.000330802 0.00354043 0.00687404
0.00195224 -0.0104157 -0.00952198 -0.0115031 0.0125951 0.0194317 -0.00809089 -0.00696787 -0.0129518 -0.00982571 0.0161883 0.0204187
-0.0175139 0.0114463 -0.00692121 -0.0381334 0.00647506 0.00738444 -0.0158464 0.00726324 0.00153506 -0.0390613 0.00422988 0.0120871
0.0210389 0.00173967 -0.0269611 -0.0355834 -0.0199276 0.00090887 0.0184413 -0.00346614 -0.0276514 -0.0388461 -0.0172206 0.00504358
-0.0034655 -0.0148264 -0.0330762 0.0178322 -0.0187555 -0.00146572 -0.0116021 -0.0136703 -0.0456799 0.0191284 -0.0155466 -0.0020971
0.00564627 -0.00519956 0.0265188 -0.0186518 0.0223461 -0.0161412 0.00717713 0.00469982 0.0227665 -0.00823105 0.0166307 -0.0197132
0.00245462 0.00700141 0.00436726 -0.0246088 0.00547961 0.0241536 0.00295694 0.00427938 0.00923293 -0.0272297 0.00158747 0.029684
0.00336909 -0.000532662 0.0352905 -0.0133262 -0.0122316 -0.0084092 -0.00808111 0.00187596 0.0339569 -0.0123669 -0.0148798 -0.00559438
-0.0318085 -0.0054675 -0.0407572 0.0145548 -0.00182253 0.0358765 -0.0339301 -0.0102894 -0.0416294 0.0205274 -0.00283731 0.0313291
0.00226854 -0.0143826 -0.0113093 0.00564828 0.00669195 0.00149801 -0.00448071 -0.0113041 -0.00480401 0.00335049 0.00305006 0.00145935
0.028726 -0.000281875 -0.0136739 0.00242709 0.00857921 0.0202363 0.0359829 -4.78395e-06 -0.00260512 0.00297469 0.0056904 0.017887
0.0119659 -0.0224196 -0.00142221 -0.0215988 -0.00532115 -0.0435734 0.0112759 -0.0167811 0.0109463 -0.0222157 -0.00790349 -0.0462465
-0.0239354 -0.0660426 -0.0127509 0.0181382 -0.00123532 -0.0135373 -0.0155415 -0.0659603 -0.0100511 0.0137789 -0.00573306 -0.0170389
-0.0422513 -0.0409715 -0.0494074 -0.0223339 0.00127841 -0.00722121 -0.0449921 -0.03348 -0.0437763 -0.0229574 0.0059187 -0.00718593
-0.00915407 0.0215423 -0.0702945 0.00604609 -0.00603002 0.00632902 -0.00939586 0.0276563 -0.0779335 0.00480454 -0.00370525 0.00931762
-0.00538799 -0.0580925 -0.0214477 0.00695264 0.0102757 -0.00840144 0.00781809 -0.0580479 -0.0163735 0.00320346 0.00812574 -0.00400725
-0.00358452 -0.0550961 0.0136705 0.00444259 0.0301791 -0.0239653 -0.000916636 -0.0398777 0.0128827 -1.7284e-05 0.030324 -0.0222268
0.0101338 -0.036148 -0.0486784 0.0388978 -0.00763674 0.0140706 0.00353105 -0.0339527 -0.0395275 0.0465723 -0.00855383 0.0132847
-0.0340349 -0.0417589 0.000919643 -0.00546149 0.0172673 -0.0286632 -0.0256402 -0.0337501 0.0115559 0.00111812 0.00983293 -0.0235534
-0.043507 -0.0421463 -0.00837533 -0.0192592 0.00051293 -0.00416084 -0.0444696 -0.0331845 -0.00512031 -0.0181285 0.00939793 0.00227509
0.00416976 -0.0157978 -0.0213233 0.0282832 0.0223629 0.00134384 0.0122911 -0.0145377 -0.0175768 0.0231096 0.0282186 -0.00681895
-0.064619 -0.060703 -0.0570072 -0.00341678 0.0126104 0.0164368 -0.0615946 -0.0581871 -0.0521398 -0.00697312 0.013734 0.0162102
-0.0205336 -0.0311197 -0.0437665 -0.0428721 0.0275942 0.00230246 -0.0139724 -0.0224233 -0.033275 -0.0386177 0.0255622 0.00775867
-0.0790799 -0.0833915 -0.0680998 -0.0265762 -0.00585323 -0.026937 -0.0711567 -0.0847544 -0.0706285 -0.0292126 -0.00696725 -0.030828
-0.0520013 -0.0951374 -0.0758762 -0.00247552 0.00741739 -0.00285173 -0.0462549 -0.082917 -0.0692941 0.00321515 0.00461793 -0.00892309
-0.0641436 -0.0142992 -0.0523782 -0.000952481 -0.0157468 0.016701 -0.059473 -0.00917052 -0.0466552 -0.00155401 -0.0197984 0.0193471
-0.0495045 -0.0536268 -0.062365 0.00661758 0.0251532 0.00849716 -0.0425927 -0.0546525 -0.0596395 0.0129505 0.0299786 0.00191287
-0.0103453 -0.06119 -0.0371115 -0.0103583 0.00197534 -0.00674594 -0.0091316 -0.0582795 -0.0371293 -0.00684244 -0.00184333 -0.00708839
-0.098239 -0.129264 -0.0571458 -0.0197989 -0.00585817 -0.0165035 -0.0976726 -0.130068 -0.0476364 -0.0219824 -0.00536225 -0.0163311
-0.0662019 -0.0208586 -0.097783 0.00788323 -0.00768993 0.016667 -0.053798 -0.0103526 -0.0966905 0.00627216 -0.00859679 0.0173787
-0.0344348 -0.0252097 -0.00213511 0.0103937 -0.0310594 0.00222748 -0.0365791 -0.0193383 -0.00234843 0.00811361 -0.0259255 0.00215509
0.0306513 -0.0427098 -0.0330086 0.034929 0.0146524 0.03398 0.0315991 -0.0407389 -0.0239172 0.0372939 0.0170623 0.0399379
-0.101377 -0.104626 -0.0855604 0.0182028 0.0158594 0.0273935 -0.0982314 -0.104362 -0.0844532 0.0167847 0.0194419 0.0320552
-0.0864283 -0.105835 -0.121099 0.0146496 -0.000223591 -0.0240228 -0.0764505 -0.103682 -0.119289 0.0125451 0.00913142 -0.0215874
-0.131475 -0.158107 -0.125458 0.0165473 0.0347972 -0.00959437 -0.121005 -0.155259 -0.128729 0.012803 0.0373716 -0.00949386
-0.0704432 -0.0297127 -0.0939339 -0.0709121 -0.0180653 -0.0168952 -0.0627573 -0.0427374 -0.0955433 -0.0726768 -0.0103589 -0.0103661
-0.0655712 -0.0340842 -0.0430451 0.0172798 0.0112215 -0.0233534 -0.051714 -0.0270242 -0.0422779 0.0120276 0.00906463 -0.0204198
-0.0513989 -0.0946279 -0.0542453 -0.00806371 -0.0117984 -0.00172924 -0.0464483 -0.0883288 -0.0451871 -0.008705 -0.0119071 -0.00804213
-0.0865421 -0.147032 -0.130499 -0.037601 -0.0293552 0.0141762 -0.0862865 -0.135133 -0.134606 -0.0396731 -0.0277632 0.0193626
-0.103747 -0.113442 -0.11041 0.0611137 0.00384182 0.0118994 -0.097168 -0.107299 -0.101869 0.0628973 0.00551676 0.0116084
-0.10597 -0.109776 -0.0806691 -0.00927527 0.0184624 0.0174323 -0.0976177 -0.0985034 -0.0849998 -0.00319481 0.0253124 0.0225834
-0.145566 -0.116661 -0.127288 -0.00262124 -0.0133746 0.036958 -0.149075 -0.12241 -0.128136 0.000764105 -0.00835651 0.0383102
-0.134621 -0.144548 -0.161332 -0.00503345 -0.00522074 -0.0219546 -0.137398 -0.148749 -0.161613 -0.0103903 -0.0034084 -0.0173139
-0.0589444 -0.0776192 -0.0959586 0.00382231 -0.00948997 -0.0478104 -0.0627407 -0.0824413 -0.0998809 0.00216605 -0.0106328 -0.0595544
-0.0615481 -0.0961207 -0.113948 -0.000259602 -0.024265 0.0116604 -0.0522292 -0.0978895 -0.116938 -0.00169315 -0.0317363 0.0117735
-0.105131 -0.0484543 -0.051242 0.05747 -0.0438406 0.0221864 -0.113055 -0.0478672 -0.055598 0.0555473 -0.0499502 0.0256529
-0.126363 -0.16113 -0.128708 -0.0289962 0.0114763 -0.00963976 -0.130505 -0.163601 -0.121842 -0.021273 0.0147398 -0.0105468
-0.172367 -0.178255 -0.182754 0.0083029 0.0243952 -0.000338253 -0.186758 -0.176423 -0.184392 0.00472222 0.0216104 -0.00609488
-0.158623 -0.137286 -0.157659 -0.0245877 0.0125352 -6.37779e-05 -0.159005 -0.133997 -0.154103 -0.0274713 0.0212327 0.00269574
-0.125802 -0.0690004 -0.148767 -0.0289735 0.0179858 -0.00869196 -0.122617 -0.0695567 -0.142957 -0.0306701 0.0210315 -0.0112802
-0.0517698 -0.120518 -0.130557 -0.0271004 0.0318738 0.0215877 -0.0549875 -0.119837 -0.125124 -0.0251728 0.033267 0.0204937
-0.10548 -0.118999 -0.10996 -0.0275824 0.00378811 0.0339867 -0.106177 -0.120741 -0.105228 -0.0325649 0.00486306 0.0400757
-0.101909 -0.110671 -0.121536 -0.00491702 0.0493732 -0.0133865 -0.0957208 -0.116043 -0.117 -0.00730077 0.0514701 -0.0148898
-0.0840239 -0.131404 -0.12787 -0.00868271 0.0124385 0.0335258 -0.0755487 -0.122246 -0.127714 -0.00967707 0.019948 0.0304683
-0.106912 -0.106402 -0.136843 0.00489462 0.00884955 -0.0291876 -0.0939652 -0.096089 -0.115513 0.00396235 0.0106531 -0.033116
-0.115493 -0.0897053 -0.0962645 -0.000385733 0.0116529 0.00677356 -0.118866 -0.0817173 -0.0926 -0.000605926 0.0059875 0.00191275
-0.112889 -0.100675 -0.112252 0.00615464 -0.0219952 0.0117656 -0.109459 -0.0987809 -0.109453 0.00627491 -0.0248546 0.0127736
-0.125856 -0.112739 -0.126754 -0.0277995 -0.0055861 0.00794156 -0.138115 -0.113039 -0.128209 -0.0283837 -0.00631293 0.0115581
-0.100438 -0.16 -0.082737 0.0527315 -0.00110169 0.0013131 -0.0998301 -0.165629 -0.0828882 0.0565148 0.0107544 0.00488546
-0.0752209 -0.182192 -0.119101 0.0141482 0.0294752 0.0281657 -0.0879805 -0.184763 -0.122978 0.024135 0.0281468 0.028348
-0.0700235 -0.0792303 -0.0874705 0.011672 -0.0197033 -0.0165205 -0.0608561 -0.0693584 -0.103801 0.0190128 -0.0208477 -0.0171945
-0.0570232 -0.073859 -0.0643557 -0.00558399 -0.0230439 0.0102559 -0.0526782 -0.0652453 -0.0836053 -0.00318254 -0.0221306 0.00580778
-0.0814252 -0.0279414 -0.0822024 0.0295296 0.00704045 -2.16235e-05 -0.0734231 -0.0155524 -0.0943847 0.0313115 0.0068789 -0.00369346
-0.0679487 -0.0635089 -0.0448279 -0.0108541 0.0318465 0.0118173 -0.0540392 -0.050038 -0.0543705 -0.00938639 0.035995 0.0131634
-0.0441474 -0.0301542 -0.0699662 -0.00486192 -0.0148645 -0.01126 -0.031921 -0.0141516 -0.0787643 -0.00871024 -0.0163446 -0.0144784
-0.0586905 -0.0605559 -0.0407595 -0.018103 -0.0203848 0.0189432 -0.0469187 -0.0495752 -0.0571619 -0.0261446 -0.0184393 0.0221124
-0.0401241 -0.0388064 -0.0462066 0.0085233 -0.00331658 0.0280372 -0.0288217 -0.0323493 -0.0570982 0.00899315 -0.00916729 0.0289138
-0.0864703 -0.0888532 -0.0764685 -0.00856894 -0.0217174 -0.0143411 -0.0829756 -0.0843331 -0.0987348 -0.00964671 -0.0160315 -0.0159609
-0.0398894 -0.0887726 -0.0710855 -0.0212301 -0.0356356 -0.00126778 -0.0313403 -0.0831655 -0.0866696 -0.0218483 -0.0346473 -0.00384761
-0.0586042 -0.0794202 -0.0692945 -0.00243163 0.00325726 -0.00423634 -0.0581441 -0.0750213 -0.0879067 0.00296839 0.00205503 -0.00806948
-0.0650734 -0.0399772 -0.0213594 -0.00169415 0.00189555 -0.0127088 -0.0505039 -0.038622 -0.0365201 0.000119765 0.000661258 -0.0121731
-0.0663146 -0.0879079 -0.0509152 0.00727342 -0.00632257 0.00126707 -0.0534149 -0.0837075 -0.0604759 0.00337012 -0.00628669 0.00324294
-0.0532842 -0.0476033 -0.0572428 0.00689092 0.0205229 0.00296339 -0.0437793 -0.0412955 -0.0717154 0.0122682 0.0212648 0.0047072
-0.0365132 -0.044307 -0.0609176 -0.0143511 -0.0165587 0.00487089 -0.0270905 -0.0332534 -0.0852488 -0.0131154 -0.0187126 0.00696146
-0.0724253 -0.0882963 -0.0562288 -0.00137712 -0.0127385 -0.0227489 -0.0646972 -0.0816633 -0.0715811 0.00198059 -0.0102634 -0.0252649
-0.104711 -0.0488512 -0.0605309 -0.00126416 0.0373799 -0.0080733 -0.0975364 -0.039704 -0.0755421 0.000252215 0.0392077 -0.00682149
-0.0704597 -0.0629354 -0.0836509 -0.00525657 0.0028774 -0.0230699 -0.0612711 -0.0519991 -0.095697 -0.00440956 0.000431493 -0.0219118
-0.0321913 -0.0141481 -0.0427706 0.0116832 0.00315282 0.00284713 -0.0172193 -0.00230503 -0.0510868 0.00884898 0.00445274 0.000348792
-0.0716808 -0.0268511 -0.039994 0.00971523 -0.0118674 -0.00149673 -0.0651707 -0.018211 -0.0572321 0.0102285 -0.0138297 -0.0013894
-0.0667986 -0.0590183 -0.0727785 0.021607 -0.00644867 0.0143901 -0.0528861 -0.053936 -0.0905693 0.0204531 -0.00257836 0.00979148
0.532702 0.468174 0.481744 0.0170113 0.0467385 -0.0500329 0.538544 0.465549 0.480832 0.00834161 0.045554 -0.0515612
-0.0501241 -0.00562195 -0.0157761 -0.00515008 0.0401269 0.0124758 -0.0421881 -0.000358085 -0.0292978 -0.00830434 0.038829 0.00906364
-0.114279 -0.0984875 -0.09172 0.00286874 0.00719193 0.00654068 -0.102653 -0.0930504 -0.114611 0.00216929 0.00581707 0.00804939
-0.0711394 -0.106152 -0.0774339 -0.0188688 0.00871993 -0.00958564 -0.060483 -0.097054 -0.0915854 -0.013576 0.00794771 -0.00750159
-0.0607707 -0.0216786 -0.0591702 0.0178829 -0.00147966 0.029206 -0.0560363 -0.00954831 -0.0738864 0.00805475 0.00170108 0.0248694
-0.0508989 -0.0568186 -0.0958301 0.0110941 0.0194823 -0.00883487 -0.0404444 -0.0469416 -0.118592 0.0168758 0.0151697 -0.00758081
-0.0566057 -0.0452401 -0.0855415 0.00844316 -0.00302212 0.0149864 -0.0487791 -0.0340497 -0.0994129 0.00670117 -0.00224495 0.0191443
-0.0553293 -0.0463153 -0.0415198 -0.00861912 -0.0184295 -0.00629024 -0.0454491 -0.0337124 -0.0601011 -0.00937471 -0.0211818 -0.00435332
-0.0619163 -0.0797806 -0.0557361 0.0105249 -0.00284553 0.00249379 -0.0560879 -0.0715934 -0.0717978 0.00613224 -0.00254892 0.00138593
-0.0926434 -0.0818585 -0.0993444 -0.0114828 -0.00488002 -0.0127589 -0.0873404 -0.0758509 -0.120255 -0.010506 -0.0106237 -0.0148833
-0.0700492 -0.0466634 -0.0991121 0.0109524 0.00553425 0.0108234 -0.0568148 -0.0413345 -0.116476 0.00838808 0.00604769 0.0115322
-0.00569095 -0.0362239 -0.039231 0.00166806 8.31834e-05 -0.0226343 0.00631254 -0.0337049 -0.0508038 0.00416537 -0.00604178 -0.0215748
-0.0275236 0.0102876 -0.0192835 0.0051253 0.0123728 -0.00515945 -0.0107051 0.0181559 -0.0289141 0.00876556 0.0168128 -0.00341144
-0.109519 -0.0689471 -0.0932357 0.0261677 0.0182986 0.0143313 -0.101682 -0.0591521 -0.108892 0.0243551 0.0215297 0.0151112
-0.0278188 -0.0440958 -0.0402345 -0.000586669 -0.0113888 -0.0158094 -0.0201516 -0.0343122 -0.0519214 0.00369863 -0.0125373 -0.0143257
-0.0653623 -0.0373262 -0.0492762 -0.0216842 0.00378923 -0.00329157 -0.0513636 -0.0279149 -0.0629859 -0.017045 0.0117761 -0.00136241
-0.031257 -0.033274 -0.0237062 -0.00615075 0.011528 0.0215989 -0.0284642 -0.0272115 -0.0446773 -0.0039519 0.00945614 0.0236763
-0.0707128 -0.0373831 -0.0737756 0.033023 0.0271124 0.00652593 -0.0602203 -0.0244213 -0.089891 0.0340765 0.0278204 0.0102239
-0.0470728 -0.0346092 -0.0335927 -0.0212998 -0.0153724 0.0135883 -0.041164 -0.0200584 -0.0472636 -0.0145112 -0.0171221 0.015691
-0.0683139 -0.0546164 -0.0710234 0.00831807 0.00139701 0.0260162 -0.0682399 -0.0452909 -0.09998 0.00576166 0.00184785 0.0227197
-0.0781363 -0.0584058 -0.124553 0.025451 -0.00740458 0.00532586 -0.0597771 -0.040957 -0.143437 0.02789 -0.00116075 0.00204097
-0.0326586 -0.0806395 -0.0712367 0.00855742 0.00380594 -0.00687751 -0.0209619 -0.069412 -0.0901096 0.00461743 0.0012648 -0.0152171
-0.069203 -0.0628929 -0.0552174 0.000765379 -0.0165446 -0.017637 -0.0490534 -0.0559447 -0.0707865 -0.00462775 -0.0170466 -0.0173017
-0.0648019 -0.0576537 -0.0423317 0.0259699 0.00658477 0.0197623 -0.0524903 -0.041905 -0.0574157 0.0317591 0.0031525 0.0206733
-0.0804375 -0.0488079 -0.0484999 -0.000155569 0.00255602 -0.0172119 -0.0807424 -0.0329994 -0.0652715 0.00112275 0.00821376 -0.0222025
-0.0751349 -0.062316 -0.0938915 -0.0120259 -0.00597521 0.00494071 -0.065373 -0.0551033 -0.1069 -0.00579869 -0.00822339 0.00535138
-0.0455118 -0.0891856 -0.0582871 0.0262511 -0.0195305 -0.0308786 -0.0403405 -0.0813622 -0.0743775 0.0287026 -0.0169757 -0.0284449
-0.0479965 -0.0473951 -0.0489942 0.0148714 -0.0230473 -0.00700324 -0.0436398 -0.0323414 -0.0701379 0.00802844 -0.0212718 -0.00813322
-0.0738334 -0.0294365 -0.0253448 -0.0283601 -0.00234751 -0.00907078 -0.0647343 -0.0205128 -0.0409281 -0.0286847 0.00154117 -0.00672151
-0.0309447 -0.0415685 -0.0507898 -0.0212783 -0.00818064 -0.00886953 -0.0275405 -0.0277634 -0.0656209 -0.0247908 -0.00456527 -0.0149783
-0.0433766 -0.0379627 -0.0358683 0.0182484 0.0119437 -0.0161166 -0.040526 -0.0233759 -0.0491482 0.0155605 0.00497493 -0.0129699
-0.0665649 -0.0946815 -0.0927872 -0.022058 0.0281341 0.0146108 -0.0550286 -0.082939 -0.113679 -0.0204715 0.0306263 0.0141839
-0.0868255 -0.0923491 -0.111535 -0.0263624 -0.0112635 0.0101171 -0.0776213 -0.0865907 -0.13486 -0.0298343 -0.0104955 0.0110675
-0.0752014 -0.0506311 -0.063266 -0.00796553 -0.00774815 -0.00404144 -0.0618743 -0.0414571 -0.0779963 -0.0102493 -0.00778992 -0.0052053
-0.0361977 -0.0482462 -0.0560391 0.0193379 0.00797858 -0.00636202 -0.0319796 -0.0431659 -0.0745164 0.0213753 0.002295 -0.00739272
-0.0157168 -0.0133128 -0.0681117 -0.00467967 0.000750355 0.0109848 -0.00850584 0.00108265 -0.0788278 -0.0112988 -0.00392106 0.00668773
-0.0346403 -0.0742198 -0.0390459 -0.0115056 -0.00582083 0.0266784 -0.0222358 -0.066099 -0.0578521 -0.00457136 -0.00907132 0.0331563
-0.0731813 -0.0293554 -0.0612276 -0.005049 0.0357375 0.00929025 -0.071269 -0.0135832 -0.0809865 -0.00453146 0.0365233 0.00738468
-0.0510404 -0.12327 -0.144534 0.0203342 0.0202805 -0.0148522 -0.0359059 -0.111687 -0.16 0.0199741 0.0176394 -0.00751141
-0.0917902 -0.10207 -0.0774909 -0.000958397 0.00376266 -0.0345373 -0.0745909 -0.0944512 -0.10351 -0.00133227 0.00661668 -0.031088
-0.0267088 -0.0423323 -0.0785353 0.0140779 0.00646181 0.0482009 -0.01075 -0.0351798 -0.0978618 0.0118904 0.00474176 0.048682
-0.143186 0.0516611 0.0807698 0.110251 -0.197053 0.223479 -0.190231 0.0405067 0.0807725 0.141187 -0.194027 0.270728
0.10365 -0.0952117 -0.0874511 -0.0851095 -0.105439 0.14955 0.130903 -0.0801967 -0.072655 -0.0634417 -0.102388 0.163737
0.138652 -0.0249 0.113171 0.134541 -0.0892142 -0.160834 0.123735 -0.0271575 0.114594 0.139045 -0.103739 -0.177282
-0.0574112 -0.206582 0.0185498 -0.0155432 -0.142422 0.0256274 -0.0391892 -0.225707 0.043955 -0.0156642 -0.141519 0.02626
-0.3076 -0.331572 -0.281587 -0.224024 -0.0597446 0.0138102 -0.304696 -0.324088 -0.263993 -0.246634 -0.0432825 0.0282192
0.381228 0.0395822 -0.0406937 0.049171 -0.136991 0.106793 0.377417 0.0538625 -0.0211042 0.06644 -0.141422 0.119643
-0.0512324 -0.0508201 0.27805 -0.0031361 -0.0354143 0.0520909 -0.057705 -0.0703108 0.28123 0.00119 -0.0471458 0.0501308
0.0100514 -0.196842 -0.253557 -0.079512 -0.00669688 0.113421 0.00940417 -0.198304 -0.249792 -0.0979092 0.00158667 0.0717542
-0.0644611 -0.10742 0.00299858 0.0356063 -0.117893 -0.0313585 -0.0767667 -0.125172 0.0199867 0.03998 -0.128325 -0.03142
-0.316177 -0.230201 0.119343 0.0596521 0.0684834 0.090231 -0.290713 -0.229652 0.0925967 0.04998 0.0728058 0.0750092
-0.188606 -0.139588 -0.231402 0.179408 0.0644161 -0.0139511 -0.181956 -0.109219 -0.246768 0.153504 0.0723025 -0.00392583
-0.10157 -0.0787275 0.0758986 0.0726611 0.159479 0.0952422 -0.111267 -0.0965508 0.0326075 0.0859683 0.182414 0.087635
-0.175601 -0.204572 0.0503958 0.0343301 -0.14518 0.026035 -0.167185 -0.206052 0.0924825 0.0281242 -0.15618 0.0259133
0.114423 0.0741139 0.0497649 0.18366 -0.0626661 0.0263868 0.0985575 0.0673367 0.0201858 0.178459 -0.0600225 0.0314408
-0.00255333 0.029847 0.0799499 0.0111014 -0.0669816 0.0429054 -0.00866083 0.0197142 0.100316 0.0147558 -0.0799867 0.0484417
0.142259 -0.052172 -0.0833318 0.204869 0.130983 -0.136194 0.129367 0.00516083 -0.0623117 0.159318 0.0998175 -0.124245
-0.0612637 -0.187311 0.0596023 -0.0260838 -0.136947 -0.0127006 -0.0514175 -0.211353 0.0857158 -0.0239342 -0.139702 -0.0129408
0.00501609 0.204069 -0.00330378 0.183194 -0.215914 -0.160445 -0.0336158 0.180908 -0.00805083 0.199996 -0.206926 -0.168733
-0.0521655 -0.0717662 -0.274936 -0.0224608 0.0700157 -0.0489762 -0.0675717 -0.0641067 -0.282616 -0.0510333 0.0625917 -0.0613258
-0.286753 -0.181555 -0.0850984 -0.0291425 0.0243241 0.15505 -0.288114 -0.191966 -0.113322 -0.0577325 -0.0214525 0.157566
-0.428619 -0.039656 -0.258261 0.0704884 0.179215 0.158255 -0.471017 -0.11073 -0.211071 0.087625 0.185494 0.170205
-0.156029 -0.159217 -0.0707378 -0.017696 0.154887 0.0978369 -0.156068 -0.156251 -0.0830075 -0.02291 0.165267 0.08479
0.0828499 -0.279275 -0.277236 0.0850155 -0.179613 -0.050819 0.0651492 -0.285259 -0.281377 0.0745208 -0.138623 -0.0558975
-0.110096 0.0602867 -0.0981243 -0.0747154 -0.169287 -0.0965925 -0.0982592 0.0674 -0.0877 -0.06181 -0.156923 -0.0903
-0.31252 -0.278044 -0.303275 0.166048 0.0823274 0.0595597 -0.298533 -0.292191 -0.299733 0.184801 0.0741725 0.0713808
-0.25977 -0.544541 -0.396214 0.0216989 0.0233475 -0.0570962 -0.296935 -0.565633 -0.365109 0.0273708 0.0340508 -0.0474317
-0.0431664 -0.134128 -0.115376 -0.00838213 0.0872186 0.0847949 -0.0767842 -0.160657 -0.131774 0.00639 0.0857883 0.0888525
-0.0021301 -0.124453 -0.037066 -0.15148 0.0552737 0.00773457 0.0223517 -0.143495 -0.0171833 -0.135696 0.05947 -0.0337542
-0.173424 -0.151223 -0.180544 -0.147694 -0.0279313 0.0590779 -0.131485 -0.114917 -0.169818 -0.178854 -0.0303333 0.0624633
-0.469917 -0.333604 -0.321312 0.0888759 -0.119071 -0.0314227 -0.480848 -0.341256 -0.353505 0.0771125 -0.117395 -0.0274042
-0.0726906 -0.128096 0.0748623 -0.00480339 -0.117261 0.01021 -0.0726217 -0.145476 0.0972367 0.0045625 -0.129937 0.00801917
-0.0648045 -0.084467 0.0769336 -0.00689586 -0.088884 -0.00296041 -0.0647708 -0.102466 0.09544 -0.00921583 -0.10341 -0.00227917
-0.0236107 -0.0978921 0.0674192 -0.0252402 -0.108239 0.0230306 -0.0207433 -0.115321 0.0869942 -0.019245 -0.114593 0.02476
-0.0801335 -0.127371 0.0637922 0.000994824 -0.101738 0.00311005 -0.0752208 -0.143038 0.0848267 0.00131167 -0.11353 0.00353167
-0.0664987 -0.088991 0.0610088 0.00781439 -0.105712 -0.00233309 -0.0680967 -0.105958 0.0796483 -0.0015575 -0.119738 -0.000808333
-0.0718903 -0.111178 0.0631907 0.0227267 -0.106945 0.0184703 -0.073025 -0.128988 0.0883883 0.0243417 -0.117218 0.0144683
-0.0559552 -0.127348 0.0412841 0.00980021 -0.10287 0.0013738 -0.0558025 -0.149269 0.0642467 0.0104517 -0.113157 -0.0007475
-0.0844567 -0.0865589 0.0167179 0.0343611 -0.0792477 -0.0225426 -0.0821308 -0.1039 0.0362892 0.0288075 -0.0938017 -0.02584
-0.0505298 -0.119077 0.05428 -0.0074203 -0.107916 0.0113835 -0.0567758 -0.140207 0.0741225 -0.00454167 -0.119261 0.0106392
-0.0832595 -0.0931605 0.0433303 0.0295704 -0.0969321 -0.0016598 -0.0832125 -0.110202 0.0654258 0.0263467 -0.104412 -0.0026925
-0.0638162 -0.102674 0.0726436 0.0128797 -0.0951224 -0.00924155 -0.06881 -0.126423 0.0844858 0.0100192 -0.104032 -0.0086775
-0.0817869 -0.1169 0.0624049 0.00424845 -0.103789 -0.0132245 -0.0770875 -0.130505 0.0858783 0.00191833 -0.11355 -0.0122933
-0.0795151 -0.0684913 0.0250872 0.00295602 -0.0872517 -0.0169543 -0.0811833 -0.0924683 0.0424742 0.0030425 -0.101098 -0.0183892
-0.0750828 -0.132943 0.0216126 -0.00681394 -0.100924 -0.000190352 -0.0717592 -0.150486 0.04233 -0.0055375 -0.110354 -9.16667e-06
-0.0355361 -0.105343 0.0624162 -0.00179819 -0.105843 -0.00487697 -0.0379275 -0.127507 0.0804992 0.0039725 -0.115986 -0.00175917
-0.0545837 -0.101781 0.0448664 0.00596254 -0.101239 -0.000407644 -0.0553925 -0.116795 0.0668 0.00455667 -0.108775 0.000949167
-0.0709071 -0.11461 0.0966654 -0.000889041 -0.126308 0.00536979 -0.0679242 -0.127829 0.120827 -0.0017525 -0.137328 0.00578833
-0.0825476 -0.105938 0.0435856 -0.0119433 -0.0917782 0.00165004 -0.0836458 -0.120198 0.0654625 -0.0076925 -0.09909 -0.000410833
-0.0373513 -0.0892154 0.12307 0.0128588 -0.0908036 0.00993747 -0.0380117 -0.104591 0.141087 0.0119708 -0.103125 0.0102667
-0.0822799 -0.118111 0.0485449 0.0161502 -0.103049 -0.0172914 -0.073225 -0.13445 0.0707008 0.0150875 -0.112177 -0.0143917
0.00642614 -0.00302558 0.00579943 0.0252406 0.02113 -0.00495852 0.0107726 -0.00425454 0.00190142 0.026386 0.0203322 -0.00264667
0.0021713 -0.0166916 0.0146466 -0.0015962 -0.00649322 0.0069433 -0.000570525 -0.0107267 0.00861299 0.00140207 -0.0126484 0.00599136
0.040841 0.000322765 0.0302596 0.00282177 0.00893882 0.00306042 0.0393924 -0.00692614 0.0202886 0.00614352 0.00369287 0.00549836
0.0294262 0.0170795 0.0434937 0.00923207 0.00330227 0.00362282 0.0320556 0.0119918 0.0407844 0.0122108 -0.0010633 0.000976975
0.0109652 -0.00153895 0.0177916 0.00691607 0.00581868 0.00929204 0.00874756 -0.00338991 0.0106578 0.00585315 0.00161944 0.0112645
0.0206155 -0.00594567 0.00738641 0.0130792 0.017116 0.00215637 0.0207121 -0.0117441 0.000653858 0.0154934 0.0151395 0.00305972
0.0423054 -0.00467606 0.0303455 0.00818581 -0.00491758 -0.0042768 0.0381278 -0.00313457 0.0284231 0.011294 -0.00844019 -0.000760401
0.0155395 0.023887 0.0246452 -0.00647558 0.0113874 0.00803684 0.0120873 0.016513 0.0147503 -0.00372988 0.00265559 0.0100703
0.0049519 0.0107075 0.00632481 0.00841673 0.0240803 -0.000376904 0.00307762 0.0072213 -0.00390062 0.0113818 0.0204173 -0.00141753
0.0421499 -0.0188494 0.0371802 -0.00782998 0.0100817 -0.00411355 0.0427277 -0.0105621 0.034741 -0.00886056 0.00410043 -0.00719232
-0.00424372 0.0201926 -0.0117396 0.0135342 0.0151355 -0.0194032 -0.011395 0.0188479 -0.0204082 0.00792673 0.0144756 -0.0226599
-0.00953 0.0101682 0.0209022 0.0108437 0.00203238 -0.0286256 -0.0164338 0.0132562 0.0108875 0.00543725 -0.000854136 -0.0239883
0.0238142 0.00905663 0.011705 -0.0230352 -0.000598442 -0.002995 0.0220528 0.00955806 -0.000411543 -0.0213675 -0.00266664 -0.00295664
0.00758954 0.0237449 0.00432349 -0.000240786 -0.0132098 -0.0108343 -0.00414744 0.021355 -0.0120565 -0.00104713 -0.0118784 -0.0102948
-0.00328575 0.0388729 -0.0265329 -0.00186252 4.89794e-05 -0.0107672 -0.00756377 0.0395621 -0.0405539 -0.00835275 0.000970185 -0.0115412
0.0176339 0.0137897 0.0385695 0.00868062 -0.00297444 -0.015419 0.0057184 0.0130261 0.0292007 0.00954318 -0.00318 -0.0181876
0.0025032 0.00311494 0.00336695 -0.0205121 0.000510779 -0.0127043 -0.005675 -0.00229068 -0.0106532 -0.0226133 -0.00587673 -0.00911225
0.0205438 0.0437832 0.028022 -0.0174691 -0.00768343 -0.00358132 0.014166 0.0520086 0.0227233 -0.017375 -0.00418392 -0.00488151
0.00325381 0.0150723 0.0326305 -0.0129432 0.00525941 0.000352404 -0.00106321 0.0117152 0.0264184 -0.0134947 0.0056787 0.00397685
0.0298162 0.0148299 -0.0253003 0.00544721 0.00952911 0.00616877 0.022432 0.0109223 -0.035948 0.000492747 0.00933867 0.00997864
0.0398679 0.0308909 0.0394608 -0.0236228 -0.0125917 -0.0366076 0.0337683 0.0283143 0.0453423 -0.023185 -0.0135189 -0.038331
-0.00759712 0.0158055 -0.037977 0.033647 -0.0345116 -0.0197791 -0.00273302 0.0194469 -0.0384284 0.0372158 -0.0356069 -0.0219145
0.0186605 -0.0152621 0.0279897 -0.0166953 0.00166226 0.00347781 0.011491 -0.0151122 0.0289255 -0.0127337 -0.000537593 0.00675219
0.0033122 -0.0377668 -0.0194359 0.00532417 -0.0133983 0.0245884 -0.00195059 -0.0379755 -0.0149044 0.0124927 -0.00507213 0.0278448
-0.0210557 -0.006996 -0.000299857 -0.00924118 0.0177031 -0.00885307 -0.0145046 -0.00982818 0.00745735 -0.00802951 0.0219455 -0.00325494
-0.0190287 -0.0253937 0.0070491 0.00787425 0.00123804 -0.000290229 -0.0275408 -0.0203847 0.0067684 0.00865349 0.00217636 0.00217988
-0.00031945 -0.012065 -0.00562123 -0.0101778 -0.0065028 -0.014773 -0.0032467 -0.00676201 0.00294728 -0.0108751 -0.0125534 -0.0200132
-0.0190348 0.0292475 0.0241632 -0.0205009 -0.00924228 0.0019634 -0.0214477 0.0299349 0.0330981 -0.0159515 -0.00398704 0.000751667
0.0146509 -0.00215353 -0.00163318 -0.031735 0.0159222 0.00190244 0.00732404 -0.00187917 -0.0107681 -0.0358214 0.0144447 0.00290417
-0.00658532 -0.00973052 -0.0242524 -0.0213424 -0.00134153 0.00758591 0.00415062 -0.0114128 -0.0219444 -0.020538 -0.0021358 0.0101383
-0.00135146 0.00331321 0.00834342 0.00982352 -0.00387578 0.0100257 0.00970688 0.00652157 0.0208227 0.00822133 -0.00426772 0.0148597
-0.0836742 -0.0324793 -0.0836058 0.0213342 0.0162403 0.0260469 -0.0875423 -0.0232634 -0.0748507 0.0205991 0.0177617 0.0264688
-0.0306772 -0.067849 -0.0665921 -0.0111198 -0.0184586 0.0156265 -0.0260311 -0.0604238 -0.0604555 -0.00897966 -0.0150101 0.0164221
-0.0285826 0.0205121 -0.0192518 -0.0127381 -0.00784814 -0.00993805 -0.023993 0.0271584 -0.0131498 -0.0147552 -0.0116643 -0.0100645
-0.0520135 -0.0733623 -0.0629544 0.0416845 0.00102143 -0.00235978 -0.0495054 -0.0715742 -0.0607449 0.0409456 0.00712562 -0.00203747
-0.0205081 -0.00671689 0.0195868 -0.0303571 -0.00961762 -0.00486462 -0.0202329 -0.0100569 0.0144602 -0.0298442 -0.0117426 -0.00916994
-0.0274217 -0.0556854 -0.0487348 -0.00327536 0.00069657 0.00126261 -0.0359428 -0.0472187 -0.0471885 -0.00379583 0.00325435 -0.00267096
-0.0433093 -0.0226597 -0.00934121 -0.0190408 0.0244203 -0.0219701 -0.0373527 -0.0267793 -0.00237568 -0.0179573 0.0361619 -0.0209647
-0.0208621 -0.0112875 -0.00973365 -0.00334574 0.0102077 -0.0325964 -0.0196461 -0.012811 -0.00592469 0.00169713 0.00693667 -0.031278
-0.0333715 -0.0022805 -0.0601366 0.033316 0.0029818 -0.0220757 -0.0248515 -0.00370639 -0.0553901 0.0350733 0.00112611 -0.0264313
-0.0295404 -0.0637615 -0.0844851 -0.00680853 0.00886584 0.0138568 -0.0239388 -0.0600663 -0.0777679 -0.00683883 0.0108615 0.00814907
-0.069858 -0.0785504 -0.0887265 0.01643 -0.0179259 0.0123481 -0.0563185 -0.0706719 -0.0806169 0.0188746 -0.00973071 0.0150946
-0.0327333 -0.0232217 -0.0135287 -0.0219376 -0.0174999 -0.00305665 -0.0308461 -0.0166096 -0.00216278 -0.0246721 -0.0238167 -0.0111566
-0.0867924 -0.0930043 -0.0723302 0.00751143 0.0215201 0.021819 -0.0789686 -0.0841971 -0.0704124 0.0169709 0.0246383 0.0255363
-0.0331423 -0.0156486 -0.0364002 -0.00129753 0.0256886 -0.00583421 -0.0252294 -0.0102105 -0.0310358 -0.00248654 0.0198186 -0.0135978
-0.046265 -0.0374288 -0.0324111 0.00862475 0.0207916 -0.00452716 -0.0390516 -0.029873 -0.0226223 0.00983821 0.0235157 -0.00315519
-0.0891207 -0.0893592 -0.0697649 -0.0280445 0.0280032 -0.0170847 -0.0890736 -0.0818426 -0.0588366 -0.0303984 0.0289928 -0.0162044
-0.0601426 -0.036719 -0.0242806 0.011288 -0.00129515 -0.000116787 -0.0570414 -0.0319072 -0.0200538 0.0113488 4.53704e-06 0.000288889
-0.0738822 -0.0452311 -0.0761248 -0.00315106 0.0248953 -0.0069873 -0.0667989 -0.0334437 -0.0668362 -0.00395478 0.0218551 -0.00915586
-0.100088 -0.0651082 -0.0465034 -0.0181323 -0.00422594 0.00337432 -0.0876777 -0.0426982 -0.0409027 -0.013476 0.000632747 0.00535336
-0.0316241 -0.0386106 0.0230001 0.0339314 0.0001973 -0.0124693 -0.0216098 -0.0346136 0.0310817 0.0388051 7.38889e-05 -0.00523139
-0.057639 -0.033836 -0.0447408 -0.0282273 -0.00622229 -0.0136399 -0.0594057 -0.0340306 -0.0414671 -0.0325481 -0.00682633 -0.00951046
-0.0403626 -0.104093 -0.0814937 0.00566267 -0.0127697 -0.00754033 -0.0286432 -0.0906676 -0.0783041 0.00414145 -0.0161974 -0.0104641
-0.0654429 -0.0859159 -0.0476976 0.0130119 -0.00660734 -0.0267555 -0.0614871 -0.0931138 -0.0426871 0.0129979 -0.0084371 -0.0290848
-0.151299 -0.146502 -0.087774 0.000538071 -0.0076827 -0.0214715 -0.145634 -0.141528 -0.0804469 0.00324265 -0.0122724 -0.0202817
-0.1018 -0.0915338 -0.142943 0.00852904 -0.00149277 0.0150918 -0.0932144 -0.0915044 -0.136284 0.00732518 -0.00617654 0.0168471
-0.108331 -0.0885124 -0.0431221 0.00345261 -0.0235271 0.0213183 -0.0967131 -0.0873726 -0.0334314 0.00109404 -0.023371 0.0251351
-0.107964 -0.109476 -0.102696 -0.00533058 0.00930207 0.036122 -0.107409 -0.108526 -0.0901963 -0.00432673 0.0133203 0.0280894
-0.0471321 -0.0691654 -0.0540633 0.00252914 -0.00580501 0.000124738 -0.0315261 -0.0625411 -0.0558965 -0.00864682 -0.0110602 -0.000453673
-0.0723831 -0.0325543 -0.0833189 -0.0108707 0.0252525 0.00432183 -0.0647966 -0.0280855 -0.0816347 -0.0080512 0.023446 -0.00272716
-0.0740535 -0.144475 -0.101438 -0.0122791 -0.00168928 0.00179512 -0.0738735 -0.134446 -0.0976157 -0.0202052 -0.000544938 0.000867191
-0.106576 -0.119828 -0.0891468 0.00482971 0.0089733 -0.0112751 -0.10864 -0.120511 -0.0882367 -0.00176586 0.00587815 -0.0113053
-0.157395 -0.169878 -0.129185 -0.0122303 0.0268156 0.0428653 -0.158086 -0.166129 -0.122526 -0.0043612 0.0319003 0.0410641
-0.146361 -0.199839 -0.132521 -0.0149078 0.0142776 -0.0296476 -0.149023 -0.198661 -0.123165 -0.012495 0.00953481 -0.0298485
-0.0824859 -0.101415 -0.119082 -0.0173335 0.0355408 0.0140265 -0.0819149 -0.107763 -0.119749 -0.0273727 0.0346361 0.0184888
-0.181096 -0.141877 -0.142836 -0.0055725 0.00740022 -0.00829121 -0.185527 -0.131306 -0.132527 -0.0107904 0.0088129 -0.0110017
-0.103595 -0.101662 -0.0627357 -0.00507086 0.0167903 -0.0102705 -0.107268 -0.0968129 -0.0641861 3.14815e-05 0.0184203 -0.00983651
-0.158522 -0.0817898 -0.0410852 0.00650517 -0.0272667 -0.0148589 -0.159243 -0.0790861 -0.037424 0.0106195 -0.0215518 -0.0120208
-0.084929 -0.0738194 -0.0786918 -0.00395292 0.0339078 -0.0115929 -0.080416 -0.0613715 -0.0814356 -0.00419296 0.0288502 -0.00834812
-0.151697 -0.137371 -0.15138 -0.0129948 0.00151914 -0.0189336 -0.152278 -0.13788 -0.153045 -0.0106124 0.00554025 -0.0219919
-0.141476 -0.076688 -0.0704847 0.00796936 0.0166007 0.00849495 -0.138619 -0.0729769 -0.0635291 0.0129712 0.0199182 0.018473
-0.231477 -0.181123 -0.164732 0.00755098 0.00169482 0.0159881 -0.25288 -0.183137 -0.178846 0.0233602 -0.00422191 0.00590661
-0.122066 -0.137744 -0.162495 0.021195 0.00162149 0.0436179 -0.122734 -0.13936 -0.159413 0.0167293 0.0116912 0.0466281
-0.0888347 -0.0995423 -0.0847573 0.00524027 0.0197341 0.035349 -0.113975 -0.113073 -0.0887861 0.00385213 0.0212781 0.0390209
-0.129031 -0.173406 -0.170886 -0.00201631 -0.0283627 0.012232 -0.133044 -0.180659 -0.180764 0.000172562 -0.0319749 0.0103548
-0.218282 -0.0902566 -0.130592 -0.0111306 0.0230633 -0.0267582 -0.223267 -0.0908062 -0.123429 -0.016475 0.0256628 -0.0278447
-0.08952 -0.0260768 -0.0875217 -0.0339568 0.0474466 -0.0140594 -0.0826455 -0.0171766 -0.0880463 -0.0477732 0.0444273 -0.0213463
-0.162002 -0.18706 -0.165118 0.0332896 0.0134693 -0.004389 -0.158989 -0.19367 -0.161661 0.0334345 0.0127507 0.000343086
-0.106879 -0.159063 -0.137849 0.033604 -0.00834265 -0.0294394 -0.128297 -0.16349 -0.14054 0.0274354 -0.0112221 -0.0340176
-0.204085 -0.207716 -0.148188 -0.0261604 0.00232127 -0.00472694 -0.211648 -0.216277 -0.14941 -0.0262359 0.00564583 -0.0130952
0.590648 0.57604 0.511594 -0.0134476 0.00828101 0.0254589 0.596334 0.579761 0.509947 -0.0124962 0.00578605 0.0275787
0.500204 0.469394 0.510251 -0.0114722 0.0177613 0.024527 0.501996 0.472982 0.488427 -0.00962932 0.0146102 0.0226338
0.48522 0.495915 0.533853 -0.020255 0.00652097 0.020551 0.486464 0.49701 0.518657 -0.0188474 0.00668449 0.0183625
0.532883 0.497194 0.493609 0.00699812 0.0219795 -0.00426375 0.539541 0.507208 0.481322 0.00734807 0.0300861 -0.00835318
0.506921 0.51442 0.537559 -0.00971651 0.00464395 0.000116313 0.512243 0.520325 0.515495 -0.009515 0.00785384 -0.000198825
0.496098 0.490916 0.43842 -0.0369104 -0.032206 0.0410987 0.50885 0.495848 0.414903 -0.0356445 -0.0291005 0.0414109
0.488798 0.506063 0.506342 0.0241546 0.000196987 -0.0309893 0.498392 0.523543 0.483945 0.0292656 -0.000373818 -0.0337296
0.554362 0.546589 0.528207 -0.0232098 -0.0169966 0.0226824 0.575362 0.559968 0.507377 -0.0189264 -0.0158505 0.02393
0.516295 0.540555 0.553204 -0.0395342 0.0275246 0.0433481 0.535115 0.553448 0.530728 -0.03963 0.0283006 0.0395456
0.473123 0.495423 0.531266 -0.0189451 0.0382408 0.0130742 0.489804 0.509392 0.507771 -0.0233042 0.0424822 0.0136777
0.49157 0.484853 0.491303 0.0130948 -0.0228091 -0.0129506 0.510091 0.499573 0.468233 0.0121352 -0.0198425 -0.0106548
0.480444 0.51974 0.519888 -0.014868 -0.0261241 0.0322269 0.499542 0.529931 0.499533 -0.0186757 -0.0205583 0.0322176
0.484996 0.479427 0.468316 -0.00727545 -0.0185396 -0.0260616 0.500183 0.491557 0.437291 -0.0124808 -0.017993 -0.0290881
0.514102 0.427271 0.381447 0.00313018 -0.0383711 0.0175643 0.529546 0.43829 0.340629 0.000287188 -0.0359452 0.0164907
0.521004 0.432172 0.47987 0.00440857 -0.00360782 0.00695919 0.538656 0.449574 0.442541 0.00809021 -0.0063881 0.0103197
0.526687 0.539257 0.491727 0.00133621 -0.00565013 -0.00705101 0.540908 0.548221 0.464531 0.00531655 -0.00982262 -0.00688488
0.458063 0.449497 0.447676 -0.0108616 0.0293103 -0.0113399 0.464484 0.459231 0.416244 -0.012417 0.0226266 -0.0139518
0.46484 0.456966 0.44994 0.0264123 -0.00400466 0.00107308 0.479056 0.474531 0.432102 0.0235234 -0.00697139 0.00251799
0.45723 0.497263 0.514079 -0.0175432 0.0129518 -0.0121911 0.463353 0.5101 0.493289 -0.0124173 0.0107549 -0.00532955
0.513286 0.513002 0.504811 -0.0225808 0.0114133 7.33279e-05 0.525729 0.523584 0.47875 -0.0252382 0.00782467 0.000358717
0.532659 0.52606 0.507565 -0.0217211 0.00316086 0.000992703 0.540623 0.541713 0.484638 -0.0177557 0.00241462 0.00222113
0.535438 0.494538 0.482696 0.00806073 0.000144583 -0.0155423 0.546511 0.498299 0.447078 0.0103927 0.00317047 -0.01526
0.517678 0.495431 0.532695 -0.0117174 -0.00477922 0.00803042 0.53142 0.500724 0.496329 -0.00755113 -0.00359932 0.0119681
0.472224 0.493222 0.474177 0.00624467 -0.0475483 0.00141522 0.480938 0.511619 0.447728 0.00467247 -0.0414949 0.00136644
0.508135 0.500985 0.481073 -0.0409853 -0.00540023 -0.00816938 0.520456 0.512299 0.446583 -0.0386014 0.00368768 -0.00461093
0.42023 0.505836 0.436989 -0.0368341 -0.0214103 0.0143786 0.434262 0.518955 0.413327 -0.036378 -0.0166408 0.0142824
0.450099 0.460327 0.451356 -0.0046145 -0.020101 0.0168047 0.464845 0.463451 0.426778 -0.00359926 -0.0193163 0.0166981
0.532753 0.441374 0.434032 0.00679375 -0.0403798 0.0168675 0.54588 0.451185 0.408392 0.00917919 -0.044125 0.0192583
0.494449 0.517906 0.516187 -0.00231771 -0.0295362 0.0130372 0.512109 0.531978 0.486886 0.0013269 -0.0286617 0.01381
0.501134 0.516404 0.495186 -0.0332905 -0.0330801 0.0380208 0.511098 0.52237 0.463088 -0.0297319 -0.0307924 0.0447967
0.509113 0.549728 0.523885 -0.0162533 0.0121322 0.00779123 0.521642 0.552766 0.49414 -0.0146166 0.0153201 0.00547787
0.477676 0.49707 0.47948 -0.00130768 0.0162309 0.0122779 0.494798 0.510692 0.450005 -0.0026574 0.0183159 0.0119151
0.40796 0.429696 0.48432 -0.00232192 0.0233082 0.00323154 0.421029 0.439909 0.449746 -0.00213493 0.0261804 0.00357384
0.471202 0.439761 0.528808 0.0135631 -0.00208585 -0.0224764 0.485713 0.45283 0.496598 0.00959584 0.00145682 -0.0151579
0.466258 0.501967 0.477918 -0.0325134 0.0313759 0.0164196 0.478643 0.516632 0.447118 -0.0285485 0.0339428 0.0276199
0.48573 0.490425 0.485017 0.00183767 -0.000720563 0.0201561 0.498671 0.502238 0.456813 0.00255845 -0.00432412 0.0281902
0.501831 0.516308 0.47751 0.00936094 0.00594406 -0.0411293 0.513923 0.532371 0.448777 0.0114585 0.00609933 -0.0401985
0.467893 0.49247 0.445327 -0.0255715 -0.00347664 -0.0298651 0.481338 0.510279 0.42477 -0.0287583 -0.00297938 -0.0242143
0.556119 0.495536 0.514587 0.00675057 0.0384279 -0.0146601 0.566596 0.510645 0.486735 0.00362086 0.0353158 -0.0101766
0.532315 0.512918 0.480913 0.0281306 -0.00327732 -0.0244736 0.541784 0.524056 0.447728 0.0288399 -0.0056152 -0.0195754
0.431377 0.467999 0.46677 0.0128303 0.0161759 -0.0162649 0.441214 0.474781 0.436288 0.0112695 0.0215295 -0.0116737
0.470493 0.450371 0.469019 0.00625725 0.0298667 -0.0222039 0.477946 0.466229 0.439461 0.0056015 0.0336037 -0.0176479
0.534389 0.500345 0.453967 -0.0149583 0.0147575 0.0155498 0.542132 0.509406 0.425428 -0.017647 0.02556 0.014244
0.557638 0.483016 0.543043 0.00540067 -0.0276807 -0.0135002 0.574418 0.499356 0.51274 0.00708409 -0.0290044 -0.0164393
0.407433 0.430502 0.411116 -0.00374319 0.0135089 0.0272545 0.412015 0.445659 0.375262 0.000109058 0.0117885 0.0208607
0.463937 0.479582 0.491793 0.0241818 0.0046108 0.00388001 0.468537 0.491436 0.461477 0.0253292 0.0059305 0.00792018
0.511492 0.467409 0.512606 -0.00644678 0.0333094 -0.0265417 0.520441 0.47866 0.48747 -0.00924781 0.0365169 -0.0259259
0.524963 0.522324 0.495365 0.0216252 0.00157204 -0.00180331 0.535028 0.515201 0.471548 0.0208646 -0.00487036 -0.00197311
0.384179 0.496976 0.475592 0.0132682 0.0285982 0.0108193 0.398206 0.506128 0.455958 0.0111434 0.0263339 0.0118919
0.434106 0.458258 0.520853 0.00350514 -0.0179362 0.0477879 0.455659 0.471392 0.501883 0.00350457 -0.0120601 0.0531275
0.492396 0.445634 0.47153 0.0277183 0.0210233 -0.0233624 0.503242 0.459107 0.43819 0.025107 0.0297715 -0.0164814
0.45163 0.434613 0.479077 -0.00477307 0.0339294 -0.00728479 0.471172 0.443209 0.440506 -0.00583341 0.0401091 -0.00628539
0.486368 0.426266 0.497051 0.0100013 -0.0176934 0.00324944 0.496688 0.431562 0.459962 0.00973412 -0.019569 0.00119842
0.442808 0.408999 0.434217 0.0242152 0.0236589 -0.000946526 0.456583 0.42497 0.396817 0.017815 0.0265729 -0.0039749
0.495618 0.451367 0.467242 0.00569142 0.00921324 -0.0163123 0.509129 0.470489 0.428815 0.00646476 0.0101783 -0.0191879
0.417482 0.436167 0.421768 0.0212274 0.00834962 -0.0127931 0.435533 0.457982 0.390822 0.0202875 0.0101829 -0.0169859
0.458082 0.475255 0.442619 -0.00100301 -0.024087 -0.000409682 0.476053 0.486612 0.408721 0.00646751 -0.0226818 -0.00187927
0.441729 0.502219 0.465494 -0.0127281 -0.00636308 -0.0183067 0.456453 0.517509 0.431636 -0.0097893 -0.00438538 -0.0199016
0.504151 0.474531 0.459324 0.00946395 0.0304322 0.000186632 0.515222 0.489658 0.435429 0.0103241 0.0356842 -0.00486856
0.506905 0.504162 0.525834 0.0141967 0.0321632 0.00840364 0.521217 0.518858 0.507827 0.00764198 0.0302083 0.0111557
0.483594 0.53439 0.446967 0.0082839 0.0023153 -0.0127084 0.504821 0.54889 0.42597 0.00620364 -0.000489849 -0.0088934
0.498185 0.477283 0.460163 -0.0335354 0.0134858 0.00607743 0.511372 0.491444 0.41625 -0.0323028 0.0111877 0.0095386
0.494097 0.489377 0.470296 -0.000589542 0.00832037 0.00539737 0.5076 0.502474 0.438178 -0.00513824 0.0101108 0.00565331
0.523241 0.455989 0.481306 -0.0349357 0.0118356 -0.0043703 0.542383 0.477197 0.450971 -0.0324805 0.0125456 -0.000591478
0.472613 0.468911 0.453318 0.00931661 0.0154438 0.0411466 0.487422 0.491111 0.417613 0.0134806 0.0169343 0.0366524
0.580036 0.525479 0.516465 0.028388 0.00305387 -0.00880632 0.5879 0.548651 0.484694 0.0297043 0.00162256 -0.0139162
0.45944 0.433485 0.389959 -0.00970357 -0.0159874 0.0142149 0.466096 0.453428 0.363898 -0.00788151 -0.0217404 0.00389812
0.518351 0.519271 0.499693 0.00685436 -0.025941 -0.0103654 0.530962 0.537356 0.472194 0.00200855 -0.0286067 -0.0125333
0.490191 0.51632 0.437386 -0.040846 -0.000406787 -0.00314672 0.499664 0.52825 0.402918 -0.0411319 0.00417357 -0.00515274
0.507213 0.51562 0.485617 0.0109429 0.0165946 -0.0300703 0.522065 0.523457 0.449076 0.0110458 0.0153359 -0.0337362
0.497197 0.481465 0.466579 -0.0228729 0.00842216 -0.00639673 0.516342 0.488046 0.436053 -0.0191252 0.0031741 -0.00967488
0.438866 0.45853 0.476491 0.00614035 0.00102438 -0.0127577 0.4505 0.469759 0.452881 0.0126881 -0.00119268 -0.0197018
0.484598 0.514801 0.501229 -0.00637229 -0.000568794 -0.00549627 0.497212 0.527929 0.475989 -0.0037669 -0.00091133 -0.0126598
0.458937 0.412128 0.467079 0.0295596 -0.0238028 0.0264537 0.472787 0.422172 0.440634 0.0281877 -0.0173578 0.0204658
0.477313 0.447393 0.420631 0.0195847 0.0514613 -0.0120189 0.490183 0.467166 0.390999 0.0221723 0.0509081 -0.0190734
0.521456 0.464492 0.494419 -0.00178925 -0.00279565 0.0272264 0.529429 0.481431 0.464891 0.000226242 0.00414591 0.0291769
0.489383 0.485888 0.466841 0.040825 -0.00815444 -0.00558854 0.498656 0.499343 0.436234 0.038627 -0.00519376 -0.00406167
0.520301 0.46328 0.476298 -0.0169751 -0.0224512 0.0086785 0.54037 0.47739 0.442546 -0.0106226 -0.0233672 0.00785133
0.514285 0.501242 0.480408 -0.00978264 -0.000698518 -0.00294132 0.541177 0.516255 0.454999 -0.00750543 0.00234323 -0.00161899
0.513424 0.522543 0.483906 0.00290649 -0.0412293 0.00343547 0.536441 0.542495 0.455156 -0.000154795 -0.0419589 0.00467779
0.489204 0.475255 0.461666 -0.0471073 -0.00425346 -0.0225232 0.502701 0.488967 0.4244 -0.0469318 -0.00632691 -0.0205669
0.452992 0.473546 0.474973 0.00400608 0.0303783 -0.014899 0.467391 0.487178 0.446602 0.0058357 0.0342016 -0.0116085
0.530254 0.485605 0.526208 0.00899443 -0.00700055 0.00611629 0.539492 0.49987 0.496092 0.0083294 -0.00511729 0.00647786
0.435372 0.464991 0.44931 -0.0138339 0.00453697 0.00524017 0.449945 0.468917 0.411915 -0.0164343 0.00371753 0.00529228
0.535831 0.532419 0.535456 0.0148382 -0.0132887 0.0144796 0.554796 0.532726 0.503015 0.0115756 -0.016275 0.0134039
0.468483 0.484641 0.42575 0.0215638 0.0150746 -0.00804717 0.487853 0.496664 0.383915 0.0178151 0.0153106 -0.00553769
0.543704 0.514989 0.538281 0.00364221 -7.59822e-05 -0.0115988 0.567523 0.534455 0.501891 0.000857284 0.00573896 -0.0139487
0.540559 0.518067 0.514193 0.00483667 -0.025992 -0.020455 0.556507 0.533194 0.479368 0.000558307 -0.0180317 -0.0182169
0.486702 0.522402 0.530159 -0.0718104 -0.00497096 -0.0303795 0.506832 0.535802 0.50126 -0.0707666 -0.000268957 -0.0260002
0.54695 0.49417 0.505183 -0.0259622 -0.0198312 0.0100905 0.570476 0.509754 0.483036 -0.0267341 -0.0233081 0.0152906
0.533698 0.534367 0.601077 -0.0319 0.00878313 -0.010356 0.550635 0.54792 0.575141 -0.0297977 0.00832705 -0.00828902
0.504357 0.465511 0.474537 -0.0182899 -0.00275785 -0.00129951 0.52149 0.477768 0.441778 -0.0148055 6.34959e-05 0.00207226
0.508118 0.511209 0.496805 -0.0252642 0.0033837 -0.0171295 0.528817 0.533121 0.469805 -0.0253413 -0.000125908 -0.0148643
0.458474 0.50262 0.442917 -0.00748726 -0.0230671 0.0118056 0.470949 0.519959 0.416317 -0.00768026 -0.0293834 0.0175707
0.493226 0.512484 0.511136 -0.0227844 -0.0316141 0.0295271 0.495167 0.519875 0.477542 -0.0299271 -0.0356396 0.0300922
0.517374 0.529588 0.475162 0.0112063 -0.00346585 -0.00746594 0.530518 0.549348 0.445639 0.0101036 -0.00604745 -0.00706794
0.444178 0.44679 0.436038 -0.0268066 0.011344 0.0144022 0.446404 0.457727 0.400485 -0.0306947 0.0091659 0.013525
0.533848 0.554492 0.464969 -0.0222256 0.0146483 -0.00590625 0.544041 0.565501 0.426561 -0.0227057 0.0185378 -0.0108487
0.508648 0.508648 0.519327 0.0356657 -0.0406616 -0.0331608 0.523756 0.520082 0.491315 0.0370108 -0.0342229 -0.030773
0.471594 0.515419 0.530826 0.00417583 0.0137395 0.00335609 0.482268 0.52557 0.505157 0.00593785 0.0167002 0.00147044
