-3.56195 -3.56465
-3.55378 -3.55619
-3.55291 -3.55295
-3.56581 -3.5667
-3.55816 -3.55741
-3.5488 -3.54908
-3.55754 -3.55765
-3.56273 -3.56288
-3.55991 -3.56001
-3.55982 -3.56102
-3.56208 -3.56286
-3.55221 -3.55275
-3.55717 -3.55745
-3.55312 -3.55563
-3.5674 -3.56705
-3.55947 -3.56066
-3.55372 -3.55491
-3.55621 -3.55678
-3.56991 -3.56991
-3.5501 -3.54975
-3.55897 -3.55986
-3.54834 -3.54909
-3.55969 -3.56082
-3.55863 -3.5589
-3.55443 -3.55581
-3.54538 -3.54614
-3.55134 -3.55044
-3.55866 -3.55806
-3.56114 -3.56024
-3.55246 -3.55427
-3.55751 -3.55649
-3.55478 -3.55585
-3.55432 -3.55368
-3.55376 -3.55308
-3.55585 -3.55522
-3.55439 -3.55444
-3.56081 -3.55869
-3.55709 -3.55606
-3.54744 -3.5469
-3.55151 -3.55237
-3.54725 -3.55065
-3.5562 -3.55754
-3.55298 -3.55305
-3.55888 -3.55922
-3.55453 -3.55308
-3.55721 -3.55809
-3.55994 -3.56188
-3.554 -3.55403
-3.56794 -3.56965
-3.56059 -3.56095
-3.54724 -3.54768
-3.58367 -3.58363
-3.50732 -3.50511
-3.56845 -3.56857
-3.49125 -3.4927
-3.55847 -3.55583
-3.52446 -3.52373
-3.6005 -3.60236
-3.54283 -3.54134
-3.5298 -3.52764
-3.57294 -3.57474
-3.55989 -3.56175
-3.49824 -3.49719
-3.6008 -3.60159
-3.59145 -3.59293
-3.58559 -3.58376
-3.55347 -3.55685
-3.52491 -3.52584
-3.58086 -3.57888
-3.58556 -3.59102
-3.61307 -3.61536
-3.58605 -3.58632
-3.49607 -3.497
-3.61932 -3.62179
-3.46465 -3.4647
-3.64369 -3.64397
-3.64085 -3.64046
-3.63885 -3.63846
-3.63536 -3.63486
-3.64181 -3.64144
-3.63893 -3.63831
-3.6449 -3.64456
-3.64229 -3.64245
-3.64549 -3.64557
-3.63619 -3.63548
-3.64446 -3.64433
-3.62159 -3.62093
-3.64538 -3.64545
-3.63312 -3.63244
-3.64154 -3.64115
-3.63428 -3.63376
-3.62578 -3.62511
-3.64431 -3.64415
-3.6449 -3.64484
-3.64455 -3.64444
-3.64528 -3.6452
-3.62669 -3.62601
-3.64493 -3.6446
-3.62238 -3.62167
-3.64369 -3.64407
-3.69219 -3.69201
-3.69218 -3.69223
-3.68965 -3.68965
-3.6921 -3.69172
-3.69213 -3.69207
-3.68897 -3.68954
-3.69102 -3.69091
-3.69139 -3.6907
-3.69076 -3.69107
-3.69085 -3.69065
-3.68694 -3.68617
-3.68711 -3.68604
-3.68488 -3.68467
-3.68384 -3.68284
-3.68527 -3.68511
-3.68386 -3.68437
-3.68523 -3.68461
-3.6835 -3.68253
-3.68421 -3.68419
-3.6848 -3.68476
-3.66396 -3.66445
-3.6678 -3.66706
-3.6628 -3.66317
-3.66908 -3.66953
-3.66798 -3.66865
-3.65706 -3.65656
-3.66339 -3.66261
-3.66794 -3.6669
-3.66477 -3.66405
-3.66458 -3.66496
-3.63416 -3.63324
-3.63504 -3.63431
-3.63219 -3.63221
-3.63761 -3.63822
-3.63105 -3.63078
-3.63278 -3.63287
-3.63463 -3.6342
-3.63215 -3.63205
-3.63774 -3.63644
-3.63159 -3.63241
-3.60908 -3.6095
-3.60754 -3.60616
-3.61386 -3.6143
-3.60441 -3.60562
-3.60498 -3.60363
-3.6094 -3.60923
-3.59775 -3.5979
-3.607 -3.60588
-3.6067 -3.60528
-3.60774 -3.60836
-3.58765 -3.58561
-3.57962 -3.58053
-3.5792 -3.5779
-3.59036 -3.59024
-3.58045 -3.5815
-3.58598 -3.58725
-3.5786 -3.5774
-3.58467 -3.58487
-3.58446 -3.58417
-3.58276 -3.58245
-3.55561 -3.5527
-3.56332 -3.56279
-3.56482 -3.56319
-3.56309 -3.56282
-3.55951 -3.5591
-3.561 -3.56373
-3.56599 -3.56446
-3.56757 -3.56624
-3.564 -3.56266
-3.55364 -3.55146
-3.53729 -3.5368
-3.53984 -3.54054
-3.53432 -3.5332
-3.52703 -3.52081
-3.53647 -3.53491
-3.54765 -3.54567
-3.52266 -3.52483
-3.54011 -3.53744
-3.54035 -3.53785
-3.54074 -3.53913
-3.67156 -3.67129
-3.67053 -3.67227
-3.67425 -3.67352
-3.67106 -3.67305
-3.67745 -3.67898
-3.67784 -3.67897
-3.67473 -3.67407
-3.67556 -3.67578
-3.67216 -3.67281
-3.67641 -3.67597
-3.69886 -3.69891
-3.69899 -3.69956
-3.69934 -3.69912
-3.69726 -3.69711
-3.69866 -3.69964
-3.69857 -3.69853
-3.69977 -3.70048
-3.69907 -3.69999
-3.69869 -3.69973
-3.69889 -3.69969
-3.64721 -3.64831
-3.64522 -3.64467
-3.6512 -3.65207
-3.64527 -3.64666
-3.64323 -3.64335
-3.64195 -3.64273
-3.65346 -3.65518
-3.64607 -3.64466
-3.65116 -3.65322
-3.64676 -3.64678
-3.59767 -3.5973
-3.60246 -3.5996
-3.60957 -3.60986
-3.59879 -3.59915
-3.6016 -3.60209
-3.59418 -3.5935
-3.59834 -3.59786
-3.6033 -3.6036
-3.59346 -3.5934
-3.59814 -3.59848
-3.69181 -3.69273
-3.68892 -3.6903
-3.68892 -3.68949
-3.68882 -3.68875
-3.68784 -3.69068
-3.68819 -3.68884
-3.68945 -3.69141
-3.69027 -3.69173
-3.6914 -3.69258
-3.68646 -3.68816
-3.57894 -3.58027
-3.57785 -3.57653
-3.57468 -3.57315
-3.57681 -3.57595
-3.57819 -3.57885
-3.57725 -3.57564
-3.57326 -3.5718
-3.579 -3.57637
-3.57789 -3.57947
-3.56959 -3.56698
-3.62419 -3.62405
-3.62011 -3.62077
-3.62278 -3.62294
-3.6264 -3.62755
-3.61786 -3.61737
-3.62492 -3.62464
-3.62065 -3.62103
-3.62372 -3.6253
-3.62519 -3.62529
-3.62251 -3.62342
-3.55026 -3.54938
-3.55968 -3.55912
-3.56792 -3.56562
-3.56079 -3.55991
-3.55807 -3.55708
-3.56551 -3.56488
-3.56392 -3.56263
-3.56237 -3.56319
-3.55497 -3.55366
-3.55695 -3.55537
