0.500888 0.464661 0.487271 -0.0351016 0.0526026 -0.0420104 0.493853 0.45786 0.472414 -0.0398588 0.0478158 -0.0404388
0.525509 0.474203 0.501218 0.0279581 0.0708105 0.0294545 0.524542 0.458668 0.490102 0.0302711 0.0671501 0.0259524
0.453417 0.528444 0.430738 -0.0110418 -0.00515734 -0.0100489 0.445929 0.528378 0.430916 -0.0161442 0.00245853 -0.0146398
0.452732 0.425557 0.445529 -0.0162013 -0.0426558 0.037246 0.452919 0.425389 0.437958 -0.0154443 -0.0456882 0.0425336
0.483434 0.471247 0.468203 0.0154752 -0.0235635 -0.0296377 0.498069 0.476984 0.45027 0.0171437 -0.0242755 -0.0440118
0.495067 0.533935 0.527492 -0.0287496 0.000111041 -0.0174571 0.49634 0.532207 0.526141 -0.0211527 0.00426541 -0.0162742
0.379749 0.40903 0.43697 -0.0211974 -0.0260261 -0.00990948 0.379662 0.408609 0.433422 -0.0269522 -0.0146883 -0.0147941
0.365553 0.424917 0.375385 0.00309996 -0.0248412 -0.0266258 0.357203 0.433841 0.387412 -0.00833175 -0.0289762 -0.0272347
0.471446 0.437751 0.465845 -0.0119901 0.0260705 0.00578232 0.473086 0.440252 0.464531 -0.00847351 0.0345547 0.00120636
0.444021 0.447382 0.483767 0.01531 -0.00667002 -0.0501112 0.442545 0.454861 0.486716 0.00938368 -0.00968043 -0.0457941
0.463575 0.443844 0.448965 0.00712223 0.00292483 -0.0422739 0.477016 0.448772 0.455543 -0.00638043 0.00927012 -0.0418012
0.562709 0.516778 0.472761 0.0163066 0.0150579 -0.00951566 0.554521 0.502294 0.463961 0.0126509 0.0156128 -0.0132553
0.457837 0.450561 0.440402 0.00707632 0.0138462 0.0111191 0.471427 0.462012 0.440237 0.00683932 0.0121714 0.00178921
0.423087 0.426549 0.47589 0.0194953 -0.00329888 0.00746927 0.431747 0.438046 0.472825 0.0297194 -0.000666469 0.0054045
0.369215 0.372005 0.421458 -0.00265241 -0.0384864 -0.025886 0.36779 0.372695 0.419539 0.00577564 -0.0375386 -0.0259482
0.414327 0.35544 0.394055 -0.0361884 0.0178971 -0.0319766 0.420799 0.370034 0.405254 -0.0383461 0.0115225 -0.0317232
0.485823 0.459436 0.459084 -0.0169877 -0.0301039 -2.12489e-05 0.486674 0.469593 0.472349 -0.0198254 -0.0301031 0.0035296
0.445057 0.386414 0.402624 0.0127432 0.00117876 -0.037447 0.449739 0.393246 0.413958 0.0134594 -0.00291399 -0.0432313
0.417338 0.332337 0.376586 -0.00580681 -0.0168162 0.0114284 0.407984 0.341726 0.380022 -0.0122662 -0.0115208 0.0138574
0.453937 0.517932 0.44083 0.00157703 -0.0352155 -0.0314164 0.45288 0.515267 0.442991 -0.0132451 -0.0309982 -0.0307311
0.36081 0.420266 0.486984 0.00292072 -0.00790492 -0.0123915 0.365508 0.425342 0.494485 0.00239638 0.00418316 -0.0163212
0.446024 0.411059 0.436788 -0.0225152 -0.00847706 -0.0200119 0.445978 0.409694 0.427018 -0.0301133 -0.00738495 -0.0260281
0.417162 0.357531 0.442187 0.0204977 0.0368788 -0.0451793 0.41348 0.352254 0.434274 0.0228333 0.044718 -0.0374573
0.444598 0.387249 0.384431 0.0374307 0.011371 -0.00969103 0.441913 0.386659 0.390883 0.029703 0.0251255 -0.00672989
0.467691 0.501229 0.479913 -0.042032 0.0036414 -0.00278541 0.461459 0.496764 0.491789 -0.0468247 0.0145941 -0.00609167
0.507092 0.617936 0.488532 0.0260021 0.00335402 0.0191616 0.511886 0.619125 0.483635 0.0219245 0.0168807 0.0176467
0.509273 0.486057 0.509297 0.0469795 0.0143496 0.00157233 0.5126 0.495605 0.515486 0.0403159 0.00679579 0.00457754
0.456836 0.468852 0.44072 -0.00710517 -0.0397267 0.0269603 0.471124 0.472473 0.448868 -0.00766916 -0.0313196 0.0192235
0.453451 0.446084 0.405823 0.00400801 -0.0398841 -0.00398251 0.467336 0.446957 0.404581 0.00476166 -0.0407844 0.000465671
0.451612 0.406975 0.464135 0.0207442 0.0114803 0.0557785 0.460218 0.400898 0.449966 0.0169888 0.012626 0.0547128
0.42905 0.394518 0.43453 -0.0432717 -0.00251815 0.0153082 0.445083 0.400996 0.443214 -0.0499949 -0.00672582 0.0172438
0.486724 0.444171 0.454828 -0.0519443 -0.00124512 -0.015075 0.499476 0.446882 0.448508 -0.047705 -0.0130105 -0.0144109
0.455568 0.447005 0.480756 -0.0261432 0.041255 0.0447102 0.453179 0.45177 0.4781 -0.0256168 0.040128 0.046099
0.449264 0.427436 0.443211 -0.0297447 -0.0340964 0.00913422 0.456359 0.428385 0.442856 -0.0317537 -0.0327825 0.00807983
0.498573 0.421937 0.396305 0.0327289 -0.0100027 -0.0201705 0.497803 0.417281 0.390835 0.0301588 -0.00240576 -0.0126719
0.407006 0.43169 0.414117 -0.000715015 0.0142234 -0.0443135 0.410684 0.438268 0.423373 -0.00232603 0.020277 -0.0362753
0.425891 0.350419 0.392294 -0.0152976 -0.0669329 -0.0420846 0.433355 0.359671 0.402355 -0.0132808 -0.0613592 -0.0377653
0.446583 0.396552 0.500325 -0.0219795 0.0225832 -0.0389657 0.430757 0.393689 0.505054 -0.0242779 0.0245665 -0.0426957
0.528625 0.450331 0.586909 0.0276259 -0.00488389 0.0286468 0.512122 0.446255 0.578286 0.0242417 -0.00171864 0.0307368
0.450464 0.400759 0.437133 -0.0427297 0.00944364 -0.0173382 0.454532 0.3987 0.443928 -0.0439254 0.00814646 -0.0208365
0.489737 0.403302 0.459491 -0.0117241 0.00923435 -0.024265 0.495206 0.399635 0.466459 -0.0152428 0.00550806 -0.0283782
0.407802 0.410983 0.449287 0.0294096 -0.0172708 0.0232851 0.409966 0.412614 0.447323 0.0259103 -0.0157398 0.0268122
0.443218 0.416423 0.458147 0.00197346 -0.0407381 0.000970748 0.438219 0.419815 0.466068 -0.00710277 -0.033397 0.0037412
0.456487 0.390901 0.366116 -0.0142709 -0.0365241 -0.00663046 0.45598 0.389634 0.386525 -0.0139735 -0.0297842 -0.00928088
0.51408 0.404713 0.467379 -0.0135212 -0.0260021 0.0209689 0.511934 0.41198 0.460957 -0.0101693 -0.0265485 0.0224282
0.412549 0.358115 0.402209 -0.0173867 0.0219216 0.0122897 0.401907 0.356422 0.401654 -0.0214863 0.0199587 0.0172934
0.332837 0.431645 0.400679 0.0318691 0.0549094 -0.0250149 0.325838 0.434839 0.393868 0.030475 0.0485165 -0.0255679
0.425363 0.433856 0.434346 -0.0229015 -0.0248294 -0.0284058 0.425209 0.436105 0.440555 -0.00674213 -0.0213253 -0.0290699
0.419702 0.446957 0.411355 -0.0157557 -0.0316934 -0.0147377 0.406738 0.440484 0.400644 -0.00151795 -0.0237232 -0.0195912
0.4507 0.44258 0.409323 -0.00837827 0.00559556 -0.0247579 0.457791 0.427964 0.408336 -0.00955828 0.00245516 -0.0279712
0.613307 0.511858 0.721997 -0.29526 0.16218 -0.201025 0.617166 0.523667 0.725763 -0.298269 0.157362 -0.197367
0.51444 0.449224 0.483416 0.0208192 -0.127292 0.121074 0.509941 0.462832 0.484906 0.0193631 -0.120371 0.115618
0.782736 0.565477 0.719243 -0.112191 -0.245797 0.330351 0.785123 0.572344 0.736852 -0.119461 -0.240382 0.32524
0.489832 0.526695 0.584591 0.249798 -0.206887 0.16624 0.510605 0.54355 0.594224 0.251475 -0.191089 0.158254
0.843067 0.858371 0.852137 0.459125 0.265745 0.211446 0.836354 0.863295 0.86777 0.451099 0.258893 0.22744
0.47464 0.58541 0.531696 0.0679972 -0.163686 -0.19753 0.491213 0.593123 0.533243 0.0716724 -0.165022 -0.200177
0.700414 0.618139 0.692712 -0.185207 -0.112667 0.244293 0.696068 0.621418 0.699333 -0.184953 -0.104967 0.252657
0.430503 0.482975 0.387336 0.0621844 0.00443021 0.129488 0.413968 0.480468 0.385694 0.0551343 0.00904489 0.127714
0.652942 0.745743 0.500396 -0.0653562 -0.228998 -0.0462282 0.646578 0.741584 0.499701 -0.0626769 -0.217289 -0.0458232
0.734573 0.770172 0.628068 -0.0925427 -0.339247 0.332084 0.726805 0.777031 0.615871 -0.0968724 -0.342005 0.319866
0.517987 0.450274 0.577489 -0.0340216 -0.0293146 0.00499176 0.513591 0.453142 0.581157 -0.056578 -0.0387897 0.0170067
0.701574 0.514376 0.601404 0.0966777 -0.0682839 -0.104661 0.699537 0.514922 0.61953 0.117544 -0.0867119 -0.113126
0.707102 0.884974 0.892552 0.528558 -0.124189 0.0801461 0.727524 0.897878 0.903474 0.507388 -0.11485 0.0942329
0.358544 0.402769 0.382736 -0.00977848 0.0441791 0.237849 0.361558 0.393452 0.391262 0.00138416 0.0375404 0.228664
0.452125 0.48279 0.430157 -0.0927517 -0.151499 -0.0645723 0.464362 0.489569 0.430167 -0.0935728 -0.150541 -0.0594678
0.469816 0.506284 0.437742 -0.040338 -0.321827 -0.0798607 0.469095 0.497615 0.428782 -0.0320998 -0.308283 -0.0689004
0.492987 0.585954 0.663811 0.252301 0.0584278 0.10036 0.484593 0.594949 0.673017 0.258155 0.0621976 0.0999039
0.634297 0.645996 0.773543 0.0951919 0.405293 0.216583 0.635408 0.63742 0.764431 0.0940839 0.399808 0.201613
0.46829 0.560444 0.572868 -0.0625893 -0.130986 -0.0745577 0.469086 0.548924 0.560924 -0.0518175 -0.123895 -0.0647554
0.52804 0.568993 0.413216 0.122619 0.177261 0.146452 0.508601 0.57415 0.390749 0.135736 0.155164 0.129023
0.355011 0.358747 0.367684 0.15344 0.247972 0.0410258 0.353773 0.365553 0.363541 0.1455 0.239491 0.0454981
0.42232 0.51717 0.468134 0.256852 -0.0173946 0.0724352 0.431976 0.517587 0.46149 0.238768 -0.00891074 0.0664818
0.821136 0.727201 0.841901 0.231743 -0.114921 -0.00383088 0.814701 0.723197 0.821493 0.249268 -0.0950929 -0.00500261
0.337944 0.341693 0.366124 0.0223665 -0.0927814 -0.0417823 0.331472 0.335143 0.364124 0.0338027 -0.0796434 -0.0335154
0.97764 0.934546 1.00717 0.0941639 0.12986 0.689883 0.992688 0.932643 1.01163 0.0933144 0.110695 0.685945
-0.171224 -0.174192 -0.174503 3.61051e-08 2.39033e-08 1.6534e-10 -0.180569 -0.178382 -0.167294 0 -0 0
0.296412 0.295322 0.293895 2.0707e-09 5.5834e-08 -1.86556e-09 0.298517 0.287291 0.295527 0 0 -0
0.352967 0.354416 0.354575 7.09545e-09 -1.04455e-07 -7.95765e-08 0.345704 0.35287 0.353143 0 0 0
0.438735 0.442079 0.439635 5.04756e-09 1.09789e-07 -4.62247e-08 0.433446 0.436348 0.434995 0 0 0
0.249972 0.267337 0.252403 -2.0735e-08 -1.48757e-08 -8.17987e-08 0.245588 0.273361 0.242553 0 0 0
0.353044 0.356716 0.352725 -1.87175e-08 -1.16493e-08 -8.32672e-08 0.355295 0.339796 0.354877 0 0 -0
0.0926837 0.0869026 0.108536 3.27789e-08 1.18782e-08 -2.84104e-08 0.0774467 0.077032 0.114711 0 -0 0
-0.226438 -0.224779 -0.225041 -1.58189e-08 7.47782e-08 4.14568e-08 -0.2178 -0.240877 -0.240644 0 0 0
-0.0324829 -0.035444 -0.0323659 -2.70657e-09 4.71117e-09 -4.70805e-08 -0.0272056 -0.0380904 -0.0420233 -0 0 0
0.423657 0.417853 0.416997 5.04959e-08 3.7395e-08 -8.35156e-08 0.408277 0.424523 0.419767 0 0 0
0.140372 0.139271 0.139853 -1.93673e-08 -4.79595e-08 -2.42175e-09 0.142209 0.140022 0.134074 0 0 0
0.680505 0.682303 0.686265 -4.64312e-08 1.95936e-08 -4.5178e-08 0.686432 0.681745 0.678839 0 0 0
-0.0611243 -0.0620772 -0.055198 2.90471e-09 -6.71488e-09 -6.49926e-09 -0.0557185 -0.0569761 -0.0671373 0 0 0
0.482864 0.483218 0.48669 9.05666e-08 -8.79904e-08 3.09388e-08 0.487039 0.491546 0.476499 -0 0 0
0.273197 0.273444 0.271133 3.04788e-08 7.45926e-08 -6.45793e-08 0.268408 0.279831 0.27693 0 -0 0
0.463202 0.459873 0.458834 6.85482e-08 8.61156e-09 -8.39617e-09 0.46877 0.451829 0.456885 0 0 -0
0.618572 0.613956 0.613779 3.71262e-08 5.57132e-08 1.45845e-07 0.611581 0.619025 0.620789 0 0 0
0.147011 0.147753 0.151367 -5.99817e-08 -6.01102e-09 5.05519e-08 0.145583 0.14326 0.155804 0 0 0
0.107669 0.107614 0.108099 1.31708e-07 -4.24766e-08 9.39689e-09 0.105374 0.108781 0.109133 0 0 0
0.133776 0.133742 0.133744 -3.43248e-08 3.43436e-08 -5.35522e-08 0.134989 0.134875 0.128525 -0 0 0
0.0728912 0.0731353 0.0697814 -4.73779e-08 5.98777e-08 4.99221e-09 0.0769395 0.0660744 0.0716078 0 0 0
0.598763 0.599191 0.603347 -1.26772e-07 8.57499e-09 -6.97102e-11 0.607063 0.601643 0.595968 0 0 0
0.0913886 0.101152 0.109864 6.78537e-08 1.47193e-08 2.6208e-08 0.0879526 0.0833863 0.115451 0 0 -0
0.668056 0.671415 0.673534 -7.48435e-10 -1.1582e-07 -2.99218e-08 0.677742 0.668661 0.667298 0 0 0
-0.174774 -0.174231 -0.17215 -1.82113e-08 -2.20939e-08 6.23937e-09 -0.171204 -0.174475 -0.178621 0 0 0
0.0573976 0.0127801 0.0307356 0.0042603 0.00867019 0.0179178 0.0589898 0.00687377 0.0314435 0.0105006 0.00748173 0.012436
0.0366278 0.0129062 0.0159536 -0.00805969 0.00526137 -0.0131742 0.0418313 0.00548645 0.014592 0.0012484 0.00383685 -0.0121875
0.0112929 0.0106767 0.0312592 -0.0111012 0.0132238 0.00583694 0.00800546 0.0187456 0.0279598 -0.00737083 0.0124776 0.00677049
0.0194007 0.0344845 0.0306633 -0.0155176 0.00163185 0.0038872 0.02106 0.0301729 0.0247506 -0.0046167 0.00201469 0.00753012
0.0150146 0.00834072 0.00575087 0.0101781 0.0279708 0.000825823 0.0224803 0.00759204 0.00664796 0.0163148 0.0282773 -0.00471497
-0.000400128 -0.0185697 0.0213888 -0.0159195 -0.0104778 0.0119046 0.000295988 -0.0127507 0.0188854 -0.00950827 -0.0075546 0.013716
0.0422948 0.0180613 0.0294053 0.00111048 0.00795626 0.0016998 0.044642 0.0212311 0.0261276 0.0125274 0.00905799 -1.9321e-05
0.00993657 0.0128943 0.034604 0.0107218 0.0104555 0.0209708 0.010757 0.00746204 0.0293294 0.0158106 0.0133363 0.022473
0.0321027 0.00208123 0.0187577 -0.00106319 0.0164653 0.0204211 0.034228 0.00147444 0.0204877 0.00809497 0.019215 0.0166585
0.0105498 0.0116548 0.0156055 0.0186653 0.00029416 0.0095648 0.011399 0.0102531 0.0136956 0.0218155 -0.00190062 0.00915164
0.0357248 0.0477985 0.0181109 0.00486907 0.00286257 0.00584865 0.0368725 0.0497764 0.00734068 -0.000555864 -0.00249747 0.0117462
0.0105448 0.0268042 -0.0212593 0.00197079 -0.0178018 -0.00781903 0.0137578 0.0357153 -0.0235905 0.0027562 -0.0158409 -0.00752938
0.0576569 0.0664921 0.033929 -0.00543729 -0.00421493 0.0215149 0.0546604 0.0593723 0.0179874 -0.00562738 -0.00599673 0.0284289
0.0597053 0.0176897 0.0333849 -0.00881467 -0.00376757 -0.00224313 0.062073 0.0236732 0.0335825 -0.0163966 -0.0114124 0.000507747
0.0677977 0.0749797 0.0516239 0.00717188 -0.00689724 0.0108134 0.0659975 0.0762861 0.0394346 -0.00208636 -0.0099196 0.0116669
0.0320776 -0.00572335 0.0049895 -0.0295265 -0.00297317 -0.0240403 0.0328336 0.00685565 -0.00126772 -0.0298 0.00183991 -0.0204346
0.0372799 0.0155653 -0.00629205 0.0183662 0.0122511 -0.00603467 0.0294669 0.0276381 -0.0177429 0.01374 0.0100376 -0.00692182
0.0129173 -0.00371641 -0.0261192 -0.0184926 0.0102902 -0.00241646 0.0082737 0.00793383 -0.0243486 -0.0167428 0.0095742 -0.00548839
0.00412428 0.0390728 0.0117439 0.00901353 -0.0254888 0.00330593 -0.00159426 0.0431426 0.00590086 0.00328645 -0.0304928 0.00170179
0.000868016 0.0412607 0.00189209 0.00707729 0.00300159 -0.000816479 -0.00159849 0.0512565 -0.00376784 -0.000330802 0.00354043 0.00687404
-0.00180464 -0.0080489 -0.00954648 -0.00982858 0.0135822 0.0202078 -0.00809089 -0.00696787 -0.0129518 -0.00982571 0.0161883 0.0204187
-0.0132701 0.0118191 -0.0124243 -0.0342838 0.00708219 0.00646097 -0.0158464 0.00726324 0.00153506 -0.0390613 0.00422988 0.0120871
0.0154336 -0.00539391 -0.0310634 -0.0309148 -0.0233336 -0.000226442 0.0184413 -0.00346614 -0.0276514 -0.0388461 -0.0172206 0.00504358
-0.01054 -0.0210049 -0.0354085 0.0191915 -0.0156693 -0.00346216 -0.0116021 -0.0136703 -0.0456799 0.0191284 -0.0155466 -0.0020971
0.00730945 -0.00764393 0.0209686 -0.0170598 0.0235148 -0.0172373 0.00717713 0.00469982 0.0227665 -0.00823105 0.0166307 -0.0197132
0.00706738 0.00886337 0.0116911 -0.0250484 0.00695829 0.0240858 0.00295694 0.00427938 0.00923293 -0.0272297 0.00158747 0.029684
-0.00114716 -0.00554756 0.0306952 -0.0123484 -0.0140708 -0.00996106 -0.00808111 0.00187596 0.0339569 -0.0123669 -0.0148798 -0.00559438
-0.0317692 -0.00323188 -0.0397058 0.0155686 -0.00520469 0.0320746 -0.0339301 -0.0102894 -0.0416294 0.0205274 -0.00283731 0.0313291
-0.00142818 -0.0156444 -0.0191294 0.00899241 0.00909239 -0.00267816 -0.00448071 -0.0113041 -0.00480401 0.00335049 0.00305006 0.00145935
0.0308335 0.00475646 -0.0124511 0.0101374 0.012107 0.0213023 0.0359829 -4.78395e-06 -0.00260512 0.00297469 0.0056904 0.017887
0.0147069 -0.0160551 0.00726511 -0.0226697 -0.00122899 -0.0470517 0.0112759 -0.0167811 0.0109463 -0.0222157 -0.00790349 -0.0462465
-0.0186045 -0.0619219 -0.0126372 0.0159052 0.00246019 -0.0138713 -0.0155415 -0.0659603 -0.0100511 0.0137789 -0.00573306 -0.0170389
-0.0274733 -0.0331187 -0.0423988 -0.0241914 0.00328459 -0.00866777 -0.0449921 -0.03348 -0.0437763 -0.0229574 0.0059187 -0.00718593
-0.00955138 0.0192397 -0.0714784 0.000992162 -0.00745939 0.00352395 -0.00939586 0.0276563 -0.0779335 0.00480454 -0.00370525 0.00931762
0.000443121 -0.0502215 -0.0183786 0.00531197 0.0124777 -0.00527956 0.00781809 -0.0580479 -0.0163735 0.00320346 0.00812574 -0.00400725
0.0112797 -0.0452304 0.0217506 0.00305716 0.0270305 -0.0199785 -0.000916636 -0.0398777 0.0128827 -1.7284e-05 0.030324 -0.0222268
0.0127212 -0.0359998 -0.0471988 0.0429005 -0.00371572 0.0167207 0.00353105 -0.0339527 -0.0395275 0.0465723 -0.00855383 0.0132847
-0.0261843 -0.0390789 0.00857652 -0.00389478 0.0193456 -0.0249084 -0.0256402 -0.0337501 0.0115559 0.00111812 0.00983293 -0.0235534
-0.0445243 -0.0416876 -0.00978375 -0.0177595 0.000628025 -0.00717777 -0.0444696 -0.0331845 -0.00512031 -0.0181285 0.00939793 0.00227509
0.0101515 -0.0123496 -0.0168715 0.0242362 0.0225754 0.00613532 0.0122911 -0.0145377 -0.0175768 0.0231096 0.0282186 -0.00681895
-0.0602248 -0.0571095 -0.0595346 -0.00295507 0.00998142 0.0135989 -0.0615946 -0.0581871 -0.0521398 -0.00697312 0.013734 0.0162102
-0.0109652 -0.0153816 -0.0346958 -0.0472376 0.0261895 0.0070931 -0.0139724 -0.0224233 -0.033275 -0.0386177 0.0255622 0.00775867
-0.0723247 -0.0795485 -0.0683235 -0.0310282 -0.00337172 -0.0209265 -0.0711567 -0.0847544 -0.0706285 -0.0292126 -0.00696725 -0.030828
-0.0488705 -0.0924508 -0.0702748 -0.00170147 0.00939449 0.000874317 -0.0462549 -0.082917 -0.0692941 0.00321515 0.00461793 -0.00892309
-0.0612491 -0.00469878 -0.0457978 0.00100288 -0.0149617 0.0140837 -0.059473 -0.00917052 -0.0466552 -0.00155401 -0.0197984 0.0193471
-0.0490931 -0.0554651 -0.061619 0.00656037 0.019891 0.013933 -0.0425927 -0.0546525 -0.0596395 0.0129505 0.0299786 0.00191287
-0.00371193 -0.0543802 -0.0360467 -0.0105568 0.00621702 -0.00482985 -0.0091316 -0.0582795 -0.0371293 -0.00684244 -0.00184333 -0.00708839
-0.0951594 -0.130583 -0.0538116 -0.0259083 -0.00798592 -0.0151484 -0.0976726 -0.130068 -0.0476364 -0.0219824 -0.00536225 -0.0163311
-0.0581563 -0.0173586 -0.0923754 0.0137518 -0.00607835 0.0184392 -0.053798 -0.0103526 -0.0966905 0.00627216 -0.00859679 0.0173787
-0.0282838 -0.0163434 0.00257382 0.00989646 -0.0345569 0.00212501 -0.0365791 -0.0193383 -0.00234843 0.00811361 -0.0259255 0.00215509
0.0386968 -0.0380314 -0.0218298 0.0358665 0.0111197 0.03398 0.0315991 -0.0407389 -0.0239172 0.0372939 0.0170623 0.0399379
-0.0998656 -0.10242 -0.0803777 0.0220035 0.0152127 0.0287342 -0.0982314 -0.104362 -0.0844532 0.0167847 0.0194419 0.0320552
-0.0910933 -0.103242 -0.115287 0.00512396 -0.00339886 -0.0260709 -0.0764505 -0.103682 -0.119289 0.0125451 0.00913142 -0.0215874
-0.123257 -0.158763 -0.12143 0.014091 0.032469 -0.00596719 -0.121005 -0.155259 -0.128729 0.012803 0.0373716 -0.00949386
-0.0649673 -0.0227481 -0.0963011 -0.0707497 -0.0175821 -0.0188827 -0.0627573 -0.0427374 -0.0955433 -0.0726768 -0.0103589 -0.0103661
-0.059287 -0.028123 -0.0377965 0.0170257 0.0127817 -0.0213587 -0.051714 -0.0270242 -0.0422779 0.0120276 0.00906463 -0.0204198
-0.0406101 -0.0866449 -0.0475053 -0.00553807 -0.0110062 0.000734258 -0.0464483 -0.0883288 -0.0451871 -0.008705 -0.0119071 -0.00804213
-0.0823625 -0.138417 -0.123992 -0.0391267 -0.0275569 0.0156525 -0.0862865 -0.135133 -0.134606 -0.0396731 -0.0277632 0.0193626
-0.100243 -0.11245 -0.108404 0.0651866 0.00344248 0.0073706 -0.097168 -0.107299 -0.101869 0.0628973 0.00551676 0.0116084
-0.102432 -0.104635 -0.0737849 -0.00851656 0.0171647 0.0157452 -0.0976177 -0.0985034 -0.0849998 -0.00319481 0.0253124 0.0225834
-0.144049 -0.10791 -0.122216 -0.00366122 -0.00903065 0.0344276 -0.149075 -0.12241 -0.128136 0.000764105 -0.00835651 0.0383102
-0.134645 -0.139739 -0.158492 -0.00744172 -0.00589731 -0.0206956 -0.137398 -0.148749 -0.161613 -0.0103903 -0.0034084 -0.0173139
-0.0559528 -0.076472 -0.0975112 0.00583219 -0.0128441 -0.0533167 -0.0627407 -0.0824413 -0.0998809 0.00216605 -0.0106328 -0.0595544
-0.0566935 -0.0961128 -0.11385 0.00139495 -0.0194164 0.00842043 -0.0522292 -0.0978895 -0.116938 -0.00169315 -0.0317363 0.0117735
-0.107851 -0.0492205 -0.0530721 0.0508389 -0.0463957 0.026319 -0.113055 -0.0478672 -0.055598 0.0555473 -0.0499502 0.0256529
-0.125638 -0.155079 -0.130312 -0.0303856 0.00939797 -0.0118611 -0.130505 -0.163601 -0.121842 -0.021273 0.0147398 -0.0105468
-0.173246 -0.180193 -0.186263 0.00649539 0.0223366 -0.000455585 -0.186758 -0.176423 -0.184392 0.00472222 0.0216104 -0.00609488
-0.159922 -0.138088 -0.160411 -0.0257438 0.0132712 0.00469598 -0.159005 -0.133997 -0.154103 -0.0274713 0.0212327 0.00269574
-0.125895 -0.0757384 -0.150305 -0.0232256 0.0185572 -0.0049468 -0.122617 -0.0695567 -0.142957 -0.0306701 0.0210315 -0.0112802
-0.0574611 -0.117866 -0.134532 -0.026804 0.030123 0.0118328 -0.0549875 -0.119837 -0.125124 -0.0251728 0.033267 0.0204937
-0.111157 -0.120351 -0.11379 -0.0285561 0.00668405 0.0336466 -0.106177 -0.120741 -0.105228 -0.0325649 0.00486306 0.0400757
-0.103731 -0.110963 -0.126674 -0.00326247 0.0505122 -0.0103196 -0.0957208 -0.116043 -0.117 -0.00730077 0.0514701 -0.0148898
-0.0771939 -0.128204 -0.129434 -0.0084157 0.0084503 0.0308674 -0.0755487 -0.122246 -0.127714 -0.00967707 0.019948 0.0304683
-0.100525 -0.0983449 -0.120185 0.00836095 0.0075261 -0.0270049 -0.0939652 -0.096089 -0.115513 0.00396235 0.0106531 -0.033116
-0.107731 -0.0808616 -0.0918077 -0.00227895 0.0121684 0.0081946 -0.118866 -0.0817173 -0.0926 -0.000605926 0.0059875 0.00191275
-0.116987 -0.104368 -0.114224 0.00543982 -0.0170427 0.00983759 -0.109459 -0.0987809 -0.109453 0.00627491 -0.0248546 0.0127736
-0.0560329 -0.13136 -0.080888 0.00782945 0.0579769 0.034492 -0.0457168 -0.130769 -0.0849716 0.00440787 0.0583903 0.0303245
-0.126437 -0.117157 -0.133676 -0.0253841 -0.00453121 0.00369709 -0.138115 -0.113039 -0.128209 -0.0283837 -0.00631293 0.0115581
-0.10494 -0.167179 -0.0870098 0.0521501 -0.00215734 0.00103426 -0.0998301 -0.165629 -0.0828882 0.0565148 0.0107544 0.00488546
-0.084953 -0.178122 -0.125188 0.0193081 0.0237643 0.0301642 -0.0879805 -0.184763 -0.122978 0.024135 0.0281468 0.028348
-0.0202563 -0.0327264 -0.0554842 0.00711952 0.0147426 0.00715127 -0.00161664 -0.0315145 -0.0547694 0.0121171 0.0138436 0.00418506
-0.0404168 -0.0180807 -0.0295146 -0.0111029 0.0119189 0.025319 -0.0343527 -0.00592605 -0.0427611 -0.0109383 0.01163 0.0260866
-0.0195097 0.0019932 0.0207441 0.0033659 0.00486153 0.00360172 -0.0160219 -0.00415978 0.0216925 0.00193296 0.00846154 -0.00188176
-0.0176536 -0.018061 -0.0162002 -0.0258888 0.027469 0.0188635 -0.0232849 -0.0177465 -0.0163869 -0.0219109 0.0203092 0.0200466
0.0152968 -0.00769845 -0.0113403 -0.00447713 0.00593209 0.000360624 0.0204778 -0.0112979 -0.00668222 -0.0045342 -0.00189793 3.03395e-05
0.0303741 -0.0151757 -0.00838814 0.0135762 -0.0143647 0.0257682 0.040659 -0.0230216 -0.0144173 0.0131825 -0.014647 0.0186017
-0.0138063 -0.0158168 -0.0272182 0.0182122 0.0102412 0.0361397 -0.00505574 -0.00626383 -0.0355593 0.0148272 0.00824114 0.0291944
-0.0139949 -0.0737945 -0.0232624 -0.00394128 -0.0444757 0.00123597 0.00101145 -0.0730669 -0.0317104 -0.0040362 -0.0357064 -0.00948167
-0.0159097 -0.00442731 -0.0144487 -0.0129255 0.0164004 -0.00146241 -0.0135905 0.00324602 -0.0181836 -0.00635951 0.022182 -0.00257657
-0.0191369 -0.0207172 -0.0245234 -0.000760185 -0.00654222 0.00906024 -0.00346568 -0.0123363 -0.0227892 0.000663673 -0.00320324 0.0092546
0.00151798 -0.0113138 0.0213944 0.00618179 0.006139 0.0175399 -0.000692994 -0.018386 0.0207375 0.00215164 0.00804034 0.0160761
0.0134983 -0.0093644 0.0104528 -0.0218569 -0.00650666 0.0233077 0.0101668 -0.0137636 0.00127784 -0.0208846 -0.00282278 0.0235882
-0.0376671 0.00674586 -0.00938195 -0.00440252 0.00932667 0.0101923 -0.0353523 0.00513657 -0.0136321 -0.00293917 0.0134463 0.00478562
0.0229336 -0.0256021 0.00660388 0.00286178 0.0178767 0.00354156 0.0150414 -0.0276931 0.0032683 0.00249549 0.0176717 0.00100864
0.00509369 0.023976 -0.019588 -0.00937037 0.00355599 0.01868 0.00201444 0.0196343 -0.0236482 -0.00820179 0.00182352 0.0170275
-0.0306758 -0.038851 -0.0181161 -0.00603381 -0.00576339 0.0188032 -0.0310654 -0.0434018 -0.022583 -0.0097563 -0.00243395 0.0134865
-0.0209413 0.00363576 -0.0121813 -0.0177871 0.0068657 0.00964653 -0.0216956 -0.00115278 -0.0161825 -0.0200724 0.008495 0.0104944
-0.0165066 0.0012777 0.00736757 -0.0223895 0.0167464 0.0153872 -0.0138383 0.000372469 0.00411694 -0.0270911 0.0189702 0.0161137
0.00443627 0.0156483 0.00707531 -0.0108679 0.00307563 0.0242422 0.00228926 0.00788108 -0.00153426 -0.0108109 0.0027616 0.0176498
0.00614297 0.0282181 -0.00476385 -0.00835515 -0.00408756 -0.00298468 0.00233552 0.0222332 -0.00934488 -0.00386802 -0.00330861 -0.0085408
-0.00668624 -0.045223 -0.0496774 -0.013209 -0.0142905 0.0190483 0.00767481 -0.0439387 -0.0452804 -0.00160593 -0.0159224 0.0195102
-0.027669 -0.00238923 -0.0285029 0.0267115 -0.00674465 0.00738884 -0.0252917 0.00888364 -0.0301973 0.0245176 0.000461235 0.0101551
-0.027119 -0.0145844 -0.00226808 0.0224257 -0.0337761 -0.00407471 -0.0334262 -0.0105209 0.00437864 0.0197868 -0.038166 -0.00590232
0.0293374 -0.0236955 -0.0506183 -0.00117574 -0.0070833 -0.00945992 0.0312229 -0.0253447 -0.0566674 -0.00371438 -0.00806944 -0.000775926
0.0168591 -0.014995 -0.0343561 -0.0240884 -0.0145067 -0.0104124 0.0237913 -0.000916173 -0.0312006 -0.0252483 -0.0154528 -0.0127386
0.00325303 0.00240929 0.00200938 -0.00371246 -0.0144695 0.00504582 0.00582932 0.00846324 0.00211605 -0.0140781 -0.0127792 0.0127325
-0.0532879 -0.0350577 -0.00536648 0.00294723 0.0207777 0.018861 -0.0576265 -0.0200135 0.00746164 0.00443481 0.0148653 0.0181211
-0.0126598 0.0285651 -0.0398043 -0.03484 -0.00228643 -0.00864658 -0.00946225 0.0280463 -0.0459804 -0.0363215 0.00422018 -0.00984509
-3.63401e-05 -0.0725959 -0.0520588 0.0128822 0.0133168 -0.0212284 0.0106994 -0.0638369 -0.0568155 0.00406179 0.012627 -0.0155248
-0.0115538 -0.027492 -0.0532009 0.00974045 0.000217389 -0.0157607 -0.00350377 -0.0353785 -0.045983 0.0118482 -0.00386327 -0.0172659
-0.00492427 -0.0265192 0.0175304 -0.00738945 0.0133508 0.0291079 -0.00455299 -0.0219784 0.012709 -0.018959 0.0150652 0.0270642
0.0302569 0.0497106 0.0236507 -0.00475964 0.0616846 -0.00516709 0.0315514 0.0401586 0.0237414 -0.000233302 0.0657917 -0.00563485
-0.0939869 -0.0774759 -0.03982 -0.0224395 -0.0157832 -0.00740101 -0.0962847 -0.0728933 -0.0430427 -0.0203257 -0.0189165 -0.00831315
-0.0657026 -0.0479774 -0.0468896 -0.00843978 -0.0156326 -0.00170039 -0.0578775 -0.04753 -0.0382618 -0.00961975 -0.0246128 -0.0114989
-0.0904356 -0.107157 -0.109018 0.00783026 -0.0123047 0.0301276 -0.089231 -0.104358 -0.10495 0.00896145 -0.00402235 0.0341857
-0.069836 -0.0374463 -0.0783044 -0.0113765 -0.00318419 0.0189514 -0.0507954 -0.0260522 -0.0740616 -0.013158 -0.0134655 0.0187169
-0.052193 -0.0398802 -0.0805541 -0.0155046 -0.0148982 -0.0248501 -0.0468134 -0.0370182 -0.0766761 -0.0187095 -0.0150573 -0.0190834
-0.0874954 -0.031852 -0.0111559 -0.0183754 -0.00241075 -0.0360789 -0.0935542 -0.0288357 -0.0138967 -0.0185242 0.00734349 -0.041524
0.0059381 -0.0592235 -0.0763004 0.0124595 0.0397834 -0.0194555 0.00811648 -0.049245 -0.0791895 0.0151271 0.0387122 -0.026939
0.00157051 -0.032664 0.0550679 -0.0167384 -0.0188442 0.00949969 -0.000408272 -0.0489112 0.0461852 -0.0145892 -0.0183275 0.0134641
-0.00799705 -0.0130585 -0.00782252 -0.0154375 0.0300745 -0.0151637 -0.00497657 -0.00709466 -0.00976596 -0.0205734 0.0325414 -0.0115006
-0.0215992 0.0170111 0.0314427 -0.0217905 0.0129278 -0.014656 -0.029881 0.0101857 0.0273932 -0.0217165 0.0171077 -0.00912457
0.0108673 0.0230811 0.0266475 -0.031521 0.00467482 0.0142586 -0.00173056 0.0130543 0.0314578 -0.0324345 0.00844772 0.0195385
0.0236256 -0.0115387 -0.0123264 -0.00786029 0.0167322 0.0237591 0.0276616 -0.0146957 -0.00994605 -0.0136765 0.0230035 0.027972
-0.039566 -0.0314065 -0.0147561 -0.022568 0.0101401 -0.0081238 -0.035169 -0.0435832 -0.0080167 -0.0277894 0.0151333 -0.00429207
-0.0363256 -0.0290121 -0.0023801 -0.02925 0.00868531 0.0190497 -0.0359677 -0.0356539 0.00651179 -0.0372003 0.00475407 0.0198171
-0.0137851 0.00350638 -0.00988567 -0.00138094 0.0207205 -0.00096823 -0.012638 0.00729778 -0.0134276 -0.00267262 0.0193789 0.00229627
-0.00811478 -0.00702414 0.0207781 -0.0413484 0.0303502 -0.0143134 -0.00489605 -0.00178306 0.0199934 -0.0416738 0.0337386 -0.00955892
-0.0252013 -0.000452319 -0.0136491 -0.0251561 0.0337516 -0.00416211 -0.0283999 0.00522488 -0.013704 -0.0261136 0.0402031 -0.00285022
0.0147144 -0.00615482 -0.00494878 -0.0429072 0.0343592 0.0213314 0.0201497 -0.00345664 0.00041284 -0.0455088 0.025995 0.0174768
-0.102186 -0.0653275 -0.10834 0.0116632 0.0438082 -0.0215945 -0.101375 -0.0574188 -0.106999 0.0154702 0.049855 -0.0218627
-0.00941413 -0.0804252 -0.0296776 -0.00664368 -0.0138346 0.0196888 -0.0157915 -0.071455 -0.0237671 -0.00617664 -0.0184304 0.0167214
-0.0892963 -0.12368 -0.0945879 -0.00678306 0.004682 0.0189207 -0.0766689 -0.113202 -0.0832623 -0.00288025 0.00100302 0.0185685
-0.0674177 -0.112007 -0.0808169 0.0288625 -0.00557557 -0.0101357 -0.0514126 -0.116164 -0.076931 0.029913 0.00111123 -0.0122822
-0.146036 0.0152833 -0.100844 -0.0404451 -0.0170838 -0.0350469 -0.141789 0.0140528 -0.106212 -0.0505733 -0.0180064 -0.0325349
-0.018596 -0.03534 -0.0113049 -0.00894185 -0.0392071 -0.00588985 -0.0206558 -0.0355687 -0.00281617 -0.01483 -0.0437721 -0.000887438
-0.0548991 -0.0835139 -0.113771 0.0138478 0.0373429 -0.0191679 -0.045711 -0.0671765 -0.110507 0.0179811 0.039697 -0.0287308
-0.123898 -0.057187 -0.11442 -0.00310801 0.00146484 -0.0177732 -0.105551 -0.0466353 -0.109185 -0.00311559 0.00833716 -0.0160926
-0.0201356 -0.0696137 -0.0621441 0.00427148 0.00331792 -0.0203972 -0.0124639 -0.0645646 -0.0511092 0.00814602 0.00337972 -0.018383
-0.0657328 -0.00548084 -0.0613186 -0.0106149 0.0271908 0.0154247 -0.0550062 -0.00155778 -0.0486745 -0.0143137 0.0379974 0.0117848
-0.0501846 0.00530955 -0.0119255 0.0243333 -0.022141 0.0144963 -0.0538362 0.0103044 -0.001185 0.0262385 -0.0196801 0.0153495
-0.0201273 -0.054885 -0.0367422 0.0119024 -0.0218205 -0.0256507 -0.0129107 -0.0569065 -0.0287526 0.00103728 -0.0167631 -0.0358528
-0.0399953 -0.0492382 -0.08149 -0.0117488 -0.0103898 0.00745344 -0.0409806 -0.0393588 -0.0796868 -0.00855997 -0.00530423 0.0137274
-0.0398045 -0.0594474 -0.0667626 0.0080694 0.00760531 0.0203712 -0.0390744 -0.0414432 -0.0624496 0.00557481 0.00133065 0.0266137
-0.0935092 -0.0532521 -0.0559447 0.00762525 0.0195632 -0.00709215 -0.092816 -0.0607846 -0.0621649 7.33333e-05 0.0128097 -0.00384167
-0.0508958 -0.0740705 -0.036731 0.0375403 -0.0234652 -0.000392778 -0.0396094 -0.0737045 -0.0340367 0.038702 -0.0101756 -0.00145071
-0.0587012 -0.0338411 -0.0653609 0.0185861 0.000382432 0.0152668 -0.0620404 -0.0284842 -0.0663266 0.0204006 0.00206605 0.0178977
-0.0130583 0.00401004 -0.0187571 0.00214646 0.0217924 -0.00130292 -0.00631654 -0.00622213 -0.0141845 0.0143299 0.0243218 0.00700231
-0.00650408 -0.0594206 -0.0742867 -0.00402656 -0.0142341 -0.0423506 0.00434957 -0.0501704 -0.0732353 -0.00808796 -0.00911367 -0.0389019
-0.0348308 -0.0198316 0.0462448 0.0114899 -0.00266128 -0.0224776 -0.0292569 -0.0123373 0.0523119 0.0140429 0.00311253 -0.0170938
-0.0307625 -0.0230523 0.0522939 -0.000734722 -0.0120166 -0.0290307 -0.0194179 -0.025471 0.0569537 0.00445623 -0.0127821 -0.0295302
0.0249643 -0.027526 -0.0141009 -0.00861743 -0.014251 -0.0540089 0.0260532 -0.0247755 -0.0259607 -0.00865719 -0.00718049 -0.0540629
-0.0504732 -0.0953983 -0.112006 0.00179222 -0.0246509 0.00474874 -0.0515422 -0.0914751 -0.12948 -0.00151525 -0.0256194 0.0017487
-0.118806 -0.0990104 -0.0277106 0.0450555 0.0287312 -0.0160196 -0.119558 -0.102123 -0.0163275 0.0403997 0.0276326 -0.0146409
0.0263229 -0.0248186 -0.0525152 0.0180069 0.00596959 0.0243922 0.023266 -0.0136991 -0.0501943 0.0232003 0.0173212 0.0185385
-0.0122232 -0.0410525 -0.0149845 -0.00025053 0.0022578 -0.0136826 0.000114074 -0.0359156 -0.0107702 -0.000527562 0.00515438 -0.0142103
-0.110423 -0.157991 -0.116487 0.0284207 0.00167649 -0.0331017 -0.0985173 -0.148999 -0.100603 0.0296028 0.00275772 -0.0363235
-0.187519 -0.14841 -0.182147 -0.0468658 -0.0116109 0.0116641 -0.190844 -0.147649 -0.169306 -0.0575276 -0.000207778 0.0118918
-0.0705649 -0.0730732 -0.108167 -0.0136178 -0.00514087 0.053991 -0.0527672 -0.0511147 -0.106848 -0.0135082 -0.00333056 0.0359048
-0.0226046 -0.069226 -0.0527873 0.0365013 -0.0110902 0.0254679 -0.00455639 -0.0614673 -0.0524232 0.0261891 -0.0224754 0.0286281
