-3.56424 -3.56465
-3.55489 -3.55619
-3.55381 -3.55295
-3.56645 -3.5667
-3.55901 -3.55741
-3.54972 -3.54908
-3.55915 -3.55765
-3.56329 -3.56288
-3.56047 -3.56001
-3.5621 -3.56102
-3.56427 -3.56286
-3.55302 -3.55275
-3.55769 -3.55745
-3.55471 -3.55563
-3.56698 -3.56705
-3.56001 -3.56066
-3.55307 -3.55491
-3.55636 -3.55678
-3.57056 -3.56991
-3.55 -3.54975
-3.56031 -3.55986
-3.54787 -3.54909
-3.55964 -3.56082
-3.5588 -3.5589
-3.55556 -3.55581
-3.54547 -3.54614
-3.55128 -3.55044
-3.5584 -3.55806
-3.56108 -3.56024
-3.55336 -3.55427
-3.55788 -3.55649
-3.55558 -3.55585
-3.55516 -3.55368
-3.55427 -3.55308
-3.55641 -3.55522
-3.55481 -3.55444
-3.56093 -3.55869
-3.55745 -3.55606
-3.54778 -3.5469
-3.55207 -3.55237
-3.54853 -3.55065
-3.55695 -3.55754
-3.55255 -3.55305
-3.55892 -3.55922
-3.55419 -3.55308
-3.55733 -3.55809
-3.56142 -3.56188
-3.55479 -3.55403
-3.56873 -3.56965
-3.5611 -3.56095
-3.54825 -3.54768
-3.58419 -3.58363
-3.50848 -3.50511
-3.56844 -3.56857
-3.49267 -3.4927
-3.558 -3.55583
-3.52419 -3.52373
-3.6011 -3.60236
-3.54249 -3.54134
-3.53062 -3.52764
-3.57407 -3.57474
-3.56045 -3.56175
-3.49868 -3.49719
-3.60116 -3.60159
-3.59335 -3.59293
-3.58476 -3.58376
-3.55484 -3.55685
-3.52507 -3.52584
-3.58089 -3.57888
-3.58859 -3.59102
-3.61523 -3.61536
-3.5865 -3.58632
-3.49675 -3.497
-3.61971 -3.62179
-3.46533 -3.4647
-3.64343 -3.64397
-3.64048 -3.64046
-3.63841 -3.63846
-3.63496 -3.63486
-3.64158 -3.64144
-3.63879 -3.63831
-3.64475 -3.64456
-3.64218 -3.64245
-3.64511 -3.64557
-3.63613 -3.63548
-3.64397 -3.64433
-3.62131 -3.62093
-3.64503 -3.64545
-3.63296 -3.63244
-3.64118 -3.64115
-3.63397 -3.63376
-3.62553 -3.62511
-3.64384 -3.64415
-3.64439 -3.64484
-3.64405 -3.64444
-3.64484 -3.6452
-3.62645 -3.62601
-3.64474 -3.6446
-3.62209 -3.62167
-3.6434 -3.64407
-3.6928 -3.69201
-3.69206 -3.69223
-3.68921 -3.68965
-3.69195 -3.69172
-3.69202 -3.69207
-3.68909 -3.68954
-3.69097 -3.69091
-3.69117 -3.6907
-3.69081 -3.69107
-3.6905 -3.69065
-3.68778 -3.68617
-3.68754 -3.68604
-3.68472 -3.68467
-3.68378 -3.68284
-3.6857 -3.68511
-3.68448 -3.68437
-3.68464 -3.68461
-3.6828 -3.68253
-3.68434 -3.68419
-3.68431 -3.68476
-3.66417 -3.66445
-3.66841 -3.66706
-3.66274 -3.66317
-3.66987 -3.66953
-3.66794 -3.66865
-3.65802 -3.65656
-3.66375 -3.66261
-3.66821 -3.6669
-3.66499 -3.66405
-3.66516 -3.66496
-3.63421 -3.63324
-3.63502 -3.63431
-3.63315 -3.63221
-3.63842 -3.63822
-3.6315 -3.63078
-3.63279 -3.63287
-3.63542 -3.6342
-3.63251 -3.63205
-3.63829 -3.63644
-3.63266 -3.63241
-3.60958 -3.6095
-3.60805 -3.60616
-3.61424 -3.6143
-3.60446 -3.60562
-3.60521 -3.60363
-3.60951 -3.60923
-3.59831 -3.5979
-3.607 -3.60588
-3.60641 -3.60528
-3.60771 -3.60836
-3.58784 -3.58561
-3.58216 -3.58053
-3.57829 -3.5779
-3.59118 -3.59024
-3.58073 -3.5815
-3.58675 -3.58725
-3.57825 -3.5774
-3.58501 -3.58487
-3.58378 -3.58417
-3.58312 -3.58245
-3.55405 -3.5527
-3.56274 -3.56279
-3.56512 -3.56319
-3.5634 -3.56282
-3.55952 -3.5591
-3.56033 -3.56373
-3.56485 -3.56446
-3.56669 -3.56624
-3.56348 -3.56266
-3.55265 -3.55146
-3.53654 -3.5368
-3.53904 -3.54054
-3.53318 -3.5332
-3.52406 -3.52081
-3.5355 -3.53491
-3.5469 -3.54567
-3.53797 -3.53744
-3.53908 -3.53785
-3.54052 -3.53913
-3.60823 -3.60873
-3.61436 -3.61556
-3.61889 -3.61972
-3.62012 -3.62021
-3.61423 -3.61476
-3.62605 -3.62849
-3.61795 -3.61793
-3.62011 -3.62132
-3.62131 -3.62409
-3.61666 -3.61784
-3.61418 -3.61665
-3.61849 -3.62045
-3.61131 -3.61423
-3.62085 -3.62224
-3.61464 -3.61494
-3.60943 -3.61106
-3.60326 -3.60534
-3.61213 -3.61362
-3.6171 -3.61873
-3.61667 -3.61826
-3.55454 -3.55547
-3.61646 -3.61778
-3.56749 -3.56731
-3.57051 -3.57096
-3.56772 -3.56911
-3.56565 -3.56676
-3.61102 -3.61263
-3.61622 -3.61761
-3.61559 -3.61777
-3.56933 -3.56946
-3.61424 -3.61499
-3.61258 -3.61343
-3.61843 -3.61973
-3.5688 -3.5698
-3.61826 -3.61919
-3.61567 -3.61646
-3.61382 -3.61492
-3.57351 -3.57367
-3.56672 -3.56863
-3.56697 -3.56844
-3.56446 -3.5648
-3.55978 -3.55953
-3.6102 -3.61089
-3.56511 -3.56721
-3.56657 -3.56812
-3.60875 -3.61032
-3.56434 -3.56716
-3.56583 -3.56731
-3.60479 -3.60646
-3.56256 -3.56265
-3.61095 -3.61154
-3.56728 -3.56878
-3.56443 -3.5645
-3.6117 -3.61308
-3.60814 -3.60912
-3.62083 -3.62385
-3.61598 -3.6177
-3.60884 -3.6103
-3.5615 -3.56416
-3.56272 -3.56435
-3.61118 -3.61397
-3.57312 -3.579
-3.66162 -3.65593
-3.5901 -3.58755
-3.695 -3.69479
-3.60219 -3.60097
-3.60289 -3.60358
-3.67607 -3.67396
-3.60457 -3.60538
-3.69741 -3.69821
-3.59727 -3.59762
-3.60184 -3.60208
-3.59339 -3.59805
-3.68819 -3.68833
-3.62747 -3.62704
-3.6904 -3.69234
-3.59917 -3.60453
-3.69645 -3.69627
-3.57471 -3.57539
-3.60278 -3.59698
-3.59988 -3.60023
-3.58963 -3.59396
-3.59644 -3.60285
-3.58399 -3.58734
-3.57371 -3.57166
-3.56329 -3.56685
-3.59138 -3.59613
-3.58955 -3.59523
-3.56659 -3.56705
-3.58846 -3.58785
-3.61825 -3.62263
-3.70112 -3.70189
-3.70178 -3.70229
-3.70052 -3.70057
-3.70222 -3.70236
-3.69812 -3.69833
-3.69987 -3.70057
-3.70264 -3.70343
-3.69908 -3.69952
-3.70212 -3.70293
-3.70102 -3.70131
-3.70204 -3.70252
-3.70207 -3.70286
-3.69857 -3.69955
-3.7026 -3.70361
-3.70247 -3.7028
-3.70264 -3.70355
-3.70167 -3.70224
-3.70302 -3.70389
-3.69847 -3.69861
-3.70188 -3.70313
-3.69161 -3.69161
-3.6883 -3.68858
-3.69173 -3.69212
-3.69097 -3.69042
-3.69011 -3.68982
-3.69121 -3.69047
-3.68888 -3.68915
-3.69079 -3.69159
-3.69229 -3.69292
-3.68916 -3.68905
-3.68651 -3.68643
-3.68481 -3.6841
-3.68421 -3.68327
-3.68673 -3.68587
-3.68505 -3.68525
-3.68317 -3.68283
-3.6867 -3.68629
-3.68407 -3.68439
-3.6846 -3.68411
-3.68304 -3.68323
-3.66793 -3.66818
-3.66508 -3.66368
-3.66728 -3.66672
-3.66259 -3.66137
-3.6651 -3.66381
-3.66502 -3.66509
-3.66282 -3.66216
-3.6637 -3.66339
-3.66528 -3.66483
-3.6607 -3.66051
-3.63556 -3.63582
-3.63859 -3.63742
-3.63887 -3.63905
-3.63178 -3.63057
-3.63223 -3.63229
-3.63756 -3.63587
-3.63287 -3.63323
-3.63966 -3.63871
-3.63314 -3.63154
-3.63286 -3.63181
-3.61171 -3.6115
-3.6084 -3.60733
-3.60851 -3.60652
-3.61054 -3.6106
-3.60331 -3.60261
-3.6086 -3.6074
-3.60845 -3.60879
-3.60316 -3.60078
-3.61079 -3.61099
-3.60729 -3.60559
-3.58273 -3.5826
-3.57935 -3.5779
-3.58191 -3.57995
-3.58079 -3.57949
-3.58252 -3.58276
-3.57967 -3.58053
-3.5812 -3.58068
-3.58447 -3.5851
-3.57871 -3.5787
-3.57646 -3.5746
-3.55623 -3.55639
-3.56199 -3.56221
-3.55151 -3.55248
-3.55256 -3.54986
-3.55204 -3.55168
-3.56127 -3.56083
-3.56009 -3.56023
-3.56211 -3.56184
-3.55886 -3.55926
-3.56148 -3.56069
-3.53035 -3.52907
-3.53393 -3.53368
-3.53306 -3.53219
-3.53988 -3.54016
-3.5364 -3.53666
-3.54876 -3.54867
-3.53158 -3.52993
-3.53605 -3.53532
-3.53712 -3.5369
-3.53791 -3.53887
-3.57099 -3.57098
-3.53216 -3.53271
-3.53608 -3.53715
-3.52429 -3.52438
-3.52567 -3.52651
-3.52633 -3.52656
-3.52805 -3.52774
-3.5223 -3.52176
-3.52236 -3.52111
-3.52794 -3.52899
-3.53406 -3.53461
-3.52641 -3.52648
-3.52862 -3.52798
-3.53286 -3.53234
-3.52665 -3.52572
-3.52592 -3.52709
-3.53107 -3.53131
-3.51971 -3.51903
-3.52392 -3.52276
-3.52581 -3.52524
-3.52029 -3.52077
-3.53291 -3.53387
-3.52123 -3.52131
-3.52619 -3.52493
-3.53068 -3.53026
-3.53364 -3.53366
-3.53394 -3.53356
-3.52413 -3.52444
-3.52695 -3.52711
-3.53187 -3.53405
-3.51986 -3.52116
-3.5181 -3.51894
-3.5246 -3.52449
-3.53155 -3.53125
-3.53024 -3.52965
-3.52651 -3.52707
-3.5277 -3.52838
-3.52971 -3.52939
-3.52048 -3.52099
-3.5149 -3.51597
-3.52534 -3.52694
-3.53557 -3.53648
-3.52692 -3.52657
-3.51286 -3.51133
-3.5264 -3.52592
-3.52704 -3.52683
-3.51882 -3.519
-3.51958 -3.51957
-3.52602 -3.52629
-3.52413 -3.52443
-3.52546 -3.52681
-3.52439 -3.52451
-3.53208 -3.5322
-3.53366 -3.53328
-3.52691 -3.5277
-3.52734 -3.5274
-3.53177 -3.53068
-3.53313 -3.5336
-3.53565 -3.53607
-3.52242 -3.52133
-3.51631 -3.51491
-3.52495 -3.52406
-3.52518 -3.52531
-3.52633 -3.52652
-3.52621 -3.52616
-3.52037 -3.5206
-3.51759 -3.51793
-3.52147 -3.52069
-3.52479 -3.52582
-3.52697 -3.52754
-3.521 -3.52287
-3.52253 -3.52245
-3.52508 -3.52589
-3.53225 -3.53251
-3.53699 -3.53642
-3.52875 -3.52856
-3.52694 -3.52707
-3.52527 -3.52402
-3.52275 -3.52103
-3.51819 -3.5173
-3.52771 -3.52756
-3.53506 -3.53473
-3.52812 -3.52899
-3.53718 -3.53659
-3.52405 -3.52448
-3.53019 -3.53043
-3.5194 -3.51776
-3.51831 -3.51781
-3.52961 -3.52926
-3.52471 -3.52469
-3.52377 -3.5245
-3.5313 -3.53208
-3.53036 -3.53107
-3.53227 -3.53155
-3.52519 -3.52569
-3.52153 -3.52217
-3.5317 -3.53283
-3.523 -3.52425
-3.51554 -3.51578
-3.5265 -3.52663
-3.55 -3.55074
-3.55464 -3.55659
-3.54943 -3.55058
-3.55515 -3.55597
-3.5524 -3.55379
-3.53032 -3.53076
-3.53505 -3.53628
-3.53786 -3.5389
-3.53465 -3.53503
-3.52962 -3.52944
-3.51659 -3.51702
-3.52447 -3.52378
-3.5174 -3.51802
-3.51851 -3.51713
-3.51733 -3.51757
-3.47667 -3.47307
-3.47647 -3.47387
-3.47981 -3.47817
-3.4763 -3.47344
-3.47533 -3.4711
-3.53467 -3.53477
-3.54016 -3.54115
-3.53409 -3.53457
-3.54119 -3.54169
-3.54015 -3.54001
-3.50073 -3.49784
-3.49682 -3.49224
-3.51078 -3.51215
-3.49445 -3.48677
-3.49038 -3.48665
-3.48269 -3.47954
-3.47409 -3.47207
-3.4743 -3.47212
-3.47594 -3.47344
-3.47977 -3.47716
-3.46849 -3.46684
-3.46007 -3.45745
-3.46806 -3.46479
-3.46608 -3.46315
-3.45627 -3.45448
