0.480418 0.446823 0.466723 -0.033617 0.0465171 -0.0397325 0.493853 0.45786 0.472414 -0.0398588 0.0478158 -0.0404388
0.524211 0.472375 0.496542 0.025072 0.0666676 0.0287275 0.524542 0.458668 0.490102 0.0302711 0.0671501 0.0259524
0.453598 0.532883 0.431276 -0.0110149 -0.00550168 -0.00911675 0.445929 0.528378 0.430916 -0.0161442 0.00245853 -0.0146398
0.449808 0.425204 0.442251 -0.0127222 -0.0423296 0.0347728 0.452919 0.425389 0.437958 -0.0154443 -0.0456882 0.0425336
0.48606 0.471309 0.461815 0.0168825 -0.0242064 -0.0342621 0.498069 0.476984 0.45027 0.0171437 -0.0242755 -0.0440118
0.496938 0.530681 0.530971 -0.0237143 -0.000301427 -0.0175329 0.49634 0.532207 0.526141 -0.0211527 0.00426541 -0.0162742
0.383084 0.410572 0.43594 -0.0224715 -0.0193205 -0.0175558 0.379662 0.408609 0.433422 -0.0269522 -0.0146883 -0.0147941
0.36655 0.430653 0.37935 0.00102479 -0.0271414 -0.024428 0.357203 0.433841 0.387412 -0.00833175 -0.0289762 -0.0272347
0.471279 0.435386 0.468833 -0.00956285 0.0272735 0.00289883 0.473086 0.440252 0.464531 -0.00847351 0.0345547 0.00120636
0.440768 0.443837 0.491443 0.00973315 -0.0104842 -0.0495476 0.442545 0.454861 0.486716 0.00938368 -0.00968043 -0.0457941
0.472631 0.45241 0.458688 0.000660352 0.00356842 -0.0434434 0.477016 0.448772 0.455543 -0.00638043 0.00927012 -0.0418012
0.560393 0.510342 0.472895 0.0159147 0.0170502 -0.00892554 0.554521 0.502294 0.463961 0.0126509 0.0156128 -0.0132553
0.466161 0.456181 0.447561 0.00475765 0.0146433 0.0081659 0.471427 0.462012 0.440237 0.00683932 0.0121714 0.00178921
0.433343 0.436284 0.480788 0.0223889 -0.00204205 0.00629888 0.431747 0.438046 0.472825 0.0297194 -0.000666469 0.0054045
0.370798 0.368149 0.423976 -0.00142031 -0.0349243 -0.02943 0.36779 0.372695 0.419539 0.00577564 -0.0375386 -0.0259482
0.425773 0.37221 0.412337 -0.0359161 0.0173552 -0.0378532 0.420799 0.370034 0.405254 -0.0383461 0.0115225 -0.0317232
0.493887 0.470837 0.467805 -0.0159535 -0.0283613 -0.00269899 0.486674 0.469593 0.472349 -0.0198254 -0.0301031 0.0035296
0.453206 0.394063 0.408471 0.0141729 -3.85624e-05 -0.0439224 0.449739 0.393246 0.413958 0.0134594 -0.00291399 -0.0432313
0.416534 0.341664 0.383657 -0.0084375 -0.0172655 0.0105974 0.407984 0.341726 0.380022 -0.0122662 -0.0115208 0.0138574
0.458899 0.521866 0.44962 -0.00254322 -0.0323555 -0.0291965 0.45288 0.515267 0.442991 -0.0132451 -0.0309982 -0.0307311
0.362811 0.424275 0.494025 0.0017752 -0.00391803 -0.00941446 0.365508 0.425342 0.494485 0.00239638 0.00418316 -0.0163212
0.4528 0.413469 0.437533 -0.0277974 -0.0109554 -0.0242007 0.445978 0.409694 0.427018 -0.0301133 -0.00738495 -0.0260281
0.417947 0.353894 0.44027 0.0229323 0.0418951 -0.042498 0.41348 0.352254 0.434274 0.0228333 0.044718 -0.0374573
0.443548 0.390253 0.386664 0.0312964 0.0164657 -0.0109985 0.441913 0.386659 0.390883 0.029703 0.0251255 -0.00672989
0.471212 0.507618 0.49391 -0.0442395 0.00914499 -0.00574898 0.461459 0.496764 0.491789 -0.0468247 0.0145941 -0.00609167
0.517645 0.629494 0.49529 0.0219252 0.00749917 0.0166182 0.511886 0.619125 0.483635 0.0219245 0.0168807 0.0176467
0.517356 0.492304 0.518134 0.0469992 0.0134965 0.00543906 0.5126 0.495605 0.515486 0.0403159 0.00679579 0.00457754
0.46827 0.475583 0.448732 -0.00537296 -0.033581 0.0251162 0.471124 0.472473 0.448868 -0.00766916 -0.0313196 0.0192235
0.461424 0.449649 0.408009 0.00819841 -0.0392614 -0.00595503 0.467336 0.446957 0.404581 0.00476166 -0.0407844 0.000465671
0.455151 0.405612 0.462041 0.0205914 0.0111022 0.0548771 0.460218 0.400898 0.449966 0.0169888 0.012626 0.0547128
0.440487 0.402328 0.446492 -0.0437706 -0.00565815 0.0140908 0.445083 0.400996 0.443214 -0.0499949 -0.00672582 0.0172438
0.491729 0.450361 0.46571 -0.0509943 -0.00221986 -0.015322 0.499476 0.446882 0.448508 -0.047705 -0.0130105 -0.0144109
0.457521 0.458699 0.478896 -0.0262561 0.040438 0.0430431 0.453179 0.45177 0.4781 -0.0256168 0.040128 0.046099
0.456339 0.437841 0.445267 -0.0295712 -0.0315119 0.0106084 0.456359 0.428385 0.442856 -0.0317537 -0.0327825 0.00807983
0.503375 0.424399 0.395307 0.033661 -0.00371461 -0.0187669 0.497803 0.417281 0.390835 0.0301588 -0.00240576 -0.0126719
0.416445 0.437873 0.419291 -0.00123 0.01698 -0.045507 0.410684 0.438268 0.423373 -0.00232603 0.020277 -0.0362753
0.425279 0.3464 0.394079 -0.0189892 -0.0586648 -0.0445906 0.433355 0.359671 0.402355 -0.0132808 -0.0613592 -0.0377653
0.443618 0.393559 0.502725 -0.0241347 0.0244477 -0.0394297 0.430757 0.393689 0.505054 -0.0242779 0.0245665 -0.0426957
0.526866 0.44602 0.586764 0.0283788 -0.00334432 0.0292587 0.512122 0.446255 0.578286 0.0242417 -0.00171864 0.0307368
0.455104 0.403144 0.44452 -0.0420691 0.00917937 -0.0189492 0.454532 0.3987 0.443928 -0.0439254 0.00814646 -0.0208365
0.495804 0.406321 0.464373 -0.0128968 0.00143436 -0.0253585 0.495206 0.399635 0.466459 -0.0152428 0.00550806 -0.0283782
0.418434 0.41269 0.453218 0.026038 -0.0202086 0.020494 0.409966 0.412614 0.447323 0.0259103 -0.0157398 0.0268122
0.449684 0.420716 0.462289 -0.00287897 -0.040962 0.000519551 0.438219 0.419815 0.466068 -0.00710277 -0.033397 0.0037412
0.456779 0.395676 0.369448 -0.0206154 -0.0335883 -0.0088921 0.45598 0.389634 0.386525 -0.0139735 -0.0297842 -0.00928088
0.51383 0.409035 0.469363 -0.0136596 -0.0240318 0.0220438 0.511934 0.41198 0.460957 -0.0101693 -0.0265485 0.0224282
0.414181 0.367834 0.406967 -0.0194626 0.0235582 0.01125 0.401907 0.356422 0.401654 -0.0214863 0.0199587 0.0172934
0.331485 0.432513 0.402159 0.0311633 0.0547824 -0.026245 0.325838 0.434839 0.393868 0.030475 0.0485165 -0.0255679
0.42867 0.433488 0.437906 -0.0187363 -0.0227095 -0.0277693 0.425209 0.436105 0.440555 -0.00674213 -0.0213253 -0.0290699
0.407969 0.445377 0.404393 -0.0125737 -0.0285582 -0.0130851 0.406738 0.440484 0.400644 -0.00151795 -0.0237232 -0.0195912
0.450361 0.440447 0.40967 -0.00869103 0.00447066 -0.0236871 0.457791 0.427964 0.408336 -0.00955828 0.00245516 -0.0279712
0.613972 0.51551 0.714227 -0.287255 0.167922 -0.198198 0.617166 0.523667 0.725763 -0.298269 0.157362 -0.197367
0.50555 0.45698 0.473459 0.0309114 -0.12908 0.117448 0.509941 0.462832 0.484906 0.0193631 -0.120371 0.115618
0.780401 0.549017 0.725203 -0.0945754 -0.227198 0.325022 0.785123 0.572344 0.736852 -0.119461 -0.240382 0.32524
0.492882 0.523062 0.580469 0.258515 -0.199627 0.164019 0.510605 0.54355 0.594224 0.251475 -0.191089 0.158254
0.852503 0.862219 0.872346 0.44695 0.252607 0.204343 0.836354 0.863295 0.86777 0.451099 0.258893 0.22744
0.493094 0.598364 0.538378 0.0700135 -0.160828 -0.207295 0.491213 0.593123 0.533243 0.0716724 -0.165022 -0.200177
0.703582 0.619491 0.698142 -0.177457 -0.101067 0.238628 0.696068 0.621418 0.699333 -0.184953 -0.104967 0.252657
0.411034 0.468387 0.386036 0.059394 0.00848224 0.125401 0.413968 0.480468 0.385694 0.0551343 0.00904489 0.127714
0.665243 0.759495 0.528349 -0.0636184 -0.224167 -0.0471402 0.646578 0.741584 0.499701 -0.0626769 -0.217289 -0.0458232
0.743529 0.780979 0.632599 -0.0946572 -0.340341 0.311369 0.726805 0.777031 0.615871 -0.0968724 -0.342005 0.319866
0.512181 0.45325 0.578968 -0.043856 -0.0342922 0.016227 0.513591 0.453142 0.581157 -0.056578 -0.0387897 0.0170067
0.689962 0.521515 0.592 0.0972355 -0.0732799 -0.106226 0.699537 0.514922 0.61953 0.117544 -0.0867119 -0.113126
0.715814 0.888201 0.906723 0.510446 -0.123937 0.0842564 0.727524 0.897878 0.903474 0.507388 -0.11485 0.0942329
0.362206 0.399092 0.382201 -0.0046868 0.0453901 0.238441 0.361558 0.393452 0.391262 0.00138416 0.0375404 0.228664
0.43976 0.471048 0.424119 -0.0982273 -0.149642 -0.0677025 0.464362 0.489569 0.430167 -0.0935728 -0.150541 -0.0594678
0.459343 0.488936 0.422106 -0.0371163 -0.309861 -0.0772475 0.469095 0.497615 0.428782 -0.0320998 -0.308283 -0.0689004
0.479502 0.571606 0.657199 0.255766 0.0554607 0.108002 0.484593 0.594949 0.673017 0.258155 0.0621976 0.0999039
0.658686 0.661031 0.786933 0.102286 0.402425 0.218308 0.635408 0.63742 0.764431 0.0940839 0.399808 0.201613
0.472403 0.553971 0.561254 -0.0581496 -0.124948 -0.0612113 0.469086 0.548924 0.560924 -0.0518175 -0.123895 -0.0647554
0.503114 0.559863 0.399993 0.130144 0.162089 0.141714 0.508601 0.57415 0.390749 0.135736 0.155164 0.129023
0.343095 0.347626 0.359338 0.148264 0.231398 0.0469693 0.353773 0.365553 0.363541 0.1455 0.239491 0.0454981
0.416789 0.503198 0.449788 0.243342 -0.0162358 0.0730879 0.431976 0.517587 0.46149 0.238768 -0.00891074 0.0664818
0.847894 0.749713 0.872385 0.244622 -0.108486 -0.00253979 0.814701 0.723197 0.821493 0.249268 -0.0950929 -0.00500261
0.324265 0.325353 0.349935 0.0254122 -0.0804233 -0.0391858 0.331472 0.335143 0.364124 0.0338027 -0.0796434 -0.0335154
1.00638 0.9715 1.02863 0.0820712 0.112687 0.680525 0.992688 0.932643 1.01163 0.0933144 0.110695 0.685945
-0.157922 -0.162583 -0.168503 -4.12244e-08 1.35619e-08 2.04288e-08 -0.180569 -0.178382 -0.167294 0 -0 0
0.286956 0.301075 0.286905 2.45987e-08 9.75539e-08 1.8927e-08 0.298517 0.287291 0.295527 0 0 -0
0.354492 0.347004 0.34696 -6.27273e-08 -9.40811e-08 -1.05673e-07 0.345704 0.35287 0.353143 0 0 0
0.437433 0.431645 0.43251 -4.78194e-08 -6.22711e-08 -2.66253e-08 0.433446 0.436348 0.434995 0 0 0
0.252911 0.251578 0.25801 -3.27034e-08 -2.45248e-08 4.42975e-08 0.245588 0.273361 0.242553 0 0 0
0.339837 0.364888 0.339736 -1.63411e-09 -2.84152e-11 1.40665e-08 0.355295 0.339796 0.354877 0 0 -0
0.101478 0.0925477 0.0929035 -2.61511e-08 -3.46652e-09 3.79624e-08 0.0774467 0.077032 0.114711 0 -0 0
-0.222661 -0.210171 -0.210492 -6.34051e-09 -3.25483e-10 -1.72482e-08 -0.2178 -0.240877 -0.240644 0 0 0
-0.0329245 -0.0285364 -0.0223894 -9.29237e-09 4.91516e-08 -6.75702e-11 -0.0272056 -0.0380904 -0.0420233 -0 0 0
0.433165 0.406261 0.405507 1.37063e-09 3.71526e-08 -5.35609e-08 0.408277 0.424523 0.419767 0 0 0
0.137914 0.138841 0.144805 -6.28762e-09 1.15669e-09 4.41567e-09 0.142209 0.140022 0.134074 0 0 0
0.6806 0.682121 0.68675 2.93002e-08 1.41142e-08 3.8047e-08 0.686432 0.681745 0.678839 0 0 0
-0.0588598 -0.0582032 -0.0432788 9.23833e-09 1.91977e-08 -2.66653e-08 -0.0557185 -0.0569761 -0.0671373 0 0 0
0.47366 0.47397 0.494351 1.08909e-07 6.49989e-09 1.34955e-08 0.487039 0.491546 0.476499 -0 0 0
0.279676 0.264243 0.264124 1.16521e-08 4.77859e-08 -1.44934e-08 0.268408 0.279831 0.27693 0 -0 0
0.452444 0.462429 0.453806 7.70978e-08 1.44728e-07 -1.18906e-07 0.46877 0.451829 0.456885 0 0 -0
0.623884 0.611305 0.611155 -3.44661e-08 -3.91863e-08 2.49845e-08 0.611581 0.619025 0.620789 0 0 0
0.149355 0.152137 0.145529 6.58336e-08 -2.91254e-08 -1.62955e-08 0.145583 0.14326 0.155804 0 0 0
0.111193 0.109344 0.108146 8.16613e-08 -1.14898e-07 1.10211e-08 0.105374 0.108781 0.109133 0 0 0
0.132867 0.132903 0.138285 -3.91606e-09 3.03896e-08 -1.46065e-08 0.134989 0.134875 0.128525 -0 0 0
0.0697565 0.0813429 0.0713399 1.35413e-09 8.76873e-08 3.84203e-08 0.0769395 0.0660744 0.0716078 0 0 0
0.59539 0.59575 0.609133 8.64349e-08 -1.47874e-08 -4.26342e-08 0.607063 0.601643 0.595968 0 0 0
0.0944346 0.110702 0.0962024 -8.52075e-09 -2.03304e-08 5.26704e-08 0.0879526 0.0833863 0.115451 0 0 -0
0.667775 0.670602 0.675063 -2.09595e-08 -6.26384e-08 2.13994e-08 0.677742 0.668661 0.667298 0 0 0
-0.166069 -0.163407 -0.159488 -1.17086e-08 -3.83219e-08 -2.41288e-08 -0.171204 -0.174475 -0.178621 0 0 0
0.0573355 0.0130984 0.0322791 0.00968066 0.0117862 0.0142761 0.0589898 0.00687377 0.0314435 0.0105006 0.00748173 0.012436
0.0425803 0.0146482 0.0175406 0.000537032 0.00684776 -0.0133915 0.0418313 0.00548645 0.014592 0.0012484 0.00383685 -0.0121875
0.0144109 0.0168062 0.0344621 -0.00706762 0.0153867 0.00689313 0.00800546 0.0187456 0.0279598 -0.00737083 0.0124776 0.00677049
0.0242012 0.0338116 0.0295459 -0.00921891 0.00416465 0.00317345 0.02106 0.0301729 0.0247506 -0.0046167 0.00201469 0.00753012
0.0212609 0.0118568 0.0104396 0.0157158 0.0284266 -0.00200899 0.0224803 0.00759204 0.00664796 0.0163148 0.0282773 -0.00471497
0.00402612 -0.014924 0.0231483 -0.0133026 -0.00744275 0.010315 0.000295988 -0.0127507 0.0188854 -0.00950827 -0.0075546 0.013716
0.0459916 0.0246511 0.0370222 0.0101604 0.0119348 0.00132572 0.044642 0.0212311 0.0261276 0.0125274 0.00905799 -1.9321e-05
0.0155758 0.0142435 0.036538 0.0156657 0.0115306 0.0214552 0.010757 0.00746204 0.0293294 0.0158106 0.0133363 0.022473
0.0371281 0.00529216 0.0234317 0.0055 0.0188351 0.0184004 0.034228 0.00147444 0.0204877 0.00809497 0.019215 0.0166585
0.0155516 0.0150381 0.0185749 0.0201153 0.00230933 0.00748722 0.011399 0.0102531 0.0136956 0.0218155 -0.00190062 0.00915164
0.0431154 0.0545051 0.0202657 0.000476717 0.00034057 0.00992614 0.0368725 0.0497764 0.00734068 -0.000555864 -0.00249747 0.0117462
0.0175912 0.0333917 -0.0202481 0.00165394 -0.0155578 -0.0070189 0.0137578 0.0357153 -0.0235905 0.0027562 -0.0158409 -0.00752938
0.0668069 0.0688574 0.0358647 -0.00646008 -0.0063917 0.0240711 0.0546604 0.0593723 0.0179874 -0.00562738 -0.00599673 0.0284289
0.0644552 0.023419 0.0363414 -0.0117921 -0.00397439 0.000507633 0.062073 0.0236732 0.0335825 -0.0163966 -0.0114124 0.000507747
0.0734167 0.0791548 0.0497917 0.00244612 -0.0108145 0.00996157 0.0659975 0.0762861 0.0394346 -0.00208636 -0.0099196 0.0116669
0.0373908 0.00280064 0.00382612 -0.0294257 -0.00269492 -0.0227071 0.0328336 0.00685565 -0.00126772 -0.0298 0.00183991 -0.0204346
0.0409435 0.0232848 -0.00690879 0.0147525 0.0138306 -0.00573112 0.0294669 0.0276381 -0.0177429 0.01374 0.0100376 -0.00692182
0.0144813 0.00163272 -0.0226294 -0.0198494 0.0113265 -0.0042932 0.0082737 0.00793383 -0.0243486 -0.0167428 0.0095742 -0.00548839
0.00522207 0.044157 0.01542 0.0077287 -0.0296519 0.00361479 -0.00159426 0.0431426 0.00590086 0.00328645 -0.0304928 0.00170179
0.00639369 0.0462062 0.00434881 0.00317118 0.00624637 0.00584177 -0.00159849 0.0512565 -0.00376784 -0.000330802 0.00354043 0.00687404
-0.00163287 -0.00955601 -0.010149 -0.0093201 0.0128144 0.0206239 -0.00809089 -0.00696787 -0.0129518 -0.00982571 0.0161883 0.0204187
-0.0164965 0.012103 -0.0060701 -0.0366355 0.0067699 0.00673471 -0.0158464 0.00726324 0.00153506 -0.0390613 0.00422988 0.0120871
0.0172622 -0.00149313 -0.0287226 -0.0340463 -0.0201121 -0.00177223 0.0184413 -0.00346614 -0.0276514 -0.0388461 -0.0172206 0.00504358
-0.00861129 -0.0183703 -0.0373122 0.0180386 -0.0178243 -0.00269039 -0.0116021 -0.0136703 -0.0456799 0.0191284 -0.0155466 -0.0020971
0.00757541 -0.00571746 0.0269616 -0.0188575 0.0216504 -0.0168679 0.00717713 0.00469982 0.0227665 -0.00823105 0.0166307 -0.0197132
0.00366883 0.00980524 0.00808898 -0.0230594 0.00473675 0.0228879 0.00295694 0.00427938 0.00923293 -0.0272297 0.00158747 0.029684
0.00267457 -0.000676889 0.0341209 -0.0125394 -0.0117698 -0.0069546 -0.00808111 0.00187596 0.0339569 -0.0123669 -0.0148798 -0.00559438
-0.032936 -0.00803339 -0.0424518 0.014705 -0.00268844 0.0348761 -0.0339301 -0.0102894 -0.0416294 0.0205274 -0.00283731 0.0313291
-6.44418e-05 -0.0168359 -0.0135561 0.0064953 0.00558161 0.00131776 -0.00448071 -0.0113041 -0.00480401 0.00335049 0.00305006 0.00145935
0.0312597 0.000333809 -0.0114945 0.0020267 0.00955452 0.0188317 0.0359829 -4.78395e-06 -0.00260512 0.00297469 0.0056904 0.017887
0.0119998 -0.0196279 -0.00028282 -0.0223793 -0.00588436 -0.0444339 0.0112759 -0.0167811 0.0109463 -0.0222157 -0.00790349 -0.0462465
-0.0207755 -0.0641864 -0.0111743 0.019683 -0.00105244 -0.013744 -0.0155415 -0.0659603 -0.0100511 0.0137789 -0.00573306 -0.0170389
-0.043622 -0.043513 -0.0519704 -0.0220926 0.00160064 -0.00625126 -0.0449921 -0.03348 -0.0437763 -0.0229574 0.0059187 -0.00718593
-0.00820232 0.0214998 -0.0706011 0.00604703 -0.00716837 0.0061908 -0.00939586 0.0276563 -0.0779335 0.00480454 -0.00370525 0.00931762
-0.0052129 -0.056151 -0.0214172 0.00568906 0.00832596 -0.00747911 0.00781809 -0.0580479 -0.0163735 0.00320346 0.00812574 -0.00400725
-0.00136042 -0.0502144 0.0154611 0.00357006 0.0300463 -0.0225302 -0.000916636 -0.0398777 0.0128827 -1.7284e-05 0.030324 -0.0222268
0.00506048 -0.0376857 -0.0521287 0.0394491 -0.00686493 0.0134047 0.00353105 -0.0339527 -0.0395275 0.0465723 -0.00855383 0.0132847
-0.0344266 -0.0434345 -0.00148234 -0.00469901 0.0161909 -0.0265979 -0.0256402 -0.0337501 0.0115559 0.00111812 0.00983293 -0.0235534
-0.037992 -0.0376592 -0.00552805 -0.0201335 2.58187e-05 -0.00378142 -0.0444696 -0.0331845 -0.00512031 -0.0181285 0.00939793 0.00227509
0.00747252 -0.0123211 -0.0179126 0.0277791 0.0226577 0.000871382 0.0122911 -0.0145377 -0.0175768 0.0231096 0.0282186 -0.00681895
-0.0641043 -0.061915 -0.0580277 -0.00340146 0.0113715 0.0170839 -0.0615946 -0.0581871 -0.0521398 -0.00697312 0.013734 0.0162102
-0.0167186 -0.0247878 -0.0370028 -0.0424487 0.0274073 0.00259996 -0.0139724 -0.0224233 -0.033275 -0.0386177 0.0255622 0.00775867
-0.0758966 -0.0841742 -0.0677512 -0.0255824 -0.00531405 -0.0280932 -0.0711567 -0.0847544 -0.0706285 -0.0292126 -0.00696725 -0.030828
-0.0521099 -0.0937482 -0.0733322 -0.0024342 0.00892135 -0.00226712 -0.0462549 -0.082917 -0.0692941 0.00321515 0.00461793 -0.00892309
-0.0593896 -0.00824568 -0.0499515 0.000474084 -0.0146885 0.0149554 -0.059473 -0.00917052 -0.0466552 -0.00155401 -0.0197984 0.0193471
-0.0531733 -0.0569774 -0.0654456 0.00552228 0.0253597 0.00724885 -0.0425927 -0.0546525 -0.0596395 0.0129505 0.0299786 0.00191287
-0.00968426 -0.0591138 -0.0344217 -0.010209 0.00175206 -0.00645978 -0.0091316 -0.0582795 -0.0371293 -0.00684244 -0.00184333 -0.00708839
-0.0986702 -0.129392 -0.0557354 -0.0185766 -0.00662369 -0.0161 -0.0976726 -0.130068 -0.0476364 -0.0219824 -0.00536225 -0.0163311
-0.0655961 -0.0227007 -0.0983473 0.008948 -0.00657368 0.0175182 -0.053798 -0.0103526 -0.0966905 0.00627216 -0.00859679 0.0173787
-0.0354499 -0.0254245 -0.0034635 0.0113733 -0.0317339 0.00315059 -0.0365791 -0.0193383 -0.00234843 0.00811361 -0.0259255 0.00215509
0.0318613 -0.0422885 -0.0311493 0.0337189 0.0141879 0.03493 0.0315991 -0.0407389 -0.0239172 0.0372939 0.0170623 0.0399379
-0.10455 -0.107874 -0.0878121 0.0191846 0.0164325 0.0284095 -0.0982314 -0.104362 -0.0844532 0.0167847 0.0194419 0.0320552
-0.0879095 -0.105161 -0.124113 0.0129901 0.000489917 -0.0249051 -0.0764505 -0.103682 -0.119289 0.0125451 0.00913142 -0.0215874
-0.131674 -0.157428 -0.125765 0.0161764 0.0337705 -0.00854687 -0.121005 -0.155259 -0.128729 0.012803 0.0373716 -0.00949386
-0.0691306 -0.0309767 -0.0940099 -0.0704192 -0.0162904 -0.0162759 -0.0627573 -0.0427374 -0.0955433 -0.0726768 -0.0103589 -0.0103661
-0.0632867 -0.0306515 -0.0410807 0.0175208 0.0113018 -0.0228269 -0.051714 -0.0270242 -0.0422779 0.0120276 0.00906463 -0.0204198
-0.0469348 -0.09235 -0.0523526 -0.00765959 -0.013758 -0.00218749 -0.0464483 -0.0883288 -0.0451871 -0.008705 -0.0119071 -0.00804213
-0.085004 -0.144541 -0.12872 -0.0380968 -0.0287182 0.0133681 -0.0862865 -0.135133 -0.134606 -0.0396731 -0.0277632 0.0193626
-0.101666 -0.112231 -0.110972 0.0627575 0.00398864 0.0122737 -0.097168 -0.107299 -0.101869 0.0628973 0.00551676 0.0116084
-0.103131 -0.106004 -0.0775952 -0.00825332 0.0190517 0.0187273 -0.0976177 -0.0985034 -0.0849998 -0.00319481 0.0253124 0.0225834
-0.145801 -0.115026 -0.127762 -0.00168874 -0.0135087 0.0367888 -0.149075 -0.12241 -0.128136 0.000764105 -0.00835651 0.0383102
-0.132276 -0.139846 -0.157679 -0.00400142 -0.00512923 -0.0219535 -0.137398 -0.148749 -0.161613 -0.0103903 -0.0034084 -0.0173139
-0.056699 -0.0786734 -0.0924329 0.00421404 -0.00898221 -0.0473241 -0.0627407 -0.0824413 -0.0998809 0.00216605 -0.0106328 -0.0595544
-0.0591109 -0.0941827 -0.114201 0.000199869 -0.0231694 0.0115369 -0.0522292 -0.0978895 -0.116938 -0.00169315 -0.0317363 0.0117735
-0.101192 -0.0463195 -0.0485949 0.0570175 -0.0448948 0.0242301 -0.113055 -0.0478672 -0.055598 0.0555473 -0.0499502 0.0256529
-0.123745 -0.156275 -0.130047 -0.0286174 0.0103706 -0.00725349 -0.130505 -0.163601 -0.121842 -0.021273 0.0147398 -0.0105468
-0.17599 -0.179681 -0.184681 0.00785033 0.0232541 -0.00215076 -0.186758 -0.176423 -0.184392 0.00472222 0.0216104 -0.00609488
-0.158507 -0.138747 -0.155715 -0.0268241 0.0120999 0.00157146 -0.159005 -0.133997 -0.154103 -0.0274713 0.0212327 0.00269574
-0.123901 -0.0674024 -0.148396 -0.0278508 0.0177406 -0.00846623 -0.122617 -0.0695567 -0.142957 -0.0306701 0.0210315 -0.0112802
-0.0584825 -0.124194 -0.134156 -0.0284682 0.0314395 0.0192698 -0.0549875 -0.119837 -0.125124 -0.0251728 0.033267 0.0204937
-0.103451 -0.116867 -0.108452 -0.026902 0.00378269 0.0323114 -0.106177 -0.120741 -0.105228 -0.0325649 0.00486306 0.0400757
-0.0996966 -0.108229 -0.120106 -0.00675408 0.0476447 -0.0139167 -0.0957208 -0.116043 -0.117 -0.00730077 0.0514701 -0.0148898
-0.0786414 -0.1259 -0.119185 -0.0094922 0.0112054 0.0331261 -0.0755487 -0.122246 -0.127714 -0.00967707 0.019948 0.0304683
-0.0993212 -0.0983917 -0.131519 0.00516649 0.00900972 -0.0319145 -0.0939652 -0.096089 -0.115513 0.00396235 0.0106531 -0.033116
-0.108354 -0.0834011 -0.0895006 -0.00167672 0.00948234 0.00733891 -0.118866 -0.0817173 -0.0926 -0.000605926 0.0059875 0.00191275
-0.114616 -0.104514 -0.114292 0.0057682 -0.0211265 0.0117821 -0.109459 -0.0987809 -0.109453 0.00627491 -0.0248546 0.0127736
-0.126224 -0.113455 -0.127813 -0.0267322 -0.00440763 0.00841207 -0.138115 -0.113039 -0.128209 -0.0283837 -0.00631293 0.0115581
-0.0968702 -0.160675 -0.0833245 0.0539801 0.000263406 0.00120821 -0.0998301 -0.165629 -0.0828882 0.0565148 0.0107544 0.00488546
-0.0760459 -0.176867 -0.117953 0.0149496 0.0275656 0.0274677 -0.0879805 -0.184763 -0.122978 0.024135 0.0281468 0.028348
-0.071731 -0.0798169 -0.088299 0.0107699 -0.0195491 -0.0162189 -0.0608561 -0.0693584 -0.103801 0.0190128 -0.0208477 -0.0171945
-0.0568642 -0.0751392 -0.0645851 -0.00537117 -0.0242412 0.00975666 -0.0526782 -0.0652453 -0.0836053 -0.00318254 -0.0221306 0.00580778
-0.0810861 -0.0265048 -0.0809155 0.0295094 0.00664252 -0.000738871 -0.0734231 -0.0155524 -0.0943847 0.0313115 0.0068789 -0.00369346
-0.0659039 -0.0623219 -0.0423339 -0.0092698 0.0326473 0.0133189 -0.0540392 -0.050038 -0.0543705 -0.00938639 0.035995 0.0131634
-0.0395967 -0.0259319 -0.065441 -0.00549077 -0.0146664 -0.0124204 -0.031921 -0.0141516 -0.0787643 -0.00871024 -0.0163446 -0.0144784
-0.0603358 -0.06314 -0.0422305 -0.0181936 -0.019414 0.0189847 -0.0469187 -0.0495752 -0.0571619 -0.0261446 -0.0184393 0.0221124
-0.0414762 -0.0376016 -0.045029 0.00716132 -0.00240958 0.0272418 -0.0288217 -0.0323493 -0.0570982 0.00899315 -0.00916729 0.0289138
-0.0860976 -0.0900052 -0.0786426 -0.00835066 -0.0225269 -0.0141599 -0.0829756 -0.0843331 -0.0987348 -0.00964671 -0.0160315 -0.0159609
-0.0382194 -0.0872292 -0.070634 -0.0214993 -0.0341427 -0.00125557 -0.0313403 -0.0831655 -0.0866696 -0.0218483 -0.0346473 -0.00384761
-0.0613532 -0.0786689 -0.0712713 -0.00297679 0.00384569 -0.00426571 -0.0581441 -0.0750213 -0.0879067 0.00296839 0.00205503 -0.00806948
-0.0648288 -0.0412578 -0.0203229 -0.00283397 0.00141408 -0.0124637 -0.0505039 -0.038622 -0.0365201 0.000119765 0.000661258 -0.0121731
-0.0675566 -0.0879478 -0.0509581 0.00604116 -0.0062887 0.00153975 -0.0534149 -0.0837075 -0.0604759 0.00337012 -0.00628669 0.00324294
-0.0526484 -0.0486969 -0.0560739 0.00789819 0.0203474 0.00441685 -0.0437793 -0.0412955 -0.0717154 0.0122682 0.0212648 0.0047072
-0.0352077 -0.0439026 -0.0596172 -0.0144109 -0.0164921 0.00320256 -0.0270905 -0.0332534 -0.0852488 -0.0131154 -0.0187126 0.00696146
-0.0731463 -0.0903597 -0.0582663 -0.000775399 -0.0123454 -0.0221627 -0.0646972 -0.0816633 -0.0715811 0.00198059 -0.0102634 -0.0252649
-0.10592 -0.0488163 -0.0627104 -0.00124775 0.0362399 -0.00888168 -0.0975364 -0.039704 -0.0755421 0.000252215 0.0392077 -0.00682149
-0.0719596 -0.0624242 -0.0836197 -0.00498477 0.00283653 -0.022158 -0.0612711 -0.0519991 -0.095697 -0.00440956 0.000431493 -0.0219118
-0.0292805 -0.0100698 -0.038866 0.0104204 0.00433127 0.0033134 -0.0172193 -0.00230503 -0.0510868 0.00884898 0.00445274 0.000348792
-0.0684551 -0.0269958 -0.0395864 0.0101604 -0.0123872 -0.000952507 -0.0651707 -0.018211 -0.0572321 0.0102285 -0.0138297 -0.0013894
-0.0649492 -0.0573976 -0.0712338 0.0220318 -0.00660293 0.015249 -0.0528861 -0.053936 -0.0905693 0.0204531 -0.00257836 0.00979148
0.53686 0.474595 0.488563 0.0159561 0.0457084 -0.0519722 0.538544 0.465549 0.480832 0.00834161 0.045554 -0.0515612
-0.0492516 -0.00340569 -0.0132691 -0.00481943 0.0386511 0.0124575 -0.0421881 -0.000358085 -0.0292978 -0.00830434 0.038829 0.00906364
-0.116251 -0.102825 -0.0943046 0.0027492 0.00718821 0.00619242 -0.102653 -0.0930504 -0.114611 0.00216929 0.00581707 0.00804939
-0.0699489 -0.107241 -0.0787823 -0.0197739 0.00867032 -0.00928107 -0.060483 -0.097054 -0.0915854 -0.013576 0.00794771 -0.00750159
-0.0596587 -0.0211391 -0.0590088 0.0159828 -0.000145387 0.0297164 -0.0560363 -0.00954831 -0.0738864 0.00805475 0.00170108 0.0248694
-0.0528872 -0.0586555 -0.0970337 0.0116103 0.0195268 -0.00878718 -0.0404444 -0.0469416 -0.118592 0.0168758 0.0151697 -0.00758081
-0.0574921 -0.0451575 -0.085358 0.00868494 -0.00281905 0.014383 -0.0487791 -0.0340497 -0.0994129 0.00670117 -0.00224495 0.0191443
-0.0554072 -0.0456285 -0.0397409 -0.00776767 -0.0186483 -0.00675755 -0.0454491 -0.0337124 -0.0601011 -0.00937471 -0.0211818 -0.00435332
-0.0602084 -0.0783272 -0.0545735 0.00921922 -0.00384212 0.00258141 -0.0560879 -0.0715934 -0.0717978 0.00613224 -0.00254892 0.00138593
-0.09364 -0.0845285 -0.10078 -0.0111604 -0.00590659 -0.0128387 -0.0873404 -0.0758509 -0.120255 -0.010506 -0.0106237 -0.0148833
-0.0700494 -0.0476338 -0.0990252 0.0109785 0.0053058 0.0108591 -0.0568148 -0.0413345 -0.116476 0.00838808 0.00604769 0.0115322
-0.00648163 -0.0365616 -0.0403492 0.00211128 -2.08586e-05 -0.022568 0.00631254 -0.0337049 -0.0508038 0.00416537 -0.00604178 -0.0215748
-0.0215084 0.0151228 -0.014711 0.00626306 0.0105538 -0.00478569 -0.0107051 0.0181559 -0.0289141 0.00876556 0.0168128 -0.00341144
-0.112029 -0.0720584 -0.0957378 0.0258367 0.0180947 0.0135663 -0.101682 -0.0591521 -0.108892 0.0243551 0.0215297 0.0151112
-0.022982 -0.0404681 -0.0353593 -0.000183774 -0.010123 -0.0148424 -0.0201516 -0.0343122 -0.0519214 0.00369863 -0.0125373 -0.0143257
-0.0651238 -0.0361859 -0.0475941 -0.020747 0.00379756 -0.0024392 -0.0513636 -0.0279149 -0.0629859 -0.017045 0.0117761 -0.00136241
-0.0329102 -0.036173 -0.0253708 -0.00545252 0.0116386 0.0229761 -0.0284642 -0.0272115 -0.0446773 -0.0039519 0.00945614 0.0236763
-0.0685079 -0.0365626 -0.0702842 0.0339435 0.0287026 0.00683171 -0.0602203 -0.0244213 -0.089891 0.0340765 0.0278204 0.0102239
-0.0489069 -0.0348841 -0.0339833 -0.0214987 -0.0147882 0.0139977 -0.041164 -0.0200584 -0.0472636 -0.0145112 -0.0171221 0.015691
-0.0687532 -0.0524634 -0.0710899 0.00789704 0.00191728 0.0262284 -0.0682399 -0.0452909 -0.09998 0.00576166 0.00184785 0.0227197
-0.0759222 -0.0564681 -0.123995 0.0252426 -0.0081211 0.00496223 -0.0597771 -0.040957 -0.143437 0.02789 -0.00116075 0.00204097
-0.0334835 -0.0803104 -0.0721158 0.00724183 0.00423014 -0.00682718 -0.0209619 -0.069412 -0.0901096 0.00461743 0.0012648 -0.0152171
-0.0667872 -0.0612667 -0.0552898 -0.00157846 -0.0171769 -0.0174807 -0.0490534 -0.0559447 -0.0707865 -0.00462775 -0.0170466 -0.0173017
-0.0653028 -0.0634206 -0.0441699 0.0258181 0.00592483 0.0194622 -0.0524903 -0.041905 -0.0574157 0.0317591 0.0031525 0.0206733
-0.0828749 -0.0516951 -0.0520961 -0.000358444 0.00351762 -0.0167109 -0.0807424 -0.0329994 -0.0652715 0.00112275 0.00821376 -0.0222025
-0.0751558 -0.0636263 -0.0936008 -0.0116468 -0.00705114 0.0058033 -0.065373 -0.0551033 -0.1069 -0.00579869 -0.00822339 0.00535138
-0.0463667 -0.0924644 -0.0586411 0.024978 -0.0210543 -0.0317932 -0.0403405 -0.0813622 -0.0743775 0.0287026 -0.0169757 -0.0284449
-0.0511676 -0.0483164 -0.0496312 0.0142023 -0.0232239 -0.00628681 -0.0436398 -0.0323414 -0.0701379 0.00802844 -0.0212718 -0.00813322
-0.0719674 -0.0300893 -0.0259184 -0.0286399 -0.00293948 -0.00962191 -0.0647343 -0.0205128 -0.0409281 -0.0286847 0.00154117 -0.00672151
-0.033276 -0.0405763 -0.0527615 -0.0226727 -0.00828232 -0.00953295 -0.0275405 -0.0277634 -0.0656209 -0.0247908 -0.00456527 -0.0149783
-0.0420712 -0.0372271 -0.0347079 0.0169692 0.0121708 -0.016866 -0.040526 -0.0233759 -0.0491482 0.0155605 0.00497493 -0.0129699
-0.0636877 -0.0935517 -0.0907698 -0.0206014 0.0281395 0.014181 -0.0550286 -0.082939 -0.113679 -0.0204715 0.0306263 0.0141839
-0.0912435 -0.0940968 -0.115131 -0.0243765 -0.0107515 0.0104853 -0.0776213 -0.0865907 -0.13486 -0.0298343 -0.0104955 0.0110675
-0.0744352 -0.0496386 -0.061525 -0.00798023 -0.00700164 -0.00429046 -0.0618743 -0.0414571 -0.0779963 -0.0102493 -0.00778992 -0.0052053
-0.0370708 -0.0481641 -0.0548993 0.0191376 0.00760679 -0.00516035 -0.0319796 -0.0431659 -0.0745164 0.0213753 0.002295 -0.00739272
-0.0134497 -0.0111108 -0.0661638 -0.00533312 0.000138774 0.01172 -0.00850584 0.00108265 -0.0788278 -0.0112988 -0.00392106 0.00668773
-0.0371367 -0.074176 -0.0396821 -0.0100855 -0.00570923 0.0271951 -0.0222358 -0.066099 -0.0578521 -0.00457136 -0.00907132 0.0331563
-0.0746671 -0.0306611 -0.0641823 -0.00480468 0.0370873 0.00882044 -0.071269 -0.0135832 -0.0809865 -0.00453146 0.0365233 0.00738468
-0.0543647 -0.123923 -0.146284 0.0193305 0.0199389 -0.015115 -0.0359059 -0.111687 -0.16 0.0199741 0.0176394 -0.00751141
-0.0916823 -0.104351 -0.0793622 -0.000821988 0.00214813 -0.0347542 -0.0745909 -0.0944512 -0.10351 -0.00133227 0.00661668 -0.031088
-0.0262003 -0.0416864 -0.0780424 0.0135301 0.00613429 0.046659 -0.01075 -0.0351798 -0.0978618 0.0118904 0.00474176 0.048682
-0.137575 0.0451349 0.0902973 0.110463 -0.186761 0.223963 -0.190231 0.0405067 0.0807725 0.141187 -0.194027 0.270728
0.112178 -0.0912002 -0.0817022 -0.0900799 -0.106108 0.144955 0.130903 -0.0801967 -0.072655 -0.0634417 -0.102388 0.163737
0.153637 -0.00591507 0.11978 0.139346 -0.0911403 -0.163369 0.123735 -0.0271575 0.114594 0.139045 -0.103739 -0.177282
-0.0484019 -0.207266 0.011918 -0.01601 -0.145281 0.0245894 -0.0391892 -0.225707 0.043955 -0.0156642 -0.141519 0.02626
-0.321256 -0.352477 -0.292166 -0.221494 -0.0587551 0.0143638 -0.304696 -0.324088 -0.263993 -0.246634 -0.0432825 0.0282192
0.3933 0.0784396 -0.0236691 0.047634 -0.136022 0.10597 0.377417 0.0538625 -0.0211042 0.06644 -0.141422 0.119643
-0.0422782 -0.0476764 0.269757 -0.00137268 -0.0406186 0.0521386 -0.057705 -0.0703108 0.28123 0.00119 -0.0471458 0.0501308
0.0147186 -0.194201 -0.241201 -0.0783154 -0.00923944 0.11076 0.00940417 -0.198304 -0.249792 -0.0979092 0.00158667 0.0717542
-0.0596359 -0.111571 -0.00865321 0.0332085 -0.121947 -0.0284345 -0.0767667 -0.125172 0.0199867 0.03998 -0.128325 -0.03142
-0.310719 -0.221778 0.114468 0.0606432 0.0711463 0.0877442 -0.290713 -0.229652 0.0925967 0.04998 0.0728058 0.0750092
-0.190887 -0.157652 -0.249038 0.182466 0.066297 -0.0113576 -0.181956 -0.109219 -0.246768 0.153504 0.0723025 -0.00392583
-0.109209 -0.0945006 0.067919 0.0813923 0.161349 0.100664 -0.111267 -0.0965508 0.0326075 0.0859683 0.182414 0.087635
-0.166539 -0.20394 0.0486064 0.0339748 -0.151098 0.0266385 -0.167185 -0.206052 0.0924825 0.0281242 -0.15618 0.0259133
0.109156 0.0732011 0.044522 0.181553 -0.0628526 0.0229538 0.0985575 0.0673367 0.0201858 0.178459 -0.0600225 0.0314408
0.00630894 0.035116 0.0714276 0.0123787 -0.0698517 0.0463118 -0.00866083 0.0197142 0.100316 0.0147558 -0.0799867 0.0484417
0.130712 -0.0769936 -0.12142 0.199987 0.128607 -0.141843 0.129367 0.00516083 -0.0623117 0.159318 0.0998175 -0.124245
-0.0515859 -0.184122 0.0558153 -0.0259086 -0.14202 -0.0127335 -0.0514175 -0.211353 0.0857158 -0.0239342 -0.139702 -0.0129408
-0.00554152 0.198963 0.000326018 0.18066 -0.214198 -0.170456 -0.0336158 0.180908 -0.00805083 0.199996 -0.206926 -0.168733
-0.0509436 -0.0688572 -0.277309 -0.0143664 0.0590978 -0.0523173 -0.0675717 -0.0641067 -0.282616 -0.0510333 0.0625917 -0.0613258
-0.28337 -0.178362 -0.0851403 -0.0336361 0.0230983 0.150732 -0.288114 -0.191966 -0.113322 -0.0577325 -0.0214525 0.157566
-0.441755 -0.0657592 -0.272961 0.0747288 0.174188 0.155838 -0.471017 -0.11073 -0.211071 0.087625 0.185494 0.170205
-0.133446 -0.14324 -0.0532821 -0.0170752 0.157865 0.0966596 -0.156068 -0.156251 -0.0830075 -0.02291 0.165267 0.08479
0.0689497 -0.2738 -0.278877 0.0869149 -0.176357 -0.0488064 0.0651492 -0.285259 -0.281377 0.0745208 -0.138623 -0.0558975
-0.111337 0.0646839 -0.0906724 -0.0732581 -0.168713 -0.0959699 -0.0982592 0.0674 -0.0877 -0.06181 -0.156923 -0.0903
-0.333981 -0.291852 -0.309508 0.165475 0.085328 0.0621149 -0.298533 -0.292191 -0.299733 0.184801 0.0741725 0.0713808
-0.272971 -0.56124 -0.410266 0.0205502 0.0330733 -0.0628104 -0.296935 -0.565633 -0.365109 0.0273708 0.0340508 -0.0474317
-0.0382644 -0.125268 -0.110855 -0.0039751 0.0907619 0.0842276 -0.0767842 -0.160657 -0.131774 0.00639 0.0857883 0.0888525
0.00904183 -0.114652 -0.0297327 -0.152356 0.0472219 0.00437489 0.0223517 -0.143495 -0.0171833 -0.135696 0.05947 -0.0337542
-0.153473 -0.14156 -0.169824 -0.149095 -0.0270937 0.0507284 -0.131485 -0.114917 -0.169818 -0.178854 -0.0303333 0.0624633
-0.47711 -0.344552 -0.336365 0.0899366 -0.12178 -0.0322631 -0.480848 -0.341256 -0.353505 0.0771125 -0.117395 -0.0274042
-0.0670657 -0.130838 0.0668365 -0.00612948 -0.122885 0.0105705 -0.0726217 -0.145476 0.0972367 0.0045625 -0.129937 0.00801917
-0.0599416 -0.0853986 0.0673262 -0.00728468 -0.0946235 -0.00303898 -0.0647708 -0.102466 0.09544 -0.00921583 -0.10341 -0.00227917
-0.0183998 -0.101255 0.0560523 -0.0254469 -0.113722 0.023098 -0.0207433 -0.115321 0.0869942 -0.019245 -0.114593 0.02476
-0.0743915 -0.129363 0.0539391 0.000957097 -0.108038 0.00311846 -0.0752208 -0.143038 0.0848267 0.00131167 -0.11353 0.00353167
-0.0612677 -0.0909034 0.0515318 0.00718771 -0.110003 -0.00324719 -0.0680967 -0.105958 0.0796483 -0.0015575 -0.119738 -0.000808333
-0.0657314 -0.111962 0.0560721 0.022532 -0.112532 0.0188095 -0.073025 -0.128988 0.0883883 0.0243417 -0.117218 0.0144683
-0.0495574 -0.128956 0.0323966 0.00913058 -0.109105 0.00142469 -0.0558025 -0.149269 0.0642467 0.0104517 -0.113157 -0.0007475
-0.0802276 -0.0921967 0.0041046 0.0323841 -0.0843368 -0.0215401 -0.0821308 -0.1039 0.0362892 0.0288075 -0.0938017 -0.02584
-0.0437298 -0.118817 0.0453491 -0.00736945 -0.114129 0.0119361 -0.0567758 -0.140207 0.0741225 -0.00454167 -0.119261 0.0106392
-0.0775618 -0.094893 0.0336587 0.0298735 -0.103011 -0.00137662 -0.0832125 -0.110202 0.0654258 0.0263467 -0.104412 -0.0026925
-0.0585638 -0.103979 0.0637725 0.0134674 -0.101252 -0.00903583 -0.06881 -0.126423 0.0844858 0.0100192 -0.104032 -0.0086775
-0.07717 -0.120427 0.0525874 0.00465805 -0.110201 -0.0127134 -0.0770875 -0.130505 0.0858783 0.00191833 -0.11355 -0.0122933
-0.0731062 -0.0688089 0.0160463 0.00446437 -0.0924647 -0.0186413 -0.0811833 -0.0924683 0.0424742 0.0030425 -0.101098 -0.0183892
-0.068627 -0.135073 0.0130573 -0.00648329 -0.107045 -0.000389119 -0.0717592 -0.150486 0.04233 -0.0055375 -0.110354 -9.16667e-06
-0.0298759 -0.106516 0.0528667 -0.000868708 -0.111695 -0.00516978 -0.0379275 -0.127507 0.0804992 0.0039725 -0.115986 -0.00175917
-0.0496626 -0.104673 0.0333454 0.00475445 -0.107176 0.000867123 -0.0553925 -0.116795 0.0668 0.00455667 -0.108775 0.000949167
-0.0662427 -0.116617 0.0875288 -0.000841528 -0.132518 0.00470103 -0.0679242 -0.127829 0.120827 -0.0017525 -0.137328 0.00578833
-0.0784076 -0.109598 0.0328668 -0.0111059 -0.0983565 0.000875935 -0.0836458 -0.120198 0.0654625 -0.0076925 -0.09909 -0.000410833
-0.0322481 -0.0898713 0.113145 0.0122286 -0.0971422 0.0104506 -0.0380117 -0.104591 0.141087 0.0119708 -0.103125 0.0102667
-0.0783917 -0.121693 0.0383277 0.0159821 -0.109514 -0.0166474 -0.073225 -0.13445 0.0707008 0.0150875 -0.112177 -0.0143917
0.00635871 -0.00216604 0.00486207 0.0246419 0.0194776 -0.00400783 0.0107726 -0.00425454 0.00190142 0.026386 0.0203322 -0.00264667
0.00274663 -0.0144479 0.0144674 -0.00124465 -0.00851407 0.00808348 -0.000570525 -0.0107267 0.00861299 0.00140207 -0.0126484 0.00599136
0.0406926 0.00105448 0.028172 0.0040004 0.00789553 0.00316463 0.0393924 -0.00692614 0.0202886 0.00614352 0.00369287 0.00549836
0.0293474 0.017969 0.042458 0.00960614 0.00132658 0.00407034 0.0320556 0.0119918 0.0407844 0.0122108 -0.0010633 0.000976975
0.0115143 -0.0014176 0.0167207 0.00655497 0.00375005 0.00988121 0.00874756 -0.00338991 0.0106578 0.00585315 0.00161944 0.0112645
0.022961 -0.00383814 0.00832023 0.0135214 0.0145577 0.00377324 0.0207121 -0.0117441 0.000653858 0.0154934 0.0151395 0.00305972
0.0429252 -0.00249339 0.0310256 0.00763029 -0.00656593 -0.00310529 0.0381278 -0.00313457 0.0284231 0.011294 -0.00844019 -0.000760401
0.0133398 0.024804 0.022926 -0.00568105 0.010047 0.00843882 0.0120873 0.016513 0.0147503 -0.00372988 0.00265559 0.0100703
0.00483197 0.0106211 0.00474141 0.0095071 0.0226768 -5.57857e-05 0.00307762 0.0072213 -0.00390062 0.0113818 0.0204173 -0.00141753
0.0432888 -0.0147846 0.0363494 -0.00821505 0.00871597 -0.00314613 0.0427277 -0.0105621 0.034741 -0.00886056 0.00410043 -0.00719232
-0.00407427 0.0205777 -0.0105711 0.0125449 0.0150352 -0.0189917 -0.011395 0.0188479 -0.0204082 0.00792673 0.0144756 -0.0226599
-0.00909001 0.0102157 0.0220085 0.0103591 0.00051241 -0.0280282 -0.0164338 0.0132562 0.0108875 0.00543725 -0.000854136 -0.0239883
0.0223272 0.0098349 0.0120144 -0.0252441 -0.00134889 -0.00329296 0.0220528 0.00955806 -0.000411543 -0.0213675 -0.00266664 -0.00295664
0.0087562 0.0234774 0.00416172 -0.0004014 -0.0144499 -0.00826696 -0.00414744 0.021355 -0.0120565 -0.00104713 -0.0118784 -0.0102948
-0.00211159 0.0398491 -0.0241608 -0.00129512 -0.00141309 -0.0101884 -0.00756377 0.0395621 -0.0405539 -0.00835275 0.000970185 -0.0115412
0.0177445 0.0138937 0.0386694 0.00764999 -0.00435058 -0.0139722 0.0057184 0.0130261 0.0292007 0.00954318 -0.00318 -0.0181876
0.00353305 0.00377994 0.00445254 -0.0195217 -0.00162456 -0.0119098 -0.005675 -0.00229068 -0.0106532 -0.0226133 -0.00587673 -0.00911225
0.0183734 0.0407436 0.0257616 -0.0198048 -0.00857689 -0.00334921 0.014166 0.0520086 0.0227233 -0.017375 -0.00418392 -0.00488151
0.00223046 0.0149738 0.0314086 -0.0134507 0.00445716 0.00122166 -0.00106321 0.0117152 0.0264184 -0.0134947 0.0056787 0.00397685
0.0321996 0.0176643 -0.0221438 0.00536181 0.0101181 0.00662605 0.022432 0.0109223 -0.035948 0.000492747 0.00933867 0.00997864
0.0431429 0.0337881 0.039336 -0.0234554 -0.0135007 -0.0364995 0.0337683 0.0283143 0.0453423 -0.023185 -0.0135189 -0.038331
-0.00802464 0.0156219 -0.0373829 0.0343725 -0.0317233 -0.0190143 -0.00273302 0.0194469 -0.0384284 0.0372158 -0.0356069 -0.0219145
0.0158242 -0.0145153 0.0277628 -0.0164498 0.00172277 0.00397986 0.011491 -0.0151122 0.0289255 -0.0127337 -0.000537593 0.00675219
0.00361597 -0.0373509 -0.0193692 0.00675125 -0.0126246 0.0243209 -0.00195059 -0.0379755 -0.0149044 0.0124927 -0.00507213 0.0278448
-0.0230098 -0.00789074 -0.00050046 -0.00887188 0.0190966 -0.00928042 -0.0145046 -0.00982818 0.00745735 -0.00802951 0.0219455 -0.00325494
-0.0213549 -0.0268797 0.00532043 0.00848142 -0.000494911 -0.00141291 -0.0275408 -0.0203847 0.0067684 0.00865349 0.00217636 0.00217988
-0.00283866 -0.0146367 -0.00758377 -0.00905879 -0.00713248 -0.0150441 -0.0032467 -0.00676201 0.00294728 -0.0108751 -0.0125534 -0.0200132
-0.0189824 0.0299601 0.0274828 -0.0201793 -0.00853344 0.00229733 -0.0214477 0.0299349 0.0330981 -0.0159515 -0.00398704 0.000751667
0.0166368 -0.00231226 -0.0013721 -0.0317875 0.0163804 0.00223078 0.00732404 -0.00187917 -0.0107681 -0.0358214 0.0144447 0.00290417
-0.00574494 -0.00741308 -0.0212417 -0.0187112 -0.00147119 0.007872 0.00415062 -0.0114128 -0.0219444 -0.020538 -0.0021358 0.0101383
0.000271136 0.00580915 0.00973619 0.0099633 -0.00283167 0.0104226 0.00970688 0.00652157 0.0208227 0.00822133 -0.00426772 0.0148597
-0.0866805 -0.0352204 -0.0825776 0.0210743 0.0174065 0.0255517 -0.0875423 -0.0232634 -0.0748507 0.0205991 0.0177617 0.0264688
-0.0310801 -0.067803 -0.0661539 -0.00961287 -0.0195621 0.0158866 -0.0260311 -0.0604238 -0.0604555 -0.00897966 -0.0150101 0.0164221
-0.0261394 0.0225097 -0.0168059 -0.0136094 -0.00731247 -0.00998982 -0.023993 0.0271584 -0.0131498 -0.0147552 -0.0116643 -0.0100645
-0.05553 -0.0772175 -0.0650247 0.041081 0.00132487 -0.00321166 -0.0495054 -0.0715742 -0.0607449 0.0409456 0.00712562 -0.00203747
-0.0221685 -0.00950181 0.0184416 -0.0300207 -0.00830897 -0.00349723 -0.0202329 -0.0100569 0.0144602 -0.0298442 -0.0117426 -0.00916994
-0.0289395 -0.0563107 -0.0486118 -0.00398974 0.000376542 0.00249766 -0.0359428 -0.0472187 -0.0471885 -0.00379583 0.00325435 -0.00267096
-0.0433313 -0.0218917 -0.00945752 -0.0184124 0.0251451 -0.0208002 -0.0373527 -0.0267793 -0.00237568 -0.0179573 0.0361619 -0.0209647
-0.019337 -0.00923352 -0.00986946 -0.00199657 0.0122769 -0.0332252 -0.0196461 -0.012811 -0.00592469 0.00169713 0.00693667 -0.031278
-0.0371876 -0.00597802 -0.0617943 0.0334697 0.00293016 -0.0225957 -0.0248515 -0.00370639 -0.0553901 0.0350733 0.00112611 -0.0264313
-0.0342268 -0.0641159 -0.0859331 -0.00634956 0.00901453 0.0125567 -0.0239388 -0.0600663 -0.0777679 -0.00683883 0.0108615 0.00814907
-0.0682355 -0.079029 -0.0906443 0.015144 -0.0174403 0.0117061 -0.0563185 -0.0706719 -0.0806169 0.0188746 -0.00973071 0.0150946
-0.0284256 -0.0179737 -0.00982966 -0.022614 -0.017262 -0.00277282 -0.0308461 -0.0166096 -0.00216278 -0.0246721 -0.0238167 -0.0111566
-0.0881902 -0.0932358 -0.0733424 0.00835936 0.0208215 0.021988 -0.0789686 -0.0841971 -0.0704124 0.0169709 0.0246383 0.0255363
-0.0291065 -0.0104289 -0.0331296 -0.000635714 0.0272553 -0.00697172 -0.0252294 -0.0102105 -0.0310358 -0.00248654 0.0198186 -0.0135978
-0.0425176 -0.0337401 -0.0293873 0.00815532 0.0206976 -0.00448365 -0.0390516 -0.029873 -0.0226223 0.00983821 0.0235157 -0.00315519
-0.0885022 -0.0889201 -0.0709147 -0.0268666 0.0270936 -0.0169288 -0.0890736 -0.0818426 -0.0588366 -0.0303984 0.0289928 -0.0162044
-0.058404 -0.0336551 -0.0207749 0.0108582 -0.000382257 -0.000244302 -0.0570414 -0.0319072 -0.0200538 0.0113488 4.53704e-06 0.000288889
-0.0707134 -0.0418402 -0.0727039 -0.0026927 0.0252071 -0.00610736 -0.0667989 -0.0334437 -0.0668362 -0.00395478 0.0218551 -0.00915586
-0.0945806 -0.0589844 -0.0412118 -0.0174824 -0.00559149 0.00217751 -0.0876777 -0.0426982 -0.0409027 -0.013476 0.000632747 0.00535336
-0.0292872 -0.0358131 0.0257894 0.0346508 -0.00131504 -0.0137042 -0.0216098 -0.0346136 0.0310817 0.0388051 7.38889e-05 -0.00523139
-0.0555568 -0.0349924 -0.0462279 -0.0283615 -0.00576623 -0.0138074 -0.0594057 -0.0340306 -0.0414671 -0.0325481 -0.00682633 -0.00951046
-0.0334736 -0.100492 -0.0748623 0.00715308 -0.0134524 -0.00901604 -0.0286432 -0.0906676 -0.0783041 0.00414145 -0.0161974 -0.0104641
-0.063242 -0.0832783 -0.0441536 0.0133532 -0.00685137 -0.0269358 -0.0614871 -0.0931138 -0.0426871 0.0129979 -0.0084371 -0.0290848
-0.155149 -0.1472 -0.0863407 0.000665178 -0.00698658 -0.0212887 -0.145634 -0.141528 -0.0804469 0.00324265 -0.0122724 -0.0202817
-0.100939 -0.0863623 -0.139675 0.00732129 -0.00331266 0.0140492 -0.0932144 -0.0915044 -0.136284 0.00732518 -0.00617654 0.0168471
-0.103803 -0.0817755 -0.0366282 0.00452384 -0.0246077 0.0234279 -0.0967131 -0.0873726 -0.0334314 0.00109404 -0.023371 0.0251351
-0.103303 -0.104481 -0.0989815 -0.00525687 0.011587 0.0340232 -0.107409 -0.108526 -0.0901963 -0.00432673 0.0133203 0.0280894
-0.0449688 -0.0654 -0.052062 0.00196091 -0.00396563 0.000448659 -0.0315261 -0.0625411 -0.0558965 -0.00864682 -0.0110602 -0.000453673
-0.0708852 -0.0338777 -0.0824574 -0.00998002 0.0232602 0.00464347 -0.0647966 -0.0280855 -0.0816347 -0.0080512 0.023446 -0.00272716
-0.0710544 -0.139505 -0.0991109 -0.0134667 -0.00143062 0.00192909 -0.0738735 -0.134446 -0.0976157 -0.0202052 -0.000544938 0.000867191
-0.104792 -0.116169 -0.0841728 0.00428007 0.00917462 -0.0110537 -0.10864 -0.120511 -0.0882367 -0.00176586 0.00587815 -0.0113053
-0.159977 -0.166613 -0.129158 -0.0119606 0.0264305 0.043998 -0.158086 -0.166129 -0.122526 -0.0043612 0.0319003 0.0410641
-0.144908 -0.19803 -0.128981 -0.0138946 0.0127948 -0.0302744 -0.149023 -0.198661 -0.123165 -0.012495 0.00953481 -0.0298485
-0.0854376 -0.107709 -0.121784 -0.0176811 0.0352519 0.0138947 -0.0819149 -0.107763 -0.119749 -0.0273727 0.0346361 0.0184888
-0.17859 -0.136584 -0.137896 -0.00503968 0.00636882 -0.00781417 -0.185527 -0.131306 -0.132527 -0.0107904 0.0088129 -0.0110017
-0.103747 -0.103096 -0.0666803 -0.00520313 0.0187942 -0.00920417 -0.107268 -0.0968129 -0.0641861 3.14815e-05 0.0184203 -0.00983651
-0.1557 -0.0801513 -0.0399871 0.00644476 -0.0274986 -0.0170371 -0.159243 -0.0790861 -0.037424 0.0106195 -0.0215518 -0.0120208
-0.0834145 -0.0705671 -0.0768824 -0.0050397 0.0331778 -0.0126244 -0.080416 -0.0613715 -0.0814356 -0.00419296 0.0288502 -0.00834812
-0.148226 -0.137248 -0.153582 -0.0119795 0.000154937 -0.0173602 -0.152278 -0.13788 -0.153045 -0.0106124 0.00554025 -0.0219919
-0.135325 -0.0713603 -0.0619888 0.00744872 0.0171378 0.00826073 -0.138619 -0.0729769 -0.0635291 0.0129712 0.0199182 0.018473
-0.231011 -0.182858 -0.163319 0.0101948 -0.000746397 0.0166098 -0.25288 -0.183137 -0.178846 0.0233602 -0.00422191 0.00590661
-0.120047 -0.135921 -0.157354 0.0214426 0.00326204 0.044486 -0.122734 -0.13936 -0.159413 0.0167293 0.0116912 0.0466281
-0.0901252 -0.098904 -0.0840746 0.004561 0.0202647 0.0363397 -0.113975 -0.113073 -0.0887861 0.00385213 0.0212781 0.0390209
-0.128752 -0.175243 -0.170322 -0.00191527 -0.0275684 0.0118353 -0.133044 -0.180659 -0.180764 0.000172562 -0.0319749 0.0103548
-0.21817 -0.0895811 -0.12989 -0.00975176 0.0230026 -0.0267791 -0.223267 -0.0908062 -0.123429 -0.016475 0.0256628 -0.0278447
-0.0845762 -0.0227114 -0.0852108 -0.0354267 0.0489594 -0.0135537 -0.0826455 -0.0171766 -0.0880463 -0.0477732 0.0444273 -0.0213463
-0.156394 -0.180662 -0.159246 0.0317506 0.0134598 -0.00521045 -0.158989 -0.19367 -0.161661 0.0334345 0.0127507 0.000343086
-0.106324 -0.159247 -0.138948 0.0332311 -0.00861765 -0.0316433 -0.128297 -0.16349 -0.14054 0.0274354 -0.0112221 -0.0340176
-0.204411 -0.211417 -0.147313 -0.026002 0.00511717 -0.00428789 -0.211648 -0.216277 -0.14941 -0.0262359 0.00564583 -0.0130952
0.58226 0.567326 0.503031 -0.0130434 0.00866595 0.0256901 0.596334 0.579761 0.509947 -0.0124962 0.00578605 0.0275787
0.4943 0.463288 0.50329 -0.0129837 0.0181485 0.0238285 0.501996 0.472982 0.488427 -0.00962932 0.0146102 0.0226338
0.483352 0.494538 0.530233 -0.0191369 0.00728658 0.0214033 0.486464 0.49701 0.518657 -0.0188474 0.00668449 0.0183625
0.53478 0.498605 0.496358 0.00609242 0.0210818 -0.00347845 0.539541 0.507208 0.481322 0.00734807 0.0300861 -0.00835318
0.503853 0.512254 0.53635 -0.00900975 0.00453858 0.00136578 0.512243 0.520325 0.515495 -0.009515 0.00785384 -0.000198825
0.494113 0.488112 0.436463 -0.0361531 -0.0320085 0.041071 0.50885 0.495848 0.414903 -0.0356445 -0.0291005 0.0414109
0.488282 0.504381 0.506072 0.0238233 0.000639316 -0.0299917 0.498392 0.523543 0.483945 0.0292656 -0.000373818 -0.0337296
0.558068 0.548332 0.53075 -0.0228182 -0.0171453 0.0231742 0.575362 0.559968 0.507377 -0.0189264 -0.0158505 0.02393
0.519698 0.545257 0.554456 -0.0388936 0.0277796 0.0429307 0.535115 0.553448 0.530728 -0.03963 0.0283006 0.0395456
0.478131 0.49662 0.531755 -0.019202 0.0378088 0.0146999 0.489804 0.509392 0.507771 -0.0233042 0.0424822 0.0136777
0.49691 0.488888 0.495742 0.0135656 -0.023173 -0.0116251 0.510091 0.499573 0.468233 0.0121352 -0.0198425 -0.0106548
0.482641 0.520108 0.521279 -0.0153729 -0.0255573 0.0327441 0.499542 0.529931 0.499533 -0.0186757 -0.0205583 0.0322176
0.483202 0.47841 0.467521 -0.00755559 -0.0187551 -0.0256025 0.500183 0.491557 0.437291 -0.0124808 -0.017993 -0.0290881
0.514205 0.424814 0.378636 0.00448135 -0.0367756 0.0172595 0.529546 0.43829 0.340629 0.000287188 -0.0359452 0.0164907
0.51713 0.42915 0.476943 0.0029666 -0.00348331 0.00625525 0.538656 0.449574 0.442541 0.00809021 -0.0063881 0.0103197
0.529285 0.540789 0.492617 -0.000814784 -0.00542757 -0.00654872 0.540908 0.548221 0.464531 0.00531655 -0.00982262 -0.00688488
0.451769 0.446069 0.442973 -0.010972 0.0290396 -0.0118582 0.464484 0.459231 0.416244 -0.012417 0.0226266 -0.0139518
0.46339 0.456646 0.450547 0.0278885 -0.00400035 0.00194403 0.479056 0.474531 0.432102 0.0235234 -0.00697139 0.00251799
0.454013 0.492254 0.514447 -0.0166107 0.0131985 -0.0120819 0.463353 0.5101 0.493289 -0.0124173 0.0107549 -0.00532955
0.515588 0.51525 0.506376 -0.0212085 0.011062 0.000521658 0.525729 0.523584 0.47875 -0.0252382 0.00782467 0.000358717
0.537295 0.529968 0.512349 -0.020854 0.00277591 0.0015093 0.540623 0.541713 0.484638 -0.0177557 0.00241462 0.00222113
0.537642 0.49651 0.48354 0.00745381 -0.000971434 -0.0145113 0.546511 0.498299 0.447078 0.0103927 0.00317047 -0.01526
0.517869 0.495932 0.532433 -0.0108233 -0.00270323 0.00823327 0.53142 0.500724 0.496329 -0.00755113 -0.00359932 0.0119681
0.474168 0.4943 0.47404 0.00617512 -0.0472614 0.00178638 0.480938 0.511619 0.447728 0.00467247 -0.0414949 0.00136644
0.504444 0.49795 0.475982 -0.0410556 -0.00563956 -0.00941405 0.520456 0.512299 0.446583 -0.0386014 0.00368768 -0.00461093
0.41968 0.50594 0.434207 -0.0381791 -0.0214908 0.0141558 0.434262 0.518955 0.413327 -0.036378 -0.0166408 0.0142824
0.446976 0.458981 0.448486 -0.00461351 -0.0192177 0.0167779 0.464845 0.463451 0.426778 -0.00359926 -0.0193163 0.0166981
0.527891 0.438576 0.431588 0.00683349 -0.0421357 0.0165049 0.54588 0.451185 0.408392 0.00917919 -0.044125 0.0192583
0.497199 0.517789 0.517194 -0.00155385 -0.0291208 0.0144212 0.512109 0.531978 0.486886 0.0013269 -0.0286617 0.01381
0.499242 0.514638 0.493436 -0.0334364 -0.0316855 0.0394905 0.511098 0.52237 0.463088 -0.0297319 -0.0307924 0.0447967
0.508795 0.546489 0.523102 -0.0149281 0.0120508 0.00971155 0.521642 0.552766 0.49414 -0.0146166 0.0153201 0.00547787
0.479514 0.49837 0.48191 -0.00148628 0.0164288 0.0147694 0.494798 0.510692 0.450005 -0.0026574 0.0183159 0.0119151
0.403525 0.43003 0.479993 -0.00243899 0.0220072 0.00316065 0.421029 0.439909 0.449746 -0.00213493 0.0261804 0.00357384
0.473595 0.444394 0.531295 0.0141862 -0.00186034 -0.0225933 0.485713 0.45283 0.496598 0.00959584 0.00145682 -0.0151579
0.46591 0.500891 0.477448 -0.0322422 0.032154 0.0159295 0.478643 0.516632 0.447118 -0.0285485 0.0339428 0.0276199
0.48252 0.486941 0.484296 0.00304611 0.000113512 0.0194968 0.498671 0.502238 0.456813 0.00255845 -0.00432412 0.0281902
0.501516 0.518313 0.477936 0.010134 0.00598923 -0.0399625 0.513923 0.532371 0.448777 0.0114585 0.00609933 -0.0401985
0.469971 0.496812 0.449538 -0.026382 -0.00451998 -0.0288139 0.481338 0.510279 0.42477 -0.0287583 -0.00297938 -0.0242143
0.555099 0.495931 0.515806 0.00668794 0.0382695 -0.015802 0.566596 0.510645 0.486735 0.00362086 0.0353158 -0.0101766
0.531358 0.512181 0.480157 0.0281191 -0.00485873 -0.0245 0.541784 0.524056 0.447728 0.0288399 -0.0056152 -0.0195754
0.427962 0.464524 0.462424 0.013735 0.014855 -0.0167326 0.441214 0.474781 0.436288 0.0112695 0.0215295 -0.0116737
0.472816 0.451825 0.469241 0.00606893 0.0301087 -0.022031 0.477946 0.466229 0.439461 0.0056015 0.0336037 -0.0176479
0.535404 0.498178 0.454933 -0.0159279 0.0157572 0.0159793 0.542132 0.509406 0.425428 -0.017647 0.02556 0.014244
0.558827 0.482239 0.54331 0.0060617 -0.0279555 -0.0137518 0.574418 0.499356 0.51274 0.00708409 -0.0290044 -0.0164393
0.406112 0.428083 0.408577 -0.00287499 0.0140777 0.0272649 0.412015 0.445659 0.375262 0.000109058 0.0117885 0.0208607
0.466301 0.483393 0.492356 0.0245174 0.00779116 0.00552814 0.468537 0.491436 0.461477 0.0253292 0.0059305 0.00792018
0.514278 0.469579 0.513853 -0.00678448 0.0343111 -0.023901 0.520441 0.47866 0.48747 -0.00924781 0.0365169 -0.0259259
0.526891 0.519821 0.496555 0.0218219 0.000748321 -0.00113957 0.535028 0.515201 0.471548 0.0208646 -0.00487036 -0.00197311
0.382585 0.495532 0.476522 0.012772 0.0293943 0.010111 0.398206 0.506128 0.455958 0.0111434 0.0263339 0.0118919
0.430416 0.453742 0.518499 0.00291025 -0.0177597 0.0472714 0.455659 0.471392 0.501883 0.00350457 -0.0120601 0.0531275
0.487597 0.441272 0.468443 0.0275486 0.0211913 -0.0231667 0.503242 0.459107 0.43819 0.025107 0.0297715 -0.0164814
0.445847 0.429322 0.472607 -0.0058977 0.0341431 -0.00864364 0.471172 0.443209 0.440506 -0.00583341 0.0401091 -0.00628539
0.482819 0.425176 0.493417 0.0103419 -0.0184866 0.00297673 0.496688 0.431562 0.459962 0.00973412 -0.019569 0.00119842
0.436242 0.405052 0.429518 0.0238871 0.0236021 -0.00113424 0.456583 0.42497 0.396817 0.017815 0.0265729 -0.0039749
0.49374 0.450063 0.463157 0.00510494 0.00924832 -0.0164157 0.509129 0.470489 0.428815 0.00646476 0.0101783 -0.0191879
0.414581 0.43334 0.419885 0.0215476 0.00734006 -0.0122911 0.435533 0.457982 0.390822 0.0202875 0.0101829 -0.0169859
0.451292 0.470039 0.433647 -0.00269644 -0.024018 -0.000787669 0.476053 0.486612 0.408721 0.00646751 -0.0226818 -0.00187927
0.439895 0.500924 0.463844 -0.0132163 -0.00704214 -0.0198377 0.456453 0.517509 0.431636 -0.0097893 -0.00438538 -0.0199016
0.498714 0.468448 0.455124 0.00941243 0.0312226 -0.000548871 0.515222 0.489658 0.435429 0.0103241 0.0356842 -0.00486856
0.504259 0.500598 0.524205 0.0145407 0.0305409 0.00891546 0.521217 0.518858 0.507827 0.00764198 0.0302083 0.0111557
0.482698 0.530643 0.445651 0.00908044 0.00119972 -0.0123309 0.504821 0.54889 0.42597 0.00620364 -0.000489849 -0.0088934
0.499609 0.477878 0.457444 -0.0327697 0.0129891 0.00648799 0.511372 0.491444 0.41625 -0.0323028 0.0111877 0.0095386
0.490677 0.488488 0.46696 -0.00163872 0.00815517 0.00490704 0.5076 0.502474 0.438178 -0.00513824 0.0101108 0.00565331
0.525752 0.456347 0.481839 -0.0338762 0.012332 -0.00368227 0.542383 0.477197 0.450971 -0.0324805 0.0125456 -0.000591478
0.47446 0.468901 0.454266 0.00934559 0.0144006 0.0407047 0.487422 0.491111 0.417613 0.0134806 0.0169343 0.0366524
0.582238 0.531683 0.519607 0.0290316 0.00204248 -0.00857145 0.5879 0.548651 0.484694 0.0297043 0.00162256 -0.0139162
0.455184 0.42944 0.38782 -0.0103444 -0.0170958 0.0139154 0.466096 0.453428 0.363898 -0.00788151 -0.0217404 0.00389812
0.514604 0.516835 0.499655 0.00703511 -0.0269933 -0.0111343 0.530962 0.537356 0.472194 0.00200855 -0.0286067 -0.0125333
0.483809 0.511265 0.431817 -0.0388363 -0.00167453 -0.00431717 0.499664 0.52825 0.402918 -0.0411319 0.00417357 -0.00515274
0.502134 0.511713 0.485548 0.0104028 0.0179135 -0.0318023 0.522065 0.523457 0.449076 0.0110458 0.0153359 -0.0337362
0.493575 0.478351 0.465421 -0.0227309 0.00858547 -0.00730705 0.516342 0.488046 0.436053 -0.0191252 0.0031741 -0.00967488
0.433347 0.452823 0.472612 0.00558751 0.00107798 -0.0144532 0.4505 0.469759 0.452881 0.0126881 -0.00119268 -0.0197018
0.481139 0.513054 0.498071 -0.00388263 -0.000668947 -0.0061397 0.497212 0.527929 0.475989 -0.0037669 -0.00091133 -0.0126598
0.453963 0.406064 0.464604 0.0319575 -0.0235731 0.0279598 0.472787 0.422172 0.440634 0.0281877 -0.0173578 0.0204658
0.476977 0.445306 0.421012 0.01995 0.0511219 -0.0114302 0.490183 0.467166 0.390999 0.0221723 0.0509081 -0.0190734
0.517628 0.459489 0.491955 -0.00107716 -0.00303631 0.0267028 0.529429 0.481431 0.464891 0.000226242 0.00414591 0.0291769
0.484621 0.481117 0.462751 0.0395456 -0.00865399 -0.00567427 0.498656 0.499343 0.436234 0.038627 -0.00519376 -0.00406167
0.520261 0.461908 0.472407 -0.0174101 -0.0216793 0.0089139 0.54037 0.47739 0.442546 -0.0106226 -0.0233672 0.00785133
0.512953 0.500441 0.476901 -0.00994975 -0.000559222 -0.00202105 0.541177 0.516255 0.454999 -0.00750543 0.00234323 -0.00161899
0.515859 0.522642 0.484088 0.000997102 -0.0413304 0.0045333 0.536441 0.542495 0.455156 -0.000154795 -0.0419589 0.00467779
0.488654 0.472514 0.458228 -0.0464375 -0.00363681 -0.0217796 0.502701 0.488967 0.4244 -0.0469318 -0.00632691 -0.0205669
0.452129 0.471126 0.470268 0.00403987 0.0307201 -0.0150445 0.467391 0.487178 0.446602 0.0058357 0.0342016 -0.0116085
0.529937 0.483692 0.524749 0.00890153 -0.00497448 0.00463155 0.539492 0.49987 0.496092 0.0083294 -0.00511729 0.00647786
0.427865 0.458316 0.440536 -0.0127999 0.00560852 0.00470494 0.449945 0.468917 0.411915 -0.0164343 0.00371753 0.00529228
0.535103 0.531042 0.532259 0.0152059 -0.0144201 0.0138713 0.554796 0.532726 0.503015 0.0115756 -0.016275 0.0134039
0.462802 0.477755 0.417643 0.0219014 0.0151236 -0.0075647 0.487853 0.496664 0.383915 0.0178151 0.0153106 -0.00553769
0.542516 0.513717 0.534458 0.00331557 -0.000323357 -0.0129081 0.567523 0.534455 0.501891 0.000857284 0.00573896 -0.0139487
0.538596 0.516105 0.511985 0.00408414 -0.026759 -0.0206212 0.556507 0.533194 0.479368 0.000558307 -0.0180317 -0.0182169
0.486381 0.522947 0.531483 -0.0715201 -0.00522418 -0.0313814 0.506832 0.535802 0.50126 -0.0707666 -0.000268957 -0.0260002
0.548818 0.498591 0.507405 -0.0258289 -0.0190058 0.00949053 0.570476 0.509754 0.483036 -0.0267341 -0.0233081 0.0152906
0.53716 0.537685 0.606046 -0.0310911 0.00967294 -0.00998214 0.550635 0.54792 0.575141 -0.0297977 0.00832705 -0.00828902
0.504729 0.470578 0.477033 -0.0188072 -0.00318039 -0.000735571 0.52149 0.477768 0.441778 -0.0148055 6.34959e-05 0.00207226
0.510756 0.515374 0.499824 -0.0240117 0.00150301 -0.0168736 0.528817 0.533121 0.469805 -0.0253413 -0.000125908 -0.0148643
0.458212 0.502308 0.44165 -0.00645412 -0.02378 0.0132458 0.470949 0.519959 0.416317 -0.00768026 -0.0293834 0.0175707
0.489329 0.508976 0.506978 -0.024357 -0.0307911 0.0299395 0.495167 0.519875 0.477542 -0.0299271 -0.0356396 0.0300922
0.522132 0.530181 0.478951 0.0111117 -0.0043614 -0.00775644 0.530518 0.549348 0.445639 0.0101036 -0.00604745 -0.00706794
0.440194 0.444726 0.433489 -0.0266012 0.0106465 0.0155915 0.446404 0.457727 0.400485 -0.0306947 0.0091659 0.013525
0.533237 0.552599 0.468232 -0.0205329 0.0136371 -0.00734925 0.544041 0.565501 0.426561 -0.0227057 0.0185378 -0.0108487
0.504127 0.50542 0.516929 0.0351789 -0.0394343 -0.0313489 0.523756 0.520082 0.491315 0.0370108 -0.0342229 -0.030773
0.470726 0.514852 0.530276 0.00572858 0.0132664 0.00364098 0.482268 0.52557 0.505157 0.00593785 0.0167002 0.00147044
-0.00331118 -0.0131291 -0.0276507 -0.0260709 -0.0168533 -0.0302388 0.000229814 -0.0153992 -0.0485327 -0.0255029 -0.0135156 -0.0290263
-0.0739931 -0.0927592 -0.077073 -0.0209687 0.00850646 0.00926174 -0.0623149 -0.087755 -0.0899125 -0.0235767 0.00829478 0.00812907
-0.0948449 -0.0871084 -0.147315 0.00171878 0.0216333 -0.0251262 -0.0875571 -0.0796945 -0.161727 0.00355993 0.0201806 -0.0262755
-0.0548849 -0.0228144 -0.0557163 0.00917594 0.0135636 0.0158781 -0.0439916 -0.00738524 -0.0698052 0.00822527 0.0147825 0.0138974
-0.0494069 -0.0893391 -0.124658 0.00377858 -0.015217 0.00833242 -0.0381798 -0.0838797 -0.14815 0.00418163 -0.0157196 0.013875
-0.100735 -0.0855025 -0.109124 0.00450242 0.0236133 0.0119435 -0.092125 -0.0690406 -0.130466 0.0103352 0.0207619 0.0138117
-0.126449 -0.0328237 -0.0159352 -0.00661751 0.0107475 0.0172158 -0.116951 -0.0251008 -0.0281814 -0.00375095 0.0144819 0.011195
-0.0769212 -0.0714179 -0.0862294 -0.00108726 0.00803953 -0.0156311 -0.0680021 -0.0638963 -0.10929 0.000509322 0.00626176 -0.0178747
-0.0764069 -0.0865396 -0.108697 0.0264253 0.0125248 0.0272039 -0.0701119 -0.0841545 -0.122141 0.0319762 0.0123179 0.0265374
-0.103796 -0.108186 -0.0618279 0.0137812 -0.0216693 0.0236392 -0.091543 -0.0959842 -0.0736197 0.01774 -0.0224153 0.0216189
-0.0492164 -0.0497586 0.0120642 0.0322765 0.00207819 0.00773796 -0.0412357 -0.0485981 -0.0018942 0.0321789 0.0015692 0.0104597
-0.148192 -0.141743 -0.10035 -0.0173213 0.0235453 0.0012784 -0.141631 -0.135172 -0.116559 -0.015652 0.0251182 0.00506768
-0.0280609 -0.104532 -0.00809916 -0.000654589 -0.0114107 0.00198273 -0.0207263 -0.0956683 -0.0249834 -0.00126892 -0.0153821 0.0055238
-0.0539645 -0.0610319 -0.0620754 -0.00467147 0.0159004 -0.0213481 -0.0511007 -0.0570433 -0.0803945 -0.00987437 0.014749 -0.0151101
-0.168888 -0.0936381 -0.11249 -0.0136031 -0.0209197 -0.0294569 -0.159986 -0.0802431 -0.112801 -0.0157284 -0.0164161 -0.0296109
-0.0629272 -0.0811725 -0.0709096 0.0435835 0.0421271 -0.00549898 -0.0517508 -0.0664454 -0.0605584 0.0372174 0.0366144 0.00194595
-0.0397571 -0.0378958 -0.120198 0.00389071 0.0128839 -0.0160647 -0.0271151 -0.0269675 -0.107215 0.000299932 0.0152342 -0.0161782
-0.119438 -0.116075 -0.183002 0.00200276 0.00528232 -0.0292173 -0.110626 -0.105268 -0.169847 0.0042911 0.00356569 -0.0233361
-0.153427 -0.105606 -0.0811769 0.00659677 -0.0313318 0.014688 -0.159588 -0.0956225 -0.0649164 0.00546956 -0.0335636 0.0168883
-0.123867 -0.102284 -0.106438 0.044822 -0.0259785 -0.0118989 -0.103278 -0.0929517 -0.0934532 0.0453087 -0.0203196 -0.00802464
-0.146198 -0.129024 -0.124364 -0.0120201 -0.0297204 0.0333555 -0.124532 -0.114964 -0.138277 -0.0110862 -0.0257961 0.0359438
-0.0791497 -0.0698064 -0.0286414 0.00538797 0.0409816 -0.0187168 -0.0732066 -0.0667428 -0.0394443 0.00488917 0.047279 -0.0182277
-0.0965654 -0.0311092 -0.041147 -0.0248759 -0.0134661 0.0210021 -0.0868626 -0.0145908 -0.0449216 -0.0193618 -0.0142318 0.0221303
-0.0759821 -0.0583471 -0.072266 -0.00669383 -0.0047877 -0.0183216 -0.0662429 -0.0477648 -0.0774323 -0.00494032 -0.00511222 -0.0102464
-0.131114 -0.102277 -0.105795 0.0187241 0.0158408 0.011656 -0.121994 -0.093863 -0.124553 0.0166482 0.0112075 0.0141213
-0.109451 -0.0801917 -0.108393 0.0358977 0.047133 0.00610614 -0.10466 -0.0718324 -0.0969151 0.0376914 0.0436475 0.00959383
-0.101287 -0.113997 -0.137793 -0.0311334 0.0245493 -0.00475139 -0.0888355 -0.0973767 -0.12555 -0.0372932 0.0160724 -0.00827675
-0.0659106 -0.11947 -0.144508 -0.00656065 0.00577486 -0.0326624 -0.0553275 -0.10849 -0.15421 -0.00968998 0.00730156 -0.0329622
-0.10973 -0.0956843 -0.136513 0.0296668 0.0205783 -0.0130109 -0.10205 -0.0855932 -0.121556 0.0310982 0.0194566 -0.0134464
-0.0894437 -0.0580732 -0.105761 0.0292369 -0.0402793 0.0136614 -0.076593 -0.0480715 -0.0874846 0.0306282 -0.034004 0.016882
-0.045799 -0.00610406 -0.130463 -0.00770874 0.00680865 -0.0193587 -0.0357187 -0.000765881 -0.122795 -0.00458878 0.0115893 -0.0212529
-0.0417308 -0.0504647 -0.0391782 -0.00319736 0.0293715 0.0178565 -0.0373552 -0.0295963 -0.021203 0.00703129 0.0334968 0.0136075
-0.066494 -0.0505998 -0.0193784 -0.00196196 0.0114118 0.00994835 -0.0534466 -0.0466644 -0.00581161 0.000557763 0.0108435 0.0114233
-0.138725 -0.143761 -0.103723 0.0203458 0.0070117 0.0165163 -0.125284 -0.137577 -0.104958 0.020502 0.00981476 0.0138262
-0.121802 -0.0621383 -0.130813 -0.030758 0.0160923 0.00134323 -0.0978446 -0.058191 -0.119297 -0.0343194 0.0111876 0.00685715
-0.124357 -0.168908 -0.165353 0.0296251 -0.0215621 -0.0120868 -0.119191 -0.169793 -0.164089 0.0309299 -0.0230438 -0.0182944
-0.0514964 -0.0722094 -0.100941 -0.00948602 0.0297809 0.0149046 -0.0458051 -0.0590462 -0.0935241 -0.0112159 0.02848 0.011134
-0.0973677 -0.0810433 -0.0786285 -0.00255886 -0.0138694 0.0171676 -0.0917843 -0.0691462 -0.0578542 -0.0103532 -0.0122452 0.0259322
-0.00871202 -0.10128 -0.0931087 0.042683 -0.0303451 0.0211149 0.000241441 -0.104947 -0.0770773 0.0512846 -0.0251935 0.0231337
-0.103931 -0.0375381 -0.0968818 -0.0227916 0.0120166 -0.0366588 -0.0902591 -0.0265462 -0.0797013 -0.0210168 0.0108401 -0.0360438
