-3.56431 -3.56465
-3.55487 -3.55619
-3.55378 -3.55295
-3.566 -3.5667
-3.55847 -3.55741
-3.54982 -3.54908
-3.55872 -3.55765
-3.56299 -3.56288
-3.56014 -3.56001
-3.56166 -3.56102
-3.56326 -3.56286
-3.55207 -3.55275
-3.55727 -3.55745
-3.55431 -3.55563
-3.56672 -3.56705
-3.55999 -3.56066
-3.55281 -3.55491
-3.55632 -3.55678
-3.57018 -3.56991
-3.55005 -3.54975
-3.55998 -3.55986
-3.54755 -3.54909
-3.56005 -3.56082
-3.55861 -3.5589
-3.55578 -3.55581
-3.54522 -3.54614
-3.55138 -3.55044
-3.55811 -3.55806
-3.5613 -3.56024
-3.55334 -3.55427
-3.55847 -3.55649
-3.55555 -3.55585
-3.55471 -3.55368
-3.55415 -3.55308
-3.55606 -3.55522
-3.55489 -3.55444
-3.5606 -3.55869
-3.55736 -3.55606
-3.54811 -3.5469
-3.55178 -3.55237
-3.54874 -3.55065
-3.55704 -3.55754
-3.55256 -3.55305
-3.55905 -3.55922
-3.55377 -3.55308
-3.55665 -3.55809
-3.56117 -3.56188
-3.55453 -3.55403
-3.5684 -3.56965
-3.56065 -3.56095
-3.54788 -3.54768
-3.58387 -3.58363
-3.50638 -3.50511
-3.56879 -3.56857
-3.49204 -3.4927
-3.55648 -3.55583
-3.52358 -3.52373
-3.60102 -3.60236
-3.5422 -3.54134
-3.53003 -3.52764
-3.57423 -3.57474
-3.56111 -3.56175
-3.49752 -3.49719
-3.60173 -3.60159
-3.59366 -3.59293
-3.58442 -3.58376
-3.55444 -3.55685
-3.52388 -3.52584
-3.58103 -3.57888
-3.58897 -3.59102
-3.61517 -3.61536
-3.58572 -3.58632
-3.49555 -3.497
-3.62038 -3.62179
-3.46461 -3.4647
-3.64343 -3.64397
-3.64059 -3.64046
-3.6386 -3.63846
-3.63512 -3.63486
-3.64159 -3.64144
-3.63862 -3.63831
-3.64466 -3.64456
-3.64193 -3.64245
-3.64527 -3.64557
-3.63588 -3.63548
-3.64425 -3.64433
-3.62142 -3.62093
-3.64512 -3.64545
-3.63284 -3.63244
-3.64128 -3.64115
-3.63403 -3.63376
-3.62555 -3.62511
-3.6441 -3.64415
-3.6447 -3.64484
-3.64435 -3.64444
-3.64506 -3.6452
-3.62645 -3.62601
-3.64467 -3.6446
-3.62218 -3.62167
-3.64345 -3.64407
-3.69253 -3.69201
-3.69176 -3.69223
-3.68896 -3.68965
-3.69158 -3.69172
-3.69166 -3.69207
-3.68886 -3.68954
-3.69091 -3.69091
-3.6908 -3.6907
-3.69035 -3.69107
-3.69017 -3.69065
-3.68703 -3.68617
-3.68724 -3.68604
-3.68422 -3.68467
-3.68368 -3.68284
-3.68542 -3.68511
-3.68455 -3.68437
-3.68496 -3.68461
-3.68303 -3.68253
-3.68426 -3.68419
-3.68428 -3.68476
-3.66367 -3.66445
-3.66782 -3.66706
-3.66296 -3.66317
-3.66969 -3.66953
-3.66786 -3.66865
-3.65725 -3.65656
-3.66368 -3.66261
-3.66798 -3.6669
-3.66459 -3.66405
-3.66516 -3.66496
-3.63365 -3.63324
-3.63439 -3.63431
-3.63305 -3.63221
-3.63799 -3.63822
-3.63102 -3.63078
-3.63236 -3.63287
-3.63523 -3.6342
-3.63215 -3.63205
-3.6378 -3.63644
-3.63249 -3.63241
-3.6094 -3.6095
-3.60747 -3.60616
-3.61425 -3.6143
-3.60457 -3.60562
-3.60507 -3.60363
-3.60909 -3.60923
-3.5982 -3.5979
-3.60681 -3.60588
-3.60622 -3.60528
-3.60746 -3.60836
-3.58775 -3.58561
-3.58239 -3.58053
-3.57867 -3.5779
-3.59128 -3.59024
-3.58044 -3.5815
-3.5866 -3.58725
-3.57835 -3.5774
-3.58487 -3.58487
-3.58333 -3.58417
-3.58273 -3.58245
-3.55428 -3.5527
-3.56292 -3.56279
-3.56483 -3.56319
-3.56358 -3.56282
-3.55978 -3.5591
-3.56093 -3.56373
-3.56532 -3.56446
-3.56672 -3.56624
-3.56309 -3.56266
-3.55284 -3.55146
-3.5372 -3.5368
-3.53921 -3.54054
-3.53311 -3.5332
-3.52368 -3.52081
-3.53543 -3.53491
-3.54725 -3.54567
-3.53846 -3.53744
-3.53941 -3.53785
-3.54046 -3.53913
-3.60943 -3.60873
-3.61563 -3.61556
-3.62006 -3.61972
-3.62138 -3.62021
-3.61569 -3.61476
-3.6278 -3.62849
-3.61926 -3.61793
-3.62091 -3.62132
-3.62278 -3.62409
-3.61772 -3.61784
-3.61476 -3.61665
-3.61881 -3.62045
-3.61172 -3.61423
-3.62111 -3.62224
-3.61458 -3.61494
-3.60998 -3.61106
-3.6037 -3.60534
-3.61276 -3.61362
-3.61773 -3.61873
-3.61705 -3.61826
-3.55409 -3.55547
-3.61776 -3.61778
-3.56897 -3.56731
-3.57195 -3.57096
-3.56924 -3.56911
-3.56698 -3.56676
-3.61222 -3.61263
-3.61766 -3.61761
-3.61672 -3.61777
-3.57097 -3.56946
-3.61535 -3.61499
-3.61395 -3.61343
-3.61937 -3.61973
-3.57062 -3.5698
-3.61971 -3.61919
-3.61705 -3.61646
-3.61496 -3.61492
-3.57492 -3.57367
-3.5686 -3.56863
-3.56847 -3.56844
-3.56576 -3.5648
-3.56025 -3.55953
-3.61079 -3.61089
-3.5659 -3.56721
-3.56777 -3.56812
-3.60896 -3.61032
-3.56492 -3.56716
-3.56691 -3.56731
-3.60532 -3.60646
-3.56367 -3.56265
-3.61095 -3.61154
-3.56759 -3.56878
-3.56509 -3.5645
-3.61205 -3.61308
-3.60847 -3.60912
-3.62144 -3.62385
-3.61662 -3.6177
-3.60895 -3.6103
-3.56212 -3.56416
-3.56327 -3.56435
-3.61159 -3.61397
-3.57405 -3.579
-3.66087 -3.65593
-3.5906 -3.58755
-3.6953 -3.69479
-3.60233 -3.60097
-3.60428 -3.60358
-3.67515 -3.67396
-3.60482 -3.60538
-3.69792 -3.69821
-3.5974 -3.59762
-3.60227 -3.60208
-3.59381 -3.59805
-3.68863 -3.68833
-3.62748 -3.62704
-3.69087 -3.69234
-3.60043 -3.60453
-3.69693 -3.69627
-3.57402 -3.57539
-3.60234 -3.59698
-3.59858 -3.60023
-3.58941 -3.59396
-3.59797 -3.60285
-3.5859 -3.58734
-3.57485 -3.57166
-3.56592 -3.56685
-3.59228 -3.59613
-3.58971 -3.59523
-3.5664 -3.56705
-3.59005 -3.58785
-3.61803 -3.62263
-3.70151 -3.70189
-3.70217 -3.70229
-3.7008 -3.70057
-3.70233 -3.70236
-3.69843 -3.69833
-3.70037 -3.70057
-3.70296 -3.70343
-3.69958 -3.69952
-3.70243 -3.70293
-3.70139 -3.70131
-3.7024 -3.70252
-3.70258 -3.70286
-3.69903 -3.69955
-3.70297 -3.70361
-3.70274 -3.7028
-3.70298 -3.70355
-3.70214 -3.70224
-3.70356 -3.70389
-3.699 -3.69861
-3.70264 -3.70313
-3.69126 -3.69161
-3.68808 -3.68858
-3.69151 -3.69212
-3.69063 -3.69042
-3.68994 -3.68982
-3.6906 -3.69047
-3.6888 -3.68915
-3.6906 -3.69159
-3.69213 -3.69292
-3.68906 -3.68905
-3.68641 -3.68643
-3.68447 -3.6841
-3.68396 -3.68327
-3.68599 -3.68587
-3.685 -3.68525
-3.68312 -3.68283
-3.68609 -3.68629
-3.68407 -3.68439
-3.68472 -3.68411
-3.68262 -3.68323
-3.66763 -3.66818
-3.6645 -3.66368
-3.66723 -3.66672
-3.662 -3.66137
-3.6648 -3.66381
-3.66514 -3.66509
-3.66238 -3.66216
-3.66349 -3.66339
-3.66507 -3.66483
-3.66005 -3.66051
-3.63524 -3.63582
-3.63799 -3.63742
-3.63828 -3.63905
-3.63109 -3.63057
-3.63185 -3.63229
-3.63691 -3.63587
-3.63263 -3.63323
-3.63904 -3.63871
-3.63254 -3.63154
-3.63273 -3.63181
-3.61148 -3.6115
-3.60832 -3.60733
-3.60805 -3.60652
-3.61059 -3.6106
-3.60278 -3.60261
-3.60855 -3.6074
-3.60857 -3.60879
-3.60279 -3.60078
-3.61063 -3.61099
-3.60687 -3.60559
-3.58259 -3.5826
-3.57949 -3.5779
-3.58211 -3.57995
-3.58068 -3.57949
-3.58266 -3.58276
-3.57949 -3.58053
-3.58095 -3.58068
-3.58443 -3.5851
-3.57897 -3.5787
-3.57662 -3.5746
-3.55634 -3.55639
-3.56198 -3.56221
-3.55207 -3.55248
-3.55282 -3.54986
-3.55233 -3.55168
-3.56163 -3.56083
-3.56001 -3.56023
-3.56258 -3.56184
-3.5584 -3.55926
-3.56123 -3.56069
-3.53022 -3.52907
-3.53408 -3.53368
-3.53362 -3.53219
-3.54045 -3.54016
-3.53695 -3.53666
-3.54843 -3.54867
-3.53248 -3.52993
-3.53622 -3.53532
-3.53755 -3.5369
-3.53862 -3.53887
