0.483415 0.447546 0.466004 -0.0340248 0.0475406 -0.0400174 0.493853 0.45786 0.472414 -0.0398588 0.0478158 -0.0404388
0.516219 0.466643 0.488443 0.0250532 0.0682937 0.026375 0.524542 0.458668 0.490102 0.0302711 0.0671501 0.0259524
0.451545 0.534367 0.427755 -0.00984809 -0.00316868 -0.0104756 0.445929 0.528378 0.430916 -0.0161442 0.00245853 -0.0146398
0.444672 0.424172 0.437533 -0.015122 -0.0433565 0.0360615 0.452919 0.425389 0.437958 -0.0154443 -0.0456882 0.0425336
0.481224 0.466581 0.457613 0.0169363 -0.0235343 -0.0344637 0.498069 0.476984 0.45027 0.0171437 -0.0242755 -0.0440118
0.488182 0.524316 0.52497 -0.0225329 -0.000301806 -0.0178657 0.49634 0.532207 0.526141 -0.0211527 0.00426541 -0.0162742
0.382221 0.409373 0.43265 -0.0227877 -0.0199795 -0.0169738 0.379662 0.408609 0.433422 -0.0269522 -0.0146883 -0.0147941
0.370002 0.43437 0.383423 -0.000129474 -0.027351 -0.0229776 0.357203 0.433841 0.387412 -0.00833175 -0.0289762 -0.0272347
0.467657 0.435179 0.468581 -0.0110935 0.0260067 0.00221493 0.473086 0.440252 0.464531 -0.00847351 0.0345547 0.00120636
0.433473 0.436068 0.484156 0.0107398 -0.0110851 -0.0484945 0.442545 0.454861 0.486716 0.00938368 -0.00968043 -0.0457941
0.465606 0.447991 0.455854 -0.000170602 0.00368411 -0.0443479 0.477016 0.448772 0.455543 -0.00638043 0.00927012 -0.0418012
0.560047 0.506616 0.472533 0.0144705 0.0169886 -0.0105906 0.554521 0.502294 0.463961 0.0126509 0.0156128 -0.0132553
0.461243 0.45167 0.440913 0.00455056 0.0161377 0.00409838 0.471427 0.462012 0.440237 0.00683932 0.0121714 0.00178921
0.427465 0.428767 0.474464 0.0226047 -0.000194725 0.00568929 0.431747 0.438046 0.472825 0.0297194 -0.000666469 0.0054045
0.36829 0.366082 0.42055 -0.000332273 -0.0355277 -0.0283219 0.36779 0.372695 0.419539 0.00577564 -0.0375386 -0.0259482
0.420534 0.364733 0.404788 -0.0360169 0.0155504 -0.0370537 0.420799 0.370034 0.405254 -0.0383461 0.0115225 -0.0317232
0.487897 0.461323 0.461246 -0.0156141 -0.0293955 -0.00347414 0.486674 0.469593 0.472349 -0.0198254 -0.0301031 0.0035296
0.449052 0.389508 0.405425 0.0137994 -0.0016133 -0.0425092 0.449739 0.393246 0.413958 0.0134594 -0.00291399 -0.0432313
0.413258 0.338521 0.380465 -0.00981321 -0.0174496 0.0103929 0.407984 0.341726 0.380022 -0.0122662 -0.0115208 0.0138574
0.450452 0.519734 0.43953 -0.00429051 -0.032354 -0.0278925 0.45288 0.515267 0.442991 -0.0132451 -0.0309982 -0.0307311
0.359418 0.420686 0.490253 0.00219222 -0.00275585 -0.0104252 0.365508 0.425342 0.494485 0.00239638 0.00418316 -0.0163212
0.44957 0.410424 0.437217 -0.025719 -0.0110429 -0.0234368 0.445978 0.409694 0.427018 -0.0301133 -0.00738495 -0.0260281
0.415999 0.35261 0.440818 0.0238138 0.0406091 -0.0405556 0.41348 0.352254 0.434274 0.0228333 0.044718 -0.0374573
0.44483 0.392089 0.387762 0.0269885 0.0165583 -0.00994137 0.441913 0.386659 0.390883 0.029703 0.0251255 -0.00672989
0.466838 0.503493 0.491036 -0.0460647 0.00773042 -0.00770049 0.461459 0.496764 0.491789 -0.0468247 0.0145941 -0.00609167
0.515429 0.631805 0.496116 0.022898 0.00767752 0.0176835 0.511886 0.619125 0.483635 0.0219245 0.0168807 0.0176467
0.511179 0.490277 0.51157 0.0455629 0.012833 0.00620604 0.5126 0.495605 0.515486 0.0403159 0.00679579 0.00457754
0.461445 0.471689 0.441498 -0.00525352 -0.0350046 0.0246453 0.471124 0.472473 0.448868 -0.00766916 -0.0313196 0.0192235
0.45785 0.453177 0.409138 0.00578451 -0.0389931 -0.00421983 0.467336 0.446957 0.404581 0.00476166 -0.0407844 0.000465671
0.455308 0.40721 0.46614 0.0196413 0.0100607 0.05498 0.460218 0.400898 0.449966 0.0169888 0.012626 0.0547128
0.440179 0.401859 0.442668 -0.0460937 -0.00590404 0.0143628 0.445083 0.400996 0.443214 -0.0499949 -0.00672582 0.0172438
0.490569 0.449885 0.461776 -0.0522275 -0.00346431 -0.0141895 0.499476 0.446882 0.448508 -0.047705 -0.0130105 -0.0144109
0.456087 0.452503 0.473947 -0.0269781 0.0406424 0.0415079 0.453179 0.45177 0.4781 -0.0256168 0.040128 0.046099
0.46057 0.438695 0.445553 -0.0295955 -0.0300579 0.011227 0.456359 0.428385 0.442856 -0.0317537 -0.0327825 0.00807983
0.506853 0.422892 0.394809 0.0328766 -0.00472365 -0.0191005 0.497803 0.417281 0.390835 0.0301588 -0.00240576 -0.0126719
0.415918 0.437448 0.41417 -0.00217419 0.0172859 -0.0439807 0.410684 0.438268 0.423373 -0.00232603 0.020277 -0.0362753
0.426968 0.341745 0.394435 -0.0200248 -0.0597169 -0.0449469 0.433355 0.359671 0.402355 -0.0132808 -0.0613592 -0.0377653
0.43801 0.39064 0.498834 -0.0246455 0.0237065 -0.0381129 0.430757 0.393689 0.505054 -0.0242779 0.0245665 -0.0426957
0.52421 0.446442 0.584719 0.0266026 -0.00402832 0.0291668 0.512122 0.446255 0.578286 0.0242417 -0.00171864 0.0307368
0.461778 0.405141 0.448676 -0.0427435 0.00970527 -0.0182361 0.454532 0.3987 0.443928 -0.0439254 0.00814646 -0.0208365
0.491511 0.403899 0.464219 -0.0143798 0.00335083 -0.0239616 0.495206 0.399635 0.466459 -0.0152428 0.00550806 -0.0283782
0.415549 0.412328 0.450098 0.0264297 -0.0204933 0.0193799 0.409966 0.412614 0.447323 0.0259103 -0.0157398 0.0268122
0.445333 0.42242 0.464356 -0.00397724 -0.0421373 0.00169466 0.438219 0.419815 0.466068 -0.00710277 -0.033397 0.0037412
0.457584 0.394988 0.37443 -0.0209494 -0.0341891 -0.00907941 0.45598 0.389634 0.386525 -0.0139735 -0.0297842 -0.00928088
0.513279 0.409235 0.473502 -0.0133758 -0.0255214 0.0210204 0.511934 0.41198 0.460957 -0.0101693 -0.0265485 0.0224282
0.409709 0.368044 0.405513 -0.018866 0.0238021 0.00934917 0.401907 0.356422 0.401654 -0.0214863 0.0199587 0.0172934
0.329535 0.424921 0.395102 0.0320801 0.0538302 -0.0252814 0.325838 0.434839 0.393868 0.030475 0.0485165 -0.0255679
0.427019 0.432178 0.436611 -0.019762 -0.0215092 -0.0281571 0.425209 0.436105 0.440555 -0.00674213 -0.0213253 -0.0290699
0.411689 0.44666 0.404612 -0.0124763 -0.0286561 -0.0104168 0.406738 0.440484 0.400644 -0.00151795 -0.0237232 -0.0195912
0.453047 0.442191 0.408828 -0.00847627 0.00335566 -0.0242512 0.457791 0.427964 0.408336 -0.00955828 0.00245516 -0.0279712
0.620355 0.519788 0.713855 -0.292173 0.162304 -0.201251 0.617166 0.523667 0.725763 -0.298269 0.157362 -0.197367
0.515811 0.469922 0.486853 0.029425 -0.130547 0.122916 0.509941 0.462832 0.484906 0.0193631 -0.120371 0.115618
0.792695 0.553832 0.736457 -0.0962365 -0.225082 0.324252 0.785123 0.572344 0.736852 -0.119461 -0.240382 0.32524
0.498113 0.529519 0.585538 0.256493 -0.198209 0.159934 0.510605 0.54355 0.594224 0.251475 -0.191089 0.158254
0.840846 0.843915 0.862206 0.440279 0.252414 0.194922 0.836354 0.863295 0.86777 0.451099 0.258893 0.22744
0.479266 0.593338 0.521365 0.0720696 -0.164929 -0.209083 0.491213 0.593123 0.533243 0.0716724 -0.165022 -0.200177
0.711961 0.623372 0.702099 -0.174545 -0.100697 0.23673 0.696068 0.621418 0.699333 -0.184953 -0.104967 0.252657
0.407039 0.471054 0.391224 0.0620456 0.0119131 0.129498 0.413968 0.480468 0.385694 0.0551343 0.00904489 0.127714
0.646159 0.736375 0.499577 -0.0666847 -0.228638 -0.0469843 0.646578 0.741584 0.499701 -0.0626769 -0.217289 -0.0458232
0.747988 0.778572 0.6312 -0.101982 -0.341976 0.314798 0.726805 0.777031 0.615871 -0.0968724 -0.342005 0.319866
0.512697 0.4536 0.577688 -0.0475947 -0.0366526 0.0166658 0.513591 0.453142 0.581157 -0.056578 -0.0387897 0.0170067
0.697335 0.527056 0.597879 0.0944151 -0.0730244 -0.1091 0.699537 0.514922 0.61953 0.117544 -0.0867119 -0.113126
0.714945 0.886966 0.912783 0.521638 -0.11666 0.0826532 0.727524 0.897878 0.903474 0.507388 -0.11485 0.0942329
0.36337 0.401699 0.384226 -0.00370844 0.0449709 0.240505 0.361558 0.393452 0.391262 0.00138416 0.0375404 0.228664
0.445839 0.477294 0.431058 -0.0957179 -0.151863 -0.0654101 0.464362 0.489569 0.430167 -0.0935728 -0.150541 -0.0594678
0.471614 0.505356 0.436936 -0.0401702 -0.314435 -0.074621 0.469095 0.497615 0.428782 -0.0320998 -0.308283 -0.0689004
0.491258 0.580575 0.666028 0.25496 0.0580092 0.10887 0.484593 0.594949 0.673017 0.258155 0.0621976 0.0999039
0.638787 0.65097 0.771272 0.104501 0.409774 0.219064 0.635408 0.63742 0.764431 0.0940839 0.399808 0.201613
0.472673 0.556783 0.562468 -0.0553583 -0.125799 -0.0610067 0.469086 0.548924 0.560924 -0.0518175 -0.123895 -0.0647554
0.516818 0.570063 0.409741 0.138494 0.164662 0.142852 0.508601 0.57415 0.390749 0.135736 0.155164 0.129023
0.35008 0.361971 0.369018 0.153084 0.237001 0.0445427 0.353773 0.365553 0.363541 0.1455 0.239491 0.0454981
0.434008 0.521941 0.454647 0.247874 -0.0157644 0.0738325 0.431976 0.517587 0.46149 0.238768 -0.00891074 0.0664818
0.824452 0.720544 0.843055 0.250879 -0.0992652 -0.00519828 0.814701 0.723197 0.821493 0.249268 -0.0950929 -0.00500261
0.332823 0.333805 0.356405 0.023999 -0.0834182 -0.040598 0.331472 0.335143 0.364124 0.0338027 -0.0796434 -0.0335154
0.979729 0.946566 1.00279 0.0662519 0.101058 0.671284 0.992688 0.932643 1.01163 0.0933144 0.110695 0.685945
-0.177789 -0.178056 -0.174897 -2.21257e-08 2.21565e-08 -1.81497e-09 -0.180569 -0.178382 -0.167294 0 -0 0
0.298013 0.294194 0.295993 3.46171e-08 7.81531e-08 2.05172e-08 0.298517 0.287291 0.295527 0 0 -0
0.353235 0.355581 0.355712 -7.30458e-08 -7.62814e-08 -8.25845e-08 0.345704 0.35287 0.353143 0 0 0
0.437824 0.44105 0.439116 -5.69994e-08 -8.21867e-08 -7.93324e-08 0.433446 0.436348 0.434995 0 0 0
0.25176 0.267708 0.252507 -3.529e-08 -7.82524e-09 5.52155e-08 0.245588 0.273361 0.242553 0 0 0
0.353882 0.351529 0.353642 -6.54359e-09 1.68773e-09 1.68818e-08 0.355295 0.339796 0.354877 0 0 -0
0.0875289 0.0857691 0.106243 3.75414e-08 -1.2217e-08 -5.85935e-09 0.0774467 0.077032 0.114711 0 -0 0
-0.22661 -0.233597 -0.23365 -1.03605e-08 -5.00749e-08 1.75023e-09 -0.2178 -0.240877 -0.240644 0 0 0
-0.0319263 -0.0367238 -0.0365636 -7.85334e-09 2.21301e-08 2.24033e-08 -0.0272056 -0.0380904 -0.0420233 -0 0 0
0.418855 0.421274 0.4191 -2.84648e-08 3.11246e-08 -6.56872e-08 0.408277 0.424523 0.419767 0 0 0
0.142147 0.140937 0.139713 6.18837e-08 -3.17094e-09 -4.049e-09 0.142209 0.140022 0.134074 0 0 0
0.6787 0.678008 0.678438 3.8816e-08 1.2696e-08 6.66581e-08 0.686432 0.681745 0.678839 0 0 0
-0.0608456 -0.0620925 -0.0626753 -1.81988e-08 -1.11212e-08 -2.02992e-08 -0.0557185 -0.0569761 -0.0671373 0 0 0
0.484233 0.486409 0.48364 8.97888e-08 -1.85934e-08 -4.63981e-08 0.487039 0.491546 0.476499 -0 0 0
0.271469 0.275147 0.273281 1.26819e-08 3.73805e-08 -1.80935e-08 0.268408 0.279831 0.27693 0 -0 0
0.46478 0.45901 0.459309 7.28672e-08 1.08041e-07 -1.38264e-07 0.46877 0.451829 0.456885 0 0 -0
0.614094 0.614527 0.614976 3.29044e-09 2.63185e-08 4.33684e-08 0.611581 0.619025 0.620789 0 0 0
0.148096 0.147931 0.15293 8.95627e-08 2.67572e-08 4.23359e-09 0.145583 0.14326 0.155804 0 0 0
0.108243 0.108761 0.109549 8.69062e-08 -8.04501e-08 5.88106e-08 0.105374 0.108781 0.109133 0 0 0
0.135456 0.135417 0.133855 8.47747e-09 -3.50878e-08 -5.46272e-08 0.134989 0.134875 0.128525 -0 0 0
0.0741876 0.0702884 0.0708284 -4.0589e-10 4.68276e-08 6.12487e-08 0.0769395 0.0660744 0.0716078 0 0 0
0.601037 0.599455 0.599335 1.03661e-07 7.49718e-09 8.66824e-09 0.607063 0.601643 0.595968 0 0 0
0.0919649 0.0945905 0.108636 -3.38177e-08 -2.93108e-08 5.5518e-08 0.0879526 0.0833863 0.115451 0 0 -0
0.6682 0.666352 0.666585 -2.816e-08 -3.69964e-08 2.22521e-08 0.677742 0.668661 0.667298 0 0 0
-0.176087 -0.177054 -0.177201 -3.23947e-08 -1.63354e-08 -3.22174e-08 -0.171204 -0.174475 -0.178621 0 0 0
0.0568405 0.00954086 0.0312734 0.011266 0.012106 0.0140137 0.0589898 0.00687377 0.0314435 0.0105006 0.00748173 0.012436
0.0428327 0.0138454 0.0188183 0.00197941 0.00790176 -0.0150072 0.0418313 0.00548645 0.014592 0.0012484 0.00383685 -0.0121875
0.0138158 0.0154112 0.0336125 -0.00575875 0.0156814 0.0049795 0.00800546 0.0187456 0.0279598 -0.00737083 0.0124776 0.00677049
0.0256621 0.0332854 0.0316603 -0.00780188 0.00542447 0.00135773 0.02106 0.0301729 0.0247506 -0.0046167 0.00201469 0.00753012
0.0232578 0.0133073 0.0107023 0.0167365 0.0288746 -0.00344089 0.0224803 0.00759204 0.00664796 0.0163148 0.0282773 -0.00471497
0.004224 -0.0173124 0.0225095 -0.012393 -0.00691778 0.00898246 0.000295988 -0.0127507 0.0188854 -0.00950827 -0.0075546 0.013716
0.0461668 0.025207 0.0356793 0.0102627 0.0124629 -0.000964219 0.044642 0.0212311 0.0261276 0.0125274 0.00905799 -1.9321e-05
0.0150543 0.0111903 0.0349709 0.0166999 0.0118778 0.0203011 0.010757 0.00746204 0.0293294 0.0158106 0.0133363 0.022473
0.0378731 0.00378267 0.0236774 0.00762427 0.0196414 0.018003 0.034228 0.00147444 0.0204877 0.00809497 0.019215 0.0166585
0.0174432 0.01733 0.0210641 0.0223241 0.00278154 0.0053677 0.011399 0.0102531 0.0136956 0.0218155 -0.00190062 0.00915164
0.0402949 0.0535298 0.0160328 0.000898201 -0.00140631 0.00955089 0.0368725 0.0497764 0.00734068 -0.000555864 -0.00249747 0.0117462
0.0162661 0.0340694 -0.0226849 0.00122357 -0.016602 -0.00643521 0.0137578 0.0357153 -0.0235905 0.0027562 -0.0158409 -0.00752938
0.0601308 0.0645706 0.0273521 -0.0086741 -0.00670346 0.02434 0.0546604 0.0593723 0.0179874 -0.00562738 -0.00599673 0.0284289
0.0626972 0.0221923 0.0349292 -0.0118347 -0.00436473 -6.12714e-06 0.062073 0.0236732 0.0335825 -0.0163966 -0.0114124 0.000507747
0.0692551 0.0747067 0.0414138 0.00190757 -0.0119703 0.0104823 0.0659975 0.0762861 0.0394346 -0.00208636 -0.0099196 0.0116669
0.0299471 -0.00185001 -0.00355406 -0.0295785 -0.00144496 -0.0220603 0.0328336 0.00685565 -0.00126772 -0.0298 0.00183991 -0.0204346
0.0397466 0.0239804 -0.00776002 0.013837 0.0123039 -0.00574215 0.0294669 0.0276381 -0.0177429 0.01374 0.0100376 -0.00692182
0.0109179 7.93242e-05 -0.0262405 -0.0192583 0.010407 -0.00499054 0.0082737 0.00793383 -0.0243486 -0.0167428 0.0095742 -0.00548839
0.00412886 0.0423033 0.0102876 0.00706265 -0.0293911 0.00518419 -0.00159426 0.0431426 0.00590086 0.00328645 -0.0304928 0.00170179
0.00239365 0.0441054 -0.000743327 0.00240138 0.00624265 0.00396875 -0.00159849 0.0512565 -0.00376784 -0.000330802 0.00354043 0.00687404
-0.00309876 -0.0148175 -0.0143884 -0.00927051 0.0131567 0.0202966 -0.00809089 -0.00696787 -0.0129518 -0.00982571 0.0161883 0.0204187
-0.0192143 0.0105536 -0.00604492 -0.0385706 0.00753249 0.00713734 -0.0158464 0.00726324 0.00153506 -0.0390613 0.00422988 0.0120871
0.0161733 -0.00215788 -0.0289775 -0.0340512 -0.0181847 -0.000939336 0.0184413 -0.00346614 -0.0276514 -0.0388461 -0.0172206 0.00504358
-0.0113278 -0.0229005 -0.0415778 0.0200006 -0.0182791 -0.00244148 -0.0116021 -0.0136703 -0.0456799 0.0191284 -0.0155466 -0.0020971
0.0058831 -0.00552942 0.0267373 -0.0186658 0.0220611 -0.0172015 0.00717713 0.00469982 0.0227665 -0.00823105 0.0166307 -0.0197132
0.00464894 0.00901183 0.00814521 -0.0240885 0.0045737 0.0239298 0.00295694 0.00427938 0.00923293 -0.0272297 0.00158747 0.029684
0.0020328 -0.000441857 0.032157 -0.0135517 -0.011732 -0.00751105 -0.00808111 0.00187596 0.0339569 -0.0123669 -0.0148798 -0.00559438
-0.0373943 -0.0109429 -0.0428285 0.0162792 -0.00173975 0.0343056 -0.0339301 -0.0102894 -0.0416294 0.0205274 -0.00283731 0.0313291
0.000481109 -0.017891 -0.0128343 0.00654722 0.00732445 0.00321104 -0.00448071 -0.0113041 -0.00480401 0.00335049 0.00305006 0.00145935
0.0267606 -0.00234127 -0.0116286 0.00252712 0.00858195 0.0196612 0.0359829 -4.78395e-06 -0.00260512 0.00297469 0.0056904 0.017887
0.0119105 -0.0195899 0.00118288 -0.0218283 -0.0068898 -0.0438005 0.0112759 -0.0167811 0.0109463 -0.0222157 -0.00790349 -0.0462465
-0.0191422 -0.0621743 -0.00997351 0.017896 -0.00144474 -0.013431 -0.0155415 -0.0659603 -0.0100511 0.0137789 -0.00573306 -0.0170389
-0.0396507 -0.0375169 -0.0484777 -0.0230381 0.0034158 -0.00708384 -0.0449921 -0.03348 -0.0437763 -0.0229574 0.0059187 -0.00718593
-0.0080459 0.0216947 -0.0703864 0.00378545 -0.00641536 0.007412 -0.00939586 0.0276563 -0.0779335 0.00480454 -0.00370525 0.00931762
-0.000803368 -0.0566173 -0.0209966 0.00503271 0.00815704 -0.00800133 0.00781809 -0.0580479 -0.0163735 0.00320346 0.00812574 -0.00400725
0.00144377 -0.0462362 0.0177313 0.00434588 0.0302606 -0.0234813 -0.000916636 -0.0398777 0.0128827 -1.7284e-05 0.030324 -0.0222268
0.0109097 -0.0322073 -0.0429872 0.0409639 -0.00705764 0.0137527 0.00353105 -0.0339527 -0.0395275 0.0465723 -0.00855383 0.0132847
-0.0291166 -0.0374562 0.00358533 -0.00396994 0.0177619 -0.0276745 -0.0256402 -0.0337501 0.0115559 0.00111812 0.00983293 -0.0235534
-0.0405185 -0.0352749 -0.00240255 -0.0210507 -0.000528815 -0.00220088 -0.0444696 -0.0331845 -0.00512031 -0.0181285 0.00939793 0.00227509
0.0119901 -0.0113191 -0.0155339 0.0261688 0.0227347 0.000672943 0.0122911 -0.0145377 -0.0175768 0.0231096 0.0282186 -0.00681895
-0.0622847 -0.0603329 -0.0564385 -0.00455716 0.0119417 0.0173625 -0.0615946 -0.0581871 -0.0521398 -0.00697312 0.013734 0.0162102
-0.0111089 -0.02053 -0.0342066 -0.0427853 0.0259412 0.000292074 -0.0139724 -0.0224233 -0.033275 -0.0386177 0.0255622 0.00775867
-0.0759015 -0.08394 -0.0677282 -0.0274405 -0.00541021 -0.0291291 -0.0711567 -0.0847544 -0.0706285 -0.0292126 -0.00696725 -0.030828
-0.0503172 -0.0917122 -0.0739356 -0.00209027 0.00677006 -0.00296624 -0.0462549 -0.082917 -0.0692941 0.00321515 0.00461793 -0.00892309
-0.0613356 -0.0114999 -0.049122 0.0007239 -0.0140662 0.0159623 -0.059473 -0.00917052 -0.0466552 -0.00155401 -0.0197984 0.0193471
-0.0473838 -0.0506226 -0.0584903 0.00692797 0.0256947 0.00713935 -0.0425927 -0.0546525 -0.0596395 0.0129505 0.0299786 0.00191287
-0.00781697 -0.0613351 -0.0389848 -0.00869277 0.00171383 -0.00588978 -0.0091316 -0.0582795 -0.0371293 -0.00684244 -0.00184333 -0.00708839
-0.0939811 -0.126699 -0.0542822 -0.0201898 -0.006795 -0.0162732 -0.0976726 -0.130068 -0.0476364 -0.0219824 -0.00536225 -0.0163311
-0.0623381 -0.0155731 -0.0926879 0.00829213 -0.00714103 0.0179642 -0.053798 -0.0103526 -0.0966905 0.00627216 -0.00859679 0.0173787
-0.0337985 -0.0225462 0.000303333 0.0113899 -0.0309362 0.00210299 -0.0365791 -0.0193383 -0.00234843 0.00811361 -0.0259255 0.00215509
0.0327199 -0.0383073 -0.0264858 0.0326973 0.0140735 0.0345154 0.0315991 -0.0407389 -0.0239172 0.0372939 0.0170623 0.0399379
-0.10682 -0.109449 -0.0899133 0.0198467 0.0157485 0.0262167 -0.0982314 -0.104362 -0.0844532 0.0167847 0.0194419 0.0320552
-0.0864427 -0.105157 -0.121534 0.01358 -0.000734238 -0.0253213 -0.0764505 -0.103682 -0.119289 0.0125451 0.00913142 -0.0215874
-0.13052 -0.157594 -0.12733 0.0156356 0.0345488 -0.00736471 -0.121005 -0.155259 -0.128729 0.012803 0.0373716 -0.00949386
-0.0668362 -0.0283505 -0.0905659 -0.0731138 -0.017659 -0.0163691 -0.0627573 -0.0427374 -0.0955433 -0.0726768 -0.0103589 -0.0103661
-0.0612647 -0.0292849 -0.0427811 0.0174976 0.0111841 -0.0244212 -0.051714 -0.0270242 -0.0422779 0.0120276 0.00906463 -0.0204198
-0.0446867 -0.0875549 -0.0486594 -0.00708906 -0.0116399 -0.00165495 -0.0464483 -0.0883288 -0.0451871 -0.008705 -0.0119071 -0.00804213
-0.0884312 -0.148529 -0.132141 -0.0380107 -0.0294747 0.0118404 -0.0862865 -0.135133 -0.134606 -0.0396731 -0.0277632 0.0193626
-0.102229 -0.108894 -0.107367 0.0615188 0.00409034 0.0124162 -0.097168 -0.107299 -0.101869 0.0628973 0.00551676 0.0116084
-0.102044 -0.104483 -0.0790823 -0.00596615 0.0181007 0.0184349 -0.0976177 -0.0985034 -0.0849998 -0.00319481 0.0253124 0.0225834
-0.148455 -0.120065 -0.132084 -0.00189408 -0.0154744 0.0365107 -0.149075 -0.12241 -0.128136 0.000764105 -0.00835651 0.0383102
-0.134754 -0.144357 -0.160889 -0.00552664 -0.00479635 -0.0220442 -0.137398 -0.148749 -0.161613 -0.0103903 -0.0034084 -0.0173139
-0.0598064 -0.0799081 -0.0989809 0.00471525 -0.00758293 -0.0491384 -0.0627407 -0.0824413 -0.0998809 0.00216605 -0.0106328 -0.0595544
-0.0611169 -0.0992729 -0.116625 -0.000569318 -0.0227657 0.0128926 -0.0522292 -0.0978895 -0.116938 -0.00169315 -0.0317363 0.0117735
-0.104377 -0.0504239 -0.0522666 0.0579525 -0.0453885 0.0232234 -0.113055 -0.0478672 -0.055598 0.0555473 -0.0499502 0.0256529
-0.130606 -0.162264 -0.133422 -0.0293233 0.00985776 -0.00876235 -0.130505 -0.163601 -0.121842 -0.021273 0.0147398 -0.0105468
-0.176268 -0.18562 -0.187759 0.00859267 0.0224986 -0.000975819 -0.186758 -0.176423 -0.184392 0.00472222 0.0216104 -0.00609488
-0.161894 -0.140401 -0.160927 -0.0252933 0.0103877 -0.000306382 -0.159005 -0.133997 -0.154103 -0.0274713 0.0212327 0.00269574
-0.125935 -0.0710058 -0.14792 -0.0294751 0.0190953 -0.00859812 -0.122617 -0.0695567 -0.142957 -0.0306701 0.0210315 -0.0112802
-0.0552308 -0.12257 -0.129473 -0.0272905 0.0324214 0.020526 -0.0549875 -0.119837 -0.125124 -0.0251728 0.033267 0.0204937
-0.112619 -0.127758 -0.119342 -0.0288366 0.00393828 0.0332879 -0.106177 -0.120741 -0.105228 -0.0325649 0.00486306 0.0400757
-0.102727 -0.112538 -0.123112 -0.00615857 0.0497077 -0.0123274 -0.0957208 -0.116043 -0.117 -0.00730077 0.0514701 -0.0148898
-0.0864605 -0.133757 -0.128281 -0.00694672 0.0121967 0.0335157 -0.0755487 -0.122246 -0.127714 -0.00967707 0.019948 0.0304683
-0.107172 -0.10493 -0.130659 0.00574238 0.00940169 -0.0322354 -0.0939652 -0.096089 -0.115513 0.00396235 0.0106531 -0.033116
-0.120495 -0.0925358 -0.101476 -0.000214783 0.00894115 0.00746314 -0.118866 -0.0817173 -0.0926 -0.000605926 0.0059875 0.00191275
-0.113049 -0.100471 -0.113445 0.00484949 -0.0229066 0.0120276 -0.109459 -0.0987809 -0.109453 0.00627491 -0.0248546 0.0127736
-0.133464 -0.121147 -0.13069 -0.0278675 -0.00530073 0.00847475 -0.138115 -0.113039 -0.128209 -0.0283837 -0.00631293 0.0115581
-0.106556 -0.168094 -0.0906725 0.0543672 0.00181558 0.00240365 -0.0998301 -0.165629 -0.0828882 0.0565148 0.0107544 0.00488546
-0.0858098 -0.191111 -0.127815 0.0154957 0.0311467 0.0274292 -0.0879805 -0.184763 -0.122978 0.024135 0.0281468 0.028348
-0.0708512 -0.0786503 -0.0870349 0.0122706 -0.0191084 -0.0173996 -0.0608561 -0.0693584 -0.103801 0.0190128 -0.0208477 -0.0171945
-0.0590909 -0.0753734 -0.0651657 -0.00495995 -0.0220922 0.0106053 -0.0526782 -0.0652453 -0.0836053 -0.00318254 -0.0221306 0.00580778
-0.082288 -0.0245065 -0.080093 0.0295551 0.00567735 -0.00182881 -0.0734231 -0.0155524 -0.0943847 0.0313115 0.0068789 -0.00369346
-0.0638088 -0.0620097 -0.0437644 -0.0100484 0.0314971 0.0118279 -0.0540392 -0.050038 -0.0543705 -0.00938639 0.035995 0.0131634
-0.0407736 -0.0250416 -0.0674447 -0.00587794 -0.0157426 -0.011488 -0.031921 -0.0141516 -0.0787643 -0.00871024 -0.0163446 -0.0144784
-0.0617698 -0.0649462 -0.0432248 -0.017975 -0.0183618 0.0183963 -0.0469187 -0.0495752 -0.0571619 -0.0261446 -0.0184393 0.0221124
-0.0398179 -0.0385136 -0.044553 0.00920393 -0.00104383 0.0278639 -0.0288217 -0.0323493 -0.0570982 0.00899315 -0.00916729 0.0289138
-0.0904696 -0.0935018 -0.0815226 -0.0076375 -0.0223219 -0.014043 -0.0829756 -0.0843331 -0.0987348 -0.00964671 -0.0160315 -0.0159609
-0.0411741 -0.0907003 -0.0730492 -0.0215833 -0.0334001 -0.00172826 -0.0313403 -0.0831655 -0.0866696 -0.0218483 -0.0346473 -0.00384761
-0.061304 -0.0802285 -0.071843 -0.00243814 0.00360712 -0.004922 -0.0581441 -0.0750213 -0.0879067 0.00296839 0.00205503 -0.00806948
-0.0632305 -0.0428106 -0.0188248 -0.00179715 0.00262442 -0.0127939 -0.0505039 -0.038622 -0.0365201 0.000119765 0.000661258 -0.0121731
-0.0643546 -0.0862732 -0.048791 0.00678342 -0.00587515 0.00208883 -0.0534149 -0.0837075 -0.0604759 0.00337012 -0.00628669 0.00324294
-0.0537068 -0.049668 -0.0587304 0.00698674 0.0204658 0.00460737 -0.0437793 -0.0412955 -0.0717154 0.0122682 0.0212648 0.0047072
-0.038547 -0.0439599 -0.0619837 -0.0127036 -0.0156716 0.00362925 -0.0270905 -0.0332534 -0.0852488 -0.0131154 -0.0187126 0.00696146
-0.0729791 -0.0887988 -0.0579429 -0.00124698 -0.013867 -0.0216452 -0.0646972 -0.0816633 -0.0715811 0.00198059 -0.0102634 -0.0252649
-0.105476 -0.0495954 -0.0614324 -0.00138279 0.0374125 -0.00906797 -0.0975364 -0.039704 -0.0755421 0.000252215 0.0392077 -0.00682149
-0.0716988 -0.0622201 -0.0832096 -0.0044808 0.0020591 -0.0207212 -0.0612711 -0.0519991 -0.095697 -0.00440956 0.000431493 -0.0219118
-0.0262052 -0.0102404 -0.0392232 0.0119886 0.00385013 0.00375068 -0.0172193 -0.00230503 -0.0510868 0.00884898 0.00445274 0.000348792
-0.0709816 -0.0260694 -0.04098 0.00902819 -0.0118937 -0.000736227 -0.0651707 -0.018211 -0.0572321 0.0102285 -0.0138297 -0.0013894
-0.0672131 -0.0593633 -0.0737253 0.0199175 -0.0063594 0.0142215 -0.0528861 -0.053936 -0.0905693 0.0204531 -0.00257836 0.00979148
0.531725 0.470483 0.481026 0.0164193 0.0464251 -0.0520949 0.538544 0.465549 0.480832 0.00834161 0.045554 -0.0515612
-0.0466804 3.13083e-05 -0.0126118 -0.00480079 0.0405842 0.0121974 -0.0421881 -0.000358085 -0.0292978 -0.00830434 0.038829 0.00906364
-0.11208 -0.0986756 -0.092338 0.00263586 0.00842415 0.00762147 -0.102653 -0.0930504 -0.114611 0.00216929 0.00581707 0.00804939
-0.0736207 -0.10875 -0.0783256 -0.0180538 0.00858974 -0.00954249 -0.060483 -0.097054 -0.0915854 -0.013576 0.00794771 -0.00750159
-0.0611035 -0.0175689 -0.0586055 0.0177119 -0.000665084 0.0286571 -0.0560363 -0.00954831 -0.0738864 0.00805475 0.00170108 0.0248694
-0.0516667 -0.0570255 -0.0959105 0.0123213 0.0204062 -0.00739853 -0.0404444 -0.0469416 -0.118592 0.0168758 0.0151697 -0.00758081
-0.0554428 -0.0417263 -0.0832983 0.00882574 -0.0027579 0.014408 -0.0487791 -0.0340497 -0.0994129 0.00670117 -0.00224495 0.0191443
-0.0559954 -0.0485199 -0.0435909 -0.00877185 -0.0180629 -0.00652393 -0.0454491 -0.0337124 -0.0601011 -0.00937471 -0.0211818 -0.00435332
-0.0609363 -0.0775111 -0.0543148 0.00894825 -0.00243305 0.00262125 -0.0560879 -0.0715934 -0.0717978 0.00613224 -0.00254892 0.00138593
-0.0968336 -0.0870391 -0.103068 -0.0118551 -0.00543976 -0.0135857 -0.0873404 -0.0758509 -0.120255 -0.010506 -0.0106237 -0.0148833
-0.0683563 -0.0431017 -0.0960331 0.0101408 0.00432942 0.0107549 -0.0568148 -0.0413345 -0.116476 0.00838808 0.00604769 0.0115322
-0.00802096 -0.0368352 -0.040239 0.00127981 -4.47187e-05 -0.0214248 0.00631254 -0.0337049 -0.0508038 0.00416537 -0.00604178 -0.0215748
-0.0223133 0.0130363 -0.0168072 0.00520495 0.0114178 -0.00556537 -0.0107051 0.0181559 -0.0289141 0.00876556 0.0168128 -0.00341144
-0.111575 -0.069302 -0.0953799 0.0253144 0.0183165 0.0134401 -0.101682 -0.0591521 -0.108892 0.0243551 0.0215297 0.0151112
-0.02434 -0.0413792 -0.0379421 -0.00085357 -0.010517 -0.014144 -0.0201516 -0.0343122 -0.0519214 0.00369863 -0.0125373 -0.0143257
-0.0628039 -0.0341599 -0.0469131 -0.0214898 0.00362894 -0.00399146 -0.0513636 -0.0279149 -0.0629859 -0.017045 0.0117761 -0.00136241
-0.0316265 -0.033629 -0.0229544 -0.00583314 0.0110898 0.0223745 -0.0284642 -0.0272115 -0.0446773 -0.0039519 0.00945614 0.0236763
-0.0707438 -0.0359252 -0.0722605 0.0341138 0.0285954 0.00684608 -0.0602203 -0.0244213 -0.089891 0.0340765 0.0278204 0.0102239
-0.0485535 -0.0357236 -0.0330284 -0.0203296 -0.0142804 0.0137582 -0.041164 -0.0200584 -0.0472636 -0.0145112 -0.0171221 0.015691
-0.0696297 -0.0553549 -0.0732847 0.00742825 0.000512479 0.0270229 -0.0682399 -0.0452909 -0.09998 0.00576166 0.00184785 0.0227197
-0.075172 -0.0536719 -0.123129 0.0251988 -0.00617035 0.00509366 -0.0597771 -0.040957 -0.143437 0.02789 -0.00116075 0.00204097
-0.0360482 -0.0831397 -0.0725832 0.00713535 0.00489609 -0.0062759 -0.0209619 -0.069412 -0.0901096 0.00461743 0.0012648 -0.0152171
-0.0654033 -0.0612854 -0.0521155 0.000403067 -0.0169955 -0.0166623 -0.0490534 -0.0559447 -0.0707865 -0.00462775 -0.0170466 -0.0173017
-0.0675936 -0.0614379 -0.0459708 0.0260161 0.00635768 0.0190344 -0.0524903 -0.041905 -0.0574157 0.0317591 0.0031525 0.0206733
-0.0840038 -0.0495579 -0.0519461 -0.000283389 0.00340069 -0.0174676 -0.0807424 -0.0329994 -0.0652715 0.00112275 0.00821376 -0.0222025
-0.0741279 -0.062935 -0.092703 -0.0110523 -0.00606117 0.00643192 -0.065373 -0.0551033 -0.1069 -0.00579869 -0.00822339 0.00535138
-0.0457877 -0.0916112 -0.0592865 0.0245941 -0.020992 -0.0310265 -0.0403405 -0.0813622 -0.0743775 0.0287026 -0.0169757 -0.0284449
-0.0474492 -0.048814 -0.0473603 0.0146984 -0.0222098 -0.0074075 -0.0436398 -0.0323414 -0.0701379 0.00802844 -0.0212718 -0.00813322
-0.0717916 -0.0275682 -0.0226691 -0.0286394 -0.00172476 -0.0087899 -0.0647343 -0.0205128 -0.0409281 -0.0286847 0.00154117 -0.00672151
-0.0332107 -0.0412676 -0.0507369 -0.0227358 -0.00762373 -0.0106763 -0.0275405 -0.0277634 -0.0656209 -0.0247908 -0.00456527 -0.0149783
-0.0440449 -0.0355958 -0.0341025 0.0159382 0.0116563 -0.015395 -0.040526 -0.0233759 -0.0491482 0.0155605 0.00497493 -0.0129699
-0.0644841 -0.0932654 -0.0928721 -0.0210152 0.0282576 0.016047 -0.0550286 -0.082939 -0.113679 -0.0204715 0.0306263 0.0141839
-0.087197 -0.0937236 -0.113818 -0.0262642 -0.00996082 0.0124524 -0.0776213 -0.0865907 -0.13486 -0.0298343 -0.0104955 0.0110675
-0.0741545 -0.0504118 -0.0616488 -0.00676087 -0.00663093 -0.00375386 -0.0618743 -0.0414571 -0.0779963 -0.0102493 -0.00778992 -0.0052053
-0.0361972 -0.0474677 -0.0553117 0.0187321 0.00691041 -0.00687136 -0.0319796 -0.0431659 -0.0745164 0.0213753 0.002295 -0.00739272
-0.015465 -0.014122 -0.0694419 -0.00455087 -5.50043e-05 0.00929122 -0.00850584 0.00108265 -0.0788278 -0.0112988 -0.00392106 0.00668773
-0.035912 -0.0754237 -0.0405549 -0.00992181 -0.00740802 0.0266177 -0.0222358 -0.066099 -0.0578521 -0.00457136 -0.00907132 0.0331563
-0.07603 -0.0285795 -0.0640412 -0.00413237 0.0362685 0.00987163 -0.071269 -0.0135832 -0.0809865 -0.00453146 0.0365233 0.00738468
-0.0522262 -0.121775 -0.146238 0.0209192 0.0204428 -0.0155288 -0.0359059 -0.111687 -0.16 0.0199741 0.0176394 -0.00751141
-0.0917367 -0.102391 -0.0786808 0.000523577 0.00259707 -0.0341649 -0.0745909 -0.0944512 -0.10351 -0.00133227 0.00661668 -0.031088
-0.026052 -0.0416538 -0.0801466 0.0128135 0.00569852 0.0471269 -0.01075 -0.0351798 -0.0978618 0.0118904 0.00474176 0.048682
-0.143407 0.0435387 0.0708204 0.109793 -0.184538 0.224132 -0.190231 0.0405067 0.0807725 0.141187 -0.194027 0.270728
0.122921 -0.0904648 -0.0783102 -0.0897732 -0.105356 0.153036 0.130903 -0.0801967 -0.072655 -0.0634417 -0.102388 0.163737
0.129994 -0.0152931 0.102229 0.138359 -0.084597 -0.168896 0.123735 -0.0271575 0.114594 0.139045 -0.103739 -0.177282
-0.0511352 -0.207151 0.0266292 -0.0123026 -0.147404 0.0209644 -0.0391892 -0.225707 0.043955 -0.0156642 -0.141519 0.02626
-0.321345 -0.341747 -0.289495 -0.22445 -0.0627302 0.0178439 -0.304696 -0.324088 -0.263993 -0.246634 -0.0432825 0.0282192
0.379475 0.0576877 -0.0173254 0.051525 -0.142998 0.103818 0.377417 0.0538625 -0.0211042 0.06644 -0.141422 0.119643
-0.0466282 -0.0580874 0.276551 -0.00202563 -0.0458113 0.0507387 -0.057705 -0.0703108 0.28123 0.00119 -0.0471458 0.0501308
0.000256199 -0.201909 -0.256883 -0.0783922 -0.00540464 0.109384 0.00940417 -0.198304 -0.249792 -0.0979092 0.00158667 0.0717542
-0.0616939 -0.114056 0.00360991 0.0325699 -0.127083 -0.0274289 -0.0767667 -0.125172 0.0199867 0.03998 -0.128325 -0.03142
-0.320014 -0.234777 0.0913461 0.0605882 0.0712231 0.0841082 -0.290713 -0.229652 0.0925967 0.04998 0.0728058 0.0750092
-0.193271 -0.152718 -0.244697 0.192358 0.064298 -0.0168397 -0.181956 -0.109219 -0.246768 0.153504 0.0723025 -0.00392583
-0.122719 -0.0887194 0.058856 0.0810477 0.159637 0.0820211 -0.111267 -0.0965508 0.0326075 0.0859683 0.182414 0.087635
-0.162147 -0.199878 0.0675357 0.0321539 -0.156392 0.0266055 -0.167185 -0.206052 0.0924825 0.0281242 -0.15618 0.0259133
0.123308 0.0742997 0.0595552 0.181318 -0.0709288 0.020656 0.0985575 0.0673367 0.0201858 0.178459 -0.0600225 0.0314408
-0.00733415 0.0206095 0.0765739 0.0122204 -0.0723328 0.0491655 -0.00866083 0.0197142 0.100316 0.0147558 -0.0799867 0.0484417
0.134947 -0.047732 -0.0831117 0.195997 0.135784 -0.135219 0.129367 0.00516083 -0.0623117 0.159318 0.0998175 -0.124245
-0.0495957 -0.184553 0.0713996 -0.0250076 -0.14336 -0.0117756 -0.0514175 -0.211353 0.0857158 -0.0239342 -0.139702 -0.0129408
0.00249842 0.201398 0.0068091 0.174162 -0.208535 -0.156849 -0.0336158 0.180908 -0.00805083 0.199996 -0.206926 -0.168733
-0.0612047 -0.0562683 -0.280364 -0.0159546 0.0644552 -0.0543257 -0.0675717 -0.0641067 -0.282616 -0.0510333 0.0625917 -0.0613258
-0.282024 -0.177733 -0.0904698 -0.0381505 0.0311433 0.152781 -0.288114 -0.191966 -0.113322 -0.0577325 -0.0214525 0.157566
-0.449251 -0.0644557 -0.274143 0.0682075 0.183385 0.153532 -0.471017 -0.11073 -0.211071 0.087625 0.185494 0.170205
-0.144434 -0.150727 -0.0629984 -0.0202432 0.163863 0.0936505 -0.156068 -0.156251 -0.0830075 -0.02291 0.165267 0.08479
0.0747148 -0.276923 -0.268559 0.0877742 -0.16994 -0.049387 0.0651492 -0.285259 -0.281377 0.0745208 -0.138623 -0.0558975
-0.0975543 0.0705403 -0.0941456 -0.0720432 -0.155367 -0.0990984 -0.0982592 0.0674 -0.0877 -0.06181 -0.156923 -0.0903
-0.331272 -0.300092 -0.308473 0.167461 0.0799406 0.0565209 -0.298533 -0.292191 -0.299733 0.184801 0.0741725 0.0713808
-0.282077 -0.568078 -0.421838 0.020894 0.0237007 -0.0569876 -0.296935 -0.565633 -0.365109 0.0273708 0.0340508 -0.0474317
-0.0390348 -0.130232 -0.117366 -0.0117902 0.0910872 0.0791306 -0.0767842 -0.160657 -0.131774 0.00639 0.0857883 0.0888525
-0.00384969 -0.129712 -0.0420558 -0.150446 0.0525096 0.0045558 0.0223517 -0.143495 -0.0171833 -0.135696 0.05947 -0.0337542
-0.160439 -0.153134 -0.17737 -0.146924 -0.0265573 0.0526791 -0.131485 -0.114917 -0.169818 -0.178854 -0.0303333 0.0624633
-0.487622 -0.359921 -0.339772 0.0929216 -0.120696 -0.0294234 -0.480848 -0.341256 -0.353505 0.0771125 -0.117395 -0.0274042
-0.0668804 -0.132886 0.0794085 -0.00468824 -0.125343 0.0107652 -0.0726217 -0.145476 0.0972367 0.0045625 -0.129937 0.00801917
-0.062703 -0.0892762 0.0806563 -0.00744106 -0.0966138 -0.00276793 -0.0647708 -0.102466 0.09544 -0.00921583 -0.10341 -0.00227917
-0.0183434 -0.101528 0.0702763 -0.0257783 -0.11667 0.0236934 -0.0207433 -0.115321 0.0869942 -0.019245 -0.114593 0.02476
-0.0737736 -0.13115 0.0681246 0.00113116 -0.110697 0.0033958 -0.0752208 -0.143038 0.0848267 0.00131167 -0.11353 0.00353167
-0.0602364 -0.09284 0.0642571 0.00814883 -0.112596 -0.0039979 -0.0680967 -0.105958 0.0796483 -0.0015575 -0.119738 -0.000808333
-0.0683336 -0.115526 0.0685223 0.0231194 -0.114845 0.0189847 -0.073025 -0.128988 0.0883883 0.0243417 -0.117218 0.0144683
-0.051477 -0.131915 0.046279 0.00987078 -0.111284 0.0013507 -0.0558025 -0.149269 0.0642467 0.0104517 -0.113157 -0.0007475
-0.0804424 -0.0927486 0.018771 0.0323275 -0.0868666 -0.0228201 -0.0821308 -0.1039 0.0362892 0.0288075 -0.0938017 -0.02584
-0.0469395 -0.123226 0.0576995 -0.00771877 -0.115799 0.0115016 -0.0567758 -0.140207 0.0741225 -0.00454167 -0.119261 0.0106392
-0.0781003 -0.0965978 0.0461328 0.0288718 -0.105402 -0.00148118 -0.0832125 -0.110202 0.0654258 0.0263467 -0.104412 -0.0026925
-0.0594251 -0.106019 0.0777284 0.012246 -0.103594 -0.00940051 -0.06881 -0.126423 0.0844858 0.0100192 -0.104032 -0.0086775
-0.0773169 -0.121822 0.0672533 0.00336848 -0.112863 -0.0128524 -0.0770875 -0.130505 0.0858783 0.00191833 -0.11355 -0.0122933
-0.075966 -0.0722425 0.0273965 0.00522397 -0.0948431 -0.0170734 -0.0811833 -0.0924683 0.0424742 0.0030425 -0.101098 -0.0183892
-0.0696803 -0.137426 0.0261196 -0.00629578 -0.109071 -0.000340216 -0.0717592 -0.150486 0.04233 -0.0055375 -0.110354 -9.16667e-06
-0.03266 -0.110163 0.0669941 -0.00070559 -0.114215 -0.00426267 -0.0379275 -0.127507 0.0804992 0.0039725 -0.115986 -0.00175917
-0.052779 -0.10772 0.0481019 0.00422635 -0.109931 0.00105074 -0.0553925 -0.116795 0.0668 0.00455667 -0.108775 0.000949167
-0.0673941 -0.11907 0.102028 -0.000394677 -0.13568 0.00420505 -0.0679242 -0.127829 0.120827 -0.0017525 -0.137328 0.00578833
-0.0808943 -0.112023 0.0472604 -0.0104767 -0.101121 0.000438176 -0.0836458 -0.120198 0.0654625 -0.0076925 -0.09909 -0.000410833
-0.0356548 -0.0946261 0.124596 0.0127259 -0.0991502 0.0121756 -0.0380117 -0.104591 0.141087 0.0119708 -0.103125 0.0102667
-0.0802277 -0.123552 0.0532109 0.0147604 -0.111871 -0.0167072 -0.073225 -0.13445 0.0707008 0.0150875 -0.112177 -0.0143917
0.00762149 -0.00326803 0.0072756 0.0259029 0.0202055 -0.00481554 0.0107726 -0.00425454 0.00190142 0.026386 0.0203322 -0.00264667
0.00168184 -0.0170304 0.0134933 -6.17576e-05 -0.00797332 0.00747224 -0.000570525 -0.0107267 0.00861299 0.00140207 -0.0126484 0.00599136
0.0401021 -0.00039564 0.0281528 0.00489052 0.0072903 0.00191112 0.0393924 -0.00692614 0.0202886 0.00614352 0.00369287 0.00549836
0.0307875 0.0170542 0.0437669 0.0115962 0.00120576 0.00248442 0.0320556 0.0119918 0.0407844 0.0122108 -0.0010633 0.000976975
0.0125578 -0.00114575 0.0163933 0.00739294 0.004 0.00891421 0.00874756 -0.00338991 0.0106578 0.00585315 0.00161944 0.0112645
0.0201282 -0.00629982 0.00725927 0.014806 0.013815 0.00146077 0.0207121 -0.0117441 0.000653858 0.0154934 0.0151395 0.00305972
0.0422889 -0.00379555 0.0288145 0.00968642 -0.0056585 -0.0042694 0.0381278 -0.00313457 0.0284231 0.011294 -0.00844019 -0.000760401
0.0157397 0.0229571 0.02384 -0.00499195 0.00988923 0.00766695 0.0120873 0.016513 0.0147503 -0.00372988 0.00265559 0.0100703
0.00548101 0.0106078 0.00748294 0.0100829 0.0234971 -0.0019581 0.00307762 0.0072213 -0.00390062 0.0113818 0.0204173 -0.00141753
0.0418319 -0.0177474 0.0343404 -0.00739673 0.00843921 -0.00563903 0.0427277 -0.0105621 0.034741 -0.00886056 0.00410043 -0.00719232
-0.00479228 0.0208434 -0.012642 0.0115615 0.0143113 -0.0194964 -0.011395 0.0188479 -0.0204082 0.00792673 0.0144756 -0.0226599
-0.0125774 0.00619624 0.0149964 0.00980003 0.00203135 -0.0285177 -0.0164338 0.0132562 0.0108875 0.00543725 -0.000854136 -0.0239883
0.0195178 0.00607471 0.00676444 -0.0241607 -0.00160358 -0.00478999 0.0220528 0.00955806 -0.000411543 -0.0213675 -0.00266664 -0.00295664
0.0053981 0.0213772 0.000303072 -0.00139971 -0.0124353 -0.00917746 -0.00414744 0.021355 -0.0120565 -0.00104713 -0.0118784 -0.0102948
-0.00642834 0.0367496 -0.0297313 -0.001244 -0.000120399 -0.0105584 -0.00756377 0.0395621 -0.0405539 -0.00835275 0.000970185 -0.0115412
0.0105434 0.00955049 0.0320908 0.00786313 -0.00325491 -0.0148733 0.0057184 0.0130261 0.0292007 0.00954318 -0.00318 -0.0181876
0.000731979 0.00449973 0.00106891 -0.0210026 -0.00201877 -0.0113346 -0.005675 -0.00229068 -0.0106532 -0.0226133 -0.00587673 -0.00911225
0.0155559 0.0415386 0.0227055 -0.0192049 -0.00769679 -0.00389369 0.014166 0.0520086 0.0227233 -0.017375 -0.00418392 -0.00488151
7.6e-05 0.0129879 0.0274892 -0.0134141 0.00424183 0.00114705 -0.00106321 0.0117152 0.0264184 -0.0134947 0.0056787 0.00397685
0.0261489 0.0114936 -0.0291107 0.00456654 0.00903694 0.00666754 0.022432 0.0109223 -0.035948 0.000492747 0.00933867 0.00997864
0.0380025 0.0263331 0.0365419 -0.0230448 -0.0127182 -0.0378164 0.0337683 0.0283143 0.0453423 -0.023185 -0.0135189 -0.038331
-0.006337 0.0173212 -0.0382463 0.034288 -0.0332257 -0.0217325 -0.00273302 0.0194469 -0.0384284 0.0372158 -0.0356069 -0.0219145
0.0161598 -0.0147153 0.0280089 -0.015377 0.00277062 0.00223864 0.011491 -0.0151122 0.0289255 -0.0127337 -0.000537593 0.00675219
0.00395249 -0.0382006 -0.0175857 0.00716854 -0.0103265 0.0229386 -0.00195059 -0.0379755 -0.0149044 0.0124927 -0.00507213 0.0278448
-0.0203644 -0.00698282 0.00187347 -0.00853096 0.0192118 -0.0103095 -0.0145046 -0.00982818 0.00745735 -0.00802951 0.0219455 -0.00325494
-0.0215658 -0.0261444 0.0038149 0.00990632 0.000105865 -0.000324426 -0.0275408 -0.0203847 0.0067684 0.00865349 0.00217636 0.00217988
-0.00171589 -0.0127341 -0.00812723 -0.0104602 -0.00671569 -0.0142816 -0.0032467 -0.00676201 0.00294728 -0.0108751 -0.0125534 -0.0200132
-0.0196202 0.0289874 0.0246966 -0.01869 -0.00705546 0.00137185 -0.0214477 0.0299349 0.0330981 -0.0159515 -0.00398704 0.000751667
0.0131923 -0.00192593 -0.00473706 -0.031906 0.0175703 0.00119638 0.00732404 -0.00187917 -0.0107681 -0.0358214 0.0144447 0.00290417
-0.00516065 -0.00623456 -0.0205511 -0.0187798 -0.00234682 0.00804472 0.00415062 -0.0114128 -0.0219444 -0.020538 -0.0021358 0.0101383
0.00158728 0.00860356 0.0107207 0.00965409 -0.00282435 0.0103078 0.00970688 0.00652157 0.0208227 0.00822133 -0.00426772 0.0148597
-0.0857506 -0.0312741 -0.0821369 0.0210741 0.0170608 0.02618 -0.0875423 -0.0232634 -0.0748507 0.0205991 0.0177617 0.0264688
-0.0284952 -0.0636747 -0.0603158 -0.0115689 -0.0188592 0.0159971 -0.0260311 -0.0604238 -0.0604555 -0.00897966 -0.0150101 0.0164221
-0.0201376 0.0266747 -0.0139593 -0.0129868 -0.00790215 -0.0115389 -0.023993 0.0271584 -0.0131498 -0.0147552 -0.0116643 -0.0100645
-0.0527942 -0.0748 -0.0639846 0.0392464 -0.000367186 -0.00214613 -0.0495054 -0.0715742 -0.0607449 0.0409456 0.00712562 -0.00203747
-0.0213353 -0.00880014 0.0163191 -0.0291554 -0.0093525 -0.00495638 -0.0202329 -0.0100569 0.0144602 -0.0298442 -0.0117426 -0.00916994
-0.0273057 -0.0539244 -0.0457754 -0.00426983 -0.000768411 0.0032532 -0.0359428 -0.0472187 -0.0471885 -0.00379583 0.00325435 -0.00267096
-0.0417211 -0.0233516 -0.00743606 -0.0176017 0.024819 -0.0212298 -0.0373527 -0.0267793 -0.00237568 -0.0179573 0.0361619 -0.0209647
-0.0151773 -0.00494398 -0.00712716 -0.00178299 0.0117498 -0.0326615 -0.0196461 -0.012811 -0.00592469 0.00169713 0.00693667 -0.031278
-0.0328302 -0.00346991 -0.0605249 0.0340862 0.00260993 -0.0229578 -0.0248515 -0.00370639 -0.0553901 0.0350733 0.00112611 -0.0264313
-0.0306363 -0.06252 -0.0829391 -0.00877107 0.0108846 0.0124148 -0.0239388 -0.0600663 -0.0777679 -0.00683883 0.0108615 0.00814907
-0.0638121 -0.0718802 -0.0822892 0.0154363 -0.0174373 0.0132152 -0.0563185 -0.0706719 -0.0806169 0.0188746 -0.00973071 0.0150946
-0.0278455 -0.0203152 -0.00886689 -0.0215394 -0.0182878 -0.00378068 -0.0308461 -0.0166096 -0.00216278 -0.0246721 -0.0238167 -0.0111566
-0.0830839 -0.0906913 -0.0705598 0.00663497 0.0220421 0.0237489 -0.0789686 -0.0841971 -0.0704124 0.0169709 0.0246383 0.0255363
-0.029867 -0.0131482 -0.0317038 -0.00315019 0.025502 -0.00775516 -0.0252294 -0.0102105 -0.0310358 -0.00248654 0.0198186 -0.0135978
-0.0413391 -0.0306295 -0.0282852 0.00737593 0.0192811 -0.00446587 -0.0390516 -0.029873 -0.0226223 0.00983821 0.0235157 -0.00315519
-0.0849862 -0.0865467 -0.0643365 -0.0276954 0.0269431 -0.0176527 -0.0890736 -0.0818426 -0.0588366 -0.0303984 0.0289928 -0.0162044
-0.0551043 -0.0301402 -0.0172878 0.0121708 8.74562e-05 -0.000204256 -0.0570414 -0.0319072 -0.0200538 0.0113488 4.53704e-06 0.000288889
-0.0724001 -0.0416642 -0.0722076 -0.00125848 0.0244492 -0.00578297 -0.0667989 -0.0334437 -0.0668362 -0.00395478 0.0218551 -0.00915586
-0.0972109 -0.0588899 -0.0435867 -0.0173704 -0.00363847 0.00160926 -0.0876777 -0.0426982 -0.0409027 -0.013476 0.000632747 0.00535336
-0.0263012 -0.0323662 0.028312 0.0350932 -0.00190496 -0.0101539 -0.0216098 -0.0346136 0.0310817 0.0388051 7.38889e-05 -0.00523139
-0.0601868 -0.0352251 -0.0437009 -0.0273967 -0.00551189 -0.0146881 -0.0594057 -0.0340306 -0.0414671 -0.0325481 -0.00682633 -0.00951046
-0.0338836 -0.0987516 -0.0735627 0.00590561 -0.0132999 -0.0064787 -0.0286432 -0.0906676 -0.0783041 0.00414145 -0.0161974 -0.0104641
-0.0623336 -0.0832708 -0.0459151 0.0126339 -0.00724047 -0.0271865 -0.0614871 -0.0931138 -0.0426871 0.0129979 -0.0084371 -0.0290848
-0.14948 -0.1437 -0.0869034 0.000123 -0.00689267 -0.0210239 -0.145634 -0.141528 -0.0804469 0.00324265 -0.0122724 -0.0202817
-0.0977639 -0.0885433 -0.1394 0.00734267 -0.00280009 0.0142679 -0.0932144 -0.0915044 -0.136284 0.00732518 -0.00617654 0.0168471
-0.102682 -0.0840384 -0.0375217 0.00332753 -0.0244825 0.0216751 -0.0967131 -0.0873726 -0.0334314 0.00109404 -0.023371 0.0251351
-0.103665 -0.106413 -0.0991241 -0.00515914 0.00838349 0.0341986 -0.107409 -0.108526 -0.0901963 -0.00432673 0.0133203 0.0280894
-0.0420367 -0.0640609 -0.0504984 0.000264798 -0.00491351 0.000650673 -0.0315261 -0.0625411 -0.0558965 -0.00864682 -0.0110602 -0.000453673
-0.0670848 -0.0301602 -0.0804015 -0.00979127 0.0255392 0.00417547 -0.0647966 -0.0280855 -0.0816347 -0.0080512 0.023446 -0.00272716
-0.0712538 -0.140748 -0.098025 -0.0129366 -0.00156963 0.00159186 -0.0738735 -0.134446 -0.0976157 -0.0202052 -0.000544938 0.000867191
-0.107718 -0.122552 -0.092588 0.0033203 0.00981714 -0.0102904 -0.10864 -0.120511 -0.0882367 -0.00176586 0.00587815 -0.0113053
-0.155774 -0.166467 -0.126252 -0.0117898 0.0260602 0.0435655 -0.158086 -0.166129 -0.122526 -0.0043612 0.0319003 0.0410641
-0.143593 -0.193217 -0.128133 -0.0149573 0.0152685 -0.0309511 -0.149023 -0.198661 -0.123165 -0.012495 0.00953481 -0.0298485
-0.0819127 -0.105607 -0.121602 -0.0170669 0.0355284 0.0115822 -0.0819149 -0.107763 -0.119749 -0.0273727 0.0346361 0.0184888
-0.185314 -0.140672 -0.141538 -0.00715989 0.00649713 -0.00674609 -0.185527 -0.131306 -0.132527 -0.0107904 0.0088129 -0.0110017
-0.103021 -0.100432 -0.0641893 -0.00386842 0.017769 -0.00920607 -0.107268 -0.0968129 -0.0641861 3.14815e-05 0.0184203 -0.00983651
-0.156526 -0.0807126 -0.0403639 0.00758735 -0.0272426 -0.01738 -0.159243 -0.0790861 -0.037424 0.0106195 -0.0215518 -0.0120208
-0.0875027 -0.0757993 -0.0779251 -0.00515368 0.0329453 -0.0119182 -0.080416 -0.0613715 -0.0814356 -0.00419296 0.0288502 -0.00834812
-0.151722 -0.138649 -0.155313 -0.0115182 0.00224388 -0.0198984 -0.152278 -0.13788 -0.153045 -0.0106124 0.00554025 -0.0219919
-0.141662 -0.0768098 -0.0670842 0.0097961 0.0171724 0.00979655 -0.138619 -0.0729769 -0.0635291 0.0129712 0.0199182 0.018473
-0.235001 -0.184249 -0.16682 0.0111891 -0.000508589 0.0147897 -0.25288 -0.183137 -0.178846 0.0233602 -0.00422191 0.00590661
-0.128442 -0.140301 -0.167144 0.0200491 0.00257194 0.0446212 -0.122734 -0.13936 -0.159413 0.0167293 0.0116912 0.0466281
-0.0922075 -0.101243 -0.0896847 0.00478123 0.019309 0.0359693 -0.113975 -0.113073 -0.0887861 0.00385213 0.0212781 0.0390209
-0.134189 -0.180712 -0.17698 -0.0011824 -0.0280574 0.0120181 -0.133044 -0.180659 -0.180764 0.000172562 -0.0319749 0.0103548
-0.226334 -0.0968588 -0.135962 -0.0100713 0.0233626 -0.0273958 -0.223267 -0.0908062 -0.123429 -0.016475 0.0256628 -0.0278447
-0.092988 -0.0301273 -0.0907732 -0.0355041 0.0467636 -0.011622 -0.0826455 -0.0171766 -0.0880463 -0.0477732 0.0444273 -0.0213463
-0.161078 -0.18724 -0.16488 0.0340498 0.0148531 -0.00376221 -0.158989 -0.19367 -0.161661 0.0334345 0.0127507 0.000343086
-0.114269 -0.165133 -0.14476 0.0346576 -0.00897919 -0.0303863 -0.128297 -0.16349 -0.14054 0.0274354 -0.0112221 -0.0340176
-0.212523 -0.217472 -0.155513 -0.0267745 0.00477076 -0.0039015 -0.211648 -0.216277 -0.14941 -0.0262359 0.00564583 -0.0130952
