-3.56378 -3.56465
-3.55506 -3.55619
-3.55384 -3.55295
-3.56661 -3.5667
-3.55818 -3.55741
-3.5494 -3.54908
-3.55864 -3.55765
-3.56311 -3.56288
-3.56009 -3.56001
-3.56149 -3.56102
-3.56418 -3.56286
-3.55318 -3.55275
-3.55708 -3.55745
-3.55475 -3.55563
-3.56727 -3.56705
-3.56011 -3.56066
-3.55346 -3.55491
-3.55645 -3.55678
-3.57041 -3.56991
-3.55013 -3.54975
-3.56017 -3.55986
-3.54758 -3.54909
-3.5602 -3.56082
-3.5582 -3.5589
-3.556 -3.55581
-3.54546 -3.54614
-3.55141 -3.55044
-3.55797 -3.55806
-3.56138 -3.56024
-3.55277 -3.55427
-3.55695 -3.55649
-3.55583 -3.55585
-3.55563 -3.55368
-3.55438 -3.55308
-3.55632 -3.55522
-3.5551 -3.55444
-3.56026 -3.55869
-3.5573 -3.55606
-3.54785 -3.5469
-3.55156 -3.55237
-3.54858 -3.55065
-3.55706 -3.55754
-3.55266 -3.55305
-3.55901 -3.55922
-3.55441 -3.55308
-3.55735 -3.55809
-3.56101 -3.56188
-3.55462 -3.55403
-3.5687 -3.56965
-3.56103 -3.56095
-3.54826 -3.54768
-3.58341 -3.58363
-3.50706 -3.50511
-3.56792 -3.56857
-3.49175 -3.4927
-3.55696 -3.55583
-3.52346 -3.52373
-3.59991 -3.60236
-3.54137 -3.54134
-3.53047 -3.52764
-3.57336 -3.57474
-3.55977 -3.56175
-3.49902 -3.49719
-3.60097 -3.60159
-3.59298 -3.59293
-3.58481 -3.58376
-3.5545 -3.55685
-3.5243 -3.52584
-3.58 -3.57888
-3.5885 -3.59102
-3.61497 -3.61536
-3.58585 -3.58632
-3.49511 -3.497
-3.61977 -3.62179
-3.46467 -3.4647
-3.64362 -3.64397
-3.64077 -3.64046
-3.63875 -3.63846
-3.63527 -3.63486
-3.64174 -3.64144
-3.63889 -3.63831
-3.6448 -3.64456
-3.64211 -3.64245
-3.64544 -3.64557
-3.63618 -3.63548
-3.6444 -3.64433
-3.62158 -3.62093
-3.64531 -3.64545
-3.63308 -3.63244
-3.64145 -3.64115
-3.63421 -3.63376
-3.62574 -3.62511
-3.64424 -3.64415
-3.64485 -3.64484
-3.64449 -3.64444
-3.64522 -3.6452
-3.62664 -3.62601
-3.64484 -3.6446
-3.62233 -3.62167
-3.64364 -3.64407
-3.6922 -3.69201
-3.69163 -3.69223
-3.68889 -3.68965
-3.69135 -3.69172
-3.69155 -3.69207
-3.68889 -3.68954
-3.69061 -3.69091
-3.69057 -3.6907
-3.69024 -3.69107
-3.69031 -3.69065
-3.68724 -3.68617
-3.68722 -3.68604
-3.68428 -3.68467
-3.68355 -3.68284
-3.68514 -3.68511
-3.68458 -3.68437
-3.68495 -3.68461
-3.68313 -3.68253
-3.68435 -3.68419
-3.68484 -3.68476
-3.66387 -3.66445
-3.66809 -3.66706
-3.66303 -3.66317
-3.66979 -3.66953
-3.66825 -3.66865
-3.65795 -3.65656
-3.66396 -3.66261
-3.66826 -3.6669
-3.66514 -3.66405
-3.66488 -3.66496
-3.63433 -3.63324
-3.63488 -3.63431
-3.63323 -3.63221
-3.63889 -3.63822
-3.63148 -3.63078
-3.63281 -3.63287
-3.63555 -3.6342
-3.63266 -3.63205
-3.63785 -3.63644
-3.63257 -3.63241
-3.60959 -3.6095
-3.60805 -3.60616
-3.61425 -3.6143
-3.60472 -3.60562
-3.605 -3.60363
-3.60958 -3.60923
-3.59799 -3.5979
-3.60733 -3.60588
-3.60622 -3.60528
-3.60775 -3.60836
-3.58783 -3.58561
-3.58217 -3.58053
-3.57819 -3.5779
-3.59113 -3.59024
-3.58092 -3.5815
-3.58651 -3.58725
-3.57825 -3.5774
-3.58484 -3.58487
-3.58312 -3.58417
-3.58312 -3.58245
-3.55354 -3.5527
-3.56246 -3.56279
-3.56502 -3.56319
-3.56309 -3.56282
-3.5596 -3.5591
-3.56012 -3.56373
-3.56484 -3.56446
-3.56725 -3.56624
-3.56314 -3.56266
-3.55233 -3.55146
-3.53639 -3.5368
-3.53884 -3.54054
-3.53318 -3.5332
-3.52245 -3.52081
-3.53502 -3.53491
-3.54643 -3.54567
-3.5376 -3.53744
-3.53853 -3.53785
-3.53912 -3.53913
-3.60873 -3.60873
-3.61482 -3.61556
-3.61958 -3.61972
-3.6209 -3.62021
-3.61486 -3.61476
-3.62723 -3.62849
-3.61874 -3.61793
-3.62065 -3.62132
-3.62198 -3.62409
-3.61728 -3.61784
-3.61489 -3.61665
-3.61888 -3.62045
-3.6116 -3.61423
-3.6214 -3.62224
-3.61483 -3.61494
-3.61 -3.61106
-3.6037 -3.60534
-3.61286 -3.61362
-3.61783 -3.61873
-3.61704 -3.61826
-3.55422 -3.55547
-3.61733 -3.61778
-3.56759 -3.56731
-3.57053 -3.57096
-3.56785 -3.56911
-3.56575 -3.56676
-3.61171 -3.61263
-3.61688 -3.61761
-3.61592 -3.61777
-3.56951 -3.56946
-3.61448 -3.61499
-3.61325 -3.61343
-3.61873 -3.61973
-3.56913 -3.5698
-3.61888 -3.61919
-3.61608 -3.61646
-3.61467 -3.61492
-3.57374 -3.57367
-3.56683 -3.56863
-3.56683 -3.56844
-3.56441 -3.5648
-3.55967 -3.55953
-3.61085 -3.61089
-3.56559 -3.56721
-3.56701 -3.56812
-3.60924 -3.61032
-3.5647 -3.56716
-3.56586 -3.56731
-3.60537 -3.60646
-3.56269 -3.56265
-3.61123 -3.61154
-3.56696 -3.56878
-3.56458 -3.5645
-3.61206 -3.61308
-3.60853 -3.60912
-3.62148 -3.62385
-3.61687 -3.6177
-3.60901 -3.6103
-3.56209 -3.56416
-3.56319 -3.56435
-3.61196 -3.61397
-3.57365 -3.579
-3.66113 -3.65593
-3.59016 -3.58755
-3.69514 -3.69479
-3.60258 -3.60097
-3.60294 -3.60358
-3.67703 -3.67396
-3.60449 -3.60538
-3.69746 -3.69821
-3.59704 -3.59762
-3.60229 -3.60208
-3.59462 -3.59805
-3.68829 -3.68833
-3.62775 -3.62704
-3.69149 -3.69234
-3.60242 -3.60453
-3.69675 -3.69627
-3.57447 -3.57539
-3.60139 -3.59698
-3.60067 -3.60023
-3.58797 -3.59396
-3.59799 -3.60285
-3.58499 -3.58734
-3.57493 -3.57166
-3.56486 -3.56685
-3.59114 -3.59613
-3.58903 -3.59523
-3.56751 -3.56705
-3.5899 -3.58785
-3.61848 -3.62263
-3.70134 -3.70189
-3.70202 -3.70229
-3.70072 -3.70057
-3.70246 -3.70236
-3.69826 -3.69833
-3.70014 -3.70057
-3.70302 -3.70343
-3.69919 -3.69952
-3.70242 -3.70293
-3.70135 -3.70131
-3.7024 -3.70252
-3.70245 -3.70286
-3.69896 -3.69955
-3.70289 -3.70361
-3.70266 -3.7028
-3.70295 -3.70355
-3.70196 -3.70224
-3.70351 -3.70389
-3.69903 -3.69861
-3.70249 -3.70313
-3.69112 -3.69161
-3.68796 -3.68858
-3.69141 -3.69212
-3.69066 -3.69042
-3.68985 -3.68982
-3.69061 -3.69047
-3.68863 -3.68915
-3.69041 -3.69159
-3.69203 -3.69292
-3.68891 -3.68905
-3.68652 -3.68643
-3.68464 -3.6841
-3.68375 -3.68327
-3.68616 -3.68587
-3.68531 -3.68525
-3.68307 -3.68283
-3.68631 -3.68629
-3.68406 -3.68439
-3.68466 -3.68411
-3.68258 -3.68323
-3.66781 -3.66818
-3.6647 -3.66368
-3.66742 -3.66672
-3.66245 -3.66137
-3.66525 -3.66381
-3.66527 -3.66509
-3.66271 -3.66216
-3.66351 -3.66339
-3.66514 -3.66483
-3.66047 -3.66051
-3.63565 -3.63582
-3.63837 -3.63742
-3.63917 -3.63905
-3.63186 -3.63057
-3.63249 -3.63229
-3.63721 -3.63587
-3.63277 -3.63323
-3.63952 -3.63871
-3.63336 -3.63154
-3.63296 -3.63181
-3.61192 -3.6115
-3.60841 -3.60733
-3.60792 -3.60652
-3.61095 -3.6106
-3.60296 -3.60261
-3.60856 -3.6074
-3.6091 -3.60879
-3.6032 -3.60078
-3.61077 -3.61099
-3.60647 -3.60559
-3.58278 -3.5826
-3.57918 -3.5779
-3.58217 -3.57995
-3.58056 -3.57949
-3.58298 -3.58276
-3.57991 -3.58053
-3.5812 -3.58068
-3.58428 -3.5851
-3.57883 -3.5787
-3.5765 -3.5746
-3.55578 -3.55639
-3.56191 -3.56221
-3.55153 -3.55248
-3.55224 -3.54986
-3.5524 -3.55168
-3.56104 -3.56083
-3.56 -3.56023
-3.56223 -3.56184
-3.5583 -3.55926
-3.56149 -3.56069
-3.52986 -3.52907
-3.53318 -3.53368
-3.53287 -3.53219
-3.53959 -3.54016
-3.53656 -3.53666
-3.54792 -3.54867
-3.53043 -3.52993
-3.53535 -3.53532
-3.53699 -3.5369
-3.53762 -3.53887
-3.57035 -3.57098
-3.53218 -3.53271
-3.53653 -3.53715
-3.52407 -3.52438
-3.52567 -3.52651
-3.52642 -3.52656
-3.52805 -3.52774
-3.52275 -3.52176
-3.52276 -3.52111
-3.52838 -3.52899
-3.53425 -3.53461
-3.52653 -3.52648
-3.52844 -3.52798
-3.53272 -3.53234
-3.52629 -3.52572
-3.52596 -3.52709
-3.53066 -3.53131
-3.51997 -3.51903
-3.52418 -3.52276
-3.5253 -3.52524
-3.52039 -3.52077
-3.53328 -3.53387
-3.52119 -3.52131
-3.52591 -3.52493
-3.53056 -3.53026
-3.53372 -3.53366
-3.53407 -3.53356
-3.52408 -3.52444
-3.52674 -3.52711
-3.53201 -3.53405
-3.51988 -3.52116
-3.51862 -3.51894
-3.52491 -3.52449
-3.53184 -3.53125
-3.53012 -3.52965
-3.52652 -3.52707
-3.52829 -3.52838
-3.53002 -3.52939
-3.52043 -3.52099
-3.51506 -3.51597
-3.52554 -3.52694
-3.53583 -3.53648
-3.52691 -3.52657
-3.51277 -3.51133
-3.5262 -3.52592
-3.52694 -3.52683
-3.51862 -3.519
-3.51946 -3.51957
-3.52576 -3.52629
-3.5237 -3.52443
-3.52594 -3.52681
-3.5247 -3.52451
-3.53226 -3.5322
-3.53361 -3.53328
-3.5268 -3.5277
-3.52746 -3.5274
-3.5316 -3.53068
-3.53338 -3.5336
-3.53566 -3.53607
-3.52208 -3.52133
-3.51603 -3.51491
-3.52473 -3.52406
-3.52556 -3.52531
-3.5267 -3.52652
-3.52649 -3.52616
-3.52037 -3.5206
-3.5176 -3.51793
-3.52151 -3.52069
-3.52508 -3.52582
-3.52725 -3.52754
-3.52141 -3.52287
-3.5229 -3.52245
-3.52508 -3.52589
-3.53216 -3.53251
-3.53692 -3.53642
-3.52874 -3.52856
-3.52687 -3.52707
-3.52528 -3.52402
-3.52235 -3.52103
-3.51774 -3.5173
-3.5273 -3.52756
-3.53469 -3.53473
-3.52827 -3.52899
-3.53662 -3.53659
-3.52355 -3.52448
-3.52998 -3.53043
-3.51904 -3.51776
-3.51755 -3.51781
-3.52941 -3.52926
-3.52461 -3.52469
-3.52391 -3.5245
-3.53114 -3.53208
-3.53041 -3.53107
-3.53226 -3.53155
-3.52498 -3.52569
-3.52159 -3.52217
-3.53168 -3.53283
-3.52302 -3.52425
-3.51573 -3.51578
-3.52643 -3.52663
-3.55001 -3.55074
-3.55498 -3.55659
-3.54963 -3.55058
-3.55528 -3.55597
-3.5524 -3.55379
-3.53011 -3.53076
-3.5353 -3.53628
-3.5375 -3.5389
-3.53389 -3.53503
-3.52964 -3.52944
-3.51633 -3.51702
-3.52418 -3.52378
-3.51698 -3.51802
-3.5184 -3.51713
-3.51746 -3.51757
-3.47671 -3.47307
-3.47696 -3.47387
-3.4794 -3.47817
-3.47524 -3.47344
-3.47456 -3.4711
-3.53475 -3.53477
-3.53992 -3.54115
-3.53408 -3.53457
-3.54155 -3.54169
-3.5401 -3.54001
-3.50029 -3.49784
-3.49667 -3.49224
-3.51053 -3.51215
-3.49398 -3.48677
-3.49028 -3.48665
-3.48217 -3.47954
-3.47372 -3.47207
-3.474 -3.47212
-3.47673 -3.47344
-3.47968 -3.47716
-3.46789 -3.46684
-3.45989 -3.45745
-3.46819 -3.46479
-3.46502 -3.46315
-3.45575 -3.45448
