0.494209 0.458543 0.478845 -0.0337376 0.0484467 -0.0395891 0.493853 0.45786 0.472414 -0.0398588 0.0478158 -0.0404388
0.519909 0.467609 0.493303 0.0260466 0.0689439 0.0256944 0.524542 0.458668 0.490102 0.0302711 0.0671501 0.0259524
0.450915 0.529982 0.429369 -0.0112449 -0.00500547 -0.0102039 0.445929 0.528378 0.430916 -0.0161442 0.00245853 -0.0146398
0.448215 0.418122 0.440601 -0.0118525 -0.0422401 0.034813 0.452919 0.425389 0.437958 -0.0154443 -0.0456882 0.0425336
0.487195 0.469904 0.459046 0.0167205 -0.0217211 -0.035245 0.498069 0.476984 0.45027 0.0171437 -0.0242755 -0.0440118
0.493846 0.529518 0.531991 -0.0235347 0.00162474 -0.0187117 0.49634 0.532207 0.526141 -0.0211527 0.00426541 -0.0162742
0.379542 0.407968 0.430445 -0.0228584 -0.0197623 -0.017015 0.379662 0.408609 0.433422 -0.0269522 -0.0146883 -0.0147941
0.36458 0.427966 0.3789 0.000408245 -0.0261999 -0.0247208 0.357203 0.433841 0.387412 -0.00833175 -0.0289762 -0.0272347
0.466154 0.433846 0.463623 -0.0109787 0.0268773 0.00217743 0.473086 0.440252 0.464531 -0.00847351 0.0345547 0.00120636
0.439582 0.442454 0.489519 0.0113111 -0.0102445 -0.0489964 0.442545 0.454861 0.486716 0.00938368 -0.00968043 -0.0457941
0.467597 0.449052 0.458909 0.000407668 0.00168245 -0.0419936 0.477016 0.448772 0.455543 -0.00638043 0.00927012 -0.0418012
0.553253 0.501341 0.467245 0.0159476 0.0158183 -0.00881502 0.554521 0.502294 0.463961 0.0126509 0.0156128 -0.0132553
0.4642 0.459601 0.447569 0.00652312 0.013135 0.00779344 0.471427 0.462012 0.440237 0.00683932 0.0121714 0.00178921
0.429715 0.429376 0.476556 0.0239057 -0.00355834 0.00683526 0.431747 0.438046 0.472825 0.0297194 -0.000666469 0.0054045
0.367582 0.366741 0.420542 -0.00201375 -0.0347359 -0.0272955 0.36779 0.372695 0.419539 0.00577564 -0.0375386 -0.0259482
0.42256 0.36831 0.41046 -0.0377101 0.0156557 -0.0362308 0.420799 0.370034 0.405254 -0.0383461 0.0115225 -0.0317232
0.4926 0.46323 0.465582 -0.015751 -0.0312897 -0.000109252 0.486674 0.469593 0.472349 -0.0198254 -0.0301031 0.0035296
0.44721 0.386238 0.403094 0.0144235 -0.00139712 -0.043976 0.449739 0.393246 0.413958 0.0134594 -0.00291399 -0.0432313
0.413308 0.335431 0.380754 -0.00958613 -0.0164426 0.0110617 0.407984 0.341726 0.380022 -0.0122662 -0.0115208 0.0138574
0.453919 0.513288 0.439839 -0.00420963 -0.0312187 -0.0277966 0.45288 0.515267 0.442991 -0.0132451 -0.0309982 -0.0307311
0.356686 0.418114 0.485817 0.00128628 -0.00199531 -0.0101638 0.365508 0.425342 0.494485 0.00239638 0.00418316 -0.0163212
0.451703 0.413745 0.436712 -0.0263546 -0.0127715 -0.0219667 0.445978 0.409694 0.427018 -0.0301133 -0.00738495 -0.0260281
0.415153 0.352353 0.43878 0.0238522 0.0430653 -0.040673 0.41348 0.352254 0.434274 0.0228333 0.044718 -0.0374573
0.446417 0.391284 0.385716 0.0309049 0.0176587 -0.00916785 0.441913 0.386659 0.390883 0.029703 0.0251255 -0.00672989
0.464927 0.499198 0.486792 -0.0450917 0.00764923 -0.00712803 0.461459 0.496764 0.491789 -0.0468247 0.0145941 -0.00609167
0.510789 0.620911 0.487633 0.0244999 0.00597921 0.0194847 0.511886 0.619125 0.483635 0.0219245 0.0168807 0.0176467
0.510909 0.48787 0.511058 0.0456042 0.0123559 0.00597205 0.5126 0.495605 0.515486 0.0403159 0.00679579 0.00457754
0.465302 0.472713 0.443416 -0.00502773 -0.0340016 0.0250866 0.471124 0.472473 0.448868 -0.00766916 -0.0313196 0.0192235
0.462863 0.449666 0.408052 0.008411 -0.0389149 -0.00441847 0.467336 0.446957 0.404581 0.00476166 -0.0407844 0.000465671
0.456135 0.40398 0.46241 0.0199809 0.0111329 0.0560478 0.460218 0.400898 0.449966 0.0169888 0.012626 0.0547128
0.439931 0.401 0.44321 -0.0471836 -0.00800068 0.0136974 0.445083 0.400996 0.443214 -0.0499949 -0.00672582 0.0172438
0.488358 0.451549 0.460261 -0.0517152 -0.00364347 -0.0141457 0.499476 0.446882 0.448508 -0.047705 -0.0130105 -0.0144109
0.450496 0.447543 0.469563 -0.0254787 0.0411228 0.0425286 0.453179 0.45177 0.4781 -0.0256168 0.040128 0.046099
0.460392 0.442312 0.446155 -0.0292824 -0.0294707 0.00917451 0.456359 0.428385 0.442856 -0.0317537 -0.0327825 0.00807983
0.499418 0.420509 0.392258 0.032615 -0.00373831 -0.0171934 0.497803 0.417281 0.390835 0.0301588 -0.00240576 -0.0126719
0.41652 0.441985 0.419486 -0.00208748 0.0165662 -0.0440602 0.410684 0.438268 0.423373 -0.00232603 0.020277 -0.0362753
0.435108 0.352849 0.403836 -0.0184073 -0.0592346 -0.0442566 0.433355 0.359671 0.402355 -0.0132808 -0.0613592 -0.0377653
0.441235 0.391256 0.500297 -0.0244251 0.0250308 -0.040394 0.430757 0.393689 0.505054 -0.0242779 0.0245665 -0.0426957
0.520252 0.440951 0.582411 0.0253813 -0.00242257 0.0301016 0.512122 0.446255 0.578286 0.0242417 -0.00171864 0.0307368
0.454953 0.402039 0.441716 -0.0429851 0.00880827 -0.0170994 0.454532 0.3987 0.443928 -0.0439254 0.00814646 -0.0208365
0.49364 0.403827 0.464652 -0.0132095 0.0038715 -0.0246708 0.495206 0.399635 0.466459 -0.0152428 0.00550806 -0.0283782
0.418089 0.414271 0.449425 0.0259143 -0.0190949 0.0233489 0.409966 0.412614 0.447323 0.0259103 -0.0157398 0.0268122
0.446027 0.42019 0.460101 -0.00358521 -0.0404885 0.00218335 0.438219 0.419815 0.466068 -0.00710277 -0.033397 0.0037412
0.456629 0.394714 0.368745 -0.0200336 -0.0319983 -0.00709838 0.45598 0.389634 0.386525 -0.0139735 -0.0297842 -0.00928088
0.511263 0.406349 0.468724 -0.0122209 -0.0248438 0.0206493 0.511934 0.41198 0.460957 -0.0101693 -0.0265485 0.0224282
0.405419 0.361082 0.396392 -0.0206582 0.0229734 0.0104007 0.401907 0.356422 0.401654 -0.0214863 0.0199587 0.0172934
0.331312 0.431974 0.399268 0.0306171 0.0538265 -0.0242192 0.325838 0.434839 0.393868 0.030475 0.0485165 -0.0255679
0.428514 0.432634 0.438345 -0.0192876 -0.0216777 -0.0283631 0.425209 0.436105 0.440555 -0.00674213 -0.0213253 -0.0290699
0.407569 0.441165 0.40647 -0.0132832 -0.0290256 -0.0120907 0.406738 0.440484 0.400644 -0.00151795 -0.0237232 -0.0195912
0.448377 0.437678 0.407204 -0.00816832 0.00362056 -0.0243293 0.457791 0.427964 0.408336 -0.00955828 0.00245516 -0.0279712
0.614797 0.521025 0.713668 -0.288675 0.165848 -0.192857 0.617166 0.523667 0.725763 -0.298269 0.157362 -0.197367
0.519712 0.465414 0.485811 0.0273027 -0.129197 0.118557 0.509941 0.462832 0.484906 0.0193631 -0.120371 0.115618
0.787674 0.557308 0.722972 -0.0929955 -0.231947 0.327431 0.785123 0.572344 0.736852 -0.119461 -0.240382 0.32524
0.512392 0.544019 0.595177 0.258932 -0.200554 0.163414 0.510605 0.54355 0.594224 0.251475 -0.191089 0.158254
0.85317 0.858542 0.864959 0.447455 0.257822 0.208144 0.836354 0.863295 0.86777 0.451099 0.258893 0.22744
0.481162 0.5817 0.526791 0.0662965 -0.161532 -0.208787 0.491213 0.593123 0.533243 0.0716724 -0.165022 -0.200177
0.715183 0.624016 0.705669 -0.179703 -0.106448 0.243536 0.696068 0.621418 0.699333 -0.184953 -0.104967 0.252657
0.418595 0.479538 0.396681 0.0585454 0.00768452 0.128647 0.413968 0.480468 0.385694 0.0551343 0.00904489 0.127714
0.639833 0.73637 0.508466 -0.0627065 -0.220702 -0.0454575 0.646578 0.741584 0.499701 -0.0626769 -0.217289 -0.0458232
0.735618 0.774007 0.631156 -0.0978617 -0.338906 0.308007 0.726805 0.777031 0.615871 -0.0968724 -0.342005 0.319866
0.514362 0.453629 0.575823 -0.04634 -0.0397382 0.0166774 0.513591 0.453142 0.581157 -0.056578 -0.0387897 0.0170067
0.706327 0.540718 0.609308 0.100607 -0.0748304 -0.110374 0.699537 0.514922 0.61953 0.117544 -0.0867119 -0.113126
0.711897 0.871272 0.886863 0.496749 -0.118876 0.0876561 0.727524 0.897878 0.903474 0.507388 -0.11485 0.0942329
0.372334 0.408553 0.391269 -0.00265734 0.0429529 0.23679 0.361558 0.393452 0.391262 0.00138416 0.0375404 0.228664
0.450383 0.481901 0.434544 -0.0980096 -0.148865 -0.0690059 0.464362 0.489569 0.430167 -0.0935728 -0.150541 -0.0594678
0.463374 0.499642 0.434635 -0.0358376 -0.310368 -0.0744244 0.469095 0.497615 0.428782 -0.0320998 -0.308283 -0.0689004
0.489199 0.573759 0.659417 0.257787 0.0562354 0.107026 0.484593 0.594949 0.673017 0.258155 0.0621976 0.0999039
0.635193 0.642956 0.765966 0.100801 0.396383 0.210957 0.635408 0.63742 0.764431 0.0940839 0.399808 0.201613
0.473389 0.559603 0.566857 -0.0548822 -0.127131 -0.062164 0.469086 0.548924 0.560924 -0.0518175 -0.123895 -0.0647554
0.509186 0.565106 0.410927 0.134721 0.162989 0.139251 0.508601 0.57415 0.390749 0.135736 0.155164 0.129023
0.344037 0.355993 0.359892 0.151957 0.23445 0.0462281 0.353773 0.365553 0.363541 0.1455 0.239491 0.0454981
0.429193 0.515015 0.457125 0.244359 -0.0155693 0.0705304 0.431976 0.517587 0.46149 0.238768 -0.00891074 0.0664818
0.827478 0.729671 0.851799 0.244617 -0.109384 -0.000223448 0.814701 0.723197 0.821493 0.249268 -0.0950929 -0.00500261
0.337689 0.337667 0.360903 0.025641 -0.0821741 -0.0390483 0.331472 0.335143 0.364124 0.0338027 -0.0796434 -0.0335154
0.987178 0.947604 1.01272 0.0798213 0.10793 0.665196 0.992688 0.932643 1.01163 0.0933144 0.110695 0.685945
-0.177213 -0.178307 -0.174704 -2.72286e-08 3.78836e-08 5.02084e-09 -0.180569 -0.178382 -0.167294 0 -0 0
0.295787 0.296431 0.29355 4.36013e-08 8.86554e-08 3.07329e-08 0.298517 0.287291 0.295527 0 0 -0
0.35404 0.353982 0.354109 -4.21809e-08 -6.15038e-08 -1.03035e-07 0.345704 0.35287 0.353143 0 0 0
0.438027 0.439138 0.437477 -1.02934e-07 -6.3783e-08 -3.9647e-08 0.433446 0.436348 0.434995 0 0 0
0.250076 0.267489 0.252717 -2.98781e-08 1.22911e-08 1.15845e-07 0.245588 0.273361 0.242553 0 0 0
0.348325 0.356361 0.348045 2.32746e-08 4.33734e-09 2.57129e-08 0.355295 0.339796 0.354877 0 0 -0
0.0890218 0.08411 0.107673 2.31467e-08 1.04242e-08 3.86241e-09 0.0774467 0.077032 0.114711 0 -0 0
-0.226695 -0.234431 -0.234563 4.34299e-09 3.74844e-08 2.34684e-08 -0.2178 -0.240877 -0.240644 0 0 0
-0.0306244 -0.0361242 -0.0346625 7.0298e-09 2.33603e-08 -1.13318e-08 -0.0272056 -0.0380904 -0.0420233 -0 0 0
0.424842 0.4164 0.412831 -2.65619e-08 4.04869e-09 -8.19831e-08 0.408277 0.424523 0.419767 0 0 0
0.142619 0.141358 0.141365 3.7711e-08 -7.08603e-09 3.39756e-08 0.142209 0.140022 0.134074 0 0 0
0.682017 0.680507 0.681268 4.01359e-08 -2.13734e-08 8.12325e-08 0.686432 0.681745 0.678839 0 0 0
-0.0604372 -0.0619745 -0.0597513 8.42777e-09 -2.84162e-08 -2.14934e-08 -0.0557185 -0.0569761 -0.0671373 0 0 0
0.479987 0.483693 0.488223 8.33279e-08 -3.0182e-08 -2.15851e-08 0.487039 0.491546 0.476499 -0 0 0
0.274091 0.272953 0.270846 4.51408e-08 1.12803e-08 1.78622e-08 0.268408 0.279831 0.27693 0 -0 0
0.463615 0.460358 0.457101 8.09601e-08 1.67622e-07 -1.45585e-07 0.46877 0.451829 0.456885 0 0 -0
0.61829 0.615077 0.615883 -4.17844e-08 4.11206e-08 6.93586e-08 0.611581 0.619025 0.620789 0 0 0
0.148566 0.149101 0.153463 5.90349e-08 3.45176e-08 -3.34519e-08 0.145583 0.14326 0.155804 0 0 0
0.10957 0.109791 0.110508 9.37903e-08 -1.25867e-07 -6.81618e-09 0.105374 0.108781 0.109133 0 0 0
0.136051 0.136011 0.135411 -4.52695e-08 -6.06086e-08 -5.31201e-08 0.134989 0.134875 0.128525 -0 0 0
0.0748629 0.0727357 0.0710004 7.66439e-10 7.33885e-08 7.84585e-08 0.0769395 0.0660744 0.0716078 0 0 0
0.601856 0.599046 0.603567 9.62209e-08 2.05516e-08 -4.59742e-09 0.607063 0.601643 0.595968 0 0 0
0.0894803 0.0976463 0.109325 1.68695e-08 2.62906e-08 2.88256e-08 0.0879526 0.0833863 0.115451 0 0 -0
0.671715 0.667962 0.66946 -3.24668e-08 -3.34947e-08 3.32957e-08 0.677742 0.668661 0.667298 0 0 0
-0.176066 -0.17709 -0.176752 -8.97317e-09 -3.44625e-09 -1.17604e-08 -0.171204 -0.174475 -0.178621 0 0 0
0.0531508 0.00685154 0.0302468 0.0091543 0.0133605 0.0130438 0.0589898 0.00687377 0.0314435 0.0105006 0.00748173 0.012436
0.038765 0.0108116 0.0157137 -0.000991847 0.00843967 -0.0141673 0.0418313 0.00548645 0.014592 0.0012484 0.00383685 -0.0121875
0.00879617 0.0100626 0.0281283 -0.0078308 0.0160633 0.00588793 0.00800546 0.0187456 0.0279598 -0.00737083 0.0124776 0.00677049
0.0211584 0.0307598 0.0299583 -0.0106665 0.00609323 0.00149025 0.02106 0.0301729 0.0247506 -0.0046167 0.00201469 0.00753012
0.0191036 0.0101614 0.00970689 0.0144043 0.0300888 -0.00360297 0.0224803 0.00759204 0.00664796 0.0163148 0.0282773 -0.00471497
-0.00133969 -0.0210316 0.0181397 -0.0131965 -0.00636741 0.00925832 0.000295988 -0.0127507 0.0188854 -0.00950827 -0.0075546 0.013716
0.0414678 0.0203776 0.0331654 0.00833762 0.0121619 -0.000937101 0.044642 0.0212311 0.0261276 0.0125274 0.00905799 -1.9321e-05
0.0101436 0.0074037 0.0325134 0.0145031 0.0132707 0.0196833 0.010757 0.00746204 0.0293294 0.0158106 0.0133363 0.022473
0.0342483 8.11903e-05 0.0198164 0.00407027 0.0203988 0.0177897 0.034228 0.00147444 0.0204877 0.00809497 0.019215 0.0166585
0.0109475 0.0104979 0.016493 0.0197599 0.00254312 0.00628505 0.011399 0.0102531 0.0136956 0.0218155 -0.00190062 0.00915164
0.0393009 0.0532062 0.0172645 0.00305244 0.000897213 0.0075868 0.0368725 0.0497764 0.00734068 -0.000555864 -0.00249747 0.0117462
0.0197751 0.0387666 -0.0181478 0.00271153 -0.0143377 -0.00827597 0.0137578 0.0357153 -0.0235905 0.0027562 -0.0158409 -0.00752938
0.0625645 0.0651034 0.0327362 -0.00548227 -0.00540204 0.0224555 0.0546604 0.0593723 0.0179874 -0.00562738 -0.00599673 0.0284289
0.0631705 0.0213779 0.0353724 -0.0106172 -0.00347544 0.000535291 0.062073 0.0236732 0.0335825 -0.0163966 -0.0114124 0.000507747
0.0718636 0.0789072 0.045595 0.00383894 -0.00834067 0.009832 0.0659975 0.0762861 0.0394346 -0.00208636 -0.0099196 0.0116669
0.0317394 -4.62771e-05 -0.00121178 -0.0290118 -0.000989326 -0.0226841 0.0328336 0.00685565 -0.00126772 -0.0298 0.00183991 -0.0204346
0.0405755 0.0264949 -0.00701528 0.0150083 0.0124003 -0.00550545 0.0294669 0.0276381 -0.0177429 0.01374 0.0100376 -0.00692182
0.011829 0.00017442 -0.0238593 -0.0179824 0.0105965 -0.00502927 0.0082737 0.00793383 -0.0243486 -0.0167428 0.0095742 -0.00548839
0.00696825 0.0442713 0.0118394 0.0098574 -0.0276459 0.00423861 -0.00159426 0.0431426 0.00590086 0.00328645 -0.0304928 0.00170179
0.00309893 0.0451116 0.00164735 0.00435475 0.00708347 0.00474491 -0.00159849 0.0512565 -0.00376784 -0.000330802 0.00354043 0.00687404
0.00106258 -0.012955 -0.0122574 -0.0121495 0.0124895 0.0212041 -0.00809089 -0.00696787 -0.0129518 -0.00982571 0.0161883 0.0204187
-0.0172457 0.0116676 -0.00881429 -0.0388652 0.0050787 0.00741564 -0.0158464 0.00726324 0.00153506 -0.0390613 0.00422988 0.0120871
0.0229696 0.00223324 -0.0248548 -0.0358253 -0.0207514 0.00264857 0.0184413 -0.00346614 -0.0276514 -0.0388461 -0.0172206 0.00504358
-0.00802495 -0.0202625 -0.0399594 0.0162096 -0.0178599 -0.000731751 -0.0116021 -0.0136703 -0.0456799 0.0191284 -0.0155466 -0.0020971
0.0058345 -0.00467553 0.0275804 -0.019995 0.0217832 -0.0170523 0.00717713 0.00469982 0.0227665 -0.00823105 0.0166307 -0.0197132
0.00120372 0.00391735 0.00417035 -0.0234716 0.00622624 0.0226534 0.00295694 0.00427938 0.00923293 -0.0272297 0.00158747 0.029684
0.00186253 -0.000555258 0.032578 -0.0132534 -0.014815 -0.00703457 -0.00808111 0.00187596 0.0339569 -0.0123669 -0.0148798 -0.00559438
-0.0337406 -0.00810852 -0.0406626 0.0157977 -0.00309513 0.0351683 -0.0339301 -0.0102894 -0.0416294 0.0205274 -0.00283731 0.0313291
0.00332706 -0.0146433 -0.0101495 0.00351228 0.00579454 0.00216197 -0.00448071 -0.0113041 -0.00480401 0.00335049 0.00305006 0.00145935
0.029894 0.00132802 -0.0102243 0.00294688 0.00946639 0.0193612 0.0359829 -4.78395e-06 -0.00260512 0.00297469 0.0056904 0.017887
0.0106873 -0.0200592 -0.0030037 -0.0222773 -0.00551451 -0.044128 0.0112759 -0.0167811 0.0109463 -0.0222157 -0.00790349 -0.0462465
-0.0181541 -0.0634203 -0.0121268 0.0192596 -0.001444 -0.0158382 -0.0155415 -0.0659603 -0.0100511 0.0137789 -0.00573306 -0.0170389
-0.0383932 -0.0375815 -0.0446845 -0.0224475 0.00249993 -0.00859757 -0.0449921 -0.03348 -0.0437763 -0.0229574 0.0059187 -0.00718593
-0.00846092 0.021327 -0.0717961 0.00304612 -0.00614577 0.00527479 -0.00939586 0.0276563 -0.0779335 0.00480454 -0.00370525 0.00931762
-0.0038602 -0.0582584 -0.0243067 0.00613605 0.00987958 -0.0077754 0.00781809 -0.0580479 -0.0163735 0.00320346 0.00812574 -0.00400725
0.000324211 -0.0495172 0.0163962 0.00431335 0.0298148 -0.0238373 -0.000916636 -0.0398777 0.0128827 -1.7284e-05 0.030324 -0.0222268
0.00977646 -0.0336407 -0.043541 0.0398185 -0.00736054 0.0138543 0.00353105 -0.0339527 -0.0395275 0.0465723 -0.00855383 0.0132847
-0.0277102 -0.0367067 0.00531285 -0.00427686 0.017379 -0.0274592 -0.0256402 -0.0337501 0.0115559 0.00111812 0.00983293 -0.0235534
-0.042971 -0.0405389 -0.00560805 -0.0209126 3.10799e-05 -0.00273133 -0.0444696 -0.0331845 -0.00512031 -0.0181285 0.00939793 0.00227509
0.00859256 -0.0114616 -0.0158049 0.0276399 0.0238468 0.00127037 0.0122911 -0.0145377 -0.0175768 0.0231096 0.0282186 -0.00681895
-0.0629304 -0.0603656 -0.056755 -0.00507407 0.0107729 0.0167519 -0.0615946 -0.0581871 -0.0521398 -0.00697312 0.013734 0.0162102
-0.0165834 -0.0240821 -0.0401839 -0.0425517 0.026123 0.00253495 -0.0139724 -0.0224233 -0.033275 -0.0386177 0.0255622 0.00775867
-0.0786743 -0.0848923 -0.0710156 -0.0265266 -0.00452261 -0.0280277 -0.0711567 -0.0847544 -0.0706285 -0.0292126 -0.00696725 -0.030828
-0.0501361 -0.0932072 -0.0750142 -0.00195677 0.0075049 -0.00365773 -0.0462549 -0.082917 -0.0692941 0.00321515 0.00461793 -0.00892309
-0.0669495 -0.0178891 -0.0566665 0.000283121 -0.0160981 0.0166582 -0.059473 -0.00917052 -0.0466552 -0.00155401 -0.0197984 0.0193471
-0.0511013 -0.0555124 -0.0628272 0.00680087 0.0247627 0.007988 -0.0425927 -0.0546525 -0.0596395 0.0129505 0.0299786 0.00191287
-0.0107617 -0.0625099 -0.0380215 -0.0112534 0.000946692 -0.00671513 -0.0091316 -0.0582795 -0.0371293 -0.00684244 -0.00184333 -0.00708839
-0.0965794 -0.128334 -0.0558047 -0.0205283 -0.00610391 -0.0177839 -0.0976726 -0.130068 -0.0476364 -0.0219824 -0.00536225 -0.0163311
-0.0644465 -0.0176706 -0.0973874 0.00767627 -0.0072319 0.0189076 -0.053798 -0.0103526 -0.0966905 0.00627216 -0.00859679 0.0173787
-0.0358643 -0.0263605 -0.00411165 0.0109666 -0.0299761 0.00257374 -0.0365791 -0.0193383 -0.00234843 0.00811361 -0.0259255 0.00215509
0.034052 -0.042824 -0.03233 0.0354439 0.0153546 0.0346018 0.0315991 -0.0407389 -0.0239172 0.0372939 0.0170623 0.0399379
-0.103915 -0.109153 -0.0887673 0.0193349 0.0153241 0.028534 -0.0982314 -0.104362 -0.0844532 0.0167847 0.0194419 0.0320552
-0.0851725 -0.105726 -0.122137 0.0133344 7.97369e-05 -0.0235244 -0.0764505 -0.103682 -0.119289 0.0125451 0.00913142 -0.0215874
-0.129641 -0.155826 -0.128253 0.0170627 0.0336103 -0.00876541 -0.121005 -0.155259 -0.128729 0.012803 0.0373716 -0.00949386
-0.0692669 -0.0288816 -0.0952905 -0.0711611 -0.0178047 -0.0179361 -0.0627573 -0.0427374 -0.0955433 -0.0726768 -0.0103589 -0.0103661
-0.0652647 -0.0318766 -0.0435226 0.0148948 0.0111951 -0.0228591 -0.051714 -0.0270242 -0.0422779 0.0120276 0.00906463 -0.0204198
-0.0482952 -0.090494 -0.0520461 -0.00837912 -0.0109315 -0.00228703 -0.0464483 -0.0883288 -0.0451871 -0.008705 -0.0119071 -0.00804213
-0.0908209 -0.148389 -0.136296 -0.0390758 -0.0310335 0.0141795 -0.0862865 -0.135133 -0.134606 -0.0396731 -0.0277632 0.0193626
-0.100041 -0.109905 -0.111007 0.0632377 0.00428075 0.00979024 -0.097168 -0.107299 -0.101869 0.0628973 0.00551676 0.0116084
-0.10402 -0.105766 -0.0774603 -0.00695039 0.0183776 0.0178656 -0.0976177 -0.0985034 -0.0849998 -0.00319481 0.0253124 0.0225834
-0.150104 -0.119533 -0.1307 -0.00294374 -0.0161836 0.0367179 -0.149075 -0.12241 -0.128136 0.000764105 -0.00835651 0.0383102
-0.142065 -0.149289 -0.163911 -0.00405894 -0.00471981 -0.022385 -0.137398 -0.148749 -0.161613 -0.0103903 -0.0034084 -0.0173139
-0.0660506 -0.0840121 -0.103863 0.00362689 -0.00778833 -0.050583 -0.0627407 -0.0824413 -0.0998809 0.00216605 -0.0106328 -0.0595544
-0.0625463 -0.100789 -0.117781 0.000284413 -0.0250497 0.0121379 -0.0522292 -0.0978895 -0.116938 -0.00169315 -0.0317363 0.0117735
-0.106221 -0.0520653 -0.0551019 0.0567231 -0.045578 0.0215296 -0.113055 -0.0478672 -0.055598 0.0555473 -0.0499502 0.0256529
-0.130432 -0.159028 -0.130797 -0.0283148 0.00999499 -0.00860344 -0.130505 -0.163601 -0.121842 -0.021273 0.0147398 -0.0105468
-0.175197 -0.181148 -0.183577 0.00980297 0.0227906 -0.000701817 -0.186758 -0.176423 -0.184392 0.00472222 0.0216104 -0.00609488
-0.160653 -0.137227 -0.158351 -0.0238551 0.011822 0.00209172 -0.159005 -0.133997 -0.154103 -0.0274713 0.0212327 0.00269574
-0.133889 -0.0771267 -0.153568 -0.0287357 0.0179278 -0.00727193 -0.122617 -0.0695567 -0.142957 -0.0306701 0.0210315 -0.0112802
-0.0588668 -0.125442 -0.135892 -0.0275527 0.0313178 0.0200456 -0.0549875 -0.119837 -0.125124 -0.0251728 0.033267 0.0204937
-0.10748 -0.122357 -0.109759 -0.0286644 0.00320136 0.0346845 -0.106177 -0.120741 -0.105228 -0.0325649 0.00486306 0.0400757
-0.105777 -0.115465 -0.125496 -0.00619993 0.0496417 -0.0135806 -0.0957208 -0.116043 -0.117 -0.00730077 0.0514701 -0.0148898
-0.0798305 -0.126393 -0.122898 -0.00790664 0.0130436 0.0339085 -0.0755487 -0.122246 -0.127714 -0.00967707 0.019948 0.0304683
-0.1039 -0.0999435 -0.127025 0.0050272 0.0114258 -0.0312639 -0.0939652 -0.096089 -0.115513 0.00396235 0.0106531 -0.033116
-0.111646 -0.087264 -0.0947008 -0.000344922 0.0118001 0.00605498 -0.118866 -0.0817173 -0.0926 -0.000605926 0.0059875 0.00191275
-0.113612 -0.105338 -0.114858 0.00590542 -0.0237732 0.0112313 -0.109459 -0.0987809 -0.109453 0.00627491 -0.0248546 0.0127736
-0.126728 -0.118515 -0.128494 -0.0282606 -0.00475081 0.0122983 -0.138115 -0.113039 -0.128209 -0.0283837 -0.00631293 0.0115581
-0.103804 -0.163489 -0.0853599 0.0560437 0.000896475 0.00318702 -0.0998301 -0.165629 -0.0828882 0.0565148 0.0107544 0.00488546
-0.0857809 -0.186143 -0.123995 0.0127526 0.0284434 0.0272344 -0.0879805 -0.184763 -0.122978 0.024135 0.0281468 0.028348
-0.0674886 -0.0753645 -0.0855122 0.0130251 -0.0199963 -0.0156122 -0.0608561 -0.0693584 -0.103801 0.0190128 -0.0208477 -0.0171945
-0.0552815 -0.0729074 -0.0623126 -0.00543601 -0.0247577 0.00978771 -0.0526782 -0.0652453 -0.0836053 -0.00318254 -0.0221306 0.00580778
-0.0760323 -0.0209563 -0.0750752 0.0309097 0.00576307 -0.000322659 -0.0734231 -0.0155524 -0.0943847 0.0313115 0.0068789 -0.00369346
-0.0605087 -0.0596684 -0.0396006 -0.0091658 0.0341836 0.014799 -0.0540392 -0.050038 -0.0543705 -0.00938639 0.035995 0.0131634
-0.0390027 -0.0218165 -0.0655644 -0.00467928 -0.0149792 -0.0108496 -0.031921 -0.0141516 -0.0787643 -0.00871024 -0.0163446 -0.0144784
-0.0519977 -0.0539201 -0.0341974 -0.0203899 -0.0215031 0.0215144 -0.0469187 -0.0495752 -0.0571619 -0.0261446 -0.0184393 0.0221124
-0.0305514 -0.0306178 -0.038368 0.00838991 -0.00561034 0.0301904 -0.0288217 -0.0323493 -0.0570982 0.00899315 -0.00916729 0.0289138
-0.0830247 -0.0886053 -0.0754437 -0.00942996 -0.0213047 -0.0147551 -0.0829756 -0.0843331 -0.0987348 -0.00964671 -0.0160315 -0.0159609
-0.035717 -0.0878356 -0.0689327 -0.0249051 -0.0370992 0.00102961 -0.0313403 -0.0831655 -0.0866696 -0.0218483 -0.0346473 -0.00384761
-0.0546978 -0.076092 -0.06936 -0.00182913 0.00204892 -0.00417175 -0.0581441 -0.0750213 -0.0879067 0.00296839 0.00205503 -0.00806948
-0.0593444 -0.0378877 -0.0143383 -0.000747543 0.0012134 -0.0149068 -0.0505039 -0.038622 -0.0365201 0.000119765 0.000661258 -0.0121731
-0.0594817 -0.0807375 -0.0444847 0.0045376 -0.00987314 0.00525202 -0.0534149 -0.0837075 -0.0604759 0.00337012 -0.00628669 0.00324294
-0.0493473 -0.0436584 -0.0548808 0.0080925 0.0202692 0.00406035 -0.0437793 -0.0412955 -0.0717154 0.0122682 0.0212648 0.0047072
-0.0317393 -0.0384262 -0.056894 -0.0173925 -0.0211128 0.0079732 -0.0270905 -0.0332534 -0.0852488 -0.0131154 -0.0187126 0.00696146
-0.0675988 -0.0849706 -0.0531819 -0.00139393 -0.0127644 -0.0227479 -0.0646972 -0.0816633 -0.0715811 0.00198059 -0.0102634 -0.0252649
-0.104669 -0.0468249 -0.0591086 -0.00206202 0.0363059 -0.00728849 -0.0975364 -0.039704 -0.0755421 0.000252215 0.0392077 -0.00682149
-0.0654013 -0.058322 -0.0788847 -0.00386112 0.00253309 -0.0225211 -0.0612711 -0.0519991 -0.095697 -0.00440956 0.000431493 -0.0219118
-0.0236998 -0.00790817 -0.0386386 0.0123878 0.00250298 0.00138302 -0.0172193 -0.00230503 -0.0510868 0.00884898 0.00445274 0.000348792
-0.0676124 -0.0233763 -0.038458 0.012681 -0.0158614 -0.00337438 -0.0651707 -0.018211 -0.0572321 0.0102285 -0.0138297 -0.0013894
-0.0625331 -0.0545907 -0.0681189 0.0230547 -0.00407874 0.0164686 -0.0528861 -0.053936 -0.0905693 0.0204531 -0.00257836 0.00979148
0.534676 0.467203 0.483006 0.0173713 0.0468812 -0.0514926 0.538544 0.465549 0.480832 0.00834161 0.045554 -0.0515612
-0.0489184 -0.00182498 -0.0136918 -0.0052421 0.041329 0.0101236 -0.0421881 -0.000358085 -0.0292978 -0.00830434 0.038829 0.00906364
-0.117698 -0.104079 -0.0963478 0.00293881 0.00824184 0.00753797 -0.102653 -0.0930504 -0.114611 0.00216929 0.00581707 0.00804939
-0.0725274 -0.10864 -0.0778149 -0.018901 0.00938525 -0.0100712 -0.060483 -0.097054 -0.0915854 -0.013576 0.00794771 -0.00750159
-0.0588725 -0.0177365 -0.059975 0.0159555 -0.00246158 0.0273994 -0.0560363 -0.00954831 -0.0738864 0.00805475 0.00170108 0.0248694
-0.0540044 -0.0619964 -0.100518 0.0130132 0.0197605 -0.00895909 -0.0404444 -0.0469416 -0.118592 0.0168758 0.0151697 -0.00758081
-0.0545841 -0.0375657 -0.0810263 0.00711976 -0.00356362 0.0147931 -0.0487791 -0.0340497 -0.0994129 0.00670117 -0.00224495 0.0191443
-0.0512573 -0.0447125 -0.0386292 -0.00718485 -0.0186616 -0.0068462 -0.0454491 -0.0337124 -0.0601011 -0.00937471 -0.0211818 -0.00435332
-0.0580781 -0.0772066 -0.0519166 0.00935265 -0.00234385 0.002501 -0.0560879 -0.0715934 -0.0717978 0.00613224 -0.00254892 0.00138593
-0.0958481 -0.084652 -0.101728 -0.0116043 -0.0053628 -0.0117593 -0.0873404 -0.0758509 -0.120255 -0.010506 -0.0106237 -0.0148833
-0.0640181 -0.0415894 -0.0951894 0.00938118 0.00486096 0.0103922 -0.0568148 -0.0413345 -0.116476 0.00838808 0.00604769 0.0115322
-0.004814 -0.0310105 -0.0359198 0.00133089 -0.00145053 -0.0226198 0.00631254 -0.0337049 -0.0508038 0.00416537 -0.00604178 -0.0215748
-0.0205461 0.0149822 -0.0131476 0.00480966 0.0106771 -0.00279485 -0.0107051 0.0181559 -0.0289141 0.00876556 0.0168128 -0.00341144
-0.114047 -0.0715906 -0.0974601 0.0257294 0.0187265 0.0128855 -0.101682 -0.0591521 -0.108892 0.0243551 0.0215297 0.0151112
-0.0188398 -0.0386336 -0.0324198 0.000539511 -0.0117907 -0.0164049 -0.0201516 -0.0343122 -0.0519214 0.00369863 -0.0125373 -0.0143257
-0.0594859 -0.033126 -0.0447121 -0.0220594 0.00528915 -0.00297648 -0.0513636 -0.0279149 -0.0629859 -0.017045 0.0117761 -0.00136241
-0.0318443 -0.0319544 -0.0232196 -0.00593338 0.0122459 0.0221078 -0.0284642 -0.0272115 -0.0446773 -0.0039519 0.00945614 0.0236763
-0.0710761 -0.0362877 -0.0728772 0.0348841 0.0266108 0.00622555 -0.0602203 -0.0244213 -0.089891 0.0340765 0.0278204 0.0102239
-0.0499926 -0.0370106 -0.0354536 -0.0211459 -0.0156684 0.0132783 -0.041164 -0.0200584 -0.0472636 -0.0145112 -0.0171221 0.015691
-0.0754372 -0.0583503 -0.0776958 0.00731018 0.000521836 0.0250396 -0.0682399 -0.0452909 -0.09998 0.00576166 0.00184785 0.0227197
-0.0728154 -0.0556167 -0.123292 0.025008 -0.00661127 0.00601896 -0.0597771 -0.040957 -0.143437 0.02789 -0.00116075 0.00204097
-0.0353031 -0.0834159 -0.0730056 0.00813468 0.0028217 -0.00646444 -0.0209619 -0.069412 -0.0901096 0.00461743 0.0012648 -0.0152171
-0.0616257 -0.054932 -0.0470689 -0.0017131 -0.0189751 -0.0163384 -0.0490534 -0.0559447 -0.0707865 -0.00462775 -0.0170466 -0.0173017
-0.0636557 -0.059745 -0.0418972 0.0265538 0.00588747 0.018915 -0.0524903 -0.041905 -0.0574157 0.0317591 0.0031525 0.0206733
-0.0828401 -0.0517664 -0.0511229 -0.00130057 0.00393363 -0.0178187 -0.0807424 -0.0329994 -0.0652715 0.00112275 0.00821376 -0.0222025
-0.0720696 -0.0597419 -0.0917274 -0.0108669 -0.00647004 0.00438419 -0.065373 -0.0551033 -0.1069 -0.00579869 -0.00822339 0.00535138
-0.0488834 -0.0938479 -0.0603081 0.0254864 -0.0194134 -0.0298285 -0.0403405 -0.0813622 -0.0743775 0.0287026 -0.0169757 -0.0284449
-0.0515218 -0.0498986 -0.0532689 0.0149585 -0.0241112 -0.00827708 -0.0436398 -0.0323414 -0.0701379 0.00802844 -0.0212718 -0.00813322
-0.0727553 -0.025733 -0.0220438 -0.0294597 -0.00322282 -0.0092924 -0.0647343 -0.0205128 -0.0409281 -0.0286847 0.00154117 -0.00672151
-0.0323765 -0.0430619 -0.0519276 -0.023645 -0.00630657 -0.0107668 -0.0275405 -0.0277634 -0.0656209 -0.0247908 -0.00456527 -0.0149783
-0.0391402 -0.0339786 -0.0310156 0.0181934 0.0110147 -0.0176696 -0.040526 -0.0233759 -0.0491482 0.0155605 0.00497493 -0.0129699
-0.0663624 -0.0962104 -0.092891 -0.0214765 0.0283096 0.0140041 -0.0550286 -0.082939 -0.113679 -0.0204715 0.0306263 0.0141839
-0.0888219 -0.093543 -0.112068 -0.0273484 -0.0110018 0.00987482 -0.0776213 -0.0865907 -0.13486 -0.0298343 -0.0104955 0.0110675
-0.0716021 -0.0500313 -0.0624257 -0.00904349 -0.00857968 -0.00319072 -0.0618743 -0.0414571 -0.0779963 -0.0102493 -0.00778992 -0.0052053
-0.0350968 -0.0490086 -0.0580188 0.018601 0.00661141 -0.00552672 -0.0319796 -0.0431659 -0.0745164 0.0213753 0.002295 -0.00739272
-0.00867473 -0.00608364 -0.0639534 -0.00813959 -0.00224726 0.0138093 -0.00850584 0.00108265 -0.0788278 -0.0112988 -0.00392106 0.00668773
-0.0292704 -0.0679905 -0.0352754 -0.0122119 -0.00658249 0.028539 -0.0222358 -0.066099 -0.0578521 -0.00457136 -0.00907132 0.0331563
-0.0731816 -0.0273124 -0.0625 -0.00458772 0.0353581 0.010529 -0.071269 -0.0135832 -0.0809865 -0.00453146 0.0365233 0.00738468
-0.0498937 -0.122384 -0.145063 0.021558 0.0199745 -0.015649 -0.0359059 -0.111687 -0.16 0.0199741 0.0176394 -0.00751141
-0.0898392 -0.102711 -0.0783275 7.63322e-05 0.00450612 -0.0336915 -0.0745909 -0.0944512 -0.10351 -0.00133227 0.00661668 -0.031088
-0.0195173 -0.0359329 -0.0723511 0.0145298 0.00767747 0.0487958 -0.01075 -0.0351798 -0.0978618 0.0118904 0.00474176 0.048682
-0.157214 0.0399237 0.0821888 0.119591 -0.196836 0.227576 -0.190231 0.0405067 0.0807725 0.141187 -0.194027 0.270728
0.114427 -0.0902774 -0.0953329 -0.0903887 -0.105072 0.152345 0.130903 -0.0801967 -0.072655 -0.0634417 -0.102388 0.163737
0.149117 -0.0146511 0.113631 0.136887 -0.0919242 -0.166551 0.123735 -0.0271575 0.114594 0.139045 -0.103739 -0.177282
-0.0481806 -0.205041 0.0256556 -0.0144778 -0.141242 0.0247876 -0.0391892 -0.225707 0.043955 -0.0156642 -0.141519 0.02626
-0.321914 -0.332188 -0.288827 -0.232394 -0.0631645 0.0170086 -0.304696 -0.324088 -0.263993 -0.246634 -0.0432825 0.0282192
0.392746 0.0471482 -0.0249721 0.0492381 -0.13149 0.108457 0.377417 0.0538625 -0.0211042 0.06644 -0.141422 0.119643
-0.0401744 -0.0481312 0.291141 -0.00178036 -0.042536 0.049808 -0.057705 -0.0703108 0.28123 0.00119 -0.0471458 0.0501308
0.0119783 -0.211509 -0.248608 -0.0892249 -0.00138432 0.111793 0.00940417 -0.198304 -0.249792 -0.0979092 0.00158667 0.0717542
-0.0550694 -0.106435 0.00520751 0.0335875 -0.123188 -0.0298886 -0.0767667 -0.125172 0.0199867 0.03998 -0.128325 -0.03142
-0.307172 -0.232867 0.101652 0.0601935 0.0674169 0.0859621 -0.290713 -0.229652 0.0925967 0.04998 0.0728058 0.0750092
-0.180641 -0.150599 -0.24624 0.178852 0.0663739 -0.0171769 -0.181956 -0.109219 -0.246768 0.153504 0.0723025 -0.00392583
-0.114446 -0.077875 0.05636 0.0804703 0.154406 0.0878501 -0.111267 -0.0965508 0.0326075 0.0859683 0.182414 0.087635
-0.161727 -0.201735 0.061137 0.0325634 -0.149843 0.0248553 -0.167185 -0.206052 0.0924825 0.0281242 -0.15618 0.0259133
0.118381 0.0691483 0.0482041 0.176589 -0.0624858 0.0214725 0.0985575 0.0673367 0.0201858 0.178459 -0.0600225 0.0314408
0.00433871 0.0274975 0.0809309 0.0127368 -0.0712152 0.046756 -0.00866083 0.0197142 0.100316 0.0147558 -0.0799867 0.0484417
0.134838 -0.050164 -0.0916655 0.199456 0.122406 -0.135426 0.129367 0.00516083 -0.0623117 0.159318 0.0998175 -0.124245
-0.0518808 -0.189709 0.0673928 -0.0259121 -0.139085 -0.0110795 -0.0514175 -0.211353 0.0857158 -0.0239342 -0.139702 -0.0129408
-0.0061432 0.192655 -0.0016241 0.179845 -0.211896 -0.158907 -0.0336158 0.180908 -0.00805083 0.199996 -0.206926 -0.168733
-0.0422728 -0.0506133 -0.281347 -0.0256113 0.0711917 -0.0481906 -0.0675717 -0.0641067 -0.282616 -0.0510333 0.0625917 -0.0613258
-0.280355 -0.175556 -0.0904782 -0.0384776 0.0232816 0.154938 -0.288114 -0.191966 -0.113322 -0.0577325 -0.0214525 0.157566
-0.449013 -0.060007 -0.270125 0.0738083 0.179878 0.158953 -0.471017 -0.11073 -0.211071 0.087625 0.185494 0.170205
-0.145798 -0.148702 -0.0593393 -0.018812 0.161803 0.0984641 -0.156068 -0.156251 -0.0830075 -0.02291 0.165267 0.08479
0.0877734 -0.280458 -0.273853 0.0834779 -0.170924 -0.0537684 0.0651492 -0.285259 -0.281377 0.0745208 -0.138623 -0.0558975
-0.111277 0.0614726 -0.0933685 -0.0787939 -0.165703 -0.0959268 -0.0982592 0.0674 -0.0877 -0.06181 -0.156923 -0.0903
-0.323703 -0.29539 -0.312663 0.158963 0.0919622 0.0599651 -0.298533 -0.292191 -0.299733 0.184801 0.0741725 0.0713808
-0.273442 -0.566688 -0.415523 0.0274913 0.0279739 -0.0531368 -0.296935 -0.565633 -0.365109 0.0273708 0.0340508 -0.0474317
-0.0506392 -0.126009 -0.119829 -0.00701932 0.0884585 0.0835062 -0.0767842 -0.160657 -0.131774 0.00639 0.0857883 0.0888525
-0.0126881 -0.136947 -0.0510718 -0.139375 0.0577804 0.00576811 0.0223517 -0.143495 -0.0171833 -0.135696 0.05947 -0.0337542
-0.165632 -0.156145 -0.16643 -0.157215 -0.0286424 0.0569392 -0.131485 -0.114917 -0.169818 -0.178854 -0.0303333 0.0624633
-0.468592 -0.336346 -0.324584 0.0944488 -0.121143 -0.0325389 -0.480848 -0.341256 -0.353505 0.0771125 -0.117395 -0.0274042
-0.0638971 -0.13318 0.0774032 -0.00498093 -0.12262 0.0106071 -0.0726217 -0.145476 0.0972367 0.0045625 -0.129937 0.00801917
-0.0585723 -0.0895263 0.0771244 -0.00689052 -0.0946174 -0.00321056 -0.0647708 -0.102466 0.09544 -0.00921583 -0.10341 -0.00227917
-0.0154735 -0.0988219 0.0717049 -0.0253291 -0.111803 0.0231653 -0.0207433 -0.115321 0.0869942 -0.019245 -0.114593 0.02476
-0.0722824 -0.131194 0.067408 0.00104047 -0.107574 0.00308109 -0.0752208 -0.143038 0.0848267 0.00131167 -0.11353 0.00353167
-0.0576538 -0.0919333 0.0622996 0.00709677 -0.109348 -0.00285996 -0.0680967 -0.105958 0.0796483 -0.0015575 -0.119738 -0.000808333
-0.0635382 -0.115021 0.0651343 0.0230118 -0.112147 0.0187329 -0.073025 -0.128988 0.0883883 0.0243417 -0.117218 0.0144683
-0.0484777 -0.132073 0.0448485 0.00930456 -0.108263 0.00177813 -0.0558025 -0.149269 0.0642467 0.0104517 -0.113157 -0.0007475
-0.074441 -0.0886796 0.0178257 0.0312166 -0.085255 -0.023509 -0.0821308 -0.1039 0.0362892 0.0288075 -0.0938017 -0.02584
-0.0439622 -0.123811 0.0553026 -0.00733769 -0.113342 0.0114137 -0.0567758 -0.140207 0.0741225 -0.00454167 -0.119261 0.0106392
-0.0760634 -0.09554 0.045161 0.0293421 -0.101292 -0.00301498 -0.0832125 -0.110202 0.0654258 0.0263467 -0.104412 -0.0026925
-0.057352 -0.105973 0.0758947 0.0125401 -0.0999772 -0.0100299 -0.06881 -0.126423 0.0844858 0.0100192 -0.104032 -0.0086775
-0.0738789 -0.120914 0.0640647 0.0041197 -0.109311 -0.0136026 -0.0770875 -0.130505 0.0858783 0.00191833 -0.11355 -0.0122933
-0.0710391 -0.0701085 0.026089 0.00403097 -0.0931033 -0.016667 -0.0811833 -0.0924683 0.0424742 0.0030425 -0.101098 -0.0183892
-0.0669028 -0.138047 0.0239022 -0.00653714 -0.105815 6.15952e-05 -0.0717592 -0.150486 0.04233 -0.0055375 -0.110354 -9.16667e-06
-0.0288304 -0.109172 0.0659395 -0.00068593 -0.112024 -0.00494629 -0.0379275 -0.127507 0.0804992 0.0039725 -0.115986 -0.00175917
-0.0473222 -0.105376 0.0466233 0.00455139 -0.107668 6.98864e-06 -0.0553925 -0.116795 0.0668 0.00455667 -0.108775 0.000949167
-0.0645709 -0.117888 0.0992122 -0.00149282 -0.131771 0.00517513 -0.0679242 -0.127829 0.120827 -0.0017525 -0.137328 0.00578833
-0.0757064 -0.109267 0.0462095 -0.010578 -0.0987069 0.00142464 -0.0836458 -0.120198 0.0654625 -0.0076925 -0.09909 -0.000410833
-0.0320446 -0.0935235 0.124181 0.0132405 -0.095603 0.0113443 -0.0380117 -0.104591 0.141087 0.0119708 -0.103125 0.0102667
-0.0755806 -0.121821 0.0502829 0.0154095 -0.108852 -0.0175997 -0.073225 -0.13445 0.0707008 0.0150875 -0.112177 -0.0143917
0.00399805 -0.00641139 0.00485376 0.0244943 0.0208117 -0.00483179 0.0107726 -0.00425454 0.00190142 0.026386 0.0203322 -0.00264667
-0.0014415 -0.0191907 0.011112 -0.00138821 -0.00814254 0.00828986 -0.000570525 -0.0107267 0.00861299 0.00140207 -0.0126484 0.00599136
0.0367223 -0.00233642 0.0273081 0.00231033 0.0075408 0.00209836 0.0393924 -0.00692614 0.0202886 0.00614352 0.00369287 0.00549836
0.0262115 0.0140927 0.0411826 0.00863233 0.00269085 0.00189828 0.0320556 0.0119918 0.0407844 0.0122108 -0.0010633 0.000976975
0.00653967 -0.00473237 0.0146471 0.00642338 0.0052437 0.00953875 0.00874756 -0.00338991 0.0106578 0.00585315 0.00161944 0.0112645
0.0165582 -0.0108609 0.00561507 0.0129408 0.0160564 0.0013319 0.0207121 -0.0117441 0.000653858 0.0154934 0.0151395 0.00305972
0.0362427 -0.00962129 0.0238504 0.00780997 -0.00607279 -0.00345111 0.0381278 -0.00313457 0.0284231 0.011294 -0.00844019 -0.000760401
0.0106368 0.0195622 0.0218399 -0.00740785 0.0103378 0.00721239 0.0120873 0.016513 0.0147503 -0.00372988 0.00265559 0.0100703
0.00148033 0.0079705 0.00346143 0.00828922 0.0235614 -0.00185186 0.00307762 0.0072213 -0.00390062 0.0113818 0.0204173 -0.00141753
0.0356197 -0.0234314 0.0294448 -0.00874239 0.00934316 -0.00472142 0.0427277 -0.0105621 0.034741 -0.00886056 0.00410043 -0.00719232
-0.00389493 0.0218429 -0.0100999 0.0137773 0.01609 -0.0203943 -0.011395 0.0188479 -0.0204082 0.00792673 0.0144756 -0.0226599
-0.0114667 0.00844465 0.0186013 0.0113877 0.0025844 -0.028024 -0.0164338 0.0132562 0.0108875 0.00543725 -0.000854136 -0.0239883
0.0214292 0.00749783 0.00693622 -0.0231094 -0.00118134 -0.0037752 0.0220528 0.00955806 -0.000411543 -0.0213675 -0.00266664 -0.00295664
0.00892411 0.0233039 0.00376404 0.00133026 -0.0110293 -0.0100099 -0.00414744 0.021355 -0.0120565 -0.00104713 -0.0118784 -0.0102948
-0.0044047 0.0362457 -0.0285376 -0.000941685 0.00140552 -0.00988871 -0.00756377 0.0395621 -0.0405539 -0.00835275 0.000970185 -0.0115412
0.0116834 0.0101416 0.0324875 0.00852028 -0.00325112 -0.0147324 0.0057184 0.0130261 0.0292007 0.00954318 -0.00318 -0.0181876
0.00190706 0.00227809 0.00375673 -0.0190185 4.47459e-05 -0.0127652 -0.005675 -0.00229068 -0.0106532 -0.0226133 -0.00587673 -0.00911225
0.0131201 0.0418808 0.0227566 -0.017626 -0.00727466 -0.00391734 0.014166 0.0520086 0.0227233 -0.017375 -0.00418392 -0.00488151
-0.000272886 0.0130055 0.0293049 -0.012007 0.00585541 0.000546776 -0.00106321 0.0117152 0.0264184 -0.0134947 0.0056787 0.00397685
0.029403 0.0124046 -0.0275228 0.00554567 0.0100677 0.00624991 0.022432 0.0109223 -0.035948 0.000492747 0.00933867 0.00997864
0.0406537 0.0315797 0.0395348 -0.0239735 -0.0137012 -0.0371476 0.0337683 0.0283143 0.0453423 -0.023185 -0.0135189 -0.038331
-0.00498693 0.0164986 -0.0357266 0.0336667 -0.0351934 -0.019846 -0.00273302 0.0194469 -0.0384284 0.0372158 -0.0356069 -0.0219145
0.0131773 -0.0186723 0.0268787 -0.0168937 0.00171652 0.00357631 0.011491 -0.0151122 0.0289255 -0.0127337 -0.000537593 0.00675219
0.00477625 -0.0380965 -0.0201274 0.00618891 -0.0121302 0.0240578 -0.00195059 -0.0379755 -0.0149044 0.0124927 -0.00507213 0.0278448
-0.0187688 -0.00412158 0.00348073 -0.00863638 0.0172726 -0.00793959 -0.0145046 -0.00982818 0.00745735 -0.00802951 0.0219455 -0.00325494
-0.0188936 -0.0241844 0.00744526 0.00910379 0.000483886 -0.000234911 -0.0275408 -0.0203847 0.0067684 0.00865349 0.00217636 0.00217988
0.00474031 -0.00934942 -0.00595298 -0.0104895 -0.00712075 -0.0149736 -0.0032467 -0.00676201 0.00294728 -0.0108751 -0.0125534 -0.0200132
-0.0202443 0.0310815 0.0271908 -0.0184935 -0.00880122 0.00145289 -0.0214477 0.0299349 0.0330981 -0.0159515 -0.00398704 0.000751667
0.0150025 0.00132668 -0.00410603 -0.0328363 0.0156053 0.00203459 0.00732404 -0.00187917 -0.0107681 -0.0358214 0.0144447 0.00290417
-0.00729246 -0.00719151 -0.0209429 -0.0199656 -0.00230595 0.00714418 0.00415062 -0.0114128 -0.0219444 -0.020538 -0.0021358 0.0101383
-0.00188878 0.00494335 0.00812277 0.00757911 -0.00411392 0.00962254 0.00970688 0.00652157 0.0208227 0.00822133 -0.00426772 0.0148597
-0.0862253 -0.0321907 -0.0834598 0.0223191 0.0169476 0.0268794 -0.0875423 -0.0232634 -0.0748507 0.0205991 0.0177617 0.0264688
-0.0298123 -0.0661454 -0.0640376 -0.0110962 -0.0197616 0.0153242 -0.0260311 -0.0604238 -0.0604555 -0.00897966 -0.0150101 0.0164221
-0.0243923 0.0239113 -0.0143777 -0.0120141 -0.00807026 -0.00993171 -0.023993 0.0271584 -0.0131498 -0.0147552 -0.0116643 -0.0100645
-0.0511959 -0.0698479 -0.0596549 0.0419453 0.00137664 -0.00196558 -0.0495054 -0.0715742 -0.0607449 0.0409456 0.00712562 -0.00203747
-0.0212714 -0.00852801 0.01573 -0.0294546 -0.00779347 -0.0033177 -0.0202329 -0.0100569 0.0144602 -0.0298442 -0.0117426 -0.00916994
-0.0290422 -0.0562242 -0.0469927 -0.00453196 0.00107226 0.00243394 -0.0359428 -0.0472187 -0.0471885 -0.00379583 0.00325435 -0.00267096
-0.040492 -0.0211405 -0.004547 -0.0181108 0.0237615 -0.0211378 -0.0373527 -0.0267793 -0.00237568 -0.0179573 0.0361619 -0.0209647
-0.0162667 -0.0101087 -0.00889929 -0.00198482 0.0130103 -0.0322587 -0.0196461 -0.012811 -0.00592469 0.00169713 0.00693667 -0.031278
-0.0363703 -0.00734814 -0.0644383 0.0344845 0.00356515 -0.022679 -0.0248515 -0.00370639 -0.0553901 0.0350733 0.00112611 -0.0264313
-0.0324022 -0.063457 -0.0831257 -0.0078192 0.00889183 0.0120974 -0.0239388 -0.0600663 -0.0777679 -0.00683883 0.0108615 0.00814907
-0.0672854 -0.0761594 -0.0865313 0.0148517 -0.0179824 0.0136176 -0.0563185 -0.0706719 -0.0806169 0.0188746 -0.00973071 0.0150946
-0.0331083 -0.0229896 -0.0120745 -0.0224762 -0.0184427 -0.00397203 -0.0308461 -0.0166096 -0.00216278 -0.0246721 -0.0238167 -0.0111566
-0.0841052 -0.0880677 -0.0701574 0.0076505 0.0208623 0.0215507 -0.0789686 -0.0841971 -0.0704124 0.0169709 0.0246383 0.0255363
-0.0357334 -0.0182047 -0.0400424 0.00115356 0.0261486 -0.00717758 -0.0252294 -0.0102105 -0.0310358 -0.00248654 0.0198186 -0.0135978
-0.0432791 -0.0317756 -0.028339 0.00717534 0.0191807 -0.00473927 -0.0390516 -0.029873 -0.0226223 0.00983821 0.0235157 -0.00315519
-0.0906501 -0.089839 -0.0701597 -0.0273583 0.0284443 -0.0166122 -0.0890736 -0.0818426 -0.0588366 -0.0303984 0.0289928 -0.0162044
-0.0607513 -0.0368623 -0.0218636 0.0133959 -0.000481974 0.000547605 -0.0570414 -0.0319072 -0.0200538 0.0113488 4.53704e-06 0.000288889
-0.0743569 -0.0456521 -0.0772539 -0.00224407 0.0260835 -0.00759468 -0.0667989 -0.0334437 -0.0668362 -0.00395478 0.0218551 -0.00915586
-0.100045 -0.0612056 -0.0450763 -0.0153054 -0.00433287 0.00241645 -0.0876777 -0.0426982 -0.0409027 -0.013476 0.000632747 0.00535336
-0.0296954 -0.0384599 0.0217182 0.0339716 -0.00078369 -0.011833 -0.0216098 -0.0346136 0.0310817 0.0388051 7.38889e-05 -0.00523139
-0.0601241 -0.0352049 -0.0472816 -0.0263441 -0.00699101 -0.0135975 -0.0594057 -0.0340306 -0.0414671 -0.0325481 -0.00682633 -0.00951046
-0.0411092 -0.102286 -0.07864 0.00697973 -0.0128381 -0.00662037 -0.0286432 -0.0906676 -0.0783041 0.00414145 -0.0161974 -0.0104641
-0.0695154 -0.0887732 -0.0509582 0.0131161 -0.00601501 -0.0267575 -0.0614871 -0.0931138 -0.0426871 0.0129979 -0.0084371 -0.0290848
-0.152792 -0.14716 -0.0857047 -0.000643422 -0.00808834 -0.0212006 -0.145634 -0.141528 -0.0804469 0.00324265 -0.0122724 -0.0202817
-0.0995493 -0.0904484 -0.138228 0.00568975 -0.00332185 0.0142267 -0.0932144 -0.0915044 -0.136284 0.00732518 -0.00617654 0.0168471
-0.102515 -0.084446 -0.0380015 0.00295062 -0.0226073 0.02252 -0.0967131 -0.0873726 -0.0334314 0.00109404 -0.023371 0.0251351
-0.110923 -0.111033 -0.102445 -0.00482479 0.0110372 0.0356225 -0.107409 -0.108526 -0.0901963 -0.00432673 0.0133203 0.0280894
-0.0408361 -0.0617401 -0.0488805 -0.000207079 -0.00488106 0.00189635 -0.0315261 -0.0625411 -0.0558965 -0.00864682 -0.0110602 -0.000453673
-0.073022 -0.0351881 -0.0847158 -0.00946683 0.0248416 0.00284937 -0.0647966 -0.0280855 -0.0816347 -0.0080512 0.023446 -0.00272716
-0.0775393 -0.144422 -0.101826 -0.0132486 -0.000415685 0.00390965 -0.0738735 -0.134446 -0.0976157 -0.0202052 -0.000544938 0.000867191
-0.108877 -0.123641 -0.091278 0.00454625 0.00784835 -0.0103533 -0.10864 -0.120511 -0.0882367 -0.00176586 0.00587815 -0.0113053
-0.155061 -0.168691 -0.125235 -0.0108499 0.0275221 0.043158 -0.158086 -0.166129 -0.122526 -0.0043612 0.0319003 0.0410641
-0.147198 -0.198712 -0.133872 -0.0140958 0.0158209 -0.0294591 -0.149023 -0.198661 -0.123165 -0.012495 0.00953481 -0.0298485
-0.0869347 -0.108945 -0.124802 -0.019749 0.0376295 0.0134607 -0.0819149 -0.107763 -0.119749 -0.0273727 0.0346361 0.0184888
-0.183445 -0.141227 -0.141462 -0.00697205 0.00714027 -0.00806383 -0.185527 -0.131306 -0.132527 -0.0107904 0.0088129 -0.0110017
-0.106318 -0.102766 -0.0670405 -0.00290926 0.0171069 -0.00631041 -0.107268 -0.0968129 -0.0641861 3.14815e-05 0.0184203 -0.00983651
-0.163761 -0.0809438 -0.043295 0.00692824 -0.0262232 -0.0161318 -0.159243 -0.0790861 -0.037424 0.0106195 -0.0215518 -0.0120208
-0.0903246 -0.077104 -0.0805073 -0.0041239 0.033445 -0.0116043 -0.080416 -0.0613715 -0.0814356 -0.00419296 0.0288502 -0.00834812
-0.156646 -0.144506 -0.158664 -0.0124251 0.00194959 -0.0191554 -0.152278 -0.13788 -0.153045 -0.0106124 0.00554025 -0.0219919
-0.144541 -0.0787586 -0.0707175 0.0080384 0.0175163 0.0084453 -0.138619 -0.0729769 -0.0635291 0.0129712 0.0199182 0.018473
-0.239204 -0.188325 -0.172285 0.0125363 -0.00159204 0.0166965 -0.25288 -0.183137 -0.178846 0.0233602 -0.00422191 0.00590661
-0.124812 -0.141255 -0.168114 0.0223605 0.00376959 0.0442657 -0.122734 -0.13936 -0.159413 0.0167293 0.0116912 0.0466281
-0.101678 -0.108378 -0.091942 0.00648323 0.0188753 0.0362448 -0.113975 -0.113073 -0.0887861 0.00385213 0.0212781 0.0390209
-0.134264 -0.182026 -0.177275 -0.000729933 -0.0306304 0.0122629 -0.133044 -0.180659 -0.180764 0.000172562 -0.0319749 0.0103548
-0.220735 -0.0890656 -0.129991 -0.00943157 0.0218391 -0.0275097 -0.223267 -0.0908062 -0.123429 -0.016475 0.0256628 -0.0278447
-0.0927281 -0.0252793 -0.0884376 -0.0354052 0.0437593 -0.0112691 -0.0826455 -0.0171766 -0.0880463 -0.0477732 0.0444273 -0.0213463
-0.161165 -0.189816 -0.166586 0.0336631 0.0148586 -0.00330143 -0.158989 -0.19367 -0.161661 0.0334345 0.0127507 0.000343086
-0.113129 -0.162277 -0.139636 0.0306773 -0.00988826 -0.0304054 -0.128297 -0.16349 -0.14054 0.0274354 -0.0112221 -0.0340176
-0.209027 -0.217263 -0.153928 -0.0279165 0.00483583 -0.00482544 -0.211648 -0.216277 -0.14941 -0.0262359 0.00564583 -0.0130952
0.590018 0.574975 0.509684 -0.0122188 0.00850295 0.0265684 0.596334 0.579761 0.509947 -0.0124962 0.00578605 0.0275787
0.502974 0.47347 0.511593 -0.0124191 0.0184566 0.0244641 0.501996 0.472982 0.488427 -0.00962932 0.0146102 0.0226338
0.484682 0.499335 0.535992 -0.0214192 0.00649473 0.0210445 0.486464 0.49701 0.518657 -0.0188474 0.00668449 0.0183625
0.533975 0.499617 0.496398 0.00608088 0.0218013 -0.00463229 0.539541 0.507208 0.481322 0.00734807 0.0300861 -0.00835318
0.506344 0.514357 0.535615 -0.00968808 0.00343529 -0.000290471 0.512243 0.520325 0.515495 -0.009515 0.00785384 -0.000198825
0.495672 0.491047 0.437406 -0.0358798 -0.0334347 0.0408581 0.50885 0.495848 0.414903 -0.0356445 -0.0291005 0.0414109
0.48845 0.504075 0.502388 0.0254604 -0.000683384 -0.0329828 0.498392 0.523543 0.483945 0.0292656 -0.000373818 -0.0337296
0.553737 0.547518 0.525796 -0.0214501 -0.01696 0.0226452 0.575362 0.559968 0.507377 -0.0189264 -0.0158505 0.02393
0.51549 0.540095 0.550187 -0.0386844 0.0288046 0.0426335 0.535115 0.553448 0.530728 -0.03963 0.0283006 0.0395456
0.472509 0.494663 0.529699 -0.019088 0.0381127 0.0153775 0.489804 0.509392 0.507771 -0.0233042 0.0424822 0.0136777
0.492708 0.485687 0.492186 0.0105741 -0.0234607 -0.0137711 0.510091 0.499573 0.468233 0.0121352 -0.0198425 -0.0106548
0.481729 0.520436 0.521851 -0.0153511 -0.0263054 0.0302193 0.499542 0.529931 0.499533 -0.0186757 -0.0205583 0.0322176
0.484 0.480287 0.465771 -0.00821954 -0.0196772 -0.0259712 0.500183 0.491557 0.437291 -0.0124808 -0.017993 -0.0290881
0.514379 0.424634 0.376911 0.00284456 -0.0376738 0.0187661 0.529546 0.43829 0.340629 0.000287188 -0.0359452 0.0164907
0.517021 0.431335 0.477114 0.00376715 -0.00425879 0.00780117 0.538656 0.449574 0.442541 0.00809021 -0.0063881 0.0103197
0.525553 0.537314 0.487324 0.00174412 -0.00570744 -0.00743779 0.540908 0.548221 0.464531 0.00531655 -0.00982262 -0.00688488
0.453014 0.445594 0.442541 -0.00913367 0.0279275 -0.0111861 0.464484 0.459231 0.416244 -0.012417 0.0226266 -0.0139518
0.463936 0.457942 0.448675 0.0267718 -0.00369046 0.0033348 0.479056 0.474531 0.432102 0.0235234 -0.00697139 0.00251799
0.451847 0.494754 0.511671 -0.0163544 0.0121763 -0.0122348 0.463353 0.5101 0.493289 -0.0124173 0.0107549 -0.00532955
0.513195 0.512396 0.503325 -0.0227162 0.011258 0.000465581 0.525729 0.523584 0.47875 -0.0252382 0.00782467 0.000358717
0.532128 0.524497 0.504142 -0.0219025 0.00433875 0.000764177 0.540623 0.541713 0.484638 -0.0177557 0.00241462 0.00222113
0.534153 0.490938 0.478605 0.00748676 -0.00100367 -0.0149536 0.546511 0.498299 0.447078 0.0103927 0.00317047 -0.01526
0.511348 0.494232 0.528769 -0.00981459 -0.00276947 0.0095057 0.53142 0.500724 0.496329 -0.00755113 -0.00359932 0.0119681
0.469444 0.494196 0.470025 0.00528157 -0.046052 0.00151542 0.480938 0.511619 0.447728 0.00467247 -0.0414949 0.00136644
0.501316 0.496746 0.472438 -0.0402811 -0.00615918 -0.00885012 0.520456 0.512299 0.446583 -0.0386014 0.00368768 -0.00461093
0.418467 0.505758 0.435502 -0.0365648 -0.0215316 0.0142323 0.434262 0.518955 0.413327 -0.036378 -0.0166408 0.0142824
0.444363 0.455126 0.446958 -0.00477686 -0.0201367 0.0153322 0.464845 0.463451 0.426778 -0.00359926 -0.0193163 0.0166981
0.529558 0.439785 0.430971 0.00645733 -0.0409691 0.0160684 0.54588 0.451185 0.408392 0.00917919 -0.044125 0.0192583
0.494318 0.517117 0.51572 -0.0023644 -0.0296045 0.0125857 0.512109 0.531978 0.486886 0.0013269 -0.0286617 0.01381
0.497569 0.511863 0.490779 -0.0331234 -0.0323567 0.0402999 0.511098 0.52237 0.463088 -0.0297319 -0.0307924 0.0447967
0.505329 0.543895 0.521922 -0.0166117 0.00989474 0.00831617 0.521642 0.552766 0.49414 -0.0146166 0.0153201 0.00547787
0.477233 0.497463 0.480376 0.000562104 0.0164526 0.0137859 0.494798 0.510692 0.450005 -0.0026574 0.0183159 0.0119151
0.407236 0.431106 0.482347 -0.00292497 0.0224481 0.0029503 0.421029 0.439909 0.449746 -0.00213493 0.0261804 0.00357384
0.469369 0.437044 0.524419 0.0139742 -0.00232861 -0.0224378 0.485713 0.45283 0.496598 0.00959584 0.00145682 -0.0151579
0.46152 0.496338 0.475315 -0.0318615 0.0306666 0.0178594 0.478643 0.516632 0.447118 -0.0285485 0.0339428 0.0276199
0.48455 0.490703 0.484597 0.00353188 -0.000929488 0.0194973 0.498671 0.502238 0.456813 0.00255845 -0.00432412 0.0281902
0.498556 0.516727 0.478919 0.0104497 0.0051821 -0.0405652 0.513923 0.532371 0.448777 0.0114585 0.00609933 -0.0401985
0.46843 0.495837 0.446319 -0.0254349 -0.00201907 -0.029428 0.481338 0.510279 0.42477 -0.0287583 -0.00297938 -0.0242143
0.555589 0.49228 0.514459 0.00687908 0.037283 -0.0148782 0.566596 0.510645 0.486735 0.00362086 0.0353158 -0.0101766
0.527813 0.510112 0.475597 0.0294188 -0.00641152 -0.023221 0.541784 0.524056 0.447728 0.0288399 -0.0056152 -0.0195754
0.429656 0.463363 0.460354 0.0143214 0.0148862 -0.0151328 0.441214 0.474781 0.436288 0.0112695 0.0215295 -0.0116737
0.46815 0.448311 0.465644 0.00626709 0.0325294 -0.0210366 0.477946 0.466229 0.439461 0.0056015 0.0336037 -0.0176479
0.534105 0.496873 0.449383 -0.0169246 0.0174024 0.016398 0.542132 0.509406 0.425428 -0.017647 0.02556 0.014244
0.560949 0.481679 0.54287 0.00501862 -0.0278256 -0.0143862 0.574418 0.499356 0.51274 0.00708409 -0.0290044 -0.0164393
0.403309 0.426567 0.405205 -0.0030815 0.0129069 0.025926 0.412015 0.445659 0.375262 0.000109058 0.0117885 0.0208607
0.462961 0.477399 0.4889 0.0228923 0.00670785 0.00227747 0.468537 0.491436 0.461477 0.0253292 0.0059305 0.00792018
0.509679 0.464187 0.509033 -0.00638089 0.0331569 -0.0274492 0.520441 0.47866 0.48747 -0.00924781 0.0365169 -0.0259259
0.521222 0.514997 0.490364 0.0207559 0.00105793 -0.00111566 0.535028 0.515201 0.471548 0.0208646 -0.00487036 -0.00197311
0.384255 0.495847 0.472906 0.0134168 0.0282445 0.00978482 0.398206 0.506128 0.455958 0.0111434 0.0263339 0.0118919
0.434035 0.458146 0.523169 0.0020189 -0.0174986 0.0477357 0.455659 0.471392 0.501883 0.00350457 -0.0120601 0.0531275
0.483006 0.436738 0.464384 0.0271642 0.0212184 -0.0245598 0.503242 0.459107 0.43819 0.025107 0.0297715 -0.0164814
0.45059 0.429565 0.473174 -0.00309117 0.036032 -0.00845636 0.471172 0.443209 0.440506 -0.00583341 0.0401091 -0.00628539
0.480916 0.421353 0.491051 0.00977828 -0.0170304 0.00305659 0.496688 0.431562 0.459962 0.00973412 -0.019569 0.00119842
0.440617 0.407049 0.431097 0.0235407 0.0245617 -0.000805311 0.456583 0.42497 0.396817 0.017815 0.0265729 -0.0039749
0.490885 0.44826 0.463225 0.00604563 0.00766665 -0.0151794 0.509129 0.470489 0.428815 0.00646476 0.0101783 -0.0191879
0.416916 0.435668 0.421083 0.0199895 0.00901612 -0.0135629 0.435533 0.457982 0.390822 0.0202875 0.0101829 -0.0169859
0.455955 0.4736 0.438804 -0.000590988 -0.0238711 0.000170547 0.476053 0.486612 0.408721 0.00646751 -0.0226818 -0.00187927
0.442256 0.503845 0.465949 -0.0129842 -0.00473774 -0.0177667 0.456453 0.517509 0.431636 -0.0097893 -0.00438538 -0.0199016
0.505053 0.475491 0.46053 0.0111075 0.0312671 -0.000645377 0.515222 0.489658 0.435429 0.0103241 0.0356842 -0.00486856
0.510228 0.506117 0.530255 0.0152992 0.0319492 0.00824605 0.521217 0.518858 0.507827 0.00764198 0.0302083 0.0111557
0.482631 0.53004 0.446298 0.00903128 0.00124221 -0.0116074 0.504821 0.54889 0.42597 0.00620364 -0.000489849 -0.0088934
0.497138 0.474324 0.458745 -0.0322531 0.01309 0.00736874 0.511372 0.491444 0.41625 -0.0323028 0.0111877 0.0095386
0.490414 0.488005 0.465049 -0.0016285 0.00922194 0.00606526 0.5076 0.502474 0.438178 -0.00513824 0.0101108 0.00565331
0.523538 0.457051 0.483811 -0.0343825 0.0130979 -0.00573341 0.542383 0.477197 0.450971 -0.0324805 0.0125456 -0.000591478
0.474924 0.4707 0.45333 0.00979126 0.0151676 0.0381162 0.487422 0.491111 0.417613 0.0134806 0.0169343 0.0366524
0.578395 0.528123 0.513244 0.0292367 0.00182752 -0.00803822 0.5879 0.548651 0.484694 0.0297043 0.00162256 -0.0139162
0.458645 0.436981 0.39168 -0.00968287 -0.0156718 0.0143293 0.466096 0.453428 0.363898 -0.00788151 -0.0217404 0.00389812
0.514603 0.51476 0.494916 0.00872395 -0.0239244 -0.0101576 0.530962 0.537356 0.472194 0.00200855 -0.0286067 -0.0125333
0.487186 0.513231 0.432876 -0.0398021 0.000497926 -0.00248235 0.499664 0.52825 0.402918 -0.0411319 0.00417357 -0.00515274
0.506051 0.513162 0.487241 0.0126852 0.0169648 -0.029685 0.522065 0.523457 0.449076 0.0110458 0.0153359 -0.0337362
0.496888 0.479081 0.464922 -0.0222391 0.0079264 -0.00727348 0.516342 0.488046 0.436053 -0.0191252 0.0031741 -0.00967488
0.434249 0.455559 0.472381 0.00515927 -0.000155174 -0.0124243 0.4505 0.469759 0.452881 0.0126881 -0.00119268 -0.0197018
0.484368 0.516466 0.499435 -0.00608888 0.000463312 -0.00536264 0.497212 0.527929 0.475989 -0.0037669 -0.00091133 -0.0126598
0.459236 0.411803 0.466366 0.0305589 -0.0219639 0.027661 0.472787 0.422172 0.440634 0.0281877 -0.0173578 0.0204658
0.480486 0.44866 0.421141 0.020988 0.0513086 -0.011902 0.490183 0.467166 0.390999 0.0221723 0.0509081 -0.0190734
0.519888 0.460522 0.492912 -0.00182864 -0.00151078 0.0266211 0.529429 0.481431 0.464891 0.000226242 0.00414591 0.0291769
0.48741 0.484006 0.463661 0.0403529 -0.00840396 -0.00779778 0.498656 0.499343 0.436234 0.038627 -0.00519376 -0.00406167
0.519057 0.461465 0.473142 -0.0156894 -0.0221651 0.00911215 0.54037 0.47739 0.442546 -0.0106226 -0.0233672 0.00785133
0.515728 0.503443 0.480638 -0.00779476 0.00105622 -0.00332399 0.541177 0.516255 0.454999 -0.00750543 0.00234323 -0.00161899
0.517175 0.525712 0.485102 0.00194372 -0.0407312 0.00443118 0.536441 0.542495 0.455156 -0.000154795 -0.0419589 0.00467779
0.488417 0.475718 0.460175 -0.0483298 -0.00468718 -0.0232821 0.502701 0.488967 0.4244 -0.0469318 -0.00632691 -0.0205669
0.456305 0.474307 0.472741 0.00427987 0.0309849 -0.0156062 0.467391 0.487178 0.446602 0.0058357 0.0342016 -0.0116085
0.531896 0.486027 0.527472 0.0105912 -0.00552914 0.00700153 0.539492 0.49987 0.496092 0.0083294 -0.00511729 0.00647786
0.433391 0.46377 0.44785 -0.0136746 0.00563078 0.00526282 0.449945 0.468917 0.411915 -0.0164343 0.00371753 0.00529228
0.536543 0.533706 0.534912 0.0158909 -0.0141165 0.0143368 0.554796 0.532726 0.503015 0.0115756 -0.016275 0.0134039
0.466711 0.482358 0.424248 0.0227101 0.0153624 -0.00688536 0.487853 0.496664 0.383915 0.0178151 0.0153106 -0.00553769
0.547265 0.51568 0.538513 0.00263972 -0.000664098 -0.0132672 0.567523 0.534455 0.501891 0.000857284 0.00573896 -0.0139487
0.541979 0.51845 0.512837 0.00521823 -0.025579 -0.019349 0.556507 0.533194 0.479368 0.000558307 -0.0180317 -0.0182169
0.485209 0.519356 0.526396 -0.0722381 -0.003089 -0.0289756 0.506832 0.535802 0.50126 -0.0707666 -0.000268957 -0.0260002
0.548863 0.49385 0.503304 -0.0260633 -0.019007 0.00972774 0.570476 0.509754 0.483036 -0.0267341 -0.0233081 0.0152906
0.537265 0.536734 0.607156 -0.0305855 0.00985599 -0.0108397 0.550635 0.54792 0.575141 -0.0297977 0.00832705 -0.00828902
0.508784 0.466654 0.475446 -0.0167384 -0.00325725 -0.00168756 0.52149 0.477768 0.441778 -0.0148055 6.34959e-05 0.00207226
0.511193 0.51137 0.497175 -0.0248397 0.00224504 -0.0168817 0.528817 0.533121 0.469805 -0.0253413 -0.000125908 -0.0148643
0.456757 0.500159 0.443152 -0.00744744 -0.024173 0.012203 0.470949 0.519959 0.416317 -0.00768026 -0.0293834 0.0175707
0.486111 0.507375 0.508716 -0.0236311 -0.0309019 0.0306851 0.495167 0.519875 0.477542 -0.0299271 -0.0356396 0.0300922
0.518447 0.530956 0.4767 0.0107202 -0.00332907 -0.00835015 0.530518 0.549348 0.445639 0.0101036 -0.00604745 -0.00706794
0.436949 0.441131 0.42953 -0.026227 0.0101247 0.015349 0.446404 0.457727 0.400485 -0.0306947 0.0091659 0.013525
0.527537 0.548971 0.459103 -0.0220759 0.0147315 -0.0078439 0.544041 0.565501 0.426561 -0.0227057 0.0185378 -0.0108487
0.504284 0.508964 0.519163 0.0353109 -0.0377316 -0.0329096 0.523756 0.520082 0.491315 0.0370108 -0.0342229 -0.030773
0.469451 0.515381 0.5321 0.00345165 0.0135568 0.00212797 0.482268 0.52557 0.505157 0.00593785 0.0167002 0.00147044
-0.00871092 -0.0200485 -0.0352115 -0.0271289 -0.0162105 -0.0299098 0.000229814 -0.0153992 -0.0485327 -0.0255029 -0.0135156 -0.0290263
-0.0700411 -0.0907449 -0.0780885 -0.0202109 0.00959341 0.0103836 -0.0623149 -0.087755 -0.0899125 -0.0235767 0.00829478 0.00812907
-0.0985708 -0.0906037 -0.152531 0.0021023 0.0222687 -0.0273339 -0.0875571 -0.0796945 -0.161727 0.00355993 0.0201806 -0.0262755
-0.0554271 -0.0193427 -0.0564009 0.00783908 0.013583 0.0162138 -0.0439916 -0.00738524 -0.0698052 0.00822527 0.0147825 0.0138974
-0.0486874 -0.0915168 -0.126545 0.00636689 -0.015498 0.00952335 -0.0381798 -0.0838797 -0.14815 0.00418163 -0.0157196 0.013875
-0.100877 -0.0859023 -0.113511 0.00560862 0.0237012 0.0134906 -0.092125 -0.0690406 -0.130466 0.0103352 0.0207619 0.0138117
-0.131536 -0.0332942 -0.0168239 -0.00502846 0.0115441 0.0176322 -0.116951 -0.0251008 -0.0281814 -0.00375095 0.0144819 0.011195
-0.0787644 -0.0743762 -0.0911834 -0.00146188 0.00891418 -0.0158502 -0.0680021 -0.0638963 -0.10929 0.000509322 0.00626176 -0.0178747
-0.0776115 -0.0903836 -0.112399 0.0266216 0.0102058 0.0270592 -0.0701119 -0.0841545 -0.122141 0.0319762 0.0123179 0.0265374
-0.105771 -0.110108 -0.0632793 0.0156392 -0.0212688 0.0233192 -0.091543 -0.0959842 -0.0736197 0.01774 -0.0224153 0.0216189
-0.0507011 -0.0503556 0.0120479 0.0329218 0.00113649 0.00727462 -0.0412357 -0.0485981 -0.0018942 0.0321789 0.0015692 0.0104597
-0.153683 -0.1423 -0.101614 -0.0193867 0.0224545 0.000715873 -0.141631 -0.135172 -0.116559 -0.015652 0.0251182 0.00506768
-0.0303351 -0.108728 -0.0127925 -0.000113112 -0.0125952 0.00115737 -0.0207263 -0.0956683 -0.0249834 -0.00126892 -0.0153821 0.0055238
-0.05474 -0.0612173 -0.0641011 -0.00755896 0.0161553 -0.0220832 -0.0511007 -0.0570433 -0.0803945 -0.00987437 0.014749 -0.0151101
-0.167214 -0.0925641 -0.108281 -0.0147338 -0.020993 -0.0281147 -0.159986 -0.0802431 -0.112801 -0.0157284 -0.0164161 -0.0296109
-0.0500257 -0.0704554 -0.0614742 0.0434477 0.0423461 -0.0033783 -0.0517508 -0.0664454 -0.0605584 0.0372174 0.0366144 0.00194595
-0.0316022 -0.0311813 -0.110708 0.00531601 0.0129459 -0.0151505 -0.0271151 -0.0269675 -0.107215 0.000299932 0.0152342 -0.0161782
-0.109802 -0.110236 -0.174898 0.00118445 0.00530618 -0.0265518 -0.110626 -0.105268 -0.169847 0.0042911 0.00356569 -0.0233361
-0.151075 -0.105083 -0.0772217 0.00411555 -0.0334088 0.0129218 -0.159588 -0.0956225 -0.0649164 0.00546956 -0.0335636 0.0168883
-0.118322 -0.0948804 -0.0993314 0.0441845 -0.025838 -0.0104613 -0.103278 -0.0929517 -0.0934532 0.0453087 -0.0203196 -0.00802464
-0.145759 -0.130228 -0.12424 -0.0114664 -0.0293968 0.0344351 -0.124532 -0.114964 -0.138277 -0.0110862 -0.0257961 0.0359438
-0.0858925 -0.0724624 -0.0299337 0.00604719 0.042241 -0.016903 -0.0732066 -0.0667428 -0.0394443 0.00488917 0.047279 -0.0182277
-0.100994 -0.0303637 -0.0412308 -0.0249771 -0.0142857 0.0184377 -0.0868626 -0.0145908 -0.0449216 -0.0193618 -0.0142318 0.0221303
-0.0782482 -0.0582087 -0.0734069 -0.00690268 -0.00288051 -0.0182734 -0.0662429 -0.0477648 -0.0774323 -0.00494032 -0.00511222 -0.0102464
-0.134127 -0.104416 -0.110353 0.0194328 0.0149803 0.0109061 -0.121994 -0.093863 -0.124553 0.0166482 0.0112075 0.0141213
-0.106554 -0.0765283 -0.108103 0.0373358 0.0482466 0.00553549 -0.10466 -0.0718324 -0.0969151 0.0376914 0.0436475 0.00959383
-0.092696 -0.101424 -0.125629 -0.0323996 0.0215873 -0.00516912 -0.0888355 -0.0973767 -0.12555 -0.0372932 0.0160724 -0.00827675
-0.0658443 -0.119671 -0.146519 -0.00614543 0.00499671 -0.0324639 -0.0553275 -0.10849 -0.15421 -0.00968998 0.00730156 -0.0329622
-0.101797 -0.0866138 -0.130857 0.0312615 0.0209474 -0.0137727 -0.10205 -0.0855932 -0.121556 0.0310982 0.0194566 -0.0134464
-0.0827298 -0.0513842 -0.0991926 0.0308969 -0.0393458 0.0147005 -0.076593 -0.0480715 -0.0874846 0.0306282 -0.034004 0.016882
-0.0381668 -0.00170769 -0.125374 -0.00688309 0.00759998 -0.021418 -0.0357187 -0.000765881 -0.122795 -0.00458878 0.0115893 -0.0212529
-0.0281839 -0.0365703 -0.0275571 -0.00115246 0.0286775 0.0198059 -0.0373552 -0.0295963 -0.021203 0.00703129 0.0334968 0.0136075
-0.0601261 -0.0430364 -0.0104436 -0.00203852 0.0108112 0.00895325 -0.0534466 -0.0466644 -0.00581161 0.000557763 0.0108435 0.0114233
-0.127748 -0.135944 -0.100028 0.0206969 0.0084857 0.0148536 -0.125284 -0.137577 -0.104958 0.020502 0.00981476 0.0138262
-0.11006 -0.0523377 -0.123708 -0.0305471 0.0174621 0.00398795 -0.0978446 -0.058191 -0.119297 -0.0343194 0.0111876 0.00685715
-0.123241 -0.169171 -0.162118 0.0277266 -0.0220982 -0.013779 -0.119191 -0.169793 -0.164089 0.0309299 -0.0230438 -0.0182944
-0.0382268 -0.0638824 -0.0950903 -0.00484862 0.0299328 0.0132489 -0.0458051 -0.0590462 -0.0935241 -0.0112159 0.02848 0.011134
-0.0836357 -0.0675274 -0.0658008 -0.00335067 -0.0153467 0.0206908 -0.0917843 -0.0691462 -0.0578542 -0.0103532 -0.0122452 0.0259322
0.00173407 -0.094715 -0.0881219 0.0454445 -0.0312473 0.0185883 0.000241441 -0.104947 -0.0770773 0.0512846 -0.0251935 0.0231337
-0.0949364 -0.0310563 -0.08945 -0.024749 0.0131641 -0.0380887 -0.0902591 -0.0265462 -0.0797013 -0.0210168 0.0108401 -0.0360438
