0.48996 0.452259 0.472961 -0.0351492 0.0496654 -0.0413138 0.493853 0.45786 0.472414 -0.0398588 0.0478158 -0.0404388
0.516354 0.468772 0.492284 0.0280734 0.068256 0.025891 0.524542 0.458668 0.490102 0.0302711 0.0671501 0.0259524
0.448297 0.526161 0.427138 -0.0128036 -0.00547499 -0.00982041 0.445929 0.528378 0.430916 -0.0161442 0.00245853 -0.0146398
0.447831 0.421948 0.443949 -0.0153126 -0.0442249 0.0374112 0.452919 0.425389 0.437958 -0.0154443 -0.0456882 0.0425336
0.480122 0.470846 0.464485 0.0139561 -0.0208876 -0.0295442 0.498069 0.476984 0.45027 0.0171437 -0.0242755 -0.0440118
0.496938 0.535045 0.532986 -0.0301184 9.22254e-05 -0.017433 0.49634 0.532207 0.526141 -0.0211527 0.00426541 -0.0162742
0.378087 0.40858 0.436269 -0.0213588 -0.0270844 -0.0107306 0.379662 0.408609 0.433422 -0.0269522 -0.0146883 -0.0147941
0.368501 0.42881 0.37947 0.001864 -0.0246025 -0.0252969 0.357203 0.433841 0.387412 -0.00833175 -0.0289762 -0.0272347
0.472095 0.440327 0.467952 -0.0122522 0.0251343 0.00805612 0.473086 0.440252 0.464531 -0.00847351 0.0345547 0.00120636
0.445523 0.445641 0.483235 0.0134158 -0.0100775 -0.0482938 0.442545 0.454861 0.486716 0.00938368 -0.00968043 -0.0457941
0.464342 0.445525 0.454448 0.00747252 0.00240507 -0.0458944 0.477016 0.448772 0.455543 -0.00638043 0.00927012 -0.0418012
0.559476 0.510078 0.472449 0.0167175 0.0164593 -0.0121313 0.554521 0.502294 0.463961 0.0126509 0.0156128 -0.0132553
0.46176 0.450899 0.444174 0.00698791 0.0125755 0.0085682 0.471427 0.462012 0.440237 0.00683932 0.0121714 0.00178921
0.426176 0.428956 0.478025 0.0216763 -0.000434625 0.0072607 0.431747 0.438046 0.472825 0.0297194 -0.000666469 0.0054045
0.368191 0.370074 0.423072 -0.00348293 -0.0369448 -0.0241507 0.36779 0.372695 0.419539 0.00577564 -0.0375386 -0.0259482
0.41865 0.358134 0.399338 -0.0374199 0.0153327 -0.0327655 0.420799 0.370034 0.405254 -0.0383461 0.0115225 -0.0317232
0.487969 0.460552 0.460463 -0.0163572 -0.0330373 -0.000122373 0.486674 0.469593 0.472349 -0.0198254 -0.0301031 0.0035296
0.445517 0.390551 0.402634 0.0141182 0.00193292 -0.0358651 0.449739 0.393246 0.413958 0.0134594 -0.00291399 -0.0432313
0.412211 0.329809 0.371871 -0.00388001 -0.0158035 0.0114464 0.407984 0.341726 0.380022 -0.0122662 -0.0115208 0.0138574
0.448012 0.510906 0.435596 0.00399867 -0.0331269 -0.0302968 0.45288 0.515267 0.442991 -0.0132451 -0.0309982 -0.0307311
0.368903 0.42235 0.494162 0.0031765 -0.00697758 -0.0108372 0.365508 0.425342 0.494485 0.00239638 0.00418316 -0.0163212
0.442206 0.411515 0.436051 -0.0232136 -0.0121846 -0.0183777 0.445978 0.409694 0.427018 -0.0301133 -0.00738495 -0.0260281
0.418714 0.357151 0.443111 0.024218 0.0361489 -0.0430929 0.41348 0.352254 0.434274 0.0228333 0.044718 -0.0374573
0.443813 0.385529 0.387612 0.0357717 0.0126866 -0.00977444 0.441913 0.386659 0.390883 0.029703 0.0251255 -0.00672989
0.469453 0.501014 0.481202 -0.0414052 0.00413524 -0.00265023 0.461459 0.496764 0.491789 -0.0468247 0.0145941 -0.00609167
0.506346 0.626492 0.490195 0.0269475 0.00549941 0.0177317 0.511886 0.619125 0.483635 0.0219245 0.0168807 0.0176467
0.508577 0.488919 0.510593 0.045582 0.0149217 0.00196302 0.5126 0.495605 0.515486 0.0403159 0.00679579 0.00457754
0.459091 0.47019 0.446411 -0.0042087 -0.0398353 0.0243483 0.471124 0.472473 0.448868 -0.00766916 -0.0313196 0.0192235
0.454718 0.448104 0.410194 0.00556264 -0.0392325 -0.00326639 0.467336 0.446957 0.404581 0.00476166 -0.0407844 0.000465671
0.449909 0.402728 0.461559 0.0187222 0.00826347 0.0554131 0.460218 0.400898 0.449966 0.0169888 0.012626 0.0547128
0.430021 0.397271 0.439958 -0.0413994 -0.00282061 0.0147992 0.445083 0.400996 0.443214 -0.0499949 -0.00672582 0.0172438
0.4859 0.447693 0.457626 -0.0537482 -0.00180575 -0.0136038 0.499476 0.446882 0.448508 -0.047705 -0.0130105 -0.0144109
0.461008 0.448072 0.480914 -0.0255755 0.0397737 0.0428331 0.453179 0.45177 0.4781 -0.0256168 0.040128 0.046099
0.450415 0.428008 0.442979 -0.0306318 -0.0333782 0.00740324 0.456359 0.428385 0.442856 -0.0317537 -0.0327825 0.00807983
0.497498 0.419944 0.395433 0.0334244 -0.00996012 -0.0185973 0.497803 0.417281 0.390835 0.0301588 -0.00240576 -0.0126719
0.412204 0.433723 0.417866 -0.00323949 0.0127586 -0.0424042 0.410684 0.438268 0.423373 -0.00232603 0.020277 -0.0362753
0.422282 0.349616 0.39923 -0.0163178 -0.066465 -0.0430904 0.433355 0.359671 0.402355 -0.0132808 -0.0613592 -0.0377653
0.445595 0.393467 0.493746 -0.0230947 0.0216805 -0.039852 0.430757 0.393689 0.505054 -0.0242779 0.0245665 -0.0426957
0.528132 0.449929 0.585691 0.0275042 -0.0043773 0.0283819 0.512122 0.446255 0.578286 0.0242417 -0.00171864 0.0307368
0.453316 0.404639 0.438933 -0.0414129 0.00729675 -0.0176203 0.454532 0.3987 0.443928 -0.0439254 0.00814646 -0.0208365
0.482004 0.40177 0.454499 -0.0102399 0.00961676 -0.0215357 0.495206 0.399635 0.466459 -0.0152428 0.00550806 -0.0283782
0.412664 0.413526 0.451252 0.0274585 -0.0159031 0.022489 0.409966 0.412614 0.447323 0.0259103 -0.0157398 0.0268122
0.4464 0.42141 0.466567 0.000266699 -0.0415669 0.00284944 0.438219 0.419815 0.466068 -0.00710277 -0.033397 0.0037412
0.458022 0.395621 0.367295 -0.0163851 -0.0336315 -0.00632478 0.45598 0.389634 0.386525 -0.0139735 -0.0297842 -0.00928088
0.513611 0.40402 0.462407 -0.0118313 -0.0251829 0.0200388 0.511934 0.41198 0.460957 -0.0101693 -0.0265485 0.0224282
0.411375 0.357361 0.404069 -0.0194978 0.0194097 0.0102091 0.401907 0.356422 0.401654 -0.0214863 0.0199587 0.0172934
0.340173 0.435914 0.406364 0.0302731 0.0510459 -0.025577 0.325838 0.434839 0.393868 0.030475 0.0485165 -0.0255679
0.427265 0.436615 0.439427 -0.0215471 -0.026249 -0.026059 0.425209 0.436105 0.440555 -0.00674213 -0.0213253 -0.0290699
0.42162 0.448558 0.4152 -0.0166122 -0.0348541 -0.0127463 0.406738 0.440484 0.400644 -0.00151795 -0.0237232 -0.0195912
0.445356 0.437584 0.402238 -0.00937266 0.00713818 -0.0223211 0.457791 0.427964 0.408336 -0.00955828 0.00245516 -0.0279712
0.606256 0.512972 0.721224 -0.294416 0.164262 -0.199582 0.617166 0.523667 0.725763 -0.298269 0.157362 -0.197367
0.506089 0.45152 0.479225 0.01981 -0.128289 0.123297 0.509941 0.462832 0.484906 0.0193631 -0.120371 0.115618
0.773689 0.583648 0.708971 -0.103458 -0.235829 0.320798 0.785123 0.572344 0.736852 -0.119461 -0.240382 0.32524
0.486386 0.526225 0.580132 0.246723 -0.204541 0.164586 0.510605 0.54355 0.594224 0.251475 -0.191089 0.158254
0.849663 0.873648 0.860147 0.466168 0.268781 0.204084 0.836354 0.863295 0.86777 0.451099 0.258893 0.22744
0.487561 0.584577 0.538622 0.06768 -0.165431 -0.193455 0.491213 0.593123 0.533243 0.0716724 -0.165022 -0.200177
0.701396 0.631824 0.706349 -0.182346 -0.109894 0.23696 0.696068 0.621418 0.699333 -0.184953 -0.104967 0.252657
0.419044 0.472385 0.384931 0.063159 0.00505637 0.124879 0.413968 0.480468 0.385694 0.0551343 0.00904489 0.127714
0.65981 0.746161 0.50454 -0.0670015 -0.232531 -0.0516449 0.646578 0.741584 0.499701 -0.0626769 -0.217289 -0.0458232
0.735599 0.774965 0.632478 -0.0994024 -0.345612 0.332744 0.726805 0.777031 0.615871 -0.0968724 -0.342005 0.319866
0.508689 0.444824 0.569219 -0.0286242 -0.0289585 -0.000737494 0.513591 0.453142 0.581157 -0.056578 -0.0387897 0.0170067
0.697213 0.507507 0.595661 0.0950939 -0.0658495 -0.104194 0.699537 0.514922 0.61953 0.117544 -0.0867119 -0.113126
0.711614 0.883252 0.895626 0.527428 -0.126412 0.0820729 0.727524 0.897878 0.903474 0.507388 -0.11485 0.0942329
0.351439 0.399715 0.372643 -0.0118836 0.0448432 0.23368 0.361558 0.393452 0.391262 0.00138416 0.0375404 0.228664
0.445855 0.477743 0.414789 -0.094276 -0.153176 -0.062701 0.464362 0.489569 0.430167 -0.0935728 -0.150541 -0.0594678
0.470106 0.50248 0.435218 -0.0384703 -0.326786 -0.0795853 0.469095 0.497615 0.428782 -0.0320998 -0.308283 -0.0689004
0.484992 0.585186 0.653249 0.247374 0.0516067 0.0932292 0.484593 0.594949 0.673017 0.258155 0.0621976 0.0999039
0.644415 0.645527 0.775182 0.090012 0.406154 0.216628 0.635408 0.63742 0.764431 0.0940839 0.399808 0.201613
0.459257 0.552711 0.561314 -0.0639612 -0.130456 -0.0749424 0.469086 0.548924 0.560924 -0.0518175 -0.123895 -0.0647554
0.517381 0.563142 0.402072 0.120248 0.178016 0.149075 0.508601 0.57415 0.390749 0.135736 0.155164 0.129023
0.34717 0.355413 0.356463 0.156123 0.25113 0.043124 0.353773 0.365553 0.363541 0.1455 0.239491 0.0454981
0.42183 0.517407 0.464757 0.259516 -0.0185652 0.0732323 0.431976 0.517587 0.46149 0.238768 -0.00891074 0.0664818
0.837793 0.742314 0.84661 0.232408 -0.112871 0.00556781 0.814701 0.723197 0.821493 0.249268 -0.0950929 -0.00500261
0.329147 0.333612 0.357268 0.0204499 -0.090433 -0.0421482 0.331472 0.335143 0.364124 0.0338027 -0.0796434 -0.0335154
0.993167 0.941121 1.01373 0.0949672 0.121552 0.708191 0.992688 0.932643 1.01163 0.0933144 0.110695 0.685945
-0.176726 -0.178216 -0.176119 -1.20586e-08 2.86451e-09 1.19601e-08 -0.180569 -0.178382 -0.167294 0 -0 0
0.298918 0.299558 0.296941 -2.60082e-08 5.86476e-08 1.44213e-08 0.298517 0.287291 0.295527 0 0 -0
0.357367 0.357451 0.357566 -8.62052e-08 -1.15542e-07 -9.55749e-08 0.345704 0.35287 0.353143 0 0 0
0.44235 0.443748 0.442132 -5.55759e-09 3.05321e-08 -5.42197e-08 0.433446 0.436348 0.434995 0 0 0
0.253656 0.266947 0.256035 -4.53043e-09 1.92158e-09 -4.38403e-10 0.245588 0.273361 0.242553 0 0 0
0.353443 0.360074 0.353189 -1.81768e-08 1.80974e-08 -1.32561e-07 0.355295 0.339796 0.354877 0 0 -0
0.0932288 0.0884804 0.108188 -6.12647e-09 1.47666e-08 2.64795e-08 0.0774467 0.077032 0.114711 0 -0 0
-0.23036 -0.23492 -0.235071 -5.65731e-09 3.33644e-08 -1.99367e-08 -0.2178 -0.240877 -0.240644 0 0 0
-0.0302587 -0.0341637 -0.0323085 -1.30015e-08 3.04498e-09 -3.88573e-09 -0.0272056 -0.0380904 -0.0420233 -0 0 0
0.426868 0.415985 0.416396 6.85176e-09 5.35608e-08 -1.11373e-07 0.408277 0.424523 0.419767 0 0 0
0.144566 0.143587 0.143999 5.01424e-09 -9.22882e-10 1.39167e-09 0.142209 0.140022 0.134074 0 0 0
0.676007 0.679486 0.685392 2.71311e-08 -2.62457e-08 4.53576e-08 0.686432 0.681745 0.678839 0 0 0
-0.0597367 -0.0608852 -0.0573515 1.15847e-08 1.15021e-08 -2.15562e-08 -0.0557185 -0.0569761 -0.0671373 0 0 0
0.482348 0.481091 0.489992 2.16372e-08 -8.84518e-08 1.17614e-07 0.487039 0.491546 0.476499 -0 0 0
0.27724 0.276017 0.274172 3.43595e-09 1.9039e-10 -2.89564e-08 0.268408 0.279831 0.27693 0 -0 0
0.462191 0.463328 0.460945 7.32684e-08 8.33637e-08 -5.38546e-08 0.46877 0.451829 0.456885 0 0 -0
0.619838 0.611036 0.610341 3.92971e-08 2.28703e-08 1.41371e-07 0.611581 0.619025 0.620789 0 0 0
0.151265 0.151888 0.155084 3.07068e-08 5.81204e-09 1.84141e-08 0.145583 0.14326 0.155804 0 0 0
0.111871 0.111907 0.112398 8.98511e-08 -1.23623e-07 1.31162e-08 0.105374 0.108781 0.109133 0 0 0
0.138102 0.138071 0.137956 -1.94215e-08 -2.46283e-08 -1.93469e-08 0.134989 0.134875 0.128525 -0 0 0
0.0763036 0.0755859 0.0732997 3.52601e-08 1.04052e-07 3.67775e-08 0.0769395 0.0660744 0.0716078 0 0 0
0.594925 0.59705 0.604953 3.17635e-08 1.84868e-08 -5.54909e-09 0.607063 0.601643 0.595968 0 0 0
0.093599 0.101599 0.110249 -1.19182e-08 7.78165e-09 3.09667e-08 0.0879526 0.0833863 0.115451 0 0 -0
0.66258 0.669589 0.673105 -9.1749e-09 -1.21425e-07 2.88937e-09 0.677742 0.668661 0.667298 0 0 0
-0.176862 -0.177328 -0.176543 -1.36475e-08 -1.56394e-08 -1.31217e-08 -0.171204 -0.174475 -0.178621 0 0 0
0.0588876 0.0141412 0.031269 0.00415336 0.0085196 0.0175464 0.0589898 0.00687377 0.0314435 0.0105006 0.00748173 0.012436
0.0378175 0.0150544 0.0174874 -0.00710711 0.00630429 -0.0125193 0.0418313 0.00548645 0.014592 0.0012484 0.00383685 -0.0121875
0.0165432 0.0143907 0.033255 -0.0111035 0.0125538 0.00620184 0.00800546 0.0187456 0.0279598 -0.00737083 0.0124776 0.00677049
0.0224728 0.0349457 0.0297996 -0.0144396 0.00285732 0.00454366 0.02106 0.0301729 0.0247506 -0.0046167 0.00201469 0.00753012
0.0198287 0.0114203 0.00811748 0.00935473 0.0287285 0.00120111 0.0224803 0.00759204 0.00664796 0.0163148 0.0282773 -0.00471497
0.00534555 -0.0148692 0.0231911 -0.0156952 -0.00977005 0.0110224 0.000295988 -0.0127507 0.0188854 -0.00950827 -0.0075546 0.013716
0.0430461 0.0204724 0.0312448 -0.000583746 0.00775321 0.00199248 0.044642 0.0212311 0.0261276 0.0125274 0.00905799 -1.9321e-05
0.0133245 0.0135416 0.0341099 0.0111958 0.0105337 0.0192496 0.010757 0.00746204 0.0293294 0.0158106 0.0133363 0.022473
0.036014 0.00416632 0.0210803 -0.000762701 0.0167627 0.0193793 0.034228 0.00147444 0.0204877 0.00809497 0.019215 0.0166585
0.0127594 0.0148551 0.0167746 0.0177282 0.00145468 0.00999635 0.011399 0.0102531 0.0136956 0.0218155 -0.00190062 0.00915164
0.031238 0.0446371 0.0167872 0.00547165 0.00166554 0.00711449 0.0368725 0.0497764 0.00734068 -0.000555864 -0.00249747 0.0117462
0.00836028 0.0265754 -0.0225847 0.00375214 -0.0171859 -0.00677017 0.0137578 0.0357153 -0.0235905 0.0027562 -0.0158409 -0.00752938
0.0554565 0.0654184 0.03335 -0.00474055 -0.00429599 0.0218 0.0546604 0.0593723 0.0179874 -0.00562738 -0.00599673 0.0284289
0.056633 0.0156421 0.0341147 -0.00786104 -0.0033843 -0.00188907 0.062073 0.0236732 0.0335825 -0.0163966 -0.0114124 0.000507747
0.0611182 0.0701365 0.0478781 0.00595196 -0.00782669 0.0115319 0.0659975 0.0762861 0.0394346 -0.00208636 -0.0099196 0.0116669
0.0294219 -0.00703982 0.00498299 -0.0259171 -0.00189447 -0.0232646 0.0328336 0.00685565 -0.00126772 -0.0298 0.00183991 -0.0204346
0.0329356 0.0140728 -0.00645866 0.0167183 0.0115289 -0.00436302 0.0294669 0.0276381 -0.0177429 0.01374 0.0100376 -0.00692182
0.0112845 -0.00412506 -0.0253568 -0.0168796 0.0100279 -0.00130515 0.0082737 0.00793383 -0.0243486 -0.0167428 0.0095742 -0.00548839
0.00179187 0.0411481 0.00840146 0.0085314 -0.0264499 0.00279027 -0.00159426 0.0431426 0.00590086 0.00328645 -0.0304928 0.00170179
0.00104113 0.0432361 -0.000242392 0.00592401 0.00193214 -0.000944831 -0.00159849 0.0512565 -0.00376784 -0.000330802 0.00354043 0.00687404
-0.00513144 -0.0140821 -0.0162243 -0.0108356 0.0143996 0.0177371 -0.00809089 -0.00696787 -0.0129518 -0.00982571 0.0161883 0.0204187
-0.0207949 0.00749739 -0.0143015 -0.0348604 0.00718255 0.00726258 -0.0158464 0.00726324 0.00153506 -0.0390613 0.00422988 0.0120871
0.0112862 -0.00808008 -0.0342985 -0.0298301 -0.0237075 0.000731846 0.0184413 -0.00346614 -0.0276514 -0.0388461 -0.0172206 0.00504358
-0.0139098 -0.0230523 -0.0386516 0.0184668 -0.0165981 -0.002333 -0.0116021 -0.0136703 -0.0456799 0.0191284 -0.0155466 -0.0020971
0.00480703 -0.010051 0.0231142 -0.0161648 0.0241853 -0.0162537 0.00717713 0.00469982 0.0227665 -0.00823105 0.0166307 -0.0197132
0.00266512 0.00571782 0.00857454 -0.0229268 0.00734419 0.022753 0.00295694 0.00427938 0.00923293 -0.0272297 0.00158747 0.029684
-0.00601887 -0.00891772 0.0289338 -0.0112097 -0.0146071 -0.00977973 -0.00808111 0.00187596 0.0339569 -0.0123669 -0.0148798 -0.00559438
-0.0385569 -0.0119198 -0.0439867 0.0140721 -0.00478559 0.0337983 -0.0339301 -0.0102894 -0.0416294 0.0205274 -0.00283731 0.0313291
-0.00503793 -0.0196422 -0.0229593 0.00822555 0.00854726 -0.00329493 -0.00448071 -0.0113041 -0.00480401 0.00335049 0.00305006 0.00145935
0.0241746 0.00172354 -0.016564 0.00941163 0.012159 0.0200079 0.0359829 -4.78395e-06 -0.00260512 0.00297469 0.0056904 0.017887
0.00787172 -0.0218473 0.000128381 -0.0247505 -0.00163991 -0.0455379 0.0112759 -0.0167811 0.0109463 -0.0222157 -0.00790349 -0.0462465
-0.0202961 -0.067217 -0.0167353 0.0153089 0.00149718 -0.0168893 -0.0155415 -0.0659603 -0.0100511 0.0137789 -0.00573306 -0.0170389
-0.0355323 -0.0398429 -0.0478056 -0.024502 0.00392834 -0.00873425 -0.0449921 -0.03348 -0.0437763 -0.0229574 0.0059187 -0.00718593
-0.00855309 0.018277 -0.070993 0.00198541 -0.00847127 0.00289254 -0.00939586 0.0276563 -0.0779335 0.00480454 -0.00370525 0.00931762
0.00286792 -0.0488309 -0.0190325 0.0050322 0.0118418 -0.00573797 0.00781809 -0.0580479 -0.0163735 0.00320346 0.00812574 -0.00400725
0.00832459 -0.047425 0.0185733 0.00273709 0.0268596 -0.019897 -0.000916636 -0.0398777 0.0128827 -1.7284e-05 0.030324 -0.0222268
0.0122664 -0.0397144 -0.0510442 0.0419899 -0.00272889 0.0158249 0.00353105 -0.0339527 -0.0395275 0.0465723 -0.00855383 0.0132847
-0.0277457 -0.0395029 0.0061809 -0.00442162 0.0191728 -0.0240848 -0.0256402 -0.0337501 0.0115559 0.00111812 0.00983293 -0.0235534
-0.0484069 -0.0456972 -0.0143016 -0.0172047 0.0014659 -0.00588837 -0.0444696 -0.0331845 -0.00512031 -0.0181285 0.00939793 0.00227509
0.00797102 -0.0159086 -0.0170337 0.0230471 0.0232626 0.00300339 0.0122911 -0.0145377 -0.0175768 0.0231096 0.0282186 -0.00681895
-0.0637068 -0.0615476 -0.0647273 -0.00476953 0.0124728 0.0110781 -0.0615946 -0.0581871 -0.0521398 -0.00697312 0.013734 0.0162102
-0.0115227 -0.0183046 -0.0328528 -0.0482336 0.0242618 0.00604896 -0.0139724 -0.0224233 -0.033275 -0.0386177 0.0255622 0.00775867
-0.0750329 -0.0825189 -0.0732022 -0.0296775 -0.00303724 -0.0187219 -0.0711567 -0.0847544 -0.0706285 -0.0292126 -0.00696725 -0.030828
-0.052428 -0.0957072 -0.0736532 -0.000179942 0.0092595 0.0017675 -0.0462549 -0.082917 -0.0692941 0.00321515 0.00461793 -0.00892309
-0.063461 -0.0108435 -0.0504156 0.00114175 -0.0149886 0.0125379 -0.059473 -0.00917052 -0.0466552 -0.00155401 -0.0197984 0.0193471
-0.0509585 -0.0582469 -0.0669496 0.00721306 0.0207944 0.0148817 -0.0425927 -0.0546525 -0.0596395 0.0129505 0.0299786 0.00191287
-0.0093084 -0.0607525 -0.0387958 -0.00996203 0.00623287 -0.00618872 -0.0091316 -0.0582795 -0.0371293 -0.00684244 -0.00184333 -0.00708839
-0.0958537 -0.130924 -0.053822 -0.025783 -0.0082827 -0.0149748 -0.0976726 -0.130068 -0.0476364 -0.0219824 -0.00536225 -0.0163311
-0.0618713 -0.019445 -0.095452 0.0127362 -0.00431157 0.0190676 -0.053798 -0.0103526 -0.0966905 0.00627216 -0.00859679 0.0173787
-0.0371459 -0.0232384 -0.00430661 0.0102875 -0.0345003 0.000845791 -0.0365791 -0.0193383 -0.00234843 0.00811361 -0.0259255 0.00215509
0.0336896 -0.040712 -0.0264159 0.0359192 0.011723 0.0335307 0.0315991 -0.0407389 -0.0239172 0.0372939 0.0170623 0.0399379
-0.101558 -0.102925 -0.0819911 0.0207372 0.0141482 0.0290601 -0.0982314 -0.104362 -0.0844532 0.0167847 0.0194419 0.0320552
-0.0932891 -0.102973 -0.115679 0.00617444 -0.00166216 -0.0226197 -0.0764505 -0.103682 -0.119289 0.0125451 0.00913142 -0.0215874
-0.123584 -0.156684 -0.1232 0.016089 0.0346402 -0.00382025 -0.121005 -0.155259 -0.128729 0.012803 0.0373716 -0.00949386
-0.0658006 -0.0245144 -0.0954388 -0.0702627 -0.0179488 -0.0186004 -0.0627573 -0.0427374 -0.0955433 -0.0726768 -0.0103589 -0.0103661
-0.0598058 -0.0302439 -0.0386239 0.0155208 0.0126979 -0.0211685 -0.051714 -0.0270242 -0.0422779 0.0120276 0.00906463 -0.0204198
-0.0432899 -0.0901132 -0.0507468 -0.0069256 -0.0106176 0.00179169 -0.0464483 -0.0883288 -0.0451871 -0.008705 -0.0119071 -0.00804213
-0.0891718 -0.144713 -0.133337 -0.0395495 -0.0289321 0.0152473 -0.0862865 -0.135133 -0.134606 -0.0396731 -0.0277632 0.0193626
-0.0993477 -0.111587 -0.107046 0.0646017 0.00370458 0.00733808 -0.097168 -0.107299 -0.101869 0.0628973 0.00551676 0.0116084
-0.104102 -0.106437 -0.0769629 -0.00778949 0.0181944 0.016565 -0.0976177 -0.0985034 -0.0849998 -0.00319481 0.0253124 0.0225834
-0.147252 -0.109947 -0.122117 -0.00379409 -0.0118388 0.0336995 -0.149075 -0.12241 -0.128136 0.000764105 -0.00835651 0.0383102
-0.130834 -0.140674 -0.159232 -0.00845908 -0.00564754 -0.0197227 -0.137398 -0.148749 -0.161613 -0.0103903 -0.0034084 -0.0173139
-0.0654966 -0.0818785 -0.106512 0.00671869 -0.0116495 -0.0498522 -0.0627407 -0.0824413 -0.0998809 0.00216605 -0.0106328 -0.0595544
-0.0587599 -0.0938509 -0.113897 0.00147477 -0.0202094 0.00764373 -0.0522292 -0.0978895 -0.116938 -0.00169315 -0.0317363 0.0117735
-0.109955 -0.0510462 -0.0555821 0.0516354 -0.0461933 0.0274415 -0.113055 -0.0478672 -0.055598 0.0555473 -0.0499502 0.0256529
-0.125894 -0.15601 -0.126677 -0.0305451 0.0103703 -0.0113604 -0.130505 -0.163601 -0.121842 -0.021273 0.0147398 -0.0105468
-0.176169 -0.180063 -0.186713 0.00673526 0.0234672 0.00116924 -0.186758 -0.176423 -0.184392 0.00472222 0.0216104 -0.00609488
-0.159467 -0.141401 -0.15977 -0.0251386 0.0150914 0.00562187 -0.159005 -0.133997 -0.154103 -0.0274713 0.0212327 0.00269574
-0.123478 -0.0748268 -0.151117 -0.0236994 0.0162559 -0.00531376 -0.122617 -0.0695567 -0.142957 -0.0306701 0.0210315 -0.0112802
-0.0584953 -0.119295 -0.138347 -0.0257817 0.0293235 0.0110711 -0.0549875 -0.119837 -0.125124 -0.0251728 0.033267 0.0204937
-0.118253 -0.132866 -0.120557 -0.0297252 0.00506502 0.0337823 -0.106177 -0.120741 -0.105228 -0.0325649 0.00486306 0.0400757
-0.106948 -0.109791 -0.130718 -0.00393465 0.0506396 -0.0108951 -0.0957208 -0.116043 -0.117 -0.00730077 0.0514701 -0.0148898
-0.0786802 -0.129887 -0.13084 -0.0047865 0.00785993 0.0306022 -0.0755487 -0.122246 -0.127714 -0.00967707 0.019948 0.0304683
-0.102773 -0.0962191 -0.128121 0.00762853 0.00955544 -0.0288631 -0.0939652 -0.096089 -0.115513 0.00396235 0.0106531 -0.033116
-0.116752 -0.0826719 -0.100368 -0.00324389 0.00944864 0.00938316 -0.118866 -0.0817173 -0.0926 -0.000605926 0.0059875 0.00191275
-0.116658 -0.101109 -0.116043 0.00740248 -0.0184505 0.00781618 -0.109459 -0.0987809 -0.109453 0.00627491 -0.0248546 0.0127736
-0.0550889 -0.127511 -0.0751407 0.00604165 0.0566646 0.0351448 -0.0457168 -0.130769 -0.0849716 0.00440787 0.0583903 0.0303245
-0.132114 -0.121958 -0.142394 -0.0266306 -0.0053314 0.00299762 -0.138115 -0.113039 -0.128209 -0.0283837 -0.00631293 0.0115581
-0.109656 -0.175411 -0.0939428 0.0521782 -0.00188433 0.00271991 -0.0998301 -0.165629 -0.0828882 0.0565148 0.0107544 0.00488546
-0.0889812 -0.180191 -0.128669 0.0186558 0.0258217 0.0302249 -0.0879805 -0.184763 -0.122978 0.024135 0.0281468 0.028348
