-3.56248 -3.56465
-3.55465 -3.55619
-3.55309 -3.55295
-3.56579 -3.5667
-3.55801 -3.55741
-3.54879 -3.54908
-3.55772 -3.55765
-3.56291 -3.56288
-3.56052 -3.56001
-3.56032 -3.56102
-3.5626 -3.56286
-3.55265 -3.55275
-3.55757 -3.55745
-3.55348 -3.55563
-3.5672 -3.56705
-3.55928 -3.56066
-3.55374 -3.55491
-3.55681 -3.55678
-3.57013 -3.56991
-3.55061 -3.54975
-3.5591 -3.55986
-3.54904 -3.54909
-3.55971 -3.56082
-3.55863 -3.5589
-3.55449 -3.55581
-3.54562 -3.54614
-3.55165 -3.55044
-3.55892 -3.55806
-3.56148 -3.56024
-3.5528 -3.55427
-3.55768 -3.55649
-3.55526 -3.55585
-3.55449 -3.55368
-3.554 -3.55308
-3.55596 -3.55522
-3.55408 -3.55444
-3.56101 -3.55869
-3.55749 -3.55606
-3.54752 -3.5469
-3.5518 -3.55237
-3.54763 -3.55065
-3.55651 -3.55754
-3.55322 -3.55305
-3.55905 -3.55922
-3.55556 -3.55308
-3.55705 -3.55809
-3.56042 -3.56188
-3.55387 -3.55403
-3.56818 -3.56965
-3.56024 -3.56095
-3.54754 -3.54768
-3.58433 -3.58363
-3.50687 -3.50511
-3.56923 -3.56857
-3.49141 -3.4927
-3.55803 -3.55583
-3.52455 -3.52373
-3.60083 -3.60236
-3.54315 -3.54134
-3.52962 -3.52764
-3.57436 -3.57474
-3.56068 -3.56175
-3.49772 -3.49719
-3.60148 -3.60159
-3.59234 -3.59293
-3.58589 -3.58376
-3.55382 -3.55685
-3.52553 -3.52584
-3.58117 -3.57888
-3.58632 -3.59102
-3.61392 -3.61536
-3.58613 -3.58632
-3.49659 -3.497
-3.62029 -3.62179
-3.46439 -3.4647
-3.64344 -3.64397
-3.64064 -3.64046
-3.63865 -3.63846
-3.63517 -3.63486
-3.64158 -3.64144
-3.63869 -3.63831
-3.6446 -3.64456
-3.64198 -3.64245
-3.64524 -3.64557
-3.63596 -3.63548
-3.64424 -3.64433
-3.62133 -3.62093
-3.64511 -3.64545
-3.6329 -3.63244
-3.64131 -3.64115
-3.63409 -3.63376
-3.62555 -3.62511
-3.64409 -3.64415
-3.64468 -3.64484
-3.64434 -3.64444
-3.64503 -3.6452
-3.62646 -3.62601
-3.64464 -3.6446
-3.62212 -3.62167
-3.64346 -3.64407
-3.69178 -3.69201
-3.6919 -3.69223
-3.68898 -3.68965
-3.69194 -3.69172
-3.69163 -3.69207
-3.6884 -3.68954
-3.6908 -3.69091
-3.69093 -3.6907
-3.69045 -3.69107
-3.69045 -3.69065
-3.68659 -3.68617
-3.6865 -3.68604
-3.68432 -3.68467
-3.68315 -3.68284
-3.6847 -3.68511
-3.68306 -3.68437
-3.68447 -3.68461
-3.68295 -3.68253
-3.68371 -3.68419
-3.68404 -3.68476
-3.66376 -3.66445
-3.66716 -3.66706
-3.6628 -3.66317
-3.66888 -3.66953
-3.66732 -3.66865
-3.65698 -3.65656
-3.66302 -3.66261
-3.66761 -3.6669
-3.6645 -3.66405
-3.66468 -3.66496
-3.63451 -3.63324
-3.63503 -3.63431
-3.63229 -3.63221
-3.63744 -3.63822
-3.63091 -3.63078
-3.63264 -3.63287
-3.63457 -3.6342
-3.63224 -3.63205
-3.63741 -3.63644
-3.63136 -3.63241
-3.60935 -3.6095
-3.60785 -3.60616
-3.61362 -3.6143
-3.60439 -3.60562
-3.60531 -3.60363
-3.60912 -3.60923
-3.59784 -3.5979
-3.60703 -3.60588
-3.60675 -3.60528
-3.60763 -3.60836
-3.5877 -3.58561
-3.5798 -3.58053
-3.57917 -3.5779
-3.59012 -3.59024
-3.58085 -3.5815
-3.58583 -3.58725
-3.57884 -3.5774
-3.58501 -3.58487
-3.58399 -3.58417
-3.5829 -3.58245
-3.55511 -3.5527
-3.5632 -3.56279
-3.56507 -3.56319
-3.56291 -3.56282
-3.55945 -3.5591
-3.56101 -3.56373
-3.56598 -3.56446
-3.56786 -3.56624
-3.56418 -3.56266
-3.55383 -3.55146
-3.53731 -3.5368
-3.53993 -3.54054
-3.53453 -3.5332
-3.52602 -3.52081
-3.53639 -3.53491
-3.54706 -3.54567
-3.53927 -3.53744
-3.53971 -3.53785
-3.54063 -3.53913
-3.61029 -3.60873
-3.61581 -3.61556
-3.62071 -3.61972
-3.62213 -3.62021
-3.61597 -3.61476
-3.62721 -3.62849
-3.61972 -3.61793
-3.62125 -3.62132
-3.62221 -3.62409
-3.61837 -3.61784
-3.61439 -3.61665
-3.61793 -3.62045
-3.61106 -3.61423
-3.62058 -3.62224
-3.61423 -3.61494
-3.60949 -3.61106
-3.60462 -3.60534
-3.61285 -3.61362
-3.61686 -3.61873
-3.61669 -3.61826
-3.5532 -3.55547
