0.496827 0.460072 0.481309 -0.0347004 0.050151 -0.040711 0.493853 0.45786 0.472414 -0.0398588 0.0478158 -0.0404388
0.517491 0.468997 0.495357 0.0281125 0.071017 0.0260079 0.524542 0.458668 0.490102 0.0302711 0.0671501 0.0259524
0.45318 0.52717 0.431265 -0.0116999 -0.00703471 -0.0108293 0.445929 0.528378 0.430916 -0.0161442 0.00245853 -0.0146398
0.453899 0.429978 0.450412 -0.0166924 -0.041816 0.0366137 0.452919 0.425389 0.437958 -0.0154443 -0.0456882 0.0425336
0.482499 0.473317 0.468404 0.0129243 -0.0234775 -0.030682 0.498069 0.476984 0.45027 0.0171437 -0.0242755 -0.0440118
0.494819 0.535438 0.528721 -0.0286446 0.00174103 -0.0169374 0.49634 0.532207 0.526141 -0.0211527 0.00426541 -0.0162742
0.384328 0.413259 0.4395 -0.0235758 -0.02506 -0.00842831 0.379662 0.408609 0.433422 -0.0269522 -0.0146883 -0.0147941
0.371183 0.431242 0.38267 0.00227538 -0.0262323 -0.0252806 0.357203 0.433841 0.387412 -0.00833175 -0.0289762 -0.0272347
0.472857 0.441081 0.468596 -0.012625 0.0257578 0.00629794 0.473086 0.440252 0.464531 -0.00847351 0.0345547 0.00120636
0.445942 0.44779 0.480338 0.0149015 -0.00991277 -0.0490267 0.442545 0.454861 0.486716 0.00938368 -0.00968043 -0.0457941
0.465566 0.447982 0.451538 0.0048466 0.00155864 -0.0453291 0.477016 0.448772 0.455543 -0.00638043 0.00927012 -0.0418012
0.561246 0.512436 0.469148 0.0167582 0.0164413 -0.00988259 0.554521 0.502294 0.463961 0.0126509 0.0156128 -0.0132553
0.458277 0.453251 0.44445 0.00497147 0.0116019 0.00960002 0.471427 0.462012 0.440237 0.00683932 0.0121714 0.00178921
0.429221 0.430443 0.481082 0.021352 -0.00286499 0.00610779 0.431747 0.438046 0.472825 0.0297194 -0.000666469 0.0054045
0.368791 0.370205 0.422875 -0.00453838 -0.0386189 -0.0237357 0.36779 0.372695 0.419539 0.00577564 -0.0375386 -0.0259482
0.417749 0.361134 0.39832 -0.0373307 0.0152878 -0.0318011 0.420799 0.370034 0.405254 -0.0383461 0.0115225 -0.0317232
0.486499 0.458583 0.46098 -0.017487 -0.0324073 -0.00188482 0.486674 0.469593 0.472349 -0.0198254 -0.0301031 0.0035296
0.447421 0.387954 0.402715 0.0128576 -0.000491052 -0.0352882 0.449739 0.393246 0.413958 0.0134594 -0.00291399 -0.0432313
0.417744 0.336591 0.379994 -0.00604029 -0.0170904 0.0112884 0.407984 0.341726 0.380022 -0.0122662 -0.0115208 0.0138574
0.449448 0.513279 0.440078 0.0017093 -0.0332343 -0.0299172 0.45288 0.515267 0.442991 -0.0132451 -0.0309982 -0.0307311
0.364884 0.421258 0.493285 0.00301957 -0.00891087 -0.00938138 0.365508 0.425342 0.494485 0.00239638 0.00418316 -0.0163212
0.440455 0.405559 0.430669 -0.0202317 -0.0108709 -0.0158552 0.445978 0.409694 0.427018 -0.0301133 -0.00738495 -0.0260281
0.416777 0.358953 0.441884 0.0233779 0.037029 -0.040574 0.41348 0.352254 0.434274 0.0228333 0.044718 -0.0374573
0.444756 0.388896 0.387236 0.0344635 0.011159 -0.00899796 0.441913 0.386659 0.390883 0.029703 0.0251255 -0.00672989
0.467153 0.499859 0.478321 -0.0438479 0.00299003 -0.00182313 0.461459 0.496764 0.491789 -0.0468247 0.0145941 -0.00609167
0.506349 0.621477 0.487823 0.0250088 0.00389026 0.0178415 0.511886 0.619125 0.483635 0.0219245 0.0168807 0.0176467
0.505769 0.483089 0.509785 0.047362 0.0163951 0.000913056 0.5126 0.495605 0.515486 0.0403159 0.00679579 0.00457754
0.457666 0.468293 0.442997 -0.00592153 -0.0382145 0.0241659 0.471124 0.472473 0.448868 -0.00766916 -0.0313196 0.0192235
0.451142 0.439869 0.40198 0.00486073 -0.0385459 -0.00489725 0.467336 0.446957 0.404581 0.00476166 -0.0407844 0.000465671
0.452241 0.407332 0.4636 0.020539 0.00999695 0.0543899 0.460218 0.400898 0.449966 0.0169888 0.012626 0.0547128
0.426496 0.39328 0.43383 -0.0419373 -0.00217923 0.0153406 0.445083 0.400996 0.443214 -0.0499949 -0.00672582 0.0172438
0.486037 0.443344 0.454158 -0.0526179 -0.00196211 -0.0146858 0.499476 0.446882 0.448508 -0.047705 -0.0130105 -0.0144109
0.454315 0.447492 0.478986 -0.0266793 0.04 0.045195 0.453179 0.45177 0.4781 -0.0256168 0.040128 0.046099
0.452091 0.430867 0.444838 -0.0317179 -0.0336639 0.0080248 0.456359 0.428385 0.442856 -0.0317537 -0.0327825 0.00807983
0.498883 0.42415 0.397029 0.0331019 -0.00972851 -0.0188286 0.497803 0.417281 0.390835 0.0301588 -0.00240576 -0.0126719
0.412136 0.434279 0.420163 -0.00169537 0.0146644 -0.0436625 0.410684 0.438268 0.423373 -0.00232603 0.020277 -0.0362753
0.427804 0.35285 0.400308 -0.0167733 -0.0661556 -0.0425906 0.433355 0.359671 0.402355 -0.0132808 -0.0613592 -0.0377653
0.442517 0.392959 0.495849 -0.0212908 0.0224395 -0.0392465 0.430757 0.393689 0.505054 -0.0242779 0.0245665 -0.0426957
0.522753 0.446892 0.581538 0.0279307 -0.00476705 0.0282494 0.512122 0.446255 0.578286 0.0242417 -0.00171864 0.0307368
0.448715 0.401374 0.437137 -0.0424027 0.00923957 -0.0173603 0.454532 0.3987 0.443928 -0.0439254 0.00814646 -0.0208365
0.48587 0.406022 0.45767 -0.013074 0.00973785 -0.0228359 0.495206 0.399635 0.466459 -0.0152428 0.00550806 -0.0283782
0.40976 0.411665 0.449235 0.0269663 -0.0164543 0.0236044 0.409966 0.412614 0.447323 0.0259103 -0.0157398 0.0268122
0.440253 0.415613 0.459395 0.00166098 -0.0408952 0.0019804 0.438219 0.419815 0.466068 -0.00710277 -0.033397 0.0037412
0.4563 0.391982 0.369531 -0.014126 -0.0350238 -0.00801105 0.45598 0.389634 0.386525 -0.0139735 -0.0297842 -0.00928088
0.509647 0.400188 0.460382 -0.0131179 -0.0251243 0.0192667 0.511934 0.41198 0.460957 -0.0101693 -0.0265485 0.0224282
0.412144 0.359346 0.400598 -0.0197953 0.0191463 0.0129012 0.401907 0.356422 0.401654 -0.0214863 0.0199587 0.0172934
0.336454 0.433622 0.404976 0.0298542 0.0518289 -0.0222102 0.325838 0.434839 0.393868 0.030475 0.0485165 -0.0255679
0.425499 0.431251 0.43575 -0.0232975 -0.0273568 -0.0253779 0.425209 0.436105 0.440555 -0.00674213 -0.0213253 -0.0290699
0.420099 0.44652 0.413729 -0.0141778 -0.0326059 -0.0122098 0.406738 0.440484 0.400644 -0.00151795 -0.0237232 -0.0195912
0.450786 0.441511 0.408953 -0.00924973 0.00678594 -0.0228985 0.457791 0.427964 0.408336 -0.00955828 0.00245516 -0.0279712
0.617145 0.520845 0.72595 -0.292836 0.162939 -0.197137 0.617166 0.523667 0.725763 -0.298269 0.157362 -0.197367
0.509492 0.447629 0.483975 0.0225372 -0.123691 0.119888 0.509941 0.462832 0.484906 0.0193631 -0.120371 0.115618
0.778995 0.576596 0.716843 -0.105811 -0.238235 0.315903 0.785123 0.572344 0.736852 -0.119461 -0.240382 0.32524
0.493214 0.53067 0.591693 0.247802 -0.199271 0.162928 0.510605 0.54355 0.594224 0.251475 -0.191089 0.158254
0.856046 0.869712 0.862675 0.453075 0.265343 0.207156 0.836354 0.863295 0.86777 0.451099 0.258893 0.22744
0.481377 0.581962 0.532419 0.0735893 -0.163189 -0.200915 0.491213 0.593123 0.533243 0.0716724 -0.165022 -0.200177
0.703328 0.627338 0.697696 -0.171932 -0.107779 0.23631 0.696068 0.621418 0.699333 -0.184953 -0.104967 0.252657
0.418602 0.472476 0.378483 0.0605193 0.00762445 0.126577 0.413968 0.480468 0.385694 0.0551343 0.00904489 0.127714
0.6539 0.739806 0.492704 -0.065212 -0.227951 -0.0513773 0.646578 0.741584 0.499701 -0.0626769 -0.217289 -0.0458232
0.736754 0.77569 0.636827 -0.0928108 -0.342616 0.329369 0.726805 0.777031 0.615871 -0.0968724 -0.342005 0.319866
0.512255 0.448325 0.569212 -0.0372908 -0.0278873 0.00728658 0.513591 0.453142 0.581157 -0.056578 -0.0387897 0.0170067
0.712427 0.518914 0.608145 0.0926737 -0.0702527 -0.104926 0.699537 0.514922 0.61953 0.117544 -0.0867119 -0.113126
0.710846 0.886782 0.902452 0.527027 -0.121677 0.0845633 0.727524 0.897878 0.903474 0.507388 -0.11485 0.0942329
0.3578 0.402099 0.380189 -0.00723115 0.0451203 0.232979 0.361558 0.393452 0.391262 0.00138416 0.0375404 0.228664
0.448373 0.480338 0.419389 -0.0953495 -0.146591 -0.0607812 0.464362 0.489569 0.430167 -0.0935728 -0.150541 -0.0594678
0.463666 0.503223 0.43592 -0.039578 -0.316976 -0.0752765 0.469095 0.497615 0.428782 -0.0320998 -0.308283 -0.0689004
0.486645 0.580587 0.653945 0.25166 0.0597711 0.0977492 0.484593 0.594949 0.673017 0.258155 0.0621976 0.0999039
0.635009 0.642109 0.771274 0.0963409 0.402494 0.214806 0.635408 0.63742 0.764431 0.0940839 0.399808 0.201613
0.46758 0.556725 0.567584 -0.0635051 -0.130408 -0.0731532 0.469086 0.548924 0.560924 -0.0518175 -0.123895 -0.0647554
0.524466 0.566127 0.405451 0.124578 0.171134 0.146034 0.508601 0.57415 0.390749 0.135736 0.155164 0.129023
0.346835 0.354337 0.357984 0.151523 0.242114 0.0423392 0.353773 0.365553 0.363541 0.1455 0.239491 0.0454981
0.422098 0.516547 0.457509 0.25192 -0.018397 0.0726993 0.431976 0.517587 0.46149 0.238768 -0.00891074 0.0664818
0.823311 0.725458 0.841767 0.237843 -0.115646 -0.00775444 0.814701 0.723197 0.821493 0.249268 -0.0950929 -0.00500261
0.332515 0.337003 0.3635 0.020787 -0.0878529 -0.0411396 0.331472 0.335143 0.364124 0.0338027 -0.0796434 -0.0335154
0.986524 0.942011 1.01157 0.0907136 0.119862 0.686479 0.992688 0.932643 1.01163 0.0933144 0.110695 0.685945
-0.172896 -0.174303 -0.171088 -2.67652e-08 -1.81034e-08 -1.06705e-08 -0.180569 -0.178382 -0.167294 0 -0 0
0.295686 0.292113 0.293079 -2.08491e-08 6.07047e-08 -1.98566e-08 0.298517 0.287291 0.295527 0 0 -0
0.351502 0.354128 0.354297 -3.1296e-08 -1.09016e-07 -8.51596e-08 0.345704 0.35287 0.353143 0 0 0
0.438765 0.442729 0.440246 -5.21567e-08 -9.40577e-09 -1.05073e-08 0.433446 0.436348 0.434995 0 0 0
0.247125 0.265719 0.248763 -4.87314e-09 -3.14035e-08 -2.95767e-08 0.245588 0.273361 0.242553 0 0 0
0.35209 0.352565 0.351786 -1.35956e-08 -3.10112e-08 -9.99854e-08 0.355295 0.339796 0.354877 0 0 -0
0.0868877 0.0827151 0.107718 1.09636e-08 -3.25869e-08 1.44748e-09 0.0774467 0.077032 0.114711 0 -0 0
-0.220892 -0.22738 -0.227545 8.87183e-09 6.71316e-08 -4.25385e-09 -0.2178 -0.240877 -0.240644 0 0 0
-0.0308927 -0.0365798 -0.0352263 -2.23407e-09 3.44521e-08 -1.29681e-08 -0.0272056 -0.0380904 -0.0420233 -0 0 0
0.42061 0.417413 0.416801 2.09093e-08 2.66554e-08 -8.5725e-08 0.408277 0.424523 0.419767 0 0 0
0.139773 0.13826 0.137305 -2.35175e-08 -2.64893e-08 1.08151e-08 0.142209 0.140022 0.134074 0 0 0
0.686615 0.688638 0.692435 -1.16933e-08 4.50908e-09 3.59072e-08 0.686432 0.681745 0.678839 0 0 0
-0.0598902 -0.0614438 -0.0592122 2.31199e-08 -1.27208e-08 -7.97487e-09 -0.0557185 -0.0569761 -0.0671373 0 0 0
0.484046 0.484108 0.485976 4.70058e-08 -3.52367e-08 -5.54323e-08 0.487039 0.491546 0.476499 -0 0 0
0.26954 0.272616 0.27021 6.89257e-09 -1.27404e-08 -1.82945e-08 0.268408 0.279831 0.27693 0 -0 0
0.463853 0.459775 0.459704 7.34271e-08 5.0392e-08 -8.25582e-08 0.46877 0.451829 0.456885 0 0 -0
0.622307 0.618296 0.618015 7.33117e-08 5.38761e-08 1.88272e-07 0.611581 0.619025 0.620789 0 0 0
0.145119 0.145229 0.151082 -2.23911e-08 -4.12956e-08 3.3441e-08 0.145583 0.14326 0.155804 0 0 0
0.106011 0.106495 0.107419 1.37117e-07 -6.12922e-08 -1.20753e-08 0.105374 0.108781 0.109133 0 0 0
0.132972 0.132924 0.131437 -3.58092e-08 2.26483e-08 -3.29355e-08 0.134989 0.134875 0.128525 -0 0 0
0.0730221 0.0695923 0.0687993 -1.6738e-09 4.53397e-08 1.93262e-08 0.0769395 0.0660744 0.0716078 0 0 0
0.602423 0.603199 0.606543 -4.30208e-08 -1.78911e-08 1.85474e-08 0.607063 0.601643 0.595968 0 0 0
0.0883781 0.0950888 0.109282 1.2608e-08 3.80811e-08 3.52743e-08 0.0879526 0.0833863 0.115451 0 0 -0
0.673474 0.677392 0.679291 9.20523e-09 -1.4636e-07 -1.42655e-08 0.677742 0.668661 0.667298 0 0 0
-0.172503 -0.173361 -0.172771 -5.81518e-09 -1.63594e-08 -1.1109e-08 -0.171204 -0.174475 -0.178621 0 0 0
0.0618402 0.0185811 0.0348702 0.00438077 0.00834381 0.0170797 0.0589898 0.00687377 0.0314435 0.0105006 0.00748173 0.012436
0.0404251 0.0177603 0.0215364 -0.00887397 0.00533819 -0.0141513 0.0418313 0.00548645 0.014592 0.0012484 0.00383685 -0.0121875
0.017579 0.0172972 0.0358325 -0.0111307 0.0129982 0.00558599 0.00800546 0.0187456 0.0279598 -0.00737083 0.0124776 0.00677049
0.0224876 0.0381102 0.0322859 -0.0149764 0.0021225 0.00425447 0.02106 0.0301729 0.0247506 -0.0046167 0.00201469 0.00753012
0.0189324 0.0134473 0.0123853 0.00985726 0.0273793 0.000407371 0.0224803 0.00759204 0.00664796 0.0163148 0.0282773 -0.00471497
0.00490693 -0.0111462 0.0264379 -0.0148265 -0.0102418 0.0103875 0.000295988 -0.0127507 0.0188854 -0.00950827 -0.0075546 0.013716
0.0451362 0.022894 0.0342225 0.00031988 0.00629545 0.00106525 0.044642 0.0212311 0.0261276 0.0125274 0.00905799 -1.9321e-05
0.0139481 0.0171798 0.0373013 0.0105022 0.00979029 0.0201256 0.010757 0.00746204 0.0293294 0.0158106 0.0133363 0.022473
0.0362468 0.00663016 0.0244283 -0.00129611 0.0162614 0.0181647 0.034228 0.00147444 0.0204877 0.00809497 0.019215 0.0166585
0.0151881 0.0162045 0.0192803 0.0183048 0.000190079 0.0096655 0.011399 0.0102531 0.0136956 0.0218155 -0.00190062 0.00915164
0.037033 0.0491992 0.0201233 0.00580662 0.00302363 0.0060921 0.0368725 0.0497764 0.00734068 -0.000555864 -0.00249747 0.0117462
0.0130278 0.0298056 -0.0190893 0.00310473 -0.017701 -0.0071247 0.0137578 0.0357153 -0.0235905 0.0027562 -0.0158409 -0.00752938
0.060035 0.0675855 0.0361258 -0.00532968 -0.00418315 0.0207681 0.0546604 0.0593723 0.0179874 -0.00562738 -0.00599673 0.0284289
0.0611371 0.0198595 0.0385188 -0.00868012 -0.00299447 -0.0021742 0.062073 0.0236732 0.0335825 -0.0163966 -0.0114124 0.000507747
0.0695091 0.0764191 0.0524213 0.00602273 -0.00766685 0.0106902 0.0659975 0.0762861 0.0394346 -0.00208636 -0.0099196 0.0116669
0.0347292 -0.00278617 0.00830484 -0.029416 -0.00199522 -0.0222819 0.0328336 0.00685565 -0.00126772 -0.0298 0.00183991 -0.0204346
0.0406888 0.0205189 -0.000687444 0.0162 0.0123164 -0.00539037 0.0294669 0.0276381 -0.0177429 0.01374 0.0100376 -0.00692182
0.0128749 -0.00327882 -0.0250789 -0.018524 0.00972195 -0.000485094 0.0082737 0.00793383 -0.0243486 -0.0167428 0.0095742 -0.00548839
0.005016 0.0406023 0.0120821 0.00974444 -0.0265838 0.00319681 -0.00159426 0.0431426 0.00590086 0.00328645 -0.0304928 0.00170179
0.00456586 0.0475715 0.0056605 0.00757502 0.00300816 0.0004592 -0.00159849 0.0512565 -0.00376784 -0.000330802 0.00354043 0.00687404
-0.00117521 -0.00918582 -0.0118644 -0.0105341 0.0144117 0.0184591 -0.00809089 -0.00696787 -0.0129518 -0.00982571 0.0161883 0.0204187
-0.0182334 0.0112176 -0.0126375 -0.0351143 0.00638309 0.0069805 -0.0158464 0.00726324 0.00153506 -0.0390613 0.00422988 0.0120871
0.0107683 -0.00721191 -0.0334188 -0.0310096 -0.0229159 -0.00109334 0.0184413 -0.00346614 -0.0276514 -0.0388461 -0.0172206 0.00504358
-0.0105772 -0.0219651 -0.0352354 0.0192071 -0.0173735 -0.00337698 -0.0116021 -0.0136703 -0.0456799 0.0191284 -0.0155466 -0.0020971
0.00457592 -0.0103375 0.0224247 -0.0162805 0.0250305 -0.0179071 0.00717713 0.00469982 0.0227665 -0.00823105 0.0166307 -0.0197132
0.00423225 0.00650848 0.00898099 -0.0235711 0.00635274 0.0221811 0.00295694 0.00427938 0.00923293 -0.0272297 0.00158747 0.029684
-0.00543007 -0.00725284 0.0265067 -0.0123556 -0.0135096 -0.0104093 -0.00808111 0.00187596 0.0339569 -0.0123669 -0.0148798 -0.00559438
-0.0306347 -0.0057529 -0.0390679 0.0167909 -0.00493504 0.0322483 -0.0339301 -0.0102894 -0.0416294 0.0205274 -0.00283731 0.0313291
-0.00259485 -0.0189761 -0.0208022 0.00897985 0.00912487 -0.00205674 -0.00448071 -0.0113041 -0.00480401 0.00335049 0.00305006 0.00145935
0.0278825 0.00142959 -0.016059 0.00805568 0.0120777 0.0201052 0.0359829 -4.78395e-06 -0.00260512 0.00297469 0.0056904 0.017887
0.0116867 -0.0157458 0.00427725 -0.0246068 -0.000796627 -0.0465827 0.0112759 -0.0167811 0.0109463 -0.0222157 -0.00790349 -0.0462465
-0.0208155 -0.0641695 -0.0171516 0.0158485 0.00204847 -0.0170502 -0.0155415 -0.0659603 -0.0100511 0.0137789 -0.00573306 -0.0170389
-0.032332 -0.0408152 -0.0463449 -0.0241959 0.00311068 -0.00596338 -0.0449921 -0.03348 -0.0437763 -0.0229574 0.0059187 -0.00718593
-0.0152405 0.0137882 -0.077523 0.000459335 -0.00719556 0.00401216 -0.00939586 0.0276563 -0.0779335 0.00480454 -0.00370525 0.00931762
-0.000655707 -0.0535098 -0.0228194 0.00340414 0.0130089 -0.00594151 0.00781809 -0.0580479 -0.0163735 0.00320346 0.00812574 -0.00400725
0.00655699 -0.04825 0.0168567 0.00285972 0.0259746 -0.0205411 -0.000916636 -0.0398777 0.0128827 -1.7284e-05 0.030324 -0.0222268
0.010662 -0.0380293 -0.0484675 0.0416384 -0.00308917 0.0159501 0.00353105 -0.0339527 -0.0395275 0.0465723 -0.00855383 0.0132847
-0.0311088 -0.0424199 0.00179864 -0.00436015 0.0180962 -0.0235892 -0.0256402 -0.0337501 0.0115559 0.00111812 0.00983293 -0.0235534
-0.0480137 -0.0456252 -0.0140517 -0.0178984 0.000182639 -0.00557624 -0.0444696 -0.0331845 -0.00512031 -0.0181285 0.00939793 0.00227509
0.00707026 -0.0168786 -0.0209397 0.0233164 0.0232142 0.00465719 0.0122911 -0.0145377 -0.0175768 0.0231096 0.0282186 -0.00681895
-0.0630131 -0.0601988 -0.0627696 -0.00427174 0.0123099 0.0122717 -0.0615946 -0.0581871 -0.0521398 -0.00697312 0.013734 0.0162102
-0.0184073 -0.022964 -0.0385553 -0.0467777 0.025523 0.00700958 -0.0139724 -0.0224233 -0.033275 -0.0386177 0.0255622 0.00775867
-0.0791367 -0.085508 -0.0744428 -0.0294827 -0.00361793 -0.0205787 -0.0711567 -0.0847544 -0.0706285 -0.0292126 -0.00696725 -0.030828
-0.056436 -0.0968011 -0.0740273 -0.000553431 0.00959056 0.000649443 -0.0462549 -0.082917 -0.0692941 0.00321515 0.00461793 -0.00892309
-0.0649019 -0.0109491 -0.049631 -0.000968501 -0.0154286 0.0127676 -0.059473 -0.00917052 -0.0466552 -0.00155401 -0.0197984 0.0193471
-0.0525201 -0.058806 -0.0649889 0.00701852 0.0197789 0.0140371 -0.0425927 -0.0546525 -0.0596395 0.0129505 0.0299786 0.00191287
-0.0100503 -0.0623527 -0.0423229 -0.0119933 0.00461031 -0.00538628 -0.0091316 -0.0582795 -0.0371293 -0.00684244 -0.00184333 -0.00708839
-0.0989457 -0.133467 -0.0583681 -0.0256587 -0.00973643 -0.0161102 -0.0976726 -0.130068 -0.0476364 -0.0219824 -0.00536225 -0.0163311
-0.0627353 -0.0207392 -0.0940604 0.0147114 -0.00480672 0.0199833 -0.053798 -0.0103526 -0.0966905 0.00627216 -0.00859679 0.0173787
-0.032396 -0.0203329 -0.000417398 0.010274 -0.0341128 0.00234389 -0.0365791 -0.0193383 -0.00234843 0.00811361 -0.0259255 0.00215509
0.0354238 -0.0397774 -0.0250393 0.0363708 0.0107649 0.033167 0.0315991 -0.0407389 -0.0239172 0.0372939 0.0170623 0.0399379
-0.102834 -0.104607 -0.082994 0.0218603 0.0138543 0.0285275 -0.0982314 -0.104362 -0.0844532 0.0167847 0.0194419 0.0320552
-0.0911131 -0.105673 -0.118684 0.00569914 -0.0039385 -0.0240923 -0.0764505 -0.103682 -0.119289 0.0125451 0.00913142 -0.0215874
-0.124558 -0.159765 -0.124676 0.0157471 0.0323488 -0.00472529 -0.121005 -0.155259 -0.128729 0.012803 0.0373716 -0.00949386
-0.0682299 -0.0253623 -0.0980174 -0.0703484 -0.0187071 -0.0177947 -0.0627573 -0.0427374 -0.0955433 -0.0726768 -0.0103589 -0.0103661
-0.0609988 -0.0307917 -0.0412632 0.0161445 0.0116723 -0.0190226 -0.051714 -0.0270242 -0.0422779 0.0120276 0.00906463 -0.0204198
-0.0442907 -0.0917123 -0.0511318 -0.00608699 -0.0106695 -0.000491818 -0.0464483 -0.0883288 -0.0451871 -0.008705 -0.0119071 -0.00804213
-0.087658 -0.142415 -0.127901 -0.0405259 -0.0272998 0.0149206 -0.0862865 -0.135133 -0.134606 -0.0396731 -0.0277632 0.0193626
-0.102118 -0.115183 -0.109713 0.0666837 0.00389998 0.00696744 -0.097168 -0.107299 -0.101869 0.0628973 0.00551676 0.0116084
-0.10554 -0.109195 -0.078613 -0.0102119 0.0180934 0.0168807 -0.0976177 -0.0985034 -0.0849998 -0.00319481 0.0253124 0.0225834
-0.144783 -0.112028 -0.125546 -0.00344257 -0.00992063 0.0362989 -0.149075 -0.12241 -0.128136 0.000764105 -0.00835651 0.0383102
-0.134374 -0.142581 -0.160801 -0.00526171 -0.00395987 -0.0201199 -0.137398 -0.148749 -0.161613 -0.0103903 -0.0034084 -0.0173139
-0.0596683 -0.0793285 -0.101965 0.00722676 -0.0119616 -0.0521288 -0.0627407 -0.0824413 -0.0998809 0.00216605 -0.0106328 -0.0595544
-0.0582706 -0.0964879 -0.116295 0.00101633 -0.0201539 0.00864416 -0.0522292 -0.0978895 -0.116938 -0.00169315 -0.0317363 0.0117735
-0.109422 -0.0476233 -0.053515 0.052668 -0.0476856 0.0276215 -0.113055 -0.0478672 -0.055598 0.0555473 -0.0499502 0.0256529
-0.124966 -0.160408 -0.132847 -0.0306006 0.00953573 -0.0120172 -0.130505 -0.163601 -0.121842 -0.021273 0.0147398 -0.0105468
-0.177123 -0.184856 -0.189861 0.00919009 0.0226475 0.000234516 -0.186758 -0.176423 -0.184392 0.00472222 0.0216104 -0.00609488
-0.159701 -0.139051 -0.158605 -0.0248239 0.013683 0.00680268 -0.159005 -0.133997 -0.154103 -0.0274713 0.0212327 0.00269574
-0.121711 -0.0756938 -0.14882 -0.0246731 0.0177268 -0.0043576 -0.122617 -0.0695567 -0.142957 -0.0306701 0.0210315 -0.0112802
-0.0536089 -0.117602 -0.133502 -0.0251033 0.0290591 0.0121102 -0.0549875 -0.119837 -0.125124 -0.0251728 0.033267 0.0204937
-0.105183 -0.120518 -0.110537 -0.0309271 0.00567125 0.0341914 -0.106177 -0.120741 -0.105228 -0.0325649 0.00486306 0.0400757
-0.102108 -0.108264 -0.124441 -0.00298832 0.0502686 -0.0122828 -0.0957208 -0.116043 -0.117 -0.00730077 0.0514701 -0.0148898
-0.0735267 -0.1251 -0.123021 -0.0087636 0.00934896 0.0304178 -0.0755487 -0.122246 -0.127714 -0.00967707 0.019948 0.0304683
-0.0990214 -0.0950823 -0.118588 0.00982515 0.0092778 -0.0273636 -0.0939652 -0.096089 -0.115513 0.00396235 0.0106531 -0.033116
-0.110635 -0.0819012 -0.0969369 -0.00159611 0.0108571 0.00897141 -0.118866 -0.0817173 -0.0926 -0.000605926 0.0059875 0.00191275
-0.113017 -0.0998504 -0.11267 0.00652524 -0.0185419 0.00892936 -0.109459 -0.0987809 -0.109453 0.00627491 -0.0248546 0.0127736
-0.127999 -0.11847 -0.136093 -0.0260103 -0.00496032 0.0035041 -0.138115 -0.113039 -0.128209 -0.0283837 -0.00631293 0.0115581
-0.101975 -0.167869 -0.0848858 0.0518837 -0.00242917 0.00137541 -0.0998301 -0.165629 -0.0828882 0.0565148 0.0107544 0.00488546
-0.0849499 -0.179447 -0.125725 0.0200195 0.0281707 0.0303127 -0.0879805 -0.184763 -0.122978 0.024135 0.0281468 0.028348
-0.0679427 -0.076833 -0.0893287 0.00833942 -0.0198929 -0.0150901 -0.0608561 -0.0693584 -0.103801 0.0190128 -0.0208477 -0.0171945
-0.0589635 -0.073344 -0.0614875 -0.00860603 -0.0197593 0.0134766 -0.0526782 -0.0652453 -0.0836053 -0.00318254 -0.0221306 0.00580778
-0.0830138 -0.0280603 -0.0807108 0.0279591 0.0056805 6.14026e-05 -0.0734231 -0.0155524 -0.0943847 0.0313115 0.0068789 -0.00369346
-0.0657718 -0.0613234 -0.0361636 -0.0122525 0.03269 0.0110093 -0.0540392 -0.050038 -0.0543705 -0.00938639 0.035995 0.0131634
-0.0383638 -0.02738 -0.0670825 -0.00582296 -0.0134058 -0.00981424 -0.031921 -0.0141516 -0.0787643 -0.00871024 -0.0163446 -0.0144784
-0.0571494 -0.0577256 -0.0420876 -0.0151643 -0.0172166 0.017019 -0.0469187 -0.0495752 -0.0571619 -0.0261446 -0.0184393 0.0221124
-0.0388067 -0.0402585 -0.0506915 0.0131095 -0.00335018 0.0268526 -0.0288217 -0.0323493 -0.0570982 0.00899315 -0.00916729 0.0289138
-0.0885599 -0.0971612 -0.084116 -0.00619146 -0.0229029 -0.012536 -0.0829756 -0.0843331 -0.0987348 -0.00964671 -0.0160315 -0.0159609
-0.0396649 -0.086257 -0.0728264 -0.0206983 -0.0300496 -0.00222798 -0.0313403 -0.0831655 -0.0866696 -0.0218483 -0.0346473 -0.00384761
-0.0671853 -0.0816193 -0.0762486 -0.00130229 0.00447638 -0.00383696 -0.0581441 -0.0750213 -0.0879067 0.00296839 0.00205503 -0.00806948
-0.0654805 -0.0429864 -0.0230447 -0.00358633 0.00353471 -0.00917278 -0.0505039 -0.038622 -0.0365201 0.000119765 0.000661258 -0.0121731
-0.0630904 -0.0835333 -0.0500801 0.0109448 -0.000852296 -0.00171291 -0.0534149 -0.0837075 -0.0604759 0.00337012 -0.00628669 0.00324294
-0.0577979 -0.0496074 -0.0577283 0.0061816 0.0210944 0.00527691 -0.0437793 -0.0412955 -0.0717154 0.0122682 0.0212648 0.0047072
-0.0384022 -0.0509924 -0.0608225 -0.0113402 -0.0155676 -0.00123628 -0.0270905 -0.0332534 -0.0852488 -0.0131154 -0.0187126 0.00696146
-0.0807429 -0.0956157 -0.0627557 0.00111284 -0.0115223 -0.0230608 -0.0646972 -0.0816633 -0.0715811 0.00198059 -0.0102634 -0.0252649
-0.105933 -0.0527901 -0.0639783 0.00123931 0.0348997 -0.00814198 -0.0975364 -0.039704 -0.0755421 0.000252215 0.0392077 -0.00682149
-0.0734404 -0.0609915 -0.0882299 -0.00726727 0.00631563 -0.0215229 -0.0612711 -0.0519991 -0.095697 -0.00440956 0.000431493 -0.0219118
-0.0288818 -0.00698853 -0.0389417 0.00853283 0.0042663 0.00439378 -0.0172193 -0.00230503 -0.0510868 0.00884898 0.00445274 0.000348792
-0.0750235 -0.0305415 -0.0407581 0.00558601 -0.00867051 0.00432793 -0.0651707 -0.018211 -0.0572321 0.0102285 -0.0138297 -0.0013894
-0.0695167 -0.0609334 -0.0722591 0.0228955 -0.00963585 0.010098 -0.0528861 -0.053936 -0.0905693 0.0204531 -0.00257836 0.00979148
0.533419 0.471233 0.485479 0.00968114 0.0442105 -0.0510438 0.538544 0.465549 0.480832 0.00834161 0.045554 -0.0515612
